F3 run `token_ring_0003`

	Found non-termination argument:
	State 4
		_EL_U_325 = True
		st0_l = True
		st0_req_time = 10.0
		mgr_l = True
		st2_l = True
		st1_evt1 = True
		_J389 = True
		st1_evt0 = False
		_J383 = True
		st0_evt1 = True
		_J376 = True
		st0_evt0 = False
		_J370 = True
		st2_evt1 = False
		_J362 = True
		st2_evt0 = False
		_J356 = True
		st1_l = True
		mgr_evt1 = False
		_EL_U_315 = True
		mgr_evt0 = False
		_EL_U_317 = False
		_EL_X_282 = False
		st1_req_time = 10.0
		_EL_U_319 = True
		_EL_U_321 = False
		_EL_U_323 = False
		(mgr_c <= 0.0)
		(delta = 0.0)
		(_diverge_delta < 1.0)
		((-1.0 * st2_req_time) < 0.0)
		((-1.0 * tot_transm_time) <= -10.0)
		((delta + _diverge_delta) < 1.0)
		(((-1.0 * mgr_timeout) + mgr_c) <= 0.0)
		((-1.0 * mgr_timeout) <= 0.0)
		((((-1.0 * _diverge_delta) + (delta * 1/8) + mgr_timeout + tot_transm_time + -6.0) - ((st2_req_time * 1/2) + (mgr_c * 1/2))) <= 0.0)
	Trans 4 -- 5
		_x_st2_req_time = st2_req_time
		_x_mgr_timeout = st2_req_time
		_x_mgr_c = 0.0
		_x__diverge_delta = (delta + _diverge_delta)
		_x_tot_transm_time = tot_transm_time
		_x_delta = ((st2_req_time * 3/4) + (_diverge_delta * 1/4) + (delta * 1/4) + (-1.0 * mgr_timeout) + (tot_transm_time * 1/8) + (mgr_c * 1/4) + -5.0)
	State 5
		_EL_U_325 = True
		st0_l = True
		st0_req_time = 10.0
		mgr_l = False
		st2_l = False
		st1_evt1 = True
		_J389 = False
		st1_evt0 = False
		_J383 = False
		st0_evt1 = True
		_J376 = False
		st0_evt0 = False
		_J370 = False
		st2_evt1 = True
		_J362 = False
		st2_evt0 = False
		_J356 = False
		st1_l = True
		mgr_evt1 = True
		_EL_U_315 = True
		mgr_evt0 = False
		_EL_U_317 = False
		_EL_X_282 = False
		st1_req_time = 10.0
		_EL_U_319 = True
		_EL_U_321 = False
		_EL_U_323 = False
		((-1.0 * delta) <= 0.0)
		(((-1.0 * mgr_c) + (-1.0 * delta)) < 0.0)
		(((-1.0 * mgr_timeout) + mgr_c + delta) <= 0.0)
		(((-1.0 * mgr_c) + (-1.0 * tot_transm_time) + (-1.0 * delta)) <= -10.0)
		(((-1.0 * _diverge_delta) + (-1.0 * delta)) <= -1.0)
	Trans 5 -- 6
		_x_delta = 0.0
		_x_mgr_c = (mgr_c + delta)
		_x_st2_req_time = st2_req_time
		_x__diverge_delta = (delta + _diverge_delta)
		_x_mgr_timeout = mgr_timeout
		_x_tot_transm_time = tot_transm_time
	State 6
		_EL_U_325 = True
		st0_l = True
		st0_req_time = 10.0
		mgr_l = False
		st2_l = False
		st1_evt1 = True
		_J389 = True
		st1_evt0 = False
		_J383 = False
		st0_evt1 = True
		_J376 = True
		st0_evt0 = False
		_J370 = False
		st2_evt1 = False
		_J362 = True
		st2_evt0 = True
		_J356 = True
		st1_l = True
		mgr_evt1 = False
		_EL_U_315 = True
		mgr_evt0 = True
		_EL_U_317 = False
		_EL_X_282 = True
		st1_req_time = 10.0
		_EL_U_319 = True
		_EL_U_321 = False
		_EL_U_323 = False
	Trans 6 -- 7
		_x_delta = 0.0
		_x_mgr_c = 0.0
		_x_mgr_timeout = 0.0
		_x_tot_transm_time = (mgr_c + tot_transm_time)
		_x__diverge_delta = delta
		_x_st2_req_time = ((st2_req_time * 3.0) + (_diverge_delta * 1/2) + (mgr_timeout * 1/2) + (tot_transm_time * 2.0) + (mgr_c * 1/4) + -19.0)
	starting from: st0_l : True, _diverge_delta : 0.0, delta : 0.0, st0_req_time : 10.0, tot_transm_time : 10.0, mgr_l : True, mgr_c : 0.0, st1_evt1 : True, _J389 : True, st1_evt0 : False, _J383 : True, st0_evt1 : True, _J376 : True, st0_evt0 : False, _J370 : True, st2_evt1 : False, _J362 : True, st2_evt0 : False, _J356 : True, st1_l : True, mgr_evt1 : False, _EL_U_315 : True, mgr_evt0 : False, _EL_U_317 : False, _EL_X_282 : False, _EL_U_319 : True, _EL_U_321 : False, st1_req_time : 10.0, _EL_U_323 : False, _EL_U_325 : True, st2_l : True, st2_req_time : 10.0, mgr_timeout : 0.0

end of `token_ring_0003`: SUCCESS in 35.254995584487915s
