F3 run `token_ring_0019`

	Found non-termination argument:
	State 4
		_diverge_delta = 0.0
		delta = 0.0
		mgr_timeout = 0.0
		mgr_c = 0.0
		_J1637 = True
		_J1631 = True
		st16_l = True
		_J1624 = True
		st10_l = True
		_J1618 = True
		_J1610 = True
		_J1604 = True
		st4_l = True
		_EL_U_1563 = True
		st16_req_time = 10.0
		_EL_U_1565 = False
		st10_req_time = 10.0
		_EL_X_1530 = False
		_EL_U_1567 = True
		mgr_l = True
		st4_req_time = 10.0
		_EL_U_1569 = False
		_EL_U_1571 = False
		st1_evt1 = True
		_EL_U_1573 = True
		st1_evt0 = False
		st0_evt1 = True
		st0_evt0 = False
		st2_evt1 = True
		st2_evt0 = False
		st17_l = True
		st3_evt1 = True
		st3_evt0 = False
		st11_l = True
		st4_evt1 = True
		st4_evt0 = False
		st5_l = True
		st17_req_time = 10.0
		st5_evt1 = True
		st5_evt0 = False
		st11_req_time = 10.0
		st6_evt1 = True
		st6_evt0 = False
		st5_req_time = 10.0
		st7_evt1 = True
		st7_evt0 = False
		st8_evt1 = True
		st8_evt0 = False
		st9_evt1 = True
		st9_evt0 = False
		st10_evt1 = True
		st10_evt0 = False
		st11_evt1 = True
		st18_l = True
		st11_evt0 = False
		st12_l = True
		st12_evt1 = True
		st12_evt0 = False
		st6_l = True
		st13_evt1 = True
		st0_l = True
		st13_evt0 = False
		st14_evt1 = True
		st12_req_time = 10.0
		st14_evt0 = False
		st6_req_time = 10.0
		st15_evt1 = True
		st15_evt0 = False
		st0_req_time = 10.0
		st16_evt1 = True
		st16_evt0 = False
		st17_evt1 = True
		st17_evt0 = False
		st18_evt1 = False
		st18_evt0 = False
		mgr_evt1 = False
		mgr_evt0 = False
		st13_l = True
		st7_l = True
		st1_l = True
		st13_req_time = 10.0
		st7_req_time = 1.0
		st1_req_time = 10.0
		st14_l = True
		st8_l = True
		st2_l = True
		st14_req_time = 10.0
		st8_req_time = 1.0
		st2_req_time = 10.0
		st15_l = True
		st9_l = True
		st3_l = True
		st15_req_time = 10.0
		st9_req_time = 1.0
		st3_req_time = 10.0
		((-1.0 * st18_req_time) < 0.0)
		((-1.0 * tot_transm_time) <= -9.0)
		((-1.0 * tot_transm_time) <= -8.0)
		((-1.0 * tot_transm_time) <= -10.0)
		(st18_req_time = 1.0)
		((((-1.0 * st18_req_time) + 449/99) - (tot_transm_time * 35/99)) <= 0.0)
	Trans 4 -- 5
		_x_tot_transm_time = tot_transm_time
		_x_st18_req_time = st18_req_time
	State 5
		_diverge_delta = 0.0
		delta = 1.0
		mgr_timeout = 1.0
		mgr_c = 0.0
		_J1637 = False
		_J1631 = False
		st16_l = True
		_J1624 = False
		st10_l = True
		_J1618 = False
		_J1610 = False
		_J1604 = False
		st4_l = True
		_EL_U_1563 = True
		st16_req_time = 10.0
		_EL_U_1565 = False
		st10_req_time = 10.0
		_EL_X_1530 = False
		_EL_U_1567 = True
		mgr_l = False
		st4_req_time = 10.0
		_EL_U_1569 = False
		_EL_U_1571 = False
		st1_evt1 = True
		_EL_U_1573 = True
		st1_evt0 = False
		st0_evt1 = True
		st0_evt0 = False
		st2_evt1 = True
		st2_evt0 = False
		st17_l = True
		st3_evt1 = True
		st3_evt0 = False
		st11_l = True
		st4_evt1 = True
		st4_evt0 = False
		st5_l = True
		st17_req_time = 10.0
		st5_evt1 = True
		st5_evt0 = False
		st11_req_time = 10.0
		st6_evt1 = True
		st6_evt0 = False
		st5_req_time = 10.0
		st7_evt1 = True
		st7_evt0 = False
		st8_evt1 = True
		st8_evt0 = False
		st9_evt1 = True
		st9_evt0 = False
		st10_evt1 = True
		st10_evt0 = False
		st11_evt1 = True
		st18_l = False
		st11_evt0 = False
		st12_l = True
		st12_evt1 = True
		st12_evt0 = False
		st6_l = True
		st13_evt1 = True
		st0_l = True
		st13_evt0 = False
		st14_evt1 = True
		st12_req_time = 10.0
		st14_evt0 = False
		st6_req_time = 10.0
		st15_evt1 = True
		st15_evt0 = False
		st0_req_time = 10.0
		st16_evt1 = True
		st16_evt0 = False
		st17_evt1 = True
		st17_evt0 = False
		st18_evt1 = True
		st18_evt0 = False
		mgr_evt1 = True
		mgr_evt0 = False
		st13_l = True
		st7_l = True
		st1_l = True
		st13_req_time = 10.0
		st7_req_time = 1.0
		st1_req_time = 10.0
		st14_l = True
		st8_l = True
		st2_l = True
		st14_req_time = 10.0
		st8_req_time = 1.0
		st2_req_time = 10.0
		st15_l = True
		st9_l = True
		st3_l = True
		st15_req_time = 10.0
		st9_req_time = 1.0
		st3_req_time = 10.0
	Trans 5 -- 6
		_x_tot_transm_time = tot_transm_time
		_x_st18_req_time = st18_req_time
	State 6
		_diverge_delta = 1.0
		delta = 0.0
		mgr_timeout = 1.0
		mgr_c = 1.0
		_J1637 = True
		_J1631 = False
		st16_l = True
		_J1624 = True
		st10_l = True
		_J1618 = False
		_J1610 = True
		_J1604 = True
		st4_l = True
		_EL_U_1563 = True
		st16_req_time = 10.0
		_EL_U_1565 = False
		st10_req_time = 10.0
		_EL_X_1530 = True
		_EL_U_1567 = True
		mgr_l = False
		st4_req_time = 10.0
		_EL_U_1569 = False
		_EL_U_1571 = False
		st1_evt1 = True
		_EL_U_1573 = True
		st1_evt0 = False
		st0_evt1 = True
		st0_evt0 = False
		st2_evt1 = True
		st2_evt0 = False
		st17_l = True
		st3_evt1 = True
		st3_evt0 = False
		st11_l = True
		st4_evt1 = True
		st4_evt0 = False
		st5_l = True
		st17_req_time = 10.0
		st5_evt1 = True
		st5_evt0 = False
		st11_req_time = 10.0
		st6_evt1 = True
		st6_evt0 = False
		st5_req_time = 10.0
		st7_evt1 = True
		st7_evt0 = False
		st8_evt1 = True
		st8_evt0 = False
		st9_evt1 = True
		st9_evt0 = False
		st10_evt1 = True
		st10_evt0 = False
		st11_evt1 = True
		st18_l = False
		st11_evt0 = False
		st12_l = True
		st12_evt1 = True
		st12_evt0 = False
		st6_l = True
		st13_evt1 = True
		st0_l = True
		st13_evt0 = False
		st14_evt1 = True
		st12_req_time = 10.0
		st14_evt0 = False
		st6_req_time = 10.0
		st15_evt1 = True
		st15_evt0 = False
		st0_req_time = 10.0
		st16_evt1 = True
		st16_evt0 = False
		st17_evt1 = True
		st17_evt0 = False
		st18_evt1 = False
		st18_evt0 = True
		mgr_evt1 = False
		mgr_evt0 = True
		st13_l = True
		st7_l = True
		st1_l = True
		st13_req_time = 10.0
		st7_req_time = 1.0
		st1_req_time = 10.0
		st14_l = True
		st8_l = True
		st2_l = True
		st14_req_time = 10.0
		st8_req_time = 1.0
		st2_req_time = 10.0
		st15_l = True
		st9_l = True
		st3_l = True
		st15_req_time = 10.0
		st9_req_time = 1.0
		st3_req_time = 10.0
	Trans 6 -- 7
		_x_tot_transm_time = (tot_transm_time + 1.0)
		_x_st18_req_time = 1.0
	starting from: _J1637 : True, _diverge_delta : 0.0, _J1631 : True, delta : 0.0, _J1624 : True, st10_l : True, _J1618 : True, _J1610 : True, _J1604 : True, _EL_U_1563 : True, _EL_U_1565 : False, st10_req_time : 10.0, _EL_X_1530 : False, tot_transm_time : 10.0, mgr_l : True, _EL_U_1567 : True, _EL_U_1569 : False, _EL_U_1571 : False, mgr_c : 0.0, st1_evt1 : True, _EL_U_1573 : True, st1_evt0 : False, st0_evt1 : True, st0_evt0 : False, st2_evt1 : True, st2_evt0 : False, st3_evt1 : True, st3_evt0 : False, st11_l : True, st4_evt1 : True, st4_evt0 : False, st5_evt1 : True, st5_evt0 : False, st11_req_time : 10.0, st6_evt1 : True, st6_evt0 : False, st7_evt1 : True, st7_evt0 : False, mgr_timeout : 0.0, st8_evt1 : True, st8_evt0 : False, st9_evt1 : True, st9_evt0 : False, st10_evt1 : True, st10_evt0 : False, st11_evt1 : True, st11_evt0 : False, st12_l : True, st12_evt1 : True, st12_evt0 : False, st13_evt1 : True, st0_l : True, st13_evt0 : False, st14_evt1 : True, st12_req_time : 10.0, st14_evt0 : False, st15_evt1 : True, st15_evt0 : False, st0_req_time : 10.0, st16_evt1 : True, st16_evt0 : False, st17_evt1 : True, st17_evt0 : False, st18_evt1 : False, st18_evt0 : False, mgr_evt1 : False, mgr_evt0 : False, st13_l : True, st1_l : True, st13_req_time : 10.0, st1_req_time : 10.0, st14_l : True, st2_l : True, st14_req_time : 10.0, st2_req_time : 10.0, st15_l : True, st3_l : True, st15_req_time : 10.0, st3_req_time : 10.0, st16_l : True, st4_l : True, st16_req_time : 10.0, st4_req_time : 10.0, st17_l : True, st5_l : True, st17_req_time : 10.0, st5_req_time : 10.0, st18_l : True, st6_l : True, st18_req_time : 1.0, st6_req_time : 10.0, st7_l : True, st7_req_time : 1.0, st8_l : True, st8_req_time : 1.0, st9_l : True, st9_req_time : 1.0

end of `token_ring_0019`: SUCCESS in 3.9053215980529785s
