F3 run `token_ring_0025`

	Found non-termination argument:
	State 4
		st21_l = True
		st15_l = True
		mgr_l = True
		st9_l = True
		st21_req_time = 1.0
		st3_l = True
		st23_req_time = 1.0
		st15_req_time = 1.0
		st9_req_time = 1.0
		st1_evt1 = True
		st1_evt0 = False
		st3_req_time = 1.0
		st0_evt1 = False
		st0_evt0 = False
		st2_evt1 = True
		st2_evt0 = False
		st3_evt1 = True
		st3_evt0 = False
		st4_evt1 = True
		st4_evt0 = False
		st22_l = True
		st5_evt1 = True
		st5_evt0 = False
		st16_l = True
		st6_evt1 = True
		st6_evt0 = False
		st10_l = True
		st22_req_time = 1.0
		st7_evt1 = True
		st4_l = True
		st7_evt0 = False
		st16_req_time = 1.0
		st8_evt1 = True
		st8_evt0 = False
		st10_req_time = 1.0
		st9_evt1 = True
		st4_req_time = 1.0
		st9_evt0 = False
		st11_l = True
		st10_evt1 = True
		st10_evt0 = False
		st11_evt1 = True
		st11_evt0 = False
		_J2237 = True
		st12_evt1 = True
		_J2231 = True
		st12_evt0 = False
		_J2224 = True
		_J2218 = True
		st13_evt1 = True
		_J2210 = True
		st13_evt0 = False
		_J2204 = True
		st23_l = True
		st17_l = True
		st14_evt1 = True
		st14_evt0 = False
		_EL_U_2163 = True
		_EL_U_2165 = False
		st15_evt1 = True
		_EL_X_2130 = False
		st15_evt0 = False
		st5_l = True
		_EL_U_2167 = True
		st17_req_time = 1.0
		st16_evt1 = True
		st16_evt0 = False
		_EL_U_2169 = False
		_EL_U_2171 = False
		st17_evt1 = True
		st11_req_time = 1.0
		st17_evt0 = False
		st5_req_time = 1.0
		_EL_U_2173 = True
		st18_evt1 = True
		st18_evt0 = False
		st19_evt1 = True
		st19_evt0 = False
		st20_evt1 = True
		st20_evt0 = False
		st21_evt1 = True
		st21_evt0 = False
		st24_l = True
		st22_evt1 = True
		st22_evt0 = False
		st18_l = True
		st23_evt1 = True
		st12_l = True
		st23_evt0 = False
		st24_req_time = 1.0
		st24_evt1 = True
		st6_l = True
		st24_evt0 = False
		st18_req_time = 1.0
		st0_l = True
		mgr_evt1 = False
		st12_req_time = 1.0
		mgr_evt0 = False
		st6_req_time = 1.0
		st19_l = True
		st13_l = True
		st7_l = True
		st19_req_time = 1.0
		st1_l = True
		st13_req_time = 1.0
		st7_req_time = 1.0
		st1_req_time = 1.0
		st20_l = True
		st14_l = True
		st8_l = True
		st20_req_time = 1.0
		st2_l = True
		st14_req_time = 1.0
		st8_req_time = 1.0
		st2_req_time = 1.0
		((-1.0 * delta) = 0.0)
		((-1.0 * mgr_timeout) <= 0.0)
		(_diverge_delta < 1.0)
		((-1.0 * st0_req_time) < 0.0)
		((delta + _diverge_delta) < 1.0)
		((-1.0 * tot_transm_time) <= -10.0)
		(((-1.0 * mgr_timeout) + mgr_c) <= 0.0)
		((((mgr_timeout * 2.0) + (-1.0 * _diverge_delta) + (-1.0 * st0_req_time) + tot_transm_time + (-1.0 * mgr_c) + -9.0) - (delta * 1/4)) <= 0.0)
	Trans 4 -- 5
		_x_st0_req_time = st0_req_time
		_x_tot_transm_time = tot_transm_time
		_x__diverge_delta = (delta + _diverge_delta)
		_x_mgr_timeout = st0_req_time
		_x_mgr_c = 0.0
		_x_delta = ((mgr_timeout + (-1.0 * _diverge_delta) + (delta * 1/2) + 1.0) - (mgr_c * 1/2))
	State 5
		st21_l = True
		st15_l = True
		mgr_l = False
		st9_l = True
		st21_req_time = 1.0
		st3_l = True
		st23_req_time = 1.0
		st15_req_time = 1.0
		st9_req_time = 1.0
		st1_evt1 = True
		st1_evt0 = False
		st3_req_time = 1.0
		st0_evt1 = False
		st0_evt0 = True
		st2_evt1 = True
		st2_evt0 = False
		st3_evt1 = True
		st3_evt0 = False
		st4_evt1 = True
		st4_evt0 = False
		st22_l = True
		st5_evt1 = True
		st5_evt0 = False
		st16_l = True
		st6_evt1 = True
		st6_evt0 = False
		st10_l = True
		st22_req_time = 1.0
		st7_evt1 = True
		st4_l = True
		st7_evt0 = False
		st16_req_time = 1.0
		st8_evt1 = True
		st8_evt0 = False
		st10_req_time = 1.0
		st9_evt1 = True
		st4_req_time = 1.0
		st9_evt0 = False
		st11_l = True
		st10_evt1 = True
		st10_evt0 = False
		st11_evt1 = True
		st11_evt0 = False
		_J2237 = False
		st12_evt1 = True
		_J2231 = False
		st12_evt0 = False
		_J2224 = False
		_J2218 = False
		st13_evt1 = True
		_J2210 = False
		st13_evt0 = False
		_J2204 = False
		st23_l = True
		st17_l = True
		st14_evt1 = True
		st14_evt0 = False
		_EL_U_2163 = True
		_EL_U_2165 = False
		st15_evt1 = True
		_EL_X_2130 = False
		st15_evt0 = False
		st5_l = True
		_EL_U_2167 = True
		st17_req_time = 1.0
		st16_evt1 = True
		st16_evt0 = False
		_EL_U_2169 = False
		_EL_U_2171 = False
		st17_evt1 = True
		st11_req_time = 1.0
		st17_evt0 = False
		st5_req_time = 1.0
		_EL_U_2173 = True
		st18_evt1 = True
		st18_evt0 = False
		st19_evt1 = True
		st19_evt0 = False
		st20_evt1 = True
		st20_evt0 = False
		st21_evt1 = True
		st21_evt0 = False
		st24_l = True
		st22_evt1 = True
		st22_evt0 = False
		st18_l = True
		st23_evt1 = True
		st12_l = True
		st23_evt0 = False
		st24_req_time = 1.0
		st24_evt1 = True
		st6_l = True
		st24_evt0 = False
		st18_req_time = 1.0
		st0_l = False
		mgr_evt1 = False
		st12_req_time = 1.0
		mgr_evt0 = True
		st6_req_time = 1.0
		st19_l = True
		st13_l = True
		st7_l = True
		st19_req_time = 1.0
		st1_l = True
		st13_req_time = 1.0
		st7_req_time = 1.0
		st1_req_time = 1.0
		st20_l = True
		st14_l = True
		st8_l = True
		st20_req_time = 1.0
		st2_l = True
		st14_req_time = 1.0
		st8_req_time = 1.0
		st2_req_time = 1.0
		(((-1.0 * mgr_c) + (-1.0 * delta)) < 0.0)
		(((-1.0 * mgr_timeout) + mgr_c + delta) <= 0.0)
		(((-1.0 * _diverge_delta) + (-1.0 * delta)) <= -1.0)
		(((-1.0 * mgr_c) + (-1.0 * tot_transm_time) + (-1.0 * delta)) <= -10.0)
	Trans 5 -- 6
		_x_mgr_c = (mgr_c + delta)
		_x_st0_req_time = st0_req_time
		_x_delta = 0.0
		_x_tot_transm_time = tot_transm_time
		_x__diverge_delta = (delta + _diverge_delta)
		_x_mgr_timeout = mgr_timeout
	State 6
		st21_l = True
		st15_l = True
		mgr_l = False
		st9_l = True
		st21_req_time = 1.0
		st3_l = True
		st23_req_time = 1.0
		st15_req_time = 1.0
		st9_req_time = 1.0
		st1_evt1 = True
		st1_evt0 = False
		st3_req_time = 1.0
		st0_evt1 = False
		st0_evt0 = True
		st2_evt1 = True
		st2_evt0 = False
		st3_evt1 = True
		st3_evt0 = False
		st4_evt1 = True
		st4_evt0 = False
		st22_l = True
		st5_evt1 = True
		st5_evt0 = False
		st16_l = True
		st6_evt1 = True
		st6_evt0 = False
		st10_l = True
		st22_req_time = 1.0
		st7_evt1 = True
		st4_l = True
		st7_evt0 = False
		st16_req_time = 1.0
		st8_evt1 = True
		st8_evt0 = False
		st10_req_time = 1.0
		st9_evt1 = True
		st4_req_time = 1.0
		st9_evt0 = False
		st11_l = True
		st10_evt1 = True
		st10_evt0 = False
		st11_evt1 = True
		st11_evt0 = False
		_J2237 = True
		st12_evt1 = True
		_J2231 = False
		st12_evt0 = False
		_J2224 = True
		_J2218 = False
		st13_evt1 = True
		_J2210 = True
		st13_evt0 = False
		_J2204 = True
		st23_l = True
		st17_l = True
		st14_evt1 = True
		st14_evt0 = False
		_EL_U_2163 = True
		_EL_U_2165 = False
		st15_evt1 = True
		_EL_X_2130 = True
		st15_evt0 = False
		st5_l = True
		_EL_U_2167 = True
		st17_req_time = 1.0
		st16_evt1 = True
		st16_evt0 = False
		_EL_U_2169 = False
		_EL_U_2171 = False
		st17_evt1 = True
		st11_req_time = 1.0
		st17_evt0 = False
		st5_req_time = 1.0
		_EL_U_2173 = True
		st18_evt1 = True
		st18_evt0 = False
		st19_evt1 = True
		st19_evt0 = False
		st20_evt1 = True
		st20_evt0 = False
		st21_evt1 = True
		st21_evt0 = False
		st24_l = True
		st22_evt1 = True
		st22_evt0 = False
		st18_l = True
		st23_evt1 = True
		st12_l = True
		st23_evt0 = False
		st24_req_time = 1.0
		st24_evt1 = True
		st6_l = True
		st24_evt0 = False
		st18_req_time = 1.0
		st0_l = False
		mgr_evt1 = False
		st12_req_time = 1.0
		mgr_evt0 = True
		st6_req_time = 1.0
		st19_l = True
		st13_l = True
		st7_l = True
		st19_req_time = 1.0
		st1_l = True
		st13_req_time = 1.0
		st7_req_time = 1.0
		st1_req_time = 1.0
		st20_l = True
		st14_l = True
		st8_l = True
		st20_req_time = 1.0
		st2_l = True
		st14_req_time = 1.0
		st8_req_time = 1.0
		st2_req_time = 1.0
	Trans 6 -- 7
		_x_delta = 0.0
		_x_tot_transm_time = (mgr_c + tot_transm_time)
		_x_mgr_c = 0.0
		_x__diverge_delta = delta
		_x_mgr_timeout = 0.0
		_x_st0_req_time = ((mgr_timeout * 2.0) + _diverge_delta + (st0_req_time * 1/2) + tot_transm_time + (mgr_c * 1/4) + -9.0)
	starting from: _diverge_delta : 0.0, delta : 0.0, st15_l : True, tot_transm_time : 10.0, mgr_l : True, st3_l : True, mgr_c : 0.0, st15_req_time : 1.0, st1_evt1 : True, st1_evt0 : False, st3_req_time : 1.0, st0_evt1 : False, st0_evt0 : False, st2_evt1 : True, st2_evt0 : False, st3_evt1 : True, st3_evt0 : False, st4_evt1 : True, st4_evt0 : False, st5_evt1 : True, st5_evt0 : False, st16_l : True, st6_evt1 : True, st6_evt0 : False, st7_evt1 : True, st4_l : True, st7_evt0 : False, st16_req_time : 1.0, st8_evt1 : True, st8_evt0 : False, st9_evt1 : True, st4_req_time : 1.0, st9_evt0 : False, st10_evt1 : True, st10_evt0 : False, st11_evt1 : True, st11_evt0 : False, _J2237 : True, st12_evt1 : True, _J2231 : True, st12_evt0 : False, _J2224 : True, _J2218 : True, st13_evt1 : True, _J2210 : True, st13_evt0 : False, _J2204 : True, st17_l : True, st14_evt1 : True, st14_evt0 : False, _EL_U_2163 : True, _EL_U_2165 : False, st15_evt1 : True, _EL_X_2130 : False, st15_evt0 : False, st5_l : True, _EL_U_2167 : True, st17_req_time : 1.0, st16_evt1 : True, st16_evt0 : False, _EL_U_2169 : False, _EL_U_2171 : False, st17_evt1 : True, st17_evt0 : False, st5_req_time : 1.0, _EL_U_2173 : True, st18_evt1 : True, st18_evt0 : False, st19_evt1 : True, st19_evt0 : False, st20_evt1 : True, st20_evt0 : False, st21_evt1 : True, st21_evt0 : False, st22_evt1 : True, st22_evt0 : False, st18_l : True, st23_evt1 : True, st23_evt0 : False, st24_evt1 : True, st6_l : True, st24_evt0 : False, st18_req_time : 1.0, mgr_evt1 : False, mgr_evt0 : False, st6_req_time : 1.0, st19_l : True, st7_l : True, st19_req_time : 1.0, st7_req_time : 1.0, st20_l : True, st8_l : True, st20_req_time : 1.0, st8_req_time : 1.0, st21_l : True, st9_l : True, st21_req_time : 1.0, st9_req_time : 1.0, st22_l : True, st10_l : True, st22_req_time : 1.0, st10_req_time : 1.0, st23_l : True, st11_l : True, st23_req_time : 1.0, st11_req_time : 1.0, mgr_timeout : 0.0, st24_l : True, st12_l : True, st24_req_time : 1.0, st0_l : True, st12_req_time : 1.0, st0_req_time : 1.0, st13_l : True, st1_l : True, st13_req_time : 1.0, st1_req_time : 1.0, st14_l : True, st2_l : True, st14_req_time : 1.0, st2_req_time : 1.0

end of `token_ring_0025`: SUCCESS in 37.8665726184845s
