F3 run `token_ring_0029`

	Found non-termination argument:
	State 4
		st21_l = True
		st9_l = True
		st21_req_time = 10.0
		_J2677 = True
		_J2671 = True
		mgr_l = True
		_J2664 = True
		st9_req_time = 10.0
		_J2658 = True
		_J2650 = True
		_J2644 = True
		_EL_U_2603 = True
		st1_evt1 = True
		_EL_U_2605 = False
		st1_evt0 = False
		_EL_X_2570 = False
		st0_evt1 = True
		_EL_U_2607 = True
		st0_evt0 = False
		_EL_U_2609 = False
		st2_evt1 = True
		_EL_U_2611 = False
		st2_evt0 = False
		st3_evt1 = True
		st22_l = True
		st3_evt0 = False
		_EL_U_2613 = True
		st4_evt1 = True
		st4_evt0 = False
		st10_l = True
		st5_evt1 = True
		st22_req_time = 10.0
		st5_evt0 = False
		st6_evt1 = True
		st6_evt0 = False
		st10_req_time = 10.0
		st7_evt1 = True
		st7_evt0 = False
		st8_evt1 = True
		st8_evt0 = False
		st9_evt1 = True
		st9_evt0 = False
		st10_evt1 = True
		st10_evt0 = False
		st11_evt1 = True
		st11_evt0 = False
		st23_l = True
		st12_evt1 = True
		st12_evt0 = False
		st13_evt1 = True
		st11_l = True
		st13_evt0 = False
		st23_req_time = 10.0
		st14_evt1 = True
		st14_evt0 = False
		st15_evt1 = True
		st11_req_time = 10.0
		st15_evt0 = False
		st16_evt1 = True
		st16_evt0 = False
		st17_evt1 = True
		st17_evt0 = False
		st18_evt1 = True
		st18_evt0 = False
		st19_evt1 = True
		st19_evt0 = False
		st24_l = True
		st20_evt1 = True
		st20_evt0 = False
		st21_evt1 = True
		st21_evt0 = False
		st12_l = True
		st24_req_time = 10.0
		st22_evt1 = True
		st22_evt0 = False
		st0_l = True
		st23_evt1 = True
		st23_evt0 = False
		st12_req_time = 10.0
		st24_evt1 = True
		st24_evt0 = False
		st25_evt1 = True
		st0_req_time = 10.0
		st25_evt0 = False
		st26_evt1 = True
		st26_evt0 = False
		st27_evt1 = False
		st27_evt0 = False
		st28_evt1 = True
		st28_evt0 = False
		st25_l = True
		mgr_evt1 = False
		mgr_evt0 = False
		st13_l = True
		st25_req_time = 10.0
		st1_l = True
		st13_req_time = 10.0
		st1_req_time = 10.0
		st26_l = True
		st14_l = True
		st26_req_time = 10.0
		st2_l = True
		st14_req_time = 10.0
		st2_req_time = 10.0
		st27_l = True
		st15_l = True
		st3_l = True
		st15_req_time = 10.0
		st3_req_time = 10.0
		st28_l = True
		st16_l = True
		st28_req_time = 10.0
		st4_l = True
		st16_req_time = 10.0
		st4_req_time = 10.0
		st17_l = True
		st5_l = True
		st17_req_time = 10.0
		st5_req_time = 10.0
		st18_l = True
		st6_l = True
		st18_req_time = 10.0
		st6_req_time = 10.0
		st19_l = True
		st7_l = True
		st19_req_time = 10.0
		st7_req_time = 10.0
		st20_l = True
		st8_l = True
		st20_req_time = 10.0
		st8_req_time = 10.0
		((-1.0 * mgr_timeout) <= 0.0)
		((-1.0 * st27_req_time) < 0.0)
		((-1.0 * st27_req_time) <= 0.0)
		((delta + _diverge_delta) < 1.0)
		(delta = 0.0)
		(((-1.0 * mgr_timeout) + mgr_c) <= 0.0)
		(_diverge_delta < 1.0)
		((-1.0 * tot_transm_time) <= -10.0)
		((((-1.0 * _diverge_delta) + (tot_transm_time * 1/8) + (mgr_timeout * 2.0) + (-1.0 * mgr_c) + 1/8) - (st27_req_time * 3/16)) <= 0.0)
	Trans 4 -- 5
		_x__diverge_delta = (delta + _diverge_delta)
		_x_mgr_timeout = st27_req_time
		_x_mgr_c = 0.0
		_x_tot_transm_time = tot_transm_time
		_x_st27_req_time = st27_req_time
		_x_delta = (((st27_req_time * 25/128) + (tot_transm_time * 1/2) + (-1.0 * mgr_timeout) + (mgr_c * 1/8) + -5.0) - (_diverge_delta * 1/8))
	State 5
		st21_l = True
		st9_l = True
		st21_req_time = 10.0
		_J2677 = False
		_J2671 = False
		mgr_l = False
		_J2664 = False
		st9_req_time = 10.0
		_J2658 = False
		_J2650 = False
		_J2644 = False
		_EL_U_2603 = True
		st1_evt1 = True
		_EL_U_2605 = False
		st1_evt0 = False
		_EL_X_2570 = False
		st0_evt1 = False
		_EL_U_2607 = True
		st0_evt0 = True
		_EL_U_2609 = False
		st2_evt1 = True
		_EL_U_2611 = False
		st2_evt0 = False
		st3_evt1 = True
		st22_l = True
		st3_evt0 = False
		_EL_U_2613 = True
		st4_evt1 = True
		st4_evt0 = False
		st10_l = True
		st5_evt1 = True
		st22_req_time = 10.0
		st5_evt0 = False
		st6_evt1 = True
		st6_evt0 = False
		st10_req_time = 10.0
		st7_evt1 = True
		st7_evt0 = False
		st8_evt1 = True
		st8_evt0 = False
		st9_evt1 = True
		st9_evt0 = False
		st10_evt1 = True
		st10_evt0 = False
		st11_evt1 = True
		st11_evt0 = False
		st23_l = True
		st12_evt1 = True
		st12_evt0 = False
		st13_evt1 = True
		st11_l = True
		st13_evt0 = False
		st23_req_time = 10.0
		st14_evt1 = True
		st14_evt0 = False
		st15_evt1 = True
		st11_req_time = 10.0
		st15_evt0 = False
		st16_evt1 = True
		st16_evt0 = False
		st17_evt1 = True
		st17_evt0 = False
		st18_evt1 = True
		st18_evt0 = False
		st19_evt1 = True
		st19_evt0 = False
		st24_l = True
		st20_evt1 = True
		st20_evt0 = False
		st21_evt1 = True
		st21_evt0 = False
		st12_l = True
		st24_req_time = 10.0
		st22_evt1 = True
		st22_evt0 = False
		st0_l = True
		st23_evt1 = True
		st23_evt0 = False
		st12_req_time = 10.0
		st24_evt1 = True
		st24_evt0 = False
		st25_evt1 = True
		st0_req_time = 10.0
		st25_evt0 = False
		st26_evt1 = True
		st26_evt0 = False
		st27_evt1 = True
		st27_evt0 = False
		st28_evt1 = True
		st28_evt0 = False
		st25_l = True
		mgr_evt1 = False
		mgr_evt0 = True
		st13_l = True
		st25_req_time = 10.0
		st1_l = True
		st13_req_time = 10.0
		st1_req_time = 10.0
		st26_l = True
		st14_l = True
		st26_req_time = 10.0
		st2_l = True
		st14_req_time = 10.0
		st2_req_time = 10.0
		st27_l = False
		st15_l = True
		st3_l = True
		st15_req_time = 10.0
		st3_req_time = 10.0
		st28_l = True
		st16_l = True
		st28_req_time = 10.0
		st4_l = True
		st16_req_time = 10.0
		st4_req_time = 10.0
		st17_l = True
		st5_l = True
		st17_req_time = 10.0
		st5_req_time = 10.0
		st18_l = True
		st6_l = True
		st18_req_time = 10.0
		st6_req_time = 10.0
		st19_l = True
		st7_l = True
		st19_req_time = 10.0
		st7_req_time = 10.0
		st20_l = True
		st8_l = True
		st20_req_time = 10.0
		st8_req_time = 10.0
		(((-1.0 * delta) + (-1.0 * mgr_c) + (-1.0 * tot_transm_time)) <= -10.0)
		(((-1.0 * delta) + (-1.0 * _diverge_delta)) <= -1.0)
		(((-1.0 * delta) + (-1.0 * mgr_c)) < 0.0)
		(((-1.0 * mgr_timeout) + mgr_c + delta) <= 0.0)
	Trans 5 -- 6
		_x_delta = 0.0
		_x_mgr_c = (mgr_c + delta)
		_x_mgr_timeout = mgr_timeout
		_x__diverge_delta = (delta + _diverge_delta)
		_x_tot_transm_time = tot_transm_time
		_x_st27_req_time = st27_req_time
	State 6
		st21_l = True
		st9_l = True
		st21_req_time = 10.0
		_J2677 = True
		_J2671 = False
		mgr_l = False
		_J2664 = True
		st9_req_time = 10.0
		_J2658 = False
		_J2650 = True
		_J2644 = True
		_EL_U_2603 = True
		st1_evt1 = True
		_EL_U_2605 = False
		st1_evt0 = False
		_EL_X_2570 = True
		st0_evt1 = True
		_EL_U_2607 = True
		st0_evt0 = False
		_EL_U_2609 = False
		st2_evt1 = True
		_EL_U_2611 = False
		st2_evt0 = False
		st3_evt1 = True
		st22_l = True
		st3_evt0 = False
		_EL_U_2613 = True
		st4_evt1 = True
		st4_evt0 = False
		st10_l = True
		st5_evt1 = True
		st22_req_time = 10.0
		st5_evt0 = False
		st6_evt1 = True
		st6_evt0 = False
		st10_req_time = 10.0
		st7_evt1 = True
		st7_evt0 = False
		st8_evt1 = True
		st8_evt0 = False
		st9_evt1 = True
		st9_evt0 = False
		st10_evt1 = True
		st10_evt0 = False
		st11_evt1 = True
		st11_evt0 = False
		st23_l = True
		st12_evt1 = True
		st12_evt0 = False
		st13_evt1 = True
		st11_l = True
		st13_evt0 = False
		st23_req_time = 10.0
		st14_evt1 = True
		st14_evt0 = False
		st15_evt1 = True
		st11_req_time = 10.0
		st15_evt0 = False
		st16_evt1 = True
		st16_evt0 = False
		st17_evt1 = True
		st17_evt0 = False
		st18_evt1 = True
		st18_evt0 = False
		st19_evt1 = True
		st19_evt0 = False
		st24_l = True
		st20_evt1 = True
		st20_evt0 = False
		st21_evt1 = True
		st21_evt0 = False
		st12_l = True
		st24_req_time = 10.0
		st22_evt1 = True
		st22_evt0 = False
		st0_l = True
		st23_evt1 = True
		st23_evt0 = False
		st12_req_time = 10.0
		st24_evt1 = True
		st24_evt0 = False
		st25_evt1 = True
		st0_req_time = 10.0
		st25_evt0 = False
		st26_evt1 = True
		st26_evt0 = False
		st27_evt1 = False
		st27_evt0 = True
		st28_evt1 = True
		st28_evt0 = False
		st25_l = True
		mgr_evt1 = False
		mgr_evt0 = True
		st13_l = True
		st25_req_time = 10.0
		st1_l = True
		st13_req_time = 10.0
		st1_req_time = 10.0
		st26_l = True
		st14_l = True
		st26_req_time = 10.0
		st2_l = True
		st14_req_time = 10.0
		st2_req_time = 10.0
		st27_l = False
		st15_l = True
		st3_l = True
		st15_req_time = 10.0
		st3_req_time = 10.0
		st28_l = True
		st16_l = True
		st28_req_time = 10.0
		st4_l = True
		st16_req_time = 10.0
		st4_req_time = 10.0
		st17_l = True
		st5_l = True
		st17_req_time = 10.0
		st5_req_time = 10.0
		st18_l = True
		st6_l = True
		st18_req_time = 10.0
		st6_req_time = 10.0
		st19_l = True
		st7_l = True
		st19_req_time = 10.0
		st7_req_time = 10.0
		st20_l = True
		st8_l = True
		st20_req_time = 10.0
		st8_req_time = 10.0
	Trans 6 -- 7
		_x_delta = 0.0
		_x_mgr_c = 0.0
		_x_mgr_timeout = 0.0
		_x_tot_transm_time = (mgr_c + tot_transm_time)
		_x__diverge_delta = delta
		_x_st27_req_time = (((st27_req_time * 1/8) + (tot_transm_time * 2.0) + (mgr_timeout * 8.0) + (-1.0 * mgr_c) + -13.0) - (_diverge_delta * 1/8))
	starting from: _diverge_delta : 0.0, st21_l : True, delta : 0.0, st9_l : True, st21_req_time : 10.0, _J2677 : True, tot_transm_time : 10.0, _J2671 : True, mgr_l : True, _J2664 : True, st9_req_time : 10.0, _J2658 : True, _J2650 : True, mgr_c : 0.0, _J2644 : True, _EL_U_2603 : True, st1_evt1 : True, _EL_U_2605 : False, st1_evt0 : False, _EL_X_2570 : False, st0_evt1 : True, _EL_U_2607 : True, st0_evt0 : False, _EL_U_2609 : False, st2_evt1 : True, _EL_U_2611 : False, st2_evt0 : False, st3_evt1 : True, st22_l : True, st3_evt0 : False, _EL_U_2613 : True, st4_evt1 : True, st4_evt0 : False, st10_l : True, st5_evt1 : True, st22_req_time : 10.0, st5_evt0 : False, st6_evt1 : True, st6_evt0 : False, st10_req_time : 10.0, st7_evt1 : True, st7_evt0 : False, st8_evt1 : True, st8_evt0 : False, st9_evt1 : True, st9_evt0 : False, st10_evt1 : True, st10_evt0 : False, st11_evt1 : True, st11_evt0 : False, st23_l : True, st12_evt1 : True, st12_evt0 : False, st13_evt1 : True, st11_l : True, st13_evt0 : False, st23_req_time : 10.0, st14_evt1 : True, st14_evt0 : False, st15_evt1 : True, st11_req_time : 10.0, st15_evt0 : False, st16_evt1 : True, st16_evt0 : False, st17_evt1 : True, mgr_timeout : 0.0, st17_evt0 : False, st18_evt1 : True, st18_evt0 : False, st19_evt1 : True, st19_evt0 : False, st24_l : True, st20_evt1 : True, st20_evt0 : False, st21_evt1 : True, st21_evt0 : False, st12_l : True, st24_req_time : 10.0, st22_evt1 : True, st22_evt0 : False, st0_l : True, st23_evt1 : True, st23_evt0 : False, st12_req_time : 10.0, st24_evt1 : True, st24_evt0 : False, st25_evt1 : True, st0_req_time : 10.0, st25_evt0 : False, st26_evt1 : True, st26_evt0 : False, st27_evt1 : False, st27_evt0 : False, st28_evt1 : True, st28_evt0 : False, st25_l : True, mgr_evt1 : False, mgr_evt0 : False, st13_l : True, st25_req_time : 10.0, st1_l : True, st13_req_time : 10.0, st1_req_time : 10.0, st26_l : True, st14_l : True, st26_req_time : 10.0, st2_l : True, st14_req_time : 10.0, st2_req_time : 10.0, st27_l : True, st15_l : True, st27_req_time : 10.0, st3_l : True, st15_req_time : 10.0, st3_req_time : 10.0, st28_l : True, st16_l : True, st28_req_time : 10.0, st4_l : True, st16_req_time : 10.0, st4_req_time : 10.0, st17_l : True, st5_l : True, st17_req_time : 10.0, st5_req_time : 10.0, st18_l : True, st6_l : True, st18_req_time : 10.0, st6_req_time : 10.0, st19_l : True, st7_l : True, st19_req_time : 10.0, st7_req_time : 10.0, st20_l : True, st8_l : True, st20_req_time : 10.0, st8_req_time : 10.0

end of `token_ring_0029`: SUCCESS in 37.82695388793945s
