F3 run `token_ring_0013`

	Found non-termination argument:
	State 4
		st3_req_time = 10.0
		_J1076 = True
		_EL_U_1035 = True
		_EL_U_1037 = False
		_EL_X_1002 = False
		_EL_U_1039 = True
		_EL_U_1041 = False
		_J1090 = True
		_EL_U_1043 = False
		_EL_U_1045 = True
		mgr_l = True
		st10_l = True
		st4_l = True
		st1_evt1 = True
		st10_req_time = 1/2
		st1_evt0 = False
		st0_evt1 = True
		st4_req_time = 1/2
		st0_evt0 = False
		st2_evt1 = True
		st2_evt0 = False
		st3_evt1 = True
		st3_evt0 = False
		st4_evt1 = True
		st4_evt0 = False
		st5_evt1 = True
		st5_evt0 = False
		st6_evt1 = True
		st6_evt0 = False
		st11_l = True
		st7_evt1 = True
		st7_evt0 = False
		st5_l = True
		st8_evt1 = True
		st8_evt0 = False
		st9_evt1 = True
		st9_evt0 = False
		st5_req_time = 1/2
		st10_evt1 = True
		st10_evt0 = False
		st11_evt1 = False
		st11_evt0 = False
		st12_evt1 = True
		st12_evt0 = False
		mgr_evt1 = False
		mgr_evt0 = False
		st12_l = True
		st6_l = True
		st0_l = True
		st12_req_time = 1/2
		st6_req_time = 1/2
		st0_req_time = 1/2
		st7_l = True
		st1_l = True
		st7_req_time = 10.0
		st1_req_time = 1/2
		st8_l = True
		st2_l = True
		st8_req_time = 1/2
		st2_req_time = 1/2
		st9_l = True
		st3_l = True
		_J1109 = True
		_J1103 = True
		_J1096 = True
		st9_req_time = 1/2
		_J1082 = True
		((-1.0 * st11_req_time) < 0.0)
		((-1.0 * mgr_timeout) <= 0.0)
		(delta = 0.0)
		(_diverge_delta < 1.0)
		((delta + _diverge_delta) < 1.0)
		((-1.0 * st11_req_time) <= 0.0)
		((-1.0 * tot_transm_time) <= -10.0)
		((((-1.0 * _diverge_delta) + tot_transm_time + mgr_timeout + -9.0) - ((delta * 1/2) + (st11_req_time * 1/2))) <= 0.0)
	Trans 4 -- 5
		_x_mgr_timeout = st11_req_time
		_x_st11_req_time = st11_req_time
		_x_mgr_c = 0.0
		_x_tot_transm_time = tot_transm_time
		_x__diverge_delta = (delta + _diverge_delta)
		_x_delta = ((_diverge_delta * 1/4) + (-1.0 * delta) + (st11_req_time * 23/32) + (tot_transm_time * 1/4) + -11/4)
	State 5
		st3_req_time = 10.0
		_J1076 = False
		_EL_U_1035 = True
		_EL_U_1037 = False
		_EL_X_1002 = False
		_EL_U_1039 = True
		_EL_U_1041 = False
		_J1090 = False
		_EL_U_1043 = False
		_EL_U_1045 = True
		mgr_l = False
		st10_l = True
		st4_l = True
		st1_evt1 = True
		st10_req_time = 1/2
		st1_evt0 = False
		st0_evt1 = True
		st4_req_time = 1/2
		st0_evt0 = False
		st2_evt1 = True
		st2_evt0 = False
		st3_evt1 = True
		st3_evt0 = False
		st4_evt1 = True
		st4_evt0 = False
		st5_evt1 = True
		st5_evt0 = False
		st6_evt1 = True
		st6_evt0 = False
		st11_l = False
		st7_evt1 = True
		st7_evt0 = False
		st5_l = True
		st8_evt1 = False
		st8_evt0 = True
		st9_evt1 = True
		st9_evt0 = False
		st5_req_time = 1/2
		st10_evt1 = True
		st10_evt0 = False
		st11_evt1 = True
		st11_evt0 = False
		st12_evt1 = True
		st12_evt0 = False
		mgr_evt1 = False
		mgr_evt0 = True
		st12_l = True
		st6_l = True
		st0_l = True
		st12_req_time = 1/2
		st6_req_time = 1/2
		st0_req_time = 1/2
		st7_l = True
		st1_l = True
		st7_req_time = 10.0
		st1_req_time = 1/2
		st8_l = True
		st2_l = True
		st8_req_time = 1/2
		st2_req_time = 1/2
		st9_l = True
		st3_l = True
		_J1109 = False
		_J1103 = False
		_J1096 = False
		st9_req_time = 1/2
		_J1082 = False
		(((-1.0 * mgr_timeout) + mgr_c + delta) <= 0.0)
		(((-1.0 * delta) + (-1.0 * mgr_c) + (-1.0 * tot_transm_time)) <= -10.0)
		(((-1.0 * delta) + (-1.0 * _diverge_delta)) <= -1.0)
	Trans 5 -- 6
		_x_delta = 0.0
		_x_mgr_timeout = mgr_timeout
		_x_st11_req_time = st11_req_time
		_x_mgr_c = (mgr_c + delta)
		_x_tot_transm_time = tot_transm_time
		_x__diverge_delta = (delta + _diverge_delta)
	State 6
		st3_req_time = 10.0
		_J1076 = True
		_EL_U_1035 = True
		_EL_U_1037 = False
		_EL_X_1002 = True
		_EL_U_1039 = True
		_EL_U_1041 = False
		_J1090 = False
		_EL_U_1043 = False
		_EL_U_1045 = True
		mgr_l = False
		st10_l = True
		st4_l = True
		st1_evt1 = True
		st10_req_time = 1/2
		st1_evt0 = False
		st0_evt1 = True
		st4_req_time = 1/2
		st0_evt0 = False
		st2_evt1 = True
		st2_evt0 = False
		st3_evt1 = True
		st3_evt0 = False
		st4_evt1 = True
		st4_evt0 = False
		st5_evt1 = True
		st5_evt0 = False
		st6_evt1 = True
		st6_evt0 = False
		st11_l = False
		st7_evt1 = True
		st7_evt0 = False
		st5_l = True
		st8_evt1 = True
		st8_evt0 = False
		st9_evt1 = True
		st9_evt0 = False
		st5_req_time = 1/2
		st10_evt1 = True
		st10_evt0 = False
		st11_evt1 = False
		st11_evt0 = True
		st12_evt1 = True
		st12_evt0 = False
		mgr_evt1 = False
		mgr_evt0 = True
		st12_l = True
		st6_l = True
		st0_l = True
		st12_req_time = 1/2
		st6_req_time = 1/2
		st0_req_time = 1/2
		st7_l = True
		st1_l = True
		st7_req_time = 10.0
		st1_req_time = 1/2
		st8_l = True
		st2_l = True
		st8_req_time = 1/2
		st2_req_time = 1/2
		st9_l = True
		st3_l = True
		_J1109 = True
		_J1103 = False
		_J1096 = True
		st9_req_time = 1/2
		_J1082 = True
	Trans 6 -- 7
		_x__diverge_delta = delta
		_x_delta = 0.0
		_x_mgr_timeout = 0.0
		_x_mgr_c = 0.0
		_x_tot_transm_time = (mgr_c + tot_transm_time)
		_x_st11_req_time = (((_diverge_delta * 1/2) + (tot_transm_time * 2.0) + (mgr_timeout * 3.0) + -17.0) - ((st11_req_time * 1/8) + (mgr_c * 1/4)))
	starting from: st3_req_time : 10.0, _J1076 : True, _EL_U_1035 : True, st0_req_time : 1/2, _J1096 : True, _EL_U_1037 : False, _EL_X_1002 : False, _diverge_delta : 0.0, _EL_U_1039 : True, delta : 0.0, _EL_U_1041 : False, _J1090 : True, _EL_U_1043 : False, _EL_U_1045 : True, _J1082 : True, tot_transm_time : 10.0, mgr_l : True, st10_l : True, st7_l : True, mgr_c : 0.0, st4_l : True, st1_l : True, st1_evt1 : True, st10_req_time : 1/2, st1_evt0 : False, st7_req_time : 10.0, st0_evt1 : True, st4_req_time : 1/2, st0_evt0 : False, st1_req_time : 1/2, st2_evt1 : True, st2_evt0 : False, st3_evt1 : True, st3_evt0 : False, st4_evt1 : True, st4_evt0 : False, st5_evt1 : True, st5_evt0 : False, st6_evt1 : True, st6_evt0 : False, st11_l : True, st7_evt1 : True, st8_l : True, st7_evt0 : False, st5_l : True, st8_evt1 : True, st2_l : True, st8_evt0 : False, st11_req_time : 10.0, st9_evt1 : True, st8_req_time : 1/2, st9_evt0 : False, st5_req_time : 1/2, st10_evt1 : True, st2_req_time : 1/2, st10_evt0 : False, _J1103 : True, mgr_timeout : 0.0, st11_evt1 : False, st11_evt0 : False, st12_evt1 : True, st12_evt0 : False, mgr_evt1 : False, mgr_evt0 : False, st12_l : True, st9_l : True, st6_l : True, st0_l : True, st3_l : True, _J1109 : True, st12_req_time : 1/2, st9_req_time : 1/2, st6_req_time : 1/2

end of `token_ring_0013`: SUCCESS in 34.211897134780884s
