

run 1/1: `token_ring_0030`

	Found non-termination argument:
	Do states 4..6 while (((tot_transm_time * 1/8) + -1/4) < 0.0)
	State 4
		delta = 0.0
		_diverge_delta = 0.0
		st12_evt1 = True
		st12_evt0 = False
		st11_evt1 = True
		st11_evt0 = False
		st29_evt1 = True
		st10_evt1 = True
		st10_evt0 = False
		st10_l = True
		st28_evt1 = True
		st9_evt1 = True
		st9_evt0 = False
		st9_l = True
		st27_evt1 = True
		st8_evt1 = True
		st8_evt0 = False
		st8_l = True
		st26_evt1 = True
		st7_evt1 = True
		st7_evt0 = False
		st7_l = True
		st25_evt1 = True
		st6_evt1 = True
		st6_evt0 = False
		st6_l = True
		st24_evt1 = True
		st5_evt1 = True
		st29_evt0 = False
		st5_evt0 = False
		st11_l = True
		st1_req_time = 1/2
		st18_evt1 = True
		st4_evt0 = False
		st0_evt0 = False
		st0_evt1 = True
		mgr_c = 0.0
		st0_req_time = 1/2
		st17_evt0 = False
		st3_evt0 = False
		st1_l = True
		st3_l = True
		st27_req_time = 1/2
		st1_evt0 = False
		st0_l = True
		st20_evt1 = True
		st1_evt1 = True
		st25_evt0 = False
		mgr_evt0 = False
		st13_evt0 = False
		st2_l = True
		mgr_timeout = 0.0
		st12_l = True
		st2_req_time = 1/2
		st19_evt1 = True
		mgr_evt1 = False
		st13_evt1 = True
		st2_evt0 = False
		st4_l = True
		st2_evt1 = True
		st26_evt0 = False
		st21_evt1 = True
		st23_evt1 = True
		st4_evt1 = True
		st28_evt0 = False
		st5_l = True
		st3_evt1 = True
		st27_evt0 = False
		mgr_l = True
		st3_req_time = 1/2
		st13_l = True
		st22_evt1 = False
		st4_req_time = 1/2
		st14_l = True
		st24_l = True
		st14_req_time = 1/2
		st14_evt0 = False
		st14_evt1 = True
		st5_req_time = 1/2
		st15_l = True
		st25_l = True
		st15_req_time = 1/2
		st15_evt0 = False
		st15_evt1 = True
		st6_req_time = 1/2
		st16_l = True
		st26_l = True
		st16_req_time = 1/2
		st16_evt0 = False
		st16_evt1 = True
		st7_req_time = 1/2
		st17_l = True
		st27_l = True
		st17_req_time = 1/2
		st17_evt1 = True
		st8_req_time = 1/2
		st18_l = True
		st28_l = True
		st18_req_time = 1/2
		st18_evt0 = False
		st9_req_time = 1/2
		st19_l = True
		st29_l = True
		st19_req_time = 1/2
		st19_evt0 = False
		st10_req_time = 1/2
		st20_l = True
		st20_req_time = 1/2
		st20_evt0 = False
		st11_req_time = 1/2
		st21_l = True
		st21_req_time = 10.0
		st21_evt0 = False
		st12_req_time = 1/2
		st22_l = True
		st22_req_time = 1.0
		st22_evt0 = False
		st13_req_time = 1/2
		st23_l = True
		st23_req_time = 1.0
		st23_evt0 = False
		st24_req_time = 1/2
		st24_evt0 = False
		st25_req_time = 1/2
		st26_req_time = 1/2
		st28_req_time = 1/2
		st29_req_time = 1/2
		_J2759 = True
		_J2765 = True
		_J2773 = True
		_J2779 = True
		_J2786 = True
		_J2792 = True
		_EL_U_2718 = True
		_EL_U_2720 = False
		_EL_X_2685 = False
		_EL_U_2722 = True
		_EL_U_2724 = False
		_EL_U_2726 = False
		_EL_U_2728 = True
		((-1.0 * tot_transm_time) <= -10.0)
	Trans 4 -- 5
		_x_tot_transm_time : tot_transm_time
	State 5
		delta = 1.0
		_diverge_delta = 0.0
		st12_evt1 = True
		st12_evt0 = False
		st11_evt1 = True
		st11_evt0 = False
		st29_evt1 = True
		st10_evt1 = True
		st10_evt0 = False
		st10_l = True
		st28_evt1 = True
		st9_evt1 = True
		st9_evt0 = False
		st9_l = True
		st27_evt1 = True
		st8_evt1 = True
		st8_evt0 = False
		st8_l = True
		st26_evt1 = True
		st7_evt1 = True
		st7_evt0 = False
		st7_l = True
		st25_evt1 = True
		st6_evt1 = True
		st6_evt0 = False
		st6_l = True
		st24_evt1 = True
		st5_evt1 = True
		st29_evt0 = False
		st5_evt0 = False
		st11_l = True
		st1_req_time = 1/2
		st18_evt1 = True
		st4_evt0 = False
		st0_evt0 = False
		st0_evt1 = True
		mgr_c = 0.0
		st0_req_time = 1/2
		st17_evt0 = False
		st3_evt0 = False
		st1_l = True
		st3_l = True
		st27_req_time = 1/2
		st1_evt0 = False
		st0_l = True
		st20_evt1 = True
		st1_evt1 = True
		st25_evt0 = False
		mgr_evt0 = False
		st13_evt0 = False
		st2_l = True
		mgr_timeout = 1.0
		st12_l = True
		st2_req_time = 1/2
		st19_evt1 = True
		mgr_evt1 = False
		st13_evt1 = True
		st2_evt0 = False
		st4_l = True
		st2_evt1 = True
		st26_evt0 = False
		st21_evt1 = True
		st23_evt1 = False
		st4_evt1 = True
		st28_evt0 = False
		st5_l = True
		st3_evt1 = True
		st27_evt0 = False
		mgr_l = False
		st3_req_time = 1/2
		st13_l = True
		st22_evt1 = True
		st4_req_time = 1/2
		st14_l = True
		st24_l = True
		st14_req_time = 1/2
		st14_evt0 = False
		st14_evt1 = True
		st5_req_time = 1/2
		st15_l = True
		st25_l = True
		st15_req_time = 1/2
		st15_evt0 = False
		st15_evt1 = True
		st6_req_time = 1/2
		st16_l = True
		st26_l = True
		st16_req_time = 1/2
		st16_evt0 = False
		st16_evt1 = True
		st7_req_time = 1/2
		st17_l = True
		st27_l = True
		st17_req_time = 1/2
		st17_evt1 = True
		st8_req_time = 1/2
		st18_l = True
		st28_l = True
		st18_req_time = 1/2
		st18_evt0 = False
		st9_req_time = 1/2
		st19_l = True
		st29_l = True
		st19_req_time = 1/2
		st19_evt0 = False
		st10_req_time = 1/2
		st20_l = True
		st20_req_time = 1/2
		st20_evt0 = False
		st11_req_time = 1/2
		st21_l = True
		st21_req_time = 10.0
		st21_evt0 = False
		st12_req_time = 1/2
		st22_l = False
		st22_req_time = 1.0
		st22_evt0 = False
		st13_req_time = 1/2
		st23_l = True
		st23_req_time = 1.0
		st23_evt0 = False
		st24_req_time = 1/2
		st24_evt0 = False
		st25_req_time = 1/2
		st26_req_time = 1/2
		st28_req_time = 1/2
		st29_req_time = 1/2
		_J2759 = False
		_J2765 = False
		_J2773 = False
		_J2779 = False
		_J2786 = False
		_J2792 = False
		_EL_U_2718 = True
		_EL_U_2720 = False
		_EL_X_2685 = False
		_EL_U_2722 = True
		_EL_U_2724 = False
		_EL_U_2726 = False
		_EL_U_2728 = True
	Trans 5 -- 6
		_x_tot_transm_time : tot_transm_time
	State 6
		delta = 0.0
		_diverge_delta = 1.0
		st12_evt1 = True
		st12_evt0 = False
		st11_evt1 = True
		st11_evt0 = False
		st29_evt1 = True
		st10_evt1 = True
		st10_evt0 = False
		st10_l = True
		st28_evt1 = True
		st9_evt1 = True
		st9_evt0 = False
		st9_l = True
		st27_evt1 = True
		st8_evt1 = True
		st8_evt0 = False
		st8_l = True
		st26_evt1 = True
		st7_evt1 = True
		st7_evt0 = False
		st7_l = True
		st25_evt1 = True
		st6_evt1 = True
		st6_evt0 = False
		st6_l = True
		st24_evt1 = True
		st5_evt1 = True
		st29_evt0 = False
		st5_evt0 = False
		st11_l = True
		st1_req_time = 1/2
		st18_evt1 = True
		st4_evt0 = False
		st0_evt0 = False
		st0_evt1 = True
		mgr_c = 1.0
		st0_req_time = 1/2
		st17_evt0 = False
		st3_evt0 = False
		st1_l = True
		st3_l = True
		st27_req_time = 1/2
		st1_evt0 = False
		st0_l = True
		st20_evt1 = True
		st1_evt1 = True
		st25_evt0 = False
		mgr_evt0 = True
		st13_evt0 = False
		st2_l = True
		mgr_timeout = 1.0
		st12_l = True
		st2_req_time = 1/2
		st19_evt1 = True
		mgr_evt1 = False
		st13_evt1 = True
		st2_evt0 = False
		st4_l = True
		st2_evt1 = True
		st26_evt0 = False
		st21_evt1 = True
		st23_evt1 = True
		st4_evt1 = True
		st28_evt0 = False
		st5_l = True
		st3_evt1 = True
		st27_evt0 = False
		mgr_l = False
		st3_req_time = 1/2
		st13_l = True
		st22_evt1 = False
		st4_req_time = 1/2
		st14_l = True
		st24_l = True
		st14_req_time = 1/2
		st14_evt0 = False
		st14_evt1 = True
		st5_req_time = 1/2
		st15_l = True
		st25_l = True
		st15_req_time = 1/2
		st15_evt0 = False
		st15_evt1 = True
		st6_req_time = 1/2
		st16_l = True
		st26_l = True
		st16_req_time = 1/2
		st16_evt0 = False
		st16_evt1 = True
		st7_req_time = 1/2
		st17_l = True
		st27_l = True
		st17_req_time = 1/2
		st17_evt1 = True
		st8_req_time = 1/2
		st18_l = True
		st28_l = True
		st18_req_time = 1/2
		st18_evt0 = False
		st9_req_time = 1/2
		st19_l = True
		st29_l = True
		st19_req_time = 1/2
		st19_evt0 = False
		st10_req_time = 1/2
		st20_l = True
		st20_req_time = 1/2
		st20_evt0 = False
		st11_req_time = 1/2
		st21_l = True
		st21_req_time = 10.0
		st21_evt0 = False
		st12_req_time = 1/2
		st22_l = False
		st22_req_time = 1.0
		st22_evt0 = True
		st13_req_time = 1/2
		st23_l = True
		st23_req_time = 1.0
		st23_evt0 = False
		st24_req_time = 1/2
		st24_evt0 = False
		st25_req_time = 1/2
		st26_req_time = 1/2
		st28_req_time = 1/2
		st29_req_time = 1/2
		_J2759 = True
		_J2765 = True
		_J2773 = False
		_J2779 = True
		_J2786 = False
		_J2792 = True
		_EL_U_2718 = True
		_EL_U_2720 = False
		_EL_X_2685 = True
		_EL_U_2722 = True
		_EL_U_2724 = False
		_EL_U_2726 = False
		_EL_U_2728 = True
	Trans 6 -- 4
		_x_tot_transm_time : (tot_transm_time + 1.0)
	End do-while
	State 6
		delta = 0.0
		_diverge_delta = 1.0
		st12_evt1 = True
		st12_evt0 = False
		st11_evt1 = True
		st11_evt0 = False
		st29_evt1 = True
		st10_evt1 = True
		st10_evt0 = False
		st10_l = True
		st28_evt1 = True
		st9_evt1 = True
		st9_evt0 = False
		st9_l = True
		st27_evt1 = True
		st8_evt1 = True
		st8_evt0 = False
		st8_l = True
		st26_evt1 = True
		st7_evt1 = True
		st7_evt0 = False
		st7_l = True
		st25_evt1 = True
		st6_evt1 = True
		st6_evt0 = False
		st6_l = True
		st24_evt1 = True
		st5_evt1 = True
		st29_evt0 = False
		st5_evt0 = False
		st11_l = True
		st1_req_time = 1/2
		st18_evt1 = True
		st4_evt0 = False
		st0_evt0 = False
		st0_evt1 = True
		mgr_c = 1.0
		st0_req_time = 1/2
		st17_evt0 = False
		st3_evt0 = False
		st1_l = True
		st3_l = True
		st27_req_time = 1/2
		st1_evt0 = False
		st0_l = True
		st20_evt1 = True
		st1_evt1 = True
		st25_evt0 = False
		mgr_evt0 = True
		st13_evt0 = False
		st2_l = True
		mgr_timeout = 1.0
		st12_l = True
		st2_req_time = 1/2
		st19_evt1 = True
		mgr_evt1 = False
		st13_evt1 = True
		st2_evt0 = False
		st4_l = True
		st2_evt1 = True
		st26_evt0 = False
		st21_evt1 = True
		st23_evt1 = True
		st4_evt1 = True
		st28_evt0 = False
		st5_l = True
		st3_evt1 = True
		st27_evt0 = False
		mgr_l = False
		st3_req_time = 1/2
		st13_l = True
		st22_evt1 = False
		st4_req_time = 1/2
		st14_l = True
		st24_l = True
		st14_req_time = 1/2
		st14_evt0 = False
		st14_evt1 = True
		st5_req_time = 1/2
		st15_l = True
		st25_l = True
		st15_req_time = 1/2
		st15_evt0 = False
		st15_evt1 = True
		st6_req_time = 1/2
		st16_l = True
		st26_l = True
		st16_req_time = 1/2
		st16_evt0 = False
		st16_evt1 = True
		st7_req_time = 1/2
		st17_l = True
		st27_l = True
		st17_req_time = 1/2
		st17_evt1 = True
		st8_req_time = 1/2
		st18_l = True
		st28_l = True
		st18_req_time = 1/2
		st18_evt0 = False
		st9_req_time = 1/2
		st19_l = True
		st29_l = True
		st19_req_time = 1/2
		st19_evt0 = False
		st10_req_time = 1/2
		st20_l = True
		st20_req_time = 1/2
		st20_evt0 = False
		st11_req_time = 1/2
		st21_l = True
		st21_req_time = 10.0
		st21_evt0 = False
		st12_req_time = 1/2
		st22_l = False
		st22_req_time = 1.0
		st22_evt0 = True
		st13_req_time = 1/2
		st23_l = True
		st23_req_time = 1.0
		st23_evt0 = False
		st24_req_time = 1/2
		st24_evt0 = False
		st25_req_time = 1/2
		st26_req_time = 1/2
		st28_req_time = 1/2
		st29_req_time = 1/2
		_J2759 = True
		_J2765 = True
		_J2773 = False
		_J2779 = True
		_J2786 = False
		_J2792 = True
		_EL_U_2718 = True
		_EL_U_2720 = False
		_EL_X_2685 = True
		_EL_U_2722 = True
		_EL_U_2724 = False
		_EL_U_2726 = False
		_EL_U_2728 = True
		((1/4 - (tot_transm_time * 1/8)) <= 0.0)
		((-1.0 * tot_transm_time) <= -9.0)
	Trans 6 -- 7
		_x_tot_transm_time = (tot_transm_time + 1.0)
	starting from: {delta: 0.0, _diverge_delta: 0.0, st12_evt1: True, st12_evt0: False, st11_evt1: True, st11_evt0: False, st29_evt1: True, st10_evt1: True, st10_evt0: False, st10_l: True, st28_evt1: True, st9_evt1: True, st9_evt0: False, st9_l: True, st27_evt1: True, st8_evt1: True, st8_evt0: False, st8_l: True, st26_evt1: True, st7_evt1: True, st7_evt0: False, st7_l: True, st25_evt1: True, st6_evt1: True, st6_evt0: False, st6_l: True, st24_evt1: True, st5_evt1: True, st29_evt0: False, st5_evt0: False, st11_l: True, st1_req_time: 1/2, st18_evt1: True, st4_evt0: False, st0_evt0: False, st0_evt1: True, mgr_c: 0.0, st0_req_time: 1/2, st17_evt0: False, st3_evt0: False, tot_transm_time: 10.0, st1_l: True, st3_l: True, st27_req_time: 1/2, st1_evt0: False, st0_l: True, st20_evt1: True, st1_evt1: True, st25_evt0: False, mgr_evt0: False, st13_evt0: False, st2_l: True, mgr_timeout: 0.0, st12_l: True, st2_req_time: 1/2, st19_evt1: True, mgr_evt1: False, st13_evt1: True, st2_evt0: False, st4_l: True, st2_evt1: True, st26_evt0: False, st21_evt1: True, st23_evt1: True, st4_evt1: True, st28_evt0: False, st5_l: True, st3_evt1: True, st27_evt0: False, mgr_l: True, st3_req_time: 1/2, st13_l: True, st22_evt1: False, st4_req_time: 1/2, st14_l: True, st24_l: True, st14_req_time: 1/2, st14_evt0: False, st14_evt1: True, st5_req_time: 1/2, st15_l: True, st25_l: True, st15_req_time: 1/2, st15_evt0: False, st15_evt1: True, st6_req_time: 1/2, st16_l: True, st26_l: True, st16_req_time: 1/2, st16_evt0: False, st16_evt1: True, st7_req_time: 1/2, st17_l: True, st27_l: True, st17_req_time: 1/2, st17_evt1: True, st8_req_time: 1/2, st18_l: True, st28_l: True, st18_req_time: 1/2, st18_evt0: False, st9_req_time: 1/2, st19_l: True, st29_l: True, st19_req_time: 1/2, st19_evt0: False, st10_req_time: 1/2, st20_l: True, st20_req_time: 1/2, st20_evt0: False, st11_req_time: 1/2, st21_l: True, st21_req_time: 10.0, st21_evt0: False, st12_req_time: 1/2, st22_l: True, st22_req_time: 1.0, st22_evt0: False, st13_req_time: 1/2, st23_l: True, st23_req_time: 1.0, st23_evt0: False, st24_req_time: 1/2, st24_evt0: False, st25_req_time: 1/2, st26_req_time: 1/2, st28_req_time: 1/2, st29_req_time: 1/2, _J2759: True, _J2765: True, _J2773: True, _J2779: True, _J2786: True, _J2792: True, _EL_U_2718: True, _EL_U_2720: False, _EL_X_2685: False, _EL_U_2722: True, _EL_U_2724: False, _EL_U_2726: False, _EL_U_2728: True}

end of `token_ring_0030`: SUCCESS in 4.327102422714233s
