F3 run `token_ring_0011`

	Found non-termination argument:
	State 4
		st3_req_time = 1.0
		st0_req_time = 1.0
		st10_req_time = 1.0
		_diverge_delta = 0.0
		st7_req_time = 1.0
		delta = 0.0
		st4_req_time = 1.0
		st1_req_time = 1.0
		st5_req_time = 1.0
		st2_req_time = 1.0
		mgr_timeout = 0.0
		st9_req_time = 1.0
		st6_req_time = 1.0
		mgr_c = 0.0
		st8_l = True
		st5_l = True
		st2_l = True
		mgr_l = True
		st1_evt1 = True
		st1_evt0 = False
		st0_evt1 = True
		st0_evt0 = False
		st2_evt1 = True
		st2_evt0 = False
		st9_l = True
		st3_evt1 = True
		st6_l = True
		st3_evt0 = False
		st0_l = True
		st3_l = True
		st4_evt1 = True
		st4_evt0 = False
		st5_evt1 = True
		st5_evt0 = False
		st6_evt1 = True
		st6_evt0 = False
		st7_evt1 = True
		st7_evt0 = False
		st8_evt1 = False
		st8_evt0 = False
		st9_evt1 = True
		st9_evt0 = False
		st10_evt1 = True
		_J949 = True
		st10_evt0 = False
		_J943 = True
		_J936 = True
		mgr_evt1 = False
		_J930 = True
		mgr_evt0 = False
		st7_l = True
		_J922 = True
		_J916 = True
		st10_l = True
		st1_l = True
		_EL_U_875 = True
		st4_l = True
		_EL_U_877 = False
		_EL_X_842 = False
		_EL_U_879 = True
		_EL_U_881 = False
		_EL_U_883 = False
		_EL_U_885 = True
		((-1.0 * st8_req_time) < 0.0)
		(st8_req_time = 1.0)
		((-1.0 * tot_transm_time) <= -9.0)
		((-1.0 * tot_transm_time) <= -10.0)
		((((-1.0 * st8_req_time) + 499/99) - (tot_transm_time * 40/99)) <= 0.0)
	Trans 4 -- 5
		_x_tot_transm_time = tot_transm_time
		_x_st8_req_time = st8_req_time
	State 5
		st3_req_time = 1.0
		st0_req_time = 1.0
		st10_req_time = 1.0
		_diverge_delta = 0.0
		st7_req_time = 1.0
		delta = 1.0
		st4_req_time = 1.0
		st1_req_time = 1.0
		st5_req_time = 1.0
		st2_req_time = 1.0
		mgr_timeout = 1.0
		st9_req_time = 1.0
		st6_req_time = 1.0
		mgr_c = 0.0
		st8_l = False
		st5_l = True
		st2_l = True
		mgr_l = False
		st1_evt1 = True
		st1_evt0 = False
		st0_evt1 = False
		st0_evt0 = True
		st2_evt1 = True
		st2_evt0 = False
		st9_l = True
		st3_evt1 = True
		st6_l = True
		st3_evt0 = False
		st0_l = True
		st3_l = True
		st4_evt1 = True
		st4_evt0 = False
		st5_evt1 = True
		st5_evt0 = False
		st6_evt1 = True
		st6_evt0 = False
		st7_evt1 = True
		st7_evt0 = False
		st8_evt1 = True
		st8_evt0 = False
		st9_evt1 = True
		st9_evt0 = False
		st10_evt1 = True
		_J949 = False
		st10_evt0 = False
		_J943 = False
		_J936 = False
		mgr_evt1 = False
		_J930 = False
		mgr_evt0 = True
		st7_l = True
		_J922 = False
		_J916 = False
		st10_l = True
		st1_l = True
		_EL_U_875 = True
		st4_l = True
		_EL_U_877 = False
		_EL_X_842 = False
		_EL_U_879 = True
		_EL_U_881 = False
		_EL_U_883 = False
		_EL_U_885 = True
	Trans 5 -- 6
		_x_tot_transm_time = tot_transm_time
		_x_st8_req_time = st8_req_time
	State 6
		st3_req_time = 1.0
		st0_req_time = 1.0
		st10_req_time = 1.0
		_diverge_delta = 1.0
		st7_req_time = 1.0
		delta = 0.0
		st4_req_time = 1.0
		st1_req_time = 1.0
		st5_req_time = 1.0
		st2_req_time = 1.0
		mgr_timeout = 1.0
		st9_req_time = 1.0
		st6_req_time = 1.0
		mgr_c = 1.0
		st8_l = False
		st5_l = True
		st2_l = True
		mgr_l = False
		st1_evt1 = True
		st1_evt0 = False
		st0_evt1 = True
		st0_evt0 = False
		st2_evt1 = True
		st2_evt0 = False
		st9_l = True
		st3_evt1 = True
		st6_l = True
		st3_evt0 = False
		st0_l = True
		st3_l = True
		st4_evt1 = True
		st4_evt0 = False
		st5_evt1 = True
		st5_evt0 = False
		st6_evt1 = True
		st6_evt0 = False
		st7_evt1 = True
		st7_evt0 = False
		st8_evt1 = False
		st8_evt0 = True
		st9_evt1 = True
		st9_evt0 = False
		st10_evt1 = True
		_J949 = True
		st10_evt0 = False
		_J943 = False
		_J936 = True
		mgr_evt1 = False
		_J930 = False
		mgr_evt0 = True
		st7_l = True
		_J922 = True
		_J916 = True
		st10_l = True
		st1_l = True
		_EL_U_875 = True
		st4_l = True
		_EL_U_877 = False
		_EL_X_842 = True
		_EL_U_879 = True
		_EL_U_881 = False
		_EL_U_883 = False
		_EL_U_885 = True
	Trans 6 -- 7
		_x_tot_transm_time = (tot_transm_time + 1.0)
		_x_st8_req_time = 1.0
	starting from: _diverge_delta : 0.0, st8_l : True, st5_l : True, delta : 0.0, st2_l : True, st8_req_time : 1.0, st5_req_time : 1.0, st2_req_time : 1.0, tot_transm_time : 10.0, mgr_l : True, mgr_timeout : 0.0, mgr_c : 0.0, st1_evt1 : True, st1_evt0 : False, st0_evt1 : True, st0_evt0 : False, st2_evt1 : True, st2_evt0 : False, st9_l : True, st3_evt1 : True, st6_l : True, st3_evt0 : False, st0_l : True, st3_l : True, st4_evt1 : True, st4_evt0 : False, st9_req_time : 1.0, st5_evt1 : True, st6_req_time : 1.0, st5_evt0 : False, st3_req_time : 1.0, st6_evt1 : True, st0_req_time : 1.0, st6_evt0 : False, st7_evt1 : True, st7_evt0 : False, st8_evt1 : False, st8_evt0 : False, st9_evt1 : True, st9_evt0 : False, st10_evt1 : True, _J949 : True, st10_evt0 : False, _J943 : True, _J936 : True, mgr_evt1 : False, _J930 : True, mgr_evt0 : False, st7_l : True, _J922 : True, _J916 : True, st10_l : True, st1_l : True, _EL_U_875 : True, st4_l : True, _EL_U_877 : False, st10_req_time : 1.0, _EL_X_842 : False, st7_req_time : 1.0, _EL_U_879 : True, st4_req_time : 1.0, st1_req_time : 1.0, _EL_U_881 : False, _EL_U_883 : False, _EL_U_885 : True

end of `token_ring_0011`: SUCCESS in 4.702024221420288s
