F3 run `token_ring_0024`

	Found non-termination argument:
	State 4
		st8_req_time = 1.0
		st5_req_time = 1.0
		st2_req_time = 1.0
		_diverge_delta = 0.0
		mgr_timeout = 0.0
		delta = 0.0
		st22_req_time = 1.0
		st19_req_time = 1.0
		st16_req_time = 1.0
		st13_req_time = 1.0
		st10_req_time = 1.0
		st7_req_time = 1.0
		st4_req_time = 1.0
		st1_req_time = 1.0
		mgr_c = 0.0
		st21_req_time = 1.0
		st18_req_time = 1.0
		st15_req_time = 1.0
		st12_req_time = 1.0
		st9_req_time = 1.0
		st6_req_time = 1.0
		st3_req_time = 1.0
		st0_req_time = 1.0
		st23_req_time = 1.0
		st20_req_time = 1.0
		st17_req_time = 1.0
		st14_req_time = 1.0
		st11_req_time = 1.0
		_EL_U_2058 = True
		_EL_U_2060 = False
		_EL_X_2025 = False
		st16_l = True
		_EL_U_2062 = True
		_EL_U_2064 = False
		_EL_U_2066 = False
		st4_l = True
		_EL_U_2068 = True
		mgr_l = True
		st1_evt1 = True
		st1_evt0 = False
		st0_evt1 = True
		st0_evt0 = False
		st2_evt1 = True
		st2_evt0 = False
		st17_l = True
		st3_evt1 = True
		st3_evt0 = False
		st4_evt1 = True
		st5_l = True
		st4_evt0 = False
		st5_evt1 = True
		st5_evt0 = False
		st6_evt1 = True
		st6_evt0 = False
		st7_evt1 = True
		st7_evt0 = False
		st8_evt1 = True
		st8_evt0 = False
		st9_evt1 = True
		st9_evt0 = False
		st10_evt1 = True
		st10_evt0 = False
		st18_l = True
		st11_evt1 = True
		st11_evt0 = False
		st12_evt1 = True
		st12_evt0 = False
		st6_l = True
		st13_evt1 = True
		st13_evt0 = False
		st14_evt1 = True
		st14_evt0 = False
		st15_evt1 = True
		st15_evt0 = False
		st16_evt1 = True
		st16_evt0 = False
		st17_evt1 = True
		st17_evt0 = False
		st18_evt1 = True
		st18_evt0 = False
		st19_evt1 = True
		st19_l = True
		st19_evt0 = False
		st20_evt1 = True
		st20_evt0 = False
		st21_evt1 = True
		st7_l = True
		st21_evt0 = False
		st22_evt1 = True
		st22_evt0 = False
		st23_evt1 = False
		st23_evt0 = False
		mgr_evt1 = False
		mgr_evt0 = False
		st20_l = True
		st8_l = True
		st21_l = True
		st9_l = True
		st22_l = True
		st10_l = True
		st23_l = True
		st11_l = True
		st12_l = True
		st0_l = True
		st13_l = True
		st1_l = True
		st14_l = True
		st2_l = True
		st15_l = True
		st3_l = True
		_J2132 = True
		_J2126 = True
		_J2119 = True
		_J2113 = True
		_J2105 = True
		_J2099 = True
		((-1.0 * tot_transm_time) <= -10.0)
		((-1.0 * tot_transm_time) <= -9.0)
		((9.0 - (tot_transm_time * 9/10)) <= 0.0)
	Trans 4 -- 5
		_x_tot_transm_time = tot_transm_time
	State 5
		st8_req_time = 1.0
		st5_req_time = 1.0
		st2_req_time = 1.0
		_diverge_delta = 0.0
		mgr_timeout = 1.0
		delta = 1.0
		st22_req_time = 1.0
		st19_req_time = 1.0
		st16_req_time = 1.0
		st13_req_time = 1.0
		st10_req_time = 1.0
		st7_req_time = 1.0
		st4_req_time = 1.0
		st1_req_time = 1.0
		mgr_c = 0.0
		st21_req_time = 1.0
		st18_req_time = 1.0
		st15_req_time = 1.0
		st12_req_time = 1.0
		st9_req_time = 1.0
		st6_req_time = 1.0
		st3_req_time = 1.0
		st0_req_time = 1.0
		st23_req_time = 1.0
		st20_req_time = 1.0
		st17_req_time = 1.0
		st14_req_time = 1.0
		st11_req_time = 1.0
		_EL_U_2058 = True
		_EL_U_2060 = False
		_EL_X_2025 = False
		st16_l = True
		_EL_U_2062 = True
		_EL_U_2064 = False
		_EL_U_2066 = False
		st4_l = True
		_EL_U_2068 = True
		mgr_l = False
		st1_evt1 = True
		st1_evt0 = False
		st0_evt1 = True
		st0_evt0 = False
		st2_evt1 = True
		st2_evt0 = False
		st17_l = True
		st3_evt1 = True
		st3_evt0 = False
		st4_evt1 = True
		st5_l = True
		st4_evt0 = False
		st5_evt1 = True
		st5_evt0 = False
		st6_evt1 = True
		st6_evt0 = False
		st7_evt1 = True
		st7_evt0 = False
		st8_evt1 = True
		st8_evt0 = False
		st9_evt1 = True
		st9_evt0 = False
		st10_evt1 = True
		st10_evt0 = False
		st18_l = True
		st11_evt1 = True
		st11_evt0 = False
		st12_evt1 = True
		st12_evt0 = False
		st6_l = True
		st13_evt1 = True
		st13_evt0 = False
		st14_evt1 = True
		st14_evt0 = False
		st15_evt1 = True
		st15_evt0 = False
		st16_evt1 = True
		st16_evt0 = False
		st17_evt1 = True
		st17_evt0 = False
		st18_evt1 = True
		st18_evt0 = False
		st19_evt1 = True
		st19_l = True
		st19_evt0 = False
		st20_evt1 = True
		st20_evt0 = False
		st21_evt1 = True
		st7_l = True
		st21_evt0 = False
		st22_evt1 = True
		st22_evt0 = False
		st23_evt1 = False
		st23_evt0 = False
		mgr_evt1 = False
		mgr_evt0 = False
		st20_l = True
		st8_l = True
		st21_l = True
		st9_l = True
		st22_l = True
		st10_l = True
		st23_l = False
		st11_l = True
		st12_l = True
		st0_l = True
		st13_l = True
		st1_l = True
		st14_l = True
		st2_l = True
		st15_l = True
		st3_l = True
		_J2132 = False
		_J2126 = False
		_J2119 = False
		_J2113 = False
		_J2105 = False
		_J2099 = False
	Trans 5 -- 6
		_x_tot_transm_time = tot_transm_time
	State 6
		st8_req_time = 1.0
		st5_req_time = 1.0
		st2_req_time = 1.0
		_diverge_delta = 1.0
		mgr_timeout = 1.0
		delta = 0.0
		st22_req_time = 1.0
		st19_req_time = 1.0
		st16_req_time = 1.0
		st13_req_time = 1.0
		st10_req_time = 1.0
		st7_req_time = 1.0
		st4_req_time = 1.0
		st1_req_time = 1.0
		mgr_c = 1.0
		st21_req_time = 1.0
		st18_req_time = 1.0
		st15_req_time = 1.0
		st12_req_time = 1.0
		st9_req_time = 1.0
		st6_req_time = 1.0
		st3_req_time = 1.0
		st0_req_time = 1.0
		st23_req_time = 1.0
		st20_req_time = 1.0
		st17_req_time = 1.0
		st14_req_time = 1.0
		st11_req_time = 1.0
		_EL_U_2058 = True
		_EL_U_2060 = False
		_EL_X_2025 = True
		st16_l = True
		_EL_U_2062 = True
		_EL_U_2064 = False
		_EL_U_2066 = False
		st4_l = True
		_EL_U_2068 = True
		mgr_l = False
		st1_evt1 = True
		st1_evt0 = False
		st0_evt1 = True
		st0_evt0 = False
		st2_evt1 = True
		st2_evt0 = False
		st17_l = True
		st3_evt1 = True
		st3_evt0 = False
		st4_evt1 = True
		st5_l = True
		st4_evt0 = False
		st5_evt1 = True
		st5_evt0 = False
		st6_evt1 = True
		st6_evt0 = False
		st7_evt1 = True
		st7_evt0 = False
		st8_evt1 = True
		st8_evt0 = False
		st9_evt1 = True
		st9_evt0 = False
		st10_evt1 = True
		st10_evt0 = False
		st18_l = True
		st11_evt1 = True
		st11_evt0 = False
		st12_evt1 = True
		st12_evt0 = False
		st6_l = True
		st13_evt1 = True
		st13_evt0 = False
		st14_evt1 = True
		st14_evt0 = False
		st15_evt1 = True
		st15_evt0 = False
		st16_evt1 = True
		st16_evt0 = False
		st17_evt1 = True
		st17_evt0 = False
		st18_evt1 = True
		st18_evt0 = False
		st19_evt1 = True
		st19_l = True
		st19_evt0 = False
		st20_evt1 = True
		st20_evt0 = False
		st21_evt1 = True
		st7_l = True
		st21_evt0 = False
		st22_evt1 = True
		st22_evt0 = False
		st23_evt1 = False
		st23_evt0 = True
		mgr_evt1 = False
		mgr_evt0 = True
		st20_l = True
		st8_l = True
		st21_l = True
		st9_l = True
		st22_l = True
		st10_l = True
		st23_l = False
		st11_l = True
		st12_l = True
		st0_l = True
		st13_l = True
		st1_l = True
		st14_l = True
		st2_l = True
		st15_l = True
		st3_l = True
		_J2132 = True
		_J2126 = False
		_J2119 = True
		_J2113 = False
		_J2105 = True
		_J2099 = True
	Trans 6 -- 7
		_x_tot_transm_time = (tot_transm_time + 1.0)
	starting from: _EL_U_2058 : True, _EL_U_2060 : False, _EL_X_2025 : False, st16_l : True, _diverge_delta : 0.0, _EL_U_2062 : True, delta : 0.0, _EL_U_2064 : False, _EL_U_2066 : False, st4_l : True, st16_req_time : 1.0, _EL_U_2068 : True, tot_transm_time : 10.0, st4_req_time : 1.0, mgr_l : True, mgr_c : 0.0, st1_evt1 : True, st1_evt0 : False, st0_evt1 : True, st0_evt0 : False, st2_evt1 : True, st2_evt0 : False, st17_l : True, st3_evt1 : True, st3_evt0 : False, st4_evt1 : True, st5_l : True, st4_evt0 : False, st17_req_time : 1.0, st5_evt1 : True, st5_evt0 : False, st6_evt1 : True, st5_req_time : 1.0, st6_evt0 : False, st7_evt1 : True, st7_evt0 : False, st8_evt1 : True, st8_evt0 : False, st9_evt1 : True, st9_evt0 : False, st10_evt1 : True, st10_evt0 : False, st18_l : True, st11_evt1 : True, st11_evt0 : False, st12_evt1 : True, st12_evt0 : False, st6_l : True, st18_req_time : 1.0, st13_evt1 : True, st13_evt0 : False, st14_evt1 : True, st14_evt0 : False, st6_req_time : 1.0, st15_evt1 : True, st15_evt0 : False, st16_evt1 : True, st16_evt0 : False, st17_evt1 : True, st17_evt0 : False, st18_evt1 : True, st18_evt0 : False, st19_evt1 : True, st19_l : True, st19_evt0 : False, st20_evt1 : True, st20_evt0 : False, st21_evt1 : True, st7_l : True, st21_evt0 : False, st19_req_time : 1.0, st22_evt1 : True, st22_evt0 : False, st23_evt1 : False, st7_req_time : 1.0, st23_evt0 : False, mgr_evt1 : False, mgr_evt0 : False, st20_l : True, st8_l : True, st20_req_time : 1.0, st8_req_time : 1.0, st21_l : True, st9_l : True, st21_req_time : 1.0, st9_req_time : 1.0, st22_l : True, st10_l : True, st22_req_time : 1.0, st10_req_time : 1.0, st23_l : True, st11_l : True, st23_req_time : 1.0, st11_req_time : 1.0, mgr_timeout : 0.0, st12_l : True, st0_l : True, st12_req_time : 1.0, st0_req_time : 1.0, st13_l : True, st1_l : True, st13_req_time : 1.0, st1_req_time : 1.0, st14_l : True, st2_l : True, st14_req_time : 1.0, st2_req_time : 1.0, st15_l : True, st3_l : True, st15_req_time : 1.0, st3_req_time : 1.0, _J2132 : True, _J2126 : True, _J2119 : True, _J2113 : True, _J2105 : True, _J2099 : True

end of `token_ring_0024`: SUCCESS in 7.680165529251099s
