

run 1/1: `token_ring_0027`

	Found non-termination argument:
	Do states 4..6 while (((tot_transm_time * 1/8) + -1/4) < 0.0)
	State 4
		delta = 0.0
		st26_req_time = 1/2
		st25_req_time = 1/2
		st24_evt0 = False
		st24_req_time = 10.0
		st23_evt0 = False
		st23_req_time = 1/2
		st23_l = True
		st22_evt0 = False
		st22_req_time = 1/2
		st22_l = True
		st21_evt0 = False
		_diverge_delta = 0.0
		st21_req_time = 1/2
		st21_l = True
		st20_evt0 = False
		st20_req_time = 1/2
		st20_l = True
		st19_evt0 = False
		st19_req_time = 1.0
		st19_l = True
		st18_evt0 = False
		st18_req_time = 1/2
		st18_l = True
		st17_evt1 = True
		st17_req_time = 1/2
		st17_l = True
		st16_evt1 = True
		st16_evt0 = False
		st16_req_time = 1/2
		st16_l = True
		st15_evt1 = True
		st15_evt0 = False
		st15_req_time = 1/2
		st15_l = True
		st14_evt1 = True
		st14_evt0 = False
		st14_req_time = 1/2
		st14_l = True
		st22_evt1 = True
		st5_req_time = 1/2
		st13_l = True
		mgr_l = True
		st3_evt1 = True
		st5_l = True
		st4_evt1 = True
		st23_evt1 = True
		st6_req_time = 1/2
		st21_evt1 = True
		st4_req_time = 1/2
		st26_evt0 = False
		st2_evt1 = True
		st4_l = True
		st26_l = True
		st2_evt0 = False
		st13_evt1 = True
		mgr_evt1 = False
		st19_evt1 = False
		st2_req_time = 1/2
		mgr_timeout = 0.0
		st2_l = True
		st13_evt0 = False
		mgr_evt0 = False
		st25_evt0 = False
		st1_evt1 = True
		st20_evt1 = True
		st3_req_time = 1/2
		st0_l = True
		st25_l = True
		st1_evt0 = False
		st3_l = True
		st1_l = True
		st3_evt0 = False
		st17_evt0 = False
		st0_req_time = 1/2
		st13_req_time = 1/2
		mgr_c = 0.0
		st24_l = True
		st0_evt1 = True
		st0_evt0 = False
		st4_evt0 = False
		st18_evt1 = True
		st1_req_time = 1/2
		st5_evt0 = False
		st5_evt1 = True
		st24_evt1 = True
		st7_req_time = 10.0
		st6_l = True
		st6_evt0 = False
		st6_evt1 = True
		st25_evt1 = True
		st8_req_time = 1/2
		st7_l = True
		st7_evt0 = False
		st7_evt1 = True
		st26_evt1 = True
		st9_req_time = 1/2
		st8_l = True
		st8_evt0 = False
		st8_evt1 = True
		st10_req_time = 1/2
		st9_l = True
		st9_evt0 = False
		st9_evt1 = True
		st11_req_time = 1/2
		st10_l = True
		st10_evt0 = False
		st10_evt1 = True
		st12_req_time = 1/2
		st11_l = True
		st11_evt0 = False
		st11_evt1 = True
		st12_l = True
		st12_evt0 = False
		st12_evt1 = True
		_J2420 = True
		_J2426 = True
		_J2434 = True
		_J2440 = True
		_J2447 = True
		_J2453 = True
		_EL_U_2379 = True
		_EL_U_2381 = False
		_EL_X_2346 = False
		_EL_U_2383 = True
		_EL_U_2385 = False
		_EL_U_2387 = False
		_EL_U_2389 = True
		((-1.0 * tot_transm_time) <= -10.0)
	Trans 4 -- 5
		_x_tot_transm_time : tot_transm_time
	State 5
		delta = 1.0
		st26_req_time = 1/2
		st25_req_time = 1/2
		st24_evt0 = False
		st24_req_time = 10.0
		st23_evt0 = False
		st23_req_time = 1/2
		st23_l = True
		st22_evt0 = False
		st22_req_time = 1/2
		st22_l = True
		st21_evt0 = False
		_diverge_delta = 0.0
		st21_req_time = 1/2
		st21_l = True
		st20_evt0 = False
		st20_req_time = 1/2
		st20_l = True
		st19_evt0 = False
		st19_req_time = 1.0
		st19_l = False
		st18_evt0 = False
		st18_req_time = 1/2
		st18_l = True
		st17_evt1 = True
		st17_req_time = 1/2
		st17_l = True
		st16_evt1 = True
		st16_evt0 = False
		st16_req_time = 1/2
		st16_l = True
		st15_evt1 = True
		st15_evt0 = False
		st15_req_time = 1/2
		st15_l = True
		st14_evt1 = True
		st14_evt0 = False
		st14_req_time = 1/2
		st14_l = True
		st22_evt1 = True
		st5_req_time = 1/2
		st13_l = True
		mgr_l = False
		st3_evt1 = True
		st5_l = True
		st4_evt1 = True
		st23_evt1 = True
		st6_req_time = 1/2
		st21_evt1 = True
		st4_req_time = 1/2
		st26_evt0 = False
		st2_evt1 = True
		st4_l = True
		st26_l = True
		st2_evt0 = False
		st13_evt1 = True
		mgr_evt1 = True
		st19_evt1 = True
		st2_req_time = 1/2
		mgr_timeout = 1.0
		st2_l = True
		st13_evt0 = False
		mgr_evt0 = False
		st25_evt0 = False
		st1_evt1 = True
		st20_evt1 = True
		st3_req_time = 1/2
		st0_l = True
		st25_l = True
		st1_evt0 = False
		st3_l = True
		st1_l = True
		st3_evt0 = False
		st17_evt0 = False
		st0_req_time = 1/2
		st13_req_time = 1/2
		mgr_c = 0.0
		st24_l = True
		st0_evt1 = True
		st0_evt0 = False
		st4_evt0 = False
		st18_evt1 = True
		st1_req_time = 1/2
		st5_evt0 = False
		st5_evt1 = True
		st24_evt1 = True
		st7_req_time = 10.0
		st6_l = True
		st6_evt0 = False
		st6_evt1 = True
		st25_evt1 = True
		st8_req_time = 1/2
		st7_l = True
		st7_evt0 = False
		st7_evt1 = True
		st26_evt1 = True
		st9_req_time = 1/2
		st8_l = True
		st8_evt0 = False
		st8_evt1 = True
		st10_req_time = 1/2
		st9_l = True
		st9_evt0 = False
		st9_evt1 = True
		st11_req_time = 1/2
		st10_l = True
		st10_evt0 = False
		st10_evt1 = True
		st12_req_time = 1/2
		st11_l = True
		st11_evt0 = False
		st11_evt1 = True
		st12_l = True
		st12_evt0 = False
		st12_evt1 = True
		_J2420 = False
		_J2426 = False
		_J2434 = False
		_J2440 = False
		_J2447 = False
		_J2453 = False
		_EL_U_2379 = True
		_EL_U_2381 = False
		_EL_X_2346 = False
		_EL_U_2383 = True
		_EL_U_2385 = False
		_EL_U_2387 = False
		_EL_U_2389 = True
	Trans 5 -- 6
		_x_tot_transm_time : tot_transm_time
	State 6
		delta = 0.0
		st26_req_time = 1/2
		st25_req_time = 1/2
		st24_evt0 = False
		st24_req_time = 10.0
		st23_evt0 = False
		st23_req_time = 1/2
		st23_l = True
		st22_evt0 = False
		st22_req_time = 1/2
		st22_l = True
		st21_evt0 = False
		_diverge_delta = 1.0
		st21_req_time = 1/2
		st21_l = True
		st20_evt0 = False
		st20_req_time = 1/2
		st20_l = True
		st19_evt0 = True
		st19_req_time = 1.0
		st19_l = False
		st18_evt0 = False
		st18_req_time = 1/2
		st18_l = True
		st17_evt1 = True
		st17_req_time = 1/2
		st17_l = True
		st16_evt1 = True
		st16_evt0 = False
		st16_req_time = 1/2
		st16_l = True
		st15_evt1 = True
		st15_evt0 = False
		st15_req_time = 1/2
		st15_l = True
		st14_evt1 = True
		st14_evt0 = False
		st14_req_time = 1/2
		st14_l = True
		st22_evt1 = True
		st5_req_time = 1/2
		st13_l = True
		mgr_l = False
		st3_evt1 = True
		st5_l = True
		st4_evt1 = True
		st23_evt1 = True
		st6_req_time = 1/2
		st21_evt1 = True
		st4_req_time = 1/2
		st26_evt0 = False
		st2_evt1 = True
		st4_l = True
		st26_l = True
		st2_evt0 = False
		st13_evt1 = True
		mgr_evt1 = False
		st19_evt1 = False
		st2_req_time = 1/2
		mgr_timeout = 1.0
		st2_l = True
		st13_evt0 = False
		mgr_evt0 = True
		st25_evt0 = False
		st1_evt1 = True
		st20_evt1 = True
		st3_req_time = 1/2
		st0_l = True
		st25_l = True
		st1_evt0 = False
		st3_l = True
		st1_l = True
		st3_evt0 = False
		st17_evt0 = False
		st0_req_time = 1/2
		st13_req_time = 1/2
		mgr_c = 1.0
		st24_l = True
		st0_evt1 = True
		st0_evt0 = False
		st4_evt0 = False
		st18_evt1 = True
		st1_req_time = 1/2
		st5_evt0 = False
		st5_evt1 = True
		st24_evt1 = True
		st7_req_time = 10.0
		st6_l = True
		st6_evt0 = False
		st6_evt1 = True
		st25_evt1 = True
		st8_req_time = 1/2
		st7_l = True
		st7_evt0 = False
		st7_evt1 = True
		st26_evt1 = True
		st9_req_time = 1/2
		st8_l = True
		st8_evt0 = False
		st8_evt1 = True
		st10_req_time = 1/2
		st9_l = True
		st9_evt0 = False
		st9_evt1 = True
		st11_req_time = 1/2
		st10_l = True
		st10_evt0 = False
		st10_evt1 = True
		st12_req_time = 1/2
		st11_l = True
		st11_evt0 = False
		st11_evt1 = True
		st12_l = True
		st12_evt0 = False
		st12_evt1 = True
		_J2420 = True
		_J2426 = True
		_J2434 = False
		_J2440 = True
		_J2447 = False
		_J2453 = True
		_EL_U_2379 = True
		_EL_U_2381 = False
		_EL_X_2346 = True
		_EL_U_2383 = True
		_EL_U_2385 = False
		_EL_U_2387 = False
		_EL_U_2389 = True
	Trans 6 -- 4
		_x_tot_transm_time : (tot_transm_time + 1.0)
	End do-while
	State 6
		delta = 0.0
		st26_req_time = 1/2
		st25_req_time = 1/2
		st24_evt0 = False
		st24_req_time = 10.0
		st23_evt0 = False
		st23_req_time = 1/2
		st23_l = True
		st22_evt0 = False
		st22_req_time = 1/2
		st22_l = True
		st21_evt0 = False
		_diverge_delta = 1.0
		st21_req_time = 1/2
		st21_l = True
		st20_evt0 = False
		st20_req_time = 1/2
		st20_l = True
		st19_evt0 = True
		st19_req_time = 1.0
		st19_l = False
		st18_evt0 = False
		st18_req_time = 1/2
		st18_l = True
		st17_evt1 = True
		st17_req_time = 1/2
		st17_l = True
		st16_evt1 = True
		st16_evt0 = False
		st16_req_time = 1/2
		st16_l = True
		st15_evt1 = True
		st15_evt0 = False
		st15_req_time = 1/2
		st15_l = True
		st14_evt1 = True
		st14_evt0 = False
		st14_req_time = 1/2
		st14_l = True
		st22_evt1 = True
		st5_req_time = 1/2
		st13_l = True
		mgr_l = False
		st3_evt1 = True
		st5_l = True
		st4_evt1 = True
		st23_evt1 = True
		st6_req_time = 1/2
		st21_evt1 = True
		st4_req_time = 1/2
		st26_evt0 = False
		st2_evt1 = True
		st4_l = True
		st26_l = True
		st2_evt0 = False
		st13_evt1 = True
		mgr_evt1 = False
		st19_evt1 = False
		st2_req_time = 1/2
		mgr_timeout = 1.0
		st2_l = True
		st13_evt0 = False
		mgr_evt0 = True
		st25_evt0 = False
		st1_evt1 = True
		st20_evt1 = True
		st3_req_time = 1/2
		st0_l = True
		st25_l = True
		st1_evt0 = False
		st3_l = True
		st1_l = True
		st3_evt0 = False
		st17_evt0 = False
		st0_req_time = 1/2
		st13_req_time = 1/2
		mgr_c = 1.0
		st24_l = True
		st0_evt1 = True
		st0_evt0 = False
		st4_evt0 = False
		st18_evt1 = True
		st1_req_time = 1/2
		st5_evt0 = False
		st5_evt1 = True
		st24_evt1 = True
		st7_req_time = 10.0
		st6_l = True
		st6_evt0 = False
		st6_evt1 = True
		st25_evt1 = True
		st8_req_time = 1/2
		st7_l = True
		st7_evt0 = False
		st7_evt1 = True
		st26_evt1 = True
		st9_req_time = 1/2
		st8_l = True
		st8_evt0 = False
		st8_evt1 = True
		st10_req_time = 1/2
		st9_l = True
		st9_evt0 = False
		st9_evt1 = True
		st11_req_time = 1/2
		st10_l = True
		st10_evt0 = False
		st10_evt1 = True
		st12_req_time = 1/2
		st11_l = True
		st11_evt0 = False
		st11_evt1 = True
		st12_l = True
		st12_evt0 = False
		st12_evt1 = True
		_J2420 = True
		_J2426 = True
		_J2434 = False
		_J2440 = True
		_J2447 = False
		_J2453 = True
		_EL_U_2379 = True
		_EL_U_2381 = False
		_EL_X_2346 = True
		_EL_U_2383 = True
		_EL_U_2385 = False
		_EL_U_2387 = False
		_EL_U_2389 = True
		((1/4 - (tot_transm_time * 1/8)) <= 0.0)
		((-1.0 * tot_transm_time) <= -9.0)
	Trans 6 -- 7
		_x_tot_transm_time = (tot_transm_time + 1.0)
	starting from: {delta: 0.0, st26_req_time: 1/2, st25_req_time: 1/2, st24_evt0: False, st24_req_time: 10.0, st23_evt0: False, st23_req_time: 1/2, st23_l: True, st22_evt0: False, st22_req_time: 1/2, st22_l: True, st21_evt0: False, _diverge_delta: 0.0, st21_req_time: 1/2, st21_l: True, st20_evt0: False, st20_req_time: 1/2, st20_l: True, st19_evt0: False, st19_req_time: 1.0, st19_l: True, st18_evt0: False, st18_req_time: 1/2, st18_l: True, st17_evt1: True, st17_req_time: 1/2, st17_l: True, st16_evt1: True, st16_evt0: False, st16_req_time: 1/2, st16_l: True, st15_evt1: True, st15_evt0: False, st15_req_time: 1/2, st15_l: True, st14_evt1: True, st14_evt0: False, st14_req_time: 1/2, st14_l: True, st22_evt1: True, st5_req_time: 1/2, st13_l: True, mgr_l: True, st3_evt1: True, st5_l: True, st4_evt1: True, st23_evt1: True, st6_req_time: 1/2, st21_evt1: True, st4_req_time: 1/2, st26_evt0: False, st2_evt1: True, st4_l: True, st26_l: True, st2_evt0: False, st13_evt1: True, mgr_evt1: False, st19_evt1: False, st2_req_time: 1/2, mgr_timeout: 0.0, st2_l: True, st13_evt0: False, mgr_evt0: False, st25_evt0: False, st1_evt1: True, st20_evt1: True, st3_req_time: 1/2, st0_l: True, st25_l: True, st1_evt0: False, st3_l: True, st1_l: True, tot_transm_time: 10.0, st3_evt0: False, st17_evt0: False, st0_req_time: 1/2, st13_req_time: 1/2, mgr_c: 0.0, st24_l: True, st0_evt1: True, st0_evt0: False, st4_evt0: False, st18_evt1: True, st1_req_time: 1/2, st5_evt0: False, st5_evt1: True, st24_evt1: True, st7_req_time: 10.0, st6_l: True, st6_evt0: False, st6_evt1: True, st25_evt1: True, st8_req_time: 1/2, st7_l: True, st7_evt0: False, st7_evt1: True, st26_evt1: True, st9_req_time: 1/2, st8_l: True, st8_evt0: False, st8_evt1: True, st10_req_time: 1/2, st9_l: True, st9_evt0: False, st9_evt1: True, st11_req_time: 1/2, st10_l: True, st10_evt0: False, st10_evt1: True, st12_req_time: 1/2, st11_l: True, st11_evt0: False, st11_evt1: True, st12_l: True, st12_evt0: False, st12_evt1: True, _J2420: True, _J2426: True, _J2434: True, _J2440: True, _J2447: True, _J2453: True, _EL_U_2379: True, _EL_U_2381: False, _EL_X_2346: False, _EL_U_2383: True, _EL_U_2385: False, _EL_U_2387: False, _EL_U_2389: True}

end of `token_ring_0027`: SUCCESS in 3.7848384380340576s
