F3 run `token_ring_0005`

	Found non-termination argument:
	State 4
		st2_req_time = 10.0
		mgr_l = True
		st1_evt1 = True
		st3_l = True
		st0_l = True
		st1_evt0 = False
		st0_evt1 = True
		_J517 = True
		st0_evt0 = False
		_J511 = True
		_J504 = True
		st2_evt1 = True
		_J498 = True
		st2_evt0 = False
		_J490 = True
		st0_req_time = 10.0
		st3_evt1 = False
		_J484 = True
		st3_evt0 = False
		_EL_U_443 = True
		_EL_U_445 = False
		st4_evt1 = True
		_EL_X_410 = False
		st4_evt0 = False
		_EL_U_447 = True
		_EL_U_449 = False
		mgr_evt1 = False
		_EL_U_451 = False
		mgr_evt0 = False
		_EL_U_453 = True
		st4_l = True
		st1_l = True
		st4_req_time = 10.0
		st1_req_time = 1/4
		st2_l = True
		(((-1.0 * mgr_timeout) + mgr_c) <= 0.0)
		(delta = 0.0)
		((-1.0 * st3_req_time) < 0.0)
		((delta + _diverge_delta) < 1.0)
		(_diverge_delta < 1.0)
		((-1.0 * tot_transm_time) <= -10.0)
		((((tot_transm_time * 587155679/27606562956) + 15159881/4601093826) - ((_diverge_delta * 1490629019/6901640739) + (st3_req_time * 1490629019/6901640739))) <= 0.0)
	Trans 4 -- 5
		_x__diverge_delta = (delta + _diverge_delta)
		_x_tot_transm_time = tot_transm_time
		_x_mgr_c = 0.0
		_x_st3_req_time = st3_req_time
		_x_mgr_timeout = st3_req_time
		_x_delta = st3_req_time
	State 5
		st2_req_time = 10.0
		mgr_l = False
		st1_evt1 = True
		st3_l = False
		st0_l = True
		st1_evt0 = False
		st0_evt1 = True
		_J517 = False
		st0_evt0 = False
		_J511 = False
		_J504 = False
		st2_evt1 = True
		_J498 = False
		st2_evt0 = False
		_J490 = False
		st0_req_time = 10.0
		st3_evt1 = True
		_J484 = False
		st3_evt0 = False
		_EL_U_443 = True
		_EL_U_445 = False
		st4_evt1 = False
		_EL_X_410 = False
		st4_evt0 = True
		_EL_U_447 = True
		_EL_U_449 = False
		mgr_evt1 = False
		_EL_U_451 = False
		mgr_evt0 = True
		_EL_U_453 = True
		st4_l = True
		st1_l = True
		st4_req_time = 10.0
		st1_req_time = 1/4
		st2_l = True
		(((-1.0 * _diverge_delta) + (-1.0 * delta)) <= -1.0)
		((-1.0 * delta) < 0.0)
		(((-1.0 * mgr_timeout) + mgr_c + delta) <= 0.0)
		(((-1.0 * mgr_c) + (-1.0 * tot_transm_time) + (-1.0 * delta)) <= -10.0)
	Trans 5 -- 6
		_x__diverge_delta = (delta + _diverge_delta)
		_x_tot_transm_time = tot_transm_time
		_x_st3_req_time = st3_req_time
		_x_mgr_timeout = mgr_timeout
		_x_delta = 0.0
		_x_mgr_c = (mgr_c + delta)
	State 6
		st2_req_time = 10.0
		mgr_l = False
		st1_evt1 = True
		st3_l = False
		st0_l = True
		st1_evt0 = False
		st0_evt1 = True
		_J517 = True
		st0_evt0 = False
		_J511 = False
		_J504 = True
		st2_evt1 = True
		_J498 = False
		st2_evt0 = False
		_J490 = True
		st0_req_time = 10.0
		st3_evt1 = False
		_J484 = True
		st3_evt0 = True
		_EL_U_443 = True
		_EL_U_445 = False
		st4_evt1 = True
		_EL_X_410 = True
		st4_evt0 = False
		_EL_U_447 = True
		_EL_U_449 = False
		mgr_evt1 = False
		_EL_U_451 = False
		mgr_evt0 = True
		_EL_U_453 = True
		st4_l = True
		st1_l = True
		st4_req_time = 10.0
		st1_req_time = 1/4
		st2_l = True
	Trans 6 -- 7
		_x_mgr_timeout = 0.0
		_x_mgr_c = 0.0
		_x_tot_transm_time = (mgr_c + tot_transm_time)
		_x__diverge_delta = delta
		_x_delta = 0.0
		_x_st3_req_time = ((delta + (st3_req_time * 5589342146705301753945869389/5576576381196042849406593156) + (tot_transm_time * 67241803009126297/672418024453886970)) - (mgr_c * 370880/6901640739))
	starting from: st2_req_time : 10.0, _diverge_delta : 0.0, delta : 0.0, mgr_timeout : 0.0, tot_transm_time : 10.0, mgr_l : True, mgr_c : 0.0, st1_evt1 : True, st3_l : True, st0_l : True, st1_evt0 : False, st0_evt1 : True, _J517 : True, st0_evt0 : False, _J511 : True, _J504 : True, st2_evt1 : True, _J498 : True, st3_req_time : 1.0, st2_evt0 : False, st0_req_time : 10.0, st3_evt1 : False, _J490 : True, st3_evt0 : False, _J484 : True, _EL_U_443 : True, st4_evt1 : True, _EL_U_445 : False, st4_evt0 : False, _EL_X_410 : False, _EL_U_447 : True, mgr_evt1 : False, _EL_U_449 : False, mgr_evt0 : False, _EL_U_451 : False, _EL_U_453 : True, st4_l : True, st1_l : True, st4_req_time : 10.0, st1_req_time : 1/4, st2_l : True

end of `token_ring_0005`: SUCCESS in 9.982775449752808s
