

run 1/1: `token_ring_0016`

	Found non-termination argument:
	Do states 4..6 while (((tot_transm_time * 1/8) + -1/4) < 0.0)
	State 4
		delta = 0.0
		_diverge_delta = 0.0
		st15_evt1 = True
		st15_evt0 = False
		st15_req_time = 1/2
		st15_l = True
		st14_evt1 = True
		st14_evt0 = False
		st14_req_time = 1/2
		st14_l = True
		st5_req_time = 1/2
		st13_l = True
		mgr_l = True
		st3_evt1 = True
		st5_l = True
		st4_evt1 = True
		st6_req_time = 1/2
		st4_req_time = 10.0
		st2_evt1 = True
		st4_l = True
		st2_evt0 = False
		st13_evt1 = True
		mgr_evt1 = False
		st2_req_time = 1/2
		mgr_timeout = 0.0
		st2_l = True
		st13_evt0 = False
		mgr_evt0 = False
		st1_evt1 = True
		st3_req_time = 1/2
		st0_l = True
		st1_evt0 = False
		st3_l = True
		st1_l = True
		st3_evt0 = False
		st0_req_time = 1/2
		st13_req_time = 1/2
		mgr_c = 0.0
		st0_evt1 = True
		st0_evt0 = False
		st4_evt0 = False
		st1_req_time = 1/2
		st5_evt0 = False
		st5_evt1 = True
		st7_req_time = 1.0
		st6_l = True
		st6_evt0 = False
		st6_evt1 = True
		st8_req_time = 1/2
		st7_l = True
		st7_evt0 = False
		st7_evt1 = False
		st9_req_time = 1/2
		st8_l = True
		st8_evt0 = False
		st8_evt1 = True
		st10_req_time = 1/2
		st9_l = True
		st9_evt0 = False
		st9_evt1 = True
		st11_req_time = 1/2
		st10_l = True
		st10_evt0 = False
		st10_evt1 = True
		st12_req_time = 1/2
		st11_l = True
		st11_evt0 = False
		st11_evt1 = True
		st12_l = True
		st12_evt0 = False
		st12_evt1 = True
		_J1331 = True
		_J1337 = True
		_J1345 = True
		_J1351 = True
		_J1358 = True
		_J1364 = True
		_EL_U_1290 = True
		_EL_U_1292 = False
		_EL_X_1257 = False
		_EL_U_1294 = True
		_EL_U_1296 = False
		_EL_U_1298 = False
		_EL_U_1300 = True
		((-1.0 * tot_transm_time) <= -10.0)
	Trans 4 -- 5
		_x_tot_transm_time : tot_transm_time
	State 5
		delta = 1.0
		_diverge_delta = 0.0
		st15_evt1 = True
		st15_evt0 = False
		st15_req_time = 1/2
		st15_l = True
		st14_evt1 = True
		st14_evt0 = False
		st14_req_time = 1/2
		st14_l = True
		st5_req_time = 1/2
		st13_l = True
		mgr_l = False
		st3_evt1 = True
		st5_l = True
		st4_evt1 = True
		st6_req_time = 1/2
		st4_req_time = 10.0
		st2_evt1 = True
		st4_l = True
		st2_evt0 = False
		st13_evt1 = False
		mgr_evt1 = False
		st2_req_time = 1/2
		mgr_timeout = 1.0
		st2_l = True
		st13_evt0 = True
		mgr_evt0 = True
		st1_evt1 = True
		st3_req_time = 1/2
		st0_l = True
		st1_evt0 = False
		st3_l = True
		st1_l = True
		st3_evt0 = False
		st0_req_time = 1/2
		st13_req_time = 1/2
		mgr_c = 0.0
		st0_evt1 = True
		st0_evt0 = False
		st4_evt0 = False
		st1_req_time = 1/2
		st5_evt0 = False
		st5_evt1 = True
		st7_req_time = 1.0
		st6_l = True
		st6_evt0 = False
		st6_evt1 = True
		st8_req_time = 1/2
		st7_l = False
		st7_evt0 = False
		st7_evt1 = True
		st9_req_time = 1/2
		st8_l = True
		st8_evt0 = False
		st8_evt1 = True
		st10_req_time = 1/2
		st9_l = True
		st9_evt0 = False
		st9_evt1 = True
		st11_req_time = 1/2
		st10_l = True
		st10_evt0 = False
		st10_evt1 = True
		st12_req_time = 1/2
		st11_l = True
		st11_evt0 = False
		st11_evt1 = True
		st12_l = True
		st12_evt0 = False
		st12_evt1 = True
		_J1331 = False
		_J1337 = False
		_J1345 = False
		_J1351 = False
		_J1358 = False
		_J1364 = False
		_EL_U_1290 = True
		_EL_U_1292 = False
		_EL_X_1257 = False
		_EL_U_1294 = True
		_EL_U_1296 = False
		_EL_U_1298 = False
		_EL_U_1300 = True
	Trans 5 -- 6
		_x_tot_transm_time : tot_transm_time
	State 6
		delta = 0.0
		_diverge_delta = 1.0
		st15_evt1 = True
		st15_evt0 = False
		st15_req_time = 1/2
		st15_l = True
		st14_evt1 = True
		st14_evt0 = False
		st14_req_time = 1/2
		st14_l = True
		st5_req_time = 1/2
		st13_l = True
		mgr_l = False
		st3_evt1 = True
		st5_l = True
		st4_evt1 = True
		st6_req_time = 1/2
		st4_req_time = 10.0
		st2_evt1 = True
		st4_l = True
		st2_evt0 = False
		st13_evt1 = True
		mgr_evt1 = False
		st2_req_time = 1/2
		mgr_timeout = 1.0
		st2_l = True
		st13_evt0 = False
		mgr_evt0 = True
		st1_evt1 = True
		st3_req_time = 1/2
		st0_l = True
		st1_evt0 = False
		st3_l = True
		st1_l = True
		st3_evt0 = False
		st0_req_time = 1/2
		st13_req_time = 1/2
		mgr_c = 1.0
		st0_evt1 = True
		st0_evt0 = False
		st4_evt0 = False
		st1_req_time = 1/2
		st5_evt0 = False
		st5_evt1 = True
		st7_req_time = 1.0
		st6_l = True
		st6_evt0 = False
		st6_evt1 = True
		st8_req_time = 1/2
		st7_l = False
		st7_evt0 = True
		st7_evt1 = False
		st9_req_time = 1/2
		st8_l = True
		st8_evt0 = False
		st8_evt1 = True
		st10_req_time = 1/2
		st9_l = True
		st9_evt0 = False
		st9_evt1 = True
		st11_req_time = 1/2
		st10_l = True
		st10_evt0 = False
		st10_evt1 = True
		st12_req_time = 1/2
		st11_l = True
		st11_evt0 = False
		st11_evt1 = True
		st12_l = True
		st12_evt0 = False
		st12_evt1 = True
		_J1331 = True
		_J1337 = True
		_J1345 = False
		_J1351 = True
		_J1358 = False
		_J1364 = True
		_EL_U_1290 = True
		_EL_U_1292 = False
		_EL_X_1257 = True
		_EL_U_1294 = True
		_EL_U_1296 = False
		_EL_U_1298 = False
		_EL_U_1300 = True
	Trans 6 -- 4
		_x_tot_transm_time : (tot_transm_time + 1.0)
	End do-while
	State 6
		delta = 0.0
		_diverge_delta = 1.0
		st15_evt1 = True
		st15_evt0 = False
		st15_req_time = 1/2
		st15_l = True
		st14_evt1 = True
		st14_evt0 = False
		st14_req_time = 1/2
		st14_l = True
		st5_req_time = 1/2
		st13_l = True
		mgr_l = False
		st3_evt1 = True
		st5_l = True
		st4_evt1 = True
		st6_req_time = 1/2
		st4_req_time = 10.0
		st2_evt1 = True
		st4_l = True
		st2_evt0 = False
		st13_evt1 = True
		mgr_evt1 = False
		st2_req_time = 1/2
		mgr_timeout = 1.0
		st2_l = True
		st13_evt0 = False
		mgr_evt0 = True
		st1_evt1 = True
		st3_req_time = 1/2
		st0_l = True
		st1_evt0 = False
		st3_l = True
		st1_l = True
		st3_evt0 = False
		st0_req_time = 1/2
		st13_req_time = 1/2
		mgr_c = 1.0
		st0_evt1 = True
		st0_evt0 = False
		st4_evt0 = False
		st1_req_time = 1/2
		st5_evt0 = False
		st5_evt1 = True
		st7_req_time = 1.0
		st6_l = True
		st6_evt0 = False
		st6_evt1 = True
		st8_req_time = 1/2
		st7_l = False
		st7_evt0 = True
		st7_evt1 = False
		st9_req_time = 1/2
		st8_l = True
		st8_evt0 = False
		st8_evt1 = True
		st10_req_time = 1/2
		st9_l = True
		st9_evt0 = False
		st9_evt1 = True
		st11_req_time = 1/2
		st10_l = True
		st10_evt0 = False
		st10_evt1 = True
		st12_req_time = 1/2
		st11_l = True
		st11_evt0 = False
		st11_evt1 = True
		st12_l = True
		st12_evt0 = False
		st12_evt1 = True
		_J1331 = True
		_J1337 = True
		_J1345 = False
		_J1351 = True
		_J1358 = False
		_J1364 = True
		_EL_U_1290 = True
		_EL_U_1292 = False
		_EL_X_1257 = True
		_EL_U_1294 = True
		_EL_U_1296 = False
		_EL_U_1298 = False
		_EL_U_1300 = True
		((1/4 - (tot_transm_time * 1/8)) <= 0.0)
		((-1.0 * tot_transm_time) <= -9.0)
	Trans 6 -- 7
		_x_tot_transm_time = (tot_transm_time + 1.0)
	starting from: {delta: 0.0, _diverge_delta: 0.0, st15_evt1: True, st15_evt0: False, st15_req_time: 1/2, st15_l: True, st14_evt1: True, st14_evt0: False, st14_req_time: 1/2, st14_l: True, st5_req_time: 1/2, st13_l: True, mgr_l: True, st3_evt1: True, st5_l: True, st4_evt1: True, st6_req_time: 1/2, st4_req_time: 10.0, st2_evt1: True, st4_l: True, st2_evt0: False, st13_evt1: True, mgr_evt1: False, st2_req_time: 1/2, mgr_timeout: 0.0, st2_l: True, st13_evt0: False, mgr_evt0: False, st1_evt1: True, st3_req_time: 1/2, st0_l: True, st1_evt0: False, st3_l: True, st1_l: True, tot_transm_time: 10.0, st3_evt0: False, st0_req_time: 1/2, st13_req_time: 1/2, mgr_c: 0.0, st0_evt1: True, st0_evt0: False, st4_evt0: False, st1_req_time: 1/2, st5_evt0: False, st5_evt1: True, st7_req_time: 1.0, st6_l: True, st6_evt0: False, st6_evt1: True, st8_req_time: 1/2, st7_l: True, st7_evt0: False, st7_evt1: False, st9_req_time: 1/2, st8_l: True, st8_evt0: False, st8_evt1: True, st10_req_time: 1/2, st9_l: True, st9_evt0: False, st9_evt1: True, st11_req_time: 1/2, st10_l: True, st10_evt0: False, st10_evt1: True, st12_req_time: 1/2, st11_l: True, st11_evt0: False, st11_evt1: True, st12_l: True, st12_evt0: False, st12_evt1: True, _J1331: True, _J1337: True, _J1345: True, _J1351: True, _J1358: True, _J1364: True, _EL_U_1290: True, _EL_U_1292: False, _EL_X_1257: False, _EL_U_1294: True, _EL_U_1296: False, _EL_U_1298: False, _EL_U_1300: True}

end of `token_ring_0016`: SUCCESS in 2.0130372047424316s
