F3 run `token_ring_0010`

	Found non-termination argument:
	State 4
		_J872 = True
		_J866 = True
		_J859 = True
		_J853 = True
		_J845 = True
		_J839 = True
		st9_l = True
		_EL_U_798 = True
		st6_l = True
		_EL_U_800 = False
		st3_l = True
		st0_l = True
		_EL_X_765 = False
		_EL_U_802 = True
		mgr_l = True
		_EL_U_804 = False
		st9_req_time = 10.0
		st6_req_time = 10.0
		_EL_U_806 = False
		st3_req_time = 10.0
		st1_evt1 = False
		st0_req_time = 10.0
		st1_evt0 = False
		_EL_U_808 = True
		st0_evt1 = True
		st0_evt0 = False
		st2_evt1 = True
		st2_evt0 = False
		st3_evt1 = True
		st3_evt0 = False
		st4_evt1 = True
		st4_evt0 = False
		st5_evt1 = True
		st5_evt0 = False
		st7_l = True
		st6_evt1 = True
		st4_l = True
		st6_evt0 = False
		st1_l = True
		st7_evt1 = True
		st7_evt0 = False
		st7_req_time = 10.0
		st8_evt1 = True
		st4_req_time = 10.0
		st8_evt0 = False
		st9_evt1 = True
		st9_evt0 = False
		mgr_evt1 = False
		mgr_evt0 = False
		st8_l = True
		st5_l = True
		st2_l = True
		st8_req_time = 10.0
		st5_req_time = 10.0
		st2_req_time = 10.0
		((-1.0 * st1_req_time) < 0.0)
		(((-1.0 * mgr_timeout) + mgr_c) <= 0.0)
		((-1.0 * mgr_timeout) <= 0.0)
		(_diverge_delta < 1.0)
		(delta = 0.0)
		((-1.0 * tot_transm_time) <= -10.0)
		((((-1.0 * _diverge_delta) + (-1.0 * st1_req_time) + (tot_transm_time * 1/2) + (mgr_timeout * 2.0) + 4.0) - (mgr_c * 1/4)) <= 0.0)
	Trans 4 -- 5
		_x_mgr_c = 0.0
		_x__diverge_delta = (delta + _diverge_delta)
		_x_st1_req_time = st1_req_time
		_x_mgr_timeout = st1_req_time
		_x_tot_transm_time = tot_transm_time
		_x_delta = (((st1_req_time * 3/4) + (tot_transm_time * 1/8)) - (_diverge_delta * 1/4))
	State 5
		_J872 = False
		_J866 = False
		_J859 = False
		_J853 = False
		_J845 = False
		_J839 = False
		st9_l = True
		_EL_U_798 = True
		st6_l = True
		_EL_U_800 = False
		st3_l = True
		st0_l = True
		_EL_X_765 = False
		_EL_U_802 = True
		mgr_l = False
		_EL_U_804 = False
		st9_req_time = 10.0
		st6_req_time = 10.0
		_EL_U_806 = False
		st3_req_time = 10.0
		st1_evt1 = True
		st0_req_time = 10.0
		st1_evt0 = False
		_EL_U_808 = True
		st0_evt1 = True
		st0_evt0 = False
		st2_evt1 = True
		st2_evt0 = False
		st3_evt1 = True
		st3_evt0 = False
		st4_evt1 = True
		st4_evt0 = False
		st5_evt1 = True
		st5_evt0 = False
		st7_l = True
		st6_evt1 = True
		st4_l = True
		st6_evt0 = False
		st1_l = False
		st7_evt1 = True
		st7_evt0 = False
		st7_req_time = 10.0
		st8_evt1 = True
		st4_req_time = 10.0
		st8_evt0 = False
		st9_evt1 = True
		st9_evt0 = False
		mgr_evt1 = True
		mgr_evt0 = False
		st8_l = True
		st5_l = True
		st2_l = True
		st8_req_time = 10.0
		st5_req_time = 10.0
		st2_req_time = 10.0
		(((-1.0 * delta) + (-1.0 * mgr_c) + (-1.0 * tot_transm_time)) <= -10.0)
		(((-1.0 * delta) + (-1.0 * mgr_c)) < 0.0)
		(((-1.0 * delta) + (-1.0 * _diverge_delta)) <= -1.0)
		(((-1.0 * mgr_timeout) + mgr_c + delta) <= 0.0)
	Trans 5 -- 6
		_x__diverge_delta = (delta + _diverge_delta)
		_x_st1_req_time = st1_req_time
		_x_mgr_c = (mgr_c + delta)
		_x_mgr_timeout = mgr_timeout
		_x_tot_transm_time = tot_transm_time
		_x_delta = 0.0
	State 6
		_J872 = True
		_J866 = False
		_J859 = True
		_J853 = False
		_J845 = True
		_J839 = True
		st9_l = True
		_EL_U_798 = True
		st6_l = True
		_EL_U_800 = False
		st3_l = True
		st0_l = True
		_EL_X_765 = True
		_EL_U_802 = True
		mgr_l = False
		_EL_U_804 = False
		st9_req_time = 10.0
		st6_req_time = 10.0
		_EL_U_806 = False
		st3_req_time = 10.0
		st1_evt1 = False
		st0_req_time = 10.0
		st1_evt0 = True
		_EL_U_808 = True
		st0_evt1 = True
		st0_evt0 = False
		st2_evt1 = True
		st2_evt0 = False
		st3_evt1 = True
		st3_evt0 = False
		st4_evt1 = True
		st4_evt0 = False
		st5_evt1 = True
		st5_evt0 = False
		st7_l = True
		st6_evt1 = True
		st4_l = True
		st6_evt0 = False
		st1_l = False
		st7_evt1 = True
		st7_evt0 = False
		st7_req_time = 10.0
		st8_evt1 = True
		st4_req_time = 10.0
		st8_evt0 = False
		st9_evt1 = True
		st9_evt0 = False
		mgr_evt1 = False
		mgr_evt0 = True
		st8_l = True
		st5_l = True
		st2_l = True
		st8_req_time = 10.0
		st5_req_time = 10.0
		st2_req_time = 10.0
	Trans 6 -- 7
		_x_mgr_c = 0.0
		_x_mgr_timeout = 0.0
		_x_tot_transm_time = (mgr_c + tot_transm_time)
		_x__diverge_delta = delta
		_x_delta = 0.0
		_x_st1_req_time = (((st1_req_time * 2.0) + (tot_transm_time * 2.0) + mgr_timeout + (mgr_c * 1/8) + -16.0) - (_diverge_delta * 1/2))
	starting from: _diverge_delta : 0.0, _J872 : True, delta : 0.0, _J866 : True, _J859 : True, _J853 : True, _J845 : True, _J839 : True, st9_l : True, _EL_U_798 : True, tot_transm_time : 10.0, st6_l : True, st0_l : True, _EL_U_800 : False, st3_l : True, _EL_X_765 : False, _EL_U_802 : True, mgr_l : True, st9_req_time : 10.0, mgr_c : 0.0, st6_req_time : 10.0, _EL_U_804 : False, st3_req_time : 10.0, _EL_U_806 : False, st1_evt1 : False, st0_req_time : 10.0, st1_evt0 : False, _EL_U_808 : True, st0_evt1 : True, st0_evt0 : False, st2_evt1 : True, st2_evt0 : False, st3_evt1 : True, st3_evt0 : False, st4_evt1 : True, st4_evt0 : False, st5_evt1 : True, st5_evt0 : False, st7_l : True, st6_evt1 : True, st4_l : True, st6_evt0 : False, st1_l : True, st7_evt1 : True, st7_evt0 : False, st7_req_time : 10.0, st8_evt1 : True, st4_req_time : 10.0, st8_evt0 : False, st1_req_time : 10.0, st9_evt1 : True, st9_evt0 : False, mgr_evt1 : False, mgr_evt0 : False, st8_l : True, st5_l : True, st2_l : True, st8_req_time : 10.0, st5_req_time : 10.0, st2_req_time : 10.0, mgr_timeout : 0.0

end of `token_ring_0010`: SUCCESS in 35.17020583152771s
