

run 1/1: `token_ring_0014`

	Found non-termination argument:
	Do states 4..6 while ((tot_transm_time + -55/6) < 0.0)
	State 4
		delta = 0.0
		st5_req_time = 10.0
		st13_l = True
		mgr_l = True
		st3_evt1 = True
		st5_l = True
		st4_evt1 = True
		st6_req_time = 1/2
		st4_req_time = 1/2
		st2_evt1 = True
		st4_l = True
		st2_evt0 = False
		st13_evt1 = True
		mgr_evt1 = False
		_diverge_delta = 0.0
		st2_req_time = 1/2
		mgr_timeout = 0.0
		st2_l = True
		st13_evt0 = False
		mgr_evt0 = False
		st1_evt1 = True
		st3_req_time = 1/2
		st0_l = True
		st1_evt0 = False
		st3_l = True
		st1_l = True
		st3_evt0 = False
		st0_req_time = 1/2
		st13_req_time = 1/2
		mgr_c = 0.0
		st0_evt1 = True
		st0_evt0 = False
		st4_evt0 = False
		st1_req_time = 1/2
		st5_evt0 = False
		st5_evt1 = True
		st7_req_time = 1/2
		st6_l = True
		st6_evt0 = False
		st6_evt1 = True
		st8_req_time = 1/2
		st7_l = True
		st7_evt0 = False
		st7_evt1 = True
		st9_req_time = 1.0
		st8_l = True
		st8_evt0 = False
		st8_evt1 = True
		st10_req_time = 1/2
		st9_l = True
		st9_evt0 = False
		st9_evt1 = False
		st11_req_time = 1/2
		st10_l = True
		st10_evt0 = False
		st10_evt1 = True
		st12_req_time = 1/2
		st11_l = True
		st11_evt0 = False
		st11_evt1 = True
		st12_l = True
		st12_evt0 = False
		st12_evt1 = True
		_J1159 = True
		_J1165 = True
		_J1173 = True
		_J1179 = True
		_J1186 = True
		_J1192 = True
		_EL_U_1118 = True
		_EL_U_1120 = False
		_EL_X_1085 = False
		_EL_U_1122 = True
		_EL_U_1124 = False
		_EL_U_1126 = False
		_EL_U_1128 = True
		((-1.0 * tot_transm_time) <= -10.0)
	Trans 4 -- 5
		_x_tot_transm_time : tot_transm_time
	State 5
		delta = 1.0
		st5_req_time = 10.0
		st13_l = True
		mgr_l = False
		st3_evt1 = True
		st5_l = True
		st4_evt1 = True
		st6_req_time = 1/2
		st4_req_time = 1/2
		st2_evt1 = True
		st4_l = True
		st2_evt0 = False
		st13_evt1 = True
		mgr_evt1 = False
		_diverge_delta = 0.0
		st2_req_time = 1/2
		mgr_timeout = 1.0
		st2_l = True
		st13_evt0 = False
		mgr_evt0 = False
		st1_evt1 = True
		st3_req_time = 1/2
		st0_l = True
		st1_evt0 = False
		st3_l = True
		st1_l = True
		st3_evt0 = False
		st0_req_time = 1/2
		st13_req_time = 1/2
		mgr_c = 0.0
		st0_evt1 = True
		st0_evt0 = False
		st4_evt0 = False
		st1_req_time = 1/2
		st5_evt0 = False
		st5_evt1 = False
		st7_req_time = 1/2
		st6_l = True
		st6_evt0 = False
		st6_evt1 = True
		st8_req_time = 1/2
		st7_l = True
		st7_evt0 = False
		st7_evt1 = True
		st9_req_time = 1.0
		st8_l = True
		st8_evt0 = False
		st8_evt1 = True
		st10_req_time = 1/2
		st9_l = False
		st9_evt0 = False
		st9_evt1 = True
		st11_req_time = 1/2
		st10_l = True
		st10_evt0 = False
		st10_evt1 = True
		st12_req_time = 1/2
		st11_l = True
		st11_evt0 = False
		st11_evt1 = True
		st12_l = True
		st12_evt0 = False
		st12_evt1 = True
		_J1159 = False
		_J1165 = False
		_J1173 = False
		_J1179 = False
		_J1186 = False
		_J1192 = False
		_EL_U_1118 = True
		_EL_U_1120 = False
		_EL_X_1085 = False
		_EL_U_1122 = True
		_EL_U_1124 = False
		_EL_U_1126 = False
		_EL_U_1128 = True
	Trans 5 -- 6
		_x_tot_transm_time : tot_transm_time
	State 6
		delta = 0.0
		st5_req_time = 10.0
		st13_l = True
		mgr_l = False
		st3_evt1 = True
		st5_l = True
		st4_evt1 = True
		st6_req_time = 1/2
		st4_req_time = 1/2
		st2_evt1 = True
		st4_l = True
		st2_evt0 = False
		st13_evt1 = True
		mgr_evt1 = False
		_diverge_delta = 1.0
		st2_req_time = 1/2
		mgr_timeout = 1.0
		st2_l = True
		st13_evt0 = False
		mgr_evt0 = True
		st1_evt1 = True
		st3_req_time = 1/2
		st0_l = True
		st1_evt0 = False
		st3_l = True
		st1_l = True
		st3_evt0 = False
		st0_req_time = 1/2
		st13_req_time = 1/2
		mgr_c = 1.0
		st0_evt1 = True
		st0_evt0 = False
		st4_evt0 = False
		st1_req_time = 1/2
		st5_evt0 = False
		st5_evt1 = True
		st7_req_time = 1/2
		st6_l = True
		st6_evt0 = False
		st6_evt1 = True
		st8_req_time = 1/2
		st7_l = True
		st7_evt0 = False
		st7_evt1 = True
		st9_req_time = 1.0
		st8_l = True
		st8_evt0 = False
		st8_evt1 = True
		st10_req_time = 1/2
		st9_l = False
		st9_evt0 = True
		st9_evt1 = False
		st11_req_time = 1/2
		st10_l = True
		st10_evt0 = False
		st10_evt1 = True
		st12_req_time = 1/2
		st11_l = True
		st11_evt0 = False
		st11_evt1 = True
		st12_l = True
		st12_evt0 = False
		st12_evt1 = True
		_J1159 = True
		_J1165 = True
		_J1173 = False
		_J1179 = True
		_J1186 = False
		_J1192 = True
		_EL_U_1118 = True
		_EL_U_1120 = False
		_EL_X_1085 = True
		_EL_U_1122 = True
		_EL_U_1124 = False
		_EL_U_1126 = False
		_EL_U_1128 = True
	Trans 6 -- 4
		_x_tot_transm_time : (tot_transm_time + 1.0)
	End do-while
	State 6
		delta = 0.0
		st5_req_time = 10.0
		st13_l = True
		mgr_l = False
		st3_evt1 = True
		st5_l = True
		st4_evt1 = True
		st6_req_time = 1/2
		st4_req_time = 1/2
		st2_evt1 = True
		st4_l = True
		st2_evt0 = False
		st13_evt1 = True
		mgr_evt1 = False
		_diverge_delta = 1.0
		st2_req_time = 1/2
		mgr_timeout = 1.0
		st2_l = True
		st13_evt0 = False
		mgr_evt0 = True
		st1_evt1 = True
		st3_req_time = 1/2
		st0_l = True
		st1_evt0 = False
		st3_l = True
		st1_l = True
		st3_evt0 = False
		st0_req_time = 1/2
		st13_req_time = 1/2
		mgr_c = 1.0
		st0_evt1 = True
		st0_evt0 = False
		st4_evt0 = False
		st1_req_time = 1/2
		st5_evt0 = False
		st5_evt1 = True
		st7_req_time = 1/2
		st6_l = True
		st6_evt0 = False
		st6_evt1 = True
		st8_req_time = 1/2
		st7_l = True
		st7_evt0 = False
		st7_evt1 = True
		st9_req_time = 1.0
		st8_l = True
		st8_evt0 = False
		st8_evt1 = True
		st10_req_time = 1/2
		st9_l = False
		st9_evt0 = True
		st9_evt1 = False
		st11_req_time = 1/2
		st10_l = True
		st10_evt0 = False
		st10_evt1 = True
		st12_req_time = 1/2
		st11_l = True
		st11_evt0 = False
		st11_evt1 = True
		st12_l = True
		st12_evt0 = False
		st12_evt1 = True
		_J1159 = True
		_J1165 = True
		_J1173 = False
		_J1179 = True
		_J1186 = False
		_J1192 = True
		_EL_U_1118 = True
		_EL_U_1120 = False
		_EL_X_1085 = True
		_EL_U_1122 = True
		_EL_U_1124 = False
		_EL_U_1126 = False
		_EL_U_1128 = True
		(((-1.0 * tot_transm_time) + 55/6) <= 0.0)
	Trans 6 -- 7
		_x_tot_transm_time = (tot_transm_time + 1.0)
	starting from: {delta: 0.0, st5_req_time: 10.0, st13_l: True, mgr_l: True, st3_evt1: True, st5_l: True, st4_evt1: True, st6_req_time: 1/2, st4_req_time: 1/2, st2_evt1: True, st4_l: True, st2_evt0: False, st13_evt1: True, mgr_evt1: False, _diverge_delta: 0.0, st2_req_time: 1/2, mgr_timeout: 0.0, st2_l: True, st13_evt0: False, mgr_evt0: False, st1_evt1: True, st3_req_time: 1/2, st0_l: True, st1_evt0: False, st3_l: True, st1_l: True, tot_transm_time: 10.0, st3_evt0: False, st0_req_time: 1/2, st13_req_time: 1/2, mgr_c: 0.0, st0_evt1: True, st0_evt0: False, st4_evt0: False, st1_req_time: 1/2, st5_evt0: False, st5_evt1: True, st7_req_time: 1/2, st6_l: True, st6_evt0: False, st6_evt1: True, st8_req_time: 1/2, st7_l: True, st7_evt0: False, st7_evt1: True, st9_req_time: 1.0, st8_l: True, st8_evt0: False, st8_evt1: True, st10_req_time: 1/2, st9_l: True, st9_evt0: False, st9_evt1: False, st11_req_time: 1/2, st10_l: True, st10_evt0: False, st10_evt1: True, st12_req_time: 1/2, st11_l: True, st11_evt0: False, st11_evt1: True, st12_l: True, st12_evt0: False, st12_evt1: True, _J1159: True, _J1165: True, _J1173: True, _J1179: True, _J1186: True, _J1192: True, _EL_U_1118: True, _EL_U_1120: False, _EL_X_1085: False, _EL_U_1122: True, _EL_U_1124: False, _EL_U_1126: False, _EL_U_1128: True}

end of `token_ring_0014`: SUCCESS in 1.8519561290740967s
