

run 1/1: `token_ring_0009`

	Found non-termination argument:
	Do states 4..6 while ((tot_transm_time + st4_req_time + -9/2) < 0.0)
	State 4
		delta = 0.0
		_diverge_delta = 0.0
		st8_evt1 = True
		st8_evt0 = False
		st8_l = True
		st7_evt1 = True
		st7_evt0 = False
		st7_l = True
		st8_req_time = 1.0
		st6_evt1 = True
		st6_evt0 = False
		st6_l = True
		st7_req_time = 1.0
		st5_evt1 = True
		st5_evt0 = False
		st1_req_time = 1.0
		st4_evt0 = False
		st0_evt0 = False
		st0_evt1 = True
		mgr_c = 0.0
		st0_req_time = 1.0
		st3_evt0 = False
		st1_l = True
		st3_l = True
		st1_evt0 = False
		st0_l = True
		st3_req_time = 1.0
		st1_evt1 = True
		mgr_evt0 = False
		st2_l = True
		mgr_timeout = 0.0
		st2_req_time = 1.0
		mgr_evt1 = False
		st2_evt0 = False
		st4_l = True
		st2_evt1 = True
		st6_req_time = 1.0
		st4_evt1 = False
		st5_l = True
		st3_evt1 = True
		mgr_l = True
		st5_req_time = 1.0
		_J764 = True
		_J770 = True
		_J778 = True
		_J784 = True
		_J791 = True
		_J797 = True
		_EL_U_723 = True
		_EL_U_725 = False
		_EL_X_690 = False
		_EL_U_727 = True
		_EL_U_729 = False
		_EL_U_731 = False
		_EL_U_733 = True
		((-1.0 * st4_req_time) < 0.0)
		(st4_req_time = 1.0)
		((-1.0 * tot_transm_time) <= -10.0)
	Trans 4 -- 5
		_x_st4_req_time : st4_req_time
		_x_tot_transm_time : tot_transm_time
	State 5
		delta = 1.0
		_diverge_delta = 0.0
		st8_evt1 = True
		st8_evt0 = False
		st8_l = True
		st7_evt1 = True
		st7_evt0 = False
		st7_l = True
		st8_req_time = 1.0
		st6_evt1 = True
		st6_evt0 = False
		st6_l = True
		st7_req_time = 1.0
		st5_evt1 = True
		st5_evt0 = False
		st1_req_time = 1.0
		st4_evt0 = False
		st0_evt0 = False
		st0_evt1 = True
		mgr_c = 0.0
		st0_req_time = 1.0
		st3_evt0 = False
		st1_l = True
		st3_l = True
		st1_evt0 = False
		st0_l = True
		st3_req_time = 1.0
		st1_evt1 = True
		mgr_evt0 = False
		st2_l = True
		mgr_timeout = 1.0
		st2_req_time = 1.0
		mgr_evt1 = True
		st2_evt0 = False
		st4_l = False
		st2_evt1 = True
		st6_req_time = 1.0
		st4_evt1 = True
		st5_l = True
		st3_evt1 = True
		mgr_l = False
		st5_req_time = 1.0
		_J764 = False
		_J770 = False
		_J778 = False
		_J784 = False
		_J791 = False
		_J797 = False
		_EL_U_723 = True
		_EL_U_725 = False
		_EL_X_690 = False
		_EL_U_727 = True
		_EL_U_729 = False
		_EL_U_731 = False
		_EL_U_733 = True
	Trans 5 -- 6
		_x_st4_req_time : st4_req_time
		_x_tot_transm_time : tot_transm_time
	State 6
		delta = 0.0
		_diverge_delta = 1.0
		st8_evt1 = True
		st8_evt0 = False
		st8_l = True
		st7_evt1 = True
		st7_evt0 = False
		st7_l = True
		st8_req_time = 1.0
		st6_evt1 = True
		st6_evt0 = False
		st6_l = True
		st7_req_time = 1.0
		st5_evt1 = True
		st5_evt0 = False
		st1_req_time = 1.0
		st4_evt0 = True
		st0_evt0 = False
		st0_evt1 = True
		mgr_c = 1.0
		st0_req_time = 1.0
		st3_evt0 = False
		st1_l = True
		st3_l = True
		st1_evt0 = False
		st0_l = True
		st3_req_time = 1.0
		st1_evt1 = True
		mgr_evt0 = True
		st2_l = True
		mgr_timeout = 1.0
		st2_req_time = 1.0
		mgr_evt1 = False
		st2_evt0 = False
		st4_l = False
		st2_evt1 = True
		st6_req_time = 1.0
		st4_evt1 = False
		st5_l = True
		st3_evt1 = True
		mgr_l = False
		st5_req_time = 1.0
		_J764 = True
		_J770 = True
		_J778 = False
		_J784 = True
		_J791 = False
		_J797 = True
		_EL_U_723 = True
		_EL_U_725 = False
		_EL_X_690 = True
		_EL_U_727 = True
		_EL_U_729 = False
		_EL_U_731 = False
		_EL_U_733 = True
	Trans 6 -- 4
		_x_st4_req_time : 1.0
		_x_tot_transm_time : (tot_transm_time + 1.0)
	End do-while
	State 6
		delta = 0.0
		_diverge_delta = 1.0
		st8_evt1 = True
		st8_evt0 = False
		st8_l = True
		st7_evt1 = True
		st7_evt0 = False
		st7_l = True
		st8_req_time = 1.0
		st6_evt1 = True
		st6_evt0 = False
		st6_l = True
		st7_req_time = 1.0
		st5_evt1 = True
		st5_evt0 = False
		st1_req_time = 1.0
		st4_evt0 = True
		st0_evt0 = False
		st0_evt1 = True
		mgr_c = 1.0
		st0_req_time = 1.0
		st3_evt0 = False
		st1_l = True
		st3_l = True
		st1_evt0 = False
		st0_l = True
		st3_req_time = 1.0
		st1_evt1 = True
		mgr_evt0 = True
		st2_l = True
		mgr_timeout = 1.0
		st2_req_time = 1.0
		mgr_evt1 = False
		st2_evt0 = False
		st4_l = False
		st2_evt1 = True
		st6_req_time = 1.0
		st4_evt1 = False
		st5_l = True
		st3_evt1 = True
		mgr_l = False
		st5_req_time = 1.0
		_J764 = True
		_J770 = True
		_J778 = False
		_J784 = True
		_J791 = False
		_J797 = True
		_EL_U_723 = True
		_EL_U_725 = False
		_EL_X_690 = True
		_EL_U_727 = True
		_EL_U_729 = False
		_EL_U_731 = False
		_EL_U_733 = True
		((-1.0 * tot_transm_time) <= -9.0)
		(((-1.0 * st4_req_time) + (-1.0 * tot_transm_time) + 9/2) <= 0.0)
		((-1.0 * tot_transm_time) <= -10.0)
	Trans 6 -- 7
		_x_st4_req_time = 1.0
		_x_tot_transm_time = (tot_transm_time + 1.0)
	starting from: {delta: 0.0, _diverge_delta: 0.0, st8_evt1: True, st8_evt0: False, st8_l: True, st7_evt1: True, st7_evt0: False, st7_l: True, st8_req_time: 1.0, st6_evt1: True, st6_evt0: False, st6_l: True, st7_req_time: 1.0, st5_evt1: True, st5_evt0: False, st1_req_time: 1.0, st4_evt0: False, st0_evt0: False, st0_evt1: True, mgr_c: 0.0, st0_req_time: 1.0, st3_evt0: False, tot_transm_time: 10.0, st1_l: True, st3_l: True, st1_evt0: False, st0_l: True, st3_req_time: 1.0, st1_evt1: True, mgr_evt0: False, st2_l: True, mgr_timeout: 0.0, st2_req_time: 1.0, mgr_evt1: False, st2_evt0: False, st4_l: True, st2_evt1: True, st4_req_time: 1.0, st6_req_time: 1.0, st4_evt1: False, st5_l: True, st3_evt1: True, mgr_l: True, st5_req_time: 1.0, _J764: True, _J770: True, _J778: True, _J784: True, _J791: True, _J797: True, _EL_U_723: True, _EL_U_725: False, _EL_X_690: False, _EL_U_727: True, _EL_U_729: False, _EL_U_731: False, _EL_U_733: True}

end of `token_ring_0009`: SUCCESS in 1.457991361618042s
