

run 1/1: `extending_bound`

	Found non-termination argument:
	Do states 2..2 while ((((i * 31/120) + 31/120) - (l * 31/120)) < 0.0)
	State 2
		inc_i = True
		_EL_U_72 = False
		r = 5/4
		_J94 = False
		_J100 = False
		_J105 = False
		_J111 = False
		_EL_U_66 = True
		_EL_U_68 = False
		_EL_U_70 = True
		((-1.0 * l) < 1.0)
		((-1.0 * l) < -2.0)
		((-1.0 * l) < -1.0)
		((-1.0 * l) < 0.0)
		(((-1.0 * l) + i) < 0.0)
		((-1.0 * i) <= -5/4)
	Trans 2 -- 2
		_x_i : (i + 1.0)
		_x_l : l
	End do-while
	State 2
		inc_i = True
		_EL_U_72 = False
		r = 5/4
		_J94 = False
		_J100 = False
		_J105 = False
		_J111 = False
		_EL_U_66 = True
		_EL_U_68 = False
		_EL_U_70 = True
		((((l * 31/120) + -31/120) - (i * 31/120)) <= 0.0)
		(((-1.0 * i) + l) <= 1.0)
		((-1.0 * i) <= -1/4)
		((-1.0 * l) < 0.0)
		((-1.0 * l) < 1.0)
		((-1.0 * l) < -2.0)
		((-1.0 * l) < -1.0)
		(((-1.0 * l) + i) < 0.0)
		((-1.0 * i) <= -5/4)
	Trans 2 -- 3
		_x_i = (i + 1.0)
		_x_l = l
	State 3
		inc_i = True
		_EL_U_72 = False
		r = 5/4
		_J94 = False
		_J100 = True
		_J105 = True
		_J111 = True
		_EL_U_66 = True
		_EL_U_68 = False
		_EL_U_70 = True
	Trans 3 -- 4
		_x_i = 0.0
		_x_l = (l + 1.0)
	State 4
		inc_i = False
		_EL_U_72 = False
		r = 5/4
		_J94 = False
		_J100 = True
		_J105 = True
		_J111 = True
		_EL_U_66 = True
		_EL_U_68 = False
		_EL_U_70 = True
	Trans 4 -- 5
		_x_i = i
		_x_l = l
	State 5
		inc_i = False
		_EL_U_72 = False
		r = 5/4
		_J94 = True
		_J100 = True
		_J105 = True
		_J111 = True
		_EL_U_66 = True
		_EL_U_68 = False
		_EL_U_70 = True
	Trans 5 -- 6
		_x_i = (i + 1.0)
		_x_l = l
	State 6
		inc_i = True
		_EL_U_72 = False
		r = 5/4
		_J94 = False
		_J100 = False
		_J105 = False
		_J111 = False
		_EL_U_66 = True
		_EL_U_68 = False
		_EL_U_70 = True
	Trans 6 -- 7
		_x_i = (i + 1.0)
		_x_l = l
	State 7
		inc_i = True
		_EL_U_72 = False
		r = 5/4
		_J94 = True
		_J100 = True
		_J105 = True
		_J111 = True
		_EL_U_66 = True
		_EL_U_68 = False
		_EL_U_70 = True
	Trans 7 -- 8
		_x_i = (i + 1.0)
		_x_l = l
	starting from: {inc_i: True, l: 67/16, r: 5/4, i: 51/16, _J94: False, _J100: False, _J105: False, _J111: False, _EL_U_72: False, _EL_U_66: True, _EL_U_68: False, _EL_U_70: True}

end of `extending_bound`: SUCCESS in 3.043982982635498s
