F3 run `fischer_0021`

	Found non-termination argument:
	State 4
		id = 1
		turn = 1
		p16_l1 = False
		p16_l0 = False
		p19_l1 = False
		p19_l0 = False
		p0_l1 = False
		p0_l0 = True
		p3_l1 = False
		p3_l0 = False
		p6_l1 = False
		p6_l0 = False
		_J2330 = True
		p9_l1 = False
		_J2324 = True
		p9_l0 = False
		_J2317 = True
		p12_l1 = False
		p12_l0 = False
		_J2311 = True
		_J2306 = True
		_J2300 = True
		p15_l1 = False
		_EL_U_2263 = True
		p15_l0 = False
		_EL_U_2265 = False
		p18_l1 = False
		p18_l0 = False
		_EL_U_2267 = True
		_EL_U_2269 = False
		_EL_U_2271 = False
		_EL_U_2273 = True
		p2_l1 = False
		p2_l0 = False
		p5_l1 = False
		p5_l0 = False
		p8_l1 = False
		p8_l0 = False
		p11_l1 = False
		p11_l0 = False
		p14_l1 = False
		p14_l0 = False
		p17_l1 = False
		p17_l0 = False
		p20_l1 = False
		p20_l0 = False
		p1_l1 = False
		p1_l0 = False
		p4_l1 = False
		p4_l0 = False
		p7_l1 = False
		p7_l0 = False
		p10_l1 = False
		p10_l0 = False
		p13_l1 = False
		p13_l0 = False
		((-1.0 * p9_x) < -2.0)
		((-1.0 * p18_x) < -2.0)
		((-1.0 * p2_x) < -2.0)
		((-1.0 * p8_x) < -2.0)
		((-1.0 * p15_x) < -2.0)
		((-1.0 * p12_x) < -2.0)
		((-1.0 * p1_x) < -2.0)
		((-1.0 * p3_x) < -2.0)
		((-1.0 * p6_x) < -2.0)
		((-1.0 * p16_x) < -2.0)
		((-1.0 * _diverge_delta) <= -1.0)
		((-1.0 * p19_x) < -2.0)
		((-1.0 * p10_x) < -2.0)
		((-1.0 * p0_x) < -2.0)
		((-1.0 * delta) <= -1.0)
		((-1.0 * p17_x) < -2.0)
		(((-1.0 * delta) + _diverge_delta) < 0.0)
		((-1.0 * p13_x) < -2.0)
		((-1.0 * p4_x) < -2.0)
		((-1.0 * p7_x) < -2.0)
		((-1.0 * p20_x) < -2.0)
		((-1.0 * p11_x) < -2.0)
		((-1.0 * p14_x) < -2.0)
		((-1.0 * p5_x) < -2.0)
	Trans 4 -- 5
		_x_p15_x = (p15_x + delta)
		_x__diverge_delta = delta
		_x_p18_x = (p18_x + delta)
		_x_p8_x = (p8_x + delta)
		_x_p5_x = (p5_x + delta)
		_x_p2_x = (delta + p2_x)
		_x_p3_x = (p3_x + delta)
		_x_p14_x = (p14_x + delta)
		_x_p1_x = (p1_x + delta)
		_x_p11_x = (p11_x + delta)
		_x_p20_x = (p20_x + delta)
		_x_p7_x = (p7_x + delta)
		_x_p17_x = (p17_x + delta)
		_x_p4_x = (p4_x + delta)
		_x_p13_x = (delta + p13_x)
		_x_p0_x = (p0_x + delta)
		_x_p10_x = (p10_x + delta)
		_x_p19_x = (p19_x + delta)
		_x_p6_x = (p6_x + delta)
		_x_p9_x = (p9_x + delta)
		_x_p12_x = (p12_x + delta)
		_x_p16_x = (delta + p16_x)
		_x_delta = (((p13_x * 85/84) + (p2_x * 85/84) + (p16_x * 83/84) + (delta * 85/84) + (p5_x * 85/84) + (p19_x * 83/84) + (p8_x * 85/84) + (p11_x * 85/84) + (p0_x * 85/84) + (p14_x * 85/84) + (p3_x * 83/84) + (p17_x * 85/84) + (p6_x * 83/84) + (p20_x * 85/84) + (p9_x * 85/84) + (p12_x * 85/84) + (p1_x * 85/84) + (p15_x * 83/84) + (p4_x * 85/84) + (p18_x * 85/84) + (p7_x * 85/84) + (p10_x * 85/84) + 1/84) - (_diverge_delta * 1/42))
	State 5
		id = 1
		turn = 1
		p16_l1 = False
		p16_l0 = False
		p19_l1 = False
		p19_l0 = False
		p0_l1 = False
		p0_l0 = True
		p3_l1 = False
		p3_l0 = False
		p6_l1 = False
		p6_l0 = False
		_J2330 = False
		p9_l1 = False
		_J2324 = False
		p9_l0 = False
		_J2317 = False
		p12_l1 = False
		p12_l0 = False
		_J2311 = False
		_J2306 = False
		_J2300 = False
		p15_l1 = False
		_EL_U_2263 = True
		p15_l0 = False
		_EL_U_2265 = False
		p18_l1 = False
		p18_l0 = False
		_EL_U_2267 = True
		_EL_U_2269 = False
		_EL_U_2271 = False
		_EL_U_2273 = True
		p2_l1 = False
		p2_l0 = False
		p5_l1 = False
		p5_l0 = False
		p8_l1 = False
		p8_l0 = False
		p11_l1 = False
		p11_l0 = False
		p14_l1 = False
		p14_l0 = False
		p17_l1 = False
		p17_l0 = False
		p20_l1 = False
		p20_l0 = False
		p1_l1 = False
		p1_l0 = False
		p4_l1 = False
		p4_l0 = False
		p7_l1 = False
		p7_l0 = False
		p10_l1 = False
		p10_l0 = False
		p13_l1 = False
		p13_l0 = False
		(((-1.0 * p10_x) + (-1.0 * delta)) < -2.0)
		(((-1.0 * p11_x) + (-1.0 * delta)) < -2.0)
		(((-1.0 * p12_x) + (-1.0 * delta)) < -2.0)
		(((-1.0 * p0_x) + (-1.0 * delta)) < -2.0)
		(((-1.0 * p14_x) + (-1.0 * delta)) < -2.0)
		(((-1.0 * p1_x) + (-1.0 * delta)) < -2.0)
		(((-1.0 * p17_x) + (-1.0 * delta)) < -2.0)
		(((-1.0 * p5_x) + (-1.0 * delta)) < -2.0)
		(((-1.0 * p3_x) + (-1.0 * delta)) < -2.0)
		(((-1.0 * p9_x) + (-1.0 * delta)) < -2.0)
		(((-1.0 * p13_x) + (-1.0 * delta)) < -2.0)
		(((-1.0 * p6_x) + (-1.0 * delta)) < -2.0)
		((-1.0 * delta) < 0.0)
		(((-1.0 * p18_x) + (-1.0 * delta)) < -2.0)
		(((-1.0 * p4_x) + (-1.0 * delta)) < -2.0)
		(((-1.0 * p16_x) + (-1.0 * delta)) < -2.0)
		(((-1.0 * p2_x) + (-1.0 * delta)) < -2.0)
		((-1.0 * delta) <= -1.0)
		(((-1.0 * p7_x) + (-1.0 * delta)) < -2.0)
		(((-1.0 * p8_x) + (-1.0 * delta)) < -2.0)
		(((-1.0 * p19_x) + (-1.0 * delta)) < -2.0)
		(((-1.0 * p20_x) + (-1.0 * delta)) < -2.0)
		(((-1.0 * p15_x) + (-1.0 * delta)) < -2.0)
	Trans 5 -- 6
		_x_p15_x = (p15_x + delta)
		_x__diverge_delta = delta
		_x_p18_x = (p18_x + delta)
		_x_p8_x = (p8_x + delta)
		_x_p5_x = (p5_x + delta)
		_x_p2_x = (delta + p2_x)
		_x_p3_x = (p3_x + delta)
		_x_p14_x = (p14_x + delta)
		_x_p1_x = (p1_x + delta)
		_x_p11_x = (p11_x + delta)
		_x_p20_x = (p20_x + delta)
		_x_p7_x = (p7_x + delta)
		_x_p17_x = (p17_x + delta)
		_x_p4_x = (p4_x + delta)
		_x_p13_x = (delta + p13_x)
		_x_p0_x = (p0_x + delta)
		_x_p10_x = (p10_x + delta)
		_x_p19_x = (p19_x + delta)
		_x_p6_x = (p6_x + delta)
		_x_p9_x = (p9_x + delta)
		_x_p12_x = (p12_x + delta)
		_x_p16_x = (delta + p16_x)
		_x_delta = (((p13_x * 1/84) + (p2_x * 1/84) + p16_x + (delta * 85/84) + (p5_x * 1/84) + p19_x + p8_x + p11_x + p0_x + p14_x + p3_x + (p17_x * 1/84) + p6_x + p20_x + (p9_x * 1/84) + p12_x + (p1_x * 1/84) + p15_x + (p4_x * 1/84) + p18_x + p7_x + p10_x + -1.0) - (_diverge_delta * 85/84))
	starting from: p16_l1 : False, p16_l0 : False, p16_x : 5.0, _diverge_delta : 5/2, delta : 3.0, turn : 1, id : 1, p5_l1 : False, p5_l0 : False, p5_x : 5.0, p11_l1 : False, p11_l0 : False, p11_x : 5.0, p17_l1 : False, p17_l0 : False, p17_x : 5.0, p0_l1 : False, p0_l0 : True, p0_x : 5/2, p6_l1 : False, p6_l0 : False, _J2330 : True, p6_x : 5.0, _J2324 : True, _J2317 : True, p12_l1 : False, p12_l0 : False, _J2311 : True, _J2306 : True, _J2300 : True, p12_x : 5.0, _EL_U_2263 : True, _EL_U_2265 : False, p18_l1 : False, p18_l0 : False, _EL_U_2267 : True, _EL_U_2269 : False, p18_x : 5.0, _EL_U_2271 : False, _EL_U_2273 : True, p1_l1 : False, p1_l0 : False, p1_x : 5.0, p7_l1 : False, p7_l0 : False, p7_x : 5.0, p13_l1 : False, p13_l0 : False, p13_x : 5.0, p19_l1 : False, p19_l0 : False, p19_x : 5.0, p2_l1 : False, p2_l0 : False, p2_x : 5.0, p8_l1 : False, p8_l0 : False, p8_x : 5.0, p14_l1 : False, p14_l0 : False, p14_x : 5.0, p20_l1 : False, p20_l0 : False, p20_x : 5.0, p3_l1 : False, p3_l0 : False, p3_x : 5.0, p9_l1 : False, p9_l0 : False, p9_x : 5.0, p15_l1 : False, p15_l0 : False, p15_x : 5.0, p4_l1 : False, p4_l0 : False, p4_x : 5.0, p10_l1 : False, p10_l0 : False, p10_x : 5.0

end of `fischer_0021`: SUCCESS in 56.229482889175415s
