

run 1/1: `fischer_0019`

	Found non-termination argument:
	Do states 4..4 while (((p0_x * 1/5) + (delta * 1/5)) < 0.0)
	State 4
		p8_l0 = False
		_diverge_delta = 5/2
		p14_l1 = False
		p7_l0 = False
		p13_l1 = False
		p6_l1 = False
		p5_l0 = False
		p11_l1 = False
		p16_l0 = False
		p4_l1 = False
		p1_l0 = False
		p4_l0 = False
		p10_l1 = False
		p15_l0 = False
		p0_l1 = False
		p18_l0 = False
		p3_l1 = False
		p3_l0 = False
		p9_l1 = False
		p5_l1 = False
		p18_l1 = False
		p9_l0 = False
		p15_l1 = False
		p14_l0 = False
		id = 1
		turn = 4
		p6_l0 = False
		p12_l1 = False
		p7_l1 = False
		p0_l0 = True
		p1_l1 = False
		p13_l0 = False
		p2_l0 = False
		p8_l1 = False
		p17_l0 = False
		p2_l1 = False
		p10_l0 = False
		p16_l1 = False
		p11_l0 = False
		p17_l1 = False
		p12_l0 = False
		_J2090 = True
		_J2096 = True
		_J2101 = True
		_J2107 = True
		_J2114 = True
		_J2120 = True
		_EL_U_2053 = True
		_EL_U_2055 = False
		_EL_U_2057 = True
		_EL_U_2059 = False
		_EL_U_2061 = False
		_EL_U_2063 = True
		((-1.0 * p12_x) < -2.0)
		((-1.0 * p3_x) < -2.0)
		((-1.0 * p16_x) < -2.0)
		(delta = 5/2)
		((-1.0 * p10_x) < -2.0)
		((-1.0 * p0_x) < -2.0)
		((-1.0 * p6_x) < -2.0)
		((-1.0 * p13_x) < -2.0)
		((-1.0 * p4_x) < -2.0)
		((-1.0 * p7_x) < -2.0)
		((-1.0 * p17_x) < -2.0)
		((-1.0 * p1_x) < -2.0)
		((-1.0 * p14_x) < -2.0)
		((-1.0 * p11_x) < -2.0)
		((-1.0 * p8_x) < -2.0)
		((-1.0 * p2_x) < -2.0)
		((-1.0 * p5_x) < -2.0)
		((-1.0 * delta) < 0.0)
		((-1.0 * p15_x) < -2.0)
		((-1.0 * p18_x) < -2.0)
		((-1.0 * p9_x) < -2.0)
	Trans 4 -- 4
		_x_p17_x : (p17_x + delta)
		_x_p18_x : (p18_x + delta)
		_x_delta : 5/2
		_x_p5_x : (p5_x + delta)
		_x_p8_x : (p8_x + delta)
		_x_p4_x : (p4_x + delta)
		_x_p7_x : (p7_x + delta)
		_x_p1_x : (p1_x + delta)
		_x_p3_x : (p3_x + delta)
		_x_p0_x : (p0_x + delta)
		_x_p13_x : (p13_x + delta)
		_x_p2_x : (p2_x + delta)
		_x_p6_x : (p6_x + delta)
		_x_p9_x : (p9_x + delta)
		_x_p10_x : (p10_x + delta)
		_x_p11_x : (p11_x + delta)
		_x_p12_x : (p12_x + delta)
		_x_p14_x : (p14_x + delta)
		_x_p15_x : (p15_x + delta)
		_x_p16_x : (p16_x + delta)
	End do-while
	State 4
		p8_l0 = False
		_diverge_delta = 5/2
		p14_l1 = False
		p7_l0 = False
		p13_l1 = False
		p6_l1 = False
		p5_l0 = False
		p11_l1 = False
		p16_l0 = False
		p4_l1 = False
		p1_l0 = False
		p4_l0 = False
		p10_l1 = False
		p15_l0 = False
		p0_l1 = False
		p18_l0 = False
		p3_l1 = False
		p3_l0 = False
		p9_l1 = False
		p5_l1 = False
		p18_l1 = False
		p9_l0 = False
		p15_l1 = False
		p14_l0 = False
		id = 1
		turn = 4
		p6_l0 = False
		p12_l1 = False
		p7_l1 = False
		p0_l0 = True
		p1_l1 = False
		p13_l0 = False
		p2_l0 = False
		p8_l1 = False
		p17_l0 = False
		p2_l1 = False
		p10_l0 = False
		p16_l1 = False
		p11_l0 = False
		p17_l1 = False
		p12_l0 = False
		_J2090 = True
		_J2096 = True
		_J2101 = True
		_J2107 = True
		_J2114 = True
		_J2120 = True
		_EL_U_2053 = True
		_EL_U_2055 = False
		_EL_U_2057 = True
		_EL_U_2059 = False
		_EL_U_2061 = False
		_EL_U_2063 = True
		(((-1.0 * delta) + (-1.0 * p7_x)) < 1/2)
		(((-1.0 * delta) + (-1.0 * p13_x)) < 1/2)
		(((-1.0 * delta) + (-1.0 * p0_x)) < 1/2)
		(((-1.0 * p16_x) + (-1.0 * delta)) < 1/2)
		(((-1.0 * p12_x) + (-1.0 * delta)) < 1/2)
		(((-1.0 * p18_x) + (-1.0 * delta)) < 1/2)
		(((-1.0 * delta) + (-1.0 * p5_x)) < 1/2)
		(delta = 5/2)
		(((-1.0 * delta) + (-1.0 * p8_x)) < 1/2)
		(((-1.0 * delta) + (-1.0 * p14_x)) < 1/2)
		(((-1.0 * delta) + (-1.0 * p17_x)) < 1/2)
		(((-1.0 * delta) + (-1.0 * p4_x)) < 1/2)
		(((-1.0 * delta) + (-1.0 * p6_x)) < 1/2)
		(((-1.0 * delta) + (-1.0 * p10_x)) < 1/2)
		(((-1.0 * p3_x) + (-1.0 * delta)) < 1/2)
		(((-1.0 * p9_x) + (-1.0 * delta)) < 1/2)
		(((-1.0 * p15_x) + (-1.0 * delta)) < 1/2)
		(((-1.0 * delta) + (-1.0 * p2_x)) < 1/2)
		(((-1.0 * delta) + (-1.0 * p11_x)) < 1/2)
		(((-1.0 * delta) + (-1.0 * p1_x)) < 1/2)
		((-1.0 * ((delta * 1/5) + (p0_x * 1/5))) <= 0.0)
	Trans 4 -- 5
		_x_p17_x = (p17_x + delta)
		_x_p18_x = (p18_x + delta)
		_x_delta = 5/2
		_x_p5_x = (p5_x + delta)
		_x_p8_x = (p8_x + delta)
		_x_p4_x = (p4_x + delta)
		_x_p7_x = (p7_x + delta)
		_x_p1_x = (p1_x + delta)
		_x_p3_x = (p3_x + delta)
		_x_p0_x = (p0_x + delta)
		_x_p13_x = (p13_x + delta)
		_x_p2_x = (p2_x + delta)
		_x_p6_x = (p6_x + delta)
		_x_p9_x = (p9_x + delta)
		_x_p10_x = (p10_x + delta)
		_x_p11_x = (p11_x + delta)
		_x_p12_x = (p12_x + delta)
		_x_p14_x = (p14_x + delta)
		_x_p15_x = (p15_x + delta)
		_x_p16_x = (p16_x + delta)
	State 5
		p8_l0 = False
		_diverge_delta = 5/2
		p14_l1 = False
		p7_l0 = False
		p13_l1 = False
		p6_l1 = False
		p5_l0 = False
		p11_l1 = False
		p16_l0 = False
		p4_l1 = False
		p1_l0 = False
		p4_l0 = False
		p10_l1 = False
		p15_l0 = False
		p0_l1 = False
		p18_l0 = False
		p3_l1 = False
		p3_l0 = False
		p9_l1 = False
		p5_l1 = False
		p18_l1 = False
		p9_l0 = False
		p15_l1 = False
		p14_l0 = False
		id = 1
		turn = 4
		p6_l0 = False
		p12_l1 = False
		p7_l1 = False
		p0_l0 = True
		p1_l1 = False
		p13_l0 = False
		p2_l0 = False
		p8_l1 = False
		p17_l0 = False
		p2_l1 = False
		p10_l0 = False
		p16_l1 = False
		p11_l0 = False
		p17_l1 = False
		p12_l0 = False
		_J2090 = False
		_J2096 = False
		_J2101 = False
		_J2107 = False
		_J2114 = False
		_J2120 = False
		_EL_U_2053 = True
		_EL_U_2055 = False
		_EL_U_2057 = True
		_EL_U_2059 = False
		_EL_U_2061 = False
		_EL_U_2063 = True
	Trans 5 -- 6
		_x_p17_x = (p17_x + delta)
		_x_p18_x = (p18_x + delta)
		_x_delta = 5/2
		_x_p5_x = (p5_x + delta)
		_x_p8_x = (p8_x + delta)
		_x_p4_x = (p4_x + delta)
		_x_p7_x = (p7_x + delta)
		_x_p1_x = (p1_x + delta)
		_x_p3_x = (p3_x + delta)
		_x_p0_x = (p0_x + delta)
		_x_p13_x = (p13_x + delta)
		_x_p2_x = (p2_x + delta)
		_x_p6_x = (p6_x + delta)
		_x_p9_x = (p9_x + delta)
		_x_p10_x = (p10_x + delta)
		_x_p11_x = (p11_x + delta)
		_x_p12_x = (p12_x + delta)
		_x_p14_x = (p14_x + delta)
		_x_p15_x = (p15_x + delta)
		_x_p16_x = (p16_x + delta)
	starting from: {delta: 5/2, p8_l0: False, _diverge_delta: 5/2, p14_l1: False, p7_l0: False, p13_l1: False, p6_l1: False, p5_l0: False, p11_l1: False, p5_x: 5.0, p16_l0: False, p8_x: 5.0, p4_l1: False, p1_l0: False, p4_l0: False, p10_l1: False, p4_x: 5.0, p15_l0: False, p7_x: 5.0, p0_l1: False, p18_l0: False, p3_l1: False, p3_l0: False, p9_l1: False, p5_l1: False, p18_l1: False, p1_x: 5.0, p9_l0: False, p15_l1: False, p3_x: 5.0, p14_l0: False, id: 1, turn: 4, p6_l0: False, p12_l1: False, p0_x: 5.0, p7_l1: False, p0_l0: True, p13_x: 5.0, p1_l1: False, p2_x: 5.0, p13_l0: False, p2_l0: False, p8_l1: False, p6_x: 5.0, p17_l0: False, p2_l1: False, p9_x: 5.0, p10_x: 5.0, p10_l0: False, p16_l1: False, p11_x: 5.0, p11_l0: False, p17_l1: False, p12_x: 5.0, p12_l0: False, p14_x: 5.0, p15_x: 5.0, p16_x: 5.0, p17_x: 5.0, p18_x: 5.0, _J2090: True, _J2096: True, _J2101: True, _J2107: True, _J2114: True, _J2120: True, _EL_U_2053: True, _EL_U_2055: False, _EL_U_2057: True, _EL_U_2059: False, _EL_U_2061: False, _EL_U_2063: True}

end of `fischer_0019`: SUCCESS in 4.609745740890503s
