F3 run `fischer_0015`

	Found non-termination argument:
	State 4
		p9_l1 = False
		p9_l0 = False
		p12_l1 = False
		p12_l0 = False
		turn = 13
		id = 1
		p2_l1 = False
		p2_l0 = False
		p5_l1 = False
		p5_l0 = False
		p8_l1 = False
		p8_l0 = False
		p11_l1 = False
		p11_l0 = False
		p14_l1 = False
		p14_l0 = False
		_J1694 = True
		_J1700 = True
		_J1687 = True
		_J1681 = True
		_J1676 = True
		_J1670 = True
		_EL_U_1633 = True
		_EL_U_1635 = False
		_EL_U_1637 = True
		_EL_U_1639 = False
		p1_l1 = False
		p1_l0 = False
		_EL_U_1641 = False
		_EL_U_1643 = True
		p4_l1 = False
		p4_l0 = False
		p7_l1 = False
		p7_l0 = False
		p10_l1 = False
		p10_l0 = False
		p13_l1 = False
		p13_l0 = False
		p0_l1 = False
		p0_l0 = True
		p3_l1 = False
		p3_l0 = False
		p6_l1 = False
		p6_l0 = False
		(_diverge_delta < 1.0)
		((-1.0 * delta) < 0.0)
		((-1.0 * p8_x) < -2.0)
		((-1.0 * p2_x) < -2.0)
		((-1.0 * p5_x) < -2.0)
		((-1.0 * p9_x) < -2.0)
		(((-1.0 * delta) + (-1.0 * _diverge_delta)) <= -1.0)
		((-1.0 * p12_x) < -2.0)
		((-1.0 * p10_x) < -2.0)
		((-1.0 * p3_x) < -2.0)
		((-1.0 * p11_x) < -2.0)
		((-1.0 * p4_x) < -2.0)
		((-1.0 * p6_x) < -2.0)
		((-1.0 * p0_x) < -2.0)
		((-1.0 * p13_x) < -2.0)
		((-1.0 * p7_x) < -2.0)
		((-1.0 * p1_x) < -2.0)
		((-1.0 * p14_x) < -2.0)
	Trans 4 -- 5
		_x_p5_x = (p5_x + delta)
		_x_p6_x = (delta + p6_x)
		_x_p9_x = (delta + p9_x)
		_x__diverge_delta = (delta + _diverge_delta)
		_x_p3_x = (p3_x + delta)
		_x_p11_x = (p11_x + delta)
		_x_p2_x = (p2_x + delta)
		_x_p8_x = (p8_x + delta)
		_x_p14_x = (p14_x + delta)
		_x_p1_x = (p1_x + delta)
		_x_p7_x = (p7_x + delta)
		_x_p13_x = (delta + p13_x)
		_x_p0_x = (p0_x + delta)
		_x_p4_x = (p4_x + delta)
		_x_p12_x = (p12_x + delta)
		_x_p10_x = (delta + p10_x)
		_x_delta = 13/84
	State 5
		p9_l1 = False
		p9_l0 = False
		p12_l1 = False
		p12_l0 = False
		turn = 13
		id = 1
		p2_l1 = False
		p2_l0 = False
		p5_l1 = False
		p5_l0 = False
		p8_l1 = False
		p8_l0 = False
		p11_l1 = False
		p11_l0 = False
		p14_l1 = False
		p14_l0 = False
		_J1694 = False
		_J1700 = False
		_J1687 = False
		_J1681 = False
		_J1676 = False
		_J1670 = False
		_EL_U_1633 = True
		_EL_U_1635 = False
		_EL_U_1637 = True
		_EL_U_1639 = False
		p1_l1 = False
		p1_l0 = False
		_EL_U_1641 = False
		_EL_U_1643 = True
		p4_l1 = False
		p4_l0 = False
		p7_l1 = False
		p7_l0 = False
		p10_l1 = False
		p10_l0 = False
		p13_l1 = False
		p13_l0 = False
		p0_l1 = False
		p0_l0 = True
		p3_l1 = False
		p3_l0 = False
		p6_l1 = False
		p6_l0 = False
		(((-1.0 * p1_x) + (-1.0 * delta)) < -2.0)
		(((-1.0 * p3_x) + (-1.0 * delta)) < -2.0)
		(delta < 1.0)
		(((-1.0 * p14_x) + (-1.0 * delta)) < -2.0)
		(((-1.0 * p11_x) + (-1.0 * delta)) < -2.0)
		(((-1.0 * p8_x) + (-1.0 * delta)) < -2.0)
		((-1.0 * delta) < 0.0)
		(((-1.0 * p4_x) + (-1.0 * delta)) < -2.0)
		(((-1.0 * p2_x) + (-1.0 * delta)) < -2.0)
		(((-1.0 * p6_x) + (-1.0 * delta)) < -2.0)
		(((-1.0 * p5_x) + (-1.0 * delta)) < -2.0)
		(((-1.0 * p0_x) + (-1.0 * delta)) < -2.0)
		(((-1.0 * p9_x) + (-1.0 * delta)) < -2.0)
		(((-1.0 * p13_x) + (-1.0 * delta)) < -2.0)
		(((-1.0 * p12_x) + (-1.0 * delta)) < -2.0)
		(((-1.0 * p7_x) + (-1.0 * delta)) < -2.0)
		(((-1.0 * p10_x) + (-1.0 * delta)) < -2.0)
	Trans 5 -- 6
		_x_p5_x = (p5_x + delta)
		_x_p6_x = (delta + p6_x)
		_x_p9_x = (delta + p9_x)
		_x_p3_x = (p3_x + delta)
		_x__diverge_delta = delta
		_x_p11_x = (p11_x + delta)
		_x_p2_x = (p2_x + delta)
		_x_p8_x = (p8_x + delta)
		_x_p14_x = (p14_x + delta)
		_x_p1_x = (p1_x + delta)
		_x_p7_x = (p7_x + delta)
		_x_p13_x = (delta + p13_x)
		_x_p0_x = (p0_x + delta)
		_x_p4_x = (p4_x + delta)
		_x_p12_x = (p12_x + delta)
		_x_p10_x = (delta + p10_x)
		_x_delta = (p10_x + (p6_x * 1/6) + p13_x + (-1.0 * _diverge_delta) + p9_x + (delta * 1/6) + p2_x + p5_x + p12_x + p1_x + p8_x + p4_x + p11_x + p0_x + p7_x + p14_x + p3_x + -1.0)
	starting from: p9_l1 : False, p6_x : 3.0, p9_l0 : False, p3_x : 3.0, p12_l1 : False, p12_l0 : False, p9_x : 3.0, delta : 5/2, _diverge_delta : 1/2, p12_x : 3.0, turn : 13, id : 1, p2_l1 : False, p2_l0 : False, p5_l1 : False, p5_l0 : False, p2_x : 3.0, p8_l1 : False, p8_l0 : False, p5_x : 3.0, p11_l1 : False, p11_l0 : False, p8_x : 3.0, p14_l1 : False, p14_l0 : False, p11_x : 3.0, _J1700 : True, _J1694 : True, _J1687 : True, p14_x : 3.0, _J1681 : True, _J1676 : True, _J1670 : True, _EL_U_1633 : True, _EL_U_1635 : False, _EL_U_1637 : True, _EL_U_1639 : False, p1_l1 : False, p1_l0 : False, _EL_U_1641 : False, _EL_U_1643 : True, p4_l1 : False, p4_l0 : False, p1_x : 3.0, p7_l1 : False, p7_l0 : False, p4_x : 3.0, p10_l1 : False, p10_l0 : False, p7_x : 3.0, p13_l1 : False, p13_l0 : False, p10_x : 3.0, p13_x : 3.0, p0_l1 : False, p0_l0 : True, p0_x : 3.0, p3_l1 : False, p3_l0 : False, p6_l1 : False, p6_l0 : False

end of `fischer_0015`: SUCCESS in 12.376721620559692s
