F3 run `fischer_0012`

	Found non-termination argument:
	State 4
		_J1385 = True
		_J1379 = True
		_J1372 = True
		_J1366 = True
		_J1361 = True
		_J1355 = True
		_EL_U_1318 = True
		_EL_U_1320 = False
		_EL_U_1322 = True
		p2_l1 = False
		p2_l0 = False
		_EL_U_1324 = False
		_EL_U_1326 = False
		p5_l1 = False
		p5_l0 = False
		_EL_U_1328 = True
		id = 1
		turn = 2
		p8_l1 = False
		p8_l0 = False
		p11_l1 = False
		p11_l0 = False
		p1_l1 = False
		p1_l0 = False
		p4_l1 = False
		p4_l0 = False
		p7_l1 = False
		p7_l0 = False
		p10_l1 = False
		p10_l0 = False
		p0_l1 = False
		p0_l0 = True
		p3_l1 = False
		p3_l0 = False
		p6_l1 = False
		p6_l0 = False
		p9_l1 = False
		p9_l0 = False
		((-1.0 * _diverge_delta) <= -1.0)
		((-1.0 * delta) < 0.0)
		((-1.0 * p11_x) < -2.0)
		((-1.0 * p5_x) < -2.0)
		((-1.0 * p8_x) <= 0.0)
		((-1.0 * p6_x) < -2.0)
		((-1.0 * p0_x) < -2.0)
		((-1.0 * p7_x) < -2.0)
		((-1.0 * p1_x) < -2.0)
		((-1.0 * p9_x) < -2.0)
		((-1.0 * p4_x) < -2.0)
		((-1.0 * p3_x) < -2.0)
		((-1.0 * p8_x) < -2.0)
		((-1.0 * delta) <= -1.0)
		((-1.0 * p2_x) < -2.0)
		((-1.0 * p10_x) < -2.0)
		((-1.0 * p9_x) < 0.0)
	Trans 4 -- 5
		_x_p1_x = (delta + p1_x)
		_x_p7_x = (p7_x + delta)
		_x_p0_x = (p0_x + delta)
		_x_p6_x = (p6_x + delta)
		_x__diverge_delta = delta
		_x_p9_x = (p9_x + delta)
		_x_p5_x = (p5_x + delta)
		_x_p10_x = (p10_x + delta)
		_x_p11_x = (delta + p11_x)
		_x_p2_x = (p2_x + delta)
		_x_p3_x = (p3_x + delta)
		_x_p8_x = (delta + p8_x)
		_x_p4_x = (delta + p4_x)
		_x_delta = (p1_x + p8_x + p4_x + p11_x + delta + p0_x + p7_x + p3_x + p10_x + p6_x + p2_x + p9_x + p5_x + -1.0)
	State 5
		_J1385 = False
		_J1379 = False
		_J1372 = False
		_J1366 = False
		_J1361 = False
		_J1355 = False
		_EL_U_1318 = True
		_EL_U_1320 = False
		_EL_U_1322 = True
		p2_l1 = False
		p2_l0 = False
		_EL_U_1324 = False
		_EL_U_1326 = False
		p5_l1 = False
		p5_l0 = False
		_EL_U_1328 = True
		id = 1
		turn = 2
		p8_l1 = False
		p8_l0 = False
		p11_l1 = False
		p11_l0 = False
		p1_l1 = False
		p1_l0 = False
		p4_l1 = False
		p4_l0 = False
		p7_l1 = False
		p7_l0 = False
		p10_l1 = False
		p10_l0 = False
		p0_l1 = False
		p0_l0 = True
		p3_l1 = False
		p3_l0 = False
		p6_l1 = False
		p6_l0 = False
		p9_l1 = False
		p9_l0 = False
		(((-1.0 * p8_x) + (-1.0 * delta)) <= 0.0)
		((-1.0 * delta) <= -1.0)
		(((-1.0 * p8_x) + (-1.0 * delta)) < -2.0)
		(((-1.0 * p1_x) + (-1.0 * delta)) < -2.0)
		(((-1.0 * p6_x) + (-1.0 * delta)) < -2.0)
		(((-1.0 * p2_x) + (-1.0 * delta)) < -2.0)
		(((-1.0 * p9_x) + (-1.0 * delta)) < -2.0)
		(((-1.0 * p11_x) + (-1.0 * delta)) < -2.0)
		(((-1.0 * p0_x) + (-1.0 * delta)) < -2.0)
		(((-1.0 * p10_x) + (-1.0 * delta)) < -2.0)
		(((-1.0 * p4_x) + (-1.0 * delta)) < -2.0)
		(((-1.0 * p5_x) + (-1.0 * delta)) < -2.0)
		(((-1.0 * p9_x) + (-1.0 * delta)) < 0.0)
		(((-1.0 * p7_x) + (-1.0 * delta)) < -2.0)
		(((-1.0 * p3_x) + (-1.0 * delta)) < -2.0)
	Trans 5 -- 6
		_x_p1_x = (delta + p1_x)
		_x_p7_x = (p7_x + delta)
		_x_p0_x = (p0_x + delta)
		_x_p6_x = (p6_x + delta)
		_x__diverge_delta = delta
		_x_p9_x = (p9_x + delta)
		_x_p5_x = (p5_x + delta)
		_x_p10_x = (p10_x + delta)
		_x_p11_x = (delta + p11_x)
		_x_p2_x = (p2_x + delta)
		_x_p3_x = (p3_x + delta)
		_x_p8_x = (delta + p8_x)
		_x_p4_x = (delta + p4_x)
		_x_delta = (((p1_x * 1/6) + (p8_x * 7/6) + (_diverge_delta * 1/6) + delta + (p0_x * 1/6) + (p6_x * 7/6)) - ((p4_x * 1/6) + (p11_x * 1/6) + (p7_x * 1/6) + (p3_x * 1/6) + (p9_x * 1/6) + (p5_x * 1/6)))
	starting from: _J1385 : True, _J1379 : True, _J1372 : True, _J1366 : True, _diverge_delta : 17/8, _J1361 : True, delta : 17/8, _J1355 : True, _EL_U_1318 : True, _EL_U_1320 : False, _EL_U_1322 : True, p2_l1 : False, p2_l0 : False, _EL_U_1324 : False, turn : 2, p5_l1 : False, p2_x : 3.0, p5_l0 : False, id : 1, _EL_U_1326 : False, p8_l1 : False, p8_l0 : False, p5_x : 3.0, _EL_U_1328 : True, p11_l1 : False, p11_l0 : False, p8_x : 3.0, p11_x : 3.0, p1_l1 : False, p1_l0 : False, p4_l1 : False, p4_l0 : False, p1_x : 3.0, p7_l1 : False, p7_l0 : False, p4_x : 3.0, p10_l1 : False, p10_l0 : False, p7_x : 3.0, p10_x : 3.0, p0_l1 : False, p0_l0 : True, p0_x : 17/8, p3_l1 : False, p3_l0 : False, p6_l1 : False, p6_l0 : False, p3_x : 3.0, p9_l1 : False, p9_l0 : False, p6_x : 3.0, p9_x : 3.0

end of `fischer_0012`: SUCCESS in 9.099766254425049s
