F3 run `fischer_0013`

	Found non-termination argument:
	State 4
		_EL_U_1433 = True
		_EL_U_1427 = True
		turn = 2
		p2_l1 = False
		p2_l0 = False
		id = 1
		p5_l1 = False
		p5_l0 = False
		p8_l1 = False
		p8_l0 = False
		_EL_U_1431 = False
		p11_l1 = False
		p11_l0 = False
		p1_l1 = False
		p1_l0 = False
		p4_l1 = False
		p4_l0 = False
		p7_l1 = False
		p7_l0 = False
		p10_l1 = False
		p10_l0 = False
		p0_l1 = False
		p0_l0 = True
		_J1490 = True
		_J1484 = True
		_J1477 = True
		_J1471 = True
		p3_l1 = False
		p3_l0 = False
		_J1466 = True
		_J1460 = True
		p6_l1 = False
		p6_l0 = False
		_EL_U_1423 = True
		_EL_U_1425 = False
		p9_l1 = False
		p9_l0 = False
		_EL_U_1429 = False
		p12_l1 = False
		p12_l0 = False
		((-1.0 * _diverge_delta) <= -1.0)
		((-1.0 * p12_x) < -2.0)
		((-1.0 * p8_x) < -2.0)
		((-1.0 * p6_x) < -2.0)
		((-1.0 * p2_x) < -2.0)
		((-1.0 * p0_x) < -2.0)
		((-1.0 * p9_x) < -2.0)
		((-1.0 * p7_x) < -2.0)
		((-1.0 * delta) < 0.0)
		((-1.0 * p3_x) < -2.0)
		((-1.0 * p10_x) < -2.0)
		((-1.0 * p4_x) < -2.0)
		((-1.0 * p1_x) < -2.0)
		((-1.0 * p11_x) < -2.0)
		((-1.0 * p5_x) < -2.0)
		((-1.0 * delta) <= -1.0)
	Trans 4 -- 5
		_x_p2_x = (p2_x + delta)
		_x_p6_x = (p6_x + delta)
		_x_p1_x = (delta + p1_x)
		_x_p8_x = (delta + p8_x)
		_x_p4_x = (p4_x + delta)
		_x_p3_x = (p3_x + delta)
		_x_p9_x = (p9_x + delta)
		_x_p7_x = (p7_x + delta)
		_x_p12_x = (delta + p12_x)
		_x__diverge_delta = delta
		_x_p11_x = (p11_x + delta)
		_x_p10_x = (p10_x + delta)
		_x_p5_x = (delta + p5_x)
		_x_p0_x = (p0_x + delta)
		_x_delta = (p5_x + p12_x + p1_x + p8_x + delta + p4_x + p11_x + p0_x + p7_x + p3_x + p10_x + p6_x + p2_x + p9_x + 1.0)
	State 5
		_EL_U_1433 = True
		_EL_U_1427 = True
		turn = 2
		p2_l1 = False
		p2_l0 = False
		id = 1
		p5_l1 = False
		p5_l0 = False
		p8_l1 = False
		p8_l0 = False
		_EL_U_1431 = False
		p11_l1 = False
		p11_l0 = False
		p1_l1 = False
		p1_l0 = False
		p4_l1 = False
		p4_l0 = False
		p7_l1 = False
		p7_l0 = False
		p10_l1 = False
		p10_l0 = False
		p0_l1 = False
		p0_l0 = True
		_J1490 = False
		_J1484 = False
		_J1477 = False
		_J1471 = False
		p3_l1 = False
		p3_l0 = False
		_J1466 = False
		_J1460 = False
		p6_l1 = False
		p6_l0 = False
		_EL_U_1423 = True
		_EL_U_1425 = False
		p9_l1 = False
		p9_l0 = False
		_EL_U_1429 = False
		p12_l1 = False
		p12_l0 = False
		(((-1.0 * p10_x) + (-1.0 * delta)) < -2.0)
		(((-1.0 * delta) + (-1.0 * p9_x)) < -2.0)
		(((-1.0 * p5_x) + (-1.0 * delta)) < -2.0)
		(((-1.0 * delta) + (-1.0 * p6_x)) < -2.0)
		((-1.0 * delta) <= -1.0)
		(((-1.0 * p4_x) + (-1.0 * delta)) < -2.0)
		(((-1.0 * delta) + (-1.0 * p7_x)) < -2.0)
		(((-1.0 * delta) + (-1.0 * p2_x)) < -2.0)
		(((-1.0 * delta) + (-1.0 * p12_x)) < -2.0)
		(((-1.0 * p1_x) + (-1.0 * delta)) < -2.0)
		(((-1.0 * p3_x) + (-1.0 * delta)) < -2.0)
		(((-1.0 * delta) + (-1.0 * p0_x)) < -2.0)
		(((-1.0 * delta) + (-1.0 * p8_x)) < -2.0)
		(((-1.0 * p11_x) + (-1.0 * delta)) < -2.0)
	Trans 5 -- 6
		_x_p2_x = (p2_x + delta)
		_x_p6_x = (p6_x + delta)
		_x_p1_x = (delta + p1_x)
		_x_p8_x = (delta + p8_x)
		_x_p4_x = (p4_x + delta)
		_x_p3_x = (p3_x + delta)
		_x_p9_x = (p9_x + delta)
		_x_p7_x = (p7_x + delta)
		_x_p12_x = (delta + p12_x)
		_x__diverge_delta = delta
		_x_p11_x = (p11_x + delta)
		_x_p10_x = (p10_x + delta)
		_x_p5_x = (delta + p5_x)
		_x_p0_x = (p0_x + delta)
		_x_delta = (((p5_x * 1/20) + (p8_x * 1/20) + (delta * 21/20)) - ((p12_x * 11/20) + (p1_x * 1/20) + (_diverge_delta * 1/20) + (p4_x * 1/20) + (p11_x * 1/20) + (p0_x * 1/20) + (p7_x * 1/20) + (p3_x * 1/20) + (p10_x * 1/20) + (p6_x * 1/20) + (p2_x * 1/20) + (p9_x * 1/20)))
	starting from: _EL_U_1433 : True, p12_x : 5.0, _diverge_delta : 5/2, delta : 5/2, turn : 2, p2_l1 : False, p2_l0 : False, id : 1, p12_l1 : False, p9_x : 5.0, p5_l1 : False, p5_l0 : False, p2_x : 5.0, p8_l1 : False, p8_l0 : False, p5_x : 5.0, p11_l1 : False, p11_l0 : False, p8_x : 5.0, p11_x : 5.0, p1_l1 : False, p1_l0 : False, p4_l1 : False, p4_l0 : False, p1_x : 5.0, p7_l1 : False, p7_l0 : False, p4_x : 5.0, p10_l1 : False, p10_l0 : False, p7_x : 5.0, p9_l0 : False, p10_x : 5.0, p9_l1 : False, p0_l1 : False, p0_l0 : True, _J1490 : True, _J1484 : True, _J1477 : True, p0_x : 5.0, p3_l1 : False, p3_l0 : False, _J1471 : True, _J1466 : True, _J1460 : True, p6_l1 : False, p6_l0 : False, p3_x : 5.0, _EL_U_1423 : True, _EL_U_1427 : True, p6_x : 5.0, _EL_U_1429 : False, _EL_U_1425 : False, _EL_U_1431 : False, p12_l0 : False

end of `fischer_0013`: SUCCESS in 9.025877952575684s
