

run 1/1: `fischer_0009`

	Found non-termination argument:
	Do states 4..5 while (((-1.0 * p8_x) + p2_x + p6_x + delta + -23/2) < 0.0)
	State 4
		p2_l1 = False
		p8_l1 = False
		p2_l0 = False
		p1_l1 = False
		p0_l0 = True
		p7_l1 = False
		p6_l0 = False
		turn = 1
		id = 1
		_diverge_delta = 1/2
		p5_l1 = False
		p3_l0 = False
		p3_l1 = False
		p0_l1 = False
		p4_l0 = False
		p1_l0 = False
		p4_l1 = False
		p5_l0 = False
		p6_l1 = False
		p7_l0 = False
		p8_l0 = False
		_J1040 = True
		_J1046 = True
		_J1051 = True
		_J1057 = True
		_J1064 = True
		_J1070 = True
		_EL_U_1003 = True
		_EL_U_1005 = False
		_EL_U_1007 = True
		_EL_U_1009 = False
		_EL_U_1011 = False
		_EL_U_1013 = True
		((-1.0 * p7_x) < -2.0)
		True
		((-1.0 * p1_x) < -2.0)
		((-1.0 * p8_x) < -2.0)
		((-1.0 * p2_x) < -2.0)
		((-1.0 * p3_x) < -2.0)
		((-1.0 * p4_x) < -2.0)
		((-1.0 * p5_x) < -2.0)
		((-1.0 * p6_x) < -2.0)
		((-1.0 * p0_x) < -2.0)
		(delta = 5/2)
		((-1.0 * delta) < 0.0)
	Trans 4 -- 5
		_x_delta : 1/2
		_x_p6_x : (p6_x + delta)
		_x_p2_x : (p2_x + delta)
		_x_p0_x : (p0_x + delta)
		_x_p3_x : (p3_x + delta)
		_x_p1_x : (p1_x + delta)
		_x_p7_x : (p7_x + delta)
		_x_p4_x : (p4_x + delta)
		_x_p8_x : (p8_x + delta)
		_x_p5_x : (p5_x + delta)
	State 5
		p2_l1 = False
		p8_l1 = False
		p2_l0 = False
		p1_l1 = False
		p0_l0 = True
		p7_l1 = False
		p6_l0 = False
		turn = 1
		id = 1
		_diverge_delta = 3.0
		p5_l1 = False
		p3_l0 = False
		p3_l1 = False
		p0_l1 = False
		p4_l0 = False
		p1_l0 = False
		p4_l1 = False
		p5_l0 = False
		p6_l1 = False
		p7_l0 = False
		p8_l0 = False
		_J1040 = False
		_J1046 = False
		_J1051 = False
		_J1057 = False
		_J1064 = False
		_J1070 = False
		_EL_U_1003 = True
		_EL_U_1005 = False
		_EL_U_1007 = True
		_EL_U_1009 = False
		_EL_U_1011 = False
		_EL_U_1013 = True
	Trans 5 -- 4
		_x_delta : 5/2
		_x_p6_x : (p6_x + delta)
		_x_p2_x : (p2_x + delta)
		_x_p0_x : (p0_x + delta)
		_x_p3_x : (p3_x + delta)
		_x_p1_x : (p1_x + delta)
		_x_p7_x : (p7_x + delta)
		_x_p4_x : (p4_x + delta)
		_x_p8_x : (p8_x + delta)
		_x_p5_x : (p5_x + delta)
	End do-while
	State 5
		p2_l1 = False
		p8_l1 = False
		p2_l0 = False
		p1_l1 = False
		p0_l0 = True
		p7_l1 = False
		p6_l0 = False
		turn = 1
		id = 1
		_diverge_delta = 3.0
		p5_l1 = False
		p3_l0 = False
		p3_l1 = False
		p0_l1 = False
		p4_l0 = False
		p1_l0 = False
		p4_l1 = False
		p5_l0 = False
		p6_l1 = False
		p7_l0 = False
		p8_l0 = False
		_J1040 = False
		_J1046 = False
		_J1051 = False
		_J1057 = False
		_J1064 = False
		_J1070 = False
		_EL_U_1003 = True
		_EL_U_1005 = False
		_EL_U_1007 = True
		_EL_U_1009 = False
		_EL_U_1011 = False
		_EL_U_1013 = True
		(((-1.0 * p8_x) + (-1.0 * delta)) < -2.0)
		(((-1.0 * p5_x) + (-1.0 * delta)) < -2.0)
		(((-1.0 * p2_x) + (-1.0 * delta)) < -2.0)
		(((-1.0 * p6_x) + (-1.0 * delta)) < -2.0)
		(((-1.0 * p7_x) + (-1.0 * delta)) < -2.0)
		(((-1.0 * p3_x) + (-1.0 * delta)) < -2.0)
		(((-1.0 * delta) + (-1.0 * p6_x) + (-1.0 * p2_x) + p8_x + 23/2) <= 0.0)
		(((-1.0 * p0_x) + (-1.0 * delta)) < -2.0)
		(((-1.0 * p1_x) + (-1.0 * delta)) < -2.0)
		(((-1.0 * p4_x) + (-1.0 * delta)) < -2.0)
		((-1.0 * delta) < 0.0)
	Trans 5 -- 6
		_x_delta = 5/2
		_x_p6_x = (p6_x + delta)
		_x_p2_x = (p2_x + delta)
		_x_p0_x = (p0_x + delta)
		_x_p3_x = (p3_x + delta)
		_x_p1_x = (p1_x + delta)
		_x_p7_x = (p7_x + delta)
		_x_p4_x = (p4_x + delta)
		_x_p8_x = (p8_x + delta)
		_x_p5_x = (p5_x + delta)
	starting from: {delta: 5/2, p2_l1: False, p6_x: 3.0, p8_l1: False, p2_l0: False, p2_x: 3.0, p1_l1: False, p0_l0: True, p7_l1: False, p0_x: 3.0, p6_l0: False, turn: 1, id: 1, _diverge_delta: 1/2, p3_x: 3.0, p1_x: 3.0, p5_l1: False, p3_l0: False, p3_l1: False, p0_l1: False, p7_x: 3.0, p4_x: 3.0, p4_l0: False, p1_l0: False, p4_l1: False, p8_x: 3.0, p5_x: 3.0, p5_l0: False, p6_l1: False, p7_l0: False, p8_l0: False, _J1040: True, _J1046: True, _J1051: True, _J1057: True, _J1064: True, _J1070: True, _EL_U_1003: True, _EL_U_1005: False, _EL_U_1007: True, _EL_U_1009: False, _EL_U_1011: False, _EL_U_1013: True}

end of `fischer_0009`: SUCCESS in 2.220766067504883s
