F3 run `fischer_0017`

	Found non-termination argument:
	State 4
		p3_l1 = False
		p3_l0 = False
		_J1910 = True
		_J1904 = True
		_J1897 = True
		p6_l1 = False
		_J1891 = True
		p6_l0 = False
		_J1886 = True
		p9_l1 = False
		_J1880 = True
		p9_l0 = False
		_EL_U_1843 = True
		p12_l1 = False
		_EL_U_1845 = False
		p12_l0 = False
		_EL_U_1847 = True
		p15_l1 = False
		_EL_U_1849 = False
		p15_l0 = False
		_EL_U_1851 = False
		id = 1
		turn = 1
		_EL_U_1853 = True
		p2_l1 = False
		p2_l0 = False
		p5_l1 = False
		p5_l0 = False
		p8_l1 = False
		p8_l0 = False
		p11_l1 = False
		p11_l0 = False
		p14_l1 = False
		p14_l0 = False
		p1_l1 = False
		p1_l0 = False
		p4_l1 = False
		p4_l0 = False
		p7_l1 = False
		p7_l0 = False
		p10_l1 = False
		p10_l0 = False
		p13_l1 = False
		p13_l0 = False
		p16_l1 = False
		p16_l0 = False
		p0_l1 = False
		p0_l0 = True
		(((-1.0 * _diverge_delta) + (-1.0 * delta)) <= -1.0)
		(_diverge_delta < 1.0)
		((-1.0 * delta) < 0.0)
		((-1.0 * p3_x) < -2.0)
		((-1.0 * p7_x) < -2.0)
		((-1.0 * p5_x) < -2.0)
		((-1.0 * p10_x) < -2.0)
		((-1.0 * p14_x) < -2.0)
		((-1.0 * p1_x) < -2.0)
		((-1.0 * p4_x) < -2.0)
		((-1.0 * p11_x) < -2.0)
		((-1.0 * p8_x) < -2.0)
		((-1.0 * p12_x) < -2.0)
		((-1.0 * p13_x) < -2.0)
		((-1.0 * p15_x) < -2.0)
		((-1.0 * p2_x) < -2.0)
		((-1.0 * p6_x) < -2.0)
		((-1.0 * p9_x) < -2.0)
		((-1.0 * p0_x) < -2.0)
		((-1.0 * p16_x) < -2.0)
	Trans 4 -- 5
		_x_p4_x = (p4_x + delta)
		_x_p1_x = (p1_x + delta)
		_x_p14_x = (p14_x + delta)
		_x_p10_x = (p10_x + delta)
		_x_p3_x = (delta + p3_x)
		_x_p7_x = (p7_x + delta)
		_x_p16_x = (p16_x + delta)
		_x_p13_x = (p13_x + delta)
		_x_p0_x = (delta + p0_x)
		_x_p9_x = (p9_x + delta)
		_x__diverge_delta = (delta + _diverge_delta)
		_x_p6_x = (p6_x + delta)
		_x_p2_x = (p2_x + delta)
		_x_p15_x = (p15_x + delta)
		_x_p12_x = (p12_x + delta)
		_x_p5_x = (p5_x + delta)
		_x_p8_x = (p8_x + delta)
		_x_p11_x = (p11_x + delta)
		_x_delta = 1/6
	State 5
		p3_l1 = False
		p3_l0 = False
		_J1910 = False
		_J1904 = False
		_J1897 = False
		p6_l1 = False
		_J1891 = False
		p6_l0 = False
		_J1886 = False
		p9_l1 = False
		_J1880 = False
		p9_l0 = False
		_EL_U_1843 = True
		p12_l1 = False
		_EL_U_1845 = False
		p12_l0 = False
		_EL_U_1847 = True
		p15_l1 = False
		_EL_U_1849 = False
		p15_l0 = False
		_EL_U_1851 = False
		id = 1
		turn = 1
		_EL_U_1853 = True
		p2_l1 = False
		p2_l0 = False
		p5_l1 = False
		p5_l0 = False
		p8_l1 = False
		p8_l0 = False
		p11_l1 = False
		p11_l0 = False
		p14_l1 = False
		p14_l0 = False
		p1_l1 = False
		p1_l0 = False
		p4_l1 = False
		p4_l0 = False
		p7_l1 = False
		p7_l0 = False
		p10_l1 = False
		p10_l0 = False
		p13_l1 = False
		p13_l0 = False
		p16_l1 = False
		p16_l0 = False
		p0_l1 = False
		p0_l0 = True
		(((-1.0 * p13_x) + (-1.0 * delta)) < -2.0)
		(((-1.0 * p10_x) + (-1.0 * delta)) < -2.0)
		(((-1.0 * p15_x) + (-1.0 * delta)) < -2.0)
		(((-1.0 * p14_x) + (-1.0 * delta)) < -2.0)
		((-1.0 * delta) < 0.0)
		(((-1.0 * p2_x) + (-1.0 * delta)) < -2.0)
		(((-1.0 * p1_x) + (-1.0 * delta)) < -2.0)
		(delta < 1.0)
		(((-1.0 * p6_x) + (-1.0 * delta)) < -2.0)
		(((-1.0 * p4_x) + (-1.0 * delta)) < -2.0)
		(((-1.0 * p9_x) + (-1.0 * delta)) < -2.0)
		(((-1.0 * p11_x) + (-1.0 * delta)) < -2.0)
		(((-1.0 * p3_x) + (-1.0 * delta)) < -2.0)
		(((-1.0 * p0_x) + (-1.0 * delta)) < -2.0)
		(((-1.0 * p8_x) + (-1.0 * delta)) < -2.0)
		(((-1.0 * p7_x) + (-1.0 * delta)) < -2.0)
		(((-1.0 * p16_x) + (-1.0 * delta)) < -2.0)
		(((-1.0 * p12_x) + (-1.0 * delta)) < -2.0)
		(((-1.0 * p5_x) + (-1.0 * delta)) < -2.0)
	Trans 5 -- 6
		_x_p4_x = (p4_x + delta)
		_x_p1_x = (p1_x + delta)
		_x_p14_x = (p14_x + delta)
		_x_p10_x = (p10_x + delta)
		_x_p3_x = (delta + p3_x)
		_x_p7_x = (p7_x + delta)
		_x_p16_x = (p16_x + delta)
		_x_p13_x = (p13_x + delta)
		_x_p0_x = (delta + p0_x)
		_x_p9_x = (p9_x + delta)
		_x__diverge_delta = delta
		_x_p6_x = (p6_x + delta)
		_x_p2_x = (p2_x + delta)
		_x_p15_x = (p15_x + delta)
		_x_p12_x = (p12_x + delta)
		_x_p5_x = (p5_x + delta)
		_x_p8_x = (p8_x + delta)
		_x_p11_x = (p11_x + delta)
		_x_delta = (p0_x + (p3_x * 1/3) + delta + (p6_x * 5/6) + (p9_x * 5/6) + (p12_x * 7/6) + p15_x + p2_x + (p5_x * 7/6) + (p8_x * 1/3) + (p11_x * 5/6) + (p14_x * 5/6) + (p1_x * 1/3) + (p4_x * 5/6) + (p7_x * 1/3) + (p10_x * 5/6) + (p13_x * 1/3) + (p16_x * 1/3) + -1.0)
	starting from: p0_x : 3.0, p3_l1 : False, _J1910 : True, p3_l0 : False, _J1904 : True, _diverge_delta : 1/2, _J1897 : True, delta : 5/2, _J1891 : True, _J1886 : True, p6_l1 : False, _J1880 : True, p6_l0 : False, _EL_U_1843 : True, p3_x : 3.0, p9_l1 : False, _EL_U_1845 : False, p9_l0 : False, _EL_U_1847 : True, p6_x : 3.0, turn : 1, _EL_U_1849 : False, p12_l1 : False, id : 1, _EL_U_1851 : False, p12_l0 : False, _EL_U_1853 : True, p15_l1 : False, p15_l0 : False, p12_x : 3.0, p15_x : 3.0, p2_l1 : False, p2_l0 : False, p5_l1 : False, p5_l0 : False, p2_x : 3.0, p8_l1 : False, p5_x : 3.0, p8_l0 : False, p11_l1 : False, p11_l0 : False, p8_x : 3.0, p14_l1 : False, p14_l0 : False, p11_x : 3.0, p14_x : 3.0, p1_l1 : False, p1_l0 : False, p4_l1 : False, p4_l0 : False, p1_x : 3.0, p7_l1 : False, p7_l0 : False, p4_x : 3.0, p10_l1 : False, p10_l0 : False, p7_x : 3.0, p13_l1 : False, p13_l0 : False, p10_x : 3.0, p9_x : 3.0, p16_l1 : False, p16_l0 : False, p13_x : 3.0, p16_x : 3.0, p0_l1 : False, p0_l0 : True

end of `fischer_0017`: SUCCESS in 15.788063526153564s
