

run 1/1: `fischer_0010`

	Found non-termination argument:
	State 4
		p2_l1 = False
		p8_l1 = False
		p2_l0 = False
		p1_l1 = False
		p0_l0 = True
		p7_l1 = False
		p6_l0 = False
		turn = 1
		id = 1
		p9_l0 = False
		p5_l1 = False
		p9_l1 = False
		p3_l0 = False
		p3_l1 = False
		p0_l1 = False
		p4_l0 = False
		p1_l0 = False
		p4_l1 = False
		p5_l0 = False
		p6_l1 = False
		p7_l0 = False
		p8_l0 = False
		_J1145 = True
		_J1151 = True
		_J1156 = True
		_J1162 = True
		_J1169 = True
		_J1175 = True
		_EL_U_1108 = True
		_EL_U_1110 = False
		_EL_U_1112 = True
		_EL_U_1114 = False
		_EL_U_1116 = False
		_EL_U_1118 = True
		((-1.0 * delta) < 0.0)
		((-1.0 * p2_x) < -2.0)
		((-1.0 * p7_x) < -2.0)
		((-1.0 * p1_x) < -2.0)
		((-1.0 * p8_x) < -2.0)
		((-1.0 * p9_x) < -2.0)
		((-1.0 * p3_x) < -2.0)
		((-1.0 * p4_x) < -2.0)
		((-1.0 * p5_x) < -2.0)
		((-1.0 * p6_x) < -2.0)
		((-1.0 * p0_x) < -2.0)
		(_diverge_delta < 1.0)
		(((-1.0 * delta) + (-1.0 * _diverge_delta)) <= -1.0)
	Trans 4 -- 5
		_x_p8_x = (p8_x + delta)
		_x_p5_x = (p5_x + delta)
		_x_delta = 1/72
		_x__diverge_delta = (_diverge_delta + delta)
		_x_p9_x = (p9_x + delta)
		_x_p6_x = (p6_x + delta)
		_x_p2_x = (p2_x + delta)
		_x_p0_x = (p0_x + delta)
		_x_p3_x = (p3_x + delta)
		_x_p1_x = (p1_x + delta)
		_x_p7_x = (p7_x + delta)
		_x_p4_x = (p4_x + delta)
	State 5
		p2_l1 = False
		p8_l1 = False
		p2_l0 = False
		p1_l1 = False
		p0_l0 = True
		p7_l1 = False
		p6_l0 = False
		turn = 1
		id = 1
		p9_l0 = False
		p5_l1 = False
		p9_l1 = False
		p3_l0 = False
		p3_l1 = False
		p0_l1 = False
		p4_l0 = False
		p1_l0 = False
		p4_l1 = False
		p5_l0 = False
		p6_l1 = False
		p7_l0 = False
		p8_l0 = False
		_J1145 = False
		_J1151 = False
		_J1156 = False
		_J1162 = False
		_J1169 = False
		_J1175 = False
		_EL_U_1108 = True
		_EL_U_1110 = False
		_EL_U_1112 = True
		_EL_U_1114 = False
		_EL_U_1116 = False
		_EL_U_1118 = True
		(((-1.0 * p4_x) + (-1.0 * delta)) < -2.0)
		((-1.0 * delta) < 0.0)
		(((-1.0 * p8_x) + (-1.0 * delta)) < -2.0)
		(((-1.0 * p5_x) + (-1.0 * delta)) < -2.0)
		(((-1.0 * p2_x) + (-1.0 * delta)) < -2.0)
		(((-1.0 * p9_x) + (-1.0 * delta)) < -2.0)
		(((-1.0 * p6_x) + (-1.0 * delta)) < -2.0)
		(((-1.0 * p7_x) + (-1.0 * delta)) < -2.0)
		(((-1.0 * p3_x) + (-1.0 * delta)) < -2.0)
		(((-1.0 * p0_x) + (-1.0 * delta)) < -2.0)
		(((-1.0 * p1_x) + (-1.0 * delta)) < -2.0)
		(delta < 1.0)
	Trans 5 -- 6
		_x_p8_x = (p8_x + delta)
		_x_p5_x = (p5_x + delta)
		_x_delta = ((p8_x + p5_x + (-1.0 * _diverge_delta) + p9_x + p6_x + p2_x + p0_x + p3_x + p1_x + p7_x + p4_x + 1.0) - (delta * 73/72))
		_x__diverge_delta = delta
		_x_p9_x = (p9_x + delta)
		_x_p6_x = (p6_x + delta)
		_x_p2_x = (p2_x + delta)
		_x_p0_x = (p0_x + delta)
		_x_p3_x = (p3_x + delta)
		_x_p1_x = (p1_x + delta)
		_x_p7_x = (p7_x + delta)
		_x_p4_x = (p4_x + delta)
	starting from: {delta: 9/4, _diverge_delta: 3/4, p9_x: 3.0, p2_l1: False, p6_x: 3.0, p8_l1: False, p2_l0: False, p2_x: 3.0, p1_l1: False, p0_l0: True, p7_l1: False, p0_x: 3.0, p6_l0: False, turn: 1, id: 1, p3_x: 3.0, p9_l0: False, p1_x: 3.0, p5_l1: False, p9_l1: False, p3_l0: False, p3_l1: False, p0_l1: False, p7_x: 3.0, p4_x: 3.0, p4_l0: False, p1_l0: False, p4_l1: False, p8_x: 3.0, p5_x: 3.0, p5_l0: False, p6_l1: False, p7_l0: False, p8_l0: False, _J1145: True, _J1151: True, _J1156: True, _J1162: True, _J1169: True, _J1175: True, _EL_U_1108: True, _EL_U_1110: False, _EL_U_1112: True, _EL_U_1114: False, _EL_U_1116: False, _EL_U_1118: True}

end of `fischer_0010`: SUCCESS in 3.266146421432495s
