F3 run `fischer_0022`

	Found non-termination argument:
	State 4
		p13_l1 = False
		p13_l0 = False
		p16_l1 = False
		p16_l0 = False
		_J2435 = True
		_J2429 = True
		_J2422 = True
		p19_l1 = False
		p19_l0 = False
		_J2416 = True
		_J2411 = True
		_J2405 = True
		_EL_U_2368 = True
		p0_l1 = False
		p0_l0 = True
		_EL_U_2370 = False
		turn = 17
		_EL_U_2372 = True
		id = 1
		_EL_U_2374 = False
		p3_l1 = False
		_EL_U_2376 = False
		p3_l0 = False
		_EL_U_2378 = True
		p6_l1 = False
		p6_l0 = False
		p9_l1 = False
		p9_l0 = False
		p12_l1 = False
		p12_l0 = False
		p15_l1 = False
		p15_l0 = False
		p18_l1 = False
		p18_l0 = False
		p21_l1 = False
		p21_l0 = False
		p2_l1 = False
		p2_l0 = False
		p5_l1 = False
		p5_l0 = False
		p8_l1 = False
		p8_l0 = False
		p11_l1 = False
		p11_l0 = False
		p14_l1 = False
		p14_l0 = False
		p17_l1 = False
		p17_l0 = False
		p20_l1 = False
		p20_l0 = False
		p1_l1 = False
		p1_l0 = False
		p4_l1 = False
		p4_l0 = False
		p7_l1 = False
		p7_l0 = False
		p10_l1 = False
		p10_l0 = False
		((-1.0 * p17_x) < -2.0)
		((-1.0 * p0_x) < -2.0)
		((-1.0 * p4_x) < -2.0)
		((-1.0 * p20_x) < 0.0)
		((-1.0 * p1_x) < -2.0)
		((-1.0 * p11_x) < -2.0)
		((-1.0 * p21_x) < -2.0)
		((-1.0 * p8_x) < -2.0)
		((-1.0 * p18_x) < -2.0)
		((-1.0 * p15_x) < -2.0)
		((-1.0 * p5_x) < -2.0)
		((-1.0 * p12_x) < -2.0)
		((-1.0 * delta) <= -1.0)
		((-1.0 * p9_x) < -2.0)
		((-1.0 * _diverge_delta) <= -1.0)
		((-1.0 * p14_x) < -2.0)
		((-1.0 * p2_x) < -2.0)
		((-1.0 * p16_x) < -2.0)
		((-1.0 * p19_x) < -2.0)
		((-1.0 * p3_x) < -2.0)
		((-1.0 * p6_x) < -2.0)
		((-1.0 * delta) < 0.0)
		((-1.0 * p10_x) < -2.0)
		((-1.0 * p20_x) < -2.0)
		((-1.0 * p13_x) < -2.0)
		((-1.0 * p5_x) <= 0.0)
		((-1.0 * p7_x) < -2.0)
	Trans 4 -- 5
		_x_p1_x = (p1_x + delta)
		_x_p14_x = (p14_x + delta)
		_x_p4_x = (p4_x + delta)
		_x_p10_x = (delta + p10_x)
		_x_p0_x = (p0_x + delta)
		_x_p17_x = (p17_x + delta)
		_x_p7_x = (p7_x + delta)
		_x_p3_x = (p3_x + delta)
		_x_p13_x = (delta + p13_x)
		_x_p19_x = (p19_x + delta)
		_x_p20_x = (p20_x + delta)
		_x_p16_x = (p16_x + delta)
		_x_p9_x = (p9_x + delta)
		_x_p12_x = (p12_x + delta)
		_x__diverge_delta = delta
		_x_p2_x = (p2_x + delta)
		_x_p5_x = (p5_x + delta)
		_x_p15_x = (p15_x + delta)
		_x_p18_x = (p18_x + delta)
		_x_p6_x = (p6_x + delta)
		_x_p8_x = (p8_x + delta)
		_x_p21_x = (p21_x + delta)
		_x_p11_x = (p11_x + delta)
		_x_delta = ((p10_x * 161/144) + (p13_x * 9/8) + (delta * 161/144) + (p16_x * 161/144) + (p19_x * 19/18) + (p0_x * 9/8) + (p3_x * 9/8) + (p6_x * 9/8) + (p9_x * 9/8) + (p12_x * 9/8) + (p15_x * 19/18) + (p18_x * 161/144) + (p21_x * 9/8) + (p2_x * 9/8) + (p5_x * 9/8) + (p8_x * 9/8) + (p11_x * 161/144) + (p14_x * 161/144) + (p17_x * 163/144) + (p20_x * 9/8) + (p1_x * 9/8) + (p4_x * 9/8) + (p7_x * 161/144))
	State 5
		p13_l1 = False
		p13_l0 = False
		p16_l1 = False
		p16_l0 = False
		_J2435 = False
		_J2429 = False
		_J2422 = False
		p19_l1 = False
		p19_l0 = False
		_J2416 = False
		_J2411 = False
		_J2405 = False
		_EL_U_2368 = True
		p0_l1 = False
		p0_l0 = True
		_EL_U_2370 = False
		turn = 17
		_EL_U_2372 = True
		id = 1
		_EL_U_2374 = False
		p3_l1 = False
		_EL_U_2376 = False
		p3_l0 = False
		_EL_U_2378 = True
		p6_l1 = False
		p6_l0 = False
		p9_l1 = False
		p9_l0 = False
		p12_l1 = False
		p12_l0 = False
		p15_l1 = False
		p15_l0 = False
		p18_l1 = False
		p18_l0 = False
		p21_l1 = False
		p21_l0 = False
		p2_l1 = False
		p2_l0 = False
		p5_l1 = False
		p5_l0 = False
		p8_l1 = False
		p8_l0 = False
		p11_l1 = False
		p11_l0 = False
		p14_l1 = False
		p14_l0 = False
		p17_l1 = False
		p17_l0 = False
		p20_l1 = False
		p20_l0 = False
		p1_l1 = False
		p1_l0 = False
		p4_l1 = False
		p4_l0 = False
		p7_l1 = False
		p7_l0 = False
		p10_l1 = False
		p10_l0 = False
		(((-1.0 * p5_x) + (-1.0 * delta)) < -2.0)
		(((-1.0 * p20_x) + (-1.0 * delta)) < 0.0)
		(((-1.0 * delta) + (-1.0 * p3_x)) < -2.0)
		(((-1.0 * p1_x) + (-1.0 * delta)) < -2.0)
		(((-1.0 * p12_x) + (-1.0 * delta)) < -2.0)
		(((-1.0 * p9_x) + (-1.0 * delta)) < -2.0)
		(((-1.0 * p11_x) + (-1.0 * delta)) < -2.0)
		(((-1.0 * delta) + (-1.0 * p6_x)) < -2.0)
		((-1.0 * delta) <= -1.0)
		(((-1.0 * p21_x) + (-1.0 * delta)) < -2.0)
		(((-1.0 * p10_x) + (-1.0 * delta)) < -2.0)
		(((-1.0 * delta) + (-1.0 * p14_x)) < -2.0)
		(((-1.0 * p20_x) + (-1.0 * delta)) < -2.0)
		(((-1.0 * p4_x) + (-1.0 * delta)) < -2.0)
		(((-1.0 * p8_x) + (-1.0 * delta)) < -2.0)
		(((-1.0 * p17_x) + (-1.0 * delta)) < -2.0)
		(((-1.0 * p13_x) + (-1.0 * delta)) < -2.0)
		(((-1.0 * delta) + (-1.0 * p2_x)) < -2.0)
		(((-1.0 * p18_x) + (-1.0 * delta)) < -2.0)
		(((-1.0 * p5_x) + (-1.0 * delta)) <= 0.0)
		(((-1.0 * p0_x) + (-1.0 * delta)) < -2.0)
		(((-1.0 * delta) + (-1.0 * p16_x)) < -2.0)
		(((-1.0 * p15_x) + (-1.0 * delta)) < -2.0)
		(((-1.0 * p7_x) + (-1.0 * delta)) < -2.0)
		(((-1.0 * delta) + (-1.0 * p19_x)) < -2.0)
	Trans 5 -- 6
		_x_p1_x = (p1_x + delta)
		_x_p14_x = (p14_x + delta)
		_x_p4_x = (p4_x + delta)
		_x_p10_x = (delta + p10_x)
		_x_p0_x = (p0_x + delta)
		_x_p17_x = (p17_x + delta)
		_x_p7_x = (p7_x + delta)
		_x_p3_x = (p3_x + delta)
		_x_p13_x = (delta + p13_x)
		_x_p19_x = (p19_x + delta)
		_x_p20_x = (p20_x + delta)
		_x_p16_x = (p16_x + delta)
		_x_p9_x = (p9_x + delta)
		_x_p12_x = (p12_x + delta)
		_x__diverge_delta = delta
		_x_p2_x = (p2_x + delta)
		_x_p5_x = (p5_x + delta)
		_x_p15_x = (p15_x + delta)
		_x_p18_x = (p18_x + delta)
		_x_p6_x = (p6_x + delta)
		_x_p8_x = (p8_x + delta)
		_x_p21_x = (p21_x + delta)
		_x_p11_x = (p11_x + delta)
		_x_delta = (((p10_x * 145/144) + (p13_x * 1/8) + (delta * 8/9) + (p16_x * 145/144) + (p19_x * 145/144) + (p0_x * 1/8) + (p3_x * 17/144) + p6_x + (p9_x * 145/144) + p12_x + (p15_x * 145/144) + (p18_x * 1/8) + (p21_x * 1/8) + p2_x + (p5_x * 1/8) + (p8_x * 1/8) + (p11_x * 1/8) + (p14_x * 1/8) + (p17_x * 145/144) + (p20_x * 9/8) + p1_x + p4_x + (p7_x * 1/8) + -1.0) - (_diverge_delta * 9/8))
	starting from: p10_x : 15/4, p16_l1 : False, p16_l0 : False, _diverge_delta : 5/2, delta : 5/4, p16_x : 15/4, turn : 17, id : 1, p5_l1 : False, p5_l0 : False, p5_x : 15/4, p11_l1 : False, p11_l0 : False, p11_x : 15/4, p17_l1 : False, p17_l0 : False, p17_x : 15/4, p0_l1 : False, p0_l0 : True, p0_x : 5/2, p6_l1 : False, p6_l0 : False, p6_x : 15/4, p12_l1 : False, p12_l0 : False, p12_x : 15/4, p18_l1 : False, p18_l0 : False, p18_x : 15/4, p1_l1 : False, p1_l0 : False, p1_x : 15/4, p7_l1 : False, p7_l0 : False, p7_x : 15/4, p13_l1 : False, p13_l0 : False, _J2435 : True, p13_x : 15/4, _J2429 : True, _J2422 : True, p19_l1 : False, p19_l0 : False, _J2416 : True, _J2411 : True, _J2405 : True, p19_x : 15/4, _EL_U_2368 : True, _EL_U_2370 : False, _EL_U_2372 : True, _EL_U_2374 : False, _EL_U_2376 : False, _EL_U_2378 : True, p2_l1 : False, p2_l0 : False, p2_x : 15/4, p8_l1 : False, p8_l0 : False, p8_x : 15/4, p14_l1 : False, p14_l0 : False, p14_x : 15/4, p20_l1 : False, p20_l0 : False, p20_x : 15/4, p3_l1 : False, p3_l0 : False, p3_x : 15/4, p9_l1 : False, p9_l0 : False, p9_x : 15/4, p15_l1 : False, p15_l0 : False, p15_x : 15/4, p21_l1 : False, p21_l0 : False, p21_x : 15/4, p4_l1 : False, p4_l0 : False, p4_x : 15/4, p10_l1 : False, p10_l0 : False

end of `fischer_0022`: SUCCESS in 50.095691204071045s
