Creating empty 100MiB image file: /home/magnago/overlay/csma_backoff_0004.c.ext3
Formatting image with ext3 file system
Image is done: /home/magnago/overlay/csma_backoff_0004.c.ext3
This is Ultimate 0.2.1-origin.dev-f91880a
[2021-04-24 16:28:40,069 INFO  L177        SettingsManager]: Resetting all preferences to default values...
[2021-04-24 16:28:40,071 INFO  L181        SettingsManager]: Resetting UltimateCore preferences to default values
[2021-04-24 16:28:40,123 INFO  L184        SettingsManager]: Ultimate Commandline Interface provides no preferences, ignoring...
[2021-04-24 16:28:40,123 INFO  L181        SettingsManager]: Resetting Boogie Preprocessor preferences to default values
[2021-04-24 16:28:40,124 INFO  L181        SettingsManager]: Resetting Boogie Procedure Inliner preferences to default values
[2021-04-24 16:28:40,125 INFO  L181        SettingsManager]: Resetting Abstract Interpretation preferences to default values
[2021-04-24 16:28:40,126 INFO  L181        SettingsManager]: Resetting LassoRanker preferences to default values
[2021-04-24 16:28:40,127 INFO  L181        SettingsManager]: Resetting Reaching Definitions preferences to default values
[2021-04-24 16:28:40,128 INFO  L181        SettingsManager]: Resetting SyntaxChecker preferences to default values
[2021-04-24 16:28:40,128 INFO  L181        SettingsManager]: Resetting Sifa preferences to default values
[2021-04-24 16:28:40,129 INFO  L184        SettingsManager]: B?chi Program Product provides no preferences, ignoring...
[2021-04-24 16:28:40,129 INFO  L181        SettingsManager]: Resetting LTL2Aut preferences to default values
[2021-04-24 16:28:40,130 INFO  L181        SettingsManager]: Resetting PEA to Boogie preferences to default values
[2021-04-24 16:28:40,130 INFO  L181        SettingsManager]: Resetting BlockEncodingV2 preferences to default values
[2021-04-24 16:28:40,131 INFO  L181        SettingsManager]: Resetting ChcToBoogie preferences to default values
[2021-04-24 16:28:40,132 INFO  L181        SettingsManager]: Resetting AutomataScriptInterpreter preferences to default values
[2021-04-24 16:28:40,132 INFO  L181        SettingsManager]: Resetting BuchiAutomizer preferences to default values
[2021-04-24 16:28:40,133 INFO  L181        SettingsManager]: Resetting CACSL2BoogieTranslator preferences to default values
[2021-04-24 16:28:40,134 INFO  L181        SettingsManager]: Resetting CodeCheck preferences to default values
[2021-04-24 16:28:40,135 INFO  L181        SettingsManager]: Resetting InvariantSynthesis preferences to default values
[2021-04-24 16:28:40,136 INFO  L181        SettingsManager]: Resetting RCFGBuilder preferences to default values
[2021-04-24 16:28:40,138 INFO  L181        SettingsManager]: Resetting Referee preferences to default values
[2021-04-24 16:28:40,138 INFO  L181        SettingsManager]: Resetting TraceAbstraction preferences to default values
[2021-04-24 16:28:40,141 INFO  L184        SettingsManager]: TraceAbstractionConcurrent provides no preferences, ignoring...
[2021-04-24 16:28:40,142 INFO  L184        SettingsManager]: TraceAbstractionWithAFAs provides no preferences, ignoring...
[2021-04-24 16:28:40,142 INFO  L181        SettingsManager]: Resetting TreeAutomizer preferences to default values
[2021-04-24 16:28:40,143 INFO  L181        SettingsManager]: Resetting IcfgToChc preferences to default values
[2021-04-24 16:28:40,143 INFO  L181        SettingsManager]: Resetting IcfgTransformer preferences to default values
[2021-04-24 16:28:40,144 INFO  L184        SettingsManager]: ReqToTest provides no preferences, ignoring...
[2021-04-24 16:28:40,145 INFO  L181        SettingsManager]: Resetting Boogie Printer preferences to default values
[2021-04-24 16:28:40,145 INFO  L181        SettingsManager]: Resetting ChcSmtPrinter preferences to default values
[2021-04-24 16:28:40,146 INFO  L181        SettingsManager]: Resetting ReqPrinter preferences to default values
[2021-04-24 16:28:40,147 INFO  L181        SettingsManager]: Resetting Witness Printer preferences to default values
[2021-04-24 16:28:40,148 INFO  L184        SettingsManager]: Boogie PL CUP Parser provides no preferences, ignoring...
[2021-04-24 16:28:40,148 INFO  L181        SettingsManager]: Resetting CDTParser preferences to default values
[2021-04-24 16:28:40,149 INFO  L184        SettingsManager]: AutomataScriptParser provides no preferences, ignoring...
[2021-04-24 16:28:40,149 INFO  L184        SettingsManager]: ReqParser provides no preferences, ignoring...
[2021-04-24 16:28:40,149 INFO  L181        SettingsManager]: Resetting SmtParser preferences to default values
[2021-04-24 16:28:40,150 INFO  L181        SettingsManager]: Resetting Witness Parser preferences to default values
[2021-04-24 16:28:40,151 INFO  L188        SettingsManager]: Finished resetting all preferences to default values...
[2021-04-24 16:28:40,152 INFO  L101        SettingsManager]: Beginning loading settings from /home/singularity/UAutomizer-linux/config/svcomp-LTL-64bit-Automizer_Default.epf
[2021-04-24 16:28:40,167 INFO  L113        SettingsManager]: Loading preferences was successful
[2021-04-24 16:28:40,167 INFO  L115        SettingsManager]: Preferences different from defaults after loading the file:
[2021-04-24 16:28:40,168 INFO  L136        SettingsManager]: Preferences of BlockEncodingV2 differ from their defaults:
[2021-04-24 16:28:40,168 INFO  L138        SettingsManager]:  * Minimize states even if more edges are added than removed.=true
[2021-04-24 16:28:40,168 INFO  L138        SettingsManager]:  * Rewrite not-equals=true
[2021-04-24 16:28:40,168 INFO  L138        SettingsManager]:  * Create parallel compositions if possible=false
[2021-04-24 16:28:40,168 INFO  L138        SettingsManager]:  * Minimize states using LBE with the strategy=NONE
[2021-04-24 16:28:40,168 INFO  L138        SettingsManager]:  * Use SBE=true
[2021-04-24 16:28:40,168 INFO  L136        SettingsManager]: Preferences of BuchiAutomizer differ from their defaults:
[2021-04-24 16:28:40,168 INFO  L138        SettingsManager]:  * Compute Interpolants along a Counterexample=Craig_TreeInterpolation
[2021-04-24 16:28:40,168 INFO  L138        SettingsManager]:  * Use old map elimination=false
[2021-04-24 16:28:40,169 INFO  L138        SettingsManager]:  * Try twofold refinement=false
[2021-04-24 16:28:40,169 INFO  L136        SettingsManager]: Preferences of CACSL2BoogieTranslator differ from their defaults:
[2021-04-24 16:28:40,169 INFO  L138        SettingsManager]:  * Check unreachability of error function in SV-COMP mode=false
[2021-04-24 16:28:40,169 INFO  L138        SettingsManager]:  * Overapproximate operations on floating types=true
[2021-04-24 16:28:40,169 INFO  L138        SettingsManager]:  * Check division by zero=IGNORE
[2021-04-24 16:28:40,169 INFO  L138        SettingsManager]:  * Pointer to allocated memory at dereference=ASSUME
[2021-04-24 16:28:40,169 INFO  L138        SettingsManager]:  * If two pointers are subtracted or compared they have the same base address=ASSUME
[2021-04-24 16:28:40,169 INFO  L138        SettingsManager]:  * Check array bounds for arrays that are off heap=ASSUME
[2021-04-24 16:28:40,169 INFO  L138        SettingsManager]:  * Check if freed pointer was valid=false
[2021-04-24 16:28:40,170 INFO  L138        SettingsManager]:  * Use constant arrays=true
[2021-04-24 16:28:40,170 INFO  L138        SettingsManager]:  * Pointer base address is valid at dereference=ASSUME
[2021-04-24 16:28:40,170 INFO  L136        SettingsManager]: Preferences of RCFGBuilder differ from their defaults:
[2021-04-24 16:28:40,170 INFO  L138        SettingsManager]:  * Size of a code block=SingleStatement
[2021-04-24 16:28:40,170 INFO  L138        SettingsManager]:  * SMT solver=Internal_SMTInterpol
Applying setting for plugin de.uni_freiburg.informatik.ultimate.plugins.generator.cacsl2boogietranslator: Overapproximate operations on floating types -> false
Applying setting for plugin de.uni_freiburg.informatik.ultimate.plugins.generator.cacsl2boogietranslator: Assume nondeterminstic values are in range -> false
[2021-04-24 16:28:40,391 INFO  L75    nceAwareModelManager]: Repository-Root is: /tmp
[2021-04-24 16:28:40,413 INFO  L261   ainManager$Toolchain]: [Toolchain 1]: Applicable parser(s) successfully (re)initialized
[2021-04-24 16:28:40,415 INFO  L217   ainManager$Toolchain]: [Toolchain 1]: Toolchain selected.
[2021-04-24 16:28:40,416 INFO  L271        PluginConnector]: Initializing CDTParser...
[2021-04-24 16:28:40,417 INFO  L275        PluginConnector]: CDTParser initialized
[2021-04-24 16:28:40,417 INFO  L432   ainManager$Toolchain]: [Toolchain 1]: Parsing single file: /home/magnago/benchmarks/ltl_timed_transition_system/csma_backoff/ultimate/csma_backoff_0004.c
[2021-04-24 16:28:40,458 INFO  L220              CDTParser]: Created temporary CDT project at /home/singularity/2047b1568ae14353bc9708fc5e6c7dfb/FLAG79ddf8f8e
[2021-04-24 16:28:40,884 INFO  L306              CDTParser]: Found 1 translation units.
[2021-04-24 16:28:40,885 INFO  L160              CDTParser]: Scanning /home/magnago/benchmarks/ltl_timed_transition_system/csma_backoff/ultimate/csma_backoff_0004.c
[2021-04-24 16:28:40,916 INFO  L349              CDTParser]: About to delete temporary CDT project at /home/singularity/2047b1568ae14353bc9708fc5e6c7dfb/FLAG79ddf8f8e
[2021-04-24 16:28:41,249 INFO  L357              CDTParser]: Successfully deleted /home/singularity/2047b1568ae14353bc9708fc5e6c7dfb
[2021-04-24 16:28:41,252 INFO  L299   ainManager$Toolchain]: ####################### [Toolchain 1] #######################
[2021-04-24 16:28:41,254 INFO  L131        ToolchainWalker]: Walking toolchain with 7 elements.
[2021-04-24 16:28:41,256 INFO  L113        PluginConnector]: ------------------------CACSL2BoogieTranslator----------------------------
[2021-04-24 16:28:41,256 INFO  L271        PluginConnector]: Initializing CACSL2BoogieTranslator...
[2021-04-24 16:28:41,258 INFO  L275        PluginConnector]: CACSL2BoogieTranslator initialized
[2021-04-24 16:28:41,259 INFO  L185        PluginConnector]: Executing the observer ACSLObjectContainerObserver from plugin CACSL2BoogieTranslator for "CDTParser AST 24.04 04:28:41" (1/1) ...
[2021-04-24 16:28:41,260 INFO  L205        PluginConnector]: Invalid model from CACSL2BoogieTranslator for observer de.uni_freiburg.informatik.ultimate.plugins.generator.cacsl2boogietranslator.ACSLObjectContainerObserver@7fcd0e2e and model type de.uni_freiburg.informatik.ultimate.plugins.generator.cacsl2boogietranslator AST 24.04 04:28:41, skipping insertion in model container
[2021-04-24 16:28:41,260 INFO  L185        PluginConnector]: Executing the observer CACSL2BoogieTranslatorObserver from plugin CACSL2BoogieTranslator for "CDTParser AST 24.04 04:28:41" (1/1) ...
[2021-04-24 16:28:41,266 INFO  L145         MainTranslator]: Starting translation in SV-COMP mode 
[2021-04-24 16:28:41,301 INFO  L178         MainTranslator]: Built tables and reachable declarations
[2021-04-24 16:28:41,553 INFO  L206          PostProcessor]: Analyzing one entry point: main
[2021-04-24 16:28:41,558 INFO  L203         MainTranslator]: Completed pre-run
[2021-04-24 16:28:41,614 INFO  L206          PostProcessor]: Analyzing one entry point: main
[2021-04-24 16:28:41,629 INFO  L208         MainTranslator]: Completed translation
[2021-04-24 16:28:41,630 INFO  L202        PluginConnector]: Adding new model de.uni_freiburg.informatik.ultimate.plugins.generator.cacsl2boogietranslator AST 24.04 04:28:41 WrapperNode
[2021-04-24 16:28:41,630 INFO  L132        PluginConnector]: ------------------------ END CACSL2BoogieTranslator----------------------------
[2021-04-24 16:28:41,631 INFO  L113        PluginConnector]: ------------------------Boogie Preprocessor----------------------------
[2021-04-24 16:28:41,631 INFO  L271        PluginConnector]: Initializing Boogie Preprocessor...
[2021-04-24 16:28:41,631 INFO  L275        PluginConnector]: Boogie Preprocessor initialized
[2021-04-24 16:28:41,641 INFO  L185        PluginConnector]: Executing the observer EnsureBoogieModelObserver from plugin Boogie Preprocessor for "de.uni_freiburg.informatik.ultimate.plugins.generator.cacsl2boogietranslator AST 24.04 04:28:41" (1/1) ...
[2021-04-24 16:28:41,642 INFO  L185        PluginConnector]: Executing the observer TypeChecker from plugin Boogie Preprocessor for "de.uni_freiburg.informatik.ultimate.plugins.generator.cacsl2boogietranslator AST 24.04 04:28:41" (1/1) ...
[2021-04-24 16:28:41,658 INFO  L185        PluginConnector]: Executing the observer ConstExpander from plugin Boogie Preprocessor for "de.uni_freiburg.informatik.ultimate.plugins.generator.cacsl2boogietranslator AST 24.04 04:28:41" (1/1) ...
[2021-04-24 16:28:41,658 INFO  L185        PluginConnector]: Executing the observer StructExpander from plugin Boogie Preprocessor for "de.uni_freiburg.informatik.ultimate.plugins.generator.cacsl2boogietranslator AST 24.04 04:28:41" (1/1) ...
[2021-04-24 16:28:41,688 INFO  L185        PluginConnector]: Executing the observer UnstructureCode from plugin Boogie Preprocessor for "de.uni_freiburg.informatik.ultimate.plugins.generator.cacsl2boogietranslator AST 24.04 04:28:41" (1/1) ...
[2021-04-24 16:28:41,693 INFO  L185        PluginConnector]: Executing the observer FunctionInliner from plugin Boogie Preprocessor for "de.uni_freiburg.informatik.ultimate.plugins.generator.cacsl2boogietranslator AST 24.04 04:28:41" (1/1) ...
[2021-04-24 16:28:41,700 INFO  L185        PluginConnector]: Executing the observer BoogieSymbolTableConstructor from plugin Boogie Preprocessor for "de.uni_freiburg.informatik.ultimate.plugins.generator.cacsl2boogietranslator AST 24.04 04:28:41" (1/1) ...
[2021-04-24 16:28:41,707 INFO  L132        PluginConnector]: ------------------------ END Boogie Preprocessor----------------------------
[2021-04-24 16:28:41,708 INFO  L113        PluginConnector]: ------------------------RCFGBuilder----------------------------
[2021-04-24 16:28:41,709 INFO  L271        PluginConnector]: Initializing RCFGBuilder...
[2021-04-24 16:28:41,709 INFO  L275        PluginConnector]: RCFGBuilder initialized
[2021-04-24 16:28:41,710 INFO  L185        PluginConnector]: Executing the observer RCFGBuilderObserver from plugin RCFGBuilder for "de.uni_freiburg.informatik.ultimate.plugins.generator.cacsl2boogietranslator AST 24.04 04:28:41" (1/1) ...
[2021-04-24 16:28:41,772 INFO  L138     BoogieDeclarations]: Found implementation of procedure ULTIMATE.init
[2021-04-24 16:28:41,772 INFO  L138     BoogieDeclarations]: Found implementation of procedure ULTIMATE.start
[2021-04-24 16:28:41,773 INFO  L138     BoogieDeclarations]: Found implementation of procedure __VERIFIER_nondet_bool
[2021-04-24 16:28:41,773 INFO  L138     BoogieDeclarations]: Found implementation of procedure main
[2021-04-24 16:28:41,773 INFO  L130     BoogieDeclarations]: Found specification of procedure __VERIFIER_nondet_float
[2021-04-24 16:28:41,773 INFO  L130     BoogieDeclarations]: Found specification of procedure __VERIFIER_nondet_int
[2021-04-24 16:28:41,773 INFO  L130     BoogieDeclarations]: Found specification of procedure __VERIFIER_nondet_bool
[2021-04-24 16:28:41,773 INFO  L130     BoogieDeclarations]: Found specification of procedure main
[2021-04-24 16:28:41,773 INFO  L130     BoogieDeclarations]: Found specification of procedure ULTIMATE.init
[2021-04-24 16:28:41,773 INFO  L130     BoogieDeclarations]: Found specification of procedure ULTIMATE.start
[2021-04-24 16:28:42,070 INFO  L294             CfgBuilder]: Using the 1 location(s) as analysis (start of procedure ULTIMATE.start)
[2021-04-24 16:28:42,071 INFO  L299             CfgBuilder]: Removed 1 assume(true) statements.
[2021-04-24 16:28:42,072 INFO  L202        PluginConnector]: Adding new model de.uni_freiburg.informatik.ultimate.plugins.generator.rcfgbuilder CFG 24.04 04:28:42 BoogieIcfgContainer
[2021-04-24 16:28:42,072 INFO  L132        PluginConnector]: ------------------------ END RCFGBuilder----------------------------
[2021-04-24 16:28:42,073 INFO  L113        PluginConnector]: ------------------------LTL2Aut----------------------------
[2021-04-24 16:28:42,073 INFO  L271        PluginConnector]: Initializing LTL2Aut...
[2021-04-24 16:28:42,074 INFO  L275        PluginConnector]: LTL2Aut initialized
[2021-04-24 16:28:42,075 INFO  L185        PluginConnector]: Executing the observer LTL2autObserver from plugin LTL2Aut for "de.uni_freiburg.informatik.ultimate.plugins.generator.cacsl2boogietranslator AST 24.04 04:28:41" (2/3) ...
No working directory specified, using /usr/bin/ltl2ba
Starting monitored process 1 with ltl2ba -f ! ( ( ( [] ( <> ( a ) ) || ! ( [] ( <> ( b ) ) ) ) || ! ( [] ( <> ( c ) ) ) ) )  (exit command is null, workingDir is null)
[2021-04-24 16:28:42,115 INFO  L125        LTL2autObserver]: LTL Property is: ((G(F((!(0 != ~s0_l0~0) && !(0 != ~s0_l1~0)))) || !(G(F((0 != ~s0_l1~0 && !(0 != ~s0_l0~0)))))) || !(G(F((1.0 <= ~_diverge_delta~0)))))
[2021-04-24 16:28:42,116 INFO  L202        PluginConnector]: Adding new model Hardcoded de.uni_freiburg.informatik.ultimate.ltl2aut AST 24.04 04:28:42 NWAContainer
[2021-04-24 16:28:42,116 INFO  L132        PluginConnector]: ------------------------ END LTL2Aut----------------------------
[2021-04-24 16:28:42,117 INFO  L113        PluginConnector]: ------------------------B?chi Program Product----------------------------
[2021-04-24 16:28:42,117 INFO  L271        PluginConnector]: Initializing B?chi Program Product...
[2021-04-24 16:28:42,118 INFO  L275        PluginConnector]: B?chi Program Product initialized
[2021-04-24 16:28:42,118 INFO  L185        PluginConnector]: Executing the observer BuchiProductObserver from plugin B?chi Program Product for "de.uni_freiburg.informatik.ultimate.plugins.generator.rcfgbuilder CFG 24.04 04:28:42" (3/4) ...
[2021-04-24 16:28:42,119 INFO  L205        PluginConnector]: Invalid model from B?chi Program Product for observer de.uni_freiburg.informatik.ultimate.buchiprogramproduct.BuchiProductObserver@1836a304 and model type LTL+Program Product de.uni_freiburg.informatik.ultimate.buchiprogramproduct OTHER 24.04 04:28:42, skipping insertion in model container
[2021-04-24 16:28:42,119 INFO  L185        PluginConnector]: Executing the observer BuchiProductObserver from plugin B?chi Program Product for "Hardcoded de.uni_freiburg.informatik.ultimate.ltl2aut AST 24.04 04:28:42" (4/4) ...
[2021-04-24 16:28:42,121 INFO  L104   BuchiProductObserver]: Initial property automaton 4 locations, 10 edges
[2021-04-24 16:28:42,123 INFO  L110   BuchiProductObserver]: Initial RCFG 359 locations, 461 edges
[2021-04-24 16:28:42,123 INFO  L93    BuchiProductObserver]: Beginning generation of product automaton
[2021-04-24 16:28:42,128 INFO  L132       ProductGenerator]: The program has no step specification, so we assume maximum atomicity
[2021-04-24 16:28:43,274 INFO  L97    BuchiProductObserver]: Finished generation of product automaton successfully
[2021-04-24 16:28:43,278 INFO  L110   BuchiProductObserver]: BuchiProgram size 1563 locations, 3973 edges
[2021-04-24 16:28:43,278 INFO  L202        PluginConnector]: Adding new model LTL+Program Product de.uni_freiburg.informatik.ultimate.buchiprogramproduct OTHER 24.04 04:28:43 BoogieIcfgContainer
[2021-04-24 16:28:43,278 INFO  L132        PluginConnector]: ------------------------ END B?chi Program Product----------------------------
[2021-04-24 16:28:43,279 INFO  L113        PluginConnector]: ------------------------BlockEncodingV2----------------------------
[2021-04-24 16:28:43,279 INFO  L271        PluginConnector]: Initializing BlockEncodingV2...
[2021-04-24 16:28:43,281 INFO  L275        PluginConnector]: BlockEncodingV2 initialized
[2021-04-24 16:28:43,281 INFO  L185        PluginConnector]: Executing the observer BlockEncodingObserver from plugin BlockEncodingV2 for "LTL+Program Product de.uni_freiburg.informatik.ultimate.buchiprogramproduct OTHER 24.04 04:28:43" (1/1) ...
[2021-04-24 16:28:43,374 INFO  L313           BlockEncoder]: Initial Icfg 1563 locations, 3973 edges
[2021-04-24 16:28:43,374 INFO  L258           BlockEncoder]: Using Remove infeasible edges
[2021-04-24 16:28:43,375 INFO  L263           BlockEncoder]: Using Maximize final states
[2021-04-24 16:28:43,375 INFO  L270           BlockEncoder]: Using Minimize states even if more edges are added than removed.=true
[2021-04-24 16:28:43,375 INFO  L296           BlockEncoder]: Using Remove sink states
[2021-04-24 16:28:43,376 INFO  L171           BlockEncoder]: Using Apply optimizations until nothing changes=true
[2021-04-24 16:28:43,376 INFO  L179           BlockEncoder]: Using Rewrite not-equals
Received shutdown request...
