

run 1/1: `Hanoi_plus_false-termination`

	Found non-termination argument:
	State 0
		pc = 0
		(((-1 * y) + (-1 * x)) < 0)
		((-1 * x) < 0)
		(((-1 * y) + (-1 * z)) <= 0)
	Trans 0 -- 1
		_x_y = y
		_x_z = z
		_x_x = x
	State 1
		pc = 1
	Trans 1 -- 2
		_x_y = y
		_x_z = z
		_x_x = (y + x)
	State 2
		pc = 2
	Trans 2 -- 3
		_x_y = (y + z)
		_x_z = z
		_x_x = x
	State 3
		pc = 3
	Trans 3 -- 4
		_x_y = y
		_x_z = (x + z)
		_x_x = x
	starting from: {z: 0, pc: 0, x: 1, y: 0}

end of `Hanoi_plus_false-termination`: SUCCESS in 1.6643407344818115s
