F3 run `Hanoi_3vars_false-termination`

	Found non-termination argument:
	State 0
		pc = 0
		((((-1 * z) + (-1 * x)) - (y * 2)) < 0)
		((-1 * x) < 0)
		(((-1 * y) + (-1 * x)) < 0)
		((-1 * (z * 2)) <= 0)
		((-1 * (y * 2)) <= 0)
	Trans 0 -- 1
		_x_x = x
		_x_y = y
		_x_z = z
	State 1
		pc = 1
	Trans 1 -- 2
		_x_x = (y + x)
		_x_y = y
		_x_z = z
	State 2
		pc = 2
	Trans 2 -- 3
		_x_x = x
		_x_y = (z + y)
		_x_z = z
	State 3
		pc = 3
	Trans 3 -- 4
		_x_x = x
		_x_y = y
		_x_z = (z + 1)
	starting from: z : 0, pc : 0, x : 1, y : 0

end of `Hanoi_3vars_false-termination`: SUCCESS in 59.58487057685852s
