

run 1/1: `Singapore_v2_false-termination`

	Found non-termination argument:
	Do states 1..3 while (((ToReal(x) + -17/2) - (ToReal(y) * 5/4)) < 0.0)
	State 1
		pc = 1
		(((-1 * y) + (-1 * x)) < -1)
		(((-1 * y) - (x * 2)) < 0)
		((-1 * x) < 0)
	Trans 1 -- 2
		_x_x : x
		_x_y : y
	State 2
		pc = 2
	Trans 2 -- 3
		_x_x : ((x * 2) + y)
		_x_y : y
	State 3
		pc = 3
	Trans 3 -- 1
		_x_x : x
		_x_y : (y + -1)
	End do-while
	State 3
		pc = 3
		(((ToReal(y) * 5/4) + (-1.0 * ToReal(x)) + 17/2) <= 0.0)
		((-1 * x) < 0)
		(((-1 * y) + (-1 * x)) < -2)
	Trans 3 -- 4
		_x_x = x
		_x_y = (y + -1)
	starting from: {pc: 1, x: 1, y: 1}

end of `Singapore_v2_false-termination`: SUCCESS in 0.6037294864654541s
