

run 1/1: `Singapore_plus_false-termination`

	Found non-termination argument:
	Do states 1..3 while ((ToReal(x) + (ToReal(y) * 1/8) + -4.0) < 0.0)
	State 1
		pc = 1
		(((-1 * y) + (-1 * x)) <= 0)
		(((-1 * y) - (x * 2)) < 0)
		((-1 * x) < 0)
		((-1 * ((y * 2) + (x * 2))) <= 1)
	Trans 1 -- 2
		_x_x : x
		_x_y : y
	State 2
		pc = 2
	Trans 2 -- 3
		_x_x : ((x * 2) + y)
		_x_y : y
	State 3
		pc = 3
	Trans 3 -- 1
		_x_x : x
		_x_y : (y + 1)
	End do-while
	State 3
		pc = 3
		((((-1.0 * ToReal(x)) + 4.0) - (ToReal(y) * 1/8)) <= 0.0)
		((-1 * x) < 0)
		(((-1 * y) + (-1 * x)) <= 1)
	Trans 3 -- 4
		_x_x = x
		_x_y = (y + 1)
	starting from: {pc: 1, x: 1, y: -1}

end of `Singapore_plus_false-termination`: SUCCESS in 0.7006866931915283s
