*** This is nuXmv 2.0.0 (compiled on Sun Mar 14 22:37:19 2021)
*** Copyright (c) 2014-2021, Fondazione Bruno Kessler
*** For more information on nuXmv see https://nuxmv.fbk.eu
*** or email to <nuxmv@list.fbk.eu>.
*** Please report bugs at https://nuxmv.fbk.eu/bugs
*** (click on "Login Anonymously" to access)
*** Alternatively write to <nuxmv@list.fbk.eu>.

*** This version of nuXmv is linked to NuSMV 2.6.0.
*** For more information on NuSMV see <http://nusmv.fbk.eu>
*** or email to <nusmv-users@list.fbk.eu>.
*** Copyright (C) 2010-2021, Fondazione Bruno Kessler

*** This version of nuXmv is linked to the CUDD library version 2.4.1
*** Copyright (c) 1995-2004, Regents of the University of Colorado

*** This version of nuXmv is linked to the MiniSat SAT solver. 
*** See http://minisat.se/MiniSat.html
*** Copyright (c) 2003-2006, Niklas Een, Niklas Sorensson
*** Copyright (c) 2007-2010, Niklas Sorensson

*** This version of nuXmv is linked to MathSAT
*** Copyright (C) 2009-2019 by Fondazione Bruno Kessler
*** Copyright (C) 2009-2019 by University of Trento and others
*** See http://mathsat.fbk.eu

-- no proof or counterexample found with bound 0
-- no proof or counterexample found with bound 1
-- no proof or counterexample found with bound 2
-- no proof or counterexample found with bound 3
-- no proof or counterexample found with bound 4
-- LTL specification ( G ( F v1 = 1) ->  G ( F p0.l = CS7))  is false
-- as demonstrated by the following execution sequence
Trace Description: IC3 smt counterexample 
Trace Type: Counterexample 
Infinite Trace diverging symbols: p0.c, p1.c, p2.c
  -> State: 1.1 <-
    p0.c = 0.0
    p1.c = 0.0
    p2.c = 0.0
    v1 = 1
    v2 = FALSE
    p0.l = L1
    p1.l = L1
    p2.l = L1
    _T = 16
  -- [ time elapse: time = 0.0; delta = f'35/2 ] --
  -> State: 1.2 <-
    p0.c = f'35/2
    p1.c = f'35/2
    p2.c = f'35/2
  -- Loop starts here
  -- [ time elapse: time = diverging; delta = f'3/2 ] --
  -> State: 1.3 <-
    p0.c = p0.c + f'3/2
    p1.c = p1.c + f'3/2
    p2.c = p2.c + f'3/2
  -- [ time elapse: time = diverging; delta = f'9/2 ] --
  -> State: 1.4 <-
    p0.c = p0.c + f'9/2
    p1.c = p1.c + f'9/2
    p2.c = p2.c + f'9/2
  -- [ time elapse: time = diverging; delta = f'3/2 ] --
  -> State: 1.5 <-
    p0.c = p0.c + f'3/2
    p1.c = p1.c + f'3/2
    p2.c = p2.c + f'3/2
SUCCESS 
