Creating empty 100MiB image file: /home/magnago/overlay/dynamic_lynch_0013.c.ext3
Formatting image with ext3 file system
Image is done: /home/magnago/overlay/dynamic_lynch_0013.c.ext3
This is Ultimate 0.2.1-origin.dev-f91880a
[2021-04-24 17:20:16,179 INFO  L177        SettingsManager]: Resetting all preferences to default values...
[2021-04-24 17:20:16,182 INFO  L181        SettingsManager]: Resetting UltimateCore preferences to default values
[2021-04-24 17:20:16,231 INFO  L184        SettingsManager]: Ultimate Commandline Interface provides no preferences, ignoring...
[2021-04-24 17:20:16,231 INFO  L181        SettingsManager]: Resetting Boogie Preprocessor preferences to default values
[2021-04-24 17:20:16,232 INFO  L181        SettingsManager]: Resetting Boogie Procedure Inliner preferences to default values
[2021-04-24 17:20:16,233 INFO  L181        SettingsManager]: Resetting Abstract Interpretation preferences to default values
[2021-04-24 17:20:16,234 INFO  L181        SettingsManager]: Resetting LassoRanker preferences to default values
[2021-04-24 17:20:16,235 INFO  L181        SettingsManager]: Resetting Reaching Definitions preferences to default values
[2021-04-24 17:20:16,235 INFO  L181        SettingsManager]: Resetting SyntaxChecker preferences to default values
[2021-04-24 17:20:16,236 INFO  L181        SettingsManager]: Resetting Sifa preferences to default values
[2021-04-24 17:20:16,236 INFO  L184        SettingsManager]: B?chi Program Product provides no preferences, ignoring...
[2021-04-24 17:20:16,237 INFO  L181        SettingsManager]: Resetting LTL2Aut preferences to default values
[2021-04-24 17:20:16,237 INFO  L181        SettingsManager]: Resetting PEA to Boogie preferences to default values
[2021-04-24 17:20:16,238 INFO  L181        SettingsManager]: Resetting BlockEncodingV2 preferences to default values
[2021-04-24 17:20:16,239 INFO  L181        SettingsManager]: Resetting ChcToBoogie preferences to default values
[2021-04-24 17:20:16,239 INFO  L181        SettingsManager]: Resetting AutomataScriptInterpreter preferences to default values
[2021-04-24 17:20:16,240 INFO  L181        SettingsManager]: Resetting BuchiAutomizer preferences to default values
[2021-04-24 17:20:16,241 INFO  L181        SettingsManager]: Resetting CACSL2BoogieTranslator preferences to default values
[2021-04-24 17:20:16,242 INFO  L181        SettingsManager]: Resetting CodeCheck preferences to default values
[2021-04-24 17:20:16,243 INFO  L181        SettingsManager]: Resetting InvariantSynthesis preferences to default values
[2021-04-24 17:20:16,244 INFO  L181        SettingsManager]: Resetting RCFGBuilder preferences to default values
[2021-04-24 17:20:16,244 INFO  L181        SettingsManager]: Resetting Referee preferences to default values
[2021-04-24 17:20:16,245 INFO  L181        SettingsManager]: Resetting TraceAbstraction preferences to default values
[2021-04-24 17:20:16,246 INFO  L184        SettingsManager]: TraceAbstractionConcurrent provides no preferences, ignoring...
[2021-04-24 17:20:16,247 INFO  L184        SettingsManager]: TraceAbstractionWithAFAs provides no preferences, ignoring...
[2021-04-24 17:20:16,247 INFO  L181        SettingsManager]: Resetting TreeAutomizer preferences to default values
[2021-04-24 17:20:16,247 INFO  L181        SettingsManager]: Resetting IcfgToChc preferences to default values
[2021-04-24 17:20:16,247 INFO  L181        SettingsManager]: Resetting IcfgTransformer preferences to default values
[2021-04-24 17:20:16,248 INFO  L184        SettingsManager]: ReqToTest provides no preferences, ignoring...
[2021-04-24 17:20:16,248 INFO  L181        SettingsManager]: Resetting Boogie Printer preferences to default values
[2021-04-24 17:20:16,249 INFO  L181        SettingsManager]: Resetting ChcSmtPrinter preferences to default values
[2021-04-24 17:20:16,249 INFO  L181        SettingsManager]: Resetting ReqPrinter preferences to default values
[2021-04-24 17:20:16,250 INFO  L181        SettingsManager]: Resetting Witness Printer preferences to default values
[2021-04-24 17:20:16,250 INFO  L184        SettingsManager]: Boogie PL CUP Parser provides no preferences, ignoring...
[2021-04-24 17:20:16,250 INFO  L181        SettingsManager]: Resetting CDTParser preferences to default values
[2021-04-24 17:20:16,251 INFO  L184        SettingsManager]: AutomataScriptParser provides no preferences, ignoring...
[2021-04-24 17:20:16,251 INFO  L184        SettingsManager]: ReqParser provides no preferences, ignoring...
[2021-04-24 17:20:16,251 INFO  L181        SettingsManager]: Resetting SmtParser preferences to default values
[2021-04-24 17:20:16,251 INFO  L181        SettingsManager]: Resetting Witness Parser preferences to default values
[2021-04-24 17:20:16,252 INFO  L188        SettingsManager]: Finished resetting all preferences to default values...
[2021-04-24 17:20:16,253 INFO  L101        SettingsManager]: Beginning loading settings from /home/singularity/UAutomizer-linux/config/svcomp-LTL-64bit-Automizer_Default.epf
[2021-04-24 17:20:16,264 INFO  L113        SettingsManager]: Loading preferences was successful
[2021-04-24 17:20:16,264 INFO  L115        SettingsManager]: Preferences different from defaults after loading the file:
[2021-04-24 17:20:16,265 INFO  L136        SettingsManager]: Preferences of BlockEncodingV2 differ from their defaults:
[2021-04-24 17:20:16,265 INFO  L138        SettingsManager]:  * Minimize states even if more edges are added than removed.=true
[2021-04-24 17:20:16,265 INFO  L138        SettingsManager]:  * Rewrite not-equals=true
[2021-04-24 17:20:16,265 INFO  L138        SettingsManager]:  * Create parallel compositions if possible=false
[2021-04-24 17:20:16,265 INFO  L138        SettingsManager]:  * Minimize states using LBE with the strategy=NONE
[2021-04-24 17:20:16,265 INFO  L138        SettingsManager]:  * Use SBE=true
[2021-04-24 17:20:16,266 INFO  L136        SettingsManager]: Preferences of BuchiAutomizer differ from their defaults:
[2021-04-24 17:20:16,266 INFO  L138        SettingsManager]:  * Compute Interpolants along a Counterexample=Craig_TreeInterpolation
[2021-04-24 17:20:16,266 INFO  L138        SettingsManager]:  * Use old map elimination=false
[2021-04-24 17:20:16,266 INFO  L138        SettingsManager]:  * Try twofold refinement=false
[2021-04-24 17:20:16,266 INFO  L136        SettingsManager]: Preferences of CACSL2BoogieTranslator differ from their defaults:
[2021-04-24 17:20:16,266 INFO  L138        SettingsManager]:  * Check unreachability of error function in SV-COMP mode=false
[2021-04-24 17:20:16,266 INFO  L138        SettingsManager]:  * Overapproximate operations on floating types=true
[2021-04-24 17:20:16,266 INFO  L138        SettingsManager]:  * Check division by zero=IGNORE
[2021-04-24 17:20:16,266 INFO  L138        SettingsManager]:  * Pointer to allocated memory at dereference=ASSUME
[2021-04-24 17:20:16,267 INFO  L138        SettingsManager]:  * If two pointers are subtracted or compared they have the same base address=ASSUME
[2021-04-24 17:20:16,267 INFO  L138        SettingsManager]:  * Check array bounds for arrays that are off heap=ASSUME
[2021-04-24 17:20:16,267 INFO  L138        SettingsManager]:  * Check if freed pointer was valid=false
[2021-04-24 17:20:16,267 INFO  L138        SettingsManager]:  * Use constant arrays=true
[2021-04-24 17:20:16,267 INFO  L138        SettingsManager]:  * Pointer base address is valid at dereference=ASSUME
[2021-04-24 17:20:16,267 INFO  L136        SettingsManager]: Preferences of RCFGBuilder differ from their defaults:
[2021-04-24 17:20:16,267 INFO  L138        SettingsManager]:  * Size of a code block=SingleStatement
[2021-04-24 17:20:16,267 INFO  L138        SettingsManager]:  * SMT solver=Internal_SMTInterpol
Applying setting for plugin de.uni_freiburg.informatik.ultimate.plugins.generator.cacsl2boogietranslator: Overapproximate operations on floating types -> false
Applying setting for plugin de.uni_freiburg.informatik.ultimate.plugins.generator.cacsl2boogietranslator: Assume nondeterminstic values are in range -> false
[2021-04-24 17:20:16,434 INFO  L75    nceAwareModelManager]: Repository-Root is: /tmp
[2021-04-24 17:20:16,460 INFO  L261   ainManager$Toolchain]: [Toolchain 1]: Applicable parser(s) successfully (re)initialized
[2021-04-24 17:20:16,461 INFO  L217   ainManager$Toolchain]: [Toolchain 1]: Toolchain selected.
[2021-04-24 17:20:16,463 INFO  L271        PluginConnector]: Initializing CDTParser...
[2021-04-24 17:20:16,463 INFO  L275        PluginConnector]: CDTParser initialized
[2021-04-24 17:20:16,464 INFO  L432   ainManager$Toolchain]: [Toolchain 1]: Parsing single file: /home/magnago/benchmarks/ltl_timed_transition_system/dynamic_lynch/ultimate/dynamic_lynch_0013.c
[2021-04-24 17:20:16,503 INFO  L220              CDTParser]: Created temporary CDT project at /home/singularity/fb987d0a84934e3299c847fe750be389/FLAGe828fa4c1
!SESSION 2021-04-24 17:20:14.456 -----------------------------------------------
eclipse.buildId=unknown
java.version=11.0.10
java.vendor=Ubuntu
BootLoader constants: OS=linux, ARCH=x86_64, WS=gtk, NL=en_US
Framework arguments:  --console -tc /home/singularity/UAutomizer-linux/config/AutomizerLTL.xml -s /home/singularity/UAutomizer-linux/config/svcomp-LTL-64bit-Automizer_Default.epf --cacsl2boogietranslator.overapproximate.operations.on.floating.types=false --cacsl2boogietranslator.assume.nondeterminstic.values.are.in.range false -i /home/magnago/benchmarks/ltl_timed_transition_system/dynamic_lynch/ultimate/dynamic_lynch_0013.c
Command-line arguments:  -os linux -ws gtk -arch x86_64 -consoleLog --console -data @user.home/.ultimate -tc /home/singularity/UAutomizer-linux/config/AutomizerLTL.xml -s /home/singularity/UAutomizer-linux/config/svcomp-LTL-64bit-Automizer_Default.epf -data /home/singularity --cacsl2boogietranslator.overapproximate.operations.on.floating.types=false --cacsl2boogietranslator.assume.nondeterminstic.values.are.in.range false -i /home/magnago/benchmarks/ltl_timed_transition_system/dynamic_lynch/ultimate/dynamic_lynch_0013.c

!ENTRY org.eclipse.cdt.core 1 0 2021-04-24 17:20:16.727
!MESSAGE Indexed 'FLAGe828fa4c1' (0 sources, 0 headers) in 0.004 sec: 0 declarations; 0 references; 0 unresolved inclusions; 0 syntax errors; 0 unresolved names (0%)
[2021-04-24 17:20:17,024 INFO  L306              CDTParser]: Found 1 translation units.
[2021-04-24 17:20:17,024 INFO  L160              CDTParser]: Scanning /home/magnago/benchmarks/ltl_timed_transition_system/dynamic_lynch/ultimate/dynamic_lynch_0013.c
[2021-04-24 17:20:17,064 INFO  L349              CDTParser]: About to delete temporary CDT project at /home/singularity/fb987d0a84934e3299c847fe750be389/FLAGe828fa4c1
[2021-04-24 17:20:17,543 INFO  L357              CDTParser]: Successfully deleted /home/singularity/fb987d0a84934e3299c847fe750be389
[2021-04-24 17:20:17,545 INFO  L299   ainManager$Toolchain]: ####################### [Toolchain 1] #######################
[2021-04-24 17:20:17,547 INFO  L131        ToolchainWalker]: Walking toolchain with 7 elements.
[2021-04-24 17:20:17,548 INFO  L113        PluginConnector]: ------------------------CACSL2BoogieTranslator----------------------------
[2021-04-24 17:20:17,548 INFO  L271        PluginConnector]: Initializing CACSL2BoogieTranslator...
[2021-04-24 17:20:17,551 INFO  L275        PluginConnector]: CACSL2BoogieTranslator initialized
[2021-04-24 17:20:17,551 INFO  L185        PluginConnector]: Executing the observer ACSLObjectContainerObserver from plugin CACSL2BoogieTranslator for "CDTParser AST 24.04 05:20:17" (1/1) ...
[2021-04-24 17:20:17,552 INFO  L205        PluginConnector]: Invalid model from CACSL2BoogieTranslator for observer de.uni_freiburg.informatik.ultimate.plugins.generator.cacsl2boogietranslator.ACSLObjectContainerObserver@67b0fe41 and model type de.uni_freiburg.informatik.ultimate.plugins.generator.cacsl2boogietranslator AST 24.04 05:20:17, skipping insertion in model container
[2021-04-24 17:20:17,552 INFO  L185        PluginConnector]: Executing the observer CACSL2BoogieTranslatorObserver from plugin CACSL2BoogieTranslator for "CDTParser AST 24.04 05:20:17" (1/1) ...
[2021-04-24 17:20:17,558 INFO  L145         MainTranslator]: Starting translation in SV-COMP mode 
[2021-04-24 17:20:17,624 INFO  L178         MainTranslator]: Built tables and reachable declarations
[2021-04-24 17:20:18,007 INFO  L206          PostProcessor]: Analyzing one entry point: main
[2021-04-24 17:20:18,012 INFO  L203         MainTranslator]: Completed pre-run
[2021-04-24 17:20:18,173 INFO  L206          PostProcessor]: Analyzing one entry point: main
[2021-04-24 17:20:18,188 INFO  L208         MainTranslator]: Completed translation
[2021-04-24 17:20:18,188 INFO  L202        PluginConnector]: Adding new model de.uni_freiburg.informatik.ultimate.plugins.generator.cacsl2boogietranslator AST 24.04 05:20:18 WrapperNode
[2021-04-24 17:20:18,189 INFO  L132        PluginConnector]: ------------------------ END CACSL2BoogieTranslator----------------------------
[2021-04-24 17:20:18,189 INFO  L113        PluginConnector]: ------------------------Boogie Preprocessor----------------------------
[2021-04-24 17:20:18,190 INFO  L271        PluginConnector]: Initializing Boogie Preprocessor...
[2021-04-24 17:20:18,190 INFO  L275        PluginConnector]: Boogie Preprocessor initialized
[2021-04-24 17:20:18,201 INFO  L185        PluginConnector]: Executing the observer EnsureBoogieModelObserver from plugin Boogie Preprocessor for "de.uni_freiburg.informatik.ultimate.plugins.generator.cacsl2boogietranslator AST 24.04 05:20:18" (1/1) ...
[2021-04-24 17:20:18,201 INFO  L185        PluginConnector]: Executing the observer TypeChecker from plugin Boogie Preprocessor for "de.uni_freiburg.informatik.ultimate.plugins.generator.cacsl2boogietranslator AST 24.04 05:20:18" (1/1) ...
[2021-04-24 17:20:18,229 INFO  L185        PluginConnector]: Executing the observer ConstExpander from plugin Boogie Preprocessor for "de.uni_freiburg.informatik.ultimate.plugins.generator.cacsl2boogietranslator AST 24.04 05:20:18" (1/1) ...
[2021-04-24 17:20:18,229 INFO  L185        PluginConnector]: Executing the observer StructExpander from plugin Boogie Preprocessor for "de.uni_freiburg.informatik.ultimate.plugins.generator.cacsl2boogietranslator AST 24.04 05:20:18" (1/1) ...
[2021-04-24 17:20:18,279 INFO  L185        PluginConnector]: Executing the observer UnstructureCode from plugin Boogie Preprocessor for "de.uni_freiburg.informatik.ultimate.plugins.generator.cacsl2boogietranslator AST 24.04 05:20:18" (1/1) ...
[2021-04-24 17:20:18,284 INFO  L185        PluginConnector]: Executing the observer FunctionInliner from plugin Boogie Preprocessor for "de.uni_freiburg.informatik.ultimate.plugins.generator.cacsl2boogietranslator AST 24.04 05:20:18" (1/1) ...
[2021-04-24 17:20:18,301 INFO  L185        PluginConnector]: Executing the observer BoogieSymbolTableConstructor from plugin Boogie Preprocessor for "de.uni_freiburg.informatik.ultimate.plugins.generator.cacsl2boogietranslator AST 24.04 05:20:18" (1/1) ...
[2021-04-24 17:20:18,320 INFO  L132        PluginConnector]: ------------------------ END Boogie Preprocessor----------------------------
[2021-04-24 17:20:18,321 INFO  L113        PluginConnector]: ------------------------RCFGBuilder----------------------------
[2021-04-24 17:20:18,321 INFO  L271        PluginConnector]: Initializing RCFGBuilder...
[2021-04-24 17:20:18,321 INFO  L275        PluginConnector]: RCFGBuilder initialized
[2021-04-24 17:20:18,322 INFO  L185        PluginConnector]: Executing the observer RCFGBuilderObserver from plugin RCFGBuilder for "de.uni_freiburg.informatik.ultimate.plugins.generator.cacsl2boogietranslator AST 24.04 05:20:18" (1/1) ...
[2021-04-24 17:20:18,389 INFO  L138     BoogieDeclarations]: Found implementation of procedure ULTIMATE.init
[2021-04-24 17:20:18,389 INFO  L138     BoogieDeclarations]: Found implementation of procedure ULTIMATE.start
[2021-04-24 17:20:18,389 INFO  L138     BoogieDeclarations]: Found implementation of procedure __VERIFIER_nondet_bool
[2021-04-24 17:20:18,390 INFO  L138     BoogieDeclarations]: Found implementation of procedure main
[2021-04-24 17:20:18,390 INFO  L130     BoogieDeclarations]: Found specification of procedure __VERIFIER_nondet_float
[2021-04-24 17:20:18,390 INFO  L130     BoogieDeclarations]: Found specification of procedure __VERIFIER_nondet_int
[2021-04-24 17:20:18,390 INFO  L130     BoogieDeclarations]: Found specification of procedure __VERIFIER_nondet_bool
[2021-04-24 17:20:18,390 INFO  L130     BoogieDeclarations]: Found specification of procedure main
[2021-04-24 17:20:18,390 INFO  L130     BoogieDeclarations]: Found specification of procedure ULTIMATE.init
[2021-04-24 17:20:18,390 INFO  L130     BoogieDeclarations]: Found specification of procedure ULTIMATE.start
[2021-04-24 17:20:19,008 INFO  L294             CfgBuilder]: Using the 1 location(s) as analysis (start of procedure ULTIMATE.start)
[2021-04-24 17:20:19,008 INFO  L299             CfgBuilder]: Removed 1 assume(true) statements.
[2021-04-24 17:20:19,009 INFO  L202        PluginConnector]: Adding new model de.uni_freiburg.informatik.ultimate.plugins.generator.rcfgbuilder CFG 24.04 05:20:19 BoogieIcfgContainer
[2021-04-24 17:20:19,009 INFO  L132        PluginConnector]: ------------------------ END RCFGBuilder----------------------------
[2021-04-24 17:20:19,010 INFO  L113        PluginConnector]: ------------------------LTL2Aut----------------------------
[2021-04-24 17:20:19,010 INFO  L271        PluginConnector]: Initializing LTL2Aut...
[2021-04-24 17:20:19,011 INFO  L275        PluginConnector]: LTL2Aut initialized
[2021-04-24 17:20:19,013 INFO  L185        PluginConnector]: Executing the observer LTL2autObserver from plugin LTL2Aut for "de.uni_freiburg.informatik.ultimate.plugins.generator.cacsl2boogietranslator AST 24.04 05:20:18" (2/3) ...
No working directory specified, using /usr/bin/ltl2ba
Starting monitored process 1 with ltl2ba -f ! ( ( <> ( [] ( a ) ) || ! ( [] ( <> ( b ) ) ) ) )  (exit command is null, workingDir is null)
[2021-04-24 17:20:19,056 INFO  L125        LTL2autObserver]: LTL Property is: (F(G((0 != ~inc_max_prop~0))) || !(G(F((1.0 <= ~_diverge_delta~0)))))
[2021-04-24 17:20:19,057 INFO  L202        PluginConnector]: Adding new model Hardcoded de.uni_freiburg.informatik.ultimate.ltl2aut AST 24.04 05:20:19 NWAContainer
[2021-04-24 17:20:19,057 INFO  L132        PluginConnector]: ------------------------ END LTL2Aut----------------------------
[2021-04-24 17:20:19,058 INFO  L113        PluginConnector]: ------------------------B?chi Program Product----------------------------
[2021-04-24 17:20:19,058 INFO  L271        PluginConnector]: Initializing B?chi Program Product...
[2021-04-24 17:20:19,058 INFO  L275        PluginConnector]: B?chi Program Product initialized
[2021-04-24 17:20:19,059 INFO  L185        PluginConnector]: Executing the observer BuchiProductObserver from plugin B?chi Program Product for "de.uni_freiburg.informatik.ultimate.plugins.generator.rcfgbuilder CFG 24.04 05:20:19" (3/4) ...
[2021-04-24 17:20:19,060 INFO  L205        PluginConnector]: Invalid model from B?chi Program Product for observer de.uni_freiburg.informatik.ultimate.buchiprogramproduct.BuchiProductObserver@3babc1a5 and model type LTL+Program Product de.uni_freiburg.informatik.ultimate.buchiprogramproduct OTHER 24.04 05:20:19, skipping insertion in model container
[2021-04-24 17:20:19,060 INFO  L185        PluginConnector]: Executing the observer BuchiProductObserver from plugin B?chi Program Product for "Hardcoded de.uni_freiburg.informatik.ultimate.ltl2aut AST 24.04 05:20:19" (4/4) ...
[2021-04-24 17:20:19,062 INFO  L104   BuchiProductObserver]: Initial property automaton 3 locations, 8 edges
[2021-04-24 17:20:19,064 INFO  L110   BuchiProductObserver]: Initial RCFG 828 locations, 1098 edges
[2021-04-24 17:20:19,064 INFO  L93    BuchiProductObserver]: Beginning generation of product automaton
[2021-04-24 17:20:19,070 INFO  L132       ProductGenerator]: The program has no step specification, so we assume maximum atomicity
[2021-04-24 17:20:20,658 INFO  L97    BuchiProductObserver]: Finished generation of product automaton successfully
[2021-04-24 17:20:20,665 INFO  L110   BuchiProductObserver]: BuchiProgram size 2885 locations, 7231 edges
[2021-04-24 17:20:20,665 INFO  L202        PluginConnector]: Adding new model LTL+Program Product de.uni_freiburg.informatik.ultimate.buchiprogramproduct OTHER 24.04 05:20:20 BoogieIcfgContainer
[2021-04-24 17:20:20,665 INFO  L132        PluginConnector]: ------------------------ END B?chi Program Product----------------------------
[2021-04-24 17:20:20,665 INFO  L113        PluginConnector]: ------------------------BlockEncodingV2----------------------------
[2021-04-24 17:20:20,666 INFO  L271        PluginConnector]: Initializing BlockEncodingV2...
[2021-04-24 17:20:20,667 INFO  L275        PluginConnector]: BlockEncodingV2 initialized
[2021-04-24 17:20:20,668 INFO  L185        PluginConnector]: Executing the observer BlockEncodingObserver from plugin BlockEncodingV2 for "LTL+Program Product de.uni_freiburg.informatik.ultimate.buchiprogramproduct OTHER 24.04 05:20:20" (1/1) ...
[2021-04-24 17:20:20,759 WARN  L208         IcfgDuplicator]: Creating raw copy for unreachable call because return is reachable in graph view: call #t~ret1 := __VERIFIER_nondet_bool();
[2021-04-24 17:20:20,771 INFO  L313           BlockEncoder]: Initial Icfg 2885 locations, 7231 edges
[2021-04-24 17:20:20,771 INFO  L258           BlockEncoder]: Using Remove infeasible edges
[2021-04-24 17:20:20,771 INFO  L263           BlockEncoder]: Using Maximize final states
[2021-04-24 17:20:20,772 INFO  L270           BlockEncoder]: Using Minimize states even if more edges are added than removed.=true
[2021-04-24 17:20:20,772 INFO  L296           BlockEncoder]: Using Remove sink states
[2021-04-24 17:20:20,772 INFO  L171           BlockEncoder]: Using Apply optimizations until nothing changes=true
[2021-04-24 17:20:20,773 INFO  L179           BlockEncoder]: Using Rewrite not-equals
Received shutdown request...
