Creating empty 100MiB image file: /home/magnago/overlay/dynamic_lynch_0017.c.ext3
Formatting image with ext3 file system
Image is done: /home/magnago/overlay/dynamic_lynch_0017.c.ext3
This is Ultimate 0.2.1-origin.dev-f91880a
[2021-04-24 17:25:25,481 INFO  L177        SettingsManager]: Resetting all preferences to default values...
[2021-04-24 17:25:25,484 INFO  L181        SettingsManager]: Resetting UltimateCore preferences to default values
[2021-04-24 17:25:25,530 INFO  L184        SettingsManager]: Ultimate Commandline Interface provides no preferences, ignoring...
[2021-04-24 17:25:25,531 INFO  L181        SettingsManager]: Resetting Boogie Preprocessor preferences to default values
[2021-04-24 17:25:25,532 INFO  L181        SettingsManager]: Resetting Boogie Procedure Inliner preferences to default values
[2021-04-24 17:25:25,533 INFO  L181        SettingsManager]: Resetting Abstract Interpretation preferences to default values
[2021-04-24 17:25:25,535 INFO  L181        SettingsManager]: Resetting LassoRanker preferences to default values
[2021-04-24 17:25:25,537 INFO  L181        SettingsManager]: Resetting Reaching Definitions preferences to default values
[2021-04-24 17:25:25,538 INFO  L181        SettingsManager]: Resetting SyntaxChecker preferences to default values
[2021-04-24 17:25:25,539 INFO  L181        SettingsManager]: Resetting Sifa preferences to default values
[2021-04-24 17:25:25,540 INFO  L184        SettingsManager]: B?chi Program Product provides no preferences, ignoring...
[2021-04-24 17:25:25,540 INFO  L181        SettingsManager]: Resetting LTL2Aut preferences to default values
[2021-04-24 17:25:25,541 INFO  L181        SettingsManager]: Resetting PEA to Boogie preferences to default values
[2021-04-24 17:25:25,543 INFO  L181        SettingsManager]: Resetting BlockEncodingV2 preferences to default values
[2021-04-24 17:25:25,544 INFO  L181        SettingsManager]: Resetting ChcToBoogie preferences to default values
[2021-04-24 17:25:25,545 INFO  L181        SettingsManager]: Resetting AutomataScriptInterpreter preferences to default values
[2021-04-24 17:25:25,546 INFO  L181        SettingsManager]: Resetting BuchiAutomizer preferences to default values
[2021-04-24 17:25:25,547 INFO  L181        SettingsManager]: Resetting CACSL2BoogieTranslator preferences to default values
[2021-04-24 17:25:25,549 INFO  L181        SettingsManager]: Resetting CodeCheck preferences to default values
[2021-04-24 17:25:25,551 INFO  L181        SettingsManager]: Resetting InvariantSynthesis preferences to default values
[2021-04-24 17:25:25,552 INFO  L181        SettingsManager]: Resetting RCFGBuilder preferences to default values
[2021-04-24 17:25:25,553 INFO  L181        SettingsManager]: Resetting Referee preferences to default values
[2021-04-24 17:25:25,554 INFO  L181        SettingsManager]: Resetting TraceAbstraction preferences to default values
[2021-04-24 17:25:25,557 INFO  L184        SettingsManager]: TraceAbstractionConcurrent provides no preferences, ignoring...
[2021-04-24 17:25:25,557 INFO  L184        SettingsManager]: TraceAbstractionWithAFAs provides no preferences, ignoring...
[2021-04-24 17:25:25,557 INFO  L181        SettingsManager]: Resetting TreeAutomizer preferences to default values
[2021-04-24 17:25:25,558 INFO  L181        SettingsManager]: Resetting IcfgToChc preferences to default values
[2021-04-24 17:25:25,559 INFO  L181        SettingsManager]: Resetting IcfgTransformer preferences to default values
[2021-04-24 17:25:25,559 INFO  L184        SettingsManager]: ReqToTest provides no preferences, ignoring...
[2021-04-24 17:25:25,560 INFO  L181        SettingsManager]: Resetting Boogie Printer preferences to default values
[2021-04-24 17:25:25,560 INFO  L181        SettingsManager]: Resetting ChcSmtPrinter preferences to default values
[2021-04-24 17:25:25,561 INFO  L181        SettingsManager]: Resetting ReqPrinter preferences to default values
[2021-04-24 17:25:25,562 INFO  L181        SettingsManager]: Resetting Witness Printer preferences to default values
[2021-04-24 17:25:25,563 INFO  L184        SettingsManager]: Boogie PL CUP Parser provides no preferences, ignoring...
[2021-04-24 17:25:25,563 INFO  L181        SettingsManager]: Resetting CDTParser preferences to default values
[2021-04-24 17:25:25,564 INFO  L184        SettingsManager]: AutomataScriptParser provides no preferences, ignoring...
[2021-04-24 17:25:25,564 INFO  L184        SettingsManager]: ReqParser provides no preferences, ignoring...
[2021-04-24 17:25:25,564 INFO  L181        SettingsManager]: Resetting SmtParser preferences to default values
[2021-04-24 17:25:25,565 INFO  L181        SettingsManager]: Resetting Witness Parser preferences to default values
[2021-04-24 17:25:25,566 INFO  L188        SettingsManager]: Finished resetting all preferences to default values...
[2021-04-24 17:25:25,566 INFO  L101        SettingsManager]: Beginning loading settings from /home/singularity/UAutomizer-linux/config/svcomp-LTL-64bit-Automizer_Default.epf
[2021-04-24 17:25:25,581 INFO  L113        SettingsManager]: Loading preferences was successful
[2021-04-24 17:25:25,581 INFO  L115        SettingsManager]: Preferences different from defaults after loading the file:
[2021-04-24 17:25:25,582 INFO  L136        SettingsManager]: Preferences of BlockEncodingV2 differ from their defaults:
[2021-04-24 17:25:25,582 INFO  L138        SettingsManager]:  * Minimize states even if more edges are added than removed.=true
[2021-04-24 17:25:25,582 INFO  L138        SettingsManager]:  * Rewrite not-equals=true
[2021-04-24 17:25:25,582 INFO  L138        SettingsManager]:  * Create parallel compositions if possible=false
[2021-04-24 17:25:25,582 INFO  L138        SettingsManager]:  * Minimize states using LBE with the strategy=NONE
[2021-04-24 17:25:25,582 INFO  L138        SettingsManager]:  * Use SBE=true
[2021-04-24 17:25:25,583 INFO  L136        SettingsManager]: Preferences of BuchiAutomizer differ from their defaults:
[2021-04-24 17:25:25,583 INFO  L138        SettingsManager]:  * Compute Interpolants along a Counterexample=Craig_TreeInterpolation
[2021-04-24 17:25:25,583 INFO  L138        SettingsManager]:  * Use old map elimination=false
[2021-04-24 17:25:25,583 INFO  L138        SettingsManager]:  * Try twofold refinement=false
[2021-04-24 17:25:25,583 INFO  L136        SettingsManager]: Preferences of CACSL2BoogieTranslator differ from their defaults:
[2021-04-24 17:25:25,583 INFO  L138        SettingsManager]:  * Check unreachability of error function in SV-COMP mode=false
[2021-04-24 17:25:25,583 INFO  L138        SettingsManager]:  * Overapproximate operations on floating types=true
[2021-04-24 17:25:25,583 INFO  L138        SettingsManager]:  * Check division by zero=IGNORE
[2021-04-24 17:25:25,583 INFO  L138        SettingsManager]:  * Pointer to allocated memory at dereference=ASSUME
[2021-04-24 17:25:25,583 INFO  L138        SettingsManager]:  * If two pointers are subtracted or compared they have the same base address=ASSUME
[2021-04-24 17:25:25,584 INFO  L138        SettingsManager]:  * Check array bounds for arrays that are off heap=ASSUME
[2021-04-24 17:25:25,584 INFO  L138        SettingsManager]:  * Check if freed pointer was valid=false
[2021-04-24 17:25:25,584 INFO  L138        SettingsManager]:  * Use constant arrays=true
[2021-04-24 17:25:25,584 INFO  L138        SettingsManager]:  * Pointer base address is valid at dereference=ASSUME
[2021-04-24 17:25:25,584 INFO  L136        SettingsManager]: Preferences of RCFGBuilder differ from their defaults:
[2021-04-24 17:25:25,584 INFO  L138        SettingsManager]:  * Size of a code block=SingleStatement
[2021-04-24 17:25:25,584 INFO  L138        SettingsManager]:  * SMT solver=Internal_SMTInterpol
Applying setting for plugin de.uni_freiburg.informatik.ultimate.plugins.generator.cacsl2boogietranslator: Overapproximate operations on floating types -> false
Applying setting for plugin de.uni_freiburg.informatik.ultimate.plugins.generator.cacsl2boogietranslator: Assume nondeterminstic values are in range -> false
[2021-04-24 17:25:25,748 INFO  L75    nceAwareModelManager]: Repository-Root is: /tmp
[2021-04-24 17:25:25,775 INFO  L261   ainManager$Toolchain]: [Toolchain 1]: Applicable parser(s) successfully (re)initialized
[2021-04-24 17:25:25,777 INFO  L217   ainManager$Toolchain]: [Toolchain 1]: Toolchain selected.
[2021-04-24 17:25:25,778 INFO  L271        PluginConnector]: Initializing CDTParser...
[2021-04-24 17:25:25,779 INFO  L275        PluginConnector]: CDTParser initialized
[2021-04-24 17:25:25,779 INFO  L432   ainManager$Toolchain]: [Toolchain 1]: Parsing single file: /home/magnago/benchmarks/ltl_timed_transition_system/dynamic_lynch/ultimate/dynamic_lynch_0017.c
[2021-04-24 17:25:25,830 INFO  L220              CDTParser]: Created temporary CDT project at /home/singularity/ba67ed0f89d545029d3b21b09486c1b1/FLAG8284d95e6
!SESSION 2021-04-24 17:25:23.642 -----------------------------------------------
eclipse.buildId=unknown
java.version=11.0.10
java.vendor=Ubuntu
BootLoader constants: OS=linux, ARCH=x86_64, WS=gtk, NL=en_US
Framework arguments:  --console -tc /home/singularity/UAutomizer-linux/config/AutomizerLTL.xml -s /home/singularity/UAutomizer-linux/config/svcomp-LTL-64bit-Automizer_Default.epf --cacsl2boogietranslator.overapproximate.operations.on.floating.types=false --cacsl2boogietranslator.assume.nondeterminstic.values.are.in.range false -i /home/magnago/benchmarks/ltl_timed_transition_system/dynamic_lynch/ultimate/dynamic_lynch_0017.c
Command-line arguments:  -os linux -ws gtk -arch x86_64 -consoleLog --console -data @user.home/.ultimate -tc /home/singularity/UAutomizer-linux/config/AutomizerLTL.xml -s /home/singularity/UAutomizer-linux/config/svcomp-LTL-64bit-Automizer_Default.epf -data /home/singularity --cacsl2boogietranslator.overapproximate.operations.on.floating.types=false --cacsl2boogietranslator.assume.nondeterminstic.values.are.in.range false -i /home/magnago/benchmarks/ltl_timed_transition_system/dynamic_lynch/ultimate/dynamic_lynch_0017.c

!ENTRY org.eclipse.cdt.core 1 0 2021-04-24 17:25:26.055
!MESSAGE Indexed 'FLAG8284d95e6' (0 sources, 0 headers) in 0.004 sec: 0 declarations; 0 references; 0 unresolved inclusions; 0 syntax errors; 0 unresolved names (0%)
[2021-04-24 17:25:26,371 INFO  L306              CDTParser]: Found 1 translation units.
[2021-04-24 17:25:26,371 INFO  L160              CDTParser]: Scanning /home/magnago/benchmarks/ltl_timed_transition_system/dynamic_lynch/ultimate/dynamic_lynch_0017.c
[2021-04-24 17:25:26,421 INFO  L349              CDTParser]: About to delete temporary CDT project at /home/singularity/ba67ed0f89d545029d3b21b09486c1b1/FLAG8284d95e6
[2021-04-24 17:25:26,857 INFO  L357              CDTParser]: Successfully deleted /home/singularity/ba67ed0f89d545029d3b21b09486c1b1
[2021-04-24 17:25:26,859 INFO  L299   ainManager$Toolchain]: ####################### [Toolchain 1] #######################
[2021-04-24 17:25:26,861 INFO  L131        ToolchainWalker]: Walking toolchain with 7 elements.
[2021-04-24 17:25:26,862 INFO  L113        PluginConnector]: ------------------------CACSL2BoogieTranslator----------------------------
[2021-04-24 17:25:26,863 INFO  L271        PluginConnector]: Initializing CACSL2BoogieTranslator...
[2021-04-24 17:25:26,864 INFO  L275        PluginConnector]: CACSL2BoogieTranslator initialized
[2021-04-24 17:25:26,865 INFO  L185        PluginConnector]: Executing the observer ACSLObjectContainerObserver from plugin CACSL2BoogieTranslator for "CDTParser AST 24.04 05:25:26" (1/1) ...
[2021-04-24 17:25:26,866 INFO  L205        PluginConnector]: Invalid model from CACSL2BoogieTranslator for observer de.uni_freiburg.informatik.ultimate.plugins.generator.cacsl2boogietranslator.ACSLObjectContainerObserver@259e361b and model type de.uni_freiburg.informatik.ultimate.plugins.generator.cacsl2boogietranslator AST 24.04 05:25:26, skipping insertion in model container
[2021-04-24 17:25:26,866 INFO  L185        PluginConnector]: Executing the observer CACSL2BoogieTranslatorObserver from plugin CACSL2BoogieTranslator for "CDTParser AST 24.04 05:25:26" (1/1) ...
[2021-04-24 17:25:26,871 INFO  L145         MainTranslator]: Starting translation in SV-COMP mode 
[2021-04-24 17:25:26,936 INFO  L178         MainTranslator]: Built tables and reachable declarations
[2021-04-24 17:25:27,433 INFO  L206          PostProcessor]: Analyzing one entry point: main
[2021-04-24 17:25:27,439 INFO  L203         MainTranslator]: Completed pre-run
[2021-04-24 17:25:27,656 INFO  L206          PostProcessor]: Analyzing one entry point: main
[2021-04-24 17:25:27,670 INFO  L208         MainTranslator]: Completed translation
[2021-04-24 17:25:27,671 INFO  L202        PluginConnector]: Adding new model de.uni_freiburg.informatik.ultimate.plugins.generator.cacsl2boogietranslator AST 24.04 05:25:27 WrapperNode
[2021-04-24 17:25:27,671 INFO  L132        PluginConnector]: ------------------------ END CACSL2BoogieTranslator----------------------------
[2021-04-24 17:25:27,672 INFO  L113        PluginConnector]: ------------------------Boogie Preprocessor----------------------------
[2021-04-24 17:25:27,672 INFO  L271        PluginConnector]: Initializing Boogie Preprocessor...
[2021-04-24 17:25:27,672 INFO  L275        PluginConnector]: Boogie Preprocessor initialized
[2021-04-24 17:25:27,679 INFO  L185        PluginConnector]: Executing the observer EnsureBoogieModelObserver from plugin Boogie Preprocessor for "de.uni_freiburg.informatik.ultimate.plugins.generator.cacsl2boogietranslator AST 24.04 05:25:27" (1/1) ...
[2021-04-24 17:25:27,680 INFO  L185        PluginConnector]: Executing the observer TypeChecker from plugin Boogie Preprocessor for "de.uni_freiburg.informatik.ultimate.plugins.generator.cacsl2boogietranslator AST 24.04 05:25:27" (1/1) ...
[2021-04-24 17:25:27,703 INFO  L185        PluginConnector]: Executing the observer ConstExpander from plugin Boogie Preprocessor for "de.uni_freiburg.informatik.ultimate.plugins.generator.cacsl2boogietranslator AST 24.04 05:25:27" (1/1) ...
[2021-04-24 17:25:27,703 INFO  L185        PluginConnector]: Executing the observer StructExpander from plugin Boogie Preprocessor for "de.uni_freiburg.informatik.ultimate.plugins.generator.cacsl2boogietranslator AST 24.04 05:25:27" (1/1) ...
[2021-04-24 17:25:27,744 INFO  L185        PluginConnector]: Executing the observer UnstructureCode from plugin Boogie Preprocessor for "de.uni_freiburg.informatik.ultimate.plugins.generator.cacsl2boogietranslator AST 24.04 05:25:27" (1/1) ...
[2021-04-24 17:25:27,748 INFO  L185        PluginConnector]: Executing the observer FunctionInliner from plugin Boogie Preprocessor for "de.uni_freiburg.informatik.ultimate.plugins.generator.cacsl2boogietranslator AST 24.04 05:25:27" (1/1) ...
[2021-04-24 17:25:27,765 INFO  L185        PluginConnector]: Executing the observer BoogieSymbolTableConstructor from plugin Boogie Preprocessor for "de.uni_freiburg.informatik.ultimate.plugins.generator.cacsl2boogietranslator AST 24.04 05:25:27" (1/1) ...
[2021-04-24 17:25:27,779 INFO  L132        PluginConnector]: ------------------------ END Boogie Preprocessor----------------------------
[2021-04-24 17:25:27,780 INFO  L113        PluginConnector]: ------------------------RCFGBuilder----------------------------
[2021-04-24 17:25:27,780 INFO  L271        PluginConnector]: Initializing RCFGBuilder...
[2021-04-24 17:25:27,780 INFO  L275        PluginConnector]: RCFGBuilder initialized
[2021-04-24 17:25:27,781 INFO  L185        PluginConnector]: Executing the observer RCFGBuilderObserver from plugin RCFGBuilder for "de.uni_freiburg.informatik.ultimate.plugins.generator.cacsl2boogietranslator AST 24.04 05:25:27" (1/1) ...
[2021-04-24 17:25:27,851 INFO  L138     BoogieDeclarations]: Found implementation of procedure ULTIMATE.init
[2021-04-24 17:25:27,851 INFO  L138     BoogieDeclarations]: Found implementation of procedure ULTIMATE.start
[2021-04-24 17:25:27,851 INFO  L138     BoogieDeclarations]: Found implementation of procedure __VERIFIER_nondet_bool
[2021-04-24 17:25:27,851 INFO  L138     BoogieDeclarations]: Found implementation of procedure main
[2021-04-24 17:25:27,851 INFO  L130     BoogieDeclarations]: Found specification of procedure __VERIFIER_nondet_float
[2021-04-24 17:25:27,851 INFO  L130     BoogieDeclarations]: Found specification of procedure __VERIFIER_nondet_int
[2021-04-24 17:25:27,851 INFO  L130     BoogieDeclarations]: Found specification of procedure __VERIFIER_nondet_bool
[2021-04-24 17:25:27,851 INFO  L130     BoogieDeclarations]: Found specification of procedure main
[2021-04-24 17:25:27,851 INFO  L130     BoogieDeclarations]: Found specification of procedure ULTIMATE.init
[2021-04-24 17:25:27,852 INFO  L130     BoogieDeclarations]: Found specification of procedure ULTIMATE.start
[2021-04-24 17:25:28,528 INFO  L294             CfgBuilder]: Using the 1 location(s) as analysis (start of procedure ULTIMATE.start)
[2021-04-24 17:25:28,528 INFO  L299             CfgBuilder]: Removed 1 assume(true) statements.
[2021-04-24 17:25:28,530 INFO  L202        PluginConnector]: Adding new model de.uni_freiburg.informatik.ultimate.plugins.generator.rcfgbuilder CFG 24.04 05:25:28 BoogieIcfgContainer
[2021-04-24 17:25:28,530 INFO  L132        PluginConnector]: ------------------------ END RCFGBuilder----------------------------
[2021-04-24 17:25:28,530 INFO  L113        PluginConnector]: ------------------------LTL2Aut----------------------------
[2021-04-24 17:25:28,531 INFO  L271        PluginConnector]: Initializing LTL2Aut...
[2021-04-24 17:25:28,532 INFO  L275        PluginConnector]: LTL2Aut initialized
[2021-04-24 17:25:28,533 INFO  L185        PluginConnector]: Executing the observer LTL2autObserver from plugin LTL2Aut for "de.uni_freiburg.informatik.ultimate.plugins.generator.cacsl2boogietranslator AST 24.04 05:25:27" (2/3) ...
No working directory specified, using /usr/bin/ltl2ba
Starting monitored process 1 with ltl2ba -f ! ( ( <> ( [] ( a ) ) || ! ( [] ( <> ( b ) ) ) ) )  (exit command is null, workingDir is null)
[2021-04-24 17:25:28,578 INFO  L125        LTL2autObserver]: LTL Property is: (F(G((0 != ~inc_max_prop~0))) || !(G(F((1.0 <= ~_diverge_delta~0)))))
[2021-04-24 17:25:28,578 INFO  L202        PluginConnector]: Adding new model Hardcoded de.uni_freiburg.informatik.ultimate.ltl2aut AST 24.04 05:25:28 NWAContainer
[2021-04-24 17:25:28,579 INFO  L132        PluginConnector]: ------------------------ END LTL2Aut----------------------------
[2021-04-24 17:25:28,579 INFO  L113        PluginConnector]: ------------------------B?chi Program Product----------------------------
[2021-04-24 17:25:28,579 INFO  L271        PluginConnector]: Initializing B?chi Program Product...
[2021-04-24 17:25:28,580 INFO  L275        PluginConnector]: B?chi Program Product initialized
[2021-04-24 17:25:28,581 INFO  L185        PluginConnector]: Executing the observer BuchiProductObserver from plugin B?chi Program Product for "de.uni_freiburg.informatik.ultimate.plugins.generator.rcfgbuilder CFG 24.04 05:25:28" (3/4) ...
[2021-04-24 17:25:28,581 INFO  L205        PluginConnector]: Invalid model from B?chi Program Product for observer de.uni_freiburg.informatik.ultimate.buchiprogramproduct.BuchiProductObserver@7e3f227e and model type LTL+Program Product de.uni_freiburg.informatik.ultimate.buchiprogramproduct OTHER 24.04 05:25:28, skipping insertion in model container
[2021-04-24 17:25:28,581 INFO  L185        PluginConnector]: Executing the observer BuchiProductObserver from plugin B?chi Program Product for "Hardcoded de.uni_freiburg.informatik.ultimate.ltl2aut AST 24.04 05:25:28" (4/4) ...
[2021-04-24 17:25:28,584 INFO  L104   BuchiProductObserver]: Initial property automaton 3 locations, 8 edges
[2021-04-24 17:25:28,586 INFO  L110   BuchiProductObserver]: Initial RCFG 1064 locations, 1414 edges
[2021-04-24 17:25:28,586 INFO  L93    BuchiProductObserver]: Beginning generation of product automaton
[2021-04-24 17:25:28,594 INFO  L132       ProductGenerator]: The program has no step specification, so we assume maximum atomicity
[2021-04-24 17:25:30,679 INFO  L97    BuchiProductObserver]: Finished generation of product automaton successfully
[2021-04-24 17:25:30,688 INFO  L110   BuchiProductObserver]: BuchiProgram size 3723 locations, 9329 edges
[2021-04-24 17:25:30,689 INFO  L202        PluginConnector]: Adding new model LTL+Program Product de.uni_freiburg.informatik.ultimate.buchiprogramproduct OTHER 24.04 05:25:30 BoogieIcfgContainer
[2021-04-24 17:25:30,689 INFO  L132        PluginConnector]: ------------------------ END B?chi Program Product----------------------------
[2021-04-24 17:25:30,690 INFO  L113        PluginConnector]: ------------------------BlockEncodingV2----------------------------
[2021-04-24 17:25:30,690 INFO  L271        PluginConnector]: Initializing BlockEncodingV2...
[2021-04-24 17:25:30,691 INFO  L275        PluginConnector]: BlockEncodingV2 initialized
[2021-04-24 17:25:30,692 INFO  L185        PluginConnector]: Executing the observer BlockEncodingObserver from plugin BlockEncodingV2 for "LTL+Program Product de.uni_freiburg.informatik.ultimate.buchiprogramproduct OTHER 24.04 05:25:30" (1/1) ...
[2021-04-24 17:25:30,831 INFO  L313           BlockEncoder]: Initial Icfg 3723 locations, 9329 edges
[2021-04-24 17:25:30,831 INFO  L258           BlockEncoder]: Using Remove infeasible edges
[2021-04-24 17:25:30,832 INFO  L263           BlockEncoder]: Using Maximize final states
[2021-04-24 17:25:30,832 INFO  L270           BlockEncoder]: Using Minimize states even if more edges are added than removed.=true
[2021-04-24 17:25:30,832 INFO  L296           BlockEncoder]: Using Remove sink states
[2021-04-24 17:25:30,833 INFO  L171           BlockEncoder]: Using Apply optimizations until nothing changes=true
[2021-04-24 17:25:30,833 INFO  L179           BlockEncoder]: Using Rewrite not-equals
