F3 run `csma_backoff_single_station`

	Found non-termination argument:
	State 3
		bus_cd_id = True
		bus_evt1 = False
		bus_evt0 = True
		_J495 = True
		_J489 = True
		bus_evt2 = False
		_J482 = True
		env_evt1 = False
		_J476 = True
		env_evt0 = False
		_J471 = True
		env_evt2 = False
		_J465 = True
		_EL_U_428 = True
		_EL_U_430 = False
		_EL_U_432 = True
		st_evt1 = False
		st_evt0 = True
		_EL_U_434 = False
		st_evt2 = False
		_EL_U_436 = False
		_EL_U_438 = True
		st_l1 = True
		st_l0 = False
		bus_l1 = False
		bus_l0 = True
		((-1.0 * bus_x) <= 0.0)
		(st_x < 404.0)
		(((-1.0 * delta) + _diverge_delta) = 0.0)
		((-1.0 * st_x) <= 0.0)
		(((-1.0 * st_backoff) + st_x) < 0.0)
		(st_x <= 404.0)
		((-1.0 * st_backoff) <= -13.0)
		(delta = 0.0)
		(_diverge_delta < 1.0)
		((delta + _diverge_delta) < 1.0)
		(bus_x = 0.0)
		(bus_x < 13.0)
	Trans 3 -- 4
		_x_bus_x = 0.0
		_x_delta = 0.0
		_x__diverge_delta = (delta + _diverge_delta)
		_x_st_x = 0.0
		_x_st_backoff = (((st_x * 5675075/5678448) + (st_backoff * 14/13) + (_diverge_delta * 5681821/5678448) + (delta * 5675077/5678448)) - (bus_x * 6745/6744))
	State 4
		bus_cd_id = False
		bus_evt1 = True
		bus_evt0 = False
		_J495 = False
		_J489 = False
		bus_evt2 = True
		_J482 = False
		env_evt1 = True
		_J476 = False
		env_evt0 = False
		_J471 = False
		env_evt2 = True
		_J465 = False
		_EL_U_428 = True
		_EL_U_430 = False
		_EL_U_432 = True
		st_evt1 = False
		st_evt0 = False
		_EL_U_434 = False
		st_evt2 = False
		_EL_U_436 = False
		_EL_U_438 = True
		st_l1 = False
		st_l0 = True
		bus_l1 = True
		bus_l0 = True
		((-1.0 * st_backoff) < 0.0)
		((-1.0 * st_backoff) <= -13.0)
	Trans 4 -- 5
		_x_bus_x = 0.0
		_x_st_x = (delta + st_x)
		_x_st_backoff = st_backoff
		_x__diverge_delta = (delta + _diverge_delta)
		_x_delta = ((st_backoff + (delta * 1/3372) + 6745/5678448) - ((st_x * 1/3372) + (bus_x * 1/5678448)))
	State 5
		bus_cd_id = False
		bus_evt1 = False
		bus_evt0 = False
		_J495 = True
		_J489 = False
		bus_evt2 = False
		_J482 = True
		env_evt1 = False
		_J476 = False
		env_evt0 = False
		_J471 = True
		env_evt2 = True
		_J465 = True
		_EL_U_428 = True
		_EL_U_430 = False
		_EL_U_432 = True
		st_evt1 = False
		st_evt0 = False
		_EL_U_434 = False
		st_evt2 = False
		_EL_U_436 = False
		_EL_U_438 = True
		st_l1 = False
		st_l0 = True
		bus_l1 = False
		bus_l0 = False
		(((-1.0 * delta) + (-1.0 * _diverge_delta)) <= -1.0)
		(((-1.0 * delta) + (-1.0 * st_x) + st_backoff) <= 0.0)
	Trans 5 -- 6
		_x_bus_x = (bus_x + delta)
		_x_st_x = (delta + st_x)
		_x_st_backoff = st_backoff
		_x__diverge_delta = (delta + _diverge_delta)
		_x_delta = (((st_x * 1/842) + (-1.0 * bus_x)) - (_diverge_delta * 1/842))
	State 6
		bus_cd_id = False
		bus_evt1 = False
		bus_evt0 = False
		_J495 = True
		_J489 = False
		bus_evt2 = True
		_J482 = True
		env_evt1 = False
		_J476 = False
		env_evt0 = False
		_J471 = True
		env_evt2 = False
		_J465 = True
		_EL_U_428 = True
		_EL_U_430 = False
		_EL_U_432 = True
		st_evt1 = False
		st_evt0 = False
		_EL_U_434 = False
		st_evt2 = True
		_EL_U_436 = False
		_EL_U_438 = True
		st_l1 = False
		st_l0 = True
		bus_l1 = False
		bus_l0 = False
		(delta = 0.0)
		(delta < 1.0)
		((-1.0 * delta) <= 0.0)
	Trans 6 -- 7
		_x_bus_x = 0.0
		_x__diverge_delta = delta
		_x_delta = 0.0
		_x_st_backoff = st_backoff
		_x_st_x = 0.0
	State 7
		bus_cd_id = False
		bus_evt1 = False
		bus_evt0 = False
		_J495 = True
		_J489 = True
		bus_evt2 = True
		_J482 = True
		env_evt1 = False
		_J476 = False
		env_evt0 = False
		_J471 = True
		env_evt2 = True
		_J465 = True
		_EL_U_428 = True
		_EL_U_430 = False
		_EL_U_432 = True
		st_evt1 = False
		st_evt0 = False
		_EL_U_434 = False
		st_evt2 = False
		_EL_U_436 = False
		_EL_U_438 = True
		st_l1 = True
		st_l0 = False
		bus_l1 = True
		bus_l0 = False
	Trans 7 -- 8
		_x_st_x = (delta + st_x)
		_x_bus_x = 0.0
		_x_delta = 0.0
		_x_st_backoff = st_backoff
		_x__diverge_delta = (delta + _diverge_delta)
	starting from: _diverge_delta : 0.0, delta : 0.0, bus_cd_id : True, bus_evt1 : False, _J495 : True, bus_evt0 : True, bus_evt2 : False, _J489 : True, _J482 : True, env_evt1 : False, _J476 : True, env_evt0 : False, _J471 : True, env_evt2 : False, _J465 : True, _EL_U_428 : True, _EL_U_430 : False, _EL_U_432 : True, st_evt1 : False, st_evt0 : True, _EL_U_434 : False, st_evt2 : False, _EL_U_436 : False, _EL_U_438 : True, st_l1 : True, st_l0 : False, bus_l1 : False, bus_l0 : True, st_x : 0.0, st_backoff : 168483/4, bus_x : 0.0

end of `csma_backoff_single_station`: SUCCESS in 12.159317016601562s
