Traceback (most recent call last):
  File "/home/F3/src/run_f3.py", line 444, in <module>
    main(config_args().parse_args())
  File "/home/F3/src/run_f3.py", line 440, in main
    run_f3(bench, out_dir)
  File "/home/F3/src/run_f3.py", line 260, in run_f3
    res = solve_problem(prob, label, out_dir)
  File "/home/F3/src/run_f3.py", line 251, in solve_problem
    return run_ltl_test(problem, env, label, out_dir)
  File "/home/F3/src/run_f3.py", line 113, in run_ltl_test
    return search_nonterm(env, symbols, init, trans, fairness,
  File "/home/F3/src/run_f3.py", line 169, in search_nonterm
    _, arg0, arg1 = search_funnel_bmc(env, symbols, init, trans,
  File "/home/F3/src/main.py", line 250, in search_funnel_bmc
    is_rf, args = rf_or_funnel_from_trace(env, symbols, trace, abst_path,
  File "/home/F3/src/main.py", line 675, in rf_or_funnel_from_trace
    model = instantiate_funnel_template(nontermarg)
  File "/home/F3/src/main.py", line 736, in instantiate_funnel_template
    model, learn = funnel_t.ef_instantiate()
  File "/home/F3/src/funnel.py", line 630, in ef_instantiate
    res, c_learn = efsolve(self.env, self.parameters, symbs,
  File "/home/F3/src/efsolver.py", line 126, in efsolve
    for x, val in esolver.get_values(chain(x1, x2)).items():
  File "/usr/local/lib/python3.8/dist-packages/PySMT-0.9.1.dev332-py3.8.egg/pysmt/solvers/solver.py", line 165, in get_values
    return {f: self.get_value(f) for f in formulae}
  File "/usr/local/lib/python3.8/dist-packages/PySMT-0.9.1.dev332-py3.8.egg/pysmt/solvers/solver.py", line 165, in <dictcomp>
    return {f: self.get_value(f) for f in formulae}
  File "/usr/local/lib/python3.8/dist-packages/PySMT-0.9.1.dev332-py3.8.egg/pysmt/solvers/z3.py", line 280, in get_value
    z3_res = self.z3.model().eval(titem, model_completion=True)
  File "/usr/local/lib/python3.8/dist-packages/z3/z3.py", line 6047, in eval
    return _to_expr_ref(r[0], self.ctx)
  File "/usr/local/lib/python3.8/dist-packages/z3/z3.py", line 1048, in _to_expr_ref
    sk = Z3_get_sort_kind(ctx_ref, Z3_get_sort(ctx_ref, a))
  File "/usr/local/lib/python3.8/dist-packages/z3/z3core.py", line 2803, in Z3_get_sort
    r = _elems.f(a0, a1)
KeyboardInterrupt
real 3602.60
user 0.00
sys 0.00
