

run 1/1: `csma_backoff_0009`

	Found non-termination argument:
	State 6
		s8_l1 = False
		s8_l0 = False
		s8_evt2 = False
		s8_evt1 = False
		s8_evt0 = False
		s8_lambda = 1/2
		s8_backoff = 13.0
		s7_l1 = False
		s7_l0 = False
		s7_evt2 = False
		s7_evt1 = False
		s7_evt0 = False
		s7_lambda = 1/2
		s6_l1 = False
		s6_l0 = False
		s6_evt1 = False
		s6_evt0 = False
		s6_lambda = 1/2
		bus_l1 = False
		s4_evt2 = False
		s1_evt2 = False
		s1_evt1 = False
		s5_backoff = 13.0
		s1_evt0 = False
		s5_lambda = 1/2
		s1_lambda = 1/2
		s1_backoff = 13.0
		s2_backoff = 13.0
		s0_l1 = True
		s3_evt2 = False
		s2_lambda = 1/2
		s0_l0 = False
		s3_evt1 = False
		s7_backoff = 13.0
		s0_evt2 = False
		s5_evt0 = False
		s0_evt1 = False
		s4_backoff = 14.0
		s6_evt2 = False
		s5_l1 = False
		s0_evt0 = False
		s4_lambda = 1/2
		s1_l1 = False
		bus_evt1 = False
		bus_evt0 = True
		s1_l0 = False
		s4_evt1 = False
		s2_evt0 = False
		bus_l0 = True
		s0_lambda = 11/2
		s2_evt1 = False
		s6_backoff = 13.0
		s2_evt2 = False
		s2_l0 = False
		s5_evt1 = False
		s2_l1 = False
		s5_evt2 = False
		s3_backoff = 13.0
		s3_lambda = 1268497399653/7049282254
		s3_evt0 = False
		s3_l0 = False
		s3_l1 = False
		bus_evt2 = False
		s4_evt0 = True
		s4_l0 = True
		s4_l1 = False
		s5_l0 = False
		_J1944 = True
		_J1950 = True
		_J1955 = True
		_J1961 = True
		_J1968 = True
		_J1974 = True
		_EL_U_1907 = True
		_EL_U_1909 = False
		_EL_U_1911 = True
		_EL_U_1913 = False
		_EL_U_1915 = False
		_EL_U_1917 = True
		((-1.0 * delta) = 0.0)
		((-1.0 * s0_backoff) <= -13.0)
		((-1.0 * s1_x) <= -13.0)
		((-1.0 * s1_x) < -1/2)
		((-1.0 * s7_x) < -1/2)
		((-1.0 * s8_x) < -1/2)
		((-1.0 * s8_x) <= -13.0)
		((_diverge_delta + delta) < 1.0)
		((-1.0 * s5_x) < -1/2)
		((-1.0 * s3_x) <= -13.0)
		((-1.0 * s7_x) <= -13.0)
		((-1.0 * s5_x) <= -13.0)
		((-1.0 * s2_x) < -1/2)
		((-1.0 * s2_x) <= -13.0)
		((-1.0 * s6_x) <= -13.0)
		((-1.0 * s4_x) < -1/2)
		(s0_x < 11/2)
		((-1.0 * s4_x) <= -14.0)
		((-1.0 * bus_x) <= 0.0)
		((-1.0 * s0_x) <= 0.0)
		((-1.0 * s6_x) < -1/2)
		((-1.0 * s3_x) < -1268497399653/7049282254)
		(((-1 * bus_cd_id) + bus_j) = 0)
		(((-1.0 * s0_backoff) + s0_x) < 0.0)
		(s0_x = 0.0)
		(_diverge_delta < 1.0)
		(bus_cd_id = 4)
		(bus_x = 0.0)
		(bus_x < 13.0)
	Trans 6 -- 7
		_x_s0_backoff = s0_backoff
		_x_s5_x = (s5_x + delta)
		_x_s6_x = (s6_x + delta)
		_x_delta = 0.0
		_x__diverge_delta = (_diverge_delta + delta)
		_x_s1_x = (s1_x + delta)
		_x_s3_x = (s3_x + delta)
		_x_s8_x = (s8_x + delta)
		_x_bus_j = (bus_j + 1)
		_x_bus_x = 0.0
		_x_s4_x = 0.0
		_x_bus_cd_id = 0
		_x_s7_x = (s7_x + delta)
		_x_s2_x = (s2_x + delta)
		_x_s0_x = (s0_x + delta)
	State 7
		s8_l1 = False
		s8_l0 = False
		s8_evt2 = False
		s8_evt1 = False
		s8_evt0 = False
		s8_lambda = 1/2
		s8_backoff = 13.0
		s7_l1 = False
		s7_l0 = False
		s7_evt2 = False
		s7_evt1 = False
		s7_evt0 = False
		s7_lambda = 1/2
		s6_l1 = False
		s6_l0 = False
		s6_evt1 = False
		s6_evt0 = False
		s6_lambda = 1/2
		bus_l1 = True
		s4_evt2 = False
		s1_evt2 = False
		s1_evt1 = False
		s5_backoff = 13.0
		s1_evt0 = False
		s5_lambda = 1/2
		s1_lambda = 1/2
		s1_backoff = 13.0
		s2_backoff = 13.0
		s0_l1 = True
		s3_evt2 = False
		s2_lambda = 1/2
		s0_l0 = False
		s3_evt1 = False
		s7_backoff = 13.0
		s0_evt2 = False
		s5_evt0 = False
		s0_evt1 = False
		s4_backoff = 14.0
		s6_evt2 = False
		s5_l1 = False
		s0_evt0 = True
		s4_lambda = 1/2
		s1_l1 = False
		bus_evt1 = False
		bus_evt0 = True
		s1_l0 = False
		s4_evt1 = False
		s2_evt0 = False
		bus_l0 = True
		s0_lambda = 11/2
		s2_evt1 = False
		s6_backoff = 13.0
		s2_evt2 = False
		s2_l0 = False
		s5_evt1 = False
		s2_l1 = False
		s5_evt2 = False
		s3_backoff = 13.0
		s3_lambda = 1268497399653/7049282254
		s3_evt0 = False
		s3_l0 = False
		s3_l1 = False
		bus_evt2 = False
		s4_evt0 = False
		s4_l0 = True
		s4_l1 = False
		s5_l0 = False
		_J1944 = False
		_J1950 = False
		_J1955 = False
		_J1961 = False
		_J1968 = False
		_J1974 = False
		_EL_U_1907 = True
		_EL_U_1909 = False
		_EL_U_1911 = True
		_EL_U_1913 = False
		_EL_U_1915 = False
		_EL_U_1917 = True
	Trans 7 -- 8
		_x_s0_backoff = (((s0_backoff * 4013736170714/3938711666725) + (s5_x * 75024503989/3938711666725) + (s6_x * 75024503989/3938711666725) + (s1_x * 33617878904183/102406503334850) + (s3_x * 75024503989/3938711666725) + (s8_x * 75024503989/3938711666725) + (s7_x * 75024503989/3938711666725) + (s2_x * 75024503989/3938711666725) + (ToReal(bus_cd_id) * 2.0) + -4013736170714/3938711666725) - ((delta * 75024503989/3938711666725) + (_diverge_delta * 150049007978/3938711666725) + (bus_x * 75024503989/3938711666725) + (s4_x * 75024503989/3938711666725) + (s0_x * 75024503989/3938711666725) + (ToReal(bus_j) * 4013736170714/3938711666725)))
		_x_s5_x = (s5_x + delta)
		_x_s6_x = (s6_x + delta)
		_x_delta = (((s0_backoff * 4088760674703/3938711666725) + s5_x + (s6_x * 150049007978/3938711666725) + s1_x + s3_x + (s8_x * 150049007978/3938711666725) + (s7_x * 150049007978/3938711666725) + (s2_x * 150049007978/3938711666725) + (-1.0 * s0_x) + (ToReal(bus_cd_id) * 5.0) + (ToReal(bus_j) * 75024503989/3938711666725) + -75024503989/3938711666725) - ((delta * 75024503989/3938711666725) + (_diverge_delta * 4088760674703/3938711666725)))
		_x__diverge_delta = (_diverge_delta + delta)
		_x_s1_x = (s1_x + delta)
		_x_s3_x = (s3_x + delta)
		_x_s8_x = (s8_x + delta)
		_x_bus_j = ((bus_cd_id * 3) + 4)
		_x_bus_x = (((_diverge_delta * 4238809682681/3938711666725) + (ToReal(bus_cd_id) * 6.0) + -75024503989/3938711666725) - ((s0_backoff * 4163785178692/3938711666725) + (s5_x * 4013736170714/3938711666725) + (s6_x * 225073511967/3938711666725) + (delta * 75024503989/3938711666725) + (s1_x * 4013736170714/3938711666725) + (s3_x * 4013736170714/3938711666725) + (s8_x * 4013736170714/3938711666725) + (bus_x * 75024503989/3938711666725) + (s7_x * 4013736170714/3938711666725) + (s2_x * 225073511967/3938711666725) + (s0_x * 75024503989/3938711666725) + (ToReal(bus_j) * 75024503989/3938711666725)))
		_x_s4_x = (s4_x + delta)
		_x_bus_cd_id = ((bus_j * 7) + (bus_cd_id * 8) + 9)
		_x_s7_x = (s7_x + delta)
		_x_s2_x = (s2_x + delta)
		_x_s0_x = 0.0
	State 8
		s8_l1 = False
		s8_l0 = False
		s8_evt2 = False
		s8_evt1 = False
		s8_evt0 = False
		s8_lambda = 1/2
		s8_backoff = 13.0
		s7_l1 = False
		s7_l0 = False
		s7_evt2 = False
		s7_evt1 = False
		s7_evt0 = False
		s7_lambda = 1/2
		s6_l1 = False
		s6_l0 = False
		s6_evt1 = False
		s6_evt0 = False
		s6_lambda = 1/2
		bus_l1 = True
		s4_evt2 = False
		s1_evt2 = False
		s1_evt1 = False
		s5_backoff = 13.0
		s1_evt0 = False
		s5_lambda = 1/2
		s1_lambda = 1/2
		s1_backoff = 13.0
		s2_backoff = 13.0
		s0_l1 = False
		s3_evt2 = False
		s2_lambda = 1/2
		s0_l0 = True
		s3_evt1 = False
		s7_backoff = 13.0
		s0_evt2 = True
		s5_evt0 = False
		s0_evt1 = False
		s4_backoff = 14.0
		s6_evt2 = False
		s5_l1 = False
		s0_evt0 = False
		s4_lambda = 1/2
		s1_l1 = False
		bus_evt1 = True
		bus_evt0 = False
		s1_l0 = False
		s4_evt1 = False
		s2_evt0 = False
		bus_l0 = False
		s0_lambda = 11/2
		s2_evt1 = False
		s6_backoff = 13.0
		s2_evt2 = False
		s2_l0 = False
		s5_evt1 = False
		s2_l1 = False
		s5_evt2 = False
		s3_backoff = 13.0
		s3_lambda = 1268497399653/7049282254
		s3_evt0 = False
		s3_l0 = False
		s3_l1 = False
		bus_evt2 = True
		s4_evt0 = False
		s4_l0 = True
		s4_l1 = False
		s5_l0 = False
		_J1944 = True
		_J1950 = True
		_J1955 = True
		_J1961 = True
		_J1968 = False
		_J1974 = True
		_EL_U_1907 = True
		_EL_U_1909 = False
		_EL_U_1911 = True
		_EL_U_1913 = False
		_EL_U_1915 = False
		_EL_U_1917 = True
		((-1.0 * s0_backoff) <= -13.0)
		(((-1.0 * s2_x) + (-1.0 * delta)) < -1/2)
		(((-1.0 * s1_x) + (-1.0 * delta)) <= -13.0)
		(((-1.0 * s2_x) + (-1.0 * delta)) <= -13.0)
		(((-1.0 * s1_x) + (-1.0 * delta)) < -1/2)
		((bus_x + delta) < 13.0)
		(((-1.0 * s6_x) + (-1.0 * delta)) <= -13.0)
		(((-1.0 * s7_x) + (-1.0 * delta)) < -1/2)
		(((-1.0 * _diverge_delta) + (-1.0 * delta)) <= -1.0)
		(((-1.0 * s4_x) + (-1.0 * delta)) < -1/2)
		(((-1.0 * s8_x) + (-1.0 * delta)) < -1/2)
		(((-1.0 * s4_x) + (-1.0 * delta)) <= -14.0)
		(((-1.0 * s8_x) + (-1.0 * delta)) <= -13.0)
		(((-1.0 * s0_x) + (-1.0 * delta) + s0_backoff) <= 0.0)
		(((-1.0 * s6_x) + (-1.0 * delta)) < -1/2)
		(((-1.0 * s5_x) + (-1.0 * delta)) < -1/2)
		(((-1.0 * s3_x) + (-1.0 * delta)) < -1268497399653/7049282254)
		(((-1.0 * s3_x) + (-1.0 * delta)) <= -13.0)
		((-1.0 * s0_backoff) < 0.0)
		(((-1.0 * s7_x) + (-1.0 * delta)) <= -13.0)
		(((-1.0 * s5_x) + (-1.0 * delta)) <= -13.0)
		(bus_j = 4)
	Trans 8 -- 9
		_x_s0_backoff = s0_backoff
		_x_s5_x = (s5_x + delta)
		_x_s6_x = (s6_x + delta)
		_x_delta = 0.0
		_x__diverge_delta = (_diverge_delta + delta)
		_x_s1_x = (s1_x + delta)
		_x_s3_x = (s3_x + delta)
		_x_s8_x = (s8_x + delta)
		_x_bus_j = bus_j
		_x_bus_x = (bus_x + delta)
		_x_s4_x = (s4_x + delta)
		_x_bus_cd_id = ((bus_j * 10) + (bus_cd_id * 12) + 13)
		_x_s7_x = (s7_x + delta)
		_x_s2_x = (s2_x + delta)
		_x_s0_x = (s0_x + delta)
	State 9
		s8_l1 = False
		s8_l0 = False
		s8_evt2 = False
		s8_evt1 = False
		s8_evt0 = False
		s8_lambda = 1/2
		s8_backoff = 13.0
		s7_l1 = False
		s7_l0 = False
		s7_evt2 = False
		s7_evt1 = False
		s7_evt0 = False
		s7_lambda = 1/2
		s6_l1 = False
		s6_l0 = False
		s6_evt1 = False
		s6_evt0 = False
		s6_lambda = 1/2
		bus_l1 = True
		s4_evt2 = False
		s1_evt2 = False
		s1_evt1 = False
		s5_backoff = 13.0
		s1_evt0 = False
		s5_lambda = 1/2
		s1_lambda = 1/2
		s1_backoff = 13.0
		s2_backoff = 13.0
		s0_l1 = False
		s3_evt2 = False
		s2_lambda = 1/2
		s0_l0 = True
		s3_evt1 = False
		s7_backoff = 13.0
		s0_evt2 = True
		s5_evt0 = False
		s0_evt1 = False
		s4_backoff = 14.0
		s6_evt2 = False
		s5_l1 = False
		s0_evt0 = False
		s4_lambda = 1/2
		s1_l1 = False
		bus_evt1 = False
		bus_evt0 = False
		s1_l0 = False
		s4_evt1 = False
		s2_evt0 = False
		bus_l0 = False
		s0_lambda = 11/2
		s2_evt1 = False
		s6_backoff = 13.0
		s2_evt2 = False
		s2_l0 = False
		s5_evt1 = False
		s2_l1 = False
		s5_evt2 = False
		s3_backoff = 13.0
		s3_lambda = 1268497399653/7049282254
		s3_evt0 = False
		s3_l0 = False
		s3_l1 = False
		bus_evt2 = True
		s4_evt0 = False
		s4_l0 = True
		s4_l1 = False
		s5_l0 = False
		_J1944 = True
		_J1950 = True
		_J1955 = True
		_J1961 = True
		_J1968 = False
		_J1974 = True
		_EL_U_1907 = True
		_EL_U_1909 = False
		_EL_U_1911 = True
		_EL_U_1913 = False
		_EL_U_1915 = False
		_EL_U_1917 = True
	Trans 9 -- 10
		_x_s0_backoff = s0_backoff
		_x_s5_x = (s5_x + delta)
		_x_s6_x = (s6_x + delta)
		_x_delta = 0.0
		_x__diverge_delta = delta
		_x_s1_x = (s1_x + delta)
		_x_s3_x = (s3_x + delta)
		_x_s8_x = (s8_x + delta)
		_x_bus_j = bus_j
		_x_bus_x = 0.0
		_x_s4_x = (s4_x + delta)
		_x_bus_cd_id = 4
		_x_s7_x = (s7_x + delta)
		_x_s2_x = (s2_x + delta)
		_x_s0_x = 0.0
	starting from: {delta: 0.0, _diverge_delta: 0.0, s8_l1: False, s8_l0: False, s8_evt2: False, s8_evt1: False, s8_evt0: False, s8_lambda: 1/2, s8_backoff: 13.0, s8_x: 1753539107427/7049282254, s7_l1: False, s7_l0: False, s7_evt2: False, s7_evt1: False, s7_evt0: False, s7_lambda: 1/2, s7_x: 1753539107427/7049282254, s6_l1: False, s6_l0: False, s6_evt1: False, s6_evt0: False, s6_lambda: 1/2, s2_x: 1753539107427/7049282254, bus_l1: False, s4_evt2: False, s1_evt2: False, s1_evt1: False, s5_backoff: 13.0, s1_evt0: False, s5_lambda: 1/2, s1_lambda: 1/2, s1_backoff: 13.0, s6_x: 1753539107427/7049282254, s1_x: 1753539107427/7049282254, s2_backoff: 13.0, s0_l1: True, s3_evt2: False, s2_lambda: 1/2, s0_l0: False, s3_evt1: False, s7_backoff: 13.0, s0_evt2: False, s5_evt0: False, bus_j: 4, bus_x: 0.0, s0_evt1: False, s4_backoff: 14.0, s6_evt2: False, bus_cd_id: 4, s5_l1: False, s0_evt0: False, s4_lambda: 1/2, s1_l1: False, bus_evt1: False, bus_evt0: True, s1_l0: False, s4_evt1: False, s2_evt0: False, s0_x: 0.0, s0_backoff: 342944708616/3524641127, s5_x: 1753539107427/7049282254, bus_l0: True, s0_lambda: 11/2, s2_evt1: False, s6_backoff: 13.0, s2_evt2: False, s2_l0: False, s5_evt1: False, s2_l1: False, s5_evt2: False, s3_x: 1753539107427/7049282254, s3_backoff: 13.0, s3_lambda: 1268497399653/7049282254, s3_evt0: False, s3_l0: False, s3_l1: False, bus_evt2: False, s4_x: 1753539107427/7049282254, s4_evt0: True, s4_l0: True, s4_l1: False, s5_l0: False, _J1944: True, _J1950: True, _J1955: True, _J1961: True, _J1968: True, _J1974: True, _EL_U_1907: True, _EL_U_1909: False, _EL_U_1911: True, _EL_U_1913: False, _EL_U_1915: False, _EL_U_1917: True}

end of `csma_backoff_0009`: SUCCESS in 479.8822240829468s
