

run 1/1: `csma_backoff_0010`

	Found non-termination argument:
	State 6
		s9_l0 = False
		s9_evt2 = False
		s9_evt1 = False
		s9_lambda = 1/4
		s9_backoff = 163493392835/89966352
		s8_l1 = False
		s8_l0 = False
		s8_evt2 = False
		s8_evt1 = False
		s8_evt0 = False
		s8_lambda = 40073777375/89966352
		s8_backoff = 13.0
		s7_l1 = False
		s7_l0 = False
		s7_evt2 = False
		s7_evt1 = False
		s7_evt0 = False
		s7_lambda = 61903132688129849/29130789378320
		s6_l1 = False
		s6_l0 = False
		s6_evt1 = False
		s6_evt0 = False
		_EL_U_2103 = True
		s6_lambda = 1/4
		s9_evt0 = False
		bus_l1 = False
		s4_evt2 = False
		s1_evt2 = False
		s1_evt1 = False
		_EL_U_2105 = False
		s1_evt0 = False
		_EL_U_2107 = True
		_EL_U_2109 = False
		_EL_U_2111 = False
		s5_backoff = 13.0
		_EL_U_2113 = True
		s5_lambda = 1/4
		s0_l1 = True
		s3_evt2 = False
		s1_lambda = 1/4
		s0_l0 = False
		s3_evt1 = False
		s1_backoff = 14.0
		s0_evt2 = False
		s5_evt0 = False
		s2_backoff = 13.0
		s2_lambda = 1/4
		s0_evt1 = False
		s7_backoff = 16859381012891573221/10137514703655360
		s6_evt2 = False
		s4_backoff = 13.0
		s5_l1 = False
		s9_l1 = False
		s0_evt0 = False
		s4_lambda = 1/4
		s1_l1 = False
		bus_evt1 = False
		bus_evt0 = True
		s1_l0 = True
		s4_evt1 = False
		s2_evt0 = False
		bus_l0 = True
		s0_lambda = 1/4
		s2_evt1 = False
		s6_backoff = 13.0
		s2_evt2 = False
		s2_l0 = False
		s5_evt1 = False
		s2_l1 = False
		s5_evt2 = False
		s3_backoff = 13.0
		s3_lambda = 2724297000096164301/1689585783942560
		s3_evt0 = True
		s3_l0 = False
		s3_l1 = False
		bus_evt2 = False
		s4_evt0 = False
		s4_l0 = False
		s4_l1 = False
		s5_l0 = False
		_J2140 = True
		_J2146 = True
		_J2151 = True
		_J2157 = True
		_J2164 = True
		_J2170 = True
		(bus_x < 13.0)
		((-1.0 * delta) = 0.0)
		(((-1 * bus_cd_id) + bus_j) = 0)
		(bus_cd_id = 3)
		(_diverge_delta < 1.0)
		(bus_x = 0.0)
		((-1.0 * s0_backoff) <= -13.0)
		((_diverge_delta + delta) < 1.0)
		((-1.0 * s0_x) <= 0.0)
		((-1.0 * s6_x) <= -13.0)
		((-1.0 * s3_x) <= -13.0)
		((-1.0 * s7_x) <= -16859381012891573221/10137514703655360)
		((-1.0 * s1_x) <= -14.0)
		((-1.0 * s5_x) <= -13.0)
		((-1.0 * s4_x) <= -13.0)
		((-1 * bus_cd_id) < -2)
		((-1.0 * s1_x) < -1/4)
		((-1.0 * s6_x) < -1/4)
		((-1.0 * s8_x) < -40073777375/89966352)
		((-1.0 * s4_x) < -1/4)
		((-1.0 * s2_x) < -1/4)
		((-1.0 * s9_x) <= -163493392835/89966352)
		((-1.0 * s5_x) < -1/4)
		((-1.0 * s9_x) < -1/4)
		((-1.0 * s3_x) < -2724297000096164301/1689585783942560)
		((-1.0 * s4_x) <= 0.0)
		((-1.0 * s7_x) < -61903132688129849/29130789378320)
		((-1.0 * s8_x) <= -13.0)
		((-1.0 * s2_x) <= -13.0)
		(bus_cd_id < 4)
		(((-1.0 * s0_backoff) + s0_x) < 0.0)
		((-1.0 * bus_x) <= 0.0)
		(s0_x < 1/4)
		(s0_x = 0.0)
	Trans 6 -- 7
		_x_delta = 0.0
		_x_s0_x = (s0_x + delta)
		_x_s0_backoff = s0_backoff
		_x_s5_x = (s5_x + delta)
		_x_s9_x = (s9_x + delta)
		_x__diverge_delta = (_diverge_delta + delta)
		_x_s8_x = (s8_x + delta)
		_x_s3_x = 0.0
		_x_s7_x = (s7_x + delta)
		_x_s4_x = (s4_x + delta)
		_x_s2_x = (s2_x + delta)
		_x_s6_x = (s6_x + delta)
		_x_s1_x = (s1_x + delta)
		_x_bus_j = (bus_j + 1)
		_x_bus_x = 0.0
		_x_bus_cd_id = 0
	State 7
		s9_l0 = False
		s9_evt2 = False
		s9_evt1 = False
		s9_lambda = 1/4
		s9_backoff = 163493392835/89966352
		s8_l1 = False
		s8_l0 = False
		s8_evt2 = False
		s8_evt1 = False
		s8_evt0 = False
		s8_lambda = 40073777375/89966352
		s8_backoff = 13.0
		s7_l1 = False
		s7_l0 = False
		s7_evt2 = False
		s7_evt1 = False
		s7_evt0 = False
		s7_lambda = 61903132688129849/29130789378320
		s6_l1 = False
		s6_l0 = False
		s6_evt1 = False
		s6_evt0 = False
		_EL_U_2103 = True
		s6_lambda = 1/4
		s9_evt0 = False
		bus_l1 = True
		s4_evt2 = False
		s1_evt2 = False
		s1_evt1 = False
		_EL_U_2105 = False
		s1_evt0 = False
		_EL_U_2107 = True
		_EL_U_2109 = False
		_EL_U_2111 = False
		s5_backoff = 13.0
		_EL_U_2113 = True
		s5_lambda = 1/4
		s0_l1 = True
		s3_evt2 = False
		s1_lambda = 1/4
		s0_l0 = False
		s3_evt1 = False
		s1_backoff = 14.0
		s0_evt2 = False
		s5_evt0 = False
		s2_backoff = 13.0
		s2_lambda = 1/4
		s0_evt1 = False
		s7_backoff = 16859381012891573221/10137514703655360
		s6_evt2 = False
		s4_backoff = 13.0
		s5_l1 = False
		s9_l1 = False
		s0_evt0 = True
		s4_lambda = 1/4
		s1_l1 = False
		bus_evt1 = False
		bus_evt0 = True
		s1_l0 = True
		s4_evt1 = False
		s2_evt0 = False
		bus_l0 = True
		s0_lambda = 1/4
		s2_evt1 = False
		s6_backoff = 13.0
		s2_evt2 = False
		s2_l0 = False
		s5_evt1 = False
		s2_l1 = False
		s5_evt2 = False
		s3_backoff = 13.0
		s3_lambda = 2724297000096164301/1689585783942560
		s3_evt0 = False
		s3_l0 = False
		s3_l1 = False
		bus_evt2 = False
		s4_evt0 = False
		s4_l0 = False
		s4_l1 = False
		s5_l0 = False
		_J2140 = False
		_J2146 = False
		_J2151 = False
		_J2157 = False
		_J2164 = False
		_J2170 = False
	Trans 7 -- 8
		_x_delta = (((s0_backoff * 192623408665847685988644312758656805863/1560758934489821188559391534626431840) + (s5_x * 101375147036553600/71057877449696662403) + (s9_x * 101375147036553600/71057877449696662403) + (s8_x * 101375147036553600/71057877449696662403) + (s7_x * 101375147036553600/71057877449696662403) + (s4_x * 101375147036553600/71057877449696662403) + (s2_x * 101375147036553600/71057877449696662403) + (s6_x * 101375147036553600/71057877449696662403) + (s1_x * 101375147036553600/71057877449696662403) + ToReal(bus_j) + (ToReal(bus_cd_id) * 4.0) + -50687573518276800/71057877449696662403) - (_diverge_delta * 71159252596733216003/71057877449696662403))
		_x_s0_x = 0.0
		_x_s0_backoff = (((s0_backoff * 1221166310650143040302/923752406846056611239) + (s5_x * 50687573518276800/71057877449696662403) + (s9_x * 50687573518276800/71057877449696662403) + (s8_x * 50687573518276800/71057877449696662403) + (s7_x * 50687573518276800/71057877449696662403) + (s4_x * 50687573518276800/71057877449696662403) + (s2_x * 50687573518276800/71057877449696662403) + (s6_x * 50687573518276800/71057877449696662403) + (s1_x * 50687573518276800/71057877449696662403) + (-1.0 * ToReal(bus_j)) + (ToReal(bus_cd_id) * 3.0) + -1.0) - ((delta * 50687573518276800/71057877449696662403) + (s0_x * 50687573518276800/71057877449696662403) + (_diverge_delta * 101375147036553600/71057877449696662403) + (bus_x * 50687573518276800/71057877449696662403)))
		_x_s5_x = (s5_x + delta)
		_x_s9_x = (s9_x + delta)
		_x__diverge_delta = (_diverge_delta + delta)
		_x_s8_x = (s8_x + delta)
		_x_s3_x = (s3_x + delta)
		_x_s7_x = (s7_x + delta)
		_x_s4_x = (s4_x + delta)
		_x_s2_x = (s2_x + delta)
		_x_s6_x = (s6_x + delta)
		_x_s1_x = (s1_x + delta)
		_x_bus_j = (((bus_cd_id * 5) + 11) - (bus_j * 2))
		_x_bus_x = (((_diverge_delta * 71260627743769769603/71057877449696662403) + (ToReal(bus_cd_id) * 6.0) + -50687573518276800/71057877449696662403) - ((delta * 50687573518276800/71057877449696662403) + (s0_x * 50687573518276800/71057877449696662403) + (s0_backoff * 192624521998894993298710356336604709863/1560758934489821188559391534626431840) + (s5_x * 152062720554830400/71057877449696662403) + (s9_x * 152062720554830400/71057877449696662403) + (s8_x * 152062720554830400/71057877449696662403) + (s3_x * 50687573518276800/71057877449696662403) + (s7_x * 152062720554830400/71057877449696662403) + (s4_x * 152062720554830400/71057877449696662403) + (s2_x * 152062720554830400/71057877449696662403) + (s6_x * 152062720554830400/71057877449696662403) + (s1_x * 152062720554830400/71057877449696662403) + (bus_x * 50687573518276800/71057877449696662403) + (ToReal(bus_j) * 50687573518276800/71057877449696662403)))
		_x_bus_cd_id = ((bus_cd_id * 8) + (bus_j * 7) + 9)
	State 8
		s9_l0 = False
		s9_evt2 = False
		s9_evt1 = False
		s9_lambda = 1/4
		s9_backoff = 163493392835/89966352
		s8_l1 = False
		s8_l0 = False
		s8_evt2 = False
		s8_evt1 = False
		s8_evt0 = False
		s8_lambda = 40073777375/89966352
		s8_backoff = 13.0
		s7_l1 = False
		s7_l0 = False
		s7_evt2 = False
		s7_evt1 = False
		s7_evt0 = False
		s7_lambda = 61903132688129849/29130789378320
		s6_l1 = False
		s6_l0 = False
		s6_evt1 = False
		s6_evt0 = False
		_EL_U_2103 = True
		s6_lambda = 1/4
		s9_evt0 = False
		bus_l1 = True
		s4_evt2 = False
		s1_evt2 = False
		s1_evt1 = False
		_EL_U_2105 = False
		s1_evt0 = False
		_EL_U_2107 = True
		_EL_U_2109 = False
		_EL_U_2111 = False
		s5_backoff = 13.0
		_EL_U_2113 = True
		s5_lambda = 1/4
		s0_l1 = False
		s3_evt2 = False
		s1_lambda = 1/4
		s0_l0 = True
		s3_evt1 = False
		s1_backoff = 14.0
		s0_evt2 = True
		s5_evt0 = False
		s2_backoff = 13.0
		s2_lambda = 1/4
		s0_evt1 = False
		s7_backoff = 16859381012891573221/10137514703655360
		s6_evt2 = False
		s4_backoff = 13.0
		s5_l1 = False
		s9_l1 = False
		s0_evt0 = False
		s4_lambda = 1/4
		s1_l1 = False
		bus_evt1 = False
		bus_evt0 = False
		s1_l0 = True
		s4_evt1 = False
		s2_evt0 = False
		bus_l0 = False
		s0_lambda = 1/4
		s2_evt1 = False
		s6_backoff = 13.0
		s2_evt2 = False
		s2_l0 = False
		s5_evt1 = False
		s2_l1 = False
		s5_evt2 = False
		s3_backoff = 13.0
		s3_lambda = 2724297000096164301/1689585783942560
		s3_evt0 = False
		s3_l0 = False
		s3_l1 = False
		bus_evt2 = True
		s4_evt0 = False
		s4_l0 = False
		s4_l1 = False
		s5_l0 = False
		_J2140 = True
		_J2146 = True
		_J2151 = True
		_J2157 = True
		_J2164 = False
		_J2170 = True
		(((-1.0 * s8_x) + (-1.0 * delta)) < -40073777375/89966352)
		(((-1.0 * s6_x) + (-1.0 * delta)) <= -13.0)
		((bus_x + delta) < 13.0)
		(((-1.0 * s4_x) + (-1.0 * delta)) < -1/4)
		(((-1.0 * s3_x) + (-1.0 * delta)) <= -13.0)
		(((-1.0 * s2_x) + (-1.0 * delta)) < -1/4)
		((-1.0 * s0_backoff) <= -13.0)
		(((-1.0 * s7_x) + (-1.0 * delta)) <= -16859381012891573221/10137514703655360)
		(((-1.0 * s9_x) + (-1.0 * delta)) <= -163493392835/89966352)
		(((-1.0 * s5_x) + (-1.0 * delta)) < -1/4)
		(((-1.0 * s1_x) + (-1.0 * delta)) <= -14.0)
		(((-1.0 * s9_x) + (-1.0 * delta)) < -1/4)
		(((-1.0 * s3_x) + (-1.0 * delta)) < -2724297000096164301/1689585783942560)
		(((-1.0 * s5_x) + (-1.0 * delta)) <= -13.0)
		(((-1.0 * s4_x) + (-1.0 * delta)) <= 0.0)
		(((-1.0 * s0_x) + (-1.0 * delta) + s0_backoff) <= 0.0)
		(((-1.0 * s7_x) + (-1.0 * delta)) < -61903132688129849/29130789378320)
		(((-1.0 * s4_x) + (-1.0 * delta)) <= -13.0)
		(bus_j = 3)
		(((-1.0 * s8_x) + (-1.0 * delta)) <= -13.0)
		(((-1.0 * s2_x) + (-1.0 * delta)) <= -13.0)
		(((-1.0 * s1_x) + (-1.0 * delta)) < -1/4)
		(((-1.0 * _diverge_delta) + (-1.0 * delta)) <= -1.0)
		(((-1.0 * s6_x) + (-1.0 * delta)) < -1/4)
		((-1.0 * s0_backoff) < 0.0)
	Trans 8 -- 9
		_x_delta = 0.0
		_x_s0_x = (s0_x + delta)
		_x_s0_backoff = s0_backoff
		_x_s5_x = (s5_x + delta)
		_x_s9_x = (s9_x + delta)
		_x__diverge_delta = (_diverge_delta + delta)
		_x_s8_x = (s8_x + delta)
		_x_s3_x = (s3_x + delta)
		_x_s7_x = (s7_x + delta)
		_x_s4_x = (s4_x + delta)
		_x_s2_x = (s2_x + delta)
		_x_s6_x = (s6_x + delta)
		_x_s1_x = (s1_x + delta)
		_x_bus_j = bus_j
		_x_bus_x = (bus_x + delta)
		_x_bus_cd_id = ((bus_cd_id * 13) + (bus_j * 12) + 14)
	State 9
		s9_l0 = False
		s9_evt2 = False
		s9_evt1 = False
		s9_lambda = 1/4
		s9_backoff = 163493392835/89966352
		s8_l1 = False
		s8_l0 = False
		s8_evt2 = False
		s8_evt1 = False
		s8_evt0 = False
		s8_lambda = 40073777375/89966352
		s8_backoff = 13.0
		s7_l1 = False
		s7_l0 = False
		s7_evt2 = False
		s7_evt1 = False
		s7_evt0 = False
		s7_lambda = 61903132688129849/29130789378320
		s6_l1 = False
		s6_l0 = False
		s6_evt1 = False
		s6_evt0 = False
		_EL_U_2103 = True
		s6_lambda = 1/4
		s9_evt0 = False
		bus_l1 = True
		s4_evt2 = False
		s1_evt2 = False
		s1_evt1 = False
		_EL_U_2105 = False
		s1_evt0 = False
		_EL_U_2107 = True
		_EL_U_2109 = False
		_EL_U_2111 = False
		s5_backoff = 13.0
		_EL_U_2113 = True
		s5_lambda = 1/4
		s0_l1 = False
		s3_evt2 = False
		s1_lambda = 1/4
		s0_l0 = True
		s3_evt1 = False
		s1_backoff = 14.0
		s0_evt2 = True
		s5_evt0 = False
		s2_backoff = 13.0
		s2_lambda = 1/4
		s0_evt1 = False
		s7_backoff = 16859381012891573221/10137514703655360
		s6_evt2 = False
		s4_backoff = 13.0
		s5_l1 = False
		s9_l1 = False
		s0_evt0 = False
		s4_lambda = 1/4
		s1_l1 = False
		bus_evt1 = False
		bus_evt0 = False
		s1_l0 = True
		s4_evt1 = False
		s2_evt0 = False
		bus_l0 = False
		s0_lambda = 1/4
		s2_evt1 = False
		s6_backoff = 13.0
		s2_evt2 = False
		s2_l0 = False
		s5_evt1 = False
		s2_l1 = False
		s5_evt2 = False
		s3_backoff = 13.0
		s3_lambda = 2724297000096164301/1689585783942560
		s3_evt0 = False
		s3_l0 = False
		s3_l1 = False
		bus_evt2 = True
		s4_evt0 = False
		s4_l0 = False
		s4_l1 = False
		s5_l0 = False
		_J2140 = True
		_J2146 = True
		_J2151 = True
		_J2157 = True
		_J2164 = False
		_J2170 = True
	Trans 9 -- 10
		_x_delta = 0.0
		_x_s0_x = 0.0
		_x_s0_backoff = s0_backoff
		_x_s5_x = (s5_x + delta)
		_x_s9_x = (s9_x + delta)
		_x__diverge_delta = delta
		_x_s8_x = (s8_x + delta)
		_x_s3_x = (s3_x + delta)
		_x_s7_x = (s7_x + delta)
		_x_s4_x = (s4_x + delta)
		_x_s2_x = (s2_x + delta)
		_x_s6_x = (s6_x + delta)
		_x_s1_x = (s1_x + delta)
		_x_bus_j = bus_j
		_x_bus_x = 0.0
		_x_bus_cd_id = 3
	starting from: {delta: 0.0, s9_l0: False, s9_evt2: False, s9_evt1: False, s9_lambda: 1/4, s9_backoff: 163493392835/89966352, s9_x: 32743661743/12852336, s8_l1: False, s8_l0: False, s8_evt2: False, s8_evt1: False, s8_evt0: False, s8_lambda: 40073777375/89966352, s8_backoff: 13.0, s8_x: 32743661743/12852336, s7_l1: False, s7_l0: False, s7_evt2: False, s7_evt1: False, s7_evt0: False, s7_lambda: 61903132688129849/29130789378320, s7_x: 32743661743/12852336, s6_l1: False, s6_l0: False, s6_evt1: False, s6_evt0: False, s6_lambda: 1/4, s2_x: 32743661743/12852336, s9_evt0: False, bus_l1: False, s4_evt2: False, s1_evt2: False, s1_evt1: False, s5_backoff: 13.0, s1_evt0: False, s5_lambda: 1/4, s1_lambda: 1/4, s1_backoff: 14.0, s6_x: 32743661743/12852336, s1_x: 32743661743/12852336, s2_backoff: 13.0, s0_l1: True, s3_evt2: False, s2_lambda: 1/4, s0_l0: False, s3_evt1: False, s7_backoff: 16859381012891573221/10137514703655360, s0_evt2: False, s5_evt0: False, bus_j: 3, bus_x: 0.0, s0_evt1: False, s4_backoff: 13.0, s6_evt2: False, bus_cd_id: 3, s5_l1: False, s9_l1: False, s0_evt0: False, s4_lambda: 1/4, s1_l1: False, bus_evt1: False, bus_evt0: True, s1_l0: True, s4_evt1: False, s2_evt0: False, s0_x: 0.0, s0_backoff: 190/3, s5_x: 32743661743/12852336, bus_l0: True, s0_lambda: 1/4, s2_evt1: False, s6_backoff: 13.0, s2_evt2: False, _diverge_delta: 0.0, s2_l0: False, s5_evt1: False, s2_l1: False, s5_evt2: False, s3_x: 32743661743/12852336, s3_backoff: 13.0, s3_lambda: 2724297000096164301/1689585783942560, s3_evt0: True, s3_l0: False, s3_l1: False, bus_evt2: False, s4_x: 32743661743/12852336, s4_evt0: False, s4_l0: False, s4_l1: False, s5_l0: False, _J2140: True, _J2146: True, _J2151: True, _J2157: True, _J2164: True, _J2170: True, _EL_U_2103: True, _EL_U_2105: False, _EL_U_2107: True, _EL_U_2109: False, _EL_U_2111: False, _EL_U_2113: True}

end of `csma_backoff_0010`: SUCCESS in 710.7108561992645s
