Traceback (most recent call last):
  File "/home/F3/src/run_f3.py", line 444, in <module>
    main(config_args().parse_args())
  File "/home/F3/src/run_f3.py", line 440, in main
    run_f3(bench, out_dir)
  File "/home/F3/src/run_f3.py", line 260, in run_f3
    res = solve_problem(prob, label, out_dir)
  File "/home/F3/src/run_f3.py", line 251, in solve_problem
    return run_ltl_test(problem, env, label, out_dir)
  File "/home/F3/src/run_f3.py", line 113, in run_ltl_test
    return search_nonterm(env, symbols, init, trans, fairness,
  File "/home/F3/src/run_f3.py", line 169, in search_nonterm
    _, arg0, arg1 = search_funnel_bmc(env, symbols, init, trans,
  File "/home/F3/src/main.py", line 250, in search_funnel_bmc
    is_rf, args = rf_or_funnel_from_trace(env, symbols, trace, abst_path,
  File "/home/F3/src/main.py", line 631, in rf_or_funnel_from_trace
    model = instantiate_funnel_template(nontermarg)
  File "/home/F3/src/main.py", line 692, in instantiate_funnel_template
    model, learn = funnel_t.ef_instantiate()
  File "/home/F3/src/funnel.py", line 621, in ef_instantiate
    res, learn = efsolve(self.env, self.parameters, symbs,
  File "/home/F3/src/efsolver.py", line 186, in efsolve
    sub_phi = generalise(frozenset([mgr.Not(sub_phi)]), emodel,
  File "/home/F3/src/generalise.py", line 199, in __call__
    return self.generalise(res, model, symbs, assume)
  File "/home/F3/src/generalise.py", line 220, in generalise
    res = self.bool_impl(res, model)
  File "/home/F3/src/generalise.py", line 272, in bool_impl
    self._bool_impl_rec(f, model, True, cache)
  File "/home/F3/src/generalise.py", line 470, in _bool_impl_rec
    self._bool_impl_rec(child, model, pol, cache)
  File "/home/F3/src/generalise.py", line 565, in _bool_impl_rec
    curr_impl = frozenset([self.cn(fm)])
  File "/home/F3/src/canonize.py", line 34, in __call__
    return self.walk(formula, **kwargs)
  File "/usr/local/lib/python3.8/dist-packages/PySMT-0.9.1.dev332-py3.8.egg/pysmt/walkers/dag.py", line 106, in walk
    res = self.iter_walk(formula, **kwargs)
  File "/usr/local/lib/python3.8/dist-packages/PySMT-0.9.1.dev332-py3.8.egg/pysmt/walkers/dag.py", line 98, in iter_walk
    self._process_stack(**kwargs)
  File "/usr/local/lib/python3.8/dist-packages/PySMT-0.9.1.dev332-py3.8.egg/pysmt/walkers/dag.py", line 91, in _process_stack
    self._compute_node_result(formula, **kwargs)
  File "/usr/local/lib/python3.8/dist-packages/PySMT-0.9.1.dev332-py3.8.egg/pysmt/walkers/dag.py", line 75, in _compute_node_result
    self.memoization[key] = f(formula, args=args, **kwargs)
  File "/home/F3/src/canonize.py", line 135, in walk_equals
    eq = Ineq(self.env, eq, frozenset(), self.td)
  File "/home/F3/src/ineq.py", line 49, in __init__
    self._lhs, self._rhs = Ineq._parse(env, ineq, self.params, td)
  File "/home/F3/src/ineq.py", line 171, in _parse
    const *= arg.constant_value()
  File "/usr/lib/python3.8/fractions.py", line 397, in reverse
    return monomorphic_operator(a, b)
  File "/usr/lib/python3.8/fractions.py", line 427, in _mul
    return Fraction(a.numerator * b.numerator, a.denominator * b.denominator)
  File "/usr/lib/python3.8/fractions.py", line 182, in __new__
    g = math.gcd(numerator, denominator)
KeyboardInterrupt
real 3602.90
user 0.00
sys 0.00
