Traceback (most recent call last):
  File "/home/F3/src/run_f3.py", line 436, in <module>
    main(config_args().parse_args())
  File "/home/F3/src/run_f3.py", line 432, in main
    run_f3(bench, out_dir)
  File "/home/F3/src/run_f3.py", line 260, in run_f3
    res = solve_problem(prob, label, out_dir)
  File "/home/F3/src/run_f3.py", line 251, in solve_problem
    return run_ltl_test(problem, env, label, out_dir)
  File "/home/F3/src/run_f3.py", line 113, in run_ltl_test
    return search_nonterm(env, symbols, init, trans, fairness,
  File "/home/F3/src/run_f3.py", line 169, in search_nonterm
    _, arg0, arg1 = search_unrank_bmc(env, symbols, init, trans,
  File "/home/F3/src/unranker.py", line 255, in search_unrank_bmc
    synth_unrank(env, symbols, trace, abst_path, hints,
  File "/home/F3/src/unranker.py", line 643, in synth_unrank
    arg, learn = nontermarg.ef_instantiate()
  File "/home/F3/src/funnel.py", line 623, in ef_instantiate
    res, learn = efsolve(self.env, self.parameters, symbs,
  File "/home/F3/src/efsolver.py", line 188, in efsolve
    sub_phi = generalise(frozenset([mgr.Not(sub_phi)]), emodel,
  File "/home/F3/src/generalise.py", line 199, in __call__
    return self.generalise(res, model, symbs, assume)
  File "/home/F3/src/generalise.py", line 221, in generalise
    res = self.bool_impl(res, model)
  File "/home/F3/src/generalise.py", line 273, in bool_impl
    self._bool_impl_rec(f, model, True, cache)
  File "/home/F3/src/generalise.py", line 566, in _bool_impl_rec
    curr_impl = frozenset([self.cn(fm)])
  File "/home/F3/src/canonize.py", line 34, in __call__
    return self.walk(formula, **kwargs)
  File "/usr/local/lib/python3.8/dist-packages/PySMT-0.9.1.dev331-py3.8.egg/pysmt/walkers/dag.py", line 106, in walk
    res = self.iter_walk(formula, **kwargs)
  File "/usr/local/lib/python3.8/dist-packages/PySMT-0.9.1.dev331-py3.8.egg/pysmt/walkers/dag.py", line 98, in iter_walk
    self._process_stack(**kwargs)
  File "/usr/local/lib/python3.8/dist-packages/PySMT-0.9.1.dev331-py3.8.egg/pysmt/walkers/dag.py", line 91, in _process_stack
    self._compute_node_result(formula, **kwargs)
  File "/usr/local/lib/python3.8/dist-packages/PySMT-0.9.1.dev331-py3.8.egg/pysmt/walkers/dag.py", line 75, in _compute_node_result
    self.memoization[key] = f(formula, args=args, **kwargs)
  File "/home/F3/src/canonize.py", line 135, in walk_equals
    eq = Ineq(self.env, eq, frozenset(), self.td)
  File "/home/F3/src/ineq.py", line 49, in __init__
    self._lhs, self._rhs = Ineq._parse(env, ineq, self.params, td)
  File "/home/F3/src/ineq.py", line 193, in _parse
    lhs[symbs].plus_fnode(coeff)
  File "/home/F3/src/ineq.py", line 407, in plus_fnode
    self.symb2coef[one] += val
  File "/usr/lib/python3.8/fractions.py", line 397, in reverse
    return monomorphic_operator(a, b)
  File "/usr/lib/python3.8/fractions.py", line 412, in _add
    return Fraction(a.numerator * db + b.numerator * da,
  File "/usr/lib/python3.8/fractions.py", line 182, in __new__
    g = math.gcd(numerator, denominator)
KeyboardInterrupt
real 3602.43
user 3600.72
sys 1.27
