

run 1/1: `csma_backoff_0008`

	Found non-termination argument:
	State 6
		s7_l1 = False
		s7_l0 = True
		s7_evt2 = False
		s7_evt1 = False
		s7_evt0 = True
		s7_lambda = 1/2
		s6_l1 = False
		s6_l0 = False
		s6_evt1 = False
		s6_evt0 = False
		s6_lambda = 1/2
		bus_l1 = False
		s4_evt2 = False
		s1_evt2 = False
		s1_evt1 = False
		s5_backoff = 13.0
		s1_evt0 = False
		s5_lambda = 1/2
		s1_lambda = 1/2
		s1_backoff = 13.0
		_EL_U_1713 = True
		s2_backoff = 15613727146475109574399936327844067325984978556450188034548476532073370678515586639517494381055466881941915325/2559399269246639117263822917082495033899921933090599276049321386839182796203432603473266634708409011294336
		s0_l1 = True
		s3_evt2 = False
		_EL_U_1715 = False
		s0_l0 = False
		s3_evt1 = False
		_EL_U_1717 = True
		s0_evt2 = False
		s5_evt0 = False
		_EL_U_1719 = False
		_EL_U_1721 = False
		s0_evt1 = False
		_EL_U_1723 = True
		s6_evt2 = False
		s2_lambda = 115922972746373209861479194656303574201272459825799558137995965495113852931045305157965512779193171163047/1717592245918122388262171172240249402686012729887284577583134384225152692128926121993195145085969008
		s5_l1 = False
		s0_evt0 = False
		s4_backoff = 13.0
		s1_l1 = False
		bus_evt1 = False
		bus_evt0 = True
		s1_l0 = False
		s4_evt1 = False
		s2_evt0 = False
		s7_backoff = 543946275607622049768945103081459323342777395951968584749547855489538455238560850894257098350666254643847/490740641690892110932048906354356972196003637110652736452324109778615054893978891998055755738848288
		s4_lambda = 1/2
		bus_l0 = True
		s0_lambda = 1/2
		s2_evt1 = False
		s6_backoff = 13.0
		s2_evt2 = False
		s2_l0 = False
		s5_evt1 = False
		s2_l1 = False
		s5_evt2 = False
		s3_backoff = 15763452003726037962759869968493393285468123989535988092197361833203462872093487446820680479185908809102633981/14076695980856515144951026043953722686449570631998296018271267627615505379118879319102966490896249562118848
		s3_lambda = 1/2
		s3_evt0 = False
		s3_l0 = False
		s3_l1 = False
		bus_evt2 = False
		s4_evt0 = False
		s4_l0 = False
		s4_l1 = False
		s5_l0 = False
		_J1750 = True
		_J1756 = True
		_J1761 = True
		_J1767 = True
		_J1774 = True
		_J1780 = True
		(s0_x <= 1/2)
		((_diverge_delta + delta) < 1.0)
		((-1.0 * bus_x) <= 0.0)
		((-1.0 * s3_x) <= -15763452003726037962759869968493393285468123989535988092197361833203462872093487446820680479185908809102633981/14076695980856515144951026043953722686449570631998296018271267627615505379118879319102966490896249562118848)
		((-1.0 * s2_x) < -115922972746373209861479194656303574201272459825799558137995965495113852931045305157965512779193171163047/1717592245918122388262171172240249402686012729887284577583134384225152692128926121993195145085969008)
		((-1.0 * s5_x) <= -13.0)
		((-1.0 * s2_x) <= -15613727146475109574399936327844067325984978556450188034548476532073370678515586639517494381055466881941915325/2559399269246639117263822917082495033899921933090599276049321386839182796203432603473266634708409011294336)
		((-1.0 * s7_x) <= -543946275607622049768945103081459323342777395951968584749547855489538455238560850894257098350666254643847/490740641690892110932048906354356972196003637110652736452324109778615054893978891998055755738848288)
		(((-1.0 * s0_backoff) + s0_x) < 0.0)
		(s0_x < 1/2)
		((-1.0 * s4_x) <= -13.0)
		((-1.0 * s3_x) < -1/2)
		((-1.0 * s1_x) <= -13.0)
		(((-1 * bus_j) + bus_cd_id) <= 0)
		((-1.0 * s0_x) <= 0.0)
		((-1.0 * s1_x) < -1/2)
		(s0_x = 0.0)
		((-1.0 * s6_x) < -1/2)
		((-1.0 * s5_x) < -1/2)
		((-1.0 * s4_x) < -1/2)
		((-1.0 * s6_x) <= -13.0)
		((-1.0 * s7_x) < -1/2)
		((-1.0 * s0_backoff) <= -13.0)
		((-1 * bus_cd_id) < -6)
		(bus_x < 13.0)
		(bus_x = 0.0)
		((-1.0 * delta) = 0.0)
		(((-1 * bus_cd_id) + bus_j) = 0)
		(bus_cd_id = 7)
		(_diverge_delta < 1.0)
	Trans 6 -- 7
		_x_s3_x = (s3_x + delta)
		_x_delta = 0.0
		_x_bus_j = (bus_j + 1)
		_x_bus_x = 0.0
		_x_s4_x = (s4_x + delta)
		_x_s7_x = 0.0
		_x_bus_cd_id = 0
		_x_s2_x = (s2_x + delta)
		_x__diverge_delta = (_diverge_delta + delta)
		_x_s0_x = (s0_x + delta)
		_x_s0_backoff = s0_backoff
		_x_s5_x = (s5_x + delta)
		_x_s6_x = (s6_x + delta)
		_x_s1_x = (s1_x + delta)
	State 7
		s7_l1 = False
		s7_l0 = True
		s7_evt2 = False
		s7_evt1 = False
		s7_evt0 = False
		s7_lambda = 1/2
		s6_l1 = False
		s6_l0 = False
		s6_evt1 = False
		s6_evt0 = False
		s6_lambda = 1/2
		bus_l1 = True
		s4_evt2 = False
		s1_evt2 = False
		s1_evt1 = False
		s5_backoff = 13.0
		s1_evt0 = False
		s5_lambda = 1/2
		s1_lambda = 1/2
		s1_backoff = 13.0
		_EL_U_1713 = True
		s2_backoff = 15613727146475109574399936327844067325984978556450188034548476532073370678515586639517494381055466881941915325/2559399269246639117263822917082495033899921933090599276049321386839182796203432603473266634708409011294336
		s0_l1 = True
		s3_evt2 = False
		_EL_U_1715 = False
		s0_l0 = False
		s3_evt1 = False
		_EL_U_1717 = True
		s0_evt2 = False
		s5_evt0 = False
		_EL_U_1719 = False
		_EL_U_1721 = False
		s0_evt1 = False
		_EL_U_1723 = True
		s6_evt2 = False
		s2_lambda = 115922972746373209861479194656303574201272459825799558137995965495113852931045305157965512779193171163047/1717592245918122388262171172240249402686012729887284577583134384225152692128926121993195145085969008
		s5_l1 = False
		s0_evt0 = True
		s4_backoff = 13.0
		s1_l1 = False
		bus_evt1 = False
		bus_evt0 = True
		s1_l0 = False
		s4_evt1 = False
		s2_evt0 = False
		s7_backoff = 543946275607622049768945103081459323342777395951968584749547855489538455238560850894257098350666254643847/490740641690892110932048906354356972196003637110652736452324109778615054893978891998055755738848288
		s4_lambda = 1/2
		bus_l0 = True
		s0_lambda = 1/2
		s2_evt1 = False
		s6_backoff = 13.0
		s2_evt2 = False
		s2_l0 = False
		s5_evt1 = False
		s2_l1 = False
		s5_evt2 = False
		s3_backoff = 15763452003726037962759869968493393285468123989535988092197361833203462872093487446820680479185908809102633981/14076695980856515144951026043953722686449570631998296018271267627615505379118879319102966490896249562118848
		s3_lambda = 1/2
		s3_evt0 = False
		s3_l0 = False
		s3_l1 = False
		bus_evt2 = False
		s4_evt0 = False
		s4_l0 = False
		s4_l1 = False
		s5_l0 = False
		_J1750 = False
		_J1756 = False
		_J1761 = False
		_J1767 = False
		_J1774 = False
		_J1780 = False
	Trans 7 -- 8
		_x_s3_x = (s3_x + delta)
		_x_delta = (((s3_x * 4532696105835797876674230386153098705036761743503451317883348176092192732076279140751155210068592359002269056/305796328932630675271864516306906207971645301213128186253862761826922249543864794380210723488592977678591211935191) + (s4_x * 4532696105835797876674230386153098705036761743503451317883348176092192732076279140751155210068592359002269056/305796328932630675271864516306906207971645301213128186253862761826922249543864794380210723488592977678591211935191) + (s2_x * 305800861628736511069741190537292361070350337974871689705180645175098341736596870659351474643803046270950214204247/305796328932630675271864516306906207971645301213128186253862761826922249543864794380210723488592977678591211935191) + (s0_backoff * 1093459771241150886028414880336180820154962904402590118218623928032928602012670991539890051341704972886893844408711317258283084922175379005362233782549377971682614924868370217108962649872193764410838751560546913382934613/13656068488527764809574976824252798125913256676501460730103641866834337069581105896301939742906021475801109653956973565300024716515710698769962269824777268596791443186973180377679630034708847879688014557309394573728) + (s5_x * 4532696105835797876674230386153098705036761743503451317883348176092192732076279140751155210068592359002269056/305796328932630675271864516306906207971645301213128186253862761826922249543864794380210723488592977678591211935191) + (s6_x * 4532696105835797876674230386153098705036761743503451317883348176092192732076279140751155210068592359002269056/305796328932630675271864516306906207971645301213128186253862761826922249543864794380210723488592977678591211935191) + (s1_x * 4532696105835797876674230386153098705036761743503451317883348176092192732076279140751155210068592359002269056/305796328932630675271864516306906207971645301213128186253862761826922249543864794380210723488592977678591211935191) + (ToReal(bus_cd_id) * 3.0) + -2266348052917898938337115193076549352518380871751725658941674088046096366038139570375577605034296179501134528/305796328932630675271864516306906207971645301213128186253862761826922249543864794380210723488592977678591211935191) - ((delta * 2266348052917898938337115193076549352518380871751725658941674088046096366038139570375577605034296179501134528/305796328932630675271864516306906207971645301213128186253862761826922249543864794380210723488592977678591211935191) + (s7_x * 2266348052917898938337115193076549352518380871751725658941674088046096366038139570375577605034296179501134528/305796328932630675271864516306906207971645301213128186253862761826922249543864794380210723488592977678591211935191) + (_diverge_delta * 305800861628736511069741190537292361070350337974871689705180645175098341736596870659351474643803046270950214204247/305796328932630675271864516306906207971645301213128186253862761826922249543864794380210723488592977678591211935191) + (s0_x * 2266348052917898938337115193076549352518380871751725658941674088046096366038139570375577605034296179501134528/305796328932630675271864516306906207971645301213128186253862761826922249543864794380210723488592977678591211935191) + (ToReal(bus_j) * 2266348052917898938337115193076549352518380871751725658941674088046096366038139570375577605034296179501134528/305796328932630675271864516306906207971645301213128186253862761826922249543864794380210723488592977678591211935191)))
		_x_bus_j = ((bus_cd_id * 5) + 7)
		_x_bus_x = (((_diverge_delta * 305805394324842346867617864767678514169055374736615193156498528523274433929328946938492225799013114863309216473303/305796328932630675271864516306906207971645301213128186253862761826922249543864794380210723488592977678591211935191) + (ToReal(bus_cd_id) * 4.0) + -2266348052917898938337115193076549352518380871751725658941674088046096366038139570375577605034296179501134528/305796328932630675271864516306906207971645301213128186253862761826922249543864794380210723488592977678591211935191) - ((s3_x * 6799044158753696815011345579229648057555142615255176976825022264138289098114418711126732815102888538503403584/305796328932630675271864516306906207971645301213128186253862761826922249543864794380210723488592977678591211935191) + (delta * 2266348052917898938337115193076549352518380871751725658941674088046096366038139570375577605034296179501134528/305796328932630675271864516306906207971645301213128186253862761826922249543864794380210723488592977678591211935191) + (s4_x * 6799044158753696815011345579229648057555142615255176976825022264138289098114418711126732815102888538503403584/305796328932630675271864516306906207971645301213128186253862761826922249543864794380210723488592977678591211935191) + (s7_x * 2266348052917898938337115193076549352518380871751725658941674088046096366038139570375577605034296179501134528/305796328932630675271864516306906207971645301213128186253862761826922249543864794380210723488592977678591211935191) + (s2_x * 305803127976789428968679527652485437619702856355743441430839586849186387832962908798921850221408080567129715338775/305796328932630675271864516306906207971645301213128186253862761826922249543864794380210723488592977678591211935191) + (s0_x * 2266348052917898938337115193076549352518380871751725658941674088046096366038139570375577605034296179501134528/305796328932630675271864516306906207971645301213128186253862761826922249543864794380210723488592977678591211935191) + (s0_backoff * 1093459771342360093926743741190337313229374196556802392757388942828986236692893034785958729963725115516966202287637652755658534776766218974827410033780732223548158730347434977478562672792156345774321016576141699797348437/13656068488527764809574976824252798125913256676501460730103641866834337069581105896301939742906021475801109653956973565300024716515710698769962269824777268596791443186973180377679630034708847879688014557309394573728) + (s5_x * 6799044158753696815011345579229648057555142615255176976825022264138289098114418711126732815102888538503403584/305796328932630675271864516306906207971645301213128186253862761826922249543864794380210723488592977678591211935191) + (s6_x * 6799044158753696815011345579229648057555142615255176976825022264138289098114418711126732815102888538503403584/305796328932630675271864516306906207971645301213128186253862761826922249543864794380210723488592977678591211935191) + (s1_x * 6799044158753696815011345579229648057555142615255176976825022264138289098114418711126732815102888538503403584/305796328932630675271864516306906207971645301213128186253862761826922249543864794380210723488592977678591211935191) + (ToReal(bus_j) * 2266348052917898938337115193076549352518380871751725658941674088046096366038139570375577605034296179501134528/305796328932630675271864516306906207971645301213128186253862761826922249543864794380210723488592977678591211935191)))
		_x_s4_x = (s4_x + delta)
		_x_s7_x = (s7_x + delta)
		_x_bus_cd_id = ((bus_j * 6) + (bus_cd_id * 8) + 9)
		_x_s2_x = (s2_x + delta)
		_x__diverge_delta = (_diverge_delta + delta)
		_x_s0_x = 0.0
		_x_s0_backoff = (((s3_x * 2266348052917898938337115193076549352518380871751725658941674088046096366038139570375577605034296179501134528/305796328932630675271864516306906207971645301213128186253862761826922249543864794380210723488592977678591211935191) + (s4_x * 2266348052917898938337115193076549352518380871751725658941674088046096366038139570375577605034296179501134528/305796328932630675271864516306906207971645301213128186253862761826922249543864794380210723488592977678591211935191) + s7_x + (s2_x * 305798595280683593170802853422099284520997819593999937979521703501010295640230832519781099066198011974770713069719/305796328932630675271864516306906207971645301213128186253862761826922249543864794380210723488592977678591211935191) + (s0_backoff * 305798595280683593170802853422099284520997819593999937979521703501010295640230832519781099066198011974770713069719/305796328932630675271864516306906207971645301213128186253862761826922249543864794380210723488592977678591211935191) + (s5_x * 2266348052917898938337115193076549352518380871751725658941674088046096366038139570375577605034296179501134528/305796328932630675271864516306906207971645301213128186253862761826922249543864794380210723488592977678591211935191) + (s6_x * 2266348052917898938337115193076549352518380871751725658941674088046096366038139570375577605034296179501134528/305796328932630675271864516306906207971645301213128186253862761826922249543864794380210723488592977678591211935191) + (s1_x * 2266348052917898938337115193076549352518380871751725658941674088046096366038139570375577605034296179501134528/305796328932630675271864516306906207971645301213128186253862761826922249543864794380210723488592977678591211935191) + (ToReal(bus_cd_id) * 2.0) + (ToReal(bus_j) * 2266348052917898938337115193076549352518380871751725658941674088046096366038139570375577605034296179501134528/305796328932630675271864516306906207971645301213128186253862761826922249543864794380210723488592977678591211935191) + -305800861628736511069741190537292361070350337974871689705180645175098341736596870659351474643803046270950214204247/611592657865261350543729032613812415943290602426256372507725523653844499087729588760421446977185955357182423870382) - ((delta * 2266348052917898938337115193076549352518380871751725658941674088046096366038139570375577605034296179501134528/305796328932630675271864516306906207971645301213128186253862761826922249543864794380210723488592977678591211935191) + (bus_x * 2266348052917898938337115193076549352518380871751725658941674088046096366038139570375577605034296179501134528/305796328932630675271864516306906207971645301213128186253862761826922249543864794380210723488592977678591211935191) + (_diverge_delta * 4532696105835797876674230386153098705036761743503451317883348176092192732076279140751155210068592359002269056/305796328932630675271864516306906207971645301213128186253862761826922249543864794380210723488592977678591211935191) + (s0_x * 305798595280683593170802853422099284520997819593999937979521703501010295640230832519781099066198011974770713069719/305796328932630675271864516306906207971645301213128186253862761826922249543864794380210723488592977678591211935191)))
		_x_s5_x = (s5_x + delta)
		_x_s6_x = (s6_x + delta)
		_x_s1_x = (s1_x + delta)
	State 8
		s7_l1 = False
		s7_l0 = True
		s7_evt2 = False
		s7_evt1 = False
		s7_evt0 = False
		s7_lambda = 1/2
		s6_l1 = False
		s6_l0 = False
		s6_evt1 = False
		s6_evt0 = False
		s6_lambda = 1/2
		bus_l1 = True
		s4_evt2 = False
		s1_evt2 = False
		s1_evt1 = False
		s5_backoff = 13.0
		s1_evt0 = False
		s5_lambda = 1/2
		s1_lambda = 1/2
		s1_backoff = 13.0
		_EL_U_1713 = True
		s2_backoff = 15613727146475109574399936327844067325984978556450188034548476532073370678515586639517494381055466881941915325/2559399269246639117263822917082495033899921933090599276049321386839182796203432603473266634708409011294336
		s0_l1 = False
		s3_evt2 = False
		_EL_U_1715 = False
		s0_l0 = True
		s3_evt1 = False
		_EL_U_1717 = True
		s0_evt2 = True
		s5_evt0 = False
		_EL_U_1719 = False
		_EL_U_1721 = False
		s0_evt1 = False
		_EL_U_1723 = True
		s6_evt2 = False
		s2_lambda = 115922972746373209861479194656303574201272459825799558137995965495113852931045305157965512779193171163047/1717592245918122388262171172240249402686012729887284577583134384225152692128926121993195145085969008
		s5_l1 = False
		s0_evt0 = False
		s4_backoff = 13.0
		s1_l1 = False
		bus_evt1 = True
		bus_evt0 = False
		s1_l0 = False
		s4_evt1 = False
		s2_evt0 = False
		s7_backoff = 543946275607622049768945103081459323342777395951968584749547855489538455238560850894257098350666254643847/490740641690892110932048906354356972196003637110652736452324109778615054893978891998055755738848288
		s4_lambda = 1/2
		bus_l0 = False
		s0_lambda = 1/2
		s2_evt1 = False
		s6_backoff = 13.0
		s2_evt2 = False
		s2_l0 = False
		s5_evt1 = False
		s2_l1 = False
		s5_evt2 = False
		s3_backoff = 15763452003726037962759869968493393285468123989535988092197361833203462872093487446820680479185908809102633981/14076695980856515144951026043953722686449570631998296018271267627615505379118879319102966490896249562118848
		s3_lambda = 1/2
		s3_evt0 = False
		s3_l0 = False
		s3_l1 = False
		bus_evt2 = True
		s4_evt0 = False
		s4_l0 = False
		s4_l1 = False
		s5_l0 = False
		_J1750 = True
		_J1756 = True
		_J1761 = True
		_J1767 = True
		_J1774 = False
		_J1780 = True
		(((-1.0 * s3_x) + (-1.0 * delta)) <= -15763452003726037962759869968493393285468123989535988092197361833203462872093487446820680479185908809102633981/14076695980856515144951026043953722686449570631998296018271267627615505379118879319102966490896249562118848)
		(((-1.0 * s0_x) + (-1.0 * delta) + s0_backoff) <= 0.0)
		(((-1.0 * s2_x) + (-1.0 * delta)) < -115922972746373209861479194656303574201272459825799558137995965495113852931045305157965512779193171163047/1717592245918122388262171172240249402686012729887284577583134384225152692128926121993195145085969008)
		(((-1.0 * s1_x) + (-1.0 * delta)) < -1/2)
		(bus_j = 7)
		(((-1.0 * s5_x) + (-1.0 * delta)) <= -13.0)
		(((-1.0 * s6_x) + (-1.0 * delta)) < -1/2)
		(((-1.0 * s2_x) + (-1.0 * delta)) <= -15613727146475109574399936327844067325984978556450188034548476532073370678515586639517494381055466881941915325/2559399269246639117263822917082495033899921933090599276049321386839182796203432603473266634708409011294336)
		(((-1.0 * s5_x) + (-1.0 * delta)) < -1/2)
		(((-1.0 * _diverge_delta) + (-1.0 * delta)) <= -1.0)
		(((-1.0 * s4_x) + (-1.0 * delta)) < -1/2)
		(((-1.0 * s7_x) + (-1.0 * delta)) <= -543946275607622049768945103081459323342777395951968584749547855489538455238560850894257098350666254643847/490740641690892110932048906354356972196003637110652736452324109778615054893978891998055755738848288)
		(((-1.0 * s6_x) + (-1.0 * delta)) <= -13.0)
		(((-1.0 * s7_x) + (-1.0 * delta)) < -1/2)
		((-1.0 * s0_backoff) < 0.0)
		((-1.0 * s0_backoff) <= -13.0)
		(((-1.0 * s4_x) + (-1.0 * delta)) <= -13.0)
		((bus_x + delta) < 13.0)
		(((-1.0 * s3_x) + (-1.0 * delta)) < -1/2)
		(((-1.0 * s1_x) + (-1.0 * delta)) <= -13.0)
	Trans 8 -- 9
		_x_s3_x = (s3_x + delta)
		_x_delta = 0.0
		_x_bus_j = bus_j
		_x_bus_x = (bus_x + delta)
		_x_s4_x = (s4_x + delta)
		_x_s7_x = (s7_x + delta)
		_x_bus_cd_id = ((bus_j * 10) + (bus_cd_id * 11) + 12)
		_x_s2_x = (s2_x + delta)
		_x__diverge_delta = (_diverge_delta + delta)
		_x_s0_x = (s0_x + delta)
		_x_s0_backoff = s0_backoff
		_x_s5_x = (s5_x + delta)
		_x_s6_x = (s6_x + delta)
		_x_s1_x = (s1_x + delta)
	State 9
		s7_l1 = False
		s7_l0 = True
		s7_evt2 = False
		s7_evt1 = False
		s7_evt0 = False
		s7_lambda = 1/2
		s6_l1 = False
		s6_l0 = False
		s6_evt1 = False
		s6_evt0 = False
		s6_lambda = 1/2
		bus_l1 = True
		s4_evt2 = False
		s1_evt2 = False
		s1_evt1 = False
		s5_backoff = 13.0
		s1_evt0 = False
		s5_lambda = 1/2
		s1_lambda = 1/2
		s1_backoff = 13.0
		_EL_U_1713 = True
		s2_backoff = 15613727146475109574399936327844067325984978556450188034548476532073370678515586639517494381055466881941915325/2559399269246639117263822917082495033899921933090599276049321386839182796203432603473266634708409011294336
		s0_l1 = False
		s3_evt2 = False
		_EL_U_1715 = False
		s0_l0 = True
		s3_evt1 = False
		_EL_U_1717 = True
		s0_evt2 = True
		s5_evt0 = False
		_EL_U_1719 = False
		_EL_U_1721 = False
		s0_evt1 = False
		_EL_U_1723 = True
		s6_evt2 = False
		s2_lambda = 115922972746373209861479194656303574201272459825799558137995965495113852931045305157965512779193171163047/1717592245918122388262171172240249402686012729887284577583134384225152692128926121993195145085969008
		s5_l1 = False
		s0_evt0 = False
		s4_backoff = 13.0
		s1_l1 = False
		bus_evt1 = False
		bus_evt0 = False
		s1_l0 = False
		s4_evt1 = False
		s2_evt0 = False
		s7_backoff = 543946275607622049768945103081459323342777395951968584749547855489538455238560850894257098350666254643847/490740641690892110932048906354356972196003637110652736452324109778615054893978891998055755738848288
		s4_lambda = 1/2
		bus_l0 = False
		s0_lambda = 1/2
		s2_evt1 = False
		s6_backoff = 13.0
		s2_evt2 = False
		s2_l0 = False
		s5_evt1 = False
		s2_l1 = False
		s5_evt2 = False
		s3_backoff = 15763452003726037962759869968493393285468123989535988092197361833203462872093487446820680479185908809102633981/14076695980856515144951026043953722686449570631998296018271267627615505379118879319102966490896249562118848
		s3_lambda = 1/2
		s3_evt0 = False
		s3_l0 = False
		s3_l1 = False
		bus_evt2 = True
		s4_evt0 = False
		s4_l0 = False
		s4_l1 = False
		s5_l0 = False
		_J1750 = True
		_J1756 = True
		_J1761 = True
		_J1767 = True
		_J1774 = False
		_J1780 = True
	Trans 9 -- 10
		_x_s3_x = (s3_x + delta)
		_x_delta = 0.0
		_x_bus_j = 7
		_x_bus_x = 0.0
		_x_s4_x = (s4_x + delta)
		_x_s7_x = (s7_x + delta)
		_x_bus_cd_id = 7
		_x_s2_x = (s2_x + delta)
		_x__diverge_delta = delta
		_x_s0_x = 0.0
		_x_s0_backoff = s0_backoff
		_x_s5_x = (s5_x + delta)
		_x_s6_x = (s6_x + delta)
		_x_s1_x = (s1_x + delta)
	starting from: {delta: 0.0, s7_l1: False, s7_l0: True, s7_evt2: False, s7_evt1: False, s7_evt0: True, s7_lambda: 1/2, s7_x: 7071301337528765801550230874034518026277620049373773046417753895201945028793763614635896279530783440945867/3435184491836244776524342344480498805372025459774569155166268768450305384257852243986390290171938016, s6_l1: False, s6_l0: False, s6_evt1: False, s6_evt0: False, s6_lambda: 1/2, s2_x: 7071301337528765801550230874034518026277620049373773046417753895201945028793763614635896279530783440945867/3435184491836244776524342344480498805372025459774569155166268768450305384257852243986390290171938016, _diverge_delta: 0.0, bus_l1: False, s4_evt2: False, s1_evt2: False, s1_evt1: False, s5_backoff: 13.0, s1_evt0: False, s5_lambda: 1/2, s1_lambda: 1/2, s1_backoff: 13.0, s6_x: 7071301337528765801550230874034518026277620049373773046417753895201945028793763614635896279530783440945867/3435184491836244776524342344480498805372025459774569155166268768450305384257852243986390290171938016, s1_x: 7071301337528765801550230874034518026277620049373773046417753895201945028793763614635896279530783440945867/3435184491836244776524342344480498805372025459774569155166268768450305384257852243986390290171938016, s2_backoff: 15613727146475109574399936327844067325984978556450188034548476532073370678515586639517494381055466881941915325/2559399269246639117263822917082495033899921933090599276049321386839182796203432603473266634708409011294336, s0_l1: True, s3_evt2: False, s2_lambda: 115922972746373209861479194656303574201272459825799558137995965495113852931045305157965512779193171163047/1717592245918122388262171172240249402686012729887284577583134384225152692128926121993195145085969008, s0_l0: False, s3_evt1: False, s7_backoff: 543946275607622049768945103081459323342777395951968584749547855489538455238560850894257098350666254643847/490740641690892110932048906354356972196003637110652736452324109778615054893978891998055755738848288, s0_evt2: False, s5_evt0: False, bus_j: 7, bus_x: 0.0, s0_evt1: False, s4_backoff: 13.0, s6_evt2: False, bus_cd_id: 7, s5_l1: False, s0_evt0: False, s4_lambda: 1/2, s1_l1: False, bus_evt1: False, bus_evt0: True, s1_l0: False, s4_evt1: False, s2_evt0: False, s0_x: 0.0, s0_backoff: 205029410587218698556590546164558141929628515297255792548862388694262687015149669927799097335267944704395/429398061479530597065542793060062350671503182471821144395783596056288173032231530498298786271492252, s5_x: 7071301337528765801550230874034518026277620049373773046417753895201945028793763614635896279530783440945867/3435184491836244776524342344480498805372025459774569155166268768450305384257852243986390290171938016, bus_l0: True, s0_lambda: 1/2, s2_evt1: False, s6_backoff: 13.0, s2_evt2: False, s2_l0: False, s5_evt1: False, s2_l1: False, s5_evt2: False, s3_x: 7071301337528765801550230874034518026277620049373773046417753895201945028793763614635896279530783440945867/3435184491836244776524342344480498805372025459774569155166268768450305384257852243986390290171938016, s3_backoff: 15763452003726037962759869968493393285468123989535988092197361833203462872093487446820680479185908809102633981/14076695980856515144951026043953722686449570631998296018271267627615505379118879319102966490896249562118848, s3_lambda: 1/2, s3_evt0: False, s3_l0: False, s3_l1: False, bus_evt2: False, s4_x: 7071301337528765801550230874034518026277620049373773046417753895201945028793763614635896279530783440945867/3435184491836244776524342344480498805372025459774569155166268768450305384257852243986390290171938016, s4_evt0: False, s4_l0: False, s4_l1: False, s5_l0: False, _J1750: True, _J1756: True, _J1761: True, _J1767: True, _J1774: True, _J1780: True, _EL_U_1713: True, _EL_U_1715: False, _EL_U_1717: True, _EL_U_1719: False, _EL_U_1721: False, _EL_U_1723: True}

end of `csma_backoff_0008`: SUCCESS in 758.8957946300507s
