F3 run `csma_backoff_0011`

	Found non-termination argument:
	State 7
		s1_backoff = 13.0
		s2_backoff = 12793/4
		s3_backoff = 13.0
		s4_backoff = 13.0
		s5_backoff = 13.0
		s0_lambda = 1.0
		s6_backoff = 13.0
		s7_backoff = 13.0
		s1_lambda = 1.0
		s8_backoff = 13.0
		s2_lambda = 82747/44
		s9_backoff = 13.0
		s3_lambda = 3/4
		s10_backoff = 13.0
		s4_lambda = 1.0
		s5_lambda = 1.0
		s6_lambda = 22377/44
		s7_lambda = 1.0
		s8_lambda = 1.0
		s9_lambda = 1.0
		s10_lambda = 3/4
		bus_j = 5
		s10_l1 = False
		s1_evt1 = False
		s1_evt0 = False
		s1_evt2 = False
		s10_l0 = False
		s0_evt1 = False
		s0_evt0 = False
		s0_evt2 = False
		bus_evt1 = False
		bus_evt0 = True
		bus_evt2 = False
		s10_evt1 = False
		s10_evt0 = False
		s10_evt2 = False
		s9_evt1 = False
		s9_evt0 = False
		bus_l1 = False
		s9_evt2 = False
		bus_l0 = True
		s8_evt1 = False
		s8_evt0 = False
		s8_evt2 = False
		s0_l1 = True
		s0_l0 = False
		s1_l1 = False
		s7_evt1 = False
		s1_l0 = False
		s7_evt0 = False
		s2_l1 = False
		s7_evt2 = False
		s2_l0 = False
		s3_l1 = False
		s4_l1 = False
		s3_l0 = False
		s4_l0 = False
		s5_l1 = False
		s6_evt1 = False
		s5_l0 = False
		s6_evt0 = False
		s6_l1 = False
		s6_evt2 = False
		s6_l0 = False
		s7_l1 = False
		s7_l0 = False
		s8_l1 = False
		_J2368 = True
		s8_l0 = False
		s5_evt1 = False
		s9_l1 = False
		s5_evt0 = True
		s9_l0 = False
		s5_evt2 = False
		_J2362 = True
		_J2355 = True
		_J2344 = True
		_J2349 = True
		_J2338 = True
		_EL_U_2301 = True
		s4_evt1 = False
		_EL_U_2303 = False
		s4_evt0 = False
		_EL_U_2305 = True
		s4_evt2 = False
		_EL_U_2307 = False
		_EL_U_2309 = False
		s3_evt1 = False
		_EL_U_2311 = True
		s3_evt0 = False
		s3_evt2 = False
		s2_evt1 = False
		s2_evt0 = False
		s2_evt2 = False
		(s0_x = 0.0)
		(bus_cd_id = 5)
		(bus_x < 13.0)
		((-1.0 * s0_backoff) <= -13.0)
		(bus_x = 0.0)
		(_diverge_delta < 1.0)
		(delta = 0.0)
		((delta + _diverge_delta) < 1.0)
		((delta + s0_x) <= 1.0)
		((-1.0 * s5_x) < -1.0)
		(((-1.0 * delta) + _diverge_delta) = 0.0)
		((-1.0 * s5_x) <= -13.0)
		((-1.0 * s3_x) < -3/4)
		((-1.0 * s2_x) < -82747/44)
		((-1.0 * s6_x) < -22377/44)
		((-1.0 * s7_x) <= -13.0)
		((-1.0 * s7_x) < -1.0)
		((-1.0 * s10_x) <= -13.0)
		((-1.0 * s3_x) <= -13.0)
		((-1.0 * s0_x) <= 0.0)
		((-1.0 * s8_x) < -1.0)
		((-1.0 * bus_x) <= 0.0)
		((-1.0 * s4_x) <= -13.0)
		((-1.0 * s2_x) <= -12793/4)
		((-1.0 * s9_x) < -1.0)
		(s0_x < 1.0)
		(((-1.0 * s0_backoff) + s0_x) < 0.0)
		((-1.0 * s10_x) < -3/4)
		((-1.0 * s8_x) <= -13.0)
		((-1.0 * s1_x) <= -13.0)
		((-1.0 * s6_x) <= -13.0)
		((-1.0 * s4_x) < -1.0)
		((-1.0 * s9_x) <= -13.0)
		((-1.0 * s1_x) < -1.0)
	Trans 7 -- 8
		_x__diverge_delta = (delta + _diverge_delta)
		_x_s7_x = (s7_x + delta)
		_x_s0_x = (delta + s0_x)
		_x_s0_backoff = s0_backoff
		_x_s3_x = (s3_x + delta)
		_x_s6_x = (s6_x + delta)
		_x_s9_x = (delta + s9_x)
		_x_delta = 0.0
		_x_s5_x = 0.0
		_x_bus_cd_id = 6
		_x_s8_x = (delta + s8_x)
		_x_s4_x = (s4_x + delta)
		_x_s1_x = (s1_x + delta)
		_x_bus_x = 0.0
		_x_s10_x = (delta + s10_x)
		_x_s2_x = (s2_x + delta)
	State 8
		s1_backoff = 13.0
		s2_backoff = 12793/4
		s3_backoff = 13.0
		s4_backoff = 13.0
		s5_backoff = 13.0
		s0_lambda = 1.0
		s6_backoff = 13.0
		s7_backoff = 13.0
		s1_lambda = 1.0
		s8_backoff = 13.0
		s2_lambda = 82747/44
		s9_backoff = 13.0
		s3_lambda = 3/4
		s10_backoff = 13.0
		s4_lambda = 1.0
		s5_lambda = 1.0
		s6_lambda = 22377/44
		s7_lambda = 1.0
		s8_lambda = 1.0
		s9_lambda = 1.0
		s10_lambda = 3/4
		bus_j = 6
		s10_l1 = False
		s1_evt1 = False
		s1_evt0 = False
		s1_evt2 = False
		s10_l0 = False
		s0_evt1 = False
		s0_evt0 = False
		s0_evt2 = False
		bus_evt1 = False
		bus_evt0 = True
		bus_evt2 = False
		s10_evt1 = False
		s10_evt0 = False
		s10_evt2 = False
		s9_evt1 = False
		s9_evt0 = False
		bus_l1 = True
		s9_evt2 = False
		bus_l0 = True
		s8_evt1 = False
		s8_evt0 = False
		s8_evt2 = False
		s0_l1 = True
		s0_l0 = False
		s1_l1 = False
		s7_evt1 = False
		s1_l0 = False
		s7_evt0 = False
		s2_l1 = False
		s7_evt2 = False
		s2_l0 = False
		s3_l1 = False
		s4_l1 = False
		s3_l0 = False
		s4_l0 = False
		s5_l1 = False
		s6_evt1 = False
		s5_l0 = False
		s6_evt0 = True
		s6_l1 = False
		s6_evt2 = False
		s6_l0 = False
		s7_l1 = False
		s7_l0 = False
		s8_l1 = False
		_J2368 = False
		s8_l0 = False
		s5_evt1 = False
		s9_l1 = False
		s5_evt0 = False
		s9_l0 = False
		s5_evt2 = False
		_J2362 = False
		_J2355 = False
		_J2344 = False
		_J2349 = False
		_J2338 = False
		_EL_U_2301 = True
		s4_evt1 = False
		_EL_U_2303 = False
		s4_evt0 = False
		_EL_U_2305 = True
		s4_evt2 = False
		_EL_U_2307 = False
		_EL_U_2309 = False
		s3_evt1 = False
		_EL_U_2311 = True
		s3_evt0 = False
		s3_evt2 = False
		s2_evt1 = False
		s2_evt0 = False
		s2_evt2 = False
	Trans 8 -- 9
		_x__diverge_delta = (delta + _diverge_delta)
		_x_s7_x = (s7_x + delta)
		_x_s0_x = (delta + s0_x)
		_x_s0_backoff = s0_backoff
		_x_s3_x = (s3_x + delta)
		_x_bus_cd_id = 0
		_x_s9_x = (delta + s9_x)
		_x_s6_x = 0.0
		_x_delta = 0.0
		_x_s5_x = (s5_x + delta)
		_x_s8_x = (delta + s8_x)
		_x_s4_x = (s4_x + delta)
		_x_s1_x = (s1_x + delta)
		_x_bus_x = 0.0
		_x_s10_x = (delta + s10_x)
		_x_s2_x = (s2_x + delta)
	State 9
		s1_backoff = 13.0
		s2_backoff = 12793/4
		s3_backoff = 13.0
		s4_backoff = 13.0
		s5_backoff = 13.0
		s0_lambda = 1.0
		s6_backoff = 13.0
		s7_backoff = 13.0
		s1_lambda = 1.0
		s8_backoff = 13.0
		s2_lambda = 82747/44
		s9_backoff = 13.0
		s3_lambda = 3/4
		s10_backoff = 13.0
		s4_lambda = 1.0
		s5_lambda = 1.0
		s6_lambda = 22377/44
		s7_lambda = 1.0
		s8_lambda = 1.0
		s9_lambda = 1.0
		s10_lambda = 3/4
		bus_j = 7
		s10_l1 = False
		s1_evt1 = False
		s1_evt0 = False
		s1_evt2 = False
		s10_l0 = False
		s0_evt1 = False
		s0_evt0 = True
		s0_evt2 = False
		bus_evt1 = False
		bus_evt0 = True
		bus_evt2 = False
		s10_evt1 = False
		s10_evt0 = False
		s10_evt2 = False
		s9_evt1 = False
		s9_evt0 = False
		bus_l1 = True
		s9_evt2 = False
		bus_l0 = True
		s8_evt1 = False
		s8_evt0 = False
		s8_evt2 = False
		s0_l1 = True
		s0_l0 = False
		s1_l1 = False
		s7_evt1 = False
		s1_l0 = False
		s7_evt0 = False
		s2_l1 = False
		s7_evt2 = False
		s2_l0 = False
		s3_l1 = False
		s4_l1 = False
		s3_l0 = False
		s4_l0 = False
		s5_l1 = False
		s6_evt1 = False
		s5_l0 = False
		s6_evt0 = False
		s6_l1 = False
		s6_evt2 = False
		s6_l0 = False
		s7_l1 = False
		s7_l0 = False
		s8_l1 = False
		_J2368 = True
		s8_l0 = False
		s5_evt1 = False
		s9_l1 = False
		s5_evt0 = False
		s9_l0 = False
		s5_evt2 = False
		_J2362 = False
		_J2355 = True
		_J2344 = True
		_J2349 = True
		_J2338 = True
		_EL_U_2301 = True
		s4_evt1 = False
		_EL_U_2303 = False
		s4_evt0 = False
		_EL_U_2305 = True
		s4_evt2 = False
		_EL_U_2307 = False
		_EL_U_2309 = False
		s3_evt1 = False
		_EL_U_2311 = True
		s3_evt0 = False
		s3_evt2 = False
		s2_evt1 = False
		s2_evt0 = False
		s2_evt2 = False
	Trans 9 -- 10
		_x_s7_x = (s7_x + delta)
		_x_s8_x = (delta + s8_x)
		_x__diverge_delta = (delta + _diverge_delta)
		_x_s3_x = (s3_x + delta)
		_x_s0_x = 0.0
		_x_s4_x = (s4_x + delta)
		_x_s1_x = (s1_x + delta)
		_x_s6_x = (s6_x + delta)
		_x_s9_x = (delta + s9_x)
		_x_s10_x = (delta + s10_x)
		_x_s2_x = (s2_x + delta)
		_x_s5_x = (s5_x + delta)
		_x_bus_cd_id = ((bus_cd_id * 10) + 12)
		_x_s0_backoff = (((s8_x * 11/41142) + (s9_x * 11/41142) + (s10_x * 11/41142) + (s0_backoff * 41153/41142) + (s1_x * 11/41142) + (s2_x * 223007/526329606) + (s3_x * 11/41142) + (s4_x * 11/41142) + (s7_x * 11/41142) + (ToReal(bus_cd_id) * 4.0) + -11/41142) - ((s0_x * 41153/41142) + (_diverge_delta * 11/41142) + (delta * 11/41142) + (s6_x * 11/41142) + (s5_x * 11/41142)))
		_x_bus_x = (((s0_x * 9.0) + (delta * 6.0) + (s6_x * 7.0) + (bus_x * 5.0) + (ToReal(bus_cd_id) * 8.0) + -11/41142) - ((s8_x * 11/13714) + (s9_x * 11/13714) + (s10_x * 11/13714) + (_diverge_delta * 41153/41142) + (s0_backoff * 13725/13714) + (s1_x * 11/13714) + (s2_x * 150032950/964937611) + (s3_x * 41153/41142) + (s4_x * 11/13714) + (s5_x * 11/41142) + (s7_x * 41153/41142)))
		_x_delta = (((s8_x * 11/20571) + (s9_x * 11/20571) + (s10_x * 11/20571) + (-1.0 * s0_x) + (-1.0 * _diverge_delta) + (s0_backoff * 20582/20571) + (-1.0 * delta) + (s1_x * 11/20571) + (s2_x * 898649747/5789625666) + s3_x + (s4_x * 11/20571) + (-1.0 * s5_x) + s7_x + (ToReal(bus_cd_id) * 3.0) + -11/41142) - (bus_x * 11/41142))
	State 10
		s1_backoff = 13.0
		s2_backoff = 12793/4
		s3_backoff = 13.0
		s4_backoff = 13.0
		s5_backoff = 13.0
		s0_lambda = 1.0
		s6_backoff = 13.0
		s7_backoff = 13.0
		s1_lambda = 1.0
		s8_backoff = 13.0
		s2_lambda = 82747/44
		s9_backoff = 13.0
		s3_lambda = 3/4
		s10_backoff = 13.0
		s4_lambda = 1.0
		s5_lambda = 1.0
		s6_lambda = 22377/44
		s7_lambda = 1.0
		s8_lambda = 1.0
		s9_lambda = 1.0
		s10_lambda = 3/4
		bus_j = 5
		s10_l1 = False
		s1_evt1 = False
		s1_evt0 = False
		s1_evt2 = False
		s10_l0 = False
		s0_evt1 = False
		s0_evt0 = False
		s0_evt2 = False
		bus_evt1 = False
		bus_evt0 = True
		bus_evt2 = False
		s10_evt1 = False
		s10_evt0 = False
		s10_evt2 = False
		s9_evt1 = False
		s9_evt0 = False
		bus_l1 = True
		s9_evt2 = False
		bus_l0 = False
		s8_evt1 = False
		s8_evt0 = False
		s8_evt2 = False
		s0_l1 = False
		s0_l0 = True
		s1_l1 = False
		s7_evt1 = False
		s1_l0 = False
		s7_evt0 = False
		s2_l1 = False
		s7_evt2 = False
		s2_l0 = False
		s3_l1 = False
		s4_l1 = False
		s3_l0 = False
		s4_l0 = False
		s5_l1 = False
		s6_evt1 = False
		s5_l0 = False
		s6_evt0 = False
		s6_l1 = False
		s6_evt2 = False
		s6_l0 = False
		s7_l1 = False
		s7_l0 = False
		s8_l1 = False
		_J2368 = True
		s8_l0 = False
		s5_evt1 = False
		s9_l1 = False
		s5_evt0 = True
		s9_l0 = False
		s5_evt2 = False
		_J2362 = False
		_J2355 = True
		_J2344 = True
		_J2349 = True
		_J2338 = True
		_EL_U_2301 = True
		s4_evt1 = False
		_EL_U_2303 = False
		s4_evt0 = False
		_EL_U_2305 = True
		s4_evt2 = False
		_EL_U_2307 = False
		_EL_U_2309 = False
		s3_evt1 = False
		_EL_U_2311 = True
		s3_evt0 = False
		s3_evt2 = False
		s2_evt1 = False
		s2_evt0 = False
		s2_evt2 = False
		(((-1.0 * s4_x) + (-1.0 * delta)) <= -13.0)
		((bus_x + delta) < 13.0)
		(((-1.0 * s2_x) + (-1.0 * delta)) <= -12793/4)
		(((-1.0 * s2_x) + (-1.0 * delta)) < -82747/44)
		((-1.0 * s0_backoff) <= -13.0)
		(((-1.0 * s9_x) + (-1.0 * delta)) < -1.0)
		(((-1.0 * s6_x) + (-1.0 * delta)) < -22377/44)
		((-1.0 * s0_backoff) < 0.0)
		(((-1.0 * delta) + (-1.0 * s0_x) + s0_backoff) <= 0.0)
		(((-1.0 * s7_x) + (-1.0 * delta)) <= -13.0)
		(((-1.0 * s10_x) + (-1.0 * delta)) < -3/4)
		(((-1.0 * s7_x) + (-1.0 * delta)) < -1.0)
		(((-1.0 * s8_x) + (-1.0 * delta)) <= -13.0)
		(((-1.0 * s10_x) + (-1.0 * delta)) <= -13.0)
		(((-1.0 * s1_x) + (-1.0 * delta)) <= -13.0)
		(((-1.0 * delta) + (-1.0 * _diverge_delta)) <= -1.0)
		(((-1.0 * s3_x) + (-1.0 * delta)) <= -13.0)
		(((-1.0 * delta) + (-1.0 * s5_x)) < -1.0)
		(((-1.0 * s6_x) + (-1.0 * delta)) <= -13.0)
		(((-1.0 * s4_x) + (-1.0 * delta)) < -1.0)
		(((-1.0 * s9_x) + (-1.0 * delta)) <= -13.0)
		(((-1.0 * delta) + (-1.0 * s5_x)) <= -13.0)
		(((-1.0 * s8_x) + (-1.0 * delta)) < -1.0)
		(((-1.0 * s1_x) + (-1.0 * delta)) < -1.0)
		(((-1.0 * s3_x) + (-1.0 * delta)) < -3/4)
	Trans 10 -- 11
		_x__diverge_delta = (delta + _diverge_delta)
		_x_s7_x = (s7_x + delta)
		_x_s0_x = (delta + s0_x)
		_x_s8_x = (delta + s8_x)
		_x_s0_backoff = s0_backoff
		_x_s3_x = (s3_x + delta)
		_x_bus_x = (bus_x + delta)
		_x_s4_x = (s4_x + delta)
		_x_s1_x = (s1_x + delta)
		_x_s6_x = (s6_x + delta)
		_x_s9_x = (delta + s9_x)
		_x_s10_x = (delta + s10_x)
		_x_s2_x = (s2_x + delta)
		_x_delta = 0.0
		_x_s5_x = (s5_x + delta)
		_x_bus_cd_id = ((bus_cd_id * 13) + 14)
	State 11
		s1_backoff = 13.0
		s2_backoff = 12793/4
		s3_backoff = 13.0
		s4_backoff = 13.0
		s5_backoff = 13.0
		s0_lambda = 1.0
		s6_backoff = 13.0
		s7_backoff = 13.0
		s1_lambda = 1.0
		s8_backoff = 13.0
		s2_lambda = 82747/44
		s9_backoff = 13.0
		s3_lambda = 3/4
		s10_backoff = 13.0
		s4_lambda = 1.0
		s5_lambda = 1.0
		s6_lambda = 22377/44
		s7_lambda = 1.0
		s8_lambda = 1.0
		s9_lambda = 1.0
		s10_lambda = 3/4
		bus_j = 5
		s10_l1 = False
		s1_evt1 = False
		s1_evt0 = False
		s1_evt2 = False
		s10_l0 = False
		s0_evt1 = False
		s0_evt0 = False
		s0_evt2 = True
		bus_evt1 = False
		bus_evt0 = False
		bus_evt2 = True
		s10_evt1 = False
		s10_evt0 = False
		s10_evt2 = False
		s9_evt1 = False
		s9_evt0 = False
		bus_l1 = True
		s9_evt2 = False
		bus_l0 = False
		s8_evt1 = False
		s8_evt0 = False
		s8_evt2 = False
		s0_l1 = False
		s0_l0 = True
		s1_l1 = False
		s7_evt1 = False
		s1_l0 = False
		s7_evt0 = False
		s2_l1 = False
		s7_evt2 = False
		s2_l0 = False
		s3_l1 = False
		s4_l1 = False
		s3_l0 = False
		s4_l0 = False
		s5_l1 = False
		s6_evt1 = False
		s5_l0 = False
		s6_evt0 = False
		s6_l1 = False
		s6_evt2 = False
		s6_l0 = False
		s7_l1 = False
		s7_l0 = False
		s8_l1 = False
		_J2368 = True
		s8_l0 = False
		s5_evt1 = False
		s9_l1 = False
		s5_evt0 = False
		s9_l0 = False
		s5_evt2 = False
		_J2362 = False
		_J2355 = True
		_J2344 = True
		_J2349 = True
		_J2338 = True
		_EL_U_2301 = True
		s4_evt1 = False
		_EL_U_2303 = False
		s4_evt0 = False
		_EL_U_2305 = True
		s4_evt2 = False
		_EL_U_2307 = False
		_EL_U_2309 = False
		s3_evt1 = False
		_EL_U_2311 = True
		s3_evt0 = False
		s3_evt2 = False
		s2_evt1 = False
		s2_evt0 = False
		s2_evt2 = False
	Trans 11 -- 12
		_x_bus_x = 0.0
		_x_s7_x = (s7_x + delta)
		_x_s0_backoff = s0_backoff
		_x_s3_x = (s3_x + delta)
		_x_s6_x = (s6_x + delta)
		_x_s9_x = (delta + s9_x)
		_x_delta = 0.0
		_x_bus_cd_id = 5
		_x_s5_x = (s5_x + delta)
		_x_s8_x = (delta + s8_x)
		_x__diverge_delta = delta
		_x_s0_x = 0.0
		_x_s4_x = (s4_x + delta)
		_x_s1_x = (s1_x + delta)
		_x_s10_x = (delta + s10_x)
		_x_s2_x = (s2_x + delta)
	starting from: _diverge_delta : 0.0, delta : 0.0, bus_cd_id : 5, bus_evt1 : False, bus_evt0 : True, bus_evt2 : False, s10_evt1 : False, s10_evt0 : False, s10_evt2 : False, s9_evt1 : False, s9_evt0 : False, s9_evt2 : False, s8_evt1 : False, s8_evt0 : False, s8_evt2 : False, s0_l1 : True, s0_l0 : False, s7_evt1 : False, s7_evt0 : False, s7_evt2 : False, s0_x : 0.0, s0_backoff : 14.0, s4_l1 : False, s4_l0 : False, s6_evt1 : False, s6_evt0 : False, s6_evt2 : False, s4_x : 12793/4, s8_l1 : False, s4_backoff : 13.0, s8_l0 : False, s5_evt1 : False, s5_evt0 : True, s0_lambda : 1.0, s5_evt2 : False, s8_x : 12793/4, s8_backoff : 13.0, s4_evt1 : False, s4_evt0 : False, s4_evt2 : False, s4_lambda : 1.0, s3_evt1 : False, s3_evt0 : False, s3_evt2 : False, s8_lambda : 1.0, s2_evt1 : False, s2_evt0 : False, s2_evt2 : False, s1_evt1 : False, s1_evt0 : False, s1_evt2 : False, s0_evt1 : False, s0_evt0 : False, s0_evt2 : False, s1_l1 : False, s1_l0 : False, s1_x : 12793/4, s5_l1 : False, s1_backoff : 13.0, s5_l0 : False, _J2368 : True, s5_x : 12793/4, s9_l1 : False, s5_backoff : 13.0, s9_l0 : False, _J2362 : True, _J2355 : True, _J2344 : True, s1_lambda : 1.0, _J2349 : True, _J2338 : True, _EL_U_2301 : True, s9_x : 12793/4, s9_backoff : 13.0, _EL_U_2303 : False, _EL_U_2305 : True, _EL_U_2307 : False, s5_lambda : 1.0, _EL_U_2309 : False, _EL_U_2311 : True, s9_lambda : 1.0, s2_l1 : False, s2_l0 : False, s2_x : 12793/4, s6_l1 : False, s2_backoff : 12793/4, s6_l0 : False, s6_x : 12793/4, s10_l1 : False, s6_backoff : 13.0, s10_l0 : False, s2_lambda : 82747/44, s10_x : 6395/2, s10_backoff : 13.0, s6_lambda : 22377/44, s10_lambda : 3/4, bus_l1 : False, bus_l0 : True, bus_j : 5, s3_l1 : False, s3_l0 : False, s3_x : 12793/4, s7_l1 : False, s3_backoff : 13.0, s7_l0 : False, bus_x : 0.0, s7_x : 12793/4, s7_backoff : 13.0, s3_lambda : 3/4, s7_lambda : 1.0

end of `csma_backoff_0011`: SUCCESS in 511.4893488883972s
