Creating empty 100MiB image file: /home/magnago/overlay/semaphore_0003.c.ext3
Formatting image with ext3 file system
Image is done: /home/magnago/overlay/semaphore_0003.c.ext3
This is Ultimate 0.2.1-origin.dev-f91880a
[2021-04-24 13:51:20,133 INFO  L177        SettingsManager]: Resetting all preferences to default values...
[2021-04-24 13:51:20,136 INFO  L181        SettingsManager]: Resetting UltimateCore preferences to default values
[2021-04-24 13:51:20,187 INFO  L184        SettingsManager]: Ultimate Commandline Interface provides no preferences, ignoring...
[2021-04-24 13:51:20,188 INFO  L181        SettingsManager]: Resetting Boogie Preprocessor preferences to default values
[2021-04-24 13:51:20,189 INFO  L181        SettingsManager]: Resetting Boogie Procedure Inliner preferences to default values
[2021-04-24 13:51:20,191 INFO  L181        SettingsManager]: Resetting Abstract Interpretation preferences to default values
[2021-04-24 13:51:20,193 INFO  L181        SettingsManager]: Resetting LassoRanker preferences to default values
[2021-04-24 13:51:20,194 INFO  L181        SettingsManager]: Resetting Reaching Definitions preferences to default values
[2021-04-24 13:51:20,195 INFO  L181        SettingsManager]: Resetting SyntaxChecker preferences to default values
[2021-04-24 13:51:20,196 INFO  L181        SettingsManager]: Resetting Sifa preferences to default values
[2021-04-24 13:51:20,198 INFO  L184        SettingsManager]: B?chi Program Product provides no preferences, ignoring...
[2021-04-24 13:51:20,198 INFO  L181        SettingsManager]: Resetting LTL2Aut preferences to default values
[2021-04-24 13:51:20,199 INFO  L181        SettingsManager]: Resetting PEA to Boogie preferences to default values
[2021-04-24 13:51:20,200 INFO  L181        SettingsManager]: Resetting BlockEncodingV2 preferences to default values
[2021-04-24 13:51:20,201 INFO  L181        SettingsManager]: Resetting ChcToBoogie preferences to default values
[2021-04-24 13:51:20,202 INFO  L181        SettingsManager]: Resetting AutomataScriptInterpreter preferences to default values
[2021-04-24 13:51:20,203 INFO  L181        SettingsManager]: Resetting BuchiAutomizer preferences to default values
[2021-04-24 13:51:20,205 INFO  L181        SettingsManager]: Resetting CACSL2BoogieTranslator preferences to default values
[2021-04-24 13:51:20,207 INFO  L181        SettingsManager]: Resetting CodeCheck preferences to default values
[2021-04-24 13:51:20,208 INFO  L181        SettingsManager]: Resetting InvariantSynthesis preferences to default values
[2021-04-24 13:51:20,209 INFO  L181        SettingsManager]: Resetting RCFGBuilder preferences to default values
[2021-04-24 13:51:20,210 INFO  L181        SettingsManager]: Resetting Referee preferences to default values
[2021-04-24 13:51:20,211 INFO  L181        SettingsManager]: Resetting TraceAbstraction preferences to default values
[2021-04-24 13:51:20,212 INFO  L184        SettingsManager]: TraceAbstractionConcurrent provides no preferences, ignoring...
[2021-04-24 13:51:20,212 INFO  L184        SettingsManager]: TraceAbstractionWithAFAs provides no preferences, ignoring...
[2021-04-24 13:51:20,213 INFO  L181        SettingsManager]: Resetting TreeAutomizer preferences to default values
[2021-04-24 13:51:20,213 INFO  L181        SettingsManager]: Resetting IcfgToChc preferences to default values
[2021-04-24 13:51:20,214 INFO  L181        SettingsManager]: Resetting IcfgTransformer preferences to default values
[2021-04-24 13:51:20,214 INFO  L184        SettingsManager]: ReqToTest provides no preferences, ignoring...
[2021-04-24 13:51:20,214 INFO  L181        SettingsManager]: Resetting Boogie Printer preferences to default values
[2021-04-24 13:51:20,215 INFO  L181        SettingsManager]: Resetting ChcSmtPrinter preferences to default values
[2021-04-24 13:51:20,216 INFO  L181        SettingsManager]: Resetting ReqPrinter preferences to default values
[2021-04-24 13:51:20,216 INFO  L181        SettingsManager]: Resetting Witness Printer preferences to default values
[2021-04-24 13:51:20,217 INFO  L184        SettingsManager]: Boogie PL CUP Parser provides no preferences, ignoring...
[2021-04-24 13:51:20,217 INFO  L181        SettingsManager]: Resetting CDTParser preferences to default values
[2021-04-24 13:51:20,217 INFO  L184        SettingsManager]: AutomataScriptParser provides no preferences, ignoring...
[2021-04-24 13:51:20,218 INFO  L184        SettingsManager]: ReqParser provides no preferences, ignoring...
[2021-04-24 13:51:20,218 INFO  L181        SettingsManager]: Resetting SmtParser preferences to default values
[2021-04-24 13:51:20,218 INFO  L181        SettingsManager]: Resetting Witness Parser preferences to default values
[2021-04-24 13:51:20,219 INFO  L188        SettingsManager]: Finished resetting all preferences to default values...
[2021-04-24 13:51:20,220 INFO  L101        SettingsManager]: Beginning loading settings from /home/singularity/UAutomizer-linux/config/svcomp-LTL-64bit-Automizer_Default.epf
[2021-04-24 13:51:20,233 INFO  L113        SettingsManager]: Loading preferences was successful
[2021-04-24 13:51:20,233 INFO  L115        SettingsManager]: Preferences different from defaults after loading the file:
[2021-04-24 13:51:20,234 INFO  L136        SettingsManager]: Preferences of BlockEncodingV2 differ from their defaults:
[2021-04-24 13:51:20,234 INFO  L138        SettingsManager]:  * Minimize states even if more edges are added than removed.=true
[2021-04-24 13:51:20,235 INFO  L138        SettingsManager]:  * Rewrite not-equals=true
[2021-04-24 13:51:20,235 INFO  L138        SettingsManager]:  * Create parallel compositions if possible=false
[2021-04-24 13:51:20,235 INFO  L138        SettingsManager]:  * Minimize states using LBE with the strategy=NONE
[2021-04-24 13:51:20,235 INFO  L138        SettingsManager]:  * Use SBE=true
[2021-04-24 13:51:20,235 INFO  L136        SettingsManager]: Preferences of BuchiAutomizer differ from their defaults:
[2021-04-24 13:51:20,235 INFO  L138        SettingsManager]:  * Compute Interpolants along a Counterexample=Craig_TreeInterpolation
[2021-04-24 13:51:20,235 INFO  L138        SettingsManager]:  * Use old map elimination=false
[2021-04-24 13:51:20,235 INFO  L138        SettingsManager]:  * Try twofold refinement=false
[2021-04-24 13:51:20,235 INFO  L136        SettingsManager]: Preferences of CACSL2BoogieTranslator differ from their defaults:
[2021-04-24 13:51:20,236 INFO  L138        SettingsManager]:  * Check unreachability of error function in SV-COMP mode=false
[2021-04-24 13:51:20,236 INFO  L138        SettingsManager]:  * Overapproximate operations on floating types=true
[2021-04-24 13:51:20,236 INFO  L138        SettingsManager]:  * Check division by zero=IGNORE
[2021-04-24 13:51:20,236 INFO  L138        SettingsManager]:  * Pointer to allocated memory at dereference=ASSUME
[2021-04-24 13:51:20,236 INFO  L138        SettingsManager]:  * If two pointers are subtracted or compared they have the same base address=ASSUME
[2021-04-24 13:51:20,236 INFO  L138        SettingsManager]:  * Check array bounds for arrays that are off heap=ASSUME
[2021-04-24 13:51:20,236 INFO  L138        SettingsManager]:  * Check if freed pointer was valid=false
[2021-04-24 13:51:20,236 INFO  L138        SettingsManager]:  * Use constant arrays=true
[2021-04-24 13:51:20,236 INFO  L138        SettingsManager]:  * Pointer base address is valid at dereference=ASSUME
[2021-04-24 13:51:20,237 INFO  L136        SettingsManager]: Preferences of RCFGBuilder differ from their defaults:
[2021-04-24 13:51:20,237 INFO  L138        SettingsManager]:  * Size of a code block=SingleStatement
[2021-04-24 13:51:20,237 INFO  L138        SettingsManager]:  * SMT solver=Internal_SMTInterpol
Applying setting for plugin de.uni_freiburg.informatik.ultimate.plugins.generator.cacsl2boogietranslator: Overapproximate operations on floating types -> false
Applying setting for plugin de.uni_freiburg.informatik.ultimate.plugins.generator.cacsl2boogietranslator: Assume nondeterminstic values are in range -> false
[2021-04-24 13:51:20,434 INFO  L75    nceAwareModelManager]: Repository-Root is: /tmp
[2021-04-24 13:51:20,461 INFO  L261   ainManager$Toolchain]: [Toolchain 1]: Applicable parser(s) successfully (re)initialized
[2021-04-24 13:51:20,464 INFO  L217   ainManager$Toolchain]: [Toolchain 1]: Toolchain selected.
[2021-04-24 13:51:20,465 INFO  L271        PluginConnector]: Initializing CDTParser...
[2021-04-24 13:51:20,466 INFO  L275        PluginConnector]: CDTParser initialized
[2021-04-24 13:51:20,467 INFO  L432   ainManager$Toolchain]: [Toolchain 1]: Parsing single file: /home/magnago/benchmarks/ltl_infinite_state/semaphore/ultimate/semaphore_0003.c
[2021-04-24 13:51:20,508 INFO  L220              CDTParser]: Created temporary CDT project at /home/singularity/a762522df0174a93bd437e40b2505fde/FLAG52bcbc47e
[2021-04-24 13:51:20,822 INFO  L306              CDTParser]: Found 1 translation units.
[2021-04-24 13:51:20,822 INFO  L160              CDTParser]: Scanning /home/magnago/benchmarks/ltl_infinite_state/semaphore/ultimate/semaphore_0003.c
[2021-04-24 13:51:20,845 INFO  L349              CDTParser]: About to delete temporary CDT project at /home/singularity/a762522df0174a93bd437e40b2505fde/FLAG52bcbc47e
[2021-04-24 13:51:21,252 INFO  L357              CDTParser]: Successfully deleted /home/singularity/a762522df0174a93bd437e40b2505fde
[2021-04-24 13:51:21,254 INFO  L299   ainManager$Toolchain]: ####################### [Toolchain 1] #######################
[2021-04-24 13:51:21,255 INFO  L131        ToolchainWalker]: Walking toolchain with 7 elements.
[2021-04-24 13:51:21,257 INFO  L113        PluginConnector]: ------------------------CACSL2BoogieTranslator----------------------------
[2021-04-24 13:51:21,257 INFO  L271        PluginConnector]: Initializing CACSL2BoogieTranslator...
[2021-04-24 13:51:21,259 INFO  L275        PluginConnector]: CACSL2BoogieTranslator initialized
[2021-04-24 13:51:21,259 INFO  L185        PluginConnector]: Executing the observer ACSLObjectContainerObserver from plugin CACSL2BoogieTranslator for "CDTParser AST 24.04 01:51:21" (1/1) ...
[2021-04-24 13:51:21,260 INFO  L205        PluginConnector]: Invalid model from CACSL2BoogieTranslator for observer de.uni_freiburg.informatik.ultimate.plugins.generator.cacsl2boogietranslator.ACSLObjectContainerObserver@26227b07 and model type de.uni_freiburg.informatik.ultimate.plugins.generator.cacsl2boogietranslator AST 24.04 01:51:21, skipping insertion in model container
[2021-04-24 13:51:21,260 INFO  L185        PluginConnector]: Executing the observer CACSL2BoogieTranslatorObserver from plugin CACSL2BoogieTranslator for "CDTParser AST 24.04 01:51:21" (1/1) ...
[2021-04-24 13:51:21,265 INFO  L145         MainTranslator]: Starting translation in SV-COMP mode 
[2021-04-24 13:51:21,278 INFO  L178         MainTranslator]: Built tables and reachable declarations
[2021-04-24 13:51:21,404 INFO  L206          PostProcessor]: Analyzing one entry point: main
[2021-04-24 13:51:21,408 INFO  L203         MainTranslator]: Completed pre-run
[2021-04-24 13:51:21,431 INFO  L206          PostProcessor]: Analyzing one entry point: main
[2021-04-24 13:51:21,445 INFO  L208         MainTranslator]: Completed translation
[2021-04-24 13:51:21,445 INFO  L202        PluginConnector]: Adding new model de.uni_freiburg.informatik.ultimate.plugins.generator.cacsl2boogietranslator AST 24.04 01:51:21 WrapperNode
[2021-04-24 13:51:21,445 INFO  L132        PluginConnector]: ------------------------ END CACSL2BoogieTranslator----------------------------
[2021-04-24 13:51:21,446 INFO  L113        PluginConnector]: ------------------------Boogie Preprocessor----------------------------
[2021-04-24 13:51:21,447 INFO  L271        PluginConnector]: Initializing Boogie Preprocessor...
[2021-04-24 13:51:21,447 INFO  L275        PluginConnector]: Boogie Preprocessor initialized
[2021-04-24 13:51:21,456 INFO  L185        PluginConnector]: Executing the observer EnsureBoogieModelObserver from plugin Boogie Preprocessor for "de.uni_freiburg.informatik.ultimate.plugins.generator.cacsl2boogietranslator AST 24.04 01:51:21" (1/1) ...
[2021-04-24 13:51:21,456 INFO  L185        PluginConnector]: Executing the observer TypeChecker from plugin Boogie Preprocessor for "de.uni_freiburg.informatik.ultimate.plugins.generator.cacsl2boogietranslator AST 24.04 01:51:21" (1/1) ...
[2021-04-24 13:51:21,460 INFO  L185        PluginConnector]: Executing the observer ConstExpander from plugin Boogie Preprocessor for "de.uni_freiburg.informatik.ultimate.plugins.generator.cacsl2boogietranslator AST 24.04 01:51:21" (1/1) ...
[2021-04-24 13:51:21,460 INFO  L185        PluginConnector]: Executing the observer StructExpander from plugin Boogie Preprocessor for "de.uni_freiburg.informatik.ultimate.plugins.generator.cacsl2boogietranslator AST 24.04 01:51:21" (1/1) ...
[2021-04-24 13:51:21,466 INFO  L185        PluginConnector]: Executing the observer UnstructureCode from plugin Boogie Preprocessor for "de.uni_freiburg.informatik.ultimate.plugins.generator.cacsl2boogietranslator AST 24.04 01:51:21" (1/1) ...
[2021-04-24 13:51:21,469 INFO  L185        PluginConnector]: Executing the observer FunctionInliner from plugin Boogie Preprocessor for "de.uni_freiburg.informatik.ultimate.plugins.generator.cacsl2boogietranslator AST 24.04 01:51:21" (1/1) ...
[2021-04-24 13:51:21,470 INFO  L185        PluginConnector]: Executing the observer BoogieSymbolTableConstructor from plugin Boogie Preprocessor for "de.uni_freiburg.informatik.ultimate.plugins.generator.cacsl2boogietranslator AST 24.04 01:51:21" (1/1) ...
[2021-04-24 13:51:21,472 INFO  L132        PluginConnector]: ------------------------ END Boogie Preprocessor----------------------------
[2021-04-24 13:51:21,472 INFO  L113        PluginConnector]: ------------------------RCFGBuilder----------------------------
[2021-04-24 13:51:21,472 INFO  L271        PluginConnector]: Initializing RCFGBuilder...
[2021-04-24 13:51:21,472 INFO  L275        PluginConnector]: RCFGBuilder initialized
[2021-04-24 13:51:21,473 INFO  L185        PluginConnector]: Executing the observer RCFGBuilderObserver from plugin RCFGBuilder for "de.uni_freiburg.informatik.ultimate.plugins.generator.cacsl2boogietranslator AST 24.04 01:51:21" (1/1) ...
[2021-04-24 13:51:21,555 INFO  L138     BoogieDeclarations]: Found implementation of procedure ULTIMATE.init
[2021-04-24 13:51:21,556 INFO  L138     BoogieDeclarations]: Found implementation of procedure ULTIMATE.start
[2021-04-24 13:51:21,556 INFO  L138     BoogieDeclarations]: Found implementation of procedure __VERIFIER_nondet_bool
[2021-04-24 13:51:21,556 INFO  L138     BoogieDeclarations]: Found implementation of procedure main
[2021-04-24 13:51:21,556 INFO  L130     BoogieDeclarations]: Found specification of procedure __VERIFIER_nondet_float
[2021-04-24 13:51:21,556 INFO  L130     BoogieDeclarations]: Found specification of procedure __VERIFIER_nondet_int
[2021-04-24 13:51:21,556 INFO  L130     BoogieDeclarations]: Found specification of procedure __VERIFIER_nondet_bool
[2021-04-24 13:51:21,556 INFO  L130     BoogieDeclarations]: Found specification of procedure main
[2021-04-24 13:51:21,556 INFO  L130     BoogieDeclarations]: Found specification of procedure ULTIMATE.init
[2021-04-24 13:51:21,556 INFO  L130     BoogieDeclarations]: Found specification of procedure ULTIMATE.start
[2021-04-24 13:51:21,761 INFO  L294             CfgBuilder]: Using the 1 location(s) as analysis (start of procedure ULTIMATE.start)
[2021-04-24 13:51:21,761 INFO  L299             CfgBuilder]: Removed 1 assume(true) statements.
[2021-04-24 13:51:21,763 INFO  L202        PluginConnector]: Adding new model de.uni_freiburg.informatik.ultimate.plugins.generator.rcfgbuilder CFG 24.04 01:51:21 BoogieIcfgContainer
[2021-04-24 13:51:21,763 INFO  L132        PluginConnector]: ------------------------ END RCFGBuilder----------------------------
[2021-04-24 13:51:21,764 INFO  L113        PluginConnector]: ------------------------LTL2Aut----------------------------
[2021-04-24 13:51:21,764 INFO  L271        PluginConnector]: Initializing LTL2Aut...
[2021-04-24 13:51:21,766 INFO  L275        PluginConnector]: LTL2Aut initialized
[2021-04-24 13:51:21,767 INFO  L185        PluginConnector]: Executing the observer LTL2autObserver from plugin LTL2Aut for "de.uni_freiburg.informatik.ultimate.plugins.generator.cacsl2boogietranslator AST 24.04 01:51:21" (2/3) ...
No working directory specified, using /usr/bin/ltl2ba
Starting monitored process 1 with ltl2ba -f ! ( ( ! ( [] ( <> ( a ) ) ) || ! ( ( ( [] ( <> ( b ) ) && [] ( <> ( c ) ) ) && [] ( <> ( d ) ) ) ) ) )  (exit command is null, workingDir is null)
[2021-04-24 13:51:21,817 INFO  L125        LTL2autObserver]: LTL Property is: (!(G(F((0 == ~semaphore~0)))) || !(((G(F((0 == ~run~0))) && G(F((1 == ~run~0)))) && G(F((2 == ~run~0))))))
[2021-04-24 13:51:21,818 INFO  L202        PluginConnector]: Adding new model Hardcoded de.uni_freiburg.informatik.ultimate.ltl2aut AST 24.04 01:51:21 NWAContainer
[2021-04-24 13:51:21,818 INFO  L132        PluginConnector]: ------------------------ END LTL2Aut----------------------------
[2021-04-24 13:51:21,819 INFO  L113        PluginConnector]: ------------------------B?chi Program Product----------------------------
[2021-04-24 13:51:21,819 INFO  L271        PluginConnector]: Initializing B?chi Program Product...
[2021-04-24 13:51:21,820 INFO  L275        PluginConnector]: B?chi Program Product initialized
[2021-04-24 13:51:21,821 INFO  L185        PluginConnector]: Executing the observer BuchiProductObserver from plugin B?chi Program Product for "de.uni_freiburg.informatik.ultimate.plugins.generator.rcfgbuilder CFG 24.04 01:51:21" (3/4) ...
[2021-04-24 13:51:21,821 INFO  L205        PluginConnector]: Invalid model from B?chi Program Product for observer de.uni_freiburg.informatik.ultimate.buchiprogramproduct.BuchiProductObserver@216bd6e4 and model type LTL+Program Product de.uni_freiburg.informatik.ultimate.buchiprogramproduct OTHER 24.04 01:51:21, skipping insertion in model container
[2021-04-24 13:51:21,821 INFO  L185        PluginConnector]: Executing the observer BuchiProductObserver from plugin B?chi Program Product for "Hardcoded de.uni_freiburg.informatik.ultimate.ltl2aut AST 24.04 01:51:21" (4/4) ...
[2021-04-24 13:51:21,824 INFO  L104   BuchiProductObserver]: Initial property automaton 5 locations, 19 edges
[2021-04-24 13:51:21,825 INFO  L110   BuchiProductObserver]: Initial RCFG 98 locations, 112 edges
[2021-04-24 13:51:21,825 INFO  L93    BuchiProductObserver]: Beginning generation of product automaton
[2021-04-24 13:51:21,829 INFO  L132       ProductGenerator]: The program has no step specification, so we assume maximum atomicity
[2021-04-24 13:51:22,327 INFO  L97    BuchiProductObserver]: Finished generation of product automaton successfully
[2021-04-24 13:51:22,329 INFO  L110   BuchiProductObserver]: BuchiProgram size 437 locations, 1562 edges
[2021-04-24 13:51:22,330 INFO  L202        PluginConnector]: Adding new model LTL+Program Product de.uni_freiburg.informatik.ultimate.buchiprogramproduct OTHER 24.04 01:51:22 BoogieIcfgContainer
[2021-04-24 13:51:22,330 INFO  L132        PluginConnector]: ------------------------ END B?chi Program Product----------------------------
[2021-04-24 13:51:22,330 INFO  L113        PluginConnector]: ------------------------BlockEncodingV2----------------------------
[2021-04-24 13:51:22,330 INFO  L271        PluginConnector]: Initializing BlockEncodingV2...
[2021-04-24 13:51:22,332 INFO  L275        PluginConnector]: BlockEncodingV2 initialized
[2021-04-24 13:51:22,332 INFO  L185        PluginConnector]: Executing the observer BlockEncodingObserver from plugin BlockEncodingV2 for "LTL+Program Product de.uni_freiburg.informatik.ultimate.buchiprogramproduct OTHER 24.04 01:51:22" (1/1) ...
[2021-04-24 13:51:22,361 INFO  L313           BlockEncoder]: Initial Icfg 437 locations, 1562 edges
[2021-04-24 13:51:22,361 INFO  L258           BlockEncoder]: Using Remove infeasible edges
[2021-04-24 13:51:22,361 INFO  L263           BlockEncoder]: Using Maximize final states
[2021-04-24 13:51:22,362 INFO  L270           BlockEncoder]: Using Minimize states even if more edges are added than removed.=true
[2021-04-24 13:51:22,362 INFO  L296           BlockEncoder]: Using Remove sink states
[2021-04-24 13:51:22,362 INFO  L171           BlockEncoder]: Using Apply optimizations until nothing changes=true
[2021-04-24 13:51:22,362 INFO  L179           BlockEncoder]: Using Rewrite not-equals
[2021-04-24 13:51:22,653 INFO  L185           BlockEncoder]: Using Use SBE
[2021-04-24 13:51:22,681 WARN  L138   XnfTransformerHelper]: expecting exponential blowup for input size 23
[2021-04-24 13:56:04,267 FATAL L?                        ?]: The Plugin de.uni_freiburg.informatik.ultimate.plugins.blockencoding has thrown an exception:
java.lang.OutOfMemoryError: Java heap space
	at java.base/java.util.HashMap$EntrySet.iterator(HashMap.java:1009)
	at java.base/java.util.AbstractMap.hashCode(AbstractMap.java:526)
	at de.uni_freiburg.informatik.ultimate.lib.smtlibutils.normalforms.XJunction.hashCode(XJunction.java:182)
	at java.base/java.util.HashMap.hash(HashMap.java:339)
	at java.base/java.util.HashMap.put(HashMap.java:607)
	at java.base/java.util.HashSet.add(HashSet.java:220)
	at de.uni_freiburg.informatik.ultimate.lib.smtlibutils.normalforms.XnfTransformer$XnfTransformerHelper$ResultInnerJunctions.applyAbsorbeAndMpsimplify(XnfTransformer.java:379)
	at de.uni_freiburg.informatik.ultimate.lib.smtlibutils.normalforms.XnfTransformer$XnfTransformerHelper$ResultInnerJunctions.moveOutwardsAbsorbeAndMpsimplify(XnfTransformer.java:311)
	at de.uni_freiburg.informatik.ultimate.lib.smtlibutils.normalforms.XnfTransformer$XnfTransformerHelper$ResultInnerJunctions.<init>(XnfTransformer.java:248)
	at de.uni_freiburg.informatik.ultimate.lib.smtlibutils.normalforms.XnfTransformer$XnfTransformerHelper$ResultInnerJunctions.processOneOuterJunction(XnfTransformer.java:277)
	at de.uni_freiburg.informatik.ultimate.lib.smtlibutils.normalforms.XnfTransformer$XnfTransformerHelper.applyDistributivityAndOr(XnfTransformer.java:150)
	at de.uni_freiburg.informatik.ultimate.lib.smtlibutils.normalforms.XnfTransformer$XnfTransformerHelper.convertApplicationTerm(XnfTransformer.java:99)
	at de.uni_freiburg.informatik.ultimate.logic.TermTransformer$BuildApplicationTerm.walk(TermTransformer.java:339)
	at de.uni_freiburg.informatik.ultimate.logic.NonRecursive.run(NonRecursive.java:115)
	at de.uni_freiburg.informatik.ultimate.logic.NonRecursive.run(NonRecursive.java:106)
	at de.uni_freiburg.informatik.ultimate.logic.TermTransformer.transform(TermTransformer.java:272)
	at de.uni_freiburg.informatik.ultimate.lib.smtlibutils.normalforms.NnfTransformer.transform(NnfTransformer.java:137)
	at de.uni_freiburg.informatik.ultimate.plugins.blockencoding.encoding.SmallBlockEncoder.processLocation(SmallBlockEncoder.java:139)
	at de.uni_freiburg.informatik.ultimate.plugins.blockencoding.encoding.SmallBlockEncoder.createResult(SmallBlockEncoder.java:113)
	at de.uni_freiburg.informatik.ultimate.plugins.blockencoding.encoding.BaseBlockEncoder.getResult(BaseBlockEncoder.java:80)
	at de.uni_freiburg.informatik.ultimate.plugins.blockencoding.BlockEncoder.processIcfg(BlockEncoder.java:189)
	at de.uni_freiburg.informatik.ultimate.plugins.blockencoding.BlockEncoder.<init>(BlockEncoder.java:114)
	at de.uni_freiburg.informatik.ultimate.plugins.blockencoding.BlockEncodingObserver.process(BlockEncodingObserver.java:99)
	at de.uni_freiburg.informatik.ultimate.core.coreplugin.modelwalker.DFSTreeWalker.runObserver(DFSTreeWalker.java:65)
	at de.uni_freiburg.informatik.ultimate.core.coreplugin.modelwalker.BaseWalker.runObserver(BaseWalker.java:93)
	at de.uni_freiburg.informatik.ultimate.core.coreplugin.modelwalker.BaseWalker.run(BaseWalker.java:86)
	at de.uni_freiburg.informatik.ultimate.core.coreplugin.PluginConnector.runObserver(PluginConnector.java:167)
	at de.uni_freiburg.informatik.ultimate.core.coreplugin.PluginConnector.runTool(PluginConnector.java:151)
	at de.uni_freiburg.informatik.ultimate.core.coreplugin.PluginConnector.run(PluginConnector.java:128)
	at de.uni_freiburg.informatik.ultimate.core.coreplugin.ToolchainWalker.executePluginConnector(ToolchainWalker.java:232)
	at de.uni_freiburg.informatik.ultimate.core.coreplugin.ToolchainWalker.processPlugin(ToolchainWalker.java:226)
	at de.uni_freiburg.informatik.ultimate.core.coreplugin.ToolchainWalker.walkUnprotected(ToolchainWalker.java:142)
[2021-04-24 13:56:04,272 INFO  L168              Benchmark]: Toolchain (without parser) took 283015.79 ms. Allocated memory was 541.1 MB in the beginning and 536.9 MB in the end (delta: -4.2 MB). Free memory was 487.9 MB in the beginning and 506.4 MB in the end (delta: -18.5 MB). Peak memory consumption was 14.4 GB. Max. memory is 12.9 GB.
[2021-04-24 13:56:04,272 INFO  L168              Benchmark]: CDTParser took 0.20 ms. Allocated memory is still 541.1 MB. Free memory is still 506.8 MB. There was no memory consumed. Max. memory is 12.9 GB.
[2021-04-24 13:56:04,273 INFO  L168              Benchmark]: CACSL2BoogieTranslator took 188.94 ms. Allocated memory is still 541.1 MB. Free memory was 487.5 MB in the beginning and 515.4 MB in the end (delta: -27.9 MB). Peak memory consumption was 18.5 MB. Max. memory is 12.9 GB.
[2021-04-24 13:56:04,274 INFO  L168              Benchmark]: Boogie Preprocessor took 25.25 ms. Allocated memory is still 541.1 MB. Free memory was 515.4 MB in the beginning and 513.8 MB in the end (delta: 1.6 MB). Peak memory consumption was 2.1 MB. Max. memory is 12.9 GB.
[2021-04-24 13:56:04,274 INFO  L168              Benchmark]: RCFGBuilder took 291.02 ms. Allocated memory is still 541.1 MB. Free memory was 513.8 MB in the beginning and 500.4 MB in the end (delta: 13.5 MB). Peak memory consumption was 12.6 MB. Max. memory is 12.9 GB.
[2021-04-24 13:56:04,275 INFO  L168              Benchmark]: LTL2Aut took 54.48 ms. Allocated memory is still 541.1 MB. Free memory was 500.4 MB in the beginning and 497.4 MB in the end (delta: 3.0 MB). Peak memory consumption was 4.2 MB. Max. memory is 12.9 GB.
[2021-04-24 13:56:04,275 INFO  L168              Benchmark]: B?chi Program Product took 511.20 ms. Allocated memory is still 541.1 MB. Free memory was 497.0 MB in the beginning and 503.5 MB in the end (delta: -6.5 MB). Peak memory consumption was 87.2 MB. Max. memory is 12.9 GB.
[2021-04-24 13:56:04,276 INFO  L168              Benchmark]: BlockEncodingV2 took 281939.20 ms. Allocated memory was 541.1 MB in the beginning and 536.9 MB in the end (delta: -4.2 MB). Free memory was 503.5 MB in the beginning and 506.4 MB in the end (delta: -2.9 MB). Peak memory consumption was 14.4 GB. Max. memory is 12.9 GB.
[2021-04-24 13:56:04,278 INFO  L339   ainManager$Toolchain]: #######################  End [Toolchain 1] #######################
 --- Results ---
 * Results from de.uni_freiburg.informatik.ultimate.plugins.blockencoding:
  - StatisticsResult: Initial Icfg
    437 locations, 1562 edges
  - ExceptionOrErrorResult: OutOfMemoryError: Java heap space
    de.uni_freiburg.informatik.ultimate.plugins.blockencoding: OutOfMemoryError: Java heap space: java.base/java.util.HashMap$EntrySet.iterator(HashMap.java:1009)
 * Results from de.uni_freiburg.informatik.ultimate.core:
  - StatisticsResult: Toolchain Benchmarks
    Benchmark results are:
 * CDTParser took 0.20 ms. Allocated memory is still 541.1 MB. Free memory is still 506.8 MB. There was no memory consumed. Max. memory is 12.9 GB.
 * CACSL2BoogieTranslator took 188.94 ms. Allocated memory is still 541.1 MB. Free memory was 487.5 MB in the beginning and 515.4 MB in the end (delta: -27.9 MB). Peak memory consumption was 18.5 MB. Max. memory is 12.9 GB.
 * Boogie Preprocessor took 25.25 ms. Allocated memory is still 541.1 MB. Free memory was 515.4 MB in the beginning and 513.8 MB in the end (delta: 1.6 MB). Peak memory consumption was 2.1 MB. Max. memory is 12.9 GB.
 * RCFGBuilder took 291.02 ms. Allocated memory is still 541.1 MB. Free memory was 513.8 MB in the beginning and 500.4 MB in the end (delta: 13.5 MB). Peak memory consumption was 12.6 MB. Max. memory is 12.9 GB.
 * LTL2Aut took 54.48 ms. Allocated memory is still 541.1 MB. Free memory was 500.4 MB in the beginning and 497.4 MB in the end (delta: 3.0 MB). Peak memory consumption was 4.2 MB. Max. memory is 12.9 GB.
 * B?chi Program Product took 511.20 ms. Allocated memory is still 541.1 MB. Free memory was 497.0 MB in the beginning and 503.5 MB in the end (delta: -6.5 MB). Peak memory consumption was 87.2 MB. Max. memory is 12.9 GB.
 * BlockEncodingV2 took 281939.20 ms. Allocated memory was 541.1 MB in the beginning and 536.9 MB in the end (delta: -4.2 MB). Free memory was 503.5 MB in the beginning and 506.4 MB in the end (delta: -2.9 MB). Peak memory consumption was 14.4 GB. Max. memory is 12.9 GB.
 * Results from de.uni_freiburg.informatik.ultimate.buchiprogramproduct:
  - StatisticsResult: Initial property automaton
    5 locations, 19 edges
  - StatisticsResult: Initial RCFG
    98 locations, 112 edges
  - StatisticsResult: BuchiProgram size
    437 locations, 1562 edges
RESULT: Ultimate could not prove your program: Toolchain returned no result.
Received shutdown request...
