Creating empty 100MiB image file: /home/magnago/overlay/semaphore_0026.c.ext3
Formatting image with ext3 file system
Image is done: /home/magnago/overlay/semaphore_0026.c.ext3
This is Ultimate 0.2.1-origin.dev-f91880a
[2021-04-24 13:57:26,267 INFO  L177        SettingsManager]: Resetting all preferences to default values...
[2021-04-24 13:57:26,270 INFO  L181        SettingsManager]: Resetting UltimateCore preferences to default values
[2021-04-24 13:57:26,314 INFO  L184        SettingsManager]: Ultimate Commandline Interface provides no preferences, ignoring...
[2021-04-24 13:57:26,315 INFO  L181        SettingsManager]: Resetting Boogie Preprocessor preferences to default values
[2021-04-24 13:57:26,316 INFO  L181        SettingsManager]: Resetting Boogie Procedure Inliner preferences to default values
[2021-04-24 13:57:26,317 INFO  L181        SettingsManager]: Resetting Abstract Interpretation preferences to default values
[2021-04-24 13:57:26,319 INFO  L181        SettingsManager]: Resetting LassoRanker preferences to default values
[2021-04-24 13:57:26,320 INFO  L181        SettingsManager]: Resetting Reaching Definitions preferences to default values
[2021-04-24 13:57:26,321 INFO  L181        SettingsManager]: Resetting SyntaxChecker preferences to default values
[2021-04-24 13:57:26,322 INFO  L181        SettingsManager]: Resetting Sifa preferences to default values
[2021-04-24 13:57:26,322 INFO  L184        SettingsManager]: B?chi Program Product provides no preferences, ignoring...
[2021-04-24 13:57:26,323 INFO  L181        SettingsManager]: Resetting LTL2Aut preferences to default values
[2021-04-24 13:57:26,324 INFO  L181        SettingsManager]: Resetting PEA to Boogie preferences to default values
[2021-04-24 13:57:26,325 INFO  L181        SettingsManager]: Resetting BlockEncodingV2 preferences to default values
[2021-04-24 13:57:26,326 INFO  L181        SettingsManager]: Resetting ChcToBoogie preferences to default values
[2021-04-24 13:57:26,326 INFO  L181        SettingsManager]: Resetting AutomataScriptInterpreter preferences to default values
[2021-04-24 13:57:26,327 INFO  L181        SettingsManager]: Resetting BuchiAutomizer preferences to default values
[2021-04-24 13:57:26,329 INFO  L181        SettingsManager]: Resetting CACSL2BoogieTranslator preferences to default values
[2021-04-24 13:57:26,330 INFO  L181        SettingsManager]: Resetting CodeCheck preferences to default values
[2021-04-24 13:57:26,331 INFO  L181        SettingsManager]: Resetting InvariantSynthesis preferences to default values
[2021-04-24 13:57:26,332 INFO  L181        SettingsManager]: Resetting RCFGBuilder preferences to default values
[2021-04-24 13:57:26,333 INFO  L181        SettingsManager]: Resetting Referee preferences to default values
[2021-04-24 13:57:26,334 INFO  L181        SettingsManager]: Resetting TraceAbstraction preferences to default values
[2021-04-24 13:57:26,336 INFO  L184        SettingsManager]: TraceAbstractionConcurrent provides no preferences, ignoring...
[2021-04-24 13:57:26,337 INFO  L184        SettingsManager]: TraceAbstractionWithAFAs provides no preferences, ignoring...
[2021-04-24 13:57:26,337 INFO  L181        SettingsManager]: Resetting TreeAutomizer preferences to default values
[2021-04-24 13:57:26,338 INFO  L181        SettingsManager]: Resetting IcfgToChc preferences to default values
[2021-04-24 13:57:26,338 INFO  L181        SettingsManager]: Resetting IcfgTransformer preferences to default values
[2021-04-24 13:57:26,339 INFO  L184        SettingsManager]: ReqToTest provides no preferences, ignoring...
[2021-04-24 13:57:26,339 INFO  L181        SettingsManager]: Resetting Boogie Printer preferences to default values
[2021-04-24 13:57:26,340 INFO  L181        SettingsManager]: Resetting ChcSmtPrinter preferences to default values
[2021-04-24 13:57:26,341 INFO  L181        SettingsManager]: Resetting ReqPrinter preferences to default values
[2021-04-24 13:57:26,341 INFO  L181        SettingsManager]: Resetting Witness Printer preferences to default values
[2021-04-24 13:57:26,342 INFO  L184        SettingsManager]: Boogie PL CUP Parser provides no preferences, ignoring...
[2021-04-24 13:57:26,342 INFO  L181        SettingsManager]: Resetting CDTParser preferences to default values
[2021-04-24 13:57:26,343 INFO  L184        SettingsManager]: AutomataScriptParser provides no preferences, ignoring...
[2021-04-24 13:57:26,343 INFO  L184        SettingsManager]: ReqParser provides no preferences, ignoring...
[2021-04-24 13:57:26,343 INFO  L181        SettingsManager]: Resetting SmtParser preferences to default values
[2021-04-24 13:57:26,344 INFO  L181        SettingsManager]: Resetting Witness Parser preferences to default values
[2021-04-24 13:57:26,344 INFO  L188        SettingsManager]: Finished resetting all preferences to default values...
[2021-04-24 13:57:26,345 INFO  L101        SettingsManager]: Beginning loading settings from /home/singularity/UAutomizer-linux/config/svcomp-LTL-64bit-Automizer_Default.epf
[2021-04-24 13:57:26,363 INFO  L113        SettingsManager]: Loading preferences was successful
[2021-04-24 13:57:26,363 INFO  L115        SettingsManager]: Preferences different from defaults after loading the file:
[2021-04-24 13:57:26,364 INFO  L136        SettingsManager]: Preferences of BlockEncodingV2 differ from their defaults:
[2021-04-24 13:57:26,364 INFO  L138        SettingsManager]:  * Minimize states even if more edges are added than removed.=true
[2021-04-24 13:57:26,364 INFO  L138        SettingsManager]:  * Rewrite not-equals=true
[2021-04-24 13:57:26,364 INFO  L138        SettingsManager]:  * Create parallel compositions if possible=false
[2021-04-24 13:57:26,364 INFO  L138        SettingsManager]:  * Minimize states using LBE with the strategy=NONE
[2021-04-24 13:57:26,364 INFO  L138        SettingsManager]:  * Use SBE=true
[2021-04-24 13:57:26,365 INFO  L136        SettingsManager]: Preferences of BuchiAutomizer differ from their defaults:
[2021-04-24 13:57:26,365 INFO  L138        SettingsManager]:  * Compute Interpolants along a Counterexample=Craig_TreeInterpolation
[2021-04-24 13:57:26,365 INFO  L138        SettingsManager]:  * Use old map elimination=false
[2021-04-24 13:57:26,365 INFO  L138        SettingsManager]:  * Try twofold refinement=false
[2021-04-24 13:57:26,365 INFO  L136        SettingsManager]: Preferences of CACSL2BoogieTranslator differ from their defaults:
[2021-04-24 13:57:26,365 INFO  L138        SettingsManager]:  * Check unreachability of error function in SV-COMP mode=false
[2021-04-24 13:57:26,365 INFO  L138        SettingsManager]:  * Overapproximate operations on floating types=true
[2021-04-24 13:57:26,366 INFO  L138        SettingsManager]:  * Check division by zero=IGNORE
[2021-04-24 13:57:26,366 INFO  L138        SettingsManager]:  * Pointer to allocated memory at dereference=ASSUME
[2021-04-24 13:57:26,366 INFO  L138        SettingsManager]:  * If two pointers are subtracted or compared they have the same base address=ASSUME
[2021-04-24 13:57:26,366 INFO  L138        SettingsManager]:  * Check array bounds for arrays that are off heap=ASSUME
[2021-04-24 13:57:26,366 INFO  L138        SettingsManager]:  * Check if freed pointer was valid=false
[2021-04-24 13:57:26,366 INFO  L138        SettingsManager]:  * Use constant arrays=true
[2021-04-24 13:57:26,366 INFO  L138        SettingsManager]:  * Pointer base address is valid at dereference=ASSUME
[2021-04-24 13:57:26,366 INFO  L136        SettingsManager]: Preferences of RCFGBuilder differ from their defaults:
[2021-04-24 13:57:26,366 INFO  L138        SettingsManager]:  * Size of a code block=SingleStatement
[2021-04-24 13:57:26,366 INFO  L138        SettingsManager]:  * SMT solver=Internal_SMTInterpol
Applying setting for plugin de.uni_freiburg.informatik.ultimate.plugins.generator.cacsl2boogietranslator: Overapproximate operations on floating types -> false
Applying setting for plugin de.uni_freiburg.informatik.ultimate.plugins.generator.cacsl2boogietranslator: Assume nondeterminstic values are in range -> false
[2021-04-24 13:57:26,559 INFO  L75    nceAwareModelManager]: Repository-Root is: /tmp
[2021-04-24 13:57:26,583 INFO  L261   ainManager$Toolchain]: [Toolchain 1]: Applicable parser(s) successfully (re)initialized
[2021-04-24 13:57:26,585 INFO  L217   ainManager$Toolchain]: [Toolchain 1]: Toolchain selected.
[2021-04-24 13:57:26,586 INFO  L271        PluginConnector]: Initializing CDTParser...
[2021-04-24 13:57:26,586 INFO  L275        PluginConnector]: CDTParser initialized
[2021-04-24 13:57:26,587 INFO  L432   ainManager$Toolchain]: [Toolchain 1]: Parsing single file: /home/magnago/benchmarks/ltl_infinite_state/semaphore/ultimate/semaphore_0026.c
[2021-04-24 13:57:26,642 INFO  L220              CDTParser]: Created temporary CDT project at /home/singularity/15ca87a3fb4c4c6993401b7b88515e3f/FLAG15d938816
!SESSION 2021-04-24 13:57:24.650 -----------------------------------------------
eclipse.buildId=unknown
java.version=11.0.10
java.vendor=Ubuntu
BootLoader constants: OS=linux, ARCH=x86_64, WS=gtk, NL=en_US
Framework arguments:  --console -tc /home/singularity/UAutomizer-linux/config/AutomizerLTL.xml -s /home/singularity/UAutomizer-linux/config/svcomp-LTL-64bit-Automizer_Default.epf --cacsl2boogietranslator.overapproximate.operations.on.floating.types=false --cacsl2boogietranslator.assume.nondeterminstic.values.are.in.range false -i /home/magnago/benchmarks/ltl_infinite_state/semaphore/ultimate/semaphore_0026.c
Command-line arguments:  -os linux -ws gtk -arch x86_64 -consoleLog --console -data @user.home/.ultimate -tc /home/singularity/UAutomizer-linux/config/AutomizerLTL.xml -s /home/singularity/UAutomizer-linux/config/svcomp-LTL-64bit-Automizer_Default.epf -data /home/singularity --cacsl2boogietranslator.overapproximate.operations.on.floating.types=false --cacsl2boogietranslator.assume.nondeterminstic.values.are.in.range false -i /home/magnago/benchmarks/ltl_infinite_state/semaphore/ultimate/semaphore_0026.c

!ENTRY org.eclipse.cdt.core 1 0 2021-04-24 13:57:26.917
!MESSAGE Indexed 'FLAG15d938816' (0 sources, 0 headers) in 0.006 sec: 0 declarations; 0 references; 0 unresolved inclusions; 0 syntax errors; 0 unresolved names (0%)
[2021-04-24 13:57:27,070 INFO  L306              CDTParser]: Found 1 translation units.
[2021-04-24 13:57:27,071 INFO  L160              CDTParser]: Scanning /home/magnago/benchmarks/ltl_infinite_state/semaphore/ultimate/semaphore_0026.c
[2021-04-24 13:57:27,114 INFO  L349              CDTParser]: About to delete temporary CDT project at /home/singularity/15ca87a3fb4c4c6993401b7b88515e3f/FLAG15d938816
[2021-04-24 13:57:27,615 INFO  L357              CDTParser]: Successfully deleted /home/singularity/15ca87a3fb4c4c6993401b7b88515e3f
[2021-04-24 13:57:27,617 INFO  L299   ainManager$Toolchain]: ####################### [Toolchain 1] #######################
[2021-04-24 13:57:27,620 INFO  L131        ToolchainWalker]: Walking toolchain with 7 elements.
[2021-04-24 13:57:27,621 INFO  L113        PluginConnector]: ------------------------CACSL2BoogieTranslator----------------------------
[2021-04-24 13:57:27,621 INFO  L271        PluginConnector]: Initializing CACSL2BoogieTranslator...
[2021-04-24 13:57:27,623 INFO  L275        PluginConnector]: CACSL2BoogieTranslator initialized
[2021-04-24 13:57:27,623 INFO  L185        PluginConnector]: Executing the observer ACSLObjectContainerObserver from plugin CACSL2BoogieTranslator for "CDTParser AST 24.04 01:57:27" (1/1) ...
[2021-04-24 13:57:27,624 INFO  L205        PluginConnector]: Invalid model from CACSL2BoogieTranslator for observer de.uni_freiburg.informatik.ultimate.plugins.generator.cacsl2boogietranslator.ACSLObjectContainerObserver@fc04d8e and model type de.uni_freiburg.informatik.ultimate.plugins.generator.cacsl2boogietranslator AST 24.04 01:57:27, skipping insertion in model container
[2021-04-24 13:57:27,624 INFO  L185        PluginConnector]: Executing the observer CACSL2BoogieTranslatorObserver from plugin CACSL2BoogieTranslator for "CDTParser AST 24.04 01:57:27" (1/1) ...
[2021-04-24 13:57:27,630 INFO  L145         MainTranslator]: Starting translation in SV-COMP mode 
[2021-04-24 13:57:27,663 INFO  L178         MainTranslator]: Built tables and reachable declarations
[2021-04-24 13:57:27,895 INFO  L206          PostProcessor]: Analyzing one entry point: main
[2021-04-24 13:57:27,900 INFO  L203         MainTranslator]: Completed pre-run
[2021-04-24 13:57:27,951 INFO  L206          PostProcessor]: Analyzing one entry point: main
[2021-04-24 13:57:27,969 INFO  L208         MainTranslator]: Completed translation
[2021-04-24 13:57:27,969 INFO  L202        PluginConnector]: Adding new model de.uni_freiburg.informatik.ultimate.plugins.generator.cacsl2boogietranslator AST 24.04 01:57:27 WrapperNode
[2021-04-24 13:57:27,970 INFO  L132        PluginConnector]: ------------------------ END CACSL2BoogieTranslator----------------------------
[2021-04-24 13:57:27,970 INFO  L113        PluginConnector]: ------------------------Boogie Preprocessor----------------------------
[2021-04-24 13:57:27,971 INFO  L271        PluginConnector]: Initializing Boogie Preprocessor...
[2021-04-24 13:57:27,971 INFO  L275        PluginConnector]: Boogie Preprocessor initialized
[2021-04-24 13:57:27,982 INFO  L185        PluginConnector]: Executing the observer EnsureBoogieModelObserver from plugin Boogie Preprocessor for "de.uni_freiburg.informatik.ultimate.plugins.generator.cacsl2boogietranslator AST 24.04 01:57:27" (1/1) ...
[2021-04-24 13:57:27,982 INFO  L185        PluginConnector]: Executing the observer TypeChecker from plugin Boogie Preprocessor for "de.uni_freiburg.informatik.ultimate.plugins.generator.cacsl2boogietranslator AST 24.04 01:57:27" (1/1) ...
[2021-04-24 13:57:27,994 INFO  L185        PluginConnector]: Executing the observer ConstExpander from plugin Boogie Preprocessor for "de.uni_freiburg.informatik.ultimate.plugins.generator.cacsl2boogietranslator AST 24.04 01:57:27" (1/1) ...
[2021-04-24 13:57:27,994 INFO  L185        PluginConnector]: Executing the observer StructExpander from plugin Boogie Preprocessor for "de.uni_freiburg.informatik.ultimate.plugins.generator.cacsl2boogietranslator AST 24.04 01:57:27" (1/1) ...
[2021-04-24 13:57:28,012 INFO  L185        PluginConnector]: Executing the observer UnstructureCode from plugin Boogie Preprocessor for "de.uni_freiburg.informatik.ultimate.plugins.generator.cacsl2boogietranslator AST 24.04 01:57:27" (1/1) ...
[2021-04-24 13:57:28,015 INFO  L185        PluginConnector]: Executing the observer FunctionInliner from plugin Boogie Preprocessor for "de.uni_freiburg.informatik.ultimate.plugins.generator.cacsl2boogietranslator AST 24.04 01:57:27" (1/1) ...
[2021-04-24 13:57:28,018 INFO  L185        PluginConnector]: Executing the observer BoogieSymbolTableConstructor from plugin Boogie Preprocessor for "de.uni_freiburg.informatik.ultimate.plugins.generator.cacsl2boogietranslator AST 24.04 01:57:27" (1/1) ...
[2021-04-24 13:57:28,023 INFO  L132        PluginConnector]: ------------------------ END Boogie Preprocessor----------------------------
[2021-04-24 13:57:28,023 INFO  L113        PluginConnector]: ------------------------RCFGBuilder----------------------------
[2021-04-24 13:57:28,023 INFO  L271        PluginConnector]: Initializing RCFGBuilder...
[2021-04-24 13:57:28,023 INFO  L275        PluginConnector]: RCFGBuilder initialized
[2021-04-24 13:57:28,024 INFO  L185        PluginConnector]: Executing the observer RCFGBuilderObserver from plugin RCFGBuilder for "de.uni_freiburg.informatik.ultimate.plugins.generator.cacsl2boogietranslator AST 24.04 01:57:27" (1/1) ...
[2021-04-24 13:57:28,090 INFO  L138     BoogieDeclarations]: Found implementation of procedure ULTIMATE.init
[2021-04-24 13:57:28,090 INFO  L138     BoogieDeclarations]: Found implementation of procedure ULTIMATE.start
[2021-04-24 13:57:28,091 INFO  L138     BoogieDeclarations]: Found implementation of procedure __VERIFIER_nondet_bool
[2021-04-24 13:57:28,091 INFO  L138     BoogieDeclarations]: Found implementation of procedure main
[2021-04-24 13:57:28,091 INFO  L130     BoogieDeclarations]: Found specification of procedure __VERIFIER_nondet_float
[2021-04-24 13:57:28,091 INFO  L130     BoogieDeclarations]: Found specification of procedure __VERIFIER_nondet_int
[2021-04-24 13:57:28,091 INFO  L130     BoogieDeclarations]: Found specification of procedure __VERIFIER_nondet_bool
[2021-04-24 13:57:28,091 INFO  L130     BoogieDeclarations]: Found specification of procedure main
[2021-04-24 13:57:28,091 INFO  L130     BoogieDeclarations]: Found specification of procedure ULTIMATE.init
[2021-04-24 13:57:28,091 INFO  L130     BoogieDeclarations]: Found specification of procedure ULTIMATE.start
[2021-04-24 13:57:28,475 INFO  L294             CfgBuilder]: Using the 1 location(s) as analysis (start of procedure ULTIMATE.start)
[2021-04-24 13:57:28,475 INFO  L299             CfgBuilder]: Removed 1 assume(true) statements.
[2021-04-24 13:57:28,477 INFO  L202        PluginConnector]: Adding new model de.uni_freiburg.informatik.ultimate.plugins.generator.rcfgbuilder CFG 24.04 01:57:28 BoogieIcfgContainer
[2021-04-24 13:57:28,477 INFO  L132        PluginConnector]: ------------------------ END RCFGBuilder----------------------------
[2021-04-24 13:57:28,478 INFO  L113        PluginConnector]: ------------------------LTL2Aut----------------------------
[2021-04-24 13:57:28,478 INFO  L271        PluginConnector]: Initializing LTL2Aut...
[2021-04-24 13:57:28,479 INFO  L275        PluginConnector]: LTL2Aut initialized
[2021-04-24 13:57:28,481 INFO  L185        PluginConnector]: Executing the observer LTL2autObserver from plugin LTL2Aut for "de.uni_freiburg.informatik.ultimate.plugins.generator.cacsl2boogietranslator AST 24.04 01:57:27" (2/3) ...
No working directory specified, using /usr/bin/ltl2ba
Starting monitored process 1 with ltl2ba -f ! ( ( ! ( [] ( <> ( a ) ) ) || ! ( ( ( ( ( ( ( ( ( ( ( ( ( ( ( ( ( ( ( ( ( ( ( ( ( ( [] ( <> ( b ) ) && [] ( <> ( c ) ) ) && [] ( <> ( d ) ) ) && [] ( <> ( e ) ) ) && [] ( <> ( h ) ) ) && [] ( <> ( i ) ) ) && [] ( <> ( j ) ) ) && [] ( <> ( k ) ) ) && [] ( <> ( l ) ) ) && [] ( <> ( m ) ) ) && [] ( <> ( n ) ) ) && [] ( <> ( o ) ) ) && [] ( <> ( p ) ) ) && [] ( <> ( q ) ) ) && [] ( <> ( V ) ) ) && [] ( <> ( s ) ) ) && [] ( <> ( t ) ) ) && [] ( <> ( v ) ) ) && [] ( <> ( w ) ) ) && [] ( <> ( y ) ) ) && [] ( <> ( z ) ) ) && [] ( <> ( a ) ) ) && [] ( <> ( ab ) ) ) && [] ( <> ( ac ) ) ) && [] ( <> ( ad ) ) ) && [] ( <> ( ae ) ) ) ) ) )  (exit command is null, workingDir is null)
[2021-04-24 13:57:28,506 FATAL L?                        ?]: Exception during parsing of LTLXBA output for formula (!( [] ( <> (a))) || !(((((((((((((((((((((((((( [] ( <> (b)) && [] ( <> (c))) && [] ( <> (d))) && [] ( <> (e))) && [] ( <> (h))) && [] ( <> (i))) && [] ( <> (j))) && [] ( <> (k))) && [] ( <> (l))) && [] ( <> (m))) && [] ( <> (n))) && [] ( <> (o))) && [] ( <> (p))) && [] ( <> (q))) && [] ( <> ( V ))) && [] ( <> (s))) && [] ( <> (t))) && [] ( <> (v))) && [] ( <> (w))) && [] ( <> (y))) && [] ( <> (z))) && [] ( <> (a))) && [] ( <> (ab))) && [] ( <> (ac))) && [] ( <> (ad))) && [] ( <> (ae)))))
java.lang.Exception: Can't recover from previous error(s)
	at com.github.jhoenicke.javacup.runtime.LRParser.report_fatal_error(LRParser.java:286)
	at com.github.jhoenicke.javacup.runtime.LRParser.unrecovered_syntax_error(LRParser.java:335)
	at com.github.jhoenicke.javacup.runtime.LRParser.error_recovery(LRParser.java:671)
	at com.github.jhoenicke.javacup.runtime.LRParser.parse(LRParser.java:437)
	at de.uni_freiburg.informatik.ultimate.ltl2aut.LTLXBAExecutor.ltl2Ast(LTLXBAExecutor.java:78)
	at de.uni_freiburg.informatik.ultimate.ltl2aut.LTL2autObserver.getNeverClaim(LTL2autObserver.java:267)
	at de.uni_freiburg.informatik.ultimate.ltl2aut.LTL2autObserver.finish(LTL2autObserver.java:122)
	at de.uni_freiburg.informatik.ultimate.core.coreplugin.PluginConnector.runObserver(PluginConnector.java:168)
	at de.uni_freiburg.informatik.ultimate.core.coreplugin.PluginConnector.runTool(PluginConnector.java:151)
	at de.uni_freiburg.informatik.ultimate.core.coreplugin.PluginConnector.run(PluginConnector.java:128)
	at de.uni_freiburg.informatik.ultimate.core.coreplugin.ToolchainWalker.executePluginConnector(ToolchainWalker.java:232)
	at de.uni_freiburg.informatik.ultimate.core.coreplugin.ToolchainWalker.processPlugin(ToolchainWalker.java:226)
	at de.uni_freiburg.informatik.ultimate.core.coreplugin.ToolchainWalker.walkUnprotected(ToolchainWalker.java:142)
	at de.uni_freiburg.informatik.ultimate.core.coreplugin.ToolchainWalker.walk(ToolchainWalker.java:104)
	at de.uni_freiburg.informatik.ultimate.core.coreplugin.ToolchainManager$Toolchain.processToolchain(ToolchainManager.java:320)
	at de.uni_freiburg.informatik.ultimate.core.coreplugin.toolchain.DefaultToolchainJob.run(DefaultToolchainJob.java:145)
	at org.eclipse.core.internal.jobs.Worker.run(Worker.java:63)
[2021-04-24 13:57:28,507 FATAL L81          LTLXBAExecutor]: Parser input was:
[2021-04-24 13:57:28,507 FATAL L82          LTLXBAExecutor]: ltl2ba: expected predicate, saw 'V'
ltl2ba: ! ( ( ! ( [] ( <> ( a ) ) ) || ! ( ( ( ( ( ( ( ( ( ( ( ( ( ( ( ( ( ( ( ( ( ( ( ( ( ( [] ( <> ( b ) ) && [] ( <> ( c ) ) ) && [] ( <> ( d ) ) ) && [] ( <> ( e ) ) ) && [] ( <> ( h ) ) ) && [] ( <> ( i ) ) ) && [] ( <> ( j ) ) ) && [] ( <> ( k ) ) ) && [] ( <> ( l ) ) ) && [] ( <> ( m ) ) ) && [] ( <> ( n ) ) ) && [] ( <> ( o ) ) ) && [] ( <> ( p ) ) ) && [] ( <> ( q ) ) ) && [] ( <> ( V ) ) ) && [] ( <> ( s ) ) ) && [] ( <> ( t ) ) ) && [] ( <> ( v ) ) ) && [] ( <> ( w ) ) ) && [] ( <> ( y ) ) ) && [] ( <> ( z ) ) ) && [] ( <> ( a ) ) ) && [] ( <> ( ab ) ) ) && [] ( <> ( ac ) ) ) && [] ( <> ( ad ) ) ) && [] ( <> ( ae ) ) ) ) ) ) 
-------------------------------------------------------------------------------------------------------------------------------------------------------------------------------------------------------------------------------------------------------------------------------------------------------------------------------------------------------------------------------------------------------------^

[2021-04-24 13:57:28,507 FATAL L269        LTL2autObserver]: Exception during LTL->BA execution: java.lang.Exception: Can't recover from previous error(s)
[2021-04-24 13:57:28,507 FATAL L?                        ?]: The Plugin de.uni_freiburg.informatik.ultimate.ltl2aut has thrown an exception:
java.lang.Exception: Can't recover from previous error(s)
	at com.github.jhoenicke.javacup.runtime.LRParser.report_fatal_error(LRParser.java:286)
	at com.github.jhoenicke.javacup.runtime.LRParser.unrecovered_syntax_error(LRParser.java:335)
	at com.github.jhoenicke.javacup.runtime.LRParser.error_recovery(LRParser.java:671)
	at com.github.jhoenicke.javacup.runtime.LRParser.parse(LRParser.java:437)
	at de.uni_freiburg.informatik.ultimate.ltl2aut.LTLXBAExecutor.ltl2Ast(LTLXBAExecutor.java:78)
	at de.uni_freiburg.informatik.ultimate.ltl2aut.LTL2autObserver.getNeverClaim(LTL2autObserver.java:267)
	at de.uni_freiburg.informatik.ultimate.ltl2aut.LTL2autObserver.finish(LTL2autObserver.java:122)
	at de.uni_freiburg.informatik.ultimate.core.coreplugin.PluginConnector.runObserver(PluginConnector.java:168)
	at de.uni_freiburg.informatik.ultimate.core.coreplugin.PluginConnector.runTool(PluginConnector.java:151)
	at de.uni_freiburg.informatik.ultimate.core.coreplugin.PluginConnector.run(PluginConnector.java:128)
	at de.uni_freiburg.informatik.ultimate.core.coreplugin.ToolchainWalker.executePluginConnector(ToolchainWalker.java:232)
	at de.uni_freiburg.informatik.ultimate.core.coreplugin.ToolchainWalker.processPlugin(ToolchainWalker.java:226)
	at de.uni_freiburg.informatik.ultimate.core.coreplugin.ToolchainWalker.walkUnprotected(ToolchainWalker.java:142)
	at de.uni_freiburg.informatik.ultimate.core.coreplugin.ToolchainWalker.walk(ToolchainWalker.java:104)
	at de.uni_freiburg.informatik.ultimate.core.coreplugin.ToolchainManager$Toolchain.processToolchain(ToolchainManager.java:320)
	at de.uni_freiburg.informatik.ultimate.core.coreplugin.toolchain.DefaultToolchainJob.run(DefaultToolchainJob.java:145)
	at org.eclipse.core.internal.jobs.Worker.run(Worker.java:63)
[2021-04-24 13:57:28,509 INFO  L168              Benchmark]: Toolchain (without parser) took 890.46 ms. Allocated memory is still 541.1 MB. Free memory was 487.5 MB in the beginning and 444.0 MB in the end (delta: 43.4 MB). Peak memory consumption was 42.1 MB. Max. memory is 12.9 GB.
[2021-04-24 13:57:28,510 INFO  L168              Benchmark]: CDTParser took 0.15 ms. Allocated memory is still 541.1 MB. Free memory is still 508.4 MB. There was no memory consumed. Max. memory is 12.9 GB.
[2021-04-24 13:57:28,511 INFO  L168              Benchmark]: CACSL2BoogieTranslator took 348.91 ms. Allocated memory is still 541.1 MB. Free memory was 487.1 MB in the beginning and 499.3 MB in the end (delta: -12.2 MB). Peak memory consumption was 21.1 MB. Max. memory is 12.9 GB.
[2021-04-24 13:57:28,511 INFO  L168              Benchmark]: Boogie Preprocessor took 52.21 ms. Allocated memory is still 541.1 MB. Free memory was 499.3 MB in the beginning and 494.8 MB in the end (delta: 4.5 MB). Peak memory consumption was 4.2 MB. Max. memory is 12.9 GB.
[2021-04-24 13:57:28,512 INFO  L168              Benchmark]: RCFGBuilder took 454.11 ms. Allocated memory is still 541.1 MB. Free memory was 494.8 MB in the beginning and 446.5 MB in the end (delta: 48.2 MB). Peak memory consumption was 48.2 MB. Max. memory is 12.9 GB.
[2021-04-24 13:57:28,513 INFO  L168              Benchmark]: LTL2Aut took 30.27 ms. Allocated memory is still 541.1 MB. Free memory was 446.5 MB in the beginning and 444.0 MB in the end (delta: 2.5 MB). Peak memory consumption was 4.2 MB. Max. memory is 12.9 GB.
[2021-04-24 13:57:28,515 INFO  L339   ainManager$Toolchain]: #######################  End [Toolchain 1] #######################
 --- Results ---
 * Results from de.uni_freiburg.informatik.ultimate.core:
  - StatisticsResult: Toolchain Benchmarks
    Benchmark results are:
 * CDTParser took 0.15 ms. Allocated memory is still 541.1 MB. Free memory is still 508.4 MB. There was no memory consumed. Max. memory is 12.9 GB.
 * CACSL2BoogieTranslator took 348.91 ms. Allocated memory is still 541.1 MB. Free memory was 487.1 MB in the beginning and 499.3 MB in the end (delta: -12.2 MB). Peak memory consumption was 21.1 MB. Max. memory is 12.9 GB.
 * Boogie Preprocessor took 52.21 ms. Allocated memory is still 541.1 MB. Free memory was 499.3 MB in the beginning and 494.8 MB in the end (delta: 4.5 MB). Peak memory consumption was 4.2 MB. Max. memory is 12.9 GB.
 * RCFGBuilder took 454.11 ms. Allocated memory is still 541.1 MB. Free memory was 494.8 MB in the beginning and 446.5 MB in the end (delta: 48.2 MB). Peak memory consumption was 48.2 MB. Max. memory is 12.9 GB.
 * LTL2Aut took 30.27 ms. Allocated memory is still 541.1 MB. Free memory was 446.5 MB in the beginning and 444.0 MB in the end (delta: 2.5 MB). Peak memory consumption was 4.2 MB. Max. memory is 12.9 GB.
 * Results from de.uni_freiburg.informatik.ultimate.ltl2aut:
  - ExceptionOrErrorResult: Exception: Can't recover from previous error(s)
    de.uni_freiburg.informatik.ultimate.ltl2aut: Exception: Can't recover from previous error(s): com.github.jhoenicke.javacup.runtime.LRParser.report_fatal_error(LRParser.java:286)
RESULT: Ultimate could not prove your program: Toolchain returned no result.
Received shutdown request...
