Creating empty 100MiB image file: /home/magnago/overlay/semaphore_0016.c.ext3
Formatting image with ext3 file system
Image is done: /home/magnago/overlay/semaphore_0016.c.ext3
This is Ultimate 0.2.1-origin.dev-f91880a
[2021-04-24 13:56:27,465 INFO  L177        SettingsManager]: Resetting all preferences to default values...
[2021-04-24 13:56:27,468 INFO  L181        SettingsManager]: Resetting UltimateCore preferences to default values
[2021-04-24 13:56:27,522 INFO  L184        SettingsManager]: Ultimate Commandline Interface provides no preferences, ignoring...
[2021-04-24 13:56:27,523 INFO  L181        SettingsManager]: Resetting Boogie Preprocessor preferences to default values
[2021-04-24 13:56:27,524 INFO  L181        SettingsManager]: Resetting Boogie Procedure Inliner preferences to default values
[2021-04-24 13:56:27,525 INFO  L181        SettingsManager]: Resetting Abstract Interpretation preferences to default values
[2021-04-24 13:56:27,526 INFO  L181        SettingsManager]: Resetting LassoRanker preferences to default values
[2021-04-24 13:56:27,527 INFO  L181        SettingsManager]: Resetting Reaching Definitions preferences to default values
[2021-04-24 13:56:27,528 INFO  L181        SettingsManager]: Resetting SyntaxChecker preferences to default values
[2021-04-24 13:56:27,529 INFO  L181        SettingsManager]: Resetting Sifa preferences to default values
[2021-04-24 13:56:27,530 INFO  L184        SettingsManager]: B?chi Program Product provides no preferences, ignoring...
[2021-04-24 13:56:27,530 INFO  L181        SettingsManager]: Resetting LTL2Aut preferences to default values
[2021-04-24 13:56:27,531 INFO  L181        SettingsManager]: Resetting PEA to Boogie preferences to default values
[2021-04-24 13:56:27,531 INFO  L181        SettingsManager]: Resetting BlockEncodingV2 preferences to default values
[2021-04-24 13:56:27,532 INFO  L181        SettingsManager]: Resetting ChcToBoogie preferences to default values
[2021-04-24 13:56:27,533 INFO  L181        SettingsManager]: Resetting AutomataScriptInterpreter preferences to default values
[2021-04-24 13:56:27,533 INFO  L181        SettingsManager]: Resetting BuchiAutomizer preferences to default values
[2021-04-24 13:56:27,534 INFO  L181        SettingsManager]: Resetting CACSL2BoogieTranslator preferences to default values
[2021-04-24 13:56:27,535 INFO  L181        SettingsManager]: Resetting CodeCheck preferences to default values
[2021-04-24 13:56:27,536 INFO  L181        SettingsManager]: Resetting InvariantSynthesis preferences to default values
[2021-04-24 13:56:27,537 INFO  L181        SettingsManager]: Resetting RCFGBuilder preferences to default values
[2021-04-24 13:56:27,538 INFO  L181        SettingsManager]: Resetting Referee preferences to default values
[2021-04-24 13:56:27,538 INFO  L181        SettingsManager]: Resetting TraceAbstraction preferences to default values
[2021-04-24 13:56:27,540 INFO  L184        SettingsManager]: TraceAbstractionConcurrent provides no preferences, ignoring...
[2021-04-24 13:56:27,540 INFO  L184        SettingsManager]: TraceAbstractionWithAFAs provides no preferences, ignoring...
[2021-04-24 13:56:27,540 INFO  L181        SettingsManager]: Resetting TreeAutomizer preferences to default values
[2021-04-24 13:56:27,541 INFO  L181        SettingsManager]: Resetting IcfgToChc preferences to default values
[2021-04-24 13:56:27,541 INFO  L181        SettingsManager]: Resetting IcfgTransformer preferences to default values
[2021-04-24 13:56:27,542 INFO  L184        SettingsManager]: ReqToTest provides no preferences, ignoring...
[2021-04-24 13:56:27,542 INFO  L181        SettingsManager]: Resetting Boogie Printer preferences to default values
[2021-04-24 13:56:27,542 INFO  L181        SettingsManager]: Resetting ChcSmtPrinter preferences to default values
[2021-04-24 13:56:27,543 INFO  L181        SettingsManager]: Resetting ReqPrinter preferences to default values
[2021-04-24 13:56:27,543 INFO  L181        SettingsManager]: Resetting Witness Printer preferences to default values
[2021-04-24 13:56:27,544 INFO  L184        SettingsManager]: Boogie PL CUP Parser provides no preferences, ignoring...
[2021-04-24 13:56:27,544 INFO  L181        SettingsManager]: Resetting CDTParser preferences to default values
[2021-04-24 13:56:27,545 INFO  L184        SettingsManager]: AutomataScriptParser provides no preferences, ignoring...
[2021-04-24 13:56:27,545 INFO  L184        SettingsManager]: ReqParser provides no preferences, ignoring...
[2021-04-24 13:56:27,545 INFO  L181        SettingsManager]: Resetting SmtParser preferences to default values
[2021-04-24 13:56:27,545 INFO  L181        SettingsManager]: Resetting Witness Parser preferences to default values
[2021-04-24 13:56:27,546 INFO  L188        SettingsManager]: Finished resetting all preferences to default values...
[2021-04-24 13:56:27,547 INFO  L101        SettingsManager]: Beginning loading settings from /home/singularity/UAutomizer-linux/config/svcomp-LTL-64bit-Automizer_Default.epf
[2021-04-24 13:56:27,559 INFO  L113        SettingsManager]: Loading preferences was successful
[2021-04-24 13:56:27,559 INFO  L115        SettingsManager]: Preferences different from defaults after loading the file:
[2021-04-24 13:56:27,559 INFO  L136        SettingsManager]: Preferences of BlockEncodingV2 differ from their defaults:
[2021-04-24 13:56:27,560 INFO  L138        SettingsManager]:  * Minimize states even if more edges are added than removed.=true
[2021-04-24 13:56:27,560 INFO  L138        SettingsManager]:  * Rewrite not-equals=true
[2021-04-24 13:56:27,560 INFO  L138        SettingsManager]:  * Create parallel compositions if possible=false
[2021-04-24 13:56:27,560 INFO  L138        SettingsManager]:  * Minimize states using LBE with the strategy=NONE
[2021-04-24 13:56:27,560 INFO  L138        SettingsManager]:  * Use SBE=true
[2021-04-24 13:56:27,560 INFO  L136        SettingsManager]: Preferences of BuchiAutomizer differ from their defaults:
[2021-04-24 13:56:27,560 INFO  L138        SettingsManager]:  * Compute Interpolants along a Counterexample=Craig_TreeInterpolation
[2021-04-24 13:56:27,560 INFO  L138        SettingsManager]:  * Use old map elimination=false
[2021-04-24 13:56:27,560 INFO  L138        SettingsManager]:  * Try twofold refinement=false
[2021-04-24 13:56:27,560 INFO  L136        SettingsManager]: Preferences of CACSL2BoogieTranslator differ from their defaults:
[2021-04-24 13:56:27,561 INFO  L138        SettingsManager]:  * Check unreachability of error function in SV-COMP mode=false
[2021-04-24 13:56:27,561 INFO  L138        SettingsManager]:  * Overapproximate operations on floating types=true
[2021-04-24 13:56:27,561 INFO  L138        SettingsManager]:  * Check division by zero=IGNORE
[2021-04-24 13:56:27,561 INFO  L138        SettingsManager]:  * Pointer to allocated memory at dereference=ASSUME
[2021-04-24 13:56:27,561 INFO  L138        SettingsManager]:  * If two pointers are subtracted or compared they have the same base address=ASSUME
[2021-04-24 13:56:27,561 INFO  L138        SettingsManager]:  * Check array bounds for arrays that are off heap=ASSUME
[2021-04-24 13:56:27,561 INFO  L138        SettingsManager]:  * Check if freed pointer was valid=false
[2021-04-24 13:56:27,561 INFO  L138        SettingsManager]:  * Use constant arrays=true
[2021-04-24 13:56:27,561 INFO  L138        SettingsManager]:  * Pointer base address is valid at dereference=ASSUME
[2021-04-24 13:56:27,561 INFO  L136        SettingsManager]: Preferences of RCFGBuilder differ from their defaults:
[2021-04-24 13:56:27,561 INFO  L138        SettingsManager]:  * Size of a code block=SingleStatement
[2021-04-24 13:56:27,562 INFO  L138        SettingsManager]:  * SMT solver=Internal_SMTInterpol
Applying setting for plugin de.uni_freiburg.informatik.ultimate.plugins.generator.cacsl2boogietranslator: Overapproximate operations on floating types -> false
Applying setting for plugin de.uni_freiburg.informatik.ultimate.plugins.generator.cacsl2boogietranslator: Assume nondeterminstic values are in range -> false
[2021-04-24 13:56:27,788 INFO  L75    nceAwareModelManager]: Repository-Root is: /tmp
[2021-04-24 13:56:27,812 INFO  L261   ainManager$Toolchain]: [Toolchain 1]: Applicable parser(s) successfully (re)initialized
[2021-04-24 13:56:27,814 INFO  L217   ainManager$Toolchain]: [Toolchain 1]: Toolchain selected.
[2021-04-24 13:56:27,815 INFO  L271        PluginConnector]: Initializing CDTParser...
[2021-04-24 13:56:27,815 INFO  L275        PluginConnector]: CDTParser initialized
[2021-04-24 13:56:27,816 INFO  L432   ainManager$Toolchain]: [Toolchain 1]: Parsing single file: /home/magnago/benchmarks/ltl_infinite_state/semaphore/ultimate/semaphore_0016.c
[2021-04-24 13:56:27,856 INFO  L220              CDTParser]: Created temporary CDT project at /home/singularity/6f8bd94447e545b7948f11198c0f7d21/FLAG9b1f0d7c2
!SESSION 2021-04-24 13:56:25.630 -----------------------------------------------
eclipse.buildId=unknown
java.version=11.0.10
java.vendor=Ubuntu
BootLoader constants: OS=linux, ARCH=x86_64, WS=gtk, NL=en_US
Framework arguments:  --console -tc /home/singularity/UAutomizer-linux/config/AutomizerLTL.xml -s /home/singularity/UAutomizer-linux/config/svcomp-LTL-64bit-Automizer_Default.epf --cacsl2boogietranslator.overapproximate.operations.on.floating.types=false --cacsl2boogietranslator.assume.nondeterminstic.values.are.in.range false -i /home/magnago/benchmarks/ltl_infinite_state/semaphore/ultimate/semaphore_0016.c
Command-line arguments:  -os linux -ws gtk -arch x86_64 -consoleLog --console -data @user.home/.ultimate -tc /home/singularity/UAutomizer-linux/config/AutomizerLTL.xml -s /home/singularity/UAutomizer-linux/config/svcomp-LTL-64bit-Automizer_Default.epf -data /home/singularity --cacsl2boogietranslator.overapproximate.operations.on.floating.types=false --cacsl2boogietranslator.assume.nondeterminstic.values.are.in.range false -i /home/magnago/benchmarks/ltl_infinite_state/semaphore/ultimate/semaphore_0016.c

!ENTRY org.eclipse.cdt.core 1 0 2021-04-24 13:56:28.088
!MESSAGE Indexed 'FLAG9b1f0d7c2' (0 sources, 0 headers) in 0.005 sec: 0 declarations; 0 references; 0 unresolved inclusions; 0 syntax errors; 0 unresolved names (0%)
[2021-04-24 13:56:28,274 INFO  L306              CDTParser]: Found 1 translation units.
[2021-04-24 13:56:28,275 INFO  L160              CDTParser]: Scanning /home/magnago/benchmarks/ltl_infinite_state/semaphore/ultimate/semaphore_0016.c
[2021-04-24 13:56:28,304 INFO  L349              CDTParser]: About to delete temporary CDT project at /home/singularity/6f8bd94447e545b7948f11198c0f7d21/FLAG9b1f0d7c2
[2021-04-24 13:56:28,313 INFO  L357              CDTParser]: Successfully deleted /home/singularity/6f8bd94447e545b7948f11198c0f7d21
[2021-04-24 13:56:28,315 INFO  L299   ainManager$Toolchain]: ####################### [Toolchain 1] #######################
[2021-04-24 13:56:28,317 INFO  L131        ToolchainWalker]: Walking toolchain with 7 elements.
[2021-04-24 13:56:28,318 INFO  L113        PluginConnector]: ------------------------CACSL2BoogieTranslator----------------------------
[2021-04-24 13:56:28,318 INFO  L271        PluginConnector]: Initializing CACSL2BoogieTranslator...
[2021-04-24 13:56:28,320 INFO  L275        PluginConnector]: CACSL2BoogieTranslator initialized
[2021-04-24 13:56:28,321 INFO  L185        PluginConnector]: Executing the observer ACSLObjectContainerObserver from plugin CACSL2BoogieTranslator for "CDTParser AST 24.04 01:56:28" (1/1) ...
[2021-04-24 13:56:28,322 INFO  L205        PluginConnector]: Invalid model from CACSL2BoogieTranslator for observer de.uni_freiburg.informatik.ultimate.plugins.generator.cacsl2boogietranslator.ACSLObjectContainerObserver@7ba97681 and model type de.uni_freiburg.informatik.ultimate.plugins.generator.cacsl2boogietranslator AST 24.04 01:56:28, skipping insertion in model container
[2021-04-24 13:56:28,322 INFO  L185        PluginConnector]: Executing the observer CACSL2BoogieTranslatorObserver from plugin CACSL2BoogieTranslator for "CDTParser AST 24.04 01:56:28" (1/1) ...
[2021-04-24 13:56:28,327 INFO  L145         MainTranslator]: Starting translation in SV-COMP mode 
[2021-04-24 13:56:28,350 INFO  L178         MainTranslator]: Built tables and reachable declarations
[2021-04-24 13:56:28,519 INFO  L206          PostProcessor]: Analyzing one entry point: main
[2021-04-24 13:56:28,523 INFO  L203         MainTranslator]: Completed pre-run
[2021-04-24 13:56:28,567 INFO  L206          PostProcessor]: Analyzing one entry point: main
[2021-04-24 13:56:28,582 INFO  L208         MainTranslator]: Completed translation
[2021-04-24 13:56:28,582 INFO  L202        PluginConnector]: Adding new model de.uni_freiburg.informatik.ultimate.plugins.generator.cacsl2boogietranslator AST 24.04 01:56:28 WrapperNode
[2021-04-24 13:56:28,582 INFO  L132        PluginConnector]: ------------------------ END CACSL2BoogieTranslator----------------------------
[2021-04-24 13:56:28,583 INFO  L113        PluginConnector]: ------------------------Boogie Preprocessor----------------------------
[2021-04-24 13:56:28,583 INFO  L271        PluginConnector]: Initializing Boogie Preprocessor...
[2021-04-24 13:56:28,583 INFO  L275        PluginConnector]: Boogie Preprocessor initialized
[2021-04-24 13:56:28,591 INFO  L185        PluginConnector]: Executing the observer EnsureBoogieModelObserver from plugin Boogie Preprocessor for "de.uni_freiburg.informatik.ultimate.plugins.generator.cacsl2boogietranslator AST 24.04 01:56:28" (1/1) ...
[2021-04-24 13:56:28,591 INFO  L185        PluginConnector]: Executing the observer TypeChecker from plugin Boogie Preprocessor for "de.uni_freiburg.informatik.ultimate.plugins.generator.cacsl2boogietranslator AST 24.04 01:56:28" (1/1) ...
[2021-04-24 13:56:28,599 INFO  L185        PluginConnector]: Executing the observer ConstExpander from plugin Boogie Preprocessor for "de.uni_freiburg.informatik.ultimate.plugins.generator.cacsl2boogietranslator AST 24.04 01:56:28" (1/1) ...
[2021-04-24 13:56:28,599 INFO  L185        PluginConnector]: Executing the observer StructExpander from plugin Boogie Preprocessor for "de.uni_freiburg.informatik.ultimate.plugins.generator.cacsl2boogietranslator AST 24.04 01:56:28" (1/1) ...
[2021-04-24 13:56:28,611 INFO  L185        PluginConnector]: Executing the observer UnstructureCode from plugin Boogie Preprocessor for "de.uni_freiburg.informatik.ultimate.plugins.generator.cacsl2boogietranslator AST 24.04 01:56:28" (1/1) ...
[2021-04-24 13:56:28,614 INFO  L185        PluginConnector]: Executing the observer FunctionInliner from plugin Boogie Preprocessor for "de.uni_freiburg.informatik.ultimate.plugins.generator.cacsl2boogietranslator AST 24.04 01:56:28" (1/1) ...
[2021-04-24 13:56:28,617 INFO  L185        PluginConnector]: Executing the observer BoogieSymbolTableConstructor from plugin Boogie Preprocessor for "de.uni_freiburg.informatik.ultimate.plugins.generator.cacsl2boogietranslator AST 24.04 01:56:28" (1/1) ...
[2021-04-24 13:56:28,620 INFO  L132        PluginConnector]: ------------------------ END Boogie Preprocessor----------------------------
[2021-04-24 13:56:28,621 INFO  L113        PluginConnector]: ------------------------RCFGBuilder----------------------------
[2021-04-24 13:56:28,621 INFO  L271        PluginConnector]: Initializing RCFGBuilder...
[2021-04-24 13:56:28,621 INFO  L275        PluginConnector]: RCFGBuilder initialized
[2021-04-24 13:56:28,622 INFO  L185        PluginConnector]: Executing the observer RCFGBuilderObserver from plugin RCFGBuilder for "de.uni_freiburg.informatik.ultimate.plugins.generator.cacsl2boogietranslator AST 24.04 01:56:28" (1/1) ...
[2021-04-24 13:56:28,689 INFO  L138     BoogieDeclarations]: Found implementation of procedure ULTIMATE.init
[2021-04-24 13:56:28,690 INFO  L138     BoogieDeclarations]: Found implementation of procedure ULTIMATE.start
[2021-04-24 13:56:28,690 INFO  L138     BoogieDeclarations]: Found implementation of procedure __VERIFIER_nondet_bool
[2021-04-24 13:56:28,690 INFO  L138     BoogieDeclarations]: Found implementation of procedure main
[2021-04-24 13:56:28,690 INFO  L130     BoogieDeclarations]: Found specification of procedure __VERIFIER_nondet_float
[2021-04-24 13:56:28,690 INFO  L130     BoogieDeclarations]: Found specification of procedure __VERIFIER_nondet_int
[2021-04-24 13:56:28,690 INFO  L130     BoogieDeclarations]: Found specification of procedure __VERIFIER_nondet_bool
[2021-04-24 13:56:28,690 INFO  L130     BoogieDeclarations]: Found specification of procedure main
[2021-04-24 13:56:28,690 INFO  L130     BoogieDeclarations]: Found specification of procedure ULTIMATE.init
[2021-04-24 13:56:28,690 INFO  L130     BoogieDeclarations]: Found specification of procedure ULTIMATE.start
[2021-04-24 13:56:28,990 INFO  L294             CfgBuilder]: Using the 1 location(s) as analysis (start of procedure ULTIMATE.start)
[2021-04-24 13:56:28,991 INFO  L299             CfgBuilder]: Removed 1 assume(true) statements.
[2021-04-24 13:56:28,992 INFO  L202        PluginConnector]: Adding new model de.uni_freiburg.informatik.ultimate.plugins.generator.rcfgbuilder CFG 24.04 01:56:28 BoogieIcfgContainer
[2021-04-24 13:56:28,992 INFO  L132        PluginConnector]: ------------------------ END RCFGBuilder----------------------------
[2021-04-24 13:56:28,993 INFO  L113        PluginConnector]: ------------------------LTL2Aut----------------------------
[2021-04-24 13:56:28,993 INFO  L271        PluginConnector]: Initializing LTL2Aut...
[2021-04-24 13:56:28,995 INFO  L275        PluginConnector]: LTL2Aut initialized
[2021-04-24 13:56:28,996 INFO  L185        PluginConnector]: Executing the observer LTL2autObserver from plugin LTL2Aut for "de.uni_freiburg.informatik.ultimate.plugins.generator.cacsl2boogietranslator AST 24.04 01:56:28" (2/3) ...
No working directory specified, using /usr/bin/ltl2ba
Starting monitored process 1 with ltl2ba -f ! ( ( ! ( [] ( <> ( a ) ) ) || ! ( ( ( ( ( ( ( ( ( ( ( ( ( ( ( ( [] ( <> ( b ) ) && [] ( <> ( c ) ) ) && [] ( <> ( d ) ) ) && [] ( <> ( e ) ) ) && [] ( <> ( h ) ) ) && [] ( <> ( i ) ) ) && [] ( <> ( j ) ) ) && [] ( <> ( k ) ) ) && [] ( <> ( l ) ) ) && [] ( <> ( m ) ) ) && [] ( <> ( n ) ) ) && [] ( <> ( o ) ) ) && [] ( <> ( p ) ) ) && [] ( <> ( q ) ) ) && [] ( <> ( V ) ) ) && [] ( <> ( s ) ) ) ) ) )  (exit command is null, workingDir is null)
[2021-04-24 13:56:29,022 FATAL L?                        ?]: Exception during parsing of LTLXBA output for formula (!( [] ( <> (a))) || !(((((((((((((((( [] ( <> (b)) && [] ( <> (c))) && [] ( <> (d))) && [] ( <> (e))) && [] ( <> (h))) && [] ( <> (i))) && [] ( <> (j))) && [] ( <> (k))) && [] ( <> (l))) && [] ( <> (m))) && [] ( <> (n))) && [] ( <> (o))) && [] ( <> (p))) && [] ( <> (q))) && [] ( <> ( V ))) && [] ( <> (s)))))
java.lang.Exception: Can't recover from previous error(s)
	at com.github.jhoenicke.javacup.runtime.LRParser.report_fatal_error(LRParser.java:286)
	at com.github.jhoenicke.javacup.runtime.LRParser.unrecovered_syntax_error(LRParser.java:335)
	at com.github.jhoenicke.javacup.runtime.LRParser.error_recovery(LRParser.java:671)
	at com.github.jhoenicke.javacup.runtime.LRParser.parse(LRParser.java:437)
	at de.uni_freiburg.informatik.ultimate.ltl2aut.LTLXBAExecutor.ltl2Ast(LTLXBAExecutor.java:78)
	at de.uni_freiburg.informatik.ultimate.ltl2aut.LTL2autObserver.getNeverClaim(LTL2autObserver.java:267)
	at de.uni_freiburg.informatik.ultimate.ltl2aut.LTL2autObserver.finish(LTL2autObserver.java:122)
	at de.uni_freiburg.informatik.ultimate.core.coreplugin.PluginConnector.runObserver(PluginConnector.java:168)
	at de.uni_freiburg.informatik.ultimate.core.coreplugin.PluginConnector.runTool(PluginConnector.java:151)
	at de.uni_freiburg.informatik.ultimate.core.coreplugin.PluginConnector.run(PluginConnector.java:128)
	at de.uni_freiburg.informatik.ultimate.core.coreplugin.ToolchainWalker.executePluginConnector(ToolchainWalker.java:232)
	at de.uni_freiburg.informatik.ultimate.core.coreplugin.ToolchainWalker.processPlugin(ToolchainWalker.java:226)
	at de.uni_freiburg.informatik.ultimate.core.coreplugin.ToolchainWalker.walkUnprotected(ToolchainWalker.java:142)
	at de.uni_freiburg.informatik.ultimate.core.coreplugin.ToolchainWalker.walk(ToolchainWalker.java:104)
	at de.uni_freiburg.informatik.ultimate.core.coreplugin.ToolchainManager$Toolchain.processToolchain(ToolchainManager.java:320)
	at de.uni_freiburg.informatik.ultimate.core.coreplugin.toolchain.DefaultToolchainJob.run(DefaultToolchainJob.java:145)
	at org.eclipse.core.internal.jobs.Worker.run(Worker.java:63)
[2021-04-24 13:56:29,024 FATAL L81          LTLXBAExecutor]: Parser input was:
[2021-04-24 13:56:29,024 FATAL L82          LTLXBAExecutor]: ltl2ba: expected predicate, saw 'V'
ltl2ba: ! ( ( ! ( [] ( <> ( a ) ) ) || ! ( ( ( ( ( ( ( ( ( ( ( ( ( ( ( ( [] ( <> ( b ) ) && [] ( <> ( c ) ) ) && [] ( <> ( d ) ) ) && [] ( <> ( e ) ) ) && [] ( <> ( h ) ) ) && [] ( <> ( i ) ) ) && [] ( <> ( j ) ) ) && [] ( <> ( k ) ) ) && [] ( <> ( l ) ) ) && [] ( <> ( m ) ) ) && [] ( <> ( n ) ) ) && [] ( <> ( o ) ) ) && [] ( <> ( p ) ) ) && [] ( <> ( q ) ) ) && [] ( <> ( V ) ) ) && [] ( <> ( s ) ) ) ) ) ) 
-----------------------------------------------------------------------------------------------------------------------------------------------------------------------------------------------------------------------------------------------------------------------------------------------------------------------------------------------------------------------------------------^

[2021-04-24 13:56:29,024 FATAL L269        LTL2autObserver]: Exception during LTL->BA execution: java.lang.Exception: Can't recover from previous error(s)
[2021-04-24 13:56:29,025 FATAL L?                        ?]: The Plugin de.uni_freiburg.informatik.ultimate.ltl2aut has thrown an exception:
java.lang.Exception: Can't recover from previous error(s)
	at com.github.jhoenicke.javacup.runtime.LRParser.report_fatal_error(LRParser.java:286)
	at com.github.jhoenicke.javacup.runtime.LRParser.unrecovered_syntax_error(LRParser.java:335)
	at com.github.jhoenicke.javacup.runtime.LRParser.error_recovery(LRParser.java:671)
	at com.github.jhoenicke.javacup.runtime.LRParser.parse(LRParser.java:437)
	at de.uni_freiburg.informatik.ultimate.ltl2aut.LTLXBAExecutor.ltl2Ast(LTLXBAExecutor.java:78)
	at de.uni_freiburg.informatik.ultimate.ltl2aut.LTL2autObserver.getNeverClaim(LTL2autObserver.java:267)
	at de.uni_freiburg.informatik.ultimate.ltl2aut.LTL2autObserver.finish(LTL2autObserver.java:122)
	at de.uni_freiburg.informatik.ultimate.core.coreplugin.PluginConnector.runObserver(PluginConnector.java:168)
	at de.uni_freiburg.informatik.ultimate.core.coreplugin.PluginConnector.runTool(PluginConnector.java:151)
	at de.uni_freiburg.informatik.ultimate.core.coreplugin.PluginConnector.run(PluginConnector.java:128)
	at de.uni_freiburg.informatik.ultimate.core.coreplugin.ToolchainWalker.executePluginConnector(ToolchainWalker.java:232)
	at de.uni_freiburg.informatik.ultimate.core.coreplugin.ToolchainWalker.processPlugin(ToolchainWalker.java:226)
	at de.uni_freiburg.informatik.ultimate.core.coreplugin.ToolchainWalker.walkUnprotected(ToolchainWalker.java:142)
	at de.uni_freiburg.informatik.ultimate.core.coreplugin.ToolchainWalker.walk(ToolchainWalker.java:104)
	at de.uni_freiburg.informatik.ultimate.core.coreplugin.ToolchainManager$Toolchain.processToolchain(ToolchainManager.java:320)
	at de.uni_freiburg.informatik.ultimate.core.coreplugin.toolchain.DefaultToolchainJob.run(DefaultToolchainJob.java:145)
	at org.eclipse.core.internal.jobs.Worker.run(Worker.java:63)
[2021-04-24 13:56:29,029 INFO  L168              Benchmark]: Toolchain (without parser) took 711.09 ms. Allocated memory is still 541.1 MB. Free memory was 487.3 MB in the beginning and 468.5 MB in the end (delta: 18.8 MB). Peak memory consumption was 16.7 MB. Max. memory is 12.9 GB.
[2021-04-24 13:56:29,030 INFO  L168              Benchmark]: CDTParser took 0.10 ms. Allocated memory is still 541.1 MB. Free memory is still 507.6 MB. There was no memory consumed. Max. memory is 12.9 GB.
[2021-04-24 13:56:29,032 INFO  L168              Benchmark]: CACSL2BoogieTranslator took 264.20 ms. Allocated memory is still 541.1 MB. Free memory was 487.0 MB in the beginning and 505.9 MB in the end (delta: -18.9 MB). Peak memory consumption was 18.8 MB. Max. memory is 12.9 GB.
[2021-04-24 13:56:29,032 INFO  L168              Benchmark]: Boogie Preprocessor took 37.28 ms. Allocated memory is still 541.1 MB. Free memory was 505.9 MB in the beginning and 502.5 MB in the end (delta: 3.3 MB). Peak memory consumption was 4.2 MB. Max. memory is 12.9 GB.
[2021-04-24 13:56:29,032 INFO  L168              Benchmark]: RCFGBuilder took 371.84 ms. Allocated memory is still 541.1 MB. Free memory was 502.5 MB in the beginning and 471.1 MB in the end (delta: 31.4 MB). Peak memory consumption was 31.5 MB. Max. memory is 12.9 GB.
[2021-04-24 13:56:29,033 INFO  L168              Benchmark]: LTL2Aut took 33.08 ms. Allocated memory is still 541.1 MB. Free memory was 471.1 MB in the beginning and 468.5 MB in the end (delta: 2.6 MB). Peak memory consumption was 2.1 MB. Max. memory is 12.9 GB.
[2021-04-24 13:56:29,034 INFO  L339   ainManager$Toolchain]: #######################  End [Toolchain 1] #######################
 --- Results ---
 * Results from de.uni_freiburg.informatik.ultimate.core:
  - StatisticsResult: Toolchain Benchmarks
    Benchmark results are:
 * CDTParser took 0.10 ms. Allocated memory is still 541.1 MB. Free memory is still 507.6 MB. There was no memory consumed. Max. memory is 12.9 GB.
 * CACSL2BoogieTranslator took 264.20 ms. Allocated memory is still 541.1 MB. Free memory was 487.0 MB in the beginning and 505.9 MB in the end (delta: -18.9 MB). Peak memory consumption was 18.8 MB. Max. memory is 12.9 GB.
 * Boogie Preprocessor took 37.28 ms. Allocated memory is still 541.1 MB. Free memory was 505.9 MB in the beginning and 502.5 MB in the end (delta: 3.3 MB). Peak memory consumption was 4.2 MB. Max. memory is 12.9 GB.
 * RCFGBuilder took 371.84 ms. Allocated memory is still 541.1 MB. Free memory was 502.5 MB in the beginning and 471.1 MB in the end (delta: 31.4 MB). Peak memory consumption was 31.5 MB. Max. memory is 12.9 GB.
 * LTL2Aut took 33.08 ms. Allocated memory is still 541.1 MB. Free memory was 471.1 MB in the beginning and 468.5 MB in the end (delta: 2.6 MB). Peak memory consumption was 2.1 MB. Max. memory is 12.9 GB.
 * Results from de.uni_freiburg.informatik.ultimate.ltl2aut:
  - ExceptionOrErrorResult: Exception: Can't recover from previous error(s)
    de.uni_freiburg.informatik.ultimate.ltl2aut: Exception: Can't recover from previous error(s): com.github.jhoenicke.javacup.runtime.LRParser.report_fatal_error(LRParser.java:286)
RESULT: Ultimate could not prove your program: Toolchain returned no result.
Received shutdown request...
