Creating empty 100MiB image file: /home/magnago/overlay/semaphore_0029.c.ext3
Formatting image with ext3 file system
Image is done: /home/magnago/overlay/semaphore_0029.c.ext3
This is Ultimate 0.2.1-origin.dev-f91880a
[2021-04-24 13:57:41,434 INFO  L177        SettingsManager]: Resetting all preferences to default values...
[2021-04-24 13:57:41,439 INFO  L181        SettingsManager]: Resetting UltimateCore preferences to default values
[2021-04-24 13:57:41,464 INFO  L184        SettingsManager]: Ultimate Commandline Interface provides no preferences, ignoring...
[2021-04-24 13:57:41,464 INFO  L181        SettingsManager]: Resetting Boogie Preprocessor preferences to default values
[2021-04-24 13:57:41,465 INFO  L181        SettingsManager]: Resetting Boogie Procedure Inliner preferences to default values
[2021-04-24 13:57:41,466 INFO  L181        SettingsManager]: Resetting Abstract Interpretation preferences to default values
[2021-04-24 13:57:41,467 INFO  L181        SettingsManager]: Resetting LassoRanker preferences to default values
[2021-04-24 13:57:41,469 INFO  L181        SettingsManager]: Resetting Reaching Definitions preferences to default values
[2021-04-24 13:57:41,469 INFO  L181        SettingsManager]: Resetting SyntaxChecker preferences to default values
[2021-04-24 13:57:41,470 INFO  L181        SettingsManager]: Resetting Sifa preferences to default values
[2021-04-24 13:57:41,471 INFO  L184        SettingsManager]: B?chi Program Product provides no preferences, ignoring...
[2021-04-24 13:57:41,471 INFO  L181        SettingsManager]: Resetting LTL2Aut preferences to default values
[2021-04-24 13:57:41,472 INFO  L181        SettingsManager]: Resetting PEA to Boogie preferences to default values
[2021-04-24 13:57:41,473 INFO  L181        SettingsManager]: Resetting BlockEncodingV2 preferences to default values
[2021-04-24 13:57:41,473 INFO  L181        SettingsManager]: Resetting ChcToBoogie preferences to default values
[2021-04-24 13:57:41,474 INFO  L181        SettingsManager]: Resetting AutomataScriptInterpreter preferences to default values
[2021-04-24 13:57:41,475 INFO  L181        SettingsManager]: Resetting BuchiAutomizer preferences to default values
[2021-04-24 13:57:41,476 INFO  L181        SettingsManager]: Resetting CACSL2BoogieTranslator preferences to default values
[2021-04-24 13:57:41,477 INFO  L181        SettingsManager]: Resetting CodeCheck preferences to default values
[2021-04-24 13:57:41,478 INFO  L181        SettingsManager]: Resetting InvariantSynthesis preferences to default values
[2021-04-24 13:57:41,479 INFO  L181        SettingsManager]: Resetting RCFGBuilder preferences to default values
[2021-04-24 13:57:41,480 INFO  L181        SettingsManager]: Resetting Referee preferences to default values
[2021-04-24 13:57:41,480 INFO  L181        SettingsManager]: Resetting TraceAbstraction preferences to default values
[2021-04-24 13:57:41,482 INFO  L184        SettingsManager]: TraceAbstractionConcurrent provides no preferences, ignoring...
[2021-04-24 13:57:41,482 INFO  L184        SettingsManager]: TraceAbstractionWithAFAs provides no preferences, ignoring...
[2021-04-24 13:57:41,482 INFO  L181        SettingsManager]: Resetting TreeAutomizer preferences to default values
[2021-04-24 13:57:41,483 INFO  L181        SettingsManager]: Resetting IcfgToChc preferences to default values
[2021-04-24 13:57:41,483 INFO  L181        SettingsManager]: Resetting IcfgTransformer preferences to default values
[2021-04-24 13:57:41,484 INFO  L184        SettingsManager]: ReqToTest provides no preferences, ignoring...
[2021-04-24 13:57:41,484 INFO  L181        SettingsManager]: Resetting Boogie Printer preferences to default values
[2021-04-24 13:57:41,485 INFO  L181        SettingsManager]: Resetting ChcSmtPrinter preferences to default values
[2021-04-24 13:57:41,485 INFO  L181        SettingsManager]: Resetting ReqPrinter preferences to default values
[2021-04-24 13:57:41,486 INFO  L181        SettingsManager]: Resetting Witness Printer preferences to default values
[2021-04-24 13:57:41,487 INFO  L184        SettingsManager]: Boogie PL CUP Parser provides no preferences, ignoring...
[2021-04-24 13:57:41,487 INFO  L181        SettingsManager]: Resetting CDTParser preferences to default values
[2021-04-24 13:57:41,487 INFO  L184        SettingsManager]: AutomataScriptParser provides no preferences, ignoring...
[2021-04-24 13:57:41,487 INFO  L184        SettingsManager]: ReqParser provides no preferences, ignoring...
[2021-04-24 13:57:41,488 INFO  L181        SettingsManager]: Resetting SmtParser preferences to default values
[2021-04-24 13:57:41,488 INFO  L181        SettingsManager]: Resetting Witness Parser preferences to default values
[2021-04-24 13:57:41,489 INFO  L188        SettingsManager]: Finished resetting all preferences to default values...
[2021-04-24 13:57:41,489 INFO  L101        SettingsManager]: Beginning loading settings from /home/singularity/UAutomizer-linux/config/svcomp-LTL-64bit-Automizer_Default.epf
[2021-04-24 13:57:41,503 INFO  L113        SettingsManager]: Loading preferences was successful
[2021-04-24 13:57:41,504 INFO  L115        SettingsManager]: Preferences different from defaults after loading the file:
[2021-04-24 13:57:41,505 INFO  L136        SettingsManager]: Preferences of BlockEncodingV2 differ from their defaults:
[2021-04-24 13:57:41,505 INFO  L138        SettingsManager]:  * Minimize states even if more edges are added than removed.=true
[2021-04-24 13:57:41,505 INFO  L138        SettingsManager]:  * Rewrite not-equals=true
[2021-04-24 13:57:41,505 INFO  L138        SettingsManager]:  * Create parallel compositions if possible=false
[2021-04-24 13:57:41,505 INFO  L138        SettingsManager]:  * Minimize states using LBE with the strategy=NONE
[2021-04-24 13:57:41,505 INFO  L138        SettingsManager]:  * Use SBE=true
[2021-04-24 13:57:41,505 INFO  L136        SettingsManager]: Preferences of BuchiAutomizer differ from their defaults:
[2021-04-24 13:57:41,505 INFO  L138        SettingsManager]:  * Compute Interpolants along a Counterexample=Craig_TreeInterpolation
[2021-04-24 13:57:41,506 INFO  L138        SettingsManager]:  * Use old map elimination=false
[2021-04-24 13:57:41,506 INFO  L138        SettingsManager]:  * Try twofold refinement=false
[2021-04-24 13:57:41,506 INFO  L136        SettingsManager]: Preferences of CACSL2BoogieTranslator differ from their defaults:
[2021-04-24 13:57:41,506 INFO  L138        SettingsManager]:  * Check unreachability of error function in SV-COMP mode=false
[2021-04-24 13:57:41,506 INFO  L138        SettingsManager]:  * Overapproximate operations on floating types=true
[2021-04-24 13:57:41,506 INFO  L138        SettingsManager]:  * Check division by zero=IGNORE
[2021-04-24 13:57:41,506 INFO  L138        SettingsManager]:  * Pointer to allocated memory at dereference=ASSUME
[2021-04-24 13:57:41,506 INFO  L138        SettingsManager]:  * If two pointers are subtracted or compared they have the same base address=ASSUME
[2021-04-24 13:57:41,506 INFO  L138        SettingsManager]:  * Check array bounds for arrays that are off heap=ASSUME
[2021-04-24 13:57:41,507 INFO  L138        SettingsManager]:  * Check if freed pointer was valid=false
[2021-04-24 13:57:41,507 INFO  L138        SettingsManager]:  * Use constant arrays=true
[2021-04-24 13:57:41,507 INFO  L138        SettingsManager]:  * Pointer base address is valid at dereference=ASSUME
[2021-04-24 13:57:41,507 INFO  L136        SettingsManager]: Preferences of RCFGBuilder differ from their defaults:
[2021-04-24 13:57:41,507 INFO  L138        SettingsManager]:  * Size of a code block=SingleStatement
[2021-04-24 13:57:41,507 INFO  L138        SettingsManager]:  * SMT solver=Internal_SMTInterpol
Applying setting for plugin de.uni_freiburg.informatik.ultimate.plugins.generator.cacsl2boogietranslator: Overapproximate operations on floating types -> false
Applying setting for plugin de.uni_freiburg.informatik.ultimate.plugins.generator.cacsl2boogietranslator: Assume nondeterminstic values are in range -> false
[2021-04-24 13:57:41,677 INFO  L75    nceAwareModelManager]: Repository-Root is: /tmp
[2021-04-24 13:57:41,707 INFO  L261   ainManager$Toolchain]: [Toolchain 1]: Applicable parser(s) successfully (re)initialized
[2021-04-24 13:57:41,709 INFO  L217   ainManager$Toolchain]: [Toolchain 1]: Toolchain selected.
[2021-04-24 13:57:41,710 INFO  L271        PluginConnector]: Initializing CDTParser...
[2021-04-24 13:57:41,711 INFO  L275        PluginConnector]: CDTParser initialized
[2021-04-24 13:57:41,711 INFO  L432   ainManager$Toolchain]: [Toolchain 1]: Parsing single file: /home/magnago/benchmarks/ltl_infinite_state/semaphore/ultimate/semaphore_0029.c
[2021-04-24 13:57:41,762 INFO  L220              CDTParser]: Created temporary CDT project at /home/singularity/680c31399b47491889c2acab22e58714/FLAG9499d643d
[2021-04-24 13:57:42,135 INFO  L306              CDTParser]: Found 1 translation units.
[2021-04-24 13:57:42,135 INFO  L160              CDTParser]: Scanning /home/magnago/benchmarks/ltl_infinite_state/semaphore/ultimate/semaphore_0029.c
[2021-04-24 13:57:42,180 INFO  L349              CDTParser]: About to delete temporary CDT project at /home/singularity/680c31399b47491889c2acab22e58714/FLAG9499d643d
[2021-04-24 13:57:42,494 INFO  L357              CDTParser]: Successfully deleted /home/singularity/680c31399b47491889c2acab22e58714
[2021-04-24 13:57:42,496 INFO  L299   ainManager$Toolchain]: ####################### [Toolchain 1] #######################
[2021-04-24 13:57:42,497 INFO  L131        ToolchainWalker]: Walking toolchain with 7 elements.
[2021-04-24 13:57:42,499 INFO  L113        PluginConnector]: ------------------------CACSL2BoogieTranslator----------------------------
[2021-04-24 13:57:42,499 INFO  L271        PluginConnector]: Initializing CACSL2BoogieTranslator...
[2021-04-24 13:57:42,501 INFO  L275        PluginConnector]: CACSL2BoogieTranslator initialized
[2021-04-24 13:57:42,501 INFO  L185        PluginConnector]: Executing the observer ACSLObjectContainerObserver from plugin CACSL2BoogieTranslator for "CDTParser AST 24.04 01:57:42" (1/1) ...
[2021-04-24 13:57:42,502 INFO  L205        PluginConnector]: Invalid model from CACSL2BoogieTranslator for observer de.uni_freiburg.informatik.ultimate.plugins.generator.cacsl2boogietranslator.ACSLObjectContainerObserver@a8e0abe and model type de.uni_freiburg.informatik.ultimate.plugins.generator.cacsl2boogietranslator AST 24.04 01:57:42, skipping insertion in model container
[2021-04-24 13:57:42,502 INFO  L185        PluginConnector]: Executing the observer CACSL2BoogieTranslatorObserver from plugin CACSL2BoogieTranslator for "CDTParser AST 24.04 01:57:42" (1/1) ...
[2021-04-24 13:57:42,507 INFO  L145         MainTranslator]: Starting translation in SV-COMP mode 
[2021-04-24 13:57:42,538 INFO  L178         MainTranslator]: Built tables and reachable declarations
[2021-04-24 13:57:42,761 INFO  L206          PostProcessor]: Analyzing one entry point: main
[2021-04-24 13:57:42,767 INFO  L203         MainTranslator]: Completed pre-run
[2021-04-24 13:57:42,829 INFO  L206          PostProcessor]: Analyzing one entry point: main
[2021-04-24 13:57:42,853 INFO  L208         MainTranslator]: Completed translation
[2021-04-24 13:57:42,853 INFO  L202        PluginConnector]: Adding new model de.uni_freiburg.informatik.ultimate.plugins.generator.cacsl2boogietranslator AST 24.04 01:57:42 WrapperNode
[2021-04-24 13:57:42,853 INFO  L132        PluginConnector]: ------------------------ END CACSL2BoogieTranslator----------------------------
[2021-04-24 13:57:42,854 INFO  L113        PluginConnector]: ------------------------Boogie Preprocessor----------------------------
[2021-04-24 13:57:42,854 INFO  L271        PluginConnector]: Initializing Boogie Preprocessor...
[2021-04-24 13:57:42,854 INFO  L275        PluginConnector]: Boogie Preprocessor initialized
[2021-04-24 13:57:42,864 INFO  L185        PluginConnector]: Executing the observer EnsureBoogieModelObserver from plugin Boogie Preprocessor for "de.uni_freiburg.informatik.ultimate.plugins.generator.cacsl2boogietranslator AST 24.04 01:57:42" (1/1) ...
[2021-04-24 13:57:42,864 INFO  L185        PluginConnector]: Executing the observer TypeChecker from plugin Boogie Preprocessor for "de.uni_freiburg.informatik.ultimate.plugins.generator.cacsl2boogietranslator AST 24.04 01:57:42" (1/1) ...
[2021-04-24 13:57:42,878 INFO  L185        PluginConnector]: Executing the observer ConstExpander from plugin Boogie Preprocessor for "de.uni_freiburg.informatik.ultimate.plugins.generator.cacsl2boogietranslator AST 24.04 01:57:42" (1/1) ...
[2021-04-24 13:57:42,879 INFO  L185        PluginConnector]: Executing the observer StructExpander from plugin Boogie Preprocessor for "de.uni_freiburg.informatik.ultimate.plugins.generator.cacsl2boogietranslator AST 24.04 01:57:42" (1/1) ...
[2021-04-24 13:57:42,898 INFO  L185        PluginConnector]: Executing the observer UnstructureCode from plugin Boogie Preprocessor for "de.uni_freiburg.informatik.ultimate.plugins.generator.cacsl2boogietranslator AST 24.04 01:57:42" (1/1) ...
[2021-04-24 13:57:42,902 INFO  L185        PluginConnector]: Executing the observer FunctionInliner from plugin Boogie Preprocessor for "de.uni_freiburg.informatik.ultimate.plugins.generator.cacsl2boogietranslator AST 24.04 01:57:42" (1/1) ...
[2021-04-24 13:57:42,906 INFO  L185        PluginConnector]: Executing the observer BoogieSymbolTableConstructor from plugin Boogie Preprocessor for "de.uni_freiburg.informatik.ultimate.plugins.generator.cacsl2boogietranslator AST 24.04 01:57:42" (1/1) ...
[2021-04-24 13:57:42,912 INFO  L132        PluginConnector]: ------------------------ END Boogie Preprocessor----------------------------
[2021-04-24 13:57:42,912 INFO  L113        PluginConnector]: ------------------------RCFGBuilder----------------------------
[2021-04-24 13:57:42,912 INFO  L271        PluginConnector]: Initializing RCFGBuilder...
[2021-04-24 13:57:42,912 INFO  L275        PluginConnector]: RCFGBuilder initialized
[2021-04-24 13:57:42,914 INFO  L185        PluginConnector]: Executing the observer RCFGBuilderObserver from plugin RCFGBuilder for "de.uni_freiburg.informatik.ultimate.plugins.generator.cacsl2boogietranslator AST 24.04 01:57:42" (1/1) ...
[2021-04-24 13:57:42,995 INFO  L138     BoogieDeclarations]: Found implementation of procedure ULTIMATE.init
[2021-04-24 13:57:42,995 INFO  L138     BoogieDeclarations]: Found implementation of procedure ULTIMATE.start
[2021-04-24 13:57:42,995 INFO  L138     BoogieDeclarations]: Found implementation of procedure __VERIFIER_nondet_bool
[2021-04-24 13:57:42,995 INFO  L138     BoogieDeclarations]: Found implementation of procedure main
[2021-04-24 13:57:42,995 INFO  L130     BoogieDeclarations]: Found specification of procedure __VERIFIER_nondet_float
[2021-04-24 13:57:42,995 INFO  L130     BoogieDeclarations]: Found specification of procedure __VERIFIER_nondet_int
[2021-04-24 13:57:42,995 INFO  L130     BoogieDeclarations]: Found specification of procedure __VERIFIER_nondet_bool
[2021-04-24 13:57:42,995 INFO  L130     BoogieDeclarations]: Found specification of procedure main
[2021-04-24 13:57:42,995 INFO  L130     BoogieDeclarations]: Found specification of procedure ULTIMATE.init
[2021-04-24 13:57:42,995 INFO  L130     BoogieDeclarations]: Found specification of procedure ULTIMATE.start
[2021-04-24 13:57:43,417 INFO  L294             CfgBuilder]: Using the 1 location(s) as analysis (start of procedure ULTIMATE.start)
[2021-04-24 13:57:43,417 INFO  L299             CfgBuilder]: Removed 1 assume(true) statements.
[2021-04-24 13:57:43,419 INFO  L202        PluginConnector]: Adding new model de.uni_freiburg.informatik.ultimate.plugins.generator.rcfgbuilder CFG 24.04 01:57:43 BoogieIcfgContainer
[2021-04-24 13:57:43,419 INFO  L132        PluginConnector]: ------------------------ END RCFGBuilder----------------------------
[2021-04-24 13:57:43,420 INFO  L113        PluginConnector]: ------------------------LTL2Aut----------------------------
[2021-04-24 13:57:43,420 INFO  L271        PluginConnector]: Initializing LTL2Aut...
[2021-04-24 13:57:43,421 INFO  L275        PluginConnector]: LTL2Aut initialized
[2021-04-24 13:57:43,422 INFO  L185        PluginConnector]: Executing the observer LTL2autObserver from plugin LTL2Aut for "de.uni_freiburg.informatik.ultimate.plugins.generator.cacsl2boogietranslator AST 24.04 01:57:42" (2/3) ...
No working directory specified, using /usr/bin/ltl2ba
Starting monitored process 1 with ltl2ba -f ! ( ( ! ( [] ( <> ( a ) ) ) || ! ( ( ( ( ( ( ( ( ( ( ( ( ( ( ( ( ( ( ( ( ( ( ( ( ( ( ( ( ( [] ( <> ( b ) ) && [] ( <> ( c ) ) ) && [] ( <> ( d ) ) ) && [] ( <> ( e ) ) ) && [] ( <> ( h ) ) ) && [] ( <> ( i ) ) ) && [] ( <> ( j ) ) ) && [] ( <> ( k ) ) ) && [] ( <> ( l ) ) ) && [] ( <> ( m ) ) ) && [] ( <> ( n ) ) ) && [] ( <> ( o ) ) ) && [] ( <> ( p ) ) ) && [] ( <> ( q ) ) ) && [] ( <> ( V ) ) ) && [] ( <> ( s ) ) ) && [] ( <> ( t ) ) ) && [] ( <> ( v ) ) ) && [] ( <> ( w ) ) ) && [] ( <> ( y ) ) ) && [] ( <> ( z ) ) ) && [] ( <> ( a ) ) ) && [] ( <> ( ab ) ) ) && [] ( <> ( ac ) ) ) && [] ( <> ( ad ) ) ) && [] ( <> ( ae ) ) ) && [] ( <> ( ah ) ) ) && [] ( <> ( ai ) ) ) && [] ( <> ( aj ) ) ) ) ) )  (exit command is null, workingDir is null)
[2021-04-24 13:57:43,451 FATAL L?                        ?]: Exception during parsing of LTLXBA output for formula (!( [] ( <> (a))) || !((((((((((((((((((((((((((((( [] ( <> (b)) && [] ( <> (c))) && [] ( <> (d))) && [] ( <> (e))) && [] ( <> (h))) && [] ( <> (i))) && [] ( <> (j))) && [] ( <> (k))) && [] ( <> (l))) && [] ( <> (m))) && [] ( <> (n))) && [] ( <> (o))) && [] ( <> (p))) && [] ( <> (q))) && [] ( <> ( V ))) && [] ( <> (s))) && [] ( <> (t))) && [] ( <> (v))) && [] ( <> (w))) && [] ( <> (y))) && [] ( <> (z))) && [] ( <> (a))) && [] ( <> (ab))) && [] ( <> (ac))) && [] ( <> (ad))) && [] ( <> (ae))) && [] ( <> (ah))) && [] ( <> (ai))) && [] ( <> (aj)))))
java.lang.Exception: Can't recover from previous error(s)
	at com.github.jhoenicke.javacup.runtime.LRParser.report_fatal_error(LRParser.java:286)
	at com.github.jhoenicke.javacup.runtime.LRParser.unrecovered_syntax_error(LRParser.java:335)
	at com.github.jhoenicke.javacup.runtime.LRParser.error_recovery(LRParser.java:671)
	at com.github.jhoenicke.javacup.runtime.LRParser.parse(LRParser.java:437)
	at de.uni_freiburg.informatik.ultimate.ltl2aut.LTLXBAExecutor.ltl2Ast(LTLXBAExecutor.java:78)
	at de.uni_freiburg.informatik.ultimate.ltl2aut.LTL2autObserver.getNeverClaim(LTL2autObserver.java:267)
	at de.uni_freiburg.informatik.ultimate.ltl2aut.LTL2autObserver.finish(LTL2autObserver.java:122)
	at de.uni_freiburg.informatik.ultimate.core.coreplugin.PluginConnector.runObserver(PluginConnector.java:168)
	at de.uni_freiburg.informatik.ultimate.core.coreplugin.PluginConnector.runTool(PluginConnector.java:151)
	at de.uni_freiburg.informatik.ultimate.core.coreplugin.PluginConnector.run(PluginConnector.java:128)
	at de.uni_freiburg.informatik.ultimate.core.coreplugin.ToolchainWalker.executePluginConnector(ToolchainWalker.java:232)
	at de.uni_freiburg.informatik.ultimate.core.coreplugin.ToolchainWalker.processPlugin(ToolchainWalker.java:226)
	at de.uni_freiburg.informatik.ultimate.core.coreplugin.ToolchainWalker.walkUnprotected(ToolchainWalker.java:142)
	at de.uni_freiburg.informatik.ultimate.core.coreplugin.ToolchainWalker.walk(ToolchainWalker.java:104)
	at de.uni_freiburg.informatik.ultimate.core.coreplugin.ToolchainManager$Toolchain.processToolchain(ToolchainManager.java:320)
	at de.uni_freiburg.informatik.ultimate.core.coreplugin.toolchain.DefaultToolchainJob.run(DefaultToolchainJob.java:145)
	at org.eclipse.core.internal.jobs.Worker.run(Worker.java:63)
[2021-04-24 13:57:43,452 FATAL L81          LTLXBAExecutor]: Parser input was:
[2021-04-24 13:57:43,452 FATAL L82          LTLXBAExecutor]: ltl2ba: expected predicate, saw 'V'
ltl2ba: ! ( ( ! ( [] ( <> ( a ) ) ) || ! ( ( ( ( ( ( ( ( ( ( ( ( ( ( ( ( ( ( ( ( ( ( ( ( ( ( ( ( ( [] ( <> ( b ) ) && [] ( <> ( c ) ) ) && [] ( <> ( d ) ) ) && [] ( <> ( e ) ) ) && [] ( <> ( h ) ) ) && [] ( <> ( i ) ) ) && [] ( <> ( j ) ) ) && [] ( <> ( k ) ) ) && [] ( <> ( l ) ) ) && [] ( <> ( m ) ) ) && [] ( <> ( n ) ) ) && [] ( <> ( o ) ) ) && [] ( <> ( p ) ) ) && [] ( <> ( q ) ) ) && [] ( <> ( V ) ) ) && [] ( <> ( s ) ) ) && [] ( <> ( t ) ) ) && [] ( <> ( v ) ) ) && [] ( <> ( w ) ) ) && [] ( <> ( y ) ) ) && [] ( <> ( z ) ) ) && [] ( <> ( a ) ) ) && [] ( <> ( ab ) ) ) && [] ( <> ( ac ) ) ) && [] ( <> ( ad ) ) ) && [] ( <> ( ae ) ) ) && [] ( <> ( ah ) ) ) && [] ( <> ( ai ) ) ) && [] ( <> ( aj ) ) ) ) ) ) 
-------------------------------------------------------------------------------------------------------------------------------------------------------------------------------------------------------------------------------------------------------------------------------------------------------------------------------------------------------------------------------------------------------------------^

[2021-04-24 13:57:43,452 FATAL L269        LTL2autObserver]: Exception during LTL->BA execution: java.lang.Exception: Can't recover from previous error(s)
[2021-04-24 13:57:43,452 FATAL L?                        ?]: The Plugin de.uni_freiburg.informatik.ultimate.ltl2aut has thrown an exception:
java.lang.Exception: Can't recover from previous error(s)
	at com.github.jhoenicke.javacup.runtime.LRParser.report_fatal_error(LRParser.java:286)
	at com.github.jhoenicke.javacup.runtime.LRParser.unrecovered_syntax_error(LRParser.java:335)
	at com.github.jhoenicke.javacup.runtime.LRParser.error_recovery(LRParser.java:671)
	at com.github.jhoenicke.javacup.runtime.LRParser.parse(LRParser.java:437)
	at de.uni_freiburg.informatik.ultimate.ltl2aut.LTLXBAExecutor.ltl2Ast(LTLXBAExecutor.java:78)
	at de.uni_freiburg.informatik.ultimate.ltl2aut.LTL2autObserver.getNeverClaim(LTL2autObserver.java:267)
	at de.uni_freiburg.informatik.ultimate.ltl2aut.LTL2autObserver.finish(LTL2autObserver.java:122)
	at de.uni_freiburg.informatik.ultimate.core.coreplugin.PluginConnector.runObserver(PluginConnector.java:168)
	at de.uni_freiburg.informatik.ultimate.core.coreplugin.PluginConnector.runTool(PluginConnector.java:151)
	at de.uni_freiburg.informatik.ultimate.core.coreplugin.PluginConnector.run(PluginConnector.java:128)
	at de.uni_freiburg.informatik.ultimate.core.coreplugin.ToolchainWalker.executePluginConnector(ToolchainWalker.java:232)
	at de.uni_freiburg.informatik.ultimate.core.coreplugin.ToolchainWalker.processPlugin(ToolchainWalker.java:226)
	at de.uni_freiburg.informatik.ultimate.core.coreplugin.ToolchainWalker.walkUnprotected(ToolchainWalker.java:142)
	at de.uni_freiburg.informatik.ultimate.core.coreplugin.ToolchainWalker.walk(ToolchainWalker.java:104)
	at de.uni_freiburg.informatik.ultimate.core.coreplugin.ToolchainManager$Toolchain.processToolchain(ToolchainManager.java:320)
	at de.uni_freiburg.informatik.ultimate.core.coreplugin.toolchain.DefaultToolchainJob.run(DefaultToolchainJob.java:145)
	at org.eclipse.core.internal.jobs.Worker.run(Worker.java:63)
[2021-04-24 13:57:43,454 INFO  L168              Benchmark]: Toolchain (without parser) took 956.65 ms. Allocated memory is still 541.1 MB. Free memory was 487.4 MB in the beginning and 435.7 MB in the end (delta: 51.7 MB). Peak memory consumption was 49.3 MB. Max. memory is 12.9 GB.
[2021-04-24 13:57:43,454 INFO  L168              Benchmark]: CDTParser took 0.12 ms. Allocated memory is still 541.1 MB. Free memory is still 508.7 MB. There was no memory consumed. Max. memory is 12.9 GB.
[2021-04-24 13:57:43,455 INFO  L168              Benchmark]: CACSL2BoogieTranslator took 354.78 ms. Allocated memory is still 541.1 MB. Free memory was 487.0 MB in the beginning and 496.0 MB in the end (delta: -8.9 MB). Peak memory consumption was 19.9 MB. Max. memory is 12.9 GB.
[2021-04-24 13:57:43,456 INFO  L168              Benchmark]: Boogie Preprocessor took 57.78 ms. Allocated memory is still 541.1 MB. Free memory was 496.0 MB in the beginning and 491.1 MB in the end (delta: 4.8 MB). Peak memory consumption was 6.3 MB. Max. memory is 12.9 GB.
[2021-04-24 13:57:43,456 INFO  L168              Benchmark]: RCFGBuilder took 506.71 ms. Allocated memory is still 541.1 MB. Free memory was 491.1 MB in the beginning and 438.0 MB in the end (delta: 53.1 MB). Peak memory consumption was 52.4 MB. Max. memory is 12.9 GB.
[2021-04-24 13:57:43,457 INFO  L168              Benchmark]: LTL2Aut took 33.28 ms. Allocated memory is still 541.1 MB. Free memory was 438.0 MB in the beginning and 435.7 MB in the end (delta: 2.3 MB). Peak memory consumption was 2.1 MB. Max. memory is 12.9 GB.
[2021-04-24 13:57:43,459 INFO  L339   ainManager$Toolchain]: #######################  End [Toolchain 1] #######################
 --- Results ---
 * Results from de.uni_freiburg.informatik.ultimate.core:
  - StatisticsResult: Toolchain Benchmarks
    Benchmark results are:
 * CDTParser took 0.12 ms. Allocated memory is still 541.1 MB. Free memory is still 508.7 MB. There was no memory consumed. Max. memory is 12.9 GB.
 * CACSL2BoogieTranslator took 354.78 ms. Allocated memory is still 541.1 MB. Free memory was 487.0 MB in the beginning and 496.0 MB in the end (delta: -8.9 MB). Peak memory consumption was 19.9 MB. Max. memory is 12.9 GB.
 * Boogie Preprocessor took 57.78 ms. Allocated memory is still 541.1 MB. Free memory was 496.0 MB in the beginning and 491.1 MB in the end (delta: 4.8 MB). Peak memory consumption was 6.3 MB. Max. memory is 12.9 GB.
 * RCFGBuilder took 506.71 ms. Allocated memory is still 541.1 MB. Free memory was 491.1 MB in the beginning and 438.0 MB in the end (delta: 53.1 MB). Peak memory consumption was 52.4 MB. Max. memory is 12.9 GB.
 * LTL2Aut took 33.28 ms. Allocated memory is still 541.1 MB. Free memory was 438.0 MB in the beginning and 435.7 MB in the end (delta: 2.3 MB). Peak memory consumption was 2.1 MB. Max. memory is 12.9 GB.
 * Results from de.uni_freiburg.informatik.ultimate.ltl2aut:
  - ExceptionOrErrorResult: Exception: Can't recover from previous error(s)
    de.uni_freiburg.informatik.ultimate.ltl2aut: Exception: Can't recover from previous error(s): com.github.jhoenicke.javacup.runtime.LRParser.report_fatal_error(LRParser.java:286)
RESULT: Ultimate could not prove your program: Toolchain returned no result.
Received shutdown request...
