Property 0 [36;1mFALSE SR ((s0.l = transm) -> (TRUE SU (s0.l = wait)))[0m ............................ [31;1mdoes not hold[0m 
>>> Index:         0        1        loop  2          3         4         5         6         7         8         9         10        11        12        13        14        15        16        17        18        19        20        21        22        23       24       25       26       27       
>>> Type:          |        |        loop  |          |         |         |         |         |         |         |         |         |         |         |         |         |         |         |         |         |         |         |         |         |        (-)      |        |        |        
-----------------------------------> loop <----------------------------------------------------------------------------------------------------------------------------------------------------------------------------------------------------------------------------------------------------------------
+0-subexp-0        T        F        loop  F          F         F         F         F         F         F         F         F         F         F         F         F         F         F         F         F         F         F         F         F         F        F        F        F        F        
+1-subexp-0        T        T        loop  T          T         T         T         T         T         T         T         T         T         T         T         T         T         T         T         T         T         T         T         T         T        T        T        T        T        
+2-subexp-0        F        T        loop  F          F         F         F         F         F         F         F         F         F         F         F         F         F         F         F         F         F         F         F         F         F        F        F        F        F        
+3-obligation-0    F        F        loop  T          T         T         T         T         T         T         T         T         T         T         T         T         T         T         T         T         T         T         T         T         T        T        T        T        T        
-----------------------------------> loop <----------------------------------------------------------------------------------------------------------------------------------------------------------------------------------------------------------------------------------------------------------------
+3-subexp-0        F        T        loop  F          F         F         F         T         F         F         F         F         F         F         F         F         F         F         F         F         F         F         F         F         F        F        F        F        F        
+4-subexp-0        F        F        loop  F          F         F         F         F         F         F         F         F         F         F         F         F         F         F         F         F         F         F         F         F         F        F        F        F        F        
+5-subexp-0        F        T        loop  T          T         T         T         T         T         T         T         T         T         T         T         T         T         T         T         T         T         T         T         T         T        T        T        T        T        
-fair-0-0          T        T        loop  T          T         T         T         T         T         T         T         T         T         T         T         T         T         T         T         T         T         T         T         T         T        T        T        T        F        
-----------------------------------> loop <----------------------------------------------------------------------------------------------------------------------------------------------------------------------------------------------------------------------------------------------------------------
-loop-0            F        F        loop  T          F         F         F         F         F         F         F         F         F         F         F         F         F         F         F         F         F         F         F         F         F        F        F        F        F        
-loop-elapse-0     T        T        loop  T          T         T         T         T         T         T         T         T         T         T         T         T         T         T         T         T         T         T         T         T         T        T        F        F        F        
-ok-bus.x-0        T        T        loop  T          T         T         T         T         T         T         T         T         T         T         T         T         T         T         T         T         T         T         T         T         T        T        T        T        F        
-ok-s0.x-0         T        T        loop  T          T         T         T         T         T         T         T         T         T         T         T         T         T         T         T         T         T         T         T         T         T        T        T        T        F        
-----------------------------------> loop <----------------------------------------------------------------------------------------------------------------------------------------------------------------------------------------------------------------------------------------------------------------
-ok-s1.x-0         T        T        loop  T          T         T         T         T         T         T         T         T         T         T         T         T         T         T         T         T         T         T         T         T         T        T        T        T        F        
-ok-s10.x-0        T        T        loop  T          T         T         T         T         T         T         T         T         T         T         T         T         T         T         T         T         T         T         T         T         T        T        T        T        F        
-ok-s11.x-0        T        T        loop  T          T         T         T         T         T         T         T         T         T         T         T         T         T         T         T         T         T         T         T         T         T        T        T        T        F        
-ok-s12.x-0        T        T        loop  T          T         T         T         T         T         T         T         T         T         T         T         T         T         T         T         T         T         T         T         T         T        T        T        T        F        
-----------------------------------> loop <----------------------------------------------------------------------------------------------------------------------------------------------------------------------------------------------------------------------------------------------------------------
-ok-s13.x-0        T        T        loop  T          T         T         T         T         T         T         T         T         T         T         T         T         T         T         T         T         T         T         T         T         T        T        T        T        F        
-ok-s14.x-0        T        T        loop  T          T         T         T         T         T         T         T         T         T         T         T         T         T         T         T         T         T         T         T         T         T        T        T        T        F        
-ok-s15.x-0        T        T        loop  T          T         T         T         T         T         T         T         T         T         T         T         T         T         T         T         T         T         T         T         T         T        T        T        T        F        
-ok-s16.x-0        T        T        loop  T          T         T         T         T         T         T         T         T         T         T         T         T         T         T         T         T         T         T         T         T         T        T        T        T        F        
-----------------------------------> loop <----------------------------------------------------------------------------------------------------------------------------------------------------------------------------------------------------------------------------------------------------------------
-ok-s17.x-0        T        T        loop  T          T         T         T         T         T         T         T         T         T         T         T         T         T         T         T         T         T         T         T         T         T        T        T        T        F        
-ok-s18.x-0        T        T        loop  T          T         T         T         T         T         T         T         T         T         T         T         T         T         T         T         T         T         T         T         T         T        T        T        T        F        
-ok-s19.x-0        T        T        loop  T          T         T         T         T         T         T         T         T         T         T         T         T         T         T         T         T         T         T         T         T         T        T        T        T        F        
-ok-s2.x-0         T        T        loop  T          T         T         T         T         T         T         T         T         T         T         T         T         T         T         T         T         T         T         T         T         T        T        T        T        F        
-----------------------------------> loop <----------------------------------------------------------------------------------------------------------------------------------------------------------------------------------------------------------------------------------------------------------------
-ok-s20.x-0        T        T        loop  T          T         T         T         T         T         T         T         T         T         T         T         T         T         T         T         T         T         T         T         T         T        T        T        T        F        
-ok-s3.x-0         T        T        loop  T          T         T         T         T         T         T         T         T         T         T         T         T         T         T         T         T         T         T         T         T         T        T        T        T        F        
-ok-s4.x-0         T        T        loop  T          T         T         T         T         T         T         T         T         T         T         T         T         T         T         T         T         T         T         T         T         T        T        T        T        F        
-ok-s5.x-0         T        T        loop  T          T         T         T         T         T         T         T         T         T         T         T         T         T         T         T         T         T         T         T         T         T        T        T        T        F        
-----------------------------------> loop <----------------------------------------------------------------------------------------------------------------------------------------------------------------------------------------------------------------------------------------------------------------
-ok-s6.x-0         T        T        loop  T          T         T         T         T         T         T         T         T         T         T         T         T         T         T         T         T         T         T         T         T         T        T        T        T        F        
-ok-s7.x-0         T        T        loop  T          T         T         T         T         T         T         T         T         T         T         T         T         T         T         T         T         T         T         T         T         T        T        T        T        F        
-ok-s8.x-0         T        T        loop  T          T         T         T         T         T         T         T         T         T         T         T         T         T         T         T         T         T         T         T         T         T        T        T        T        F        
-ok-s9.x-0         T        T        loop  T          T         T         T         T         T         T         T         T         T         T         T         T         T         T         T         T         T         T         T         T         T        T        T        T        F        
-----------------------------------> loop <----------------------------------------------------------------------------------------------------------------------------------------------------------------------------------------------------------------------------------------------------------------
-smaller-exists-0  F        F        loop  F          T         T         T         T         T         T         T         T         T         T         T         T         T         T         T         T         T         T         T         T         T        T        T        T        T        
@delta-0           0        0        loop  0          0         0         0         0         0         0         0         0         0         0         0         0         0         0         0         0         0         0         0         0         0        3/2      0        0        0        
@open-0            F        F        loop  F          F         F         F         F         F         F         F         F         F         F         F         F         F         F         F         F         F         F         F         F         F        T        F        F        F        
bus.cd_id-0        20       19       loop  0          1         2         3         4         5         6         7         8         9         10        11        12        13        14        15        16        17        18        19        20        20       20       20       20       0        
-----------------------------------> loop <----------------------------------------------------------------------------------------------------------------------------------------------------------------------------------------------------------------------------------------------------------------
bus.evt-0          begin    begin    loop  cd         cd        cd        cd        cd        cd        cd        cd        cd        cd        cd        cd        cd        cd        cd        cd        cd        cd        cd        cd        cd        begin    begin    begin    begin    cd       
bus.j-0            0        0        loop  0          1         2         3         4         5         6         7         8         9         10        11        12        13        14        15        16        17        18        19        20        0        0        0        0        0        
bus.l-0            idle     active   loop  collision  transmit  transmit  transmit  transmit  transmit  transmit  transmit  transmit  transmit  transmit  transmit  transmit  transmit  transmit  transmit  transmit  transmit  transmit  transmit  transmit  idle     idle     idle     active   collision
bus.x-0            0        0        loop  0          0         0         0         0         0         0         0         0         0         0         0         0         0         0         0         0         0         0         0         0         0        0        3/2      0        0        
-----------------------------------> loop <----------------------------------------------------------------------------------------------------------------------------------------------------------------------------------------------------------------------------------------------------------------
s0.evt-0           begin    stutter  loop  cd         stutter   stutter   stutter   stutter   stutter   stutter   stutter   stutter   stutter   stutter   stutter   stutter   stutter   stutter   stutter   stutter   stutter   stutter   stutter   stutter   stutter  stutter  stutter  begin    cd       
s0.l-0             wait     transm   loop  transm     retry     retry     retry     retry     retry     retry     retry     retry     retry     retry     retry     retry     retry     retry     retry     retry     retry     retry     retry     retry     retry    retry    retry    retry    transm   
s0.x-0             0        0        loop  0          0         0         0         0         0         0         0         0         0         0         0         0         0         0         0         0         0         0         0         0         0        0        3/2      0        0        
s1.evt-0           stutter  stutter  loop  stutter    cd        stutter   stutter   stutter   stutter   stutter   stutter   stutter   stutter   stutter   stutter   stutter   stutter   stutter   stutter   stutter   stutter   stutter   stutter   stutter   stutter  stutter  stutter  stutter  stutter  
-----------------------------------> loop <----------------------------------------------------------------------------------------------------------------------------------------------------------------------------------------------------------------------------------------------------------------
s1.l-0             wait     wait     loop  wait       wait      wait      wait      wait      wait      wait      wait      wait      wait      wait      wait      wait      wait      wait      wait      wait      wait      wait      wait      wait      wait     wait     wait     wait     wait     
s1.x-0             0        0        loop  0          0         0         0         0         0         0         0         0         0         0         0         0         0         0         0         0         0         0         0         0         0        0        3/2      0        0        
s10.evt-0          stutter  stutter  loop  stutter    stutter   stutter   stutter   stutter   stutter   stutter   stutter   stutter   stutter   cd        stutter   stutter   stutter   stutter   stutter   stutter   stutter   stutter   stutter   stutter   stutter  stutter  stutter  stutter  stutter  
s10.l-0            wait     wait     loop  wait       wait      wait      wait      wait      wait      wait      wait      wait      wait      wait      wait      wait      wait      wait      wait      wait      wait      wait      wait      wait      wait     wait     wait     wait     wait     
-----------------------------------> loop <----------------------------------------------------------------------------------------------------------------------------------------------------------------------------------------------------------------------------------------------------------------
s10.x-0            0        0        loop  0          0         0         0         0         0         0         0         0         0         0         0         0         0         0         0         0         0         0         0         0         0        0        3/2      0        0        
s11.evt-0          stutter  stutter  loop  stutter    stutter   stutter   stutter   stutter   stutter   stutter   stutter   stutter   stutter   stutter   cd        stutter   stutter   stutter   stutter   stutter   stutter   stutter   stutter   stutter   stutter  stutter  stutter  stutter  stutter  
s11.l-0            wait     wait     loop  wait       wait      wait      wait      wait      wait      wait      wait      wait      wait      wait      wait      wait      wait      wait      wait      wait      wait      wait      wait      wait      wait     wait     wait     wait     wait     
s11.x-0            0        0        loop  0          0         0         0         0         0         0         0         0         0         0         0         0         0         0         0         0         0         0         0         0         0        0        3/2      0        0        
-----------------------------------> loop <----------------------------------------------------------------------------------------------------------------------------------------------------------------------------------------------------------------------------------------------------------------
s12.evt-0          stutter  stutter  loop  stutter    stutter   stutter   stutter   stutter   stutter   stutter   stutter   stutter   stutter   stutter   stutter   cd        stutter   stutter   stutter   stutter   stutter   stutter   stutter   stutter   stutter  stutter  stutter  stutter  stutter  
s12.l-0            wait     wait     loop  wait       wait      wait      wait      wait      wait      wait      wait      wait      wait      wait      wait      wait      wait      wait      wait      wait      wait      wait      wait      wait      wait     wait     wait     wait     wait     
s12.x-0            0        0        loop  0          0         0         0         0         0         0         0         0         0         0         0         0         0         0         0         0         0         0         0         0         0        0        3/2      0        0        
s13.evt-0          stutter  stutter  loop  stutter    stutter   stutter   stutter   stutter   stutter   stutter   stutter   stutter   stutter   stutter   stutter   stutter   cd        stutter   stutter   stutter   stutter   stutter   stutter   stutter   stutter  stutter  stutter  stutter  stutter  
-----------------------------------> loop <----------------------------------------------------------------------------------------------------------------------------------------------------------------------------------------------------------------------------------------------------------------
s13.l-0            wait     wait     loop  wait       wait      wait      wait      wait      wait      wait      wait      wait      wait      wait      wait      wait      wait      wait      wait      wait      wait      wait      wait      wait      wait     wait     wait     wait     wait     
s13.x-0            0        0        loop  0          0         0         0         0         0         0         0         0         0         0         0         0         0         0         0         0         0         0         0         0         0        0        3/2      0        0        
s14.evt-0          stutter  stutter  loop  stutter    stutter   stutter   stutter   stutter   stutter   stutter   stutter   stutter   stutter   stutter   stutter   stutter   stutter   cd        stutter   stutter   stutter   stutter   stutter   stutter   stutter  stutter  stutter  stutter  stutter  
s14.l-0            wait     wait     loop  wait       wait      wait      wait      wait      wait      wait      wait      wait      wait      wait      wait      wait      wait      wait      wait      wait      wait      wait      wait      wait      wait     wait     wait     wait     wait     
-----------------------------------> loop <----------------------------------------------------------------------------------------------------------------------------------------------------------------------------------------------------------------------------------------------------------------
s14.x-0            0        0        loop  0          0         0         0         0         0         0         0         0         0         0         0         0         0         0         0         0         0         0         0         0         0        0        3/2      0        0        
s15.evt-0          stutter  stutter  loop  stutter    stutter   stutter   stutter   stutter   stutter   stutter   stutter   stutter   stutter   stutter   stutter   stutter   stutter   stutter   cd        stutter   stutter   stutter   stutter   stutter   stutter  stutter  stutter  stutter  stutter  
s15.l-0            wait     wait     loop  wait       wait      wait      wait      wait      wait      wait      wait      wait      wait      wait      wait      wait      wait      wait      wait      wait      wait      wait      wait      wait      wait     wait     wait     wait     wait     
s15.x-0            0        0        loop  0          0         0         0         0         0         0         0         0         0         0         0         0         0         0         0         0         0         0         0         0         0        0        3/2      0        0        
-----------------------------------> loop <----------------------------------------------------------------------------------------------------------------------------------------------------------------------------------------------------------------------------------------------------------------
s16.evt-0          stutter  stutter  loop  stutter    stutter   stutter   stutter   stutter   stutter   stutter   stutter   stutter   stutter   stutter   stutter   stutter   stutter   stutter   stutter   cd        stutter   stutter   stutter   stutter   stutter  stutter  stutter  stutter  stutter  
s16.l-0            wait     wait     loop  wait       wait      wait      wait      wait      wait      wait      wait      wait      wait      wait      wait      wait      wait      wait      wait      wait      wait      wait      wait      wait      wait     wait     wait     wait     wait     
s16.x-0            0        0        loop  0          0         0         0         0         0         0         0         0         0         0         0         0         0         0         0         0         0         0         0         0         0        0        3/2      0        0        
s17.evt-0          stutter  stutter  loop  stutter    stutter   stutter   stutter   stutter   stutter   stutter   stutter   stutter   stutter   stutter   stutter   stutter   stutter   stutter   stutter   stutter   cd        stutter   stutter   stutter   stutter  stutter  stutter  stutter  stutter  
-----------------------------------> loop <----------------------------------------------------------------------------------------------------------------------------------------------------------------------------------------------------------------------------------------------------------------
s17.l-0            wait     wait     loop  wait       wait      wait      wait      wait      wait      wait      wait      wait      wait      wait      wait      wait      wait      wait      wait      wait      wait      wait      wait      wait      wait     wait     wait     wait     wait     
s17.x-0            0        0        loop  0          0         0         0         0         0         0         0         0         0         0         0         0         0         0         0         0         0         0         0         0         0        0        3/2      0        0        
s18.evt-0          stutter  stutter  loop  stutter    stutter   stutter   stutter   stutter   stutter   stutter   stutter   stutter   stutter   stutter   stutter   stutter   stutter   stutter   stutter   stutter   stutter   cd        stutter   stutter   stutter  stutter  stutter  stutter  stutter  
s18.l-0            wait     wait     loop  wait       wait      wait      wait      wait      wait      wait      wait      wait      wait      wait      wait      wait      wait      wait      wait      wait      wait      wait      wait      wait      wait     wait     wait     wait     wait     
-----------------------------------> loop <----------------------------------------------------------------------------------------------------------------------------------------------------------------------------------------------------------------------------------------------------------------
s18.x-0            0        0        loop  0          0         0         0         0         0         0         0         0         0         0         0         0         0         0         0         0         0         0         0         0         0        0        3/2      0        0        
s19.evt-0          stutter  stutter  loop  stutter    stutter   stutter   stutter   stutter   stutter   stutter   stutter   stutter   stutter   stutter   stutter   stutter   stutter   stutter   stutter   stutter   stutter   stutter   cd        stutter   stutter  stutter  stutter  stutter  stutter  
s19.l-0            wait     wait     loop  wait       wait      wait      wait      wait      wait      wait      wait      wait      wait      wait      wait      wait      wait      wait      wait      wait      wait      wait      wait      wait      wait     wait     wait     wait     wait     
s19.x-0            0        0        loop  0          0         0         0         0         0         0         0         0         0         0         0         0         0         0         0         0         0         0         0         0         0        0        3/2      0        0        
-----------------------------------> loop <----------------------------------------------------------------------------------------------------------------------------------------------------------------------------------------------------------------------------------------------------------------
s2.evt-0           stutter  stutter  loop  stutter    stutter   cd        stutter   stutter   stutter   stutter   stutter   stutter   stutter   stutter   stutter   stutter   stutter   stutter   stutter   stutter   stutter   stutter   stutter   stutter   stutter  stutter  stutter  stutter  stutter  
s2.l-0             wait     wait     loop  wait       wait      wait      wait      wait      wait      wait      wait      wait      wait      wait      wait      wait      wait      wait      wait      wait      wait      wait      wait      wait      wait     wait     wait     wait     wait     
s2.x-0             0        0        loop  0          0         0         0         0         0         0         0         0         0         0         0         0         0         0         0         0         0         0         0         0         0        0        3/2      0        0        
s20.evt-0          stutter  stutter  loop  stutter    stutter   stutter   stutter   stutter   stutter   stutter   stutter   stutter   stutter   stutter   stutter   stutter   stutter   stutter   stutter   stutter   stutter   stutter   stutter   cd        stutter  stutter  stutter  stutter  stutter  
-----------------------------------> loop <----------------------------------------------------------------------------------------------------------------------------------------------------------------------------------------------------------------------------------------------------------------
s20.l-0            wait     wait     loop  wait       wait      wait      wait      wait      wait      wait      wait      wait      wait      wait      wait      wait      wait      wait      wait      wait      wait      wait      wait      wait      wait     wait     wait     wait     wait     
s20.x-0            0        0        loop  0          0         0         0         0         0         0         0         0         0         0         0         0         0         0         0         0         0         0         0         0         0        0        3/2      0        0        
s3.evt-0           stutter  stutter  loop  stutter    stutter   stutter   cd        stutter   stutter   stutter   stutter   stutter   stutter   stutter   stutter   stutter   stutter   stutter   stutter   stutter   stutter   stutter   stutter   stutter   stutter  stutter  stutter  stutter  stutter  
s3.l-0             wait     wait     loop  wait       wait      wait      wait      wait      wait      wait      wait      wait      wait      wait      wait      wait      wait      wait      wait      wait      wait      wait      wait      wait      wait     wait     wait     wait     wait     
-----------------------------------> loop <----------------------------------------------------------------------------------------------------------------------------------------------------------------------------------------------------------------------------------------------------------------
s3.x-0             0        0        loop  0          0         0         0         0         0         0         0         0         0         0         0         0         0         0         0         0         0         0         0         0         0        0        3/2      0        0        
s4.evt-0           stutter  stutter  loop  stutter    stutter   stutter   stutter   cd        stutter   stutter   stutter   stutter   stutter   stutter   stutter   stutter   stutter   stutter   stutter   stutter   stutter   stutter   stutter   stutter   stutter  stutter  stutter  stutter  stutter  
s4.l-0             wait     wait     loop  wait       wait      wait      wait      wait      wait      wait      wait      wait      wait      wait      wait      wait      wait      wait      wait      wait      wait      wait      wait      wait      wait     wait     wait     wait     wait     
s4.x-0             0        0        loop  0          0         0         0         0         0         0         0         0         0         0         0         0         0         0         0         0         0         0         0         0         0        0        3/2      0        0        
-----------------------------------> loop <----------------------------------------------------------------------------------------------------------------------------------------------------------------------------------------------------------------------------------------------------------------
s5.evt-0           stutter  stutter  loop  stutter    stutter   stutter   stutter   stutter   cd        stutter   stutter   stutter   stutter   stutter   stutter   stutter   stutter   stutter   stutter   stutter   stutter   stutter   stutter   stutter   stutter  stutter  stutter  stutter  stutter  
s5.l-0             wait     wait     loop  wait       wait      wait      wait      wait      wait      wait      wait      wait      wait      wait      wait      wait      wait      wait      wait      wait      wait      wait      wait      wait      wait     wait     wait     wait     wait     
s5.x-0             0        0        loop  0          0         0         0         0         0         0         0         0         0         0         0         0         0         0         0         0         0         0         0         0         0        0        3/2      0        0        
s6.evt-0           stutter  stutter  loop  stutter    stutter   stutter   stutter   stutter   stutter   cd        stutter   stutter   stutter   stutter   stutter   stutter   stutter   stutter   stutter   stutter   stutter   stutter   stutter   stutter   stutter  stutter  stutter  stutter  stutter  
-----------------------------------> loop <----------------------------------------------------------------------------------------------------------------------------------------------------------------------------------------------------------------------------------------------------------------
s6.l-0             wait     wait     loop  wait       wait      wait      wait      wait      wait      wait      wait      wait      wait      wait      wait      wait      wait      wait      wait      wait      wait      wait      wait      wait      wait     wait     wait     wait     wait     
s6.x-0             0        0        loop  0          0         0         0         0         0         0         0         0         0         0         0         0         0         0         0         0         0         0         0         0         0        0        3/2      0        0        
s7.evt-0           stutter  stutter  loop  stutter    stutter   stutter   stutter   stutter   stutter   stutter   cd        stutter   stutter   stutter   stutter   stutter   stutter   stutter   stutter   stutter   stutter   stutter   stutter   stutter   stutter  stutter  stutter  stutter  stutter  
s7.l-0             wait     wait     loop  wait       wait      wait      wait      wait      wait      wait      wait      wait      wait      wait      wait      wait      wait      wait      wait      wait      wait      wait      wait      wait      wait     wait     wait     wait     wait     
-----------------------------------> loop <----------------------------------------------------------------------------------------------------------------------------------------------------------------------------------------------------------------------------------------------------------------
s7.x-0             0        0        loop  0          0         0         0         0         0         0         0         0         0         0         0         0         0         0         0         0         0         0         0         0         0        0        3/2      0        0        
s8.evt-0           stutter  begin    loop  stutter    stutter   stutter   stutter   stutter   stutter   stutter   stutter   cd        stutter   stutter   stutter   stutter   stutter   stutter   stutter   stutter   stutter   stutter   stutter   stutter   begin    begin    begin    stutter  stutter  
s8.l-0             wait     wait     loop  transm     transm    transm    transm    transm    transm    transm    transm    transm    retry     retry     retry     retry     retry     retry     retry     retry     retry     retry     retry     retry     retry    retry    retry    transm   transm   
s8.x-0             0        0        loop  0          0         0         0         0         0         0         0         0         0         0         0         0         0         0         0         0         0         0         0         0         0        0        3/2      0        0        
-----------------------------------> loop <----------------------------------------------------------------------------------------------------------------------------------------------------------------------------------------------------------------------------------------------------------------
s9.evt-0           stutter  stutter  loop  stutter    stutter   stutter   stutter   stutter   stutter   stutter   stutter   stutter   cd        stutter   stutter   stutter   stutter   stutter   stutter   stutter   stutter   stutter   stutter   stutter   stutter  stutter  stutter  stutter  stutter  
s9.l-0             wait     wait     loop  wait       wait      wait      wait      wait      wait      wait      wait      wait      wait      wait      wait      wait      wait      wait      wait      wait      wait      wait      wait      wait      wait     wait     wait     wait     wait     
s9.x-0             0        0        loop  0          0         0         0         0         0         0         0         0         0         0         0         0         0         0         0         0         0         0         0         0         0        0        3/2      0        0        
