 input: /home/magnago/benchmarks/ltl_timed_automata/fischer/divine/fischer_0006.xml
 property { 0 }: (G F proc_wait) -> (G F proc_cs)
 ------------------- OWCTY -------------------
 initialise...		    MAP/ET
 ============================================= 
           The property DOES NOT hold      
 ============================================= 
 generating counterexample...      
===== Trace from initial =====

P0 = idle, P1 = idle, P2 = idle, P3 = idle, P4 = idle, P5 = idle, prop = 0
.id = 0

URA state: <=0	<=0	<=0	<=0	<=0	<=0	<=0	<=0	\
<INF	<=0	<INF	<INF	<INF	<INF	<INF	<INF	\
<INF	<INF	<=0	<INF	<INF	<INF	<INF	<INF	\
<INF	<INF	<INF	<=0	<INF	<INF	<INF	<INF	\
<INF	<INF	<INF	<INF	<=0	<INF	<INF	<INF	\
<INF	<INF	<INF	<INF	<INF	<=0	<INF	<INF	\
<INF	<INF	<INF	<INF	<INF	<INF	<=0	<INF	\
<INF	<INF	<INF	<INF	<INF	<INF	<INF	<=0	\


P0 = req, P1 = idle, P2 = idle, P3 = idle, P4 = idle, P5 = idle, prop = 0
.id = 0

URA state: <=0	<=0	<=0	<=0	<=0	<=0	<=0	<=0	\
<INF	<=0	<INF	<INF	<INF	<INF	<INF	<INF	\
<INF	<INF	<=0	<INF	<INF	<INF	<INF	<INF	\
<INF	<INF	<INF	<=0	<INF	<INF	<INF	<INF	\
<INF	<INF	<INF	<INF	<=0	<INF	<INF	<INF	\
<INF	<INF	<INF	<INF	<INF	<=0	<INF	<INF	\
<INF	<INF	<INF	<INF	<INF	<INF	<=0	<INF	\
<INF	<INF	<INF	<INF	<INF	<INF	<INF	<=0	\


P0 = wait, P1 = idle, P2 = idle, P3 = idle, P4 = idle, P5 = idle, prop = 0
.id = 0
P0.x-_aux ≤ 0	
URA state: <=0	<=0	<=0	<=0	<=0	<=0	<=0	<=0	\
<INF	<=0	<INF	<INF	<INF	<INF	<INF	<INF	\
<INF	<INF	<=0	<INF	<INF	<INF	<INF	<INF	\
<INF	<INF	<INF	<=0	<INF	<INF	<INF	<INF	\
<INF	<INF	<INF	<INF	<=0	<INF	<INF	<INF	\
<INF	<INF	<INF	<INF	<INF	<=0	<INF	<INF	\
<INF	<INF	<INF	<INF	<INF	<INF	<=0	<INF	\
<INF	<INF	<INF	<INF	<INF	<INF	<INF	<=0	\


P0 = cs, P1 = idle, P2 = idle, P3 = idle, P4 = idle, P5 = idle, prop = 0
.id = 0
1 < _aux	
URA state: <=0	<=0	<=0	<=0	<=0	<=0	<=0	<=0	\
<INF	<=0	<INF	<INF	<INF	<INF	<INF	<INF	\
<INF	<INF	<=0	<INF	<INF	<INF	<INF	<INF	\
<INF	<INF	<INF	<=0	<INF	<INF	<INF	<INF	\
<INF	<INF	<INF	<INF	<=0	<INF	<INF	<INF	\
<INF	<INF	<INF	<INF	<INF	<=0	<INF	<INF	\
<INF	<INF	<INF	<INF	<INF	<INF	<=0	<INF	\
<INF	<INF	<INF	<INF	<INF	<INF	<INF	<=0	\


P0 = cs, P1 = req, P2 = idle, P3 = idle, P4 = idle, P5 = idle, prop = 0
.id = 0
1 < _aux	
URA state: <=0	<=0	<=0	<=0	<=0	<=0	<=0	<=0	\
<INF	<=0	<INF	<INF	<INF	<INF	<INF	<INF	\
<INF	<INF	<=0	<INF	<INF	<INF	<INF	<INF	\
<INF	<INF	<INF	<=0	<INF	<INF	<INF	<INF	\
<INF	<INF	<INF	<INF	<=0	<INF	<INF	<INF	\
<INF	<INF	<INF	<INF	<INF	<=0	<INF	<INF	\
<INF	<INF	<INF	<INF	<INF	<INF	<=0	<INF	\
<INF	<INF	<INF	<INF	<INF	<INF	<INF	<=0	\


P0 = cs, P1 = wait, P2 = idle, P3 = idle, P4 = idle, P5 = idle, prop = 0
.id = 1
1 < _aux	P1.x-_aux < -1

URA state: <=0	<=0	<=0	<=0	<=0	<=0	<=0	<=0	\
<INF	<=0	<INF	<INF	<INF	<INF	<INF	<INF	\
<INF	<INF	<=0	<INF	<INF	<INF	<INF	<INF	\
<INF	<INF	<INF	<=0	<INF	<INF	<INF	<INF	\
<INF	<INF	<INF	<INF	<=0	<INF	<INF	<INF	\
<INF	<INF	<INF	<INF	<INF	<=0	<INF	<INF	\
<INF	<INF	<INF	<INF	<INF	<INF	<=0	<INF	\
<INF	<INF	<INF	<INF	<INF	<INF	<INF	<=0	\


P0 = cs, P1 = cs, P2 = idle, P3 = idle, P4 = idle, P5 = idle, prop = 0
.id = 1
1 < _aux	
URA state: <=0	<=0	<=0	<=0	<=0	<=0	<=0	<=0	\
<INF	<=0	<INF	<INF	<INF	<INF	<INF	<INF	\
<INF	<INF	<=0	<INF	<INF	<INF	<INF	<INF	\
<INF	<INF	<INF	<=0	<INF	<INF	<INF	<INF	\
<INF	<INF	<INF	<INF	<=0	<INF	<INF	<INF	\
<INF	<INF	<INF	<INF	<INF	<=0	<INF	<INF	\
<INF	<INF	<INF	<INF	<INF	<INF	<=0	<INF	\
<INF	<INF	<INF	<INF	<INF	<INF	<INF	<=0	\


P0 = idle, P1 = cs, P2 = idle, P3 = idle, P4 = idle, P5 = idle, prop = 0
.id = 0
1 < _aux	
URA state: <=0	<=0	<=0	<=0	<=0	<=0	<=0	<=0	\
<INF	<=0	<INF	<INF	<INF	<INF	<INF	<INF	\
<INF	<INF	<=0	<INF	<INF	<INF	<INF	<INF	\
<INF	<INF	<INF	<=0	<INF	<INF	<INF	<INF	\
<INF	<INF	<INF	<INF	<=0	<INF	<INF	<INF	\
<INF	<INF	<INF	<INF	<INF	<=0	<INF	<INF	\
<INF	<INF	<INF	<INF	<INF	<INF	<=0	<INF	\
<INF	<INF	<INF	<INF	<INF	<INF	<INF	<=0	\


P0 = req, P1 = cs, P2 = idle, P3 = idle, P4 = idle, P5 = idle, prop = 0
.id = 0
1 < _aux	
URA state: <=0	<=0	<=0	<=0	<=0	<=0	<=0	<=0	\
<INF	<=0	<INF	<INF	<INF	<INF	<INF	<INF	\
<INF	<INF	<=0	<INF	<INF	<INF	<INF	<INF	\
<INF	<INF	<INF	<=0	<INF	<INF	<INF	<INF	\
<INF	<INF	<INF	<INF	<=0	<INF	<INF	<INF	\
<INF	<INF	<INF	<INF	<INF	<=0	<INF	<INF	\
<INF	<INF	<INF	<INF	<INF	<INF	<=0	<INF	\
<INF	<INF	<INF	<INF	<INF	<INF	<INF	<=0	\


P0 = wait, P1 = cs, P2 = idle, P3 = idle, P4 = idle, P5 = idle, prop = 3
.id = 0
_aux ≤ 0	0 ≤ P0.x-_aux
0 ≤ P1.x-_aux	0 ≤ P2.x-_aux
0 ≤ P3.x-_aux	0 ≤ P4.x-_aux
0 ≤ P5.x-_aux	
URA state: <=0	<=0	<=0	<=0	<=0	<=0	<=0	<=0	\
<INF	<=0	<INF	<INF	<INF	<INF	<INF	<INF	\
<INF	<INF	<=0	<INF	<INF	<INF	<INF	<INF	\
<INF	<INF	<INF	<=0	<INF	<INF	<INF	<INF	\
<INF	<INF	<INF	<INF	<=0	<INF	<INF	<INF	\
<INF	<INF	<INF	<INF	<INF	<=0	<INF	<INF	\
<INF	<INF	<INF	<INF	<INF	<INF	<=0	<INF	\
<INF	<INF	<INF	<INF	<INF	<INF	<INF	<=0	\



===== The cycle =====

P0 = wait, P1 = cs, P2 = req, P3 = idle, P4 = idle, P5 = idle, prop = 1
.id = 0
_aux < 1	-1 < P0.x-_aux
-1 < P1.x-_aux	0 ≤ P2.x-_aux
-1 < P3.x-_aux	-1 < P4.x-_aux
-1 < P5.x-_aux	
URA state: <=0	<=0	<=0	<=0	<=0	<=0	<=0	<=0	\
<INF	<=0	<INF	<INF	<INF	<INF	<INF	<INF	\
<INF	<INF	<=0	<INF	<INF	<INF	<INF	<INF	\
<INF	<INF	<INF	<=0	<INF	<INF	<INF	<INF	\
<INF	<INF	<INF	<INF	<=0	<INF	<INF	<INF	\
<INF	<INF	<INF	<INF	<INF	<=0	<INF	<INF	\
<INF	<INF	<INF	<INF	<INF	<INF	<=0	<INF	\
<INF	<INF	<INF	<INF	<INF	<INF	<INF	<=0	\


P0 = wait, P1 = cs, P2 = wait, P3 = idle, P4 = idle, P5 = idle, prop = 2
.id = 2
P2.x-_aux ≤ 0	
URA state: <=0	<=0	<=0	<=0	<=0	<=0	<=0	<=0	\
<INF	<=0	<INF	<INF	<INF	<INF	<INF	<INF	\
<INF	<INF	<=0	<INF	<INF	<INF	<INF	<INF	\
<INF	<INF	<INF	<=0	<INF	<INF	<INF	<INF	\
<INF	<INF	<INF	<INF	<=0	<INF	<INF	<INF	\
<INF	<INF	<INF	<INF	<INF	<=0	<INF	<INF	\
<INF	<INF	<INF	<INF	<INF	<INF	<=0	<INF	\
<INF	<INF	<INF	<INF	<INF	<INF	<INF	<=0	\


P0 = wait, P1 = cs, P2 = cs, P3 = idle, P4 = idle, P5 = idle, prop = 2
.id = 2
1 < _aux	
URA state: <=0	<=0	<=0	<=0	<=0	<=0	<=0	<=0	\
<INF	<=0	<INF	<INF	<INF	<INF	<INF	<INF	\
<INF	<INF	<=0	<INF	<INF	<INF	<INF	<INF	\
<INF	<INF	<INF	<=0	<INF	<INF	<INF	<INF	\
<INF	<INF	<INF	<INF	<=0	<INF	<INF	<INF	\
<INF	<INF	<INF	<INF	<INF	<=0	<INF	<INF	\
<INF	<INF	<INF	<INF	<INF	<INF	<=0	<INF	\
<INF	<INF	<INF	<INF	<INF	<INF	<INF	<=0	\


P0 = wait, P1 = cs, P2 = idle, P3 = idle, P4 = idle, P5 = idle, prop = 3
.id = 0
_aux ≤ 0	0 ≤ P0.x-_aux
0 ≤ P1.x-_aux	0 ≤ P2.x-_aux
0 ≤ P3.x-_aux	0 ≤ P4.x-_aux
0 ≤ P5.x-_aux	
URA state: <=0	<=0	<=0	<=0	<=0	<=0	<=0	<=0	\
<INF	<=0	<INF	<INF	<INF	<INF	<INF	<INF	\
<INF	<INF	<=0	<INF	<INF	<INF	<INF	<INF	\
<INF	<INF	<INF	<=0	<INF	<INF	<INF	<INF	\
<INF	<INF	<INF	<INF	<=0	<INF	<INF	<INF	\
<INF	<INF	<INF	<INF	<INF	<=0	<INF	<INF	\
<INF	<INF	<INF	<INF	<INF	<INF	<=0	<INF	\
<INF	<INF	<INF	<INF	<INF	<INF	<INF	<=0	\


do