 input: /home/magnago/benchmarks/ltl_timed_automata/fischer/divine/fischer_0013.xml
 property { 0 }: (G F proc_wait) -> (G F proc_cs)
 ------------------- OWCTY -------------------
 initialise...		    MAP/ET
 ============================================= 
           The property DOES NOT hold      
 ============================================= 
 generating counterexample...      
===== Trace from initial =====

P0 = idle, P1 = idle, P2 = idle, P3 = idle, P4 = idle, P5 = idle, P6 = idle, P7 = idle, P8 = idle, P9 = idle, P10 = idle, P11 = idle, P12 = idle, prop = 0
.id = 0

URA state: <=0	<=0	<=0	<=0	<=0	<=0	<=0	<=0	<=0	<=0	<=0	<=0	<=0	<=0	<=0	\
<INF	<=0	<INF	<INF	<INF	<INF	<INF	<INF	<INF	<INF	<INF	<INF	<INF	<INF	<INF	\
<INF	<INF	<=0	<INF	<INF	<INF	<INF	<INF	<INF	<INF	<INF	<INF	<INF	<INF	<INF	\
<INF	<INF	<INF	<=0	<INF	<INF	<INF	<INF	<INF	<INF	<INF	<INF	<INF	<INF	<INF	\
<INF	<INF	<INF	<INF	<=0	<INF	<INF	<INF	<INF	<INF	<INF	<INF	<INF	<INF	<INF	\
<INF	<INF	<INF	<INF	<INF	<=0	<INF	<INF	<INF	<INF	<INF	<INF	<INF	<INF	<INF	\
<INF	<INF	<INF	<INF	<INF	<INF	<=0	<INF	<INF	<INF	<INF	<INF	<INF	<INF	<INF	\
<INF	<INF	<INF	<INF	<INF	<INF	<INF	<=0	<INF	<INF	<INF	<INF	<INF	<INF	<INF	\
<INF	<INF	<INF	<INF	<INF	<INF	<INF	<INF	<=0	<INF	<INF	<INF	<INF	<INF	<INF	\
<INF	<INF	<INF	<INF	<INF	<INF	<INF	<INF	<INF	<=0	<INF	<INF	<INF	<INF	<INF	\
<INF	<INF	<INF	<INF	<INF	<INF	<INF	<INF	<INF	<INF	<=0	<INF	<INF	<INF	<INF	\
<INF	<INF	<INF	<INF	<INF	<INF	<INF	<INF	<INF	<INF	<INF	<=0	<INF	<INF	<INF	\
<INF	<INF	<INF	<INF	<INF	<INF	<INF	<INF	<INF	<INF	<INF	<INF	<=0	<INF	<INF	\
<INF	<INF	<INF	<INF	<INF	<INF	<INF	<INF	<INF	<INF	<INF	<INF	<INF	<=0	<INF	\
<INF	<INF	<INF	<INF	<INF	<INF	<INF	<INF	<INF	<INF	<INF	<INF	<INF	<INF	<=0	\


P0 = req, P1 = idle, P2 = idle, P3 = idle, P4 = idle, P5 = idle, P6 = idle, P7 = idle, P8 = idle, P9 = idle, P10 = idle, P11 = idle, P12 = idle, prop = 0
.id = 0

URA state: <=0	<=0	<=0	<=0	<=0	<=0	<=0	<=0	<=0	<=0	<=0	<=0	<=0	<=0	<=0	\
<INF	<=0	<INF	<INF	<INF	<INF	<INF	<INF	<INF	<INF	<INF	<INF	<INF	<INF	<INF	\
<INF	<INF	<=0	<INF	<INF	<INF	<INF	<INF	<INF	<INF	<INF	<INF	<INF	<INF	<INF	\
<INF	<INF	<INF	<=0	<INF	<INF	<INF	<INF	<INF	<INF	<INF	<INF	<INF	<INF	<INF	\
<INF	<INF	<INF	<INF	<=0	<INF	<INF	<INF	<INF	<INF	<INF	<INF	<INF	<INF	<INF	\
<INF	<INF	<INF	<INF	<INF	<=0	<INF	<INF	<INF	<INF	<INF	<INF	<INF	<INF	<INF	\
<INF	<INF	<INF	<INF	<INF	<INF	<=0	<INF	<INF	<INF	<INF	<INF	<INF	<INF	<INF	\
<INF	<INF	<INF	<INF	<INF	<INF	<INF	<=0	<INF	<INF	<INF	<INF	<INF	<INF	<INF	\
<INF	<INF	<INF	<INF	<INF	<INF	<INF	<INF	<=0	<INF	<INF	<INF	<INF	<INF	<INF	\
<INF	<INF	<INF	<INF	<INF	<INF	<INF	<INF	<INF	<=0	<INF	<INF	<INF	<INF	<INF	\
<INF	<INF	<INF	<INF	<INF	<INF	<INF	<INF	<INF	<INF	<=0	<INF	<INF	<INF	<INF	\
<INF	<INF	<INF	<INF	<INF	<INF	<INF	<INF	<INF	<INF	<INF	<=0	<INF	<INF	<INF	\
<INF	<INF	<INF	<INF	<INF	<INF	<INF	<INF	<INF	<INF	<INF	<INF	<=0	<INF	<INF	\
<INF	<INF	<INF	<INF	<INF	<INF	<INF	<INF	<INF	<INF	<INF	<INF	<INF	<=0	<INF	\
<INF	<INF	<INF	<INF	<INF	<INF	<INF	<INF	<INF	<INF	<INF	<INF	<INF	<INF	<=0	\


P0 = req, P1 = idle, P2 = req, P3 = idle, P4 = idle, P5 = idle, P6 = idle, P7 = idle, P8 = idle, P9 = idle, P10 = idle, P11 = idle, P12 = idle, prop = 0
.id = 0

URA state: <=0	<=0	<=0	<=0	<=0	<=0	<=0	<=0	<=0	<=0	<=0	<=0	<=0	<=0	<=0	\
<INF	<=0	<INF	<INF	<INF	<INF	<INF	<INF	<INF	<INF	<INF	<INF	<INF	<INF	<INF	\
<INF	<INF	<=0	<INF	<INF	<INF	<INF	<INF	<INF	<INF	<INF	<INF	<INF	<INF	<INF	\
<INF	<INF	<INF	<=0	<INF	<INF	<INF	<INF	<INF	<INF	<INF	<INF	<INF	<INF	<INF	\
<INF	<INF	<INF	<INF	<=0	<INF	<INF	<INF	<INF	<INF	<INF	<INF	<INF	<INF	<INF	\
<INF	<INF	<INF	<INF	<INF	<=0	<INF	<INF	<INF	<INF	<INF	<INF	<INF	<INF	<INF	\
<INF	<INF	<INF	<INF	<INF	<INF	<=0	<INF	<INF	<INF	<INF	<INF	<INF	<INF	<INF	\
<INF	<INF	<INF	<INF	<INF	<INF	<INF	<=0	<INF	<INF	<INF	<INF	<INF	<INF	<INF	\
<INF	<INF	<INF	<INF	<INF	<INF	<INF	<INF	<=0	<INF	<INF	<INF	<INF	<INF	<INF	\
<INF	<INF	<INF	<INF	<INF	<INF	<INF	<INF	<INF	<=0	<INF	<INF	<INF	<INF	<INF	\
<INF	<INF	<INF	<INF	<INF	<INF	<INF	<INF	<INF	<INF	<=0	<INF	<INF	<INF	<INF	\
<INF	<INF	<INF	<INF	<INF	<INF	<INF	<INF	<INF	<INF	<INF	<=0	<INF	<INF	<INF	\
<INF	<INF	<INF	<INF	<INF	<INF	<INF	<INF	<INF	<INF	<INF	<INF	<=0	<INF	<INF	\
<INF	<INF	<INF	<INF	<INF	<INF	<INF	<INF	<INF	<INF	<INF	<INF	<INF	<=0	<INF	\
<INF	<INF	<INF	<INF	<INF	<INF	<INF	<INF	<INF	<INF	<INF	<INF	<INF	<INF	<=0	\


P0 = req, P1 = idle, P2 = wait, P3 = idle, P4 = idle, P5 = idle, P6 = idle, P7 = idle, P8 = idle, P9 = idle, P10 = idle, P11 = idle, P12 = idle, prop = 0
.id = 2
P2.x ≤ 2	0 ≤ P0.x-P2.x
-2 ≤ P1.x-P2.x	P2.x-P3.x ≤ 2
P2.x-P4.x ≤ 2	P2.x-P5.x ≤ 2
P2.x-P6.x ≤ 2	P2.x-P7.x ≤ 2
P2.x-P8.x ≤ 2	P2.x-P9.x ≤ 2
P2.x-P10.x ≤ 2	P2.x-P11.x ≤ 2
P2.x-P12.x ≤ 2	P2.x-_aux ≤ 0

URA state: <=0	<=0	<=0	<=0	<=0	<=0	<=0	<=0	<=0	<=0	<=0	<=0	<=0	<=0	<=0	\
<INF	<=0	<INF	<INF	<INF	<INF	<INF	<INF	<INF	<INF	<INF	<INF	<INF	<INF	<INF	\
<INF	<INF	<=0	<INF	<INF	<INF	<INF	<INF	<INF	<INF	<INF	<INF	<INF	<INF	<INF	\
<INF	<INF	<INF	<=0	<INF	<INF	<INF	<INF	<INF	<INF	<INF	<INF	<INF	<INF	<INF	\
<INF	<INF	<INF	<INF	<=0	<INF	<INF	<INF	<INF	<INF	<INF	<INF	<INF	<INF	<INF	\
<INF	<INF	<INF	<INF	<INF	<=0	<INF	<INF	<INF	<INF	<INF	<INF	<INF	<INF	<INF	\
<INF	<INF	<INF	<INF	<INF	<INF	<=0	<INF	<INF	<INF	<INF	<INF	<INF	<INF	<INF	\
<INF	<INF	<INF	<INF	<INF	<INF	<INF	<=0	<INF	<INF	<INF	<INF	<INF	<INF	<INF	\
<INF	<INF	<INF	<INF	<INF	<INF	<INF	<INF	<=0	<INF	<INF	<INF	<INF	<INF	<INF	\
<INF	<INF	<INF	<INF	<INF	<INF	<INF	<INF	<INF	<=0	<INF	<INF	<INF	<INF	<INF	\
<INF	<INF	<INF	<INF	<INF	<INF	<INF	<INF	<INF	<INF	<=0	<INF	<INF	<INF	<INF	\
<INF	<INF	<INF	<INF	<INF	<INF	<INF	<INF	<INF	<INF	<INF	<=0	<INF	<INF	<INF	\
<INF	<INF	<INF	<INF	<INF	<INF	<INF	<INF	<INF	<INF	<INF	<INF	<=0	<INF	<INF	\
<INF	<INF	<INF	<INF	<INF	<INF	<INF	<INF	<INF	<INF	<INF	<INF	<INF	<=0	<INF	\
<INF	<INF	<INF	<INF	<INF	<INF	<INF	<INF	<INF	<INF	<INF	<INF	<INF	<INF	<=0	\


P0 = wait, P1 = idle, P2 = wait, P3 = idle, P4 = idle, P5 = idle, P6 = idle, P7 = idle, P8 = idle, P9 = idle, P10 = idle, P11 = idle, P12 = idle, prop = 3
.id = 0
_aux ≤ 0	0 ≤ P0.x-_aux
0 ≤ P1.x-_aux	0 ≤ P2.x-_aux
0 ≤ P3.x-_aux	0 ≤ P4.x-_aux
0 ≤ P5.x-_aux	0 ≤ P6.x-_aux
0 ≤ P7.x-_aux	0 ≤ P8.x-_aux
0 ≤ P9.x-_aux	0 ≤ P10.x-_aux
0 ≤ P11.x-_aux	0 ≤ P12.x-_aux

URA state: <=0	<=0	<=0	<=0	<=0	<=0	<=0	<=0	<=0	<=0	<=0	<=0	<=0	<=0	<=0	\
<INF	<=0	<INF	<INF	<INF	<INF	<INF	<INF	<INF	<INF	<INF	<INF	<INF	<INF	<INF	\
<INF	<INF	<=0	<INF	<INF	<INF	<INF	<INF	<INF	<INF	<INF	<INF	<INF	<INF	<INF	\
<INF	<INF	<INF	<=0	<INF	<INF	<INF	<INF	<INF	<INF	<INF	<INF	<INF	<INF	<INF	\
<INF	<INF	<INF	<INF	<=0	<INF	<INF	<INF	<INF	<INF	<INF	<INF	<INF	<INF	<INF	\
<INF	<INF	<INF	<INF	<INF	<=0	<INF	<INF	<INF	<INF	<INF	<INF	<INF	<INF	<INF	\
<INF	<INF	<INF	<INF	<INF	<INF	<=0	<INF	<INF	<INF	<INF	<INF	<INF	<INF	<INF	\
<INF	<INF	<INF	<INF	<INF	<INF	<INF	<=0	<INF	<INF	<INF	<INF	<INF	<INF	<INF	\
<INF	<INF	<INF	<INF	<INF	<INF	<INF	<INF	<=0	<INF	<INF	<INF	<INF	<INF	<INF	\
<INF	<INF	<INF	<INF	<INF	<INF	<INF	<INF	<INF	<=0	<INF	<INF	<INF	<INF	<INF	\
<INF	<INF	<INF	<INF	<INF	<INF	<INF	<INF	<INF	<INF	<=0	<INF	<INF	<INF	<INF	\
<INF	<INF	<INF	<INF	<INF	<INF	<INF	<INF	<INF	<INF	<INF	<=0	<INF	<INF	<INF	\
<INF	<INF	<INF	<INF	<INF	<INF	<INF	<INF	<INF	<INF	<INF	<INF	<=0	<INF	<INF	\
<INF	<INF	<INF	<INF	<INF	<INF	<INF	<INF	<INF	<INF	<INF	<INF	<INF	<=0	<INF	\
<INF	<INF	<INF	<INF	<INF	<INF	<INF	<INF	<INF	<INF	<INF	<INF	<INF	<INF	<=0	\



===== The cycle =====

P0 = wait, P1 = req, P2 = wait, P3 = idle, P4 = idle, P5 = idle, P6 = idle, P7 = idle, P8 = idle, P9 = idle, P10 = idle, P11 = idle, P12 = idle, prop = 1
.id = 0
_aux < 1	-1 < P0.x-_aux
0 ≤ P1.x-_aux	-1 < P2.x-_aux
-1 < P3.x-_aux	-1 < P4.x-_aux
-1 < P5.x-_aux	-1 < P6.x-_aux
-1 < P7.x-_aux	-1 < P8.x-_aux
-1 < P9.x-_aux	-1 < P10.x-_aux
-1 < P11.x-_aux	-1 < P12.x-_aux

URA state: <=0	<=0	<=0	<=0	<=0	<=0	<=0	<=0	<=0	<=0	<=0	<=0	<=0	<=0	<=0	\
<INF	<=0	<INF	<INF	<INF	<INF	<INF	<INF	<INF	<INF	<INF	<INF	<INF	<INF	<INF	\
<INF	<INF	<=0	<INF	<INF	<INF	<INF	<INF	<INF	<INF	<INF	<INF	<INF	<INF	<INF	\
<INF	<INF	<INF	<=0	<INF	<INF	<INF	<INF	<INF	<INF	<INF	<INF	<INF	<INF	<INF	\
<INF	<INF	<INF	<INF	<=0	<INF	<INF	<INF	<INF	<INF	<INF	<INF	<INF	<INF	<INF	\
<INF	<INF	<INF	<INF	<INF	<=0	<INF	<INF	<INF	<INF	<INF	<INF	<INF	<INF	<INF	\
<INF	<INF	<INF	<INF	<INF	<INF	<=0	<INF	<INF	<INF	<INF	<INF	<INF	<INF	<INF	\
<INF	<INF	<INF	<INF	<INF	<INF	<INF	<=0	<INF	<INF	<INF	<INF	<INF	<INF	<INF	\
<INF	<INF	<INF	<INF	<INF	<INF	<INF	<INF	<=0	<INF	<INF	<INF	<INF	<INF	<INF	\
<INF	<INF	<INF	<INF	<INF	<INF	<INF	<INF	<INF	<=0	<INF	<INF	<INF	<INF	<INF	\
<INF	<INF	<INF	<INF	<INF	<INF	<INF	<INF	<INF	<INF	<=0	<INF	<INF	<INF	<INF	\
<INF	<INF	<INF	<INF	<INF	<INF	<INF	<INF	<INF	<INF	<INF	<=0	<INF	<INF	<INF	\
<INF	<INF	<INF	<INF	<INF	<INF	<INF	<INF	<INF	<INF	<INF	<INF	<=0	<INF	<INF	\
<INF	<INF	<INF	<INF	<INF	<INF	<INF	<INF	<INF	<INF	<INF	<INF	<INF	<=0	<INF	\
<INF	<INF	<INF	<INF	<INF	<INF	<INF	<INF	<INF	<INF	<INF	<INF	<INF	<INF	<=0	\


P0 = wait, P1 = wait, P2 = wait, P3 = idle, P4 = idle, P5 = idle, P6 = idle, P7 = idle, P8 = idle, P9 = idle, P10 = idle, P11 = idle, P12 = idle, prop = 2
.id = 1
P1.x-_aux ≤ 0	
URA state: <=0	<=0	<=0	<=0	<=0	<=0	<=0	<=0	<=0	<=0	<=0	<=0	<=0	<=0	<=0	\
<INF	<=0	<INF	<INF	<INF	<INF	<INF	<INF	<INF	<INF	<INF	<INF	<INF	<INF	<INF	\
<INF	<INF	<=0	<INF	<INF	<INF	<INF	<INF	<INF	<INF	<INF	<INF	<INF	<INF	<INF	\
<INF	<INF	<INF	<=0	<INF	<INF	<INF	<INF	<INF	<INF	<INF	<INF	<INF	<INF	<INF	\
<INF	<INF	<INF	<INF	<=0	<INF	<INF	<INF	<INF	<INF	<INF	<INF	<INF	<INF	<INF	\
<INF	<INF	<INF	<INF	<INF	<=0	<INF	<INF	<INF	<INF	<INF	<INF	<INF	<INF	<INF	\
<INF	<INF	<INF	<INF	<INF	<INF	<=0	<INF	<INF	<INF	<INF	<INF	<INF	<INF	<INF	\
<INF	<INF	<INF	<INF	<INF	<INF	<INF	<=0	<INF	<INF	<INF	<INF	<INF	<INF	<INF	\
<INF	<INF	<INF	<INF	<INF	<INF	<INF	<INF	<=0	<INF	<INF	<INF	<INF	<INF	<INF	\
<INF	<INF	<INF	<INF	<INF	<INF	<INF	<INF	<INF	<=0	<INF	<INF	<INF	<INF	<INF	\
<INF	<INF	<INF	<INF	<INF	<INF	<INF	<INF	<INF	<INF	<=0	<INF	<INF	<INF	<INF	\
<INF	<INF	<INF	<INF	<INF	<INF	<INF	<INF	<INF	<INF	<INF	<=0	<INF	<INF	<INF	\
<INF	<INF	<INF	<INF	<INF	<INF	<INF	<INF	<INF	<INF	<INF	<INF	<=0	<INF	<INF	\
<INF	<INF	<INF	<INF	<INF	<INF	<INF	<INF	<INF	<INF	<INF	<INF	<INF	<=0	<INF	\
<INF	<INF	<INF	<INF	<INF	<INF	<INF	<INF	<INF	<INF	<INF	<INF	<INF	<INF	<=0	\


P0 = wait, P1 = cs, P2 = wait, P3 = idle, P4 = idle, P5 = idle, P6 = idle, P7 = idle, P8 = idle, P9 = idle, P10 = idle, P11 = idle, P12 = idle, prop = 2
.id = 1
1 < _aux	
URA state: <=0	<=0	<=0	<=0	<=0	<=0	<=0	<=0	<=0	<=0	<=0	<=0	<=0	<=0	<=0	\
<INF	<=0	<INF	<INF	<INF	<INF	<INF	<INF	<INF	<INF	<INF	<INF	<INF	<INF	<INF	\
<INF	<INF	<=0	<INF	<INF	<INF	<INF	<INF	<INF	<INF	<INF	<INF	<INF	<INF	<INF	\
<INF	<INF	<INF	<=0	<INF	<INF	<INF	<INF	<INF	<INF	<INF	<INF	<INF	<INF	<INF	\
<INF	<INF	<INF	<INF	<=0	<INF	<INF	<INF	<INF	<INF	<INF	<INF	<INF	<INF	<INF	\
<INF	<INF	<INF	<INF	<INF	<=0	<INF	<INF	<INF	<INF	<INF	<INF	<INF	<INF	<INF	\
<INF	<INF	<INF	<INF	<INF	<INF	<=0	<INF	<INF	<INF	<INF	<INF	<INF	<INF	<INF	\
<INF	<INF	<INF	<INF	<INF	<INF	<INF	<=0	<INF	<INF	<INF	<INF	<INF	<INF	<INF	\
<INF	<INF	<INF	<INF	<INF	<INF	<INF	<INF	<=0	<INF	<INF	<INF	<INF	<INF	<INF	\
<INF	<INF	<INF	<INF	<INF	<INF	<INF	<INF	<INF	<=0	<INF	<INF	<INF	<INF	<INF	\
<INF	<INF	<INF	<INF	<INF	<INF	<INF	<INF	<INF	<INF	<=0	<INF	<INF	<INF	<INF	\
<INF	<INF	<INF	<INF	<INF	<INF	<INF	<INF	<INF	<INF	<INF	<=0	<INF	<INF	<INF	\
<INF	<INF	<INF	<INF	<INF	<INF	<INF	<INF	<INF	<INF	<INF	<INF	<=0	<INF	<INF	\
<INF	<INF	<INF	<INF	<INF	<INF	<INF	<INF	<INF	<INF	<INF	<INF	<INF	<=0	<INF	\
<INF	<INF	<INF	<INF	<INF	<INF	<INF	<INF	<INF	<INF	<INF	<INF	<INF	<INF	<=0	\


P0 = wait, P1 = idle, P2 = wait, P3 = idle, P4 = idle, P5 = idle, P6 = idle, P7 = idle, P8 = idle, P9 = idle, P10 = idle, P11 = idle, P12 = idle, prop = 3
.id = 0
_aux ≤ 0	0 ≤ P0.x-_aux
0 ≤ P1.x-_aux	0 ≤ P2.x-_aux
0 ≤ P3.x-_aux	0 ≤ P4.x-_aux
0 ≤ P5.x-_aux	0 ≤ P6.x-_aux
0 ≤ P7.x-_aux	0 ≤ P8.x-_aux
0 ≤ P9.x-_aux	0 ≤ P10.x-_aux
0 ≤ P11.x-_aux	0 ≤ P12.x-_aux

URA state: <=0	<=0	<=0	<=0	<=0	<=0	<=0	<=0	<=0	<=0	<=0	<=0	<=0	<=0	<=0	\
<INF	<=0	<INF	<INF	<INF	<INF	<INF	<INF	<INF	<INF	<INF	<INF	<INF	<INF	<INF	\
<INF	<INF	<=0	<INF	<INF	<INF	<INF	<INF	<INF	<INF	<INF	<INF	<INF	<INF	<INF	\
<INF	<INF	<INF	<=0	<INF	<INF	<INF	<INF	<INF	<INF	<INF	<INF	<INF	<INF	<INF	\
<INF	<INF	<INF	<INF	<=0	<INF	<INF	<INF	<INF	<INF	<INF	<INF	<INF	<INF	<INF	\
<INF	<INF	<INF	<INF	<INF	<=0	<INF	<INF	<INF	<INF	<INF	<INF	<INF	<INF	<INF	\
<INF	<INF	<INF	<INF	<INF	<INF	<=0	<INF	<INF	<INF	<INF	<INF	<INF	<INF	<INF	\
<INF	<INF	<INF	<INF	<INF	<INF	<INF	<=0	<INF	<INF	<INF	<INF	<INF	<INF	<INF	\
<INF	<INF	<INF	<INF	<INF	<INF	<INF	<INF	<=0	<INF	<INF	<INF	<INF	<INF	<INF	\
<INF	<INF	<INF	<INF	<INF	<INF	<INF	<INF	<INF	<=0	<INF	<INF	<INF	<INF	<INF	\
<INF	<INF	<INF	<INF	<INF	<INF	<INF	<INF	<INF	<INF	<=0	<INF	<INF	<INF	<INF	\
<INF	<INF	<INF	<INF	<INF	<INF	<INF	<INF	<INF	<INF	<INF	<=0	<INF	<INF	<INF	\
<INF	<INF	<INF	<INF	<INF	<INF	<INF	<INF	<INF	<INF	<INF	<INF	<=0	<INF	<INF	\
<INF	<INF	<INF	<INF	<INF	<INF	<INF	<INF	<INF	<INF	<INF	<INF	<INF	<=0	<INF	\
<INF	<INF	<INF	<INF	<INF	<IN