 input: /home/magnago/benchmarks/ltl_timed_automata/fischer/divine/fischer_0012.xml
 property { 0 }: (G F proc_wait) -> (G F proc_cs)
 ------------------- OWCTY -------------------
 initialise...		    MAP/ET
 ============================================= 
           The property DOES NOT hold      
 ============================================= 
 generating counterexample...      
===== Trace from initial =====

P0 = idle, P1 = idle, P2 = idle, P3 = idle, P4 = idle, P5 = idle, P6 = idle, P7 = idle, P8 = idle, P9 = idle, P10 = idle, P11 = idle, prop = 0
.id = 0

URA state: <=0	<=0	<=0	<=0	<=0	<=0	<=0	<=0	<=0	<=0	<=0	<=0	<=0	<=0	\
<INF	<=0	<INF	<INF	<INF	<INF	<INF	<INF	<INF	<INF	<INF	<INF	<INF	<INF	\
<INF	<INF	<=0	<INF	<INF	<INF	<INF	<INF	<INF	<INF	<INF	<INF	<INF	<INF	\
<INF	<INF	<INF	<=0	<INF	<INF	<INF	<INF	<INF	<INF	<INF	<INF	<INF	<INF	\
<INF	<INF	<INF	<INF	<=0	<INF	<INF	<INF	<INF	<INF	<INF	<INF	<INF	<INF	\
<INF	<INF	<INF	<INF	<INF	<=0	<INF	<INF	<INF	<INF	<INF	<INF	<INF	<INF	\
<INF	<INF	<INF	<INF	<INF	<INF	<=0	<INF	<INF	<INF	<INF	<INF	<INF	<INF	\
<INF	<INF	<INF	<INF	<INF	<INF	<INF	<=0	<INF	<INF	<INF	<INF	<INF	<INF	\
<INF	<INF	<INF	<INF	<INF	<INF	<INF	<INF	<=0	<INF	<INF	<INF	<INF	<INF	\
<INF	<INF	<INF	<INF	<INF	<INF	<INF	<INF	<INF	<=0	<INF	<INF	<INF	<INF	\
<INF	<INF	<INF	<INF	<INF	<INF	<INF	<INF	<INF	<INF	<=0	<INF	<INF	<INF	\
<INF	<INF	<INF	<INF	<INF	<INF	<INF	<INF	<INF	<INF	<INF	<=0	<INF	<INF	\
<INF	<INF	<INF	<INF	<INF	<INF	<INF	<INF	<INF	<INF	<INF	<INF	<=0	<INF	\
<INF	<INF	<INF	<INF	<INF	<INF	<INF	<INF	<INF	<INF	<INF	<INF	<INF	<=0	\


P0 = req, P1 = idle, P2 = idle, P3 = idle, P4 = idle, P5 = idle, P6 = idle, P7 = idle, P8 = idle, P9 = idle, P10 = idle, P11 = idle, prop = 0
.id = 0

URA state: <=0	<=0	<=0	<=0	<=0	<=0	<=0	<=0	<=0	<=0	<=0	<=0	<=0	<=0	\
<INF	<=0	<INF	<INF	<INF	<INF	<INF	<INF	<INF	<INF	<INF	<INF	<INF	<INF	\
<INF	<INF	<=0	<INF	<INF	<INF	<INF	<INF	<INF	<INF	<INF	<INF	<INF	<INF	\
<INF	<INF	<INF	<=0	<INF	<INF	<INF	<INF	<INF	<INF	<INF	<INF	<INF	<INF	\
<INF	<INF	<INF	<INF	<=0	<INF	<INF	<INF	<INF	<INF	<INF	<INF	<INF	<INF	\
<INF	<INF	<INF	<INF	<INF	<=0	<INF	<INF	<INF	<INF	<INF	<INF	<INF	<INF	\
<INF	<INF	<INF	<INF	<INF	<INF	<=0	<INF	<INF	<INF	<INF	<INF	<INF	<INF	\
<INF	<INF	<INF	<INF	<INF	<INF	<INF	<=0	<INF	<INF	<INF	<INF	<INF	<INF	\
<INF	<INF	<INF	<INF	<INF	<INF	<INF	<INF	<=0	<INF	<INF	<INF	<INF	<INF	\
<INF	<INF	<INF	<INF	<INF	<INF	<INF	<INF	<INF	<=0	<INF	<INF	<INF	<INF	\
<INF	<INF	<INF	<INF	<INF	<INF	<INF	<INF	<INF	<INF	<=0	<INF	<INF	<INF	\
<INF	<INF	<INF	<INF	<INF	<INF	<INF	<INF	<INF	<INF	<INF	<=0	<INF	<INF	\
<INF	<INF	<INF	<INF	<INF	<INF	<INF	<INF	<INF	<INF	<INF	<INF	<=0	<INF	\
<INF	<INF	<INF	<INF	<INF	<INF	<INF	<INF	<INF	<INF	<INF	<INF	<INF	<=0	\


P0 = req, P1 = idle, P2 = idle, P3 = idle, P4 = idle, P5 = idle, P6 = idle, P7 = idle, P8 = idle, P9 = idle, P10 = idle, P11 = req, prop = 0
.id = 0

URA state: <=0	<=0	<=0	<=0	<=0	<=0	<=0	<=0	<=0	<=0	<=0	<=0	<=0	<=0	\
<INF	<=0	<INF	<INF	<INF	<INF	<INF	<INF	<INF	<INF	<INF	<INF	<INF	<INF	\
<INF	<INF	<=0	<INF	<INF	<INF	<INF	<INF	<INF	<INF	<INF	<INF	<INF	<INF	\
<INF	<INF	<INF	<=0	<INF	<INF	<INF	<INF	<INF	<INF	<INF	<INF	<INF	<INF	\
<INF	<INF	<INF	<INF	<=0	<INF	<INF	<INF	<INF	<INF	<INF	<INF	<INF	<INF	\
<INF	<INF	<INF	<INF	<INF	<=0	<INF	<INF	<INF	<INF	<INF	<INF	<INF	<INF	\
<INF	<INF	<INF	<INF	<INF	<INF	<=0	<INF	<INF	<INF	<INF	<INF	<INF	<INF	\
<INF	<INF	<INF	<INF	<INF	<INF	<INF	<=0	<INF	<INF	<INF	<INF	<INF	<INF	\
<INF	<INF	<INF	<INF	<INF	<INF	<INF	<INF	<=0	<INF	<INF	<INF	<INF	<INF	\
<INF	<INF	<INF	<INF	<INF	<INF	<INF	<INF	<INF	<=0	<INF	<INF	<INF	<INF	\
<INF	<INF	<INF	<INF	<INF	<INF	<INF	<INF	<INF	<INF	<=0	<INF	<INF	<INF	\
<INF	<INF	<INF	<INF	<INF	<INF	<INF	<INF	<INF	<INF	<INF	<=0	<INF	<INF	\
<INF	<INF	<INF	<INF	<INF	<INF	<INF	<INF	<INF	<INF	<INF	<INF	<=0	<INF	\
<INF	<INF	<INF	<INF	<INF	<INF	<INF	<INF	<INF	<INF	<INF	<INF	<INF	<=0	\


P0 = req, P1 = idle, P2 = idle, P3 = idle, P4 = idle, P5 = idle, P6 = idle, P7 = idle, P8 = idle, P9 = idle, P10 = idle, P11 = wait, prop = 0
.id = 11
P11.x ≤ 2	0 ≤ P0.x-P11.x
-2 ≤ P1.x-P11.x	-2 ≤ P2.x-P11.x
-2 ≤ P3.x-P11.x	-2 ≤ P4.x-P11.x
-2 ≤ P5.x-P11.x	-2 ≤ P6.x-P11.x
-2 ≤ P7.x-P11.x	-2 ≤ P8.x-P11.x
-2 ≤ P9.x-P11.x	-2 ≤ P10.x-P11.x
P11.x-_aux ≤ 0	
URA state: <=0	<=0	<=0	<=0	<=0	<=0	<=0	<=0	<=0	<=0	<=0	<=0	<=0	<=0	\
<INF	<=0	<INF	<INF	<INF	<INF	<INF	<INF	<INF	<INF	<INF	<INF	<INF	<INF	\
<INF	<INF	<=0	<INF	<INF	<INF	<INF	<INF	<INF	<INF	<INF	<INF	<INF	<INF	\
<INF	<INF	<INF	<=0	<INF	<INF	<INF	<INF	<INF	<INF	<INF	<INF	<INF	<INF	\
<INF	<INF	<INF	<INF	<=0	<INF	<INF	<INF	<INF	<INF	<INF	<INF	<INF	<INF	\
<INF	<INF	<INF	<INF	<INF	<=0	<INF	<INF	<INF	<INF	<INF	<INF	<INF	<INF	\
<INF	<INF	<INF	<INF	<INF	<INF	<=0	<INF	<INF	<INF	<INF	<INF	<INF	<INF	\
<INF	<INF	<INF	<INF	<INF	<INF	<INF	<=0	<INF	<INF	<INF	<INF	<INF	<INF	\
<INF	<INF	<INF	<INF	<INF	<INF	<INF	<INF	<=0	<INF	<INF	<INF	<INF	<INF	\
<INF	<INF	<INF	<INF	<INF	<INF	<INF	<INF	<INF	<=0	<INF	<INF	<INF	<INF	\
<INF	<INF	<INF	<INF	<INF	<INF	<INF	<INF	<INF	<INF	<=0	<INF	<INF	<INF	\
<INF	<INF	<INF	<INF	<INF	<INF	<INF	<INF	<INF	<INF	<INF	<=0	<INF	<INF	\
<INF	<INF	<INF	<INF	<INF	<INF	<INF	<INF	<INF	<INF	<INF	<INF	<=0	<INF	\
<INF	<INF	<INF	<INF	<INF	<INF	<INF	<INF	<INF	<INF	<INF	<INF	<INF	<=0	\


P0 = wait, P1 = idle, P2 = idle, P3 = idle, P4 = idle, P5 = idle, P6 = idle, P7 = idle, P8 = idle, P9 = idle, P10 = idle, P11 = wait, prop = 3
.id = 0
_aux ≤ 0	0 ≤ P0.x-_aux
0 ≤ P1.x-_aux	0 ≤ P2.x-_aux
0 ≤ P3.x-_aux	0 ≤ P4.x-_aux
0 ≤ P5.x-_aux	0 ≤ P6.x-_aux
0 ≤ P7.x-_aux	0 ≤ P8.x-_aux
0 ≤ P9.x-_aux	0 ≤ P10.x-_aux
0 ≤ P11.x-_aux	
URA state: <=0	<=0	<=0	<=0	<=0	<=0	<=0	<=0	<=0	<=0	<=0	<=0	<=0	<=0	\
<INF	<=0	<INF	<INF	<INF	<INF	<INF	<INF	<INF	<INF	<INF	<INF	<INF	<INF	\
<INF	<INF	<=0	<INF	<INF	<INF	<INF	<INF	<INF	<INF	<INF	<INF	<INF	<INF	\
<INF	<INF	<INF	<=0	<INF	<INF	<INF	<INF	<INF	<INF	<INF	<INF	<INF	<INF	\
<INF	<INF	<INF	<INF	<=0	<INF	<INF	<INF	<INF	<INF	<INF	<INF	<INF	<INF	\
<INF	<INF	<INF	<INF	<INF	<=0	<INF	<INF	<INF	<INF	<INF	<INF	<INF	<INF	\
<INF	<INF	<INF	<INF	<INF	<INF	<=0	<INF	<INF	<INF	<INF	<INF	<INF	<INF	\
<INF	<INF	<INF	<INF	<INF	<INF	<INF	<=0	<INF	<INF	<INF	<INF	<INF	<INF	\
<INF	<INF	<INF	<INF	<INF	<INF	<INF	<INF	<=0	<INF	<INF	<INF	<INF	<INF	\
<INF	<INF	<INF	<INF	<INF	<INF	<INF	<INF	<INF	<=0	<INF	<INF	<INF	<INF	\
<INF	<INF	<INF	<INF	<INF	<INF	<INF	<INF	<INF	<INF	<=0	<INF	<INF	<INF	\
<INF	<INF	<INF	<INF	<INF	<INF	<INF	<INF	<INF	<INF	<INF	<=0	<INF	<INF	\
<INF	<INF	<INF	<INF	<INF	<INF	<INF	<INF	<INF	<INF	<INF	<INF	<=0	<INF	\
<INF	<INF	<INF	<INF	<INF	<INF	<INF	<INF	<INF	<INF	<INF	<INF	<INF	<=0	\



===== The cycle =====

P0 = wait, P1 = req, P2 = idle, P3 = idle, P4 = idle, P5 = idle, P6 = idle, P7 = idle, P8 = idle, P9 = idle, P10 = idle, P11 = wait, prop = 1
.id = 0
_aux < 1	-1 < P0.x-_aux
0 ≤ P1.x-_aux	-1 < P2.x-_aux
-1 < P3.x-_aux	-1 < P4.x-_aux
-1 < P5.x-_aux	-1 < P6.x-_aux
-1 < P7.x-_aux	-1 < P8.x-_aux
-1 < P9.x-_aux	-1 < P10.x-_aux
-1 < P11.x-_aux	
URA state: <=0	<=0	<=0	<=0	<=0	<=0	<=0	<=0	<=0	<=0	<=0	<=0	<=0	<=0	\
<INF	<=0	<INF	<INF	<INF	<INF	<INF	<INF	<INF	<INF	<INF	<INF	<INF	<INF	\
<INF	<INF	<=0	<INF	<INF	<INF	<INF	<INF	<INF	<INF	<INF	<INF	<INF	<INF	\
<INF	<INF	<INF	<=0	<INF	<INF	<INF	<INF	<INF	<INF	<INF	<INF	<INF	<INF	\
<INF	<INF	<INF	<INF	<=0	<INF	<INF	<INF	<INF	<INF	<INF	<INF	<INF	<INF	\
<INF	<INF	<INF	<INF	<INF	<=0	<INF	<INF	<INF	<INF	<INF	<INF	<INF	<INF	\
<INF	<INF	<INF	<INF	<INF	<INF	<=0	<INF	<INF	<INF	<INF	<INF	<INF	<INF	\
<INF	<INF	<INF	<INF	<INF	<INF	<INF	<=0	<INF	<INF	<INF	<INF	<INF	<INF	\
<INF	<INF	<INF	<INF	<INF	<INF	<INF	<INF	<=0	<INF	<INF	<INF	<INF	<INF	\
<INF	<INF	<INF	<INF	<INF	<INF	<INF	<INF	<INF	<=0	<INF	<INF	<INF	<INF	\
<INF	<INF	<INF	<INF	<INF	<INF	<INF	<INF	<INF	<INF	<=0	<INF	<INF	<INF	\
<INF	<INF	<INF	<INF	<INF	<INF	<INF	<INF	<INF	<INF	<INF	<=0	<INF	<INF	\
<INF	<INF	<INF	<INF	<INF	<INF	<INF	<INF	<INF	<INF	<INF	<INF	<=0	<INF	\
<INF	<INF	<INF	<INF	<INF	<INF	<INF	<INF	<INF	<INF	<INF	<INF	<INF	<=0	\


P0 = wait, P1 = wait, P2 = idle, P3 = idle, P4 = idle, P5 = idle, P6 = idle, P7 = idle, P8 = idle, P9 = idle, P10 = idle, P11 = wait, prop = 2
.id = 1
P1.x-_aux ≤ 0	
URA state: <=0	<=0	<=0	<=0	<=0	<=0	<=0	<=0	<=0	<=0	<=0	<=0	<=0	<=0	\
<INF	<=0	<INF	<INF	<INF	<INF	<INF	<INF	<INF	<INF	<INF	<INF	<INF	<INF	\
<INF	<INF	<=0	<INF	<INF	<INF	<INF	<INF	<INF	<INF	<INF	<INF	<INF	<INF	\
<INF	<INF	<INF	<=0	<INF	<INF	<INF	<INF	<INF	<INF	<INF	<INF	<INF	<INF	\
<INF	<INF	<INF	<INF	<=0	<INF	<INF	<INF	<INF	<INF	<INF	<INF	<INF	<INF	\
<INF	<INF	<INF	<INF	<INF	<=0	<INF	<INF	<INF	<INF	<INF	<INF	<INF	<INF	\
<INF	<INF	<INF	<INF	<INF	<INF	<=0	<INF	<INF	<INF	<INF	<INF	<INF	<INF	\
<INF	<INF	<INF	<INF	<INF	<INF	<INF	<=0	<INF	<INF	<INF	<INF	<INF	<INF	\
<INF	<INF	<INF	<INF	<INF	<INF	<INF	<INF	<=0	<INF	<INF	<INF	<INF	<INF	\
<INF	<INF	<INF	<INF	<INF	<INF	<INF	<INF	<INF	<=0	<INF	<INF	<INF	<INF	\
<INF	<INF	<INF	<INF	<INF	<INF	<INF	<INF	<INF	<INF	<=0	<INF	<INF	<INF	\
<INF	<INF	<INF	<INF	<INF	<INF	<INF	<INF	<INF	<INF	<INF	<=0	<INF	<INF	\
<INF	<INF	<INF	<INF	<INF	<INF	<INF	<INF	<INF	<INF	<INF	<INF	<=0	<INF	\
<INF	<INF	<INF	<INF	<INF	<INF	<INF	<INF	<INF	<INF	<INF	<INF	<INF	<=0	\


P0 = wait, P1 = cs, P2 = idle, P3 = idle, P4 = idle, P5 = idle, P6 = idle, P7 = idle, P8 = idle, P9 = idle, P10 = idle, P11 = wait, prop = 2
.id = 1
1 < _aux	
URA state: <=0	<=0	<=0	<=0	<=0	<=0	<=0	<=0	<=0	<=0	<=0	<=0	<=0	<=0	\
<INF	<=0	<INF	<INF	<INF	<INF	<INF	<INF	<INF	<INF	<INF	<INF	<INF	<INF	\
<INF	<INF	<=0	<INF	<INF	<INF	<INF	<INF	<INF	<INF	<INF	<INF	<INF	<INF	\
<INF	<INF	<INF	<=0	<INF	<INF	<INF	<INF	<INF	<INF	<INF	<INF	<INF	<INF	\
<INF	<INF	<INF	<INF	<=0	<INF	<INF	<INF	<INF	<INF	<INF	<INF	<INF	<INF	\
<INF	<INF	<INF	<INF	<INF	<=0	<INF	<INF	<INF	<INF	<INF	<INF	<INF	<INF	\
<INF	<INF	<INF	<INF	<INF	<INF	<=0	<INF	<INF	<INF	<INF	<INF	<INF	<INF	\
<INF	<INF	<INF	<INF	<INF	<INF	<INF	<=0	<INF	<INF	<INF	<INF	<INF	<INF	\
<INF	<INF	<INF	<INF	<INF	<INF	<INF	<INF	<=0	<INF	<INF	<INF	<INF	<INF	\
<INF	<INF	<INF	<INF	<INF	<INF	<INF	<INF	<INF	<=0	<INF	<INF	<INF	<INF	\
<INF	<INF	<INF	<INF	<INF	<INF	<INF	<INF	<INF	<INF	<=0	<INF	<INF	<INF	\
<INF	<INF	<INF	<INF	<INF	<INF	<INF	<INF	<INF	<INF	<INF	<=0	<INF	<INF	\
<INF	<INF	<INF	<INF	<INF	<INF	<INF	<INF	<INF	<INF	<INF	<INF	<=0	<INF	\
<INF	<INF	<INF	<INF	<INF	<INF	<INF	<INF	<INF	<INF	<INF	<INF	<INF	<=0	\


P0 = wait, P1 = idle, P2 = idle, P3 = idle, P4 = idle, P5 = idle, P6 = idle, P7 = idle, P8 = idle, P9 = idle, P10 = idle, P11 = wait, prop = 3
.id = 0
_aux ≤ 0	0 ≤ P0.x-_aux
0 ≤ P1.x-_aux	0 ≤ P2.x-_aux
0 ≤ P3.x-_aux	0 ≤ P4.x-_aux
0 ≤ P5.x-_aux	0 ≤ P6.x-_aux
0 ≤ P7.x-_aux	0 ≤ P8.x-_aux
0 ≤ P9.x-_aux	0 ≤ P10.x-_aux
0 ≤ P11.x-_aux	
URA state: <=0	<=0	<=0	<=0	<=0	<=0	<=0	<=0	<=0	<=0	<=0	<=0	<=0	<=0	\
<INF	<=0	<INF	<INF	<INF	<INF	<INF	<INF	<INF	<INF	<INF	<INF	<INF	<INF	\
<INF	<INF	<=0	<INF	<INF	<INF	<INF	<INF	<INF	<INF	<INF	<INF	<INF	<INF	\
<INF	<INF	<INF	<=0	<INF	<INF	<INF	<INF	<INF	<INF	<INF	<INF	<INF	<INF	\
<INF	<INF	<INF	<INF	<=0	<INF	<INF	<INF	<INF	<INF	<INF	<INF	<INF	<INF	\
<INF	<INF	<INF	<INF	<INF	<=0	<INF	<INF	<INF	<INF	<INF	<INF	<INF	<INF	\
<INF	<INF	<INF	<INF	<INF	<INF	<=0	<INF	<INF	<INF	<INF	<INF	<INF	<INF	\
<INF	<INF	<INF	<INF	<INF	<INF	<INF	<=0	<INF	<INF	<INF	<INF	<INF	<INF	\
<INF	<INF	<INF	<INF	<INF	<INF	<INF	<INF	<=0	<INF	<INF	<INF	<INF	<INF	\
<INF	<INF	<INF	<INF	<INF	<INF	<INF	<INF	<INF	<=0	<INF	<INF	<INF	<INF	\
<INF	<INF	<INF	<INF	<INF	<INF	<INF	<INF	<INF	<INF	<=0	<INF	<INF	<INF	\
<INF	<INF	<INF	<INF	<INF	<INF	<INF	<INF	<INF	<INF	<INF	<=0	<INF	<INF	\
<INF	<INF	<INF	<INF	<INF	<INF	<INF	<INF	<INF	<INF	<INF	<INF	<=0	<INF	\
<INF	<INF	<INF	<INF	<INF	<INF