*** This is nuXmv 2.0.0 (compiled on Sun Mar 14 22:37:19 2021)
*** Copyright (c) 2014-2021, Fondazione Bruno Kessler
*** For more information on nuXmv see https://nuxmv.fbk.eu
*** or email to <nuxmv@list.fbk.eu>.
*** Please report bugs at https://nuxmv.fbk.eu/bugs
*** (click on "Login Anonymously" to access)
*** Alternatively write to <nuxmv@list.fbk.eu>.

*** This version of nuXmv is linked to NuSMV 2.6.0.
*** For more information on NuSMV see <http://nusmv.fbk.eu>
*** or email to <nusmv-users@list.fbk.eu>.
*** Copyright (C) 2010-2021, Fondazione Bruno Kessler

*** This version of nuXmv is linked to the CUDD library version 2.4.1
*** Copyright (c) 1995-2004, Regents of the University of Colorado

*** This version of nuXmv is linked to the MiniSat SAT solver. 
*** See http://minisat.se/MiniSat.html
*** Copyright (c) 2003-2006, Niklas Een, Niklas Sorensson
*** Copyright (c) 2007-2010, Niklas Sorensson

*** This version of nuXmv is linked to MathSAT
*** Copyright (C) 2009-2019 by Fondazione Bruno Kessler
*** Copyright (C) 2009-2019 by University of Trento and others
*** See http://mathsat.fbk.eu

-- no proof or counterexample found with bound 0
-- no proof or counterexample found with bound 1
-- no proof or counterexample found with bound 2
-- no proof or counterexample found with bound 3
-- no proof or counterexample found with bound 4
-- no proof or counterexample found with bound 5
-- no proof or counterexample found with bound 6
-- no proof or counterexample found with bound 7
-- no proof or counterexample found with bound 8
-- no proof or counterexample found with bound 9
-- no proof or counterexample found with bound 10
-- no proof or counterexample found with bound 11
-- no proof or counterexample found with bound 12
-- no proof or counterexample found with bound 13
-- no proof or counterexample found with bound 14
-- no proof or counterexample found with bound 15
-- no proof or counterexample found with bound 16
-- no proof or counterexample found with bound 17
-- no proof or counterexample found with bound 18
-- no proof or counterexample found with bound 19
-- no proof or counterexample found with bound 20
-- no proof or counterexample found with bound 21
-- no proof or counterexample found with bound 22
-- no proof or counterexample found with bound 23
-- no proof or counterexample found with bound 24
-- no proof or counterexample found with bound 25
-- no proof or counterexample found with bound 26
-- no proof or counterexample found with bound 27
-- no proof or counterexample found with bound 28
-- no proof or counterexample found with bound 29
-- no proof or counterexample found with bound 30
-- no proof or counterexample found with bound 31
-- no proof or counterexample found with bound 32
-- no proof or counterexample found with bound 33
-- no proof or counterexample found with bound 34
-- no proof or counterexample found with bound 35
-- no proof or counterexample found with bound 36
-- no proof or counterexample found with bound 37
-- no proof or counterexample found with bound 38
-- no proof or counterexample found with bound 39
-- no proof or counterexample found with bound 40
-- no proof or counterexample found with bound 41
-- no proof or counterexample found with bound 42
-- no proof or counterexample found with bound 43
-- no proof or counterexample found with bound 44
-- no proof or counterexample found with bound 45
-- no proof or counterexample found with bound 46
-- no proof or counterexample found with bound 47
-- no proof or counterexample found with bound 48
-- no proof or counterexample found with bound 49
-- no proof or counterexample found with bound 50
-- no proof or counterexample found with bound 51
-- no proof or counterexample found with bound 52
-- no proof or counterexample found with bound 53
-- no proof or counterexample found with bound 54
-- no proof or counterexample found with bound 55
-- no proof or counterexample found with bound 56
-- no proof or counterexample found with bound 57
-- no proof or counterexample found with bound 58
-- no proof or counterexample found with bound 59
-- no proof or counterexample found with bound 60
-- no proof or counterexample found with bound 61
-- no proof or counterexample found with bound 62
-- no proof or counterexample found with bound 63
-- no proof or counterexample found with bound 64
-- no proof or counterexample found with bound 65
-- no proof or counterexample found with bound 66
-- no proof or counterexample found with bound 67
-- no proof or counterexample found with bound 68
-- no proof or counterexample found with bound 69
-- no proof or counterexample found with bound 70
-- no proof or counterexample found with bound 71
-- no proof or counterexample found with bound 72
-- no proof or counterexample found with bound 73
-- no proof or counterexample found with bound 74
-- no proof or counterexample found with bound 75
-- no proof or counterexample found with bound 76
-- no proof or counterexample found with bound 77
-- no proof or counterexample found with bound 78
-- no proof or counterexample found with bound 79
-- no proof or counterexample found with bound 80
-- no proof or counterexample found with bound 81
-- no proof or counterexample found with bound 82
-- no proof or counterexample found with bound 83
-- no proof or counterexample found with bound 84
-- no proof or counterexample found with bound 85
-- no proof or counterexample found with bound 86
-- no proof or counterexample found with bound 87
-- no proof or counterexample found with bound 88
-- no proof or counterexample found with bound 89
-- no proof or counterexample found with bound 90
-- no proof or counterexample found with bound 91
-- no proof or counterexample found with bound 92
-- no proof or counterexample found with bound 93
-- no proof or counterexample found with bound 94
-- no proof or counterexample found with bound 95
-- no proof or counterexample found with bound 96
-- no proof or counterexample found with bound 97
-- no proof or counterexample found with bound 98
-- no proof or counterexample found with bound 99
-- no proof or counterexample found with bound 100
-- no proof or counterexample found with bound 101
-- no proof or counterexample found with bound 102
-- no proof or counterexample found with bound 103
-- no proof or counterexample found with bound 104
-- no proof or counterexample found with bound 105
-- no proof or counterexample found with bound 106
-- no proof or counterexample found with bound 107
-- no proof or counterexample found with bound 108
-- no proof or counterexample found with bound 109
-- no proof or counterexample found with bound 110
-- no proof or counterexample found with bound 111
-- no proof or counterexample found with bound 112
-- no proof or counterexample found with bound 113
-- no proof or counterexample found with bound 114
-- no proof or counterexample found with bound 115
-- no proof or counterexample found with bound 116
-- no proof or counterexample found with bound 117
-- no proof or counterexample found with bound 118
-- no proof or counterexample found with bound 119
-- no proof or counterexample found with bound 120
-- no proof or counterexample found with bound 121
-- no proof or counterexample found with bound 122
-- no proof or counterexample found with bound 123
-- no proof or counterexample found with bound 124
-- no proof or counterexample found with bound 125
-- no proof or counterexample found with bound 126
-- no proof or counterexample found with bound 127
-- no proof or counterexample found with bound 128
-- no proof or counterexample found with bound 129
-- no proof or counterexample found with bound 130
-- no proof or counterexample found with bound 131
-- no proof or counterexample found with bound 132
-- no proof or counterexample found with bound 133
-- no proof or counterexample found with bound 134
-- no proof or counterexample found with bound 135
-- no proof or counterexample found with bound 136
-- no proof or counterexample found with bound 137
-- no proof or counterexample found with bound 138
-- no proof or counterexample found with bound 139
-- no proof or counterexample found with bound 140
-- no proof or counterexample found with bound 141
-- no proof or counterexample found with bound 142
-- no proof or counterexample found with bound 143
-- no proof or counterexample found with bound 144
-- no proof or counterexample found with bound 145
-- no proof or counterexample found with bound 146
-- no proof or counterexample found with bound 147
-- no proof or counterexample found with bound 148
-- no proof or counterexample found with bound 149
-- no proof or counterexample found with bound 150
-- no proof or counterexample found with bound 151
-- no proof or counterexample found with bound 152
-- no proof or counterexample found with bound 153
-- no proof or counterexample found with bound 154
-- no proof or counterexample found with bound 155
-- no proof or counterexample found with bound 156
-- no proof or counterexample found with bound 157
-- no proof or counterexample found with bound 158
-- no proof or counterexample found with bound 159
-- no proof or counterexample found with bound 160
-- no proof or counterexample found with bound 161
-- no proof or counterexample found with bound 162
-- no proof or counterexample found with bound 163
-- no proof or counterexample found with bound 164
-- no proof or counterexample found with bound 165
-- no proof or counterexample found with bound 166
-- no proof or counterexample found with bound 167
-- no proof or counterexample found with bound 168
-- no proof or counterexample found with bound 169
-- no proof or counterexample found with bound 170
-- no proof or counterexample found with bound 171
-- no proof or counterexample found with bound 172
-- no proof or counterexample found with bound 173
-- no proof or counterexample found with bound 174
-- no proof or counterexample found with bound 175
-- no proof or counterexample found with bound 176
-- no proof or counterexample found with bound 177
-- no proof or counterexample found with bound 178
-- no proof or counterexample found with bound 179
-- no proof or counterexample found with bound 180
-- no proof or counterexample found with bound 181
-- no proof or counterexample found with bound 182
-- no proof or counterexample found with bound 183
-- no proof or counterexample found with bound 184
-- no proof or counterexample found with bound 185
-- no proof or counterexample found with bound 186
-- no proof or counterexample found with bound 187
-- no proof or counterexample found with bound 188
-- no proof or counterexample found with bound 189
-- no proof or counterexample found with bound 190
-- no proof or counterexample found with bound 191
-- no proof or counterexample found with bound 192
-- no proof or counterexample found with bound 193
-- no proof or counterexample found with bound 194
-- no proof or counterexample found with bound 195
-- no proof or counterexample found with bound 196
-- no proof or counterexample found with bound 197
-- no proof or counterexample found with bound 198
-- no proof or counterexample found with bound 199
-- no proof or counterexample found with bound 200
-- no proof or counterexample found with bound 201
-- no proof or counterexample found with bound 202
-- no proof or counterexample found with bound 203
-- no proof or counterexample found with bound 204
-- no proof or counterexample found with bound 205
-- no proof or counterexample found with bound 206
-- no proof or counterexample found with bound 207
-- no proof or counterexample found with bound 208
-- no proof or counterexample found with bound 209
-- no proof or counterexample found with bound 210
-- no proof or counterexample found with bound 211
-- no proof or counterexample found with bound 212
-- no proof or counterexample found with bound 213
-- no proof or counterexample found with bound 214
-- no proof or counterexample found with bound 215
-- no proof or counterexample found with bound 216
-- no proof or counterexample found with bound 217
-- no proof or counterexample found with bound 218
-- no proof or counterexample found with bound 219
-- no proof or counterexample found with bound 220
-- no proof or counterexample found with bound 221
-- no proof or counterexample found with bound 222
-- no proof or counterexample found with bound 223
-- no proof or counterexample found with bound 224
-- no proof or counterexample found with bound 225
-- no proof or counterexample found with bound 226
-- no proof or counterexample found with bound 227
-- no proof or counterexample found with bound 228
-- no proof or counterexample found with bound 229
-- no proof or counterexample found with bound 230
-- no proof or counterexample found with bound 231
-- no proof or counterexample found with bound 232
-- no proof or counterexample found with bound 233
-- no proof or counterexample found with bound 234
-- no proof or counterexample found with bound 235
-- no proof or counterexample found with bound 236
-- no proof or counterexample found with bound 237
-- no proof or counterexample found with bound 238
-- no proof or counterexample found with bound 239
-- no proof or counterexample found with bound 240
-- no proof or counterexample found with bound 241
-- no proof or counterexample found with bound 242
-- no proof or counterexample found with bound 243
-- no proof or counterexample found with bound 244
-- no proof or counterexample found with bound 245
-- no proof or counterexample found with bound 246
-- no proof or counterexample found with bound 247
-- no proof or counterexample found with bound 248
-- no proof or counterexample found with bound 249
-- no proof or counterexample found with bound 250
-- no proof or counterexample found with bound 251
-- no proof or counterexample found with bound 252
-- no proof or counterexample found with bound 253
-- no proof or counterexample found with bound 254
-- no proof or counterexample found with bound 255
-- no proof or counterexample found with bound 256
-- no proof or counterexample found with bound 257
-- no proof or counterexample found with bound 258
-- no proof or counterexample found with bound 259
-- no proof or counterexample found with bound 260
-- no proof or counterexample found with bound 261
-- no proof or counterexample found with bound 262
-- no proof or counterexample found with bound 263
-- no proof or counterexample found with bound 264
-- no proof or counterexample found with bound 265
-- no proof or counterexample found with bound 266
-- no proof or counterexample found with bound 267
