 input: /home/magnago/benchmarks/ltl_timed_automata/csma-cd/divine/csma_0002.xml
 property { 0 }: G (s0_transm -> F s0_wait)
 ------------------- OWCTY -------------------
 initialise...		    |S| = 25
 ---------------- iteration 1 ---------------- 
 reachability...	    |S| = 57
 elimination & reset...	    |S| = 18
 ---------------- iteration 2 ---------------- 
 reachability...	    |S| = 46
 elimination & reset...	    |S| = 18
 ============================================= 
           The property DOES NOT hold      
 ============================================= 
 obtaining counterexample...      done
 generating counterexample...      
===== Trace from initial =====

Bus = idle, S0 = wait, S1 = wait, prop = 0
.j = 0

URA state: <=0	<=0	<=0	<=0	<=0	\
<INF	<=0	<INF	<INF	<INF	\
<INF	<INF	<=0	<INF	<INF	\
<INF	<INF	<INF	<=0	<INF	\
<INF	<INF	<INF	<INF	<=0	\


Bus = active, S0 = transm, S1 = wait, prop = 1
.j = 0
Bus.x < 1	S0.x < 1
_aux < 1	0 ≤ Bus.x-S0.x ≤ 0
Bus.x-S1.x < 1	-1 < Bus.x-_aux ≤ 0
S0.x-S1.x < 1	-1 < S0.x-_aux ≤ 0
-1 < S1.x-_aux	
URA state: <=0	<=0	<=0	<=0	<=0	\
<INF	<=0	<INF	<INF	<INF	\
<INF	<INF	<=0	<INF	<INF	\
<INF	<INF	<INF	<=0	<INF	\
<INF	<INF	<INF	<INF	<=0	\


Bus = collision, S0 = transm, S1 = transm, prop = 2
.j = 0
0 < Bus.x	0 < S0.x < 14
0 < S1.x < 13	_aux ≤ 0
-1 < Bus.x-S0.x	0 ≤ Bus.x-S1.x
0 < Bus.x-_aux	0 ≤ S0.x-S1.x < 1
0 < S0.x-_aux < 14	0 < S1.x-_aux < 13

URA state: <=0	<=0	<=0	<=0	<=0	\
<INF	<=0	<INF	<INF	<INF	\
<INF	<INF	<=0	<INF	<INF	\
<INF	<INF	<INF	<=0	<INF	\
<INF	<INF	<INF	<INF	<=0	\


Bus = transmit, S0 = retry, S1 = transm, prop = 1
.j = 1
0 < S1.x < 13	_aux ≤ 0
-13 < Bus.x-S1.x	0 ≤ Bus.x-_aux
-13 < S0.x-S1.x	0 ≤ S0.x-_aux
0 < S1.x-_aux < 13	
URA state: <=0	<=0	<=0	<=0	<=0	\
<INF	<=0	<INF	<INF	<INF	\
<INF	<INF	<=0	<INF	<INF	\
<INF	<INF	<INF	<=0	<INF	\
<INF	<INF	<INF	<INF	<=0	\


Bus = idle, S0 = retry, S1 = retry, prop = 1
.j = 0
_aux < 1	-1 < Bus.x-_aux
0 ≤ S0.x-_aux	0 ≤ S1.x-_aux

URA state: <=0	<=0	<=0	<=0	<=0	\
<INF	<=0	<INF	<INF	<INF	\
<INF	<INF	<=0	<INF	<INF	\
<INF	<INF	<INF	<=0	<INF	\
<INF	<INF	<INF	<INF	<=0	\


Bus = active, S0 = retry, S1 = transm, prop = 2
.j = 0
0 < Bus.x ≤ 26	1 ≤ S0.x
0 < S1.x ≤ 26	_aux ≤ 0
Bus.x-S0.x ≤ 0	0 ≤ Bus.x-S1.x ≤ 0
0 < Bus.x-_aux ≤ 26	0 ≤ S0.x-S1.x
1 ≤ S0.x-_aux	0 < S1.x-_aux ≤ 26

URA state: <=0	<=0	<=0	<=0	<=0	\
<INF	<=0	<INF	<INF	<INF	\
<INF	<INF	<=0	<INF	<INF	\
<INF	<INF	<INF	<=0	<INF	\
<INF	<INF	<INF	<INF	<=0	\



===== The cycle =====

Bus = collision, S0 = transm, S1 = transm, prop = 2
.j = 0
1 ≤ Bus.x	1 ≤ S0.x < 13
1 < S1.x < 26	_aux ≤ 0
0 ≤ Bus.x-S0.x	-13 < Bus.x-S1.x
1 ≤ Bus.x-_aux	-13 < S0.x-S1.x < 0
1 ≤ S0.x-_aux < 13	1 < S1.x-_aux < 26

URA state: <=0	<=0	<=0	<=0	<=0	\
<INF	<=0	<INF	<INF	<INF	\
<INF	<INF	<=0	<INF	<INF	\
<INF	<INF	<INF	<=0	<INF	\
<INF	<INF	<INF	<INF	<=0	\


Bus = transmit, S0 = retry, S1 = transm, prop = 1
.j = 1
1 < S1.x < 26	_aux ≤ 0
-26 < Bus.x-S1.x	0 ≤ Bus.x-_aux
-26 < S0.x-S1.x	0 ≤ S0.x-_aux
1 < S1.x-_aux < 26	
URA state: <=0	<=0	<=0	<=0	<=0	\
<INF	<=0	<INF	<INF	<INF	\
<INF	<INF	<=0	<INF	<INF	\
<INF	<INF	<INF	<=0	<INF	\
<INF	<INF	<INF	<INF	<=0	\


Bus = idle, S0 = retry, S1 = retry, prop = 1
.j = 0
_aux < 1	-1 < Bus.x-_aux
0 ≤ S0.x-_aux	0 ≤ S1.x-_aux

URA state: <=0	<=0	<=0	<=0	<=0	\
<INF	<=0	<INF	<INF	<INF	\
<INF	<INF	<=0	<INF	<INF	\
<INF	<INF	<INF	<=0	<INF	\
<INF	<INF	<INF	<INF	<=0	\


Bus = active, S0 = retry, S1 = transm, prop = 2
.j = 0
0 < Bus.x ≤ 26	1 ≤ S0.x
0 < S1.x ≤ 26	_aux ≤ 0
Bus.x-S0.x ≤ 0	0 ≤ Bus.x-S1.x ≤ 0
0 < Bus.x-_aux ≤ 26	0 ≤ S0.x-S1.x
1 ≤ S0.x-_aux	0 < S1.x-_aux ≤ 26

URA state: <=0	<=0	<=0	<=0	<=0	\
<INF	<=0	<INF	<INF	<INF	\
<INF	<INF	<=0	<INF	<INF	