Creating empty 100MiB image file: /home/magnago/overlay/token_ring_0009.c.ext3
Formatting image with ext3 file system
Image is done: /home/magnago/overlay/token_ring_0009.c.ext3
This is Ultimate 0.2.1-origin.dev-f91880a
[2021-04-24 17:42:06,852 INFO  L177        SettingsManager]: Resetting all preferences to default values...
[2021-04-24 17:42:06,856 INFO  L181        SettingsManager]: Resetting UltimateCore preferences to default values
[2021-04-24 17:42:06,883 INFO  L184        SettingsManager]: Ultimate Commandline Interface provides no preferences, ignoring...
[2021-04-24 17:42:06,884 INFO  L181        SettingsManager]: Resetting Boogie Preprocessor preferences to default values
[2021-04-24 17:42:06,885 INFO  L181        SettingsManager]: Resetting Boogie Procedure Inliner preferences to default values
[2021-04-24 17:42:06,886 INFO  L181        SettingsManager]: Resetting Abstract Interpretation preferences to default values
[2021-04-24 17:42:06,887 INFO  L181        SettingsManager]: Resetting LassoRanker preferences to default values
[2021-04-24 17:42:06,888 INFO  L181        SettingsManager]: Resetting Reaching Definitions preferences to default values
[2021-04-24 17:42:06,889 INFO  L181        SettingsManager]: Resetting SyntaxChecker preferences to default values
[2021-04-24 17:42:06,890 INFO  L181        SettingsManager]: Resetting Sifa preferences to default values
[2021-04-24 17:42:06,891 INFO  L184        SettingsManager]: B?chi Program Product provides no preferences, ignoring...
[2021-04-24 17:42:06,891 INFO  L181        SettingsManager]: Resetting LTL2Aut preferences to default values
[2021-04-24 17:42:06,892 INFO  L181        SettingsManager]: Resetting PEA to Boogie preferences to default values
[2021-04-24 17:42:06,893 INFO  L181        SettingsManager]: Resetting BlockEncodingV2 preferences to default values
[2021-04-24 17:42:06,893 INFO  L181        SettingsManager]: Resetting ChcToBoogie preferences to default values
[2021-04-24 17:42:06,894 INFO  L181        SettingsManager]: Resetting AutomataScriptInterpreter preferences to default values
[2021-04-24 17:42:06,895 INFO  L181        SettingsManager]: Resetting BuchiAutomizer preferences to default values
[2021-04-24 17:42:06,896 INFO  L181        SettingsManager]: Resetting CACSL2BoogieTranslator preferences to default values
[2021-04-24 17:42:06,897 INFO  L181        SettingsManager]: Resetting CodeCheck preferences to default values
[2021-04-24 17:42:06,899 INFO  L181        SettingsManager]: Resetting InvariantSynthesis preferences to default values
[2021-04-24 17:42:06,900 INFO  L181        SettingsManager]: Resetting RCFGBuilder preferences to default values
[2021-04-24 17:42:06,901 INFO  L181        SettingsManager]: Resetting Referee preferences to default values
[2021-04-24 17:42:06,901 INFO  L181        SettingsManager]: Resetting TraceAbstraction preferences to default values
[2021-04-24 17:42:06,903 INFO  L184        SettingsManager]: TraceAbstractionConcurrent provides no preferences, ignoring...
[2021-04-24 17:42:06,904 INFO  L184        SettingsManager]: TraceAbstractionWithAFAs provides no preferences, ignoring...
[2021-04-24 17:42:06,904 INFO  L181        SettingsManager]: Resetting TreeAutomizer preferences to default values
[2021-04-24 17:42:06,904 INFO  L181        SettingsManager]: Resetting IcfgToChc preferences to default values
[2021-04-24 17:42:06,905 INFO  L181        SettingsManager]: Resetting IcfgTransformer preferences to default values
[2021-04-24 17:42:06,906 INFO  L184        SettingsManager]: ReqToTest provides no preferences, ignoring...
[2021-04-24 17:42:06,906 INFO  L181        SettingsManager]: Resetting Boogie Printer preferences to default values
[2021-04-24 17:42:06,907 INFO  L181        SettingsManager]: Resetting ChcSmtPrinter preferences to default values
[2021-04-24 17:42:06,907 INFO  L181        SettingsManager]: Resetting ReqPrinter preferences to default values
[2021-04-24 17:42:06,908 INFO  L181        SettingsManager]: Resetting Witness Printer preferences to default values
[2021-04-24 17:42:06,909 INFO  L184        SettingsManager]: Boogie PL CUP Parser provides no preferences, ignoring...
[2021-04-24 17:42:06,909 INFO  L181        SettingsManager]: Resetting CDTParser preferences to default values
[2021-04-24 17:42:06,909 INFO  L184        SettingsManager]: AutomataScriptParser provides no preferences, ignoring...
[2021-04-24 17:42:06,910 INFO  L184        SettingsManager]: ReqParser provides no preferences, ignoring...
[2021-04-24 17:42:06,910 INFO  L181        SettingsManager]: Resetting SmtParser preferences to default values
[2021-04-24 17:42:06,910 INFO  L181        SettingsManager]: Resetting Witness Parser preferences to default values
[2021-04-24 17:42:06,911 INFO  L188        SettingsManager]: Finished resetting all preferences to default values...
[2021-04-24 17:42:06,912 INFO  L101        SettingsManager]: Beginning loading settings from /home/singularity/UAutomizer-linux/config/svcomp-LTL-64bit-Automizer_Default.epf
[2021-04-24 17:42:06,926 INFO  L113        SettingsManager]: Loading preferences was successful
[2021-04-24 17:42:06,926 INFO  L115        SettingsManager]: Preferences different from defaults after loading the file:
[2021-04-24 17:42:06,927 INFO  L136        SettingsManager]: Preferences of BlockEncodingV2 differ from their defaults:
[2021-04-24 17:42:06,928 INFO  L138        SettingsManager]:  * Minimize states even if more edges are added than removed.=true
[2021-04-24 17:42:06,928 INFO  L138        SettingsManager]:  * Rewrite not-equals=true
[2021-04-24 17:42:06,928 INFO  L138        SettingsManager]:  * Create parallel compositions if possible=false
[2021-04-24 17:42:06,928 INFO  L138        SettingsManager]:  * Minimize states using LBE with the strategy=NONE
[2021-04-24 17:42:06,928 INFO  L138        SettingsManager]:  * Use SBE=true
[2021-04-24 17:42:06,928 INFO  L136        SettingsManager]: Preferences of BuchiAutomizer differ from their defaults:
[2021-04-24 17:42:06,928 INFO  L138        SettingsManager]:  * Compute Interpolants along a Counterexample=Craig_TreeInterpolation
[2021-04-24 17:42:06,929 INFO  L138        SettingsManager]:  * Use old map elimination=false
[2021-04-24 17:42:06,929 INFO  L138        SettingsManager]:  * Try twofold refinement=false
[2021-04-24 17:42:06,929 INFO  L136        SettingsManager]: Preferences of CACSL2BoogieTranslator differ from their defaults:
[2021-04-24 17:42:06,929 INFO  L138        SettingsManager]:  * Check unreachability of error function in SV-COMP mode=false
[2021-04-24 17:42:06,929 INFO  L138        SettingsManager]:  * Overapproximate operations on floating types=true
[2021-04-24 17:42:06,929 INFO  L138        SettingsManager]:  * Check division by zero=IGNORE
[2021-04-24 17:42:06,929 INFO  L138        SettingsManager]:  * Pointer to allocated memory at dereference=ASSUME
[2021-04-24 17:42:06,929 INFO  L138        SettingsManager]:  * If two pointers are subtracted or compared they have the same base address=ASSUME
[2021-04-24 17:42:06,930 INFO  L138        SettingsManager]:  * Check array bounds for arrays that are off heap=ASSUME
[2021-04-24 17:42:06,930 INFO  L138        SettingsManager]:  * Check if freed pointer was valid=false
[2021-04-24 17:42:06,930 INFO  L138        SettingsManager]:  * Use constant arrays=true
[2021-04-24 17:42:06,930 INFO  L138        SettingsManager]:  * Pointer base address is valid at dereference=ASSUME
[2021-04-24 17:42:06,930 INFO  L136        SettingsManager]: Preferences of RCFGBuilder differ from their defaults:
[2021-04-24 17:42:06,930 INFO  L138        SettingsManager]:  * Size of a code block=SingleStatement
[2021-04-24 17:42:06,930 INFO  L138        SettingsManager]:  * SMT solver=Internal_SMTInterpol
Applying setting for plugin de.uni_freiburg.informatik.ultimate.plugins.generator.cacsl2boogietranslator: Overapproximate operations on floating types -> false
Applying setting for plugin de.uni_freiburg.informatik.ultimate.plugins.generator.cacsl2boogietranslator: Assume nondeterminstic values are in range -> false
[2021-04-24 17:42:07,131 INFO  L75    nceAwareModelManager]: Repository-Root is: /tmp
[2021-04-24 17:42:07,159 INFO  L261   ainManager$Toolchain]: [Toolchain 1]: Applicable parser(s) successfully (re)initialized
[2021-04-24 17:42:07,161 INFO  L217   ainManager$Toolchain]: [Toolchain 1]: Toolchain selected.
[2021-04-24 17:42:07,162 INFO  L271        PluginConnector]: Initializing CDTParser...
[2021-04-24 17:42:07,162 INFO  L275        PluginConnector]: CDTParser initialized
[2021-04-24 17:42:07,163 INFO  L432   ainManager$Toolchain]: [Toolchain 1]: Parsing single file: /home/magnago/benchmarks/ltl_timed_transition_system/token_ring/ultimate/token_ring_0009.c
[2021-04-24 17:42:07,216 INFO  L220              CDTParser]: Created temporary CDT project at /home/singularity/289ffdefd3ba4691a1d01fb3a54441e7/FLAGc847e4ae0
[2021-04-24 17:42:07,606 INFO  L306              CDTParser]: Found 1 translation units.
[2021-04-24 17:42:07,607 INFO  L160              CDTParser]: Scanning /home/magnago/benchmarks/ltl_timed_transition_system/token_ring/ultimate/token_ring_0009.c
[2021-04-24 17:42:07,640 INFO  L349              CDTParser]: About to delete temporary CDT project at /home/singularity/289ffdefd3ba4691a1d01fb3a54441e7/FLAGc847e4ae0
[2021-04-24 17:42:07,986 INFO  L357              CDTParser]: Successfully deleted /home/singularity/289ffdefd3ba4691a1d01fb3a54441e7
[2021-04-24 17:42:07,989 INFO  L299   ainManager$Toolchain]: ####################### [Toolchain 1] #######################
[2021-04-24 17:42:07,991 INFO  L131        ToolchainWalker]: Walking toolchain with 7 elements.
[2021-04-24 17:42:07,992 INFO  L113        PluginConnector]: ------------------------CACSL2BoogieTranslator----------------------------
[2021-04-24 17:42:07,992 INFO  L271        PluginConnector]: Initializing CACSL2BoogieTranslator...
[2021-04-24 17:42:07,995 INFO  L275        PluginConnector]: CACSL2BoogieTranslator initialized
[2021-04-24 17:42:07,995 INFO  L185        PluginConnector]: Executing the observer ACSLObjectContainerObserver from plugin CACSL2BoogieTranslator for "CDTParser AST 24.04 05:42:07" (1/1) ...
[2021-04-24 17:42:07,996 INFO  L205        PluginConnector]: Invalid model from CACSL2BoogieTranslator for observer de.uni_freiburg.informatik.ultimate.plugins.generator.cacsl2boogietranslator.ACSLObjectContainerObserver@ce41f2f and model type de.uni_freiburg.informatik.ultimate.plugins.generator.cacsl2boogietranslator AST 24.04 05:42:07, skipping insertion in model container
[2021-04-24 17:42:07,996 INFO  L185        PluginConnector]: Executing the observer CACSL2BoogieTranslatorObserver from plugin CACSL2BoogieTranslator for "CDTParser AST 24.04 05:42:07" (1/1) ...
[2021-04-24 17:42:08,003 INFO  L145         MainTranslator]: Starting translation in SV-COMP mode 
[2021-04-24 17:42:08,031 INFO  L178         MainTranslator]: Built tables and reachable declarations
[2021-04-24 17:42:08,273 INFO  L206          PostProcessor]: Analyzing one entry point: main
[2021-04-24 17:42:08,278 INFO  L203         MainTranslator]: Completed pre-run
[2021-04-24 17:42:08,356 INFO  L206          PostProcessor]: Analyzing one entry point: main
[2021-04-24 17:42:08,395 INFO  L208         MainTranslator]: Completed translation
[2021-04-24 17:42:08,396 INFO  L202        PluginConnector]: Adding new model de.uni_freiburg.informatik.ultimate.plugins.generator.cacsl2boogietranslator AST 24.04 05:42:08 WrapperNode
[2021-04-24 17:42:08,397 INFO  L132        PluginConnector]: ------------------------ END CACSL2BoogieTranslator----------------------------
[2021-04-24 17:42:08,399 INFO  L113        PluginConnector]: ------------------------Boogie Preprocessor----------------------------
[2021-04-24 17:42:08,399 INFO  L271        PluginConnector]: Initializing Boogie Preprocessor...
[2021-04-24 17:42:08,399 INFO  L275        PluginConnector]: Boogie Preprocessor initialized
[2021-04-24 17:42:08,413 INFO  L185        PluginConnector]: Executing the observer EnsureBoogieModelObserver from plugin Boogie Preprocessor for "de.uni_freiburg.informatik.ultimate.plugins.generator.cacsl2boogietranslator AST 24.04 05:42:08" (1/1) ...
[2021-04-24 17:42:08,414 INFO  L185        PluginConnector]: Executing the observer TypeChecker from plugin Boogie Preprocessor for "de.uni_freiburg.informatik.ultimate.plugins.generator.cacsl2boogietranslator AST 24.04 05:42:08" (1/1) ...
[2021-04-24 17:42:08,429 INFO  L185        PluginConnector]: Executing the observer ConstExpander from plugin Boogie Preprocessor for "de.uni_freiburg.informatik.ultimate.plugins.generator.cacsl2boogietranslator AST 24.04 05:42:08" (1/1) ...
[2021-04-24 17:42:08,430 INFO  L185        PluginConnector]: Executing the observer StructExpander from plugin Boogie Preprocessor for "de.uni_freiburg.informatik.ultimate.plugins.generator.cacsl2boogietranslator AST 24.04 05:42:08" (1/1) ...
[2021-04-24 17:42:08,456 INFO  L185        PluginConnector]: Executing the observer UnstructureCode from plugin Boogie Preprocessor for "de.uni_freiburg.informatik.ultimate.plugins.generator.cacsl2boogietranslator AST 24.04 05:42:08" (1/1) ...
[2021-04-24 17:42:08,462 INFO  L185        PluginConnector]: Executing the observer FunctionInliner from plugin Boogie Preprocessor for "de.uni_freiburg.informatik.ultimate.plugins.generator.cacsl2boogietranslator AST 24.04 05:42:08" (1/1) ...
[2021-04-24 17:42:08,467 INFO  L185        PluginConnector]: Executing the observer BoogieSymbolTableConstructor from plugin Boogie Preprocessor for "de.uni_freiburg.informatik.ultimate.plugins.generator.cacsl2boogietranslator AST 24.04 05:42:08" (1/1) ...
[2021-04-24 17:42:08,473 INFO  L132        PluginConnector]: ------------------------ END Boogie Preprocessor----------------------------
[2021-04-24 17:42:08,475 INFO  L113        PluginConnector]: ------------------------RCFGBuilder----------------------------
[2021-04-24 17:42:08,475 INFO  L271        PluginConnector]: Initializing RCFGBuilder...
[2021-04-24 17:42:08,475 INFO  L275        PluginConnector]: RCFGBuilder initialized
[2021-04-24 17:42:08,476 INFO  L185        PluginConnector]: Executing the observer RCFGBuilderObserver from plugin RCFGBuilder for "de.uni_freiburg.informatik.ultimate.plugins.generator.cacsl2boogietranslator AST 24.04 05:42:08" (1/1) ...
[2021-04-24 17:42:08,553 INFO  L138     BoogieDeclarations]: Found implementation of procedure ULTIMATE.init
[2021-04-24 17:42:08,553 INFO  L138     BoogieDeclarations]: Found implementation of procedure ULTIMATE.start
[2021-04-24 17:42:08,553 INFO  L138     BoogieDeclarations]: Found implementation of procedure __VERIFIER_nondet_bool
[2021-04-24 17:42:08,553 INFO  L138     BoogieDeclarations]: Found implementation of procedure main
[2021-04-24 17:42:08,553 INFO  L130     BoogieDeclarations]: Found specification of procedure __VERIFIER_nondet_float
[2021-04-24 17:42:08,553 INFO  L130     BoogieDeclarations]: Found specification of procedure __VERIFIER_nondet_int
[2021-04-24 17:42:08,553 INFO  L130     BoogieDeclarations]: Found specification of procedure __VERIFIER_nondet_bool
[2021-04-24 17:42:08,553 INFO  L130     BoogieDeclarations]: Found specification of procedure main
[2021-04-24 17:42:08,553 INFO  L130     BoogieDeclarations]: Found specification of procedure ULTIMATE.init
[2021-04-24 17:42:08,554 INFO  L130     BoogieDeclarations]: Found specification of procedure ULTIMATE.start
[2021-04-24 17:42:08,920 INFO  L294             CfgBuilder]: Using the 1 location(s) as analysis (start of procedure ULTIMATE.start)
[2021-04-24 17:42:08,920 INFO  L299             CfgBuilder]: Removed 1 assume(true) statements.
[2021-04-24 17:42:08,922 INFO  L202        PluginConnector]: Adding new model de.uni_freiburg.informatik.ultimate.plugins.generator.rcfgbuilder CFG 24.04 05:42:08 BoogieIcfgContainer
[2021-04-24 17:42:08,922 INFO  L132        PluginConnector]: ------------------------ END RCFGBuilder----------------------------
[2021-04-24 17:42:08,922 INFO  L113        PluginConnector]: ------------------------LTL2Aut----------------------------
[2021-04-24 17:42:08,922 INFO  L271        PluginConnector]: Initializing LTL2Aut...
[2021-04-24 17:42:08,925 INFO  L275        PluginConnector]: LTL2Aut initialized
[2021-04-24 17:42:08,926 INFO  L185        PluginConnector]: Executing the observer LTL2autObserver from plugin LTL2Aut for "de.uni_freiburg.informatik.ultimate.plugins.generator.cacsl2boogietranslator AST 24.04 05:42:08" (2/3) ...
No working directory specified, using /usr/bin/ltl2ba
Starting monitored process 1 with ltl2ba -f ! ( ( ( [] ( <> ( a ) ) || ! ( [] ( <> ( ( b && X ( c ) ) ) ) ) ) || ! ( [] ( <> ( d ) ) ) ) )  (exit command is null, workingDir is null)
[2021-04-24 17:42:08,980 INFO  L125        LTL2autObserver]: LTL Property is: ((G(F((!(10.0 <= ~tot_transm_time~0)))) || !(G(F(((!(0 != ~mgr_l~0)) && X((0 != ~mgr_l~0))))))) || !(G(F((1.0 <= ~_diverge_delta~0)))))
[2021-04-24 17:42:08,981 INFO  L202        PluginConnector]: Adding new model Hardcoded de.uni_freiburg.informatik.ultimate.ltl2aut AST 24.04 05:42:08 NWAContainer
[2021-04-24 17:42:08,981 INFO  L132        PluginConnector]: ------------------------ END LTL2Aut----------------------------
[2021-04-24 17:42:08,982 INFO  L113        PluginConnector]: ------------------------B?chi Program Product----------------------------
[2021-04-24 17:42:08,982 INFO  L271        PluginConnector]: Initializing B?chi Program Product...
[2021-04-24 17:42:08,983 INFO  L275        PluginConnector]: B?chi Program Product initialized
[2021-04-24 17:42:08,984 INFO  L185        PluginConnector]: Executing the observer BuchiProductObserver from plugin B?chi Program Product for "de.uni_freiburg.informatik.ultimate.plugins.generator.rcfgbuilder CFG 24.04 05:42:08" (3/4) ...
[2021-04-24 17:42:08,984 INFO  L205        PluginConnector]: Invalid model from B?chi Program Product for observer de.uni_freiburg.informatik.ultimate.buchiprogramproduct.BuchiProductObserver@23521fa1 and model type LTL+Program Product de.uni_freiburg.informatik.ultimate.buchiprogramproduct OTHER 24.04 05:42:08, skipping insertion in model container
[2021-04-24 17:42:08,985 INFO  L185        PluginConnector]: Executing the observer BuchiProductObserver from plugin B?chi Program Product for "Hardcoded de.uni_freiburg.informatik.ultimate.ltl2aut AST 24.04 05:42:08" (4/4) ...
[2021-04-24 17:42:08,987 INFO  L104   BuchiProductObserver]: Initial property automaton 7 locations, 25 edges
[2021-04-24 17:42:08,989 INFO  L110   BuchiProductObserver]: Initial RCFG 383 locations, 505 edges
[2021-04-24 17:42:08,989 INFO  L93    BuchiProductObserver]: Beginning generation of product automaton
[2021-04-24 17:42:08,994 INFO  L132       ProductGenerator]: The program has no step specification, so we assume maximum atomicity
[2021-04-24 17:42:10,722 INFO  L97    BuchiProductObserver]: Finished generation of product automaton successfully
[2021-04-24 17:42:10,736 INFO  L110   BuchiProductObserver]: BuchiProgram size 2893 locations, 10900 edges
[2021-04-24 17:42:10,737 INFO  L202        PluginConnector]: Adding new model LTL+Program Product de.uni_freiburg.informatik.ultimate.buchiprogramproduct OTHER 24.04 05:42:10 BoogieIcfgContainer
[2021-04-24 17:42:10,737 INFO  L132        PluginConnector]: ------------------------ END B?chi Program Product----------------------------
[2021-04-24 17:42:10,738 INFO  L113        PluginConnector]: ------------------------BlockEncodingV2----------------------------
[2021-04-24 17:42:10,738 INFO  L271        PluginConnector]: Initializing BlockEncodingV2...
[2021-04-24 17:42:10,740 INFO  L275        PluginConnector]: BlockEncodingV2 initialized
[2021-04-24 17:42:10,740 INFO  L185        PluginConnector]: Executing the observer BlockEncodingObserver from plugin BlockEncodingV2 for "LTL+Program Product de.uni_freiburg.informatik.ultimate.buchiprogramproduct OTHER 24.04 05:42:10" (1/1) ...
[2021-04-24 17:42:10,909 INFO  L313           BlockEncoder]: Initial Icfg 2893 locations, 10900 edges
[2021-04-24 17:42:10,909 INFO  L258           BlockEncoder]: Using Remove infeasible edges
[2021-04-24 17:42:10,909 INFO  L263           BlockEncoder]: Using Maximize final states
[2021-04-24 17:42:10,910 INFO  L270           BlockEncoder]: Using Minimize states even if more edges are added than removed.=true
[2021-04-24 17:42:10,910 INFO  L296           BlockEncoder]: Using Remove sink states
[2021-04-24 17:42:10,910 INFO  L171           BlockEncoder]: Using Apply optimizations until nothing changes=true
[2021-04-24 17:42:10,911 INFO  L179           BlockEncoder]: Using Rewrite not-equals
Received shutdown request...
