*** This is nuXmv 2.0.0 (compiled on Sun Mar 14 22:37:19 2021)
*** Copyright (c) 2014-2021, Fondazione Bruno Kessler
*** For more information on nuXmv see https://nuxmv.fbk.eu
*** or email to <nuxmv@list.fbk.eu>.
*** Please report bugs at https://nuxmv.fbk.eu/bugs
*** (click on "Login Anonymously" to access)
*** Alternatively write to <nuxmv@list.fbk.eu>.

*** This version of nuXmv is linked to NuSMV 2.6.0.
*** For more information on NuSMV see <http://nusmv.fbk.eu>
*** or email to <nusmv-users@list.fbk.eu>.
*** Copyright (C) 2010-2021, Fondazione Bruno Kessler

*** This version of nuXmv is linked to the CUDD library version 2.4.1
*** Copyright (c) 1995-2004, Regents of the University of Colorado

*** This version of nuXmv is linked to the MiniSat SAT solver. 
*** See http://minisat.se/MiniSat.html
*** Copyright (c) 2003-2006, Niklas Een, Niklas Sorensson
*** Copyright (c) 2007-2010, Niklas Sorensson

*** This version of nuXmv is linked to MathSAT
*** Copyright (C) 2009-2019 by Fondazione Bruno Kessler
*** Copyright (C) 2009-2019 by University of Trento and others
*** See http://mathsat.fbk.eu

-- no proof or counterexample found with bound 0
-- no proof or counterexample found with bound 1
-- no proof or counterexample found with bound 2
-- no proof or counterexample found with bound 3
-- no proof or counterexample found with bound 4
-- no proof or counterexample found with bound 5
-- no proof or counterexample found with bound 6
-- no proof or counterexample found with bound 7
-- no proof or counterexample found with bound 8
-- no proof or counterexample found with bound 9
-- LTL specification  F ( G next(max_prop) >= max_prop)  is false
-- as demonstrated by the following execution sequence
Trace Description: IC3 smt counterexample 
Trace Type: Counterexample 
  -> State: 1.1 <-
    p0.c = 0.0
    p1.c = 0.0
    v1 = 0
    v2 = FALSE
    proposed[0] = 16.0
    proposed[1] = 16.0
    max_prop = 16.0
    p0.l = L1
    p1.l = L1
    _T = 16
  -- [ time elapse: time = 0.0; delta = f'1/4 ] --
  -> State: 1.2 <-
    p0.c = f'1/4
    p1.c = f'1/4
  -- [ time elapse: time = f'1/4; delta = f'1/4 ] --
  -> State: 1.3 <-
    p0.c = f'1/2
    p1.c = f'1/2
  -> Input: 1.4 <-
    p0.event = move
    p1.event = move
    p0.evt_move = TRUE
    p0.evt_stutter = FALSE
    p1.evt_move = TRUE
    p1.evt_stutter = FALSE
  -- Loop starts here
  -- [ discrete transition ] --
  -> State: 1.4 <-
    p0.c = 0.0
    p1.c = 0.0
    p0.l = L2
    p1.l = L2
  -> Input: 1.5 <-
    p1.event = stutter
    p1.evt_move = FALSE
    p1.evt_stutter = TRUE
  -- [ discrete transition ] --
  -> State: 1.5 <-
    v1 = 1
    proposed[1] = f'65/4
    max_prop = f'65/4
    p0.l = L3
  -> Input: 1.6 <-
    p0.event = stutter
    p1.event = move
    p0.evt_move = FALSE
    p0.evt_stutter = TRUE
    p1.evt_move = TRUE
    p1.evt_stutter = FALSE
  -- [ discrete transition ] --
  -> State: 1.6 <-
    v1 = 2
    proposed[0] = f'65/4
    p1.l = L3
  -- [ time elapse: time = diverging; delta = f'1/4 ] --
  -> State: 1.7 <-
    p0.c = f'1/4
    p1.c = f'1/4
  -- [ time elapse: time = diverging; delta = f'65/4 ] --
  -> State: 1.8 <-
    p0.c = f'33/2
    p1.c = f'33/2
  -> Input: 1.9 <-
  -- [ discrete transition ] --
  -> State: 1.9 <-
    proposed[1] = 16.0
    p1.l = L4
  -> Input: 1.10 <-
  -- [ discrete transition ] --
  -> State: 1.10 <-
    p1.c = 0.0
    p1.l = L5
  -> Input: 1.11 <-
  -- [ discrete transition ] --
  -> State: 1.11 <-
    v2 = TRUE
    p1.l = L6
  -> Input: 1.12 <-
    p0.event = move
    p0.evt_move = TRUE
    p0.evt_stutter = FALSE
  -- [ discrete transition ] --
  -> State: 1.12 <-
    p0.l = L1
    p1.l = CS7
  -> Input: 1.13 <-
    p0.event = stutter
    p0.evt_move = FALSE
    p0.evt_stutter = TRUE
  -- [ discrete transition ] --
  -> State: 1.13 <-
    p1.l = L8
  -> Input: 1.14 <-
  -- [ discrete transition ] --
  -> State: 1.14 <-
    v2 = FALSE
    proposed[0] = f'63/4
    max_prop = 16.0
    p1.l = L9
  -> Input: 1.15 <-
  -- [ discrete transition ] --
  -> State: 1.15 <-
    v1 = 0
    proposed[0] = 16.0
    p1.l = L1
  -> Input: 1.16 <-
    p0.event = move
    p0.evt_move = TRUE
    p0.evt_stutter = FALSE
  -- [ discrete transition ] --
  -> State: 1.16 <-
    p0.c = 0.0
    p0.l = L2
    p1.l = L2
SUCCESS 
