*** This is nuXmv 2.0.0 (compiled on Sun Mar 14 22:37:19 2021)
*** Copyright (c) 2014-2021, Fondazione Bruno Kessler
*** For more information on nuXmv see https://nuxmv.fbk.eu
*** or email to <nuxmv@list.fbk.eu>.
*** Please report bugs at https://nuxmv.fbk.eu/bugs
*** (click on "Login Anonymously" to access)
*** Alternatively write to <nuxmv@list.fbk.eu>.

*** This version of nuXmv is linked to NuSMV 2.6.0.
*** For more information on NuSMV see <http://nusmv.fbk.eu>
*** or email to <nusmv-users@list.fbk.eu>.
*** Copyright (C) 2010-2021, Fondazione Bruno Kessler

*** This version of nuXmv is linked to the CUDD library version 2.4.1
*** Copyright (c) 1995-2004, Regents of the University of Colorado

*** This version of nuXmv is linked to the MiniSat SAT solver. 
*** See http://minisat.se/MiniSat.html
*** Copyright (c) 2003-2006, Niklas Een, Niklas Sorensson
*** Copyright (c) 2007-2010, Niklas Sorensson

*** This version of nuXmv is linked to MathSAT
*** Copyright (C) 2009-2019 by Fondazione Bruno Kessler
*** Copyright (C) 2009-2019 by University of Trento and others
*** See http://mathsat.fbk.eu

-- no proof or counterexample found with bound 0
-- no proof or counterexample found with bound 1
-- no proof or counterexample found with bound 2
-- no proof or counterexample found with bound 3
-- no proof or counterexample found with bound 4
-- no proof or counterexample found with bound 5
-- no proof or counterexample found with bound 6
-- LTL specification  F ( G next(max_prop) >= max_prop)  is false
-- as demonstrated by the following execution sequence
Trace Description: IC3 smt counterexample 
Trace Type: Counterexample 
Infinite Trace diverging symbols: p0.c, p2.c, p4.c, p5.c, p6.c, p7.c, p8.c, p9.c, p10.c
  -> State: 1.1 <-
    p0.c = 0.0
    p1.c = 0.0
    p2.c = 0.0
    p3.c = 0.0
    p4.c = 0.0
    p5.c = 0.0
    p6.c = 0.0
    p7.c = 0.0
    p8.c = 0.0
    p9.c = 0.0
    p10.c = 0.0
    v1 = 0
    v2 = FALSE
    proposed[0] = 16.0
    proposed[1] = 16.0
    proposed[2] = 16.0
    proposed[3] = 16.0
    proposed[4] = 16.0
    proposed[5] = 16.0
    proposed[6] = 16.0
    proposed[7] = 16.0
    proposed[8] = 16.0
    proposed[9] = 16.0
    proposed[10] = 16.0
    max_prop = 16.0
    p0.l = L1
    p1.l = L1
    p2.l = L1
    p3.l = L1
    p4.l = L1
    p5.l = L1
    p6.l = L1
    p7.l = L1
    p8.l = L1
    p9.l = L1
    p10.l = L1
    _T = 16
  -- [ time elapse: time = 0.0; delta = f'56/3 ] --
  -> State: 1.2 <-
    p0.c = f'56/3
    p1.c = f'56/3
    p2.c = f'56/3
    p3.c = f'56/3
    p4.c = f'56/3
    p5.c = f'56/3
    p6.c = f'56/3
    p7.c = f'56/3
    p8.c = f'56/3
    p9.c = f'56/3
    p10.c = f'56/3
  -- [ time elapse: time = f'56/3; delta = f'8/3 ] --
  -> State: 1.3 <-
    p0.c = f'64/3
    p1.c = f'64/3
    p2.c = f'64/3
    p3.c = f'64/3
    p4.c = f'64/3
    p5.c = f'64/3
    p6.c = f'64/3
    p7.c = f'64/3
    p8.c = f'64/3
    p9.c = f'64/3
    p10.c = f'64/3
  -> Input: 1.4 <-
    p0.event = stutter
    p1.event = move
    p2.event = stutter
    p3.event = move
    p4.event = stutter
    p5.event = stutter
    p6.event = stutter
    p7.event = stutter
    p8.event = stutter
    p9.event = stutter
    p10.event = stutter
    p0.evt_move = FALSE
    p0.evt_stutter = TRUE
    p1.evt_move = TRUE
    p1.evt_stutter = FALSE
    p2.evt_move = FALSE
    p2.evt_stutter = TRUE
    p3.evt_move = TRUE
    p3.evt_stutter = FALSE
    p4.evt_move = FALSE
    p4.evt_stutter = TRUE
    p5.evt_move = FALSE
    p5.evt_stutter = TRUE
    p6.evt_move = FALSE
    p6.evt_stutter = TRUE
    p7.evt_move = FALSE
    p7.evt_stutter = TRUE
    p8.evt_move = FALSE
    p8.evt_stutter = TRUE
    p9.evt_move = FALSE
    p9.evt_stutter = TRUE
    p10.evt_move = FALSE
    p10.evt_stutter = TRUE
  -- Loop starts here
  -- [ discrete transition ] --
  -> State: 1.4 <-
    p0.c = p0.c + 0.0
    p1.c = 0.0
    p2.c = p2.c + 0.0
    p3.c = 0.0
    p4.c = p4.c + 0.0
    p5.c = p5.c + 0.0
    p6.c = p6.c + 0.0
    p7.c = p7.c + 0.0
    p8.c = p8.c + 0.0
    p9.c = p9.c + 0.0
    p10.c = p10.c + 0.0
    p1.l = L2
    p3.l = L2
  -> Input: 1.5 <-
    p3.event = stutter
    p3.evt_move = FALSE
    p3.evt_stutter = TRUE
  -- [ discrete transition ] --
  -> State: 1.5 <-
    v1 = 2
    proposed[3] = f'56/3
    max_prop = f'56/3
    p1.l = L3
  -> Input: 1.6 <-
    p1.event = stutter
    p3.event = move
    p1.evt_move = FALSE
    p1.evt_stutter = TRUE
    p3.evt_move = TRUE
    p3.evt_stutter = FALSE
  -- [ discrete transition ] --
  -> State: 1.6 <-
    v1 = 4
    proposed[1] = f'40/3
    p3.l = L3
  -- [ time elapse: time = diverging; delta = f'56/3 ] --
  -> State: 1.7 <-
    p0.c = p0.c + f'56/3
    p1.c = f'56/3
    p2.c = p2.c + f'56/3
    p3.c = f'56/3
    p4.c = p4.c + f'56/3
    p5.c = p5.c + f'56/3
    p6.c = p6.c + f'56/3
    p7.c = p7.c + f'56/3
    p8.c = p8.c + f'56/3
    p9.c = p9.c + f'56/3
    p10.c = p10.c + f'56/3
  -- [ time elapse: time = diverging; delta = f'8/3 ] --
  -> State: 1.8 <-
    p0.c = p0.c + f'8/3
    p1.c = f'64/3
    p2.c = p2.c + f'8/3
    p3.c = f'64/3
    p4.c = p4.c + f'8/3
    p5.c = p5.c + f'8/3
    p6.c = p6.c + f'8/3
    p7.c = p7.c + f'8/3
    p8.c = p8.c + f'8/3
    p9.c = p9.c + f'8/3
    p10.c = p10.c + f'8/3
  -> Input: 1.9 <-
  -- [ discrete transition ] --
  -> State: 1.9 <-
    p0.c = p0.c + 0.0
    p2.c = p2.c + 0.0
    p4.c = p4.c + 0.0
    p5.c = p5.c + 0.0
    p6.c = p6.c + 0.0
    p7.c = p7.c + 0.0
    p8.c = p8.c + 0.0
    p9.c = p9.c + 0.0
    p10.c = p10.c + 0.0
    proposed[0] = f'56/3
    proposed[2] = f'40/3
    proposed[3] = 16.0
    proposed[4] = f'16/3
    proposed[5] = f'56/3
    proposed[6] = f'40/3
    proposed[7] = f'56/3
    proposed[9] = f'56/3
    proposed[10] = f'56/3
    p3.l = L4
  -> Input: 1.10 <-
  -- [ discrete transition ] --
  -> State: 1.10 <-
    p3.c = 0.0
    proposed[0] = f'64/3
    proposed[2] = f'56/3
    proposed[4] = f'8/3
    proposed[5] = 16.0
    proposed[7] = f'64/3
    proposed[8] = f'40/3
    proposed[9] = 16.0
    max_prop = f'64/3
    p3.l = L5
  -> Input: 1.11 <-
  -- [ discrete transition ] --
  -> State: 1.11 <-
    v2 = TRUE
    proposed[2] = 16.0
    p3.l = L6
  -> Input: 1.12 <-
  -- [ discrete transition ] --
  -> State: 1.12 <-
    proposed[0] = 16.0
    proposed[2] = f'40/3
    proposed[4] = 16.0
    proposed[5] = f'40/3
    proposed[6] = 16.0
    proposed[7] = 16.0
    proposed[8] = 16.0
    proposed[9] = f'40/3
    proposed[10] = 16.0
    max_prop = 16.0
    p3.l = CS7
  -> Input: 1.13 <-
    p1.event = move
    p1.evt_move = TRUE
    p1.evt_stutter = FALSE
  -- [ discrete transition ] --
  -> State: 1.13 <-
    proposed[0] = f'40/3
    proposed[2] = 16.0
    proposed[4] = f'40/3
    proposed[6] = f'40/3
    proposed[7] = f'40/3
    proposed[10] = f'40/3
    p1.l = L1
    p3.l = L8
  -> Input: 1.14 <-
    p1.event = stutter
    p1.evt_move = FALSE
    p1.evt_stutter = TRUE
  -- [ discrete transition ] --
  -> State: 1.14 <-
    v2 = FALSE
    p3.l = L9
  -> Input: 1.15 <-
  -- [ discrete transition ] --
  -> State: 1.15 <-
    v1 = 0
    proposed[0] = f'32/3
    proposed[1] = 16.0
    proposed[2] = f'40/3
    proposed[4] = f'32/3
    proposed[5] = f'32/3
    proposed[7] = f'32/3
    proposed[8] = f'40/3
    p3.l = L1
  -> Input: 1.16 <-
    p1.event = move
    p1.evt_move = TRUE
    p1.evt_stutter = FALSE
  -- [ discrete transition ] --
  -> State: 1.16 <-
    p1.c = 0.0
    proposed[0] = 16.0
    proposed[2] = 16.0
    proposed[4] = 16.0
    proposed[5] = 16.0
    proposed[6] = 16.0
    proposed[7] = 16.0
    proposed[8] = 16.0
    proposed[9] = 16.0
    proposed[10] = 16.0
    p1.l = L2
    p3.l = L2
SUCCESS 
