*** This is nuXmv 2.0.0 (compiled on Sun Mar 14 22:37:19 2021)
*** Copyright (c) 2014-2021, Fondazione Bruno Kessler
*** For more information on nuXmv see https://nuxmv.fbk.eu
*** or email to <nuxmv@list.fbk.eu>.
*** Please report bugs at https://nuxmv.fbk.eu/bugs
*** (click on "Login Anonymously" to access)
*** Alternatively write to <nuxmv@list.fbk.eu>.

*** This version of nuXmv is linked to NuSMV 2.6.0.
*** For more information on NuSMV see <http://nusmv.fbk.eu>
*** or email to <nusmv-users@list.fbk.eu>.
*** Copyright (C) 2010-2021, Fondazione Bruno Kessler

*** This version of nuXmv is linked to the CUDD library version 2.4.1
*** Copyright (c) 1995-2004, Regents of the University of Colorado

*** This version of nuXmv is linked to the MiniSat SAT solver. 
*** See http://minisat.se/MiniSat.html
*** Copyright (c) 2003-2006, Niklas Een, Niklas Sorensson
*** Copyright (c) 2007-2010, Niklas Sorensson

*** This version of nuXmv is linked to MathSAT
*** Copyright (C) 2009-2019 by Fondazione Bruno Kessler
*** Copyright (C) 2009-2019 by University of Trento and others
*** See http://mathsat.fbk.eu

-- no proof or counterexample found with bound 0
-- no proof or counterexample found with bound 1
-- no proof or counterexample found with bound 2
-- no proof or counterexample found with bound 3
-- no proof or counterexample found with bound 4
-- no proof or counterexample found with bound 5
-- no proof or counterexample found with bound 6
-- no proof or counterexample found with bound 7
-- no proof or counterexample found with bound 8
-- no proof or counterexample found with bound 9
-- LTL specification  F ( G next(max_prop) >= max_prop)  is false
-- as demonstrated by the following execution sequence
Trace Description: IC3 smt counterexample 
Trace Type: Counterexample 
Infinite Trace diverging symbols: p0.c, p1.c, p2.c, p4.c
  -> State: 1.1 <-
    p0.c = 0.0
    p1.c = 0.0
    p2.c = 0.0
    p3.c = 0.0
    p4.c = 0.0
    p5.c = 0.0
    v1 = 0
    v2 = FALSE
    proposed[0] = 16.0
    proposed[1] = 16.0
    proposed[2] = 16.0
    proposed[3] = 16.0
    proposed[4] = 16.0
    proposed[5] = 16.0
    max_prop = 16.0
    p0.l = L1
    p1.l = L1
    p2.l = L1
    p3.l = L1
    p4.l = L1
    p5.l = L1
    _T = 16
  -- [ time elapse: time = 0.0; delta = f'4/3 ] --
  -> State: 1.2 <-
    p0.c = f'4/3
    p1.c = f'4/3
    p2.c = f'4/3
    p3.c = f'4/3
    p4.c = f'4/3
    p5.c = f'4/3
  -- [ time elapse: time = f'4/3; delta = f'56/3 ] --
  -> State: 1.3 <-
    p0.c = 20.0
    p1.c = 20.0
    p2.c = 20.0
    p3.c = 20.0
    p4.c = 20.0
    p5.c = 20.0
  -> Input: 1.4 <-
    p0.event = stutter
    p1.event = stutter
    p2.event = stutter
    p3.event = move
    p4.event = stutter
    p5.event = move
    p0.evt_move = FALSE
    p0.evt_stutter = TRUE
    p1.evt_move = FALSE
    p1.evt_stutter = TRUE
    p2.evt_move = FALSE
    p2.evt_stutter = TRUE
    p3.evt_move = TRUE
    p3.evt_stutter = FALSE
    p4.evt_move = FALSE
    p4.evt_stutter = TRUE
    p5.evt_move = TRUE
    p5.evt_stutter = FALSE
  -- Loop starts here
  -- [ discrete transition ] --
  -> State: 1.4 <-
    p0.c = p0.c + 0.0
    p1.c = p1.c + 0.0
    p2.c = p2.c + 0.0
    p3.c = 0.0
    p4.c = p4.c + 0.0
    p5.c = 0.0
    proposed[0] = f'56/3
    max_prop = f'56/3
    p3.l = L2
    p5.l = L2
  -> Input: 1.5 <-
    p5.event = stutter
    p5.evt_move = FALSE
    p5.evt_stutter = TRUE
  -- [ discrete transition ] --
  -> State: 1.5 <-
    v1 = 4
    proposed[0] = f'52/3
    proposed[5] = f'52/3
    max_prop = f'52/3
    p3.l = L3
  -> Input: 1.6 <-
    p3.event = stutter
    p5.event = move
    p3.evt_move = FALSE
    p3.evt_stutter = TRUE
    p5.evt_move = TRUE
    p5.evt_stutter = FALSE
  -- [ discrete transition ] --
  -> State: 1.6 <-
    v1 = 6
    proposed[3] = f'8/3
    p5.l = L3
  -- [ time elapse: time = diverging; delta = f'4/3 ] --
  -> State: 1.7 <-
    p0.c = p0.c + f'4/3
    p1.c = p1.c + f'4/3
    p2.c = p2.c + f'4/3
    p3.c = f'4/3
    p4.c = p4.c + f'4/3
    p5.c = f'4/3
  -- [ time elapse: time = diverging; delta = f'52/3 ] --
  -> State: 1.8 <-
    p0.c = p0.c + f'52/3
    p1.c = p1.c + f'52/3
    p2.c = p2.c + f'52/3
    p3.c = f'56/3
    p4.c = p4.c + f'52/3
    p5.c = f'56/3
  -> Input: 1.9 <-
  -- [ discrete transition ] --
  -> State: 1.9 <-
    p0.c = p0.c + 0.0
    p1.c = p1.c + 0.0
    p2.c = p2.c + 0.0
    p4.c = p4.c + 0.0
    proposed[0] = f'56/3
    proposed[2] = f'56/3
    proposed[4] = f'44/3
    proposed[5] = 16.0
    max_prop = f'56/3
    p5.l = L4
  -> Input: 1.10 <-
  -- [ discrete transition ] --
  -> State: 1.10 <-
    p5.c = 0.0
    proposed[1] = f'8/3
    proposed[2] = f'52/3
    proposed[4] = f'40/3
    p5.l = L5
  -> Input: 1.11 <-
  -- [ discrete transition ] --
  -> State: 1.11 <-
    v2 = TRUE
    p5.l = L6
  -> Input: 1.12 <-
    p3.event = move
    p3.evt_move = TRUE
    p3.evt_stutter = FALSE
  -- [ discrete transition ] --
  -> State: 1.12 <-
    proposed[0] = f'4/3
    proposed[1] = f'4/3
    proposed[2] = f'44/3
    proposed[4] = f'44/3
    max_prop = 16.0
    p3.l = L1
    p5.l = CS7
  -> Input: 1.13 <-
    p3.event = stutter
    p3.evt_move = FALSE
    p3.evt_stutter = TRUE
  -- [ discrete transition ] --
  -> State: 1.13 <-
    proposed[0] = f'56/3
    proposed[1] = 20.0
    proposed[2] = 20.0
    proposed[3] = f'4/3
    proposed[4] = 20.0
    max_prop = 20.0
    p5.l = L8
  -> Input: 1.14 <-
  -- [ discrete transition ] --
  -> State: 1.14 <-
    v2 = FALSE
    p5.l = L9
  -> Input: 1.15 <-
  -- [ discrete transition ] --
  -> State: 1.15 <-
    v1 = 0
    proposed[0] = f'52/3
    proposed[1] = f'4/3
    proposed[2] = f'52/3
    proposed[3] = 16.0
    proposed[4] = f'52/3
    max_prop = f'52/3
    p5.l = L1
  -> Input: 1.16 <-
    p3.event = move
    p3.evt_move = TRUE
    p3.evt_stutter = FALSE
  -- [ discrete transition ] --
  -> State: 1.16 <-
    p3.c = 0.0
    proposed[0] = f'56/3
    proposed[1] = 16.0
    proposed[2] = 16.0
    proposed[4] = 16.0
    max_prop = f'56/3
    p3.l = L2
    p5.l = L2
SUCCESS 
