F3 run `csma_0011`

	Found non-termination argument:
	State 3
		s5_x = 0.0
		bus_cd_id = 0
		_diverge_delta = 0.0
		bus_x = 0.0
		delta = 0.0
		s0_x = 0.0
		bus_j = 0
		s2_evt1 = False
		s4_l1 = False
		s2_evt0 = False
		s4_l0 = False
		s2_evt2 = False
		s1_evt1 = False
		s1_evt0 = False
		s1_evt2 = False
		s3_l1 = False
		s3_l0 = False
		bus_evt1 = False
		s0_evt1 = False
		bus_evt0 = True
		s0_evt0 = True
		bus_evt2 = False
		s0_evt2 = False
		s10_evt1 = False
		s2_l1 = False
		s10_evt0 = False
		s2_l0 = False
		s10_evt2 = False
		s10_l1 = False
		s10_l0 = False
		bus_l1 = False
		s9_evt1 = False
		bus_l0 = True
		s9_evt0 = False
		s1_l1 = False
		s9_evt2 = False
		s1_l0 = False
		s9_l1 = False
		s8_evt1 = False
		s0_l1 = True
		s8_evt0 = False
		s0_l0 = False
		s8_evt2 = False
		s9_l0 = False
		_J2178 = True
		_J2184 = True
		_J2172 = True
		_J2163 = True
		s7_evt1 = False
		_EL_U_2136 = True
		s7_evt0 = False
		_EL_U_2138 = False
		s7_evt2 = False
		_EL_U_2140 = False
		s8_l1 = False
		s8_l0 = False
		_EL_U_2143 = True
		s6_evt1 = False
		s6_evt0 = False
		s5_l0 = False
		s6_evt2 = False
		s7_l1 = False
		s7_l0 = False
		s5_evt1 = False
		s5_evt0 = False
		s5_evt2 = False
		s6_l1 = False
		s6_l0 = False
		s4_evt1 = False
		s4_evt0 = False
		s4_evt2 = False
		s5_l1 = True
		s3_evt1 = False
		s3_evt0 = False
		s3_evt2 = False
		((-1.0 * s2_x) < -1425430/3547)
		((-1.0 * s3_x) < -1429209/3547)
		((-1.0 * s10_x) < -1425430/3547)
		((-1.0 * s9_x) < -1425430/3547)
		((-1.0 * s1_x) < -1429209/3547)
		((-1.0 * s10_x) <= -1425430/3547)
		((-1.0 * s7_x) < -1425430/3547)
		((-1.0 * s8_x) < -1429209/3547)
		((-1.0 * s10_x) < -1429209/3547)
		((-1.0 * s10_x) <= -1429209/3547)
		((-1.0 * s10_x) < -404.0)
		((-1.0 * s4_x) < -404.0)
		((-1.0 * s4_x) < -1429209/3547)
		((-1.0 * s6_x) < -404.0)
		((-1.0 * s6_x) < -1429209/3547)
		((-1.0 * s2_x) < -404.0)
		((-1.0 * s9_x) < -404.0)
		((-1.0 * s7_x) < -404.0)
		((-1.0 * s2_x) < -1429209/3547)
		((-1.0 * s3_x) < -1425430/3547)
		((-1.0 * s3_x) < -404.0)
		((-1.0 * s1_x) < -404.0)
		((-1.0 * s4_x) < -1425430/3547)
		((-1.0 * s8_x) < -404.0)
		((-1.0 * s9_x) < -1429209/3547)
		((-1.0 * s1_x) < -1425430/3547)
		((-1.0 * s10_x) <= -404.0)
		((-1.0 * s6_x) < -1425430/3547)
		((-1.0 * s7_x) < -1429209/3547)
		((-1.0 * s8_x) < -1425430/3547)
		(((-1.0 * s3_x) + (-1.0 * s7_x) + (-1.0 * s9_x) + (-1.0 * s2_x) + (-1.0 * s4_x) + (-1.0 * s6_x) + (-1.0 * s8_x) + (-1.0 * s10_x) + (-1.0 * s1_x) + 8889/2) <= 0.0)
	Trans 3 -- 4
		_x_s10_x = s10_x
		_x_s1_x = s1_x
		_x_s7_x = s7_x
		_x_s6_x = s6_x
		_x_s9_x = s9_x
		_x_s3_x = s3_x
		_x_s4_x = s4_x
		_x_s8_x = s8_x
		_x_s2_x = s2_x
	State 4
		s5_x = 0.0
		bus_cd_id = 0
		_diverge_delta = 0.0
		bus_x = 0.0
		delta = 0.0
		s0_x = 0.0
		bus_j = 1
		s2_evt1 = False
		s4_l1 = False
		s2_evt0 = False
		s4_l0 = False
		s2_evt2 = False
		s1_evt1 = False
		s1_evt0 = False
		s1_evt2 = False
		s3_l1 = False
		s3_l0 = False
		bus_evt1 = False
		s0_evt1 = False
		bus_evt0 = True
		s0_evt0 = True
		bus_evt2 = False
		s0_evt2 = False
		s10_evt1 = False
		s2_l1 = False
		s10_evt0 = False
		s2_l0 = False
		s10_evt2 = False
		s10_l1 = False
		s10_l0 = False
		bus_l1 = True
		s9_evt1 = False
		bus_l0 = True
		s9_evt0 = False
		s1_l1 = False
		s9_evt2 = False
		s1_l0 = False
		s9_l1 = False
		s8_evt1 = False
		s0_l1 = False
		s8_evt0 = False
		s0_l0 = True
		s8_evt2 = False
		s9_l0 = False
		_J2178 = False
		_J2184 = False
		_J2172 = False
		_J2163 = False
		s7_evt1 = False
		_EL_U_2136 = True
		s7_evt0 = False
		_EL_U_2138 = False
		s7_evt2 = False
		_EL_U_2140 = False
		s8_l1 = False
		s8_l0 = False
		_EL_U_2143 = True
		s6_evt1 = False
		s6_evt0 = False
		s5_l0 = False
		s6_evt2 = False
		s7_l1 = False
		s7_l0 = False
		s5_evt1 = False
		s5_evt0 = False
		s5_evt2 = False
		s6_l1 = False
		s6_l0 = False
		s4_evt1 = False
		s4_evt0 = False
		s4_evt2 = False
		s5_l1 = True
		s3_evt1 = False
		s3_evt0 = False
		s3_evt2 = False
	Trans 4 -- 5
		_x_s10_x = s10_x
		_x_s1_x = s1_x
		_x_s7_x = s7_x
		_x_s6_x = s6_x
		_x_s9_x = s9_x
		_x_s3_x = s3_x
		_x_s4_x = s4_x
		_x_s8_x = s8_x
		_x_s2_x = s2_x
	State 5
		s5_x = 0.0
		bus_cd_id = 5
		_diverge_delta = 0.0
		bus_x = -3779/3547
		delta = 3779/3547
		s0_x = 0.0
		bus_j = 5
		s2_evt1 = False
		s4_l1 = False
		s2_evt0 = False
		s4_l0 = False
		s2_evt2 = False
		s1_evt1 = False
		s1_evt0 = False
		s1_evt2 = False
		s3_l1 = False
		s3_l0 = False
		bus_evt1 = True
		s0_evt1 = False
		bus_evt0 = False
		s0_evt0 = False
		bus_evt2 = True
		s0_evt2 = False
		s10_evt1 = False
		s2_l1 = False
		s10_evt0 = False
		s2_l0 = False
		s10_evt2 = False
		s10_l1 = False
		s10_l0 = False
		bus_l1 = False
		s9_evt1 = False
		bus_l0 = True
		s9_evt0 = False
		s1_l1 = False
		s9_evt2 = False
		s1_l0 = False
		s9_l1 = False
		s8_evt1 = False
		s0_l1 = False
		s8_evt0 = False
		s0_l0 = True
		s8_evt2 = False
		s9_l0 = False
		_J2178 = False
		_J2184 = True
		_J2172 = False
		_J2163 = True
		s7_evt1 = False
		_EL_U_2136 = True
		s7_evt0 = False
		_EL_U_2138 = False
		s7_evt2 = False
		_EL_U_2140 = False
		s8_l1 = False
		s8_l0 = False
		_EL_U_2143 = True
		s6_evt1 = False
		s6_evt0 = False
		s5_l0 = False
		s6_evt2 = False
		s7_l1 = False
		s7_l0 = False
		s5_evt1 = False
		s5_evt0 = False
		s5_evt2 = False
		s6_l1 = False
		s6_l0 = False
		s4_evt1 = False
		s4_evt0 = False
		s4_evt2 = False
		s5_l1 = True
		s3_evt1 = False
		s3_evt0 = False
		s3_evt2 = False
	Trans 5 -- 6
		_x_s8_x = (s8_x + 3779/3547)
		_x_s9_x = (s9_x + 3779/3547)
		_x_s4_x = (s4_x + 3779/3547)
		_x_s6_x = (s6_x + 3779/3547)
		_x_s2_x = (s2_x + 3779/3547)
		_x_s1_x = (s1_x + 3779/3547)
		_x_s3_x = (s3_x + 3779/3547)
		_x_s7_x = (s7_x + 3779/3547)
		_x_s10_x = (s10_x + 3779/3547)
	State 6
		s5_x = 3779/3547
		bus_cd_id = 5
		_diverge_delta = 3779/3547
		bus_x = 0.0
		delta = 0.0
		s0_x = 3779/3547
		bus_j = 5
		s2_evt1 = False
		s4_l1 = False
		s2_evt0 = False
		s4_l0 = False
		s2_evt2 = False
		s1_evt1 = False
		s1_evt0 = False
		s1_evt2 = False
		s3_l1 = False
		s3_l0 = False
		bus_evt1 = False
		s0_evt1 = False
		bus_evt0 = True
		s0_evt0 = False
		bus_evt2 = False
		s0_evt2 = False
		s10_evt1 = False
		s2_l1 = False
		s10_evt0 = False
		s2_l0 = False
		s10_evt2 = False
		s10_l1 = False
		s10_l0 = False
		bus_l1 = False
		s9_evt1 = False
		bus_l0 = True
		s9_evt0 = False
		s1_l1 = False
		s9_evt2 = False
		s1_l0 = False
		s9_l1 = False
		s8_evt1 = False
		s0_l1 = False
		s8_evt0 = False
		s0_l0 = True
		s8_evt2 = False
		s9_l0 = False
		_J2178 = False
		_J2184 = True
		_J2172 = False
		_J2163 = True
		s7_evt1 = False
		_EL_U_2136 = True
		s7_evt0 = False
		_EL_U_2138 = False
		s7_evt2 = False
		_EL_U_2140 = False
		s8_l1 = False
		s8_l0 = False
		_EL_U_2143 = True
		s6_evt1 = False
		s6_evt0 = False
		s5_l0 = False
		s6_evt2 = False
		s7_l1 = False
		s7_l0 = False
		s5_evt1 = False
		s5_evt0 = True
		s5_evt2 = False
		s6_l1 = False
		s6_l0 = False
		s4_evt1 = False
		s4_evt0 = False
		s4_evt2 = False
		s5_l1 = True
		s3_evt1 = False
		s3_evt0 = False
		s3_evt2 = False
	Trans 6 -- 7
		_x_s10_x = s10_x
		_x_s1_x = s1_x
		_x_s7_x = s7_x
		_x_s6_x = s6_x
		_x_s9_x = s9_x
		_x_s3_x = s3_x
		_x_s4_x = s4_x
		_x_s8_x = s8_x
		_x_s2_x = s2_x
	State 7
		s5_x = 0.0
		bus_cd_id = 0
		_diverge_delta = 0.0
		bus_x = 0.0
		delta = 0.0
		s0_x = 3779/3547
		bus_j = 6
		s2_evt1 = False
		s4_l1 = False
		s2_evt0 = False
		s4_l0 = False
		s2_evt2 = False
		s1_evt1 = False
		s1_evt0 = False
		s1_evt2 = False
		s3_l1 = False
		s3_l0 = False
		bus_evt1 = False
		s0_evt1 = False
		bus_evt0 = False
		s0_evt0 = False
		bus_evt2 = True
		s0_evt2 = True
		s10_evt1 = False
		s2_l1 = False
		s10_evt0 = False
		s2_l0 = False
		s10_evt2 = False
		s10_l1 = False
		s10_l0 = False
		bus_l1 = True
		s9_evt1 = False
		bus_l0 = True
		s9_evt0 = False
		s1_l1 = False
		s9_evt2 = False
		s1_l0 = False
		s9_l1 = False
		s8_evt1 = False
		s0_l1 = False
		s8_evt0 = False
		s0_l0 = True
		s8_evt2 = False
		s9_l0 = False
		_J2178 = True
		_J2184 = True
		_J2172 = False
		_J2163 = True
		s7_evt1 = False
		_EL_U_2136 = True
		s7_evt0 = False
		_EL_U_2138 = False
		s7_evt2 = False
		_EL_U_2140 = False
		s8_l1 = False
		s8_l0 = False
		_EL_U_2143 = True
		s6_evt1 = False
		s6_evt0 = False
		s5_l0 = True
		s6_evt2 = False
		s7_l1 = False
		s7_l0 = False
		s5_evt1 = False
		s5_evt0 = False
		s5_evt2 = False
		s6_l1 = False
		s6_l0 = False
		s4_evt1 = False
		s4_evt0 = False
		s4_evt2 = False
		s5_l1 = False
		s3_evt1 = False
		s3_evt0 = False
		s3_evt2 = False
	Trans 7 -- 8
		_x_s10_x = s10_x
		_x_s1_x = s1_x
		_x_s7_x = s7_x
		_x_s6_x = s6_x
		_x_s9_x = s9_x
		_x_s3_x = s3_x
		_x_s4_x = s4_x
		_x_s8_x = s8_x
		_x_s2_x = s2_x
	State 8
		s5_x = 0.0
		bus_cd_id = -1
		_diverge_delta = 0.0
		bus_x = 0.0
		delta = 0.0
		s0_x = 0.0
		bus_j = 0
		s2_evt1 = False
		s4_l1 = False
		s2_evt0 = False
		s4_l0 = False
		s2_evt2 = False
		s1_evt1 = False
		s1_evt0 = False
		s1_evt2 = False
		s3_l1 = False
		s3_l0 = False
		bus_evt1 = False
		s0_evt1 = False
		bus_evt0 = False
		s0_evt0 = False
		bus_evt2 = True
		s0_evt2 = False
		s10_evt1 = False
		s2_l1 = False
		s10_evt0 = False
		s2_l0 = False
		s10_evt2 = False
		s10_l1 = False
		s10_l0 = False
		bus_l1 = True
		s9_evt1 = False
		bus_l0 = False
		s9_evt0 = False
		s1_l1 = False
		s9_evt2 = False
		s1_l0 = False
		s9_l1 = False
		s8_evt1 = False
		s0_l1 = True
		s8_evt0 = False
		s0_l0 = False
		s8_evt2 = False
		s9_l0 = False
		_J2178 = True
		_J2184 = True
		_J2172 = False
		_J2163 = True
		s7_evt1 = False
		_EL_U_2136 = True
		s7_evt0 = False
		_EL_U_2138 = False
		s7_evt2 = False
		_EL_U_2140 = False
		s8_l1 = False
		s8_l0 = False
		_EL_U_2143 = True
		s6_evt1 = False
		s6_evt0 = False
		s5_l0 = True
		s6_evt2 = False
		s7_l1 = False
		s7_l0 = False
		s5_evt1 = False
		s5_evt0 = False
		s5_evt2 = True
		s6_l1 = False
		s6_l0 = False
		s4_evt1 = False
		s4_evt0 = False
		s4_evt2 = False
		s5_l1 = False
		s3_evt1 = False
		s3_evt0 = False
		s3_evt2 = False
	Trans 8 -- 9
		_x_s10_x = s10_x
		_x_s1_x = s1_x
		_x_s7_x = s7_x
		_x_s6_x = s6_x
		_x_s9_x = s9_x
		_x_s3_x = s3_x
		_x_s4_x = s4_x
		_x_s8_x = s8_x
		_x_s2_x = s2_x
	starting from: s4_l1 : False, s4_l0 : False, _diverge_delta : 0.0, delta : 0.0, s4_x : 2963/6, bus_cd_id : 0, bus_evt1 : False, bus_evt0 : True, bus_evt2 : False, s10_evt1 : False, s10_evt0 : False, s10_evt2 : False, s9_evt1 : False, s9_evt0 : False, s9_evt2 : False, s9_l1 : False, s9_l0 : False, s8_evt1 : False, s0_l1 : True, s8_evt0 : False, s8_evt2 : False, s0_l0 : False, _J2178 : True, _J2184 : True, _J2172 : True, _J2163 : True, s9_x : 2963/6, s7_evt1 : False, s7_evt0 : False, _EL_U_2136 : True, s7_evt2 : False, s0_x : 0.0, _EL_U_2138 : False, _EL_U_2140 : False, _EL_U_2143 : True, s6_evt1 : False, s6_evt0 : False, s6_evt2 : False, s5_evt1 : False, s5_evt0 : False, s5_evt2 : False, s4_evt1 : False, s4_evt0 : False, s4_evt2 : False, s5_l1 : True, s3_evt1 : False, s5_l0 : False, s3_evt0 : False, s3_evt2 : False, s5_x : 0.0, s2_evt1 : False, s2_evt0 : False, s2_evt2 : False, s1_evt1 : False, s1_evt0 : False, s1_evt2 : False, s0_evt1 : False, s0_evt0 : True, s0_evt2 : False, s10_l1 : False, s10_l0 : False, s1_l1 : False, s1_l0 : False, s10_x : 2963/6, s1_x : 2963/6, s6_l1 : False, s6_l0 : False, s6_x : 2963/6, s2_l1 : False, s2_l0 : False, s2_x : 2963/6, s7_l1 : False, s7_l0 : False, s7_x : 2963/6, s3_l1 : False, s3_l0 : False, s3_x : 2963/6, bus_l1 : False, bus_l0 : True, bus_j : 0, s8_l1 : False, s8_l0 : False, s8_x : 2963/6, bus_x : 0.0

end of `csma_0011`: SUCCESS in 107.61230897903442s
