F3 run `csma_0026`

	Found non-termination argument:
	State 3
		s0_x = 0.0
		bus_cd_id = 0
		_diverge_delta = 0.0
		delta = 0.0
		bus_x = 0.0
		s13_x = 0.0
		bus_j = 0
		s14_l1 = False
		s14_l0 = False
		s5_l1 = False
		s5_l0 = False
		bus_evt1 = False
		bus_evt0 = True
		bus_evt2 = False
		s25_evt1 = False
		s25_evt0 = False
		s25_evt2 = False
		s24_evt1 = False
		s24_evt0 = False
		s24_evt2 = False
		s19_l1 = False
		s19_l0 = False
		s23_evt1 = False
		s10_l1 = False
		s23_evt0 = False
		s10_l0 = False
		s23_evt2 = False
		s1_l1 = False
		s1_l0 = False
		s22_evt1 = False
		s22_evt0 = False
		s22_evt2 = False
		s21_evt1 = False
		s21_evt0 = False
		s21_evt2 = False
		s20_evt1 = False
		s20_evt0 = False
		s20_evt2 = False
		s24_l1 = False
		s19_evt1 = False
		s24_l0 = False
		s19_evt0 = False
		s19_evt2 = False
		s15_l1 = False
		s15_l0 = False
		s18_evt1 = False
		s6_l1 = False
		s18_evt0 = False
		s6_l0 = False
		s18_evt2 = False
		s17_evt1 = False
		s17_evt0 = False
		s17_evt2 = False
		s16_evt1 = False
		s16_evt0 = False
		s16_evt2 = False
		s15_evt1 = False
		_J5363 = True
		s15_evt0 = False
		_J5357 = True
		s15_evt2 = False
		_J5351 = True
		_J5342 = True
		_EL_U_5315 = True
		s20_l1 = False
		s14_evt1 = False
		s20_l0 = False
		s14_evt0 = False
		_EL_U_5317 = False
		s14_evt2 = False
		_EL_U_5319 = False
		s11_l1 = False
		_EL_U_5322 = True
		s11_l0 = False
		s13_evt1 = False
		s2_l1 = False
		s13_evt0 = False
		s2_l0 = False
		s13_evt2 = False
		s12_evt1 = False
		s12_evt0 = False
		s12_evt2 = False
		s11_evt1 = False
		s11_evt0 = False
		s11_evt2 = False
		s10_evt1 = False
		s10_evt0 = False
		s25_l1 = False
		s10_evt2 = False
		s25_l0 = False
		s16_l1 = False
		s9_evt1 = False
		s16_l0 = False
		s9_evt0 = False
		s9_evt2 = False
		s7_l1 = False
		s7_l0 = False
		s8_evt1 = False
		s8_evt0 = False
		s8_evt2 = False
		s7_evt1 = False
		s7_evt0 = False
		s7_evt2 = False
		s6_evt1 = False
		s6_evt0 = False
		s6_evt2 = False
		s5_evt1 = False
		s5_evt0 = False
		s21_l1 = False
		s5_evt2 = False
		s21_l0 = False
		s12_l1 = False
		s4_evt1 = False
		s12_l0 = False
		s4_evt0 = False
		s4_evt2 = False
		s3_l1 = False
		s3_l0 = False
		s3_evt1 = False
		s3_evt0 = False
		s3_evt2 = False
		s2_evt1 = False
		s2_evt0 = False
		s2_evt2 = False
		bus_l1 = False
		s1_evt1 = False
		bus_l0 = True
		s1_evt0 = False
		s1_evt2 = False
		s0_evt1 = False
		s0_evt0 = True
		s0_evt2 = False
		s17_l1 = False
		s17_l0 = False
		s8_l1 = False
		s8_l0 = False
		s22_l1 = False
		s22_l0 = False
		s13_l1 = True
		s13_l0 = False
		s4_l1 = False
		s4_l0 = False
		s18_l1 = False
		s18_l0 = False
		s9_l1 = False
		s9_l0 = False
		s0_l1 = True
		s0_l0 = False
		s23_l1 = False
		s23_l0 = False
		((-1.0 * s15_x) < -139663/347)
		((-1.0 * s16_x) < -139663/347)
		((-1.0 * s17_x) < -139663/347)
		((-1.0 * s18_x) < -139663/347)
		((-1.0 * s1_x) < -139663/347)
		((-1.0 * s19_x) < -139663/347)
		((-1.0 * s2_x) < -139663/347)
		((-1.0 * s23_x) < -139663/347)
		((-1.0 * s20_x) < -139663/347)
		((-1.0 * s6_x) < -139663/347)
		((-1.0 * s3_x) < -139663/347)
		((-1.0 * s24_x) < -139663/347)
		((-1.0 * s21_x) < -139663/347)
		((-1.0 * s7_x) < -139663/347)
		((-1.0 * s4_x) < -139663/347)
		((-1.0 * s22_x) < -139663/347)
		((-1.0 * s25_x) < -139663/347)
		((-1.0 * s5_x) < -139663/347)
		((-1.0 * s8_x) < -139663/347)
		((-1.0 * s9_x) < -139663/347)
		((-1.0 * s10_x) < -139663/347)
		((-1.0 * s15_x) < -139138/347)
		((-1.0 * s24_x) < -139138/347)
		((-1.0 * s16_x) < -139138/347)
		((-1.0 * s21_x) < -139138/347)
		((-1.0 * s17_x) < -139138/347)
		((-1.0 * s10_x) < -404.0)
		((-1.0 * s7_x) < -139138/347)
		((-1.0 * s18_x) < -139138/347)
		((-1.0 * s11_x) < -404.0)
		((-1.0 * s12_x) < -404.0)
		((-1.0 * s4_x) < -139138/347)
		((-1.0 * s14_x) < -404.0)
		((-1.0 * s1_x) < -139138/347)
		((-1.0 * s15_x) < -404.0)
		((-1.0 * s16_x) < -404.0)
		((-1.0 * s22_x) < -139138/347)
		((-1.0 * s17_x) < -404.0)
		((-1.0 * s19_x) < -139138/347)
		((-1.0 * s18_x) < -404.0)
		((-1.0 * s1_x) < -404.0)
		((-1.0 * s25_x) < -139138/347)
		((-1.0 * s19_x) < -404.0)
		((-1.0 * s2_x) < -139138/347)
		((-1.0 * s2_x) < -404.0)
		((-1.0 * s23_x) < -404.0)
		((-1.0 * s5_x) < -139138/347)
		((-1.0 * s20_x) < -404.0)
		((-1.0 * s23_x) < -139138/347)
		((-1.0 * s6_x) < -404.0)
		((-1.0 * s3_x) < -404.0)
		((-1.0 * s8_x) < -139138/347)
		((-1.0 * s24_x) < -404.0)
		((-1.0 * s11_x) < -139138/347)
		((-1.0 * s21_x) < -404.0)
		((-1.0 * s7_x) < -404.0)
		((-1.0 * s20_x) < -139138/347)
		((-1.0 * s4_x) < -404.0)
		((-1.0 * s9_x) < -139138/347)
		((-1.0 * s22_x) < -404.0)
		((-1.0 * s25_x) < -404.0)
		((-1.0 * s12_x) < -139138/347)
		((-1.0 * s5_x) < -404.0)
		((-1.0 * s6_x) < -139138/347)
		((-1.0 * s8_x) < -404.0)
		((-1.0 * s9_x) < -404.0)
		((-1.0 * s11_x) < -139663/347)
		((-1.0 * s10_x) < -139138/347)
		((-1.0 * s14_x) < -139138/347)
		((-1.0 * s3_x) < -139138/347)
		((-1.0 * s12_x) < -139663/347)
		((-1.0 * s14_x) < -139663/347)
		((1.0 - (s6_x * 41/125720)) <= 0.0)
	Trans 3 -- 4
		_x_s22_x = s22_x
		_x_s17_x = s17_x
		_x_s3_x = s3_x
		_x_s9_x = s9_x
		_x_s12_x = s12_x
		_x_s8_x = s8_x
		_x_s6_x = s6_x
		_x_s16_x = s16_x
		_x_s4_x = s4_x
		_x_s5_x = s5_x
		_x_s20_x = s20_x
		_x_s15_x = s15_x
		_x_s11_x = s11_x
		_x_s25_x = s25_x
		_x_s7_x = s7_x
		_x_s14_x = s14_x
		_x_s10_x = s10_x
		_x_s21_x = s21_x
		_x_s2_x = s2_x
		_x_s23_x = s23_x
		_x_s19_x = s19_x
		_x_s1_x = s1_x
		_x_s24_x = s24_x
		_x_s18_x = s18_x
	State 4
		s0_x = 0.0
		bus_cd_id = 13
		_diverge_delta = 0.0
		delta = 0.0
		bus_x = 0.0
		s13_x = 0.0
		bus_j = 1
		s14_l1 = False
		s14_l0 = False
		s5_l1 = False
		s5_l0 = False
		bus_evt1 = False
		bus_evt0 = True
		bus_evt2 = False
		s25_evt1 = False
		s25_evt0 = False
		s25_evt2 = False
		s24_evt1 = False
		s24_evt0 = False
		s24_evt2 = False
		s19_l1 = False
		s19_l0 = False
		s23_evt1 = False
		s10_l1 = False
		s23_evt0 = False
		s10_l0 = False
		s23_evt2 = False
		s1_l1 = False
		s1_l0 = False
		s22_evt1 = False
		s22_evt0 = False
		s22_evt2 = False
		s21_evt1 = False
		s21_evt0 = False
		s21_evt2 = False
		s20_evt1 = False
		s20_evt0 = False
		s20_evt2 = False
		s24_l1 = False
		s19_evt1 = False
		s24_l0 = False
		s19_evt0 = False
		s19_evt2 = False
		s15_l1 = False
		s15_l0 = False
		s18_evt1 = False
		s6_l1 = False
		s18_evt0 = False
		s6_l0 = False
		s18_evt2 = False
		s17_evt1 = False
		s17_evt0 = False
		s17_evt2 = False
		s16_evt1 = False
		s16_evt0 = False
		s16_evt2 = False
		s15_evt1 = False
		_J5363 = False
		s15_evt0 = False
		_J5357 = False
		s15_evt2 = False
		_J5351 = False
		_J5342 = False
		_EL_U_5315 = True
		s20_l1 = False
		s14_evt1 = False
		s20_l0 = False
		s14_evt0 = False
		_EL_U_5317 = False
		s14_evt2 = False
		_EL_U_5319 = False
		s11_l1 = False
		_EL_U_5322 = True
		s11_l0 = False
		s13_evt1 = False
		s2_l1 = False
		s13_evt0 = True
		s2_l0 = False
		s13_evt2 = False
		s12_evt1 = False
		s12_evt0 = False
		s12_evt2 = False
		s11_evt1 = False
		s11_evt0 = False
		s11_evt2 = False
		s10_evt1 = False
		s10_evt0 = False
		s25_l1 = False
		s10_evt2 = False
		s25_l0 = False
		s16_l1 = False
		s9_evt1 = False
		s16_l0 = False
		s9_evt0 = False
		s9_evt2 = False
		s7_l1 = False
		s7_l0 = False
		s8_evt1 = False
		s8_evt0 = False
		s8_evt2 = False
		s7_evt1 = False
		s7_evt0 = False
		s7_evt2 = False
		s6_evt1 = False
		s6_evt0 = False
		s6_evt2 = False
		s5_evt1 = False
		s5_evt0 = False
		s21_l1 = False
		s5_evt2 = False
		s21_l0 = False
		s12_l1 = False
		s4_evt1 = False
		s12_l0 = False
		s4_evt0 = False
		s4_evt2 = False
		s3_l1 = False
		s3_l0 = False
		s3_evt1 = False
		s3_evt0 = False
		s3_evt2 = False
		s2_evt1 = False
		s2_evt0 = False
		s2_evt2 = False
		bus_l1 = True
		s1_evt1 = False
		bus_l0 = True
		s1_evt0 = False
		s1_evt2 = False
		s0_evt1 = False
		s0_evt0 = False
		s0_evt2 = False
		s17_l1 = False
		s17_l0 = False
		s8_l1 = False
		s8_l0 = False
		s22_l1 = False
		s22_l0 = False
		s13_l1 = True
		s13_l0 = False
		s4_l1 = False
		s4_l0 = False
		s18_l1 = False
		s18_l0 = False
		s9_l1 = False
		s9_l0 = False
		s0_l1 = False
		s0_l0 = True
		s23_l1 = False
		s23_l0 = False
	Trans 4 -- 5
		_x_s22_x = s22_x
		_x_s17_x = s17_x
		_x_s3_x = s3_x
		_x_s9_x = s9_x
		_x_s12_x = s12_x
		_x_s8_x = s8_x
		_x_s6_x = s6_x
		_x_s16_x = s16_x
		_x_s4_x = s4_x
		_x_s5_x = s5_x
		_x_s20_x = s20_x
		_x_s15_x = s15_x
		_x_s11_x = s11_x
		_x_s25_x = s25_x
		_x_s7_x = s7_x
		_x_s14_x = s14_x
		_x_s10_x = s10_x
		_x_s21_x = s21_x
		_x_s2_x = s2_x
		_x_s23_x = s23_x
		_x_s19_x = s19_x
		_x_s1_x = s1_x
		_x_s24_x = s24_x
		_x_s18_x = s18_x
	State 5
		s0_x = 0.0
		bus_cd_id = 0
		_diverge_delta = 0.0
		delta = 0.0
		bus_x = 0.0
		s13_x = 0.0
		bus_j = 13
		s14_l1 = False
		s14_l0 = False
		s5_l1 = False
		s5_l0 = False
		bus_evt1 = False
		bus_evt0 = False
		bus_evt2 = True
		s25_evt1 = False
		s25_evt0 = False
		s25_evt2 = False
		s24_evt1 = False
		s24_evt0 = False
		s24_evt2 = False
		s19_l1 = False
		s19_l0 = False
		s23_evt1 = False
		s10_l1 = False
		s23_evt0 = False
		s10_l0 = False
		s23_evt2 = False
		s1_l1 = False
		s1_l0 = False
		s22_evt1 = False
		s22_evt0 = False
		s22_evt2 = False
		s21_evt1 = False
		s21_evt0 = False
		s21_evt2 = False
		s20_evt1 = False
		s20_evt0 = False
		s20_evt2 = False
		s24_l1 = False
		s19_evt1 = False
		s24_l0 = False
		s19_evt0 = False
		s19_evt2 = False
		s15_l1 = False
		s15_l0 = False
		s18_evt1 = False
		s6_l1 = False
		s18_evt0 = False
		s6_l0 = False
		s18_evt2 = False
		s17_evt1 = False
		s17_evt0 = False
		s17_evt2 = False
		s16_evt1 = False
		s16_evt0 = False
		s16_evt2 = False
		s15_evt1 = False
		_J5363 = True
		s15_evt0 = False
		_J5357 = False
		s15_evt2 = False
		_J5351 = False
		_J5342 = True
		_EL_U_5315 = True
		s20_l1 = False
		s14_evt1 = False
		s20_l0 = False
		s14_evt0 = False
		_EL_U_5317 = False
		s14_evt2 = False
		_EL_U_5319 = False
		s11_l1 = False
		_EL_U_5322 = True
		s11_l0 = False
		s13_evt1 = False
		s2_l1 = False
		s13_evt0 = False
		s2_l0 = False
		s13_evt2 = True
		s12_evt1 = False
		s12_evt0 = False
		s12_evt2 = False
		s11_evt1 = False
		s11_evt0 = False
		s11_evt2 = False
		s10_evt1 = False
		s10_evt0 = False
		s25_l1 = False
		s10_evt2 = False
		s25_l0 = False
		s16_l1 = False
		s9_evt1 = False
		s16_l0 = False
		s9_evt0 = False
		s9_evt2 = False
		s7_l1 = False
		s7_l0 = False
		s8_evt1 = False
		s8_evt0 = False
		s8_evt2 = False
		s7_evt1 = False
		s7_evt0 = False
		s7_evt2 = False
		s6_evt1 = False
		s6_evt0 = False
		s6_evt2 = False
		s5_evt1 = False
		s5_evt0 = False
		s21_l1 = False
		s5_evt2 = False
		s21_l0 = False
		s12_l1 = False
		s4_evt1 = False
		s12_l0 = False
		s4_evt0 = False
		s4_evt2 = False
		s3_l1 = False
		s3_l0 = False
		s3_evt1 = False
		s3_evt0 = False
		s3_evt2 = False
		s2_evt1 = False
		s2_evt0 = False
		s2_evt2 = False
		bus_l1 = True
		s1_evt1 = False
		bus_l0 = False
		s1_evt0 = False
		s1_evt2 = False
		s0_evt1 = False
		s0_evt0 = False
		s0_evt2 = False
		s17_l1 = False
		s17_l0 = False
		s8_l1 = False
		s8_l0 = False
		s22_l1 = False
		s22_l0 = False
		s13_l1 = False
		s13_l0 = True
		s4_l1 = False
		s4_l0 = False
		s18_l1 = False
		s18_l0 = False
		s9_l1 = False
		s9_l0 = False
		s0_l1 = False
		s0_l0 = True
		s23_l1 = False
		s23_l0 = False
	Trans 5 -- 6
		_x_s22_x = s22_x
		_x_s17_x = s17_x
		_x_s3_x = s3_x
		_x_s9_x = s9_x
		_x_s12_x = s12_x
		_x_s8_x = s8_x
		_x_s6_x = s6_x
		_x_s16_x = s16_x
		_x_s4_x = s4_x
		_x_s5_x = s5_x
		_x_s20_x = s20_x
		_x_s15_x = s15_x
		_x_s11_x = s11_x
		_x_s25_x = s25_x
		_x_s7_x = s7_x
		_x_s14_x = s14_x
		_x_s10_x = s10_x
		_x_s21_x = s21_x
		_x_s2_x = s2_x
		_x_s23_x = s23_x
		_x_s19_x = s19_x
		_x_s1_x = s1_x
		_x_s24_x = s24_x
		_x_s18_x = s18_x
	State 6
		s0_x = 0.0
		bus_cd_id = 13
		_diverge_delta = 0.0
		delta = 525/347
		bus_x = 0.0
		s13_x = 0.0
		bus_j = 13
		s14_l1 = False
		s14_l0 = False
		s5_l1 = False
		s5_l0 = False
		bus_evt1 = False
		bus_evt0 = False
		bus_evt2 = False
		s25_evt1 = False
		s25_evt0 = False
		s25_evt2 = False
		s24_evt1 = False
		s24_evt0 = False
		s24_evt2 = False
		s19_l1 = False
		s19_l0 = False
		s23_evt1 = False
		s10_l1 = False
		s23_evt0 = False
		s10_l0 = False
		s23_evt2 = False
		s1_l1 = False
		s1_l0 = False
		s22_evt1 = False
		s22_evt0 = False
		s22_evt2 = True
		s21_evt1 = False
		s21_evt0 = False
		s21_evt2 = False
		s20_evt1 = False
		s20_evt0 = False
		s20_evt2 = False
		s24_l1 = False
		s19_evt1 = False
		s24_l0 = False
		s19_evt0 = False
		s19_evt2 = False
		s15_l1 = False
		s15_l0 = False
		s18_evt1 = False
		s6_l1 = False
		s18_evt0 = True
		s6_l0 = False
		s18_evt2 = False
		s17_evt1 = False
		s17_evt0 = False
		s17_evt2 = False
		s16_evt1 = False
		s16_evt0 = False
		s16_evt2 = False
		s15_evt1 = False
		_J5363 = True
		s15_evt0 = False
		_J5357 = False
		s15_evt2 = False
		_J5351 = False
		_J5342 = True
		_EL_U_5315 = True
		s20_l1 = False
		s14_evt1 = False
		s20_l0 = False
		s14_evt0 = False
		_EL_U_5317 = False
		s14_evt2 = False
		_EL_U_5319 = False
		s11_l1 = False
		_EL_U_5322 = True
		s11_l0 = False
		s13_evt1 = False
		s2_l1 = False
		s13_evt0 = False
		s2_l0 = False
		s13_evt2 = False
		s12_evt1 = False
		s12_evt0 = False
		s12_evt2 = False
		s11_evt1 = False
		s11_evt0 = False
		s11_evt2 = False
		s10_evt1 = False
		s10_evt0 = False
		s25_l1 = False
		s10_evt2 = False
		s25_l0 = False
		s16_l1 = False
		s9_evt1 = False
		s16_l0 = False
		s9_evt0 = False
		s9_evt2 = False
		s7_l1 = False
		s7_l0 = False
		s8_evt1 = False
		s8_evt0 = False
		s8_evt2 = False
		s7_evt1 = False
		s7_evt0 = False
		s7_evt2 = False
		s6_evt1 = False
		s6_evt0 = False
		s6_evt2 = False
		s5_evt1 = False
		s5_evt0 = False
		s21_l1 = False
		s5_evt2 = False
		s21_l0 = False
		s12_l1 = False
		s4_evt1 = False
		s12_l0 = False
		s4_evt0 = False
		s4_evt2 = False
		s3_l1 = False
		s3_l0 = False
		s3_evt1 = False
		s3_evt0 = False
		s3_evt2 = False
		s2_evt1 = False
		s2_evt0 = False
		s2_evt2 = False
		bus_l1 = False
		s1_evt1 = False
		bus_l0 = True
		s1_evt0 = False
		s1_evt2 = False
		s0_evt1 = False
		s0_evt0 = False
		s0_evt2 = False
		s17_l1 = False
		s17_l0 = False
		s8_l1 = False
		s8_l0 = False
		s22_l1 = False
		s22_l0 = False
		s13_l1 = True
		s13_l0 = False
		s4_l1 = False
		s4_l0 = False
		s18_l1 = False
		s18_l0 = False
		s9_l1 = False
		s9_l0 = False
		s0_l1 = False
		s0_l0 = True
		s23_l1 = False
		s23_l0 = False
	Trans 6 -- 7
		_x_s6_x = (s6_x + 525/347)
		_x_s1_x = (s1_x + 525/347)
		_x_s4_x = (s4_x + 525/347)
		_x_s14_x = (s14_x + 525/347)
		_x_s18_x = (s18_x + 525/347)
		_x_s20_x = (s20_x + 525/347)
		_x_s21_x = (s21_x + 525/347)
		_x_s17_x = (s17_x + 525/347)
		_x_s11_x = (s11_x + 525/347)
		_x_s23_x = (s23_x + 525/347)
		_x_s9_x = (s9_x + 525/347)
		_x_s7_x = (s7_x + 525/347)
		_x_s24_x = (s24_x + 525/347)
		_x_s10_x = (s10_x + 525/347)
		_x_s8_x = (s8_x + 525/347)
		_x_s22_x = (s22_x + 525/347)
		_x_s2_x = (s2_x + 525/347)
		_x_s16_x = (s16_x + 525/347)
		_x_s3_x = (s3_x + 525/347)
		_x_s5_x = (s5_x + 525/347)
		_x_s25_x = (s25_x + 525/347)
		_x_s12_x = (s12_x + 525/347)
		_x_s15_x = (s15_x + 525/347)
		_x_s19_x = (s19_x + 525/347)
	State 7
		s0_x = 525/347
		bus_cd_id = 13
		_diverge_delta = 525/347
		delta = 0.0
		bus_x = 525/347
		s13_x = 525/347
		bus_j = 13
		s14_l1 = False
		s14_l0 = False
		s5_l1 = False
		s5_l0 = False
		bus_evt1 = False
		bus_evt0 = True
		bus_evt2 = False
		s25_evt1 = False
		s25_evt0 = False
		s25_evt2 = False
		s24_evt1 = False
		s24_evt0 = False
		s24_evt2 = False
		s19_l1 = False
		s19_l0 = False
		s23_evt1 = False
		s10_l1 = False
		s23_evt0 = False
		s10_l0 = False
		s23_evt2 = False
		s1_l1 = False
		s1_l0 = False
		s22_evt1 = False
		s22_evt0 = False
		s22_evt2 = False
		s21_evt1 = False
		s21_evt0 = False
		s21_evt2 = False
		s20_evt1 = False
		s20_evt0 = False
		s20_evt2 = False
		s24_l1 = False
		s19_evt1 = False
		s24_l0 = False
		s19_evt0 = False
		s19_evt2 = False
		s15_l1 = False
		s15_l0 = False
		s18_evt1 = False
		s6_l1 = False
		s18_evt0 = False
		s6_l0 = False
		s18_evt2 = False
		s17_evt1 = False
		s17_evt0 = False
		s17_evt2 = False
		s16_evt1 = False
		s16_evt0 = False
		s16_evt2 = False
		s15_evt1 = False
		_J5363 = True
		s15_evt0 = False
		_J5357 = False
		s15_evt2 = False
		_J5351 = False
		_J5342 = True
		_EL_U_5315 = True
		s20_l1 = False
		s14_evt1 = False
		s20_l0 = False
		s14_evt0 = False
		_EL_U_5317 = False
		s14_evt2 = False
		_EL_U_5319 = False
		s11_l1 = False
		_EL_U_5322 = True
		s11_l0 = False
		s13_evt1 = False
		s2_l1 = False
		s13_evt0 = True
		s2_l0 = False
		s13_evt2 = False
		s12_evt1 = False
		s12_evt0 = False
		s12_evt2 = False
		s11_evt1 = False
		s11_evt0 = False
		s11_evt2 = False
		s10_evt1 = False
		s10_evt0 = False
		s25_l1 = False
		s10_evt2 = False
		s25_l0 = False
		s16_l1 = False
		s9_evt1 = False
		s16_l0 = False
		s9_evt0 = False
		s9_evt2 = False
		s7_l1 = False
		s7_l0 = False
		s8_evt1 = False
		s8_evt0 = False
		s8_evt2 = False
		s7_evt1 = False
		s7_evt0 = False
		s7_evt2 = False
		s6_evt1 = False
		s6_evt0 = False
		s6_evt2 = False
		s5_evt1 = False
		s5_evt0 = False
		s21_l1 = False
		s5_evt2 = False
		s21_l0 = False
		s12_l1 = False
		s4_evt1 = False
		s12_l0 = False
		s4_evt0 = False
		s4_evt2 = False
		s3_l1 = False
		s3_l0 = False
		s3_evt1 = False
		s3_evt0 = False
		s3_evt2 = False
		s2_evt1 = False
		s2_evt0 = False
		s2_evt2 = False
		bus_l1 = False
		s1_evt1 = False
		bus_l0 = True
		s1_evt0 = False
		s1_evt2 = False
		s0_evt1 = False
		s0_evt0 = False
		s0_evt2 = False
		s17_l1 = False
		s17_l0 = False
		s8_l1 = False
		s8_l0 = False
		s22_l1 = False
		s22_l0 = False
		s13_l1 = True
		s13_l0 = False
		s4_l1 = False
		s4_l0 = False
		s18_l1 = False
		s18_l0 = False
		s9_l1 = False
		s9_l0 = False
		s0_l1 = False
		s0_l0 = True
		s23_l1 = False
		s23_l0 = False
	Trans 7 -- 8
		_x_s22_x = s22_x
		_x_s17_x = s17_x
		_x_s3_x = s3_x
		_x_s9_x = s9_x
		_x_s12_x = s12_x
		_x_s8_x = s8_x
		_x_s6_x = s6_x
		_x_s16_x = s16_x
		_x_s4_x = s4_x
		_x_s5_x = s5_x
		_x_s20_x = s20_x
		_x_s15_x = s15_x
		_x_s11_x = s11_x
		_x_s25_x = s25_x
		_x_s7_x = s7_x
		_x_s14_x = s14_x
		_x_s10_x = s10_x
		_x_s21_x = s21_x
		_x_s2_x = s2_x
		_x_s23_x = s23_x
		_x_s19_x = s19_x
		_x_s1_x = s1_x
		_x_s24_x = s24_x
		_x_s18_x = s18_x
	State 8
		s0_x = 525/347
		bus_cd_id = 0
		_diverge_delta = 0.0
		delta = 0.0
		bus_x = 0.0
		s13_x = 0.0
		bus_j = 14
		s14_l1 = False
		s14_l0 = False
		s5_l1 = False
		s5_l0 = False
		bus_evt1 = False
		bus_evt0 = False
		bus_evt2 = True
		s25_evt1 = False
		s25_evt0 = False
		s25_evt2 = False
		s24_evt1 = False
		s24_evt0 = False
		s24_evt2 = False
		s19_l1 = False
		s19_l0 = False
		s23_evt1 = False
		s10_l1 = False
		s23_evt0 = False
		s10_l0 = False
		s23_evt2 = False
		s1_l1 = False
		s1_l0 = False
		s22_evt1 = False
		s22_evt0 = False
		s22_evt2 = False
		s21_evt1 = False
		s21_evt0 = False
		s21_evt2 = False
		s20_evt1 = False
		s20_evt0 = False
		s20_evt2 = False
		s24_l1 = False
		s19_evt1 = False
		s24_l0 = False
		s19_evt0 = False
		s19_evt2 = False
		s15_l1 = False
		s15_l0 = False
		s18_evt1 = False
		s6_l1 = False
		s18_evt0 = False
		s6_l0 = False
		s18_evt2 = False
		s17_evt1 = False
		s17_evt0 = False
		s17_evt2 = False
		s16_evt1 = False
		s16_evt0 = False
		s16_evt2 = False
		s15_evt1 = False
		_J5363 = True
		s15_evt0 = False
		_J5357 = True
		s15_evt2 = False
		_J5351 = False
		_J5342 = True
		_EL_U_5315 = True
		s20_l1 = False
		s14_evt1 = False
		s20_l0 = False
		s14_evt0 = False
		_EL_U_5317 = False
		s14_evt2 = False
		_EL_U_5319 = False
		s11_l1 = False
		_EL_U_5322 = True
		s11_l0 = False
		s13_evt1 = False
		s2_l1 = False
		s13_evt0 = False
		s2_l0 = False
		s13_evt2 = False
		s12_evt1 = False
		s12_evt0 = False
		s12_evt2 = False
		s11_evt1 = False
		s11_evt0 = False
		s11_evt2 = False
		s10_evt1 = False
		s10_evt0 = False
		s25_l1 = False
		s10_evt2 = False
		s25_l0 = False
		s16_l1 = False
		s9_evt1 = False
		s16_l0 = False
		s9_evt0 = False
		s9_evt2 = False
		s7_l1 = False
		s7_l0 = False
		s8_evt1 = False
		s8_evt0 = False
		s8_evt2 = False
		s7_evt1 = False
		s7_evt0 = False
		s7_evt2 = False
		s6_evt1 = False
		s6_evt0 = False
		s6_evt2 = False
		s5_evt1 = False
		s5_evt0 = False
		s21_l1 = False
		s5_evt2 = False
		s21_l0 = False
		s12_l1 = False
		s4_evt1 = False
		s12_l0 = False
		s4_evt0 = False
		s4_evt2 = False
		s3_l1 = False
		s3_l0 = False
		s3_evt1 = False
		s3_evt0 = False
		s3_evt2 = False
		s2_evt1 = False
		s2_evt0 = False
		s2_evt2 = False
		bus_l1 = True
		s1_evt1 = False
		bus_l0 = True
		s1_evt0 = False
		s1_evt2 = False
		s0_evt1 = False
		s0_evt0 = False
		s0_evt2 = True
		s17_l1 = False
		s17_l0 = False
		s8_l1 = False
		s8_l0 = False
		s22_l1 = False
		s22_l0 = False
		s13_l1 = False
		s13_l0 = True
		s4_l1 = False
		s4_l0 = False
		s18_l1 = False
		s18_l0 = False
		s9_l1 = False
		s9_l0 = False
		s0_l1 = False
		s0_l0 = True
		s23_l1 = False
		s23_l0 = False
	Trans 8 -- 9
		_x_s22_x = s22_x
		_x_s17_x = s17_x
		_x_s3_x = s3_x
		_x_s9_x = s9_x
		_x_s12_x = s12_x
		_x_s8_x = s8_x
		_x_s6_x = s6_x
		_x_s16_x = s16_x
		_x_s4_x = s4_x
		_x_s5_x = s5_x
		_x_s20_x = s20_x
		_x_s15_x = s15_x
		_x_s11_x = s11_x
		_x_s25_x = s25_x
		_x_s7_x = s7_x
		_x_s14_x = s14_x
		_x_s10_x = s10_x
		_x_s21_x = s21_x
		_x_s2_x = s2_x
		_x_s23_x = s23_x
		_x_s19_x = s19_x
		_x_s1_x = s1_x
		_x_s24_x = s24_x
		_x_s18_x = s18_x
	State 9
		s0_x = 0.0
		bus_cd_id = 0
		_diverge_delta = 0.0
		delta = 0.0
		bus_x = 0.0
		s13_x = 0.0
		bus_j = 0
		s14_l1 = False
		s14_l0 = False
		s5_l1 = False
		s5_l0 = False
		bus_evt1 = False
		bus_evt0 = False
		bus_evt2 = True
		s25_evt1 = False
		s25_evt0 = False
		s25_evt2 = False
		s24_evt1 = False
		s24_evt0 = False
		s24_evt2 = False
		s19_l1 = False
		s19_l0 = False
		s23_evt1 = False
		s10_l1 = False
		s23_evt0 = False
		s10_l0 = False
		s23_evt2 = False
		s1_l1 = False
		s1_l0 = False
		s22_evt1 = False
		s22_evt0 = False
		s22_evt2 = False
		s21_evt1 = False
		s21_evt0 = False
		s21_evt2 = False
		s20_evt1 = False
		s20_evt0 = False
		s20_evt2 = False
		s24_l1 = False
		s19_evt1 = False
		s24_l0 = False
		s19_evt0 = False
		s19_evt2 = False
		s15_l1 = False
		s15_l0 = False
		s18_evt1 = False
		s6_l1 = False
		s18_evt0 = False
		s6_l0 = False
		s18_evt2 = False
		s17_evt1 = False
		s17_evt0 = False
		s17_evt2 = False
		s16_evt1 = False
		s16_evt0 = False
		s16_evt2 = False
		s15_evt1 = False
		_J5363 = True
		s15_evt0 = False
		_J5357 = True
		s15_evt2 = False
		_J5351 = False
		_J5342 = True
		_EL_U_5315 = True
		s20_l1 = False
		s14_evt1 = False
		s20_l0 = False
		s14_evt0 = False
		_EL_U_5317 = False
		s14_evt2 = False
		_EL_U_5319 = False
		s11_l1 = False
		_EL_U_5322 = True
		s11_l0 = False
		s13_evt1 = False
		s2_l1 = False
		s13_evt0 = False
		s2_l0 = False
		s13_evt2 = True
		s12_evt1 = False
		s12_evt0 = False
		s12_evt2 = False
		s11_evt1 = False
		s11_evt0 = False
		s11_evt2 = False
		s10_evt1 = False
		s10_evt0 = False
		s25_l1 = False
		s10_evt2 = False
		s25_l0 = False
		s16_l1 = False
		s9_evt1 = False
		s16_l0 = False
		s9_evt0 = False
		s9_evt2 = False
		s7_l1 = False
		s7_l0 = False
		s8_evt1 = False
		s8_evt0 = False
		s8_evt2 = False
		s7_evt1 = False
		s7_evt0 = False
		s7_evt2 = False
		s6_evt1 = False
		s6_evt0 = False
		s6_evt2 = False
		s5_evt1 = False
		s5_evt0 = False
		s21_l1 = False
		s5_evt2 = False
		s21_l0 = False
		s12_l1 = False
		s4_evt1 = False
		s12_l0 = False
		s4_evt0 = False
		s4_evt2 = False
		s3_l1 = False
		s3_l0 = False
		s3_evt1 = False
		s3_evt0 = False
		s3_evt2 = False
		s2_evt1 = False
		s2_evt0 = False
		s2_evt2 = False
		bus_l1 = True
		s1_evt1 = False
		bus_l0 = False
		s1_evt0 = False
		s1_evt2 = False
		s0_evt1 = False
		s0_evt0 = False
		s0_evt2 = False
		s17_l1 = False
		s17_l0 = False
		s8_l1 = False
		s8_l0 = False
		s22_l1 = False
		s22_l0 = False
		s13_l1 = False
		s13_l0 = True
		s4_l1 = False
		s4_l0 = False
		s18_l1 = False
		s18_l0 = False
		s9_l1 = False
		s9_l0 = False
		s0_l1 = True
		s0_l0 = False
		s23_l1 = False
		s23_l0 = False
	Trans 9 -- 10
		_x_s22_x = s22_x
		_x_s17_x = s17_x
		_x_s3_x = s3_x
		_x_s9_x = s9_x
		_x_s12_x = s12_x
		_x_s8_x = s8_x
		_x_s6_x = s6_x
		_x_s16_x = s16_x
		_x_s4_x = s4_x
		_x_s5_x = s5_x
		_x_s20_x = s20_x
		_x_s15_x = s15_x
		_x_s11_x = s11_x
		_x_s25_x = s25_x
		_x_s7_x = s7_x
		_x_s14_x = s14_x
		_x_s10_x = s10_x
		_x_s21_x = s21_x
		_x_s2_x = s2_x
		_x_s23_x = s23_x
		_x_s19_x = s19_x
		_x_s1_x = s1_x
		_x_s24_x = s24_x
		_x_s18_x = s18_x
	starting from: s14_l1 : False, s14_l0 : False, s5_l1 : False, s23_x : 125720/41, s5_l0 : False, delta : 0.0, _diverge_delta : 0.0, s14_x : 125720/41, s5_x : 125720/41, bus_cd_id : 0, bus_evt1 : False, bus_evt0 : True, bus_evt2 : False, s25_evt1 : False, s25_evt0 : False, s25_evt2 : False, s24_evt1 : False, s24_evt0 : False, s24_evt2 : False, s19_l1 : False, s19_l0 : False, s23_evt1 : False, s10_l1 : False, s23_evt0 : False, s10_l0 : False, s23_evt2 : False, s19_x : 125720/41, s1_l1 : False, s1_l0 : False, s22_evt1 : False, s22_evt0 : False, s10_x : 125720/41, s22_evt2 : False, s1_x : 125720/41, s21_evt1 : False, s21_evt0 : False, s21_evt2 : False, s20_evt1 : False, s20_evt0 : False, s20_evt2 : False, s24_l1 : False, s19_evt1 : False, s24_l0 : False, s19_evt0 : False, s19_evt2 : False, s15_l1 : False, s15_l0 : False, s18_evt1 : False, s6_l1 : False, s24_x : 125720/41, s18_evt0 : False, s6_l0 : False, s18_evt2 : False, s15_x : 125720/41, s17_evt1 : False, s17_evt0 : False, s6_x : 125720/41, s17_evt2 : False, s16_evt1 : False, s16_evt0 : False, s16_evt2 : False, s15_evt1 : False, _J5363 : True, s15_evt0 : False, _J5357 : True, s15_evt2 : False, _J5351 : True, _J5342 : True, _EL_U_5315 : True, s20_l1 : False, s14_evt1 : False, s20_l0 : False, s14_evt0 : False, _EL_U_5317 : False, s14_evt2 : False, _EL_U_5319 : False, s11_l1 : False, _EL_U_5322 : True, s11_l0 : False, s13_evt1 : False, s20_x : 125720/41, s2_l1 : False, s13_evt0 : False, s2_l0 : False, s13_evt2 : False, s11_x : 125720/41, s12_evt1 : False, s12_evt0 : False, s2_x : 125720/41, s12_evt2 : False, s11_evt1 : False, s11_evt0 : False, s11_evt2 : False, s10_evt1 : False, s10_evt0 : False, s25_l1 : False, s10_evt2 : False, s25_l0 : False, s16_l1 : False, s9_evt1 : False, s16_l0 : False, s9_evt0 : False, s9_evt2 : False, s25_x : 125720/41, s7_l1 : False, s7_l0 : False, s8_evt1 : False, s16_x : 125720/41, s8_evt0 : False, s8_evt2 : False, s7_x : 125720/41, s7_evt1 : False, s7_evt0 : False, s7_evt2 : False, s6_evt1 : False, s6_evt0 : False, s6_evt2 : False, s5_evt1 : False, s5_evt0 : False, s21_l1 : False, s5_evt2 : False, s21_l0 : False, s12_l1 : False, s4_evt1 : False, s12_l0 : False, s4_evt0 : False, s4_evt2 : False, s21_x : 125720/41, s3_l1 : False, s3_l0 : False, s3_evt1 : False, s12_x : 125720/41, s3_evt0 : False, s3_evt2 : False, s3_x : 125720/41, s2_evt1 : False, s2_evt0 : False, s2_evt2 : False, bus_l1 : False, s1_evt1 : False, bus_l0 : True, s1_evt0 : False, s1_evt2 : False, s0_evt1 : False, s0_evt0 : True, bus_j : 0, s0_evt2 : False, s17_l1 : False, s17_l0 : False, s8_l1 : False, s8_l0 : False, s17_x : 125720/41, s8_x : 125720/41, bus_x : 0.0, s22_l1 : False, s22_l0 : False, s13_l1 : True, s13_l0 : False, s22_x : 125720/41, s4_l1 : False, s4_l0 : False, s13_x : 0.0, s4_x : 125720/41, s18_l1 : False, s18_l0 : False, s9_l1 : False, s9_l0 : False, s0_l1 : True, s0_l0 : False, s18_x : 125720/41, s9_x : 125720/41, s0_x : 0.0, s23_l1 : False, s23_l0 : False

end of `csma_0026`: SUCCESS in 509.45388197898865s
