

run 1/1: `csma_0022`

	Found non-termination argument:
	Do states 5..8 while ((s7_x * 383/384) < 0.0)
	State 5
		delta = 0.0
		s21_evt2 = False
		s21_evt0 = False
		s20_evt2 = False
		s8_evt0 = False
		s7_l1 = False
		s7_l0 = False
		s0_l0 = True
		s21_l1 = False
		s7_evt2 = False
		s0_evt2 = False
		s21_l0 = False
		s7_evt1 = False
		s0_evt1 = False
		s7_evt0 = False
		s0_evt0 = False
		s6_l1 = False
		s6_l0 = False
		s5_l1 = False
		s5_l0 = False
		s19_l1 = False
		s5_evt2 = False
		bus_l0 = True
		s4_l1 = False
		s4_l0 = False
		s18_l1 = False
		s4_evt2 = False
		s18_evt2 = False
		s4_evt0 = False
		s18_evt1 = False
		bus_x = 0.0
		s17_evt2 = False
		s0_x = 0.0
		s0_l1 = False
		s19_l0 = False
		s5_evt1 = False
		s19_evt2 = False
		s6_evt0 = False
		bus_l1 = True
		s21_evt1 = False
		s3_l1 = False
		s20_evt0 = False
		bus_evt2 = False
		s18_evt0 = False
		s5_evt0 = False
		s3_l0 = False
		s3_evt2 = False
		s17_l1 = False
		bus_evt1 = False
		s20_l1 = False
		s6_evt2 = False
		bus_j = 1
		bus_evt0 = True
		s2_l1 = False
		s1_l0 = False
		s2_l0 = False
		bus_cd_id = 13
		s20_l0 = False
		s6_evt1 = False
		s1_l1 = False
		s19_evt1 = False
		s20_evt1 = False
		s1_evt0 = False
		s15_evt1 = False
		s2_evt0 = False
		s16_evt1 = False
		s3_evt0 = False
		s17_evt1 = False
		s15_evt2 = False
		s16_evt2 = False
		s15_l1 = False
		s1_evt2 = False
		s16_l1 = False
		s2_evt2 = False
		s8_evt1 = False
		s8_evt2 = False
		s8_l0 = False
		s8_l1 = False
		s9_evt0 = False
		s9_evt1 = False
		s9_evt2 = False
		s9_l0 = False
		s9_l1 = False
		s10_evt0 = False
		s10_evt1 = False
		s10_evt2 = False
		s10_l0 = False
		s10_l1 = False
		s11_evt0 = False
		s11_evt1 = False
		s11_evt2 = False
		s11_l0 = False
		s11_l1 = False
		s12_evt0 = False
		s12_evt1 = False
		s12_evt2 = False
		s12_l0 = False
		s12_l1 = False
		s13_evt0 = True
		s13_evt1 = False
		s13_evt2 = False
		s13_l0 = False
		s13_l1 = True
		s14_evt0 = False
		s14_evt1 = False
		s14_evt2 = False
		s14_l0 = False
		s14_l1 = False
		s15_evt0 = False
		s1_evt1 = False
		s15_l0 = False
		s16_evt0 = False
		s2_evt1 = False
		s16_l0 = False
		s17_evt0 = False
		s3_evt1 = False
		s17_l0 = False
		_diverge_delta = 0.0
		s4_evt1 = False
		s18_l0 = False
		s19_evt0 = False
		_J4428 = True
		_J4437 = True
		_J4443 = True
		_J4449 = True
		_EL_U_4401 = True
		_EL_U_4403 = False
		_EL_U_4405 = False
		_EL_U_4408 = False
		True
		((-1.0 * s4_x) < -404.0)
		((-1.0 * s10_x) < -404.0)
		((-1.0 * s18_x) < -404.0)
		((-1.0 * s14_x) < -404.0)
		((-1.0 * s1_x) < -404.0)
		((-1.0 * s5_x) < -404.0)
		((-1.0 * s12_x) < -404.0)
		((-1.0 * s6_x) < -404.0)
		((-1.0 * s15_x) < -404.0)
		((-1.0 * s11_x) < -404.0)
		((-1.0 * s2_x) < -404.0)
		(s13_x <= 26.0)
		((-1.0 * s9_x) < -404.0)
		((-1.0 * s19_x) < -404.0)
		((-1.0 * s7_x) < -404.0)
		((-1.0 * s8_x) < -404.0)
		((-1.0 * s16_x) < -404.0)
		((-1.0 * s20_x) < -404.0)
		((-1.0 * s3_x) < -404.0)
		((-1.0 * s17_x) < -404.0)
		((-1.0 * s21_x) < -404.0)
	Trans 5 -- 6
		_x_s20_x : s20_x
		_x_s18_x : s18_x
		_x_s1_x : s1_x
		_x_s21_x : s21_x
		_x_s2_x : s2_x
		_x_s19_x : s19_x
		_x_s6_x : s6_x
		_x_s8_x : s8_x
		_x_s13_x : 0.0
		_x_s17_x : s17_x
		_x_s5_x : s5_x
		_x_s14_x : s14_x
		_x_s16_x : s16_x
		_x_s9_x : s9_x
		_x_s4_x : s4_x
		_x_s15_x : s15_x
		_x_s10_x : s10_x
		_x_s7_x : s7_x
		_x_s11_x : s11_x
		_x_s3_x : s3_x
		_x_s12_x : s12_x
	State 6
		delta = 0.0
		s21_evt2 = False
		s21_evt0 = False
		s20_evt2 = False
		s8_evt0 = False
		s7_l1 = False
		s7_l0 = False
		s0_l0 = True
		s21_l1 = False
		s7_evt2 = False
		s0_evt2 = False
		s21_l0 = False
		s7_evt1 = False
		s0_evt1 = False
		s7_evt0 = False
		s0_evt0 = False
		s6_l1 = False
		s6_l0 = False
		s5_l1 = False
		s5_l0 = False
		s19_l1 = False
		s5_evt2 = False
		bus_l0 = False
		s4_l1 = False
		s4_l0 = False
		s18_l1 = False
		s4_evt2 = False
		s18_evt2 = False
		s4_evt0 = False
		s18_evt1 = False
		bus_x = -2/55
		s17_evt2 = False
		s0_x = 0.0
		s0_l1 = False
		s19_l0 = False
		s5_evt1 = False
		s19_evt2 = False
		s6_evt0 = False
		bus_l1 = True
		s21_evt1 = False
		s3_l1 = False
		s20_evt0 = False
		bus_evt2 = True
		s18_evt0 = False
		s5_evt0 = False
		s3_l0 = False
		s3_evt2 = False
		s17_l1 = False
		bus_evt1 = False
		s20_l1 = False
		s6_evt2 = False
		bus_j = 0
		bus_evt0 = False
		s2_l1 = False
		s1_l0 = False
		s2_l0 = False
		bus_cd_id = 0
		s20_l0 = False
		s6_evt1 = False
		s1_l1 = False
		s19_evt1 = False
		s20_evt1 = False
		s1_evt0 = False
		s15_evt1 = False
		s2_evt0 = False
		s16_evt1 = False
		s3_evt0 = False
		s17_evt1 = False
		s15_evt2 = False
		s16_evt2 = False
		s15_l1 = False
		s1_evt2 = False
		s16_l1 = False
		s2_evt2 = False
		s8_evt1 = False
		s8_evt2 = False
		s8_l0 = False
		s8_l1 = False
		s9_evt0 = False
		s9_evt1 = False
		s9_evt2 = False
		s9_l0 = False
		s9_l1 = False
		s10_evt0 = False
		s10_evt1 = False
		s10_evt2 = False
		s10_l0 = False
		s10_l1 = False
		s11_evt0 = False
		s11_evt1 = False
		s11_evt2 = False
		s11_l0 = False
		s11_l1 = False
		s12_evt0 = False
		s12_evt1 = False
		s12_evt2 = False
		s12_l0 = False
		s12_l1 = False
		s13_evt0 = False
		s13_evt1 = False
		s13_evt2 = True
		s13_l0 = True
		s13_l1 = False
		s14_evt0 = False
		s14_evt1 = False
		s14_evt2 = False
		s14_l0 = False
		s14_l1 = False
		s15_evt0 = False
		s1_evt1 = False
		s15_l0 = False
		s16_evt0 = False
		s2_evt1 = False
		s16_l0 = False
		s17_evt0 = False
		s3_evt1 = False
		s17_l0 = False
		_diverge_delta = 0.0
		s4_evt1 = False
		s18_l0 = False
		s19_evt0 = False
		_J4428 = False
		_J4437 = False
		_J4443 = False
		_J4449 = False
		_EL_U_4401 = True
		_EL_U_4403 = False
		_EL_U_4405 = False
		_EL_U_4408 = False
	Trans 6 -- 7
		_x_s20_x : s20_x
		_x_s18_x : s18_x
		_x_s1_x : s1_x
		_x_s21_x : s21_x
		_x_s2_x : s2_x
		_x_s19_x : s19_x
		_x_s6_x : s6_x
		_x_s8_x : s8_x
		_x_s13_x : 0.0
		_x_s17_x : s17_x
		_x_s5_x : s5_x
		_x_s14_x : s14_x
		_x_s16_x : s16_x
		_x_s9_x : s9_x
		_x_s4_x : s4_x
		_x_s15_x : s15_x
		_x_s10_x : s10_x
		_x_s7_x : s7_x
		_x_s11_x : s11_x
		_x_s3_x : s3_x
		_x_s12_x : s12_x
	State 7
		delta = 5354262194252949/5340319187353975
		s21_evt2 = False
		s21_evt0 = False
		s20_evt2 = False
		s8_evt0 = False
		s7_l1 = False
		s7_l0 = False
		s0_l0 = True
		s21_l1 = False
		s7_evt2 = False
		s0_evt2 = False
		s21_l0 = False
		s7_evt1 = False
		s0_evt1 = False
		s7_evt0 = False
		s0_evt0 = False
		s6_l1 = False
		s6_l0 = False
		s5_l1 = False
		s5_l0 = False
		s19_l1 = False
		s5_evt2 = False
		bus_l0 = True
		s4_l1 = False
		s4_l0 = False
		s18_l1 = False
		s4_evt2 = False
		s18_evt2 = False
		s4_evt0 = False
		s18_evt1 = False
		bus_x = 0.0
		s17_evt2 = False
		s0_x = 0.0
		s0_l1 = False
		s19_l0 = False
		s5_evt1 = False
		s19_evt2 = False
		s6_evt0 = False
		bus_l1 = False
		s21_evt1 = False
		s3_l1 = False
		s20_evt0 = False
		bus_evt2 = True
		s18_evt0 = False
		s5_evt0 = False
		s3_l0 = False
		s3_evt2 = False
		s17_l1 = False
		bus_evt1 = False
		s20_l1 = False
		s6_evt2 = False
		bus_j = 0
		bus_evt0 = False
		s2_l1 = False
		s1_l0 = False
		s2_l0 = False
		bus_cd_id = 0
		s20_l0 = False
		s6_evt1 = False
		s1_l1 = False
		s19_evt1 = False
		s20_evt1 = False
		s1_evt0 = False
		s15_evt1 = False
		s2_evt0 = False
		s16_evt1 = False
		s3_evt0 = False
		s17_evt1 = False
		s15_evt2 = False
		s16_evt2 = False
		s15_l1 = False
		s1_evt2 = False
		s16_l1 = False
		s2_evt2 = False
		s8_evt1 = False
		s8_evt2 = False
		s8_l0 = False
		s8_l1 = False
		s9_evt0 = False
		s9_evt1 = False
		s9_evt2 = False
		s9_l0 = False
		s9_l1 = False
		s10_evt0 = False
		s10_evt1 = False
		s10_evt2 = False
		s10_l0 = False
		s10_l1 = False
		s11_evt0 = False
		s11_evt1 = False
		s11_evt2 = False
		s11_l0 = False
		s11_l1 = False
		s12_evt0 = False
		s12_evt1 = False
		s12_evt2 = False
		s12_l0 = False
		s12_l1 = False
		s13_evt0 = False
		s13_evt1 = False
		s13_evt2 = False
		s13_l0 = False
		s13_l1 = True
		s14_evt0 = False
		s14_evt1 = False
		s14_evt2 = False
		s14_l0 = False
		s14_l1 = False
		s15_evt0 = False
		s1_evt1 = False
		s15_l0 = False
		s16_evt0 = False
		s2_evt1 = False
		s16_l0 = False
		s17_evt0 = False
		s3_evt1 = False
		s17_l0 = False
		_diverge_delta = 0.0
		s4_evt1 = False
		s18_l0 = False
		s19_evt0 = False
		_J4428 = True
		_J4437 = True
		_J4443 = False
		_J4449 = True
		_EL_U_4401 = True
		_EL_U_4403 = False
		_EL_U_4405 = False
		_EL_U_4408 = False
	Trans 7 -- 8
		_x_s20_x : (s20_x + 5354262194252949/5340319187353975)
		_x_s18_x : (s18_x + 5354262194252949/5340319187353975)
		_x_s1_x : (s1_x + 5354262194252949/5340319187353975)
		_x_s21_x : (s21_x + 5354262194252949/5340319187353975)
		_x_s2_x : (s2_x + 5354262194252949/5340319187353975)
		_x_s19_x : (s19_x + 5354262194252949/5340319187353975)
		_x_s6_x : (s6_x + 5354262194252949/5340319187353975)
		_x_s8_x : (s8_x + 5354262194252949/5340319187353975)
		_x_s13_x : (s13_x + 5354262194252949/5340319187353975)
		_x_s17_x : (s17_x + 5354262194252949/5340319187353975)
		_x_s5_x : (s5_x + 5354262194252949/5340319187353975)
		_x_s14_x : (s14_x + 5354262194252949/5340319187353975)
		_x_s16_x : (s16_x + 5354262194252949/5340319187353975)
		_x_s9_x : (s9_x + 5354262194252949/5340319187353975)
		_x_s4_x : (s4_x + 5354262194252949/5340319187353975)
		_x_s15_x : (s15_x + 5354262194252949/5340319187353975)
		_x_s10_x : (s10_x + 5354262194252949/5340319187353975)
		_x_s7_x : (s7_x + 5354262194252949/5340319187353975)
		_x_s11_x : (s11_x + 5354262194252949/5340319187353975)
		_x_s3_x : (s3_x + 5354262194252949/5340319187353975)
		_x_s12_x : (s12_x + 5354262194252949/5340319187353975)
	State 8
		delta = 0.0
		s21_evt2 = False
		s21_evt0 = False
		s20_evt2 = False
		s8_evt0 = False
		s7_l1 = False
		s7_l0 = False
		s0_l0 = True
		s21_l1 = False
		s7_evt2 = False
		s0_evt2 = False
		s21_l0 = False
		s7_evt1 = False
		s0_evt1 = False
		s7_evt0 = False
		s0_evt0 = True
		s6_l1 = False
		s6_l0 = False
		s5_l1 = False
		s5_l0 = False
		s19_l1 = False
		s5_evt2 = False
		bus_l0 = True
		s4_l1 = False
		s4_l0 = False
		s18_l1 = False
		s4_evt2 = False
		s18_evt2 = False
		s4_evt0 = False
		s18_evt1 = False
		bus_x = 5354262194252949/5340319187353975
		s17_evt2 = False
		s0_x = 5354262194252949/5340319187353975
		s0_l1 = False
		s19_l0 = False
		s5_evt1 = False
		s19_evt2 = False
		s6_evt0 = False
		bus_l1 = False
		s21_evt1 = False
		s3_l1 = False
		s20_evt0 = False
		bus_evt2 = False
		s18_evt0 = False
		s5_evt0 = False
		s3_l0 = False
		s3_evt2 = False
		s17_l1 = False
		bus_evt1 = False
		s20_l1 = False
		s6_evt2 = False
		bus_j = 0
		bus_evt0 = True
		s2_l1 = False
		s1_l0 = False
		s2_l0 = False
		bus_cd_id = 0
		s20_l0 = False
		s6_evt1 = False
		s1_l1 = False
		s19_evt1 = False
		s20_evt1 = False
		s1_evt0 = False
		s15_evt1 = False
		s2_evt0 = False
		s16_evt1 = False
		s3_evt0 = False
		s17_evt1 = False
		s15_evt2 = False
		s16_evt2 = False
		s15_l1 = False
		s1_evt2 = False
		s16_l1 = False
		s2_evt2 = False
		s8_evt1 = False
		s8_evt2 = False
		s8_l0 = False
		s8_l1 = False
		s9_evt0 = False
		s9_evt1 = False
		s9_evt2 = False
		s9_l0 = False
		s9_l1 = False
		s10_evt0 = False
		s10_evt1 = False
		s10_evt2 = False
		s10_l0 = False
		s10_l1 = False
		s11_evt0 = False
		s11_evt1 = False
		s11_evt2 = False
		s11_l0 = False
		s11_l1 = False
		s12_evt0 = False
		s12_evt1 = False
		s12_evt2 = False
		s12_l0 = False
		s12_l1 = False
		s13_evt0 = False
		s13_evt1 = False
		s13_evt2 = False
		s13_l0 = False
		s13_l1 = True
		s14_evt0 = False
		s14_evt1 = False
		s14_evt2 = False
		s14_l0 = False
		s14_l1 = False
		s15_evt0 = False
		s1_evt1 = False
		s15_l0 = False
		s16_evt0 = False
		s2_evt1 = False
		s16_l0 = False
		s17_evt0 = False
		s3_evt1 = False
		s17_l0 = False
		_diverge_delta = 5354262194252949/5340319187353975
		s4_evt1 = False
		s18_l0 = False
		s19_evt0 = False
		_J4428 = True
		_J4437 = True
		_J4443 = False
		_J4449 = True
		_EL_U_4401 = True
		_EL_U_4403 = False
		_EL_U_4405 = False
		_EL_U_4408 = False
	Trans 8 -- 5
		_x_s20_x : s20_x
		_x_s18_x : s18_x
		_x_s1_x : s1_x
		_x_s21_x : s21_x
		_x_s2_x : s2_x
		_x_s19_x : s19_x
		_x_s6_x : s6_x
		_x_s8_x : s8_x
		_x_s13_x : s13_x
		_x_s17_x : s17_x
		_x_s5_x : s5_x
		_x_s14_x : s14_x
		_x_s16_x : s16_x
		_x_s9_x : s9_x
		_x_s4_x : s4_x
		_x_s15_x : s15_x
		_x_s10_x : s10_x
		_x_s7_x : s7_x
		_x_s11_x : s11_x
		_x_s3_x : s3_x
		_x_s12_x : s12_x
	End do-while
	State 8
		delta = 0.0
		s21_evt2 = False
		s21_evt0 = False
		s20_evt2 = False
		s8_evt0 = False
		s7_l1 = False
		s7_l0 = False
		s0_l0 = True
		s21_l1 = False
		s7_evt2 = False
		s0_evt2 = False
		s21_l0 = False
		s7_evt1 = False
		s0_evt1 = False
		s7_evt0 = False
		s0_evt0 = True
		s6_l1 = False
		s6_l0 = False
		s5_l1 = False
		s5_l0 = False
		s19_l1 = False
		s5_evt2 = False
		bus_l0 = True
		s4_l1 = False
		s4_l0 = False
		s18_l1 = False
		s4_evt2 = False
		s18_evt2 = False
		s4_evt0 = False
		s18_evt1 = False
		bus_x = 5354262194252949/5340319187353975
		s17_evt2 = False
		s0_x = 5354262194252949/5340319187353975
		s0_l1 = False
		s19_l0 = False
		s5_evt1 = False
		s19_evt2 = False
		s6_evt0 = False
		bus_l1 = False
		s21_evt1 = False
		s3_l1 = False
		s20_evt0 = False
		bus_evt2 = False
		s18_evt0 = False
		s5_evt0 = False
		s3_l0 = False
		s3_evt2 = False
		s17_l1 = False
		bus_evt1 = False
		s20_l1 = False
		s6_evt2 = False
		bus_j = 0
		bus_evt0 = True
		s2_l1 = False
		s1_l0 = False
		s2_l0 = False
		bus_cd_id = 0
		s20_l0 = False
		s6_evt1 = False
		s1_l1 = False
		s19_evt1 = False
		s20_evt1 = False
		s1_evt0 = False
		s15_evt1 = False
		s2_evt0 = False
		s16_evt1 = False
		s3_evt0 = False
		s17_evt1 = False
		s15_evt2 = False
		s16_evt2 = False
		s15_l1 = False
		s1_evt2 = False
		s16_l1 = False
		s2_evt2 = False
		s8_evt1 = False
		s8_evt2 = False
		s8_l0 = False
		s8_l1 = False
		s9_evt0 = False
		s9_evt1 = False
		s9_evt2 = False
		s9_l0 = False
		s9_l1 = False
		s10_evt0 = False
		s10_evt1 = False
		s10_evt2 = False
		s10_l0 = False
		s10_l1 = False
		s11_evt0 = False
		s11_evt1 = False
		s11_evt2 = False
		s11_l0 = False
		s11_l1 = False
		s12_evt0 = False
		s12_evt1 = False
		s12_evt2 = False
		s12_l0 = False
		s12_l1 = False
		s13_evt0 = False
		s13_evt1 = False
		s13_evt2 = False
		s13_l0 = False
		s13_l1 = True
		s14_evt0 = False
		s14_evt1 = False
		s14_evt2 = False
		s14_l0 = False
		s14_l1 = False
		s15_evt0 = False
		s1_evt1 = False
		s15_l0 = False
		s16_evt0 = False
		s2_evt1 = False
		s16_l0 = False
		s17_evt0 = False
		s3_evt1 = False
		s17_l0 = False
		_diverge_delta = 5354262194252949/5340319187353975
		s4_evt1 = False
		s18_l0 = False
		s19_evt0 = False
		_J4428 = True
		_J4437 = True
		_J4443 = False
		_J4449 = True
		_EL_U_4401 = True
		_EL_U_4403 = False
		_EL_U_4405 = False
		_EL_U_4408 = False
		((-1.0 * s4_x) < -404.0)
		((-1.0 * s10_x) < -404.0)
		((-1.0 * s18_x) < -404.0)
		((-1.0 * s14_x) < -404.0)
		((-1.0 * s1_x) < -404.0)
		((-1.0 * s5_x) < -404.0)
		((-1.0 * s12_x) < -404.0)
		((-1.0 * s6_x) < -404.0)
		((-1.0 * s15_x) < -404.0)
		((-1.0 * s11_x) < -404.0)
		((-1.0 * s2_x) < -404.0)
		(s13_x <= 26.0)
		(s13_x <= 404.0)
		((-1.0 * s9_x) < -404.0)
		((-1.0 * s19_x) < -404.0)
		((-1.0 * s7_x) < -404.0)
		((-1.0 * (s7_x * 383/384)) <= 0.0)
		((-1.0 * s8_x) < -404.0)
		((-1.0 * s16_x) < -404.0)
		((-1.0 * s20_x) < -404.0)
		((-1.0 * s3_x) < -404.0)
		((-1.0 * s17_x) < -404.0)
		((-1.0 * s21_x) < -404.0)
	Trans 8 -- 9
		_x_s20_x = s20_x
		_x_s18_x = s18_x
		_x_s1_x = s1_x
		_x_s21_x = s21_x
		_x_s2_x = s2_x
		_x_s19_x = s19_x
		_x_s6_x = s6_x
		_x_s8_x = s8_x
		_x_s13_x = s13_x
		_x_s17_x = s17_x
		_x_s5_x = s5_x
		_x_s14_x = s14_x
		_x_s16_x = s16_x
		_x_s9_x = s9_x
		_x_s4_x = s4_x
		_x_s15_x = s15_x
		_x_s10_x = s10_x
		_x_s7_x = s7_x
		_x_s11_x = s11_x
		_x_s3_x = s3_x
		_x_s12_x = s12_x
	starting from: {delta: 0.0, s21_evt2: False, s21_evt0: False, s20_evt2: False, s8_evt0: False, s7_l1: False, s7_l0: False, s0_l0: True, s21_l1: False, s7_evt2: False, s21_x: 129677/42, s0_evt2: False, s19_x: 129677/42, s21_l0: False, s7_evt1: False, s0_evt1: False, s7_evt0: False, s0_evt0: False, s6_l1: False, s6_l0: False, s5_l1: False, s5_l0: False, s19_l1: False, s5_evt2: False, bus_l0: True, s17_x: 129677/42, s5_x: 129677/42, s4_l1: False, s4_l0: False, s18_l1: False, s4_evt2: False, s16_x: 129677/42, s18_evt2: False, s4_evt0: False, s18_evt1: False, s4_x: 129677/42, bus_x: 0.0, s15_x: 129677/42, s17_evt2: False, s0_x: 0.0, s0_l1: False, s7_x: 129677/42, s19_l0: False, s5_evt1: False, s19_evt2: False, s6_evt0: False, bus_l1: True, s21_evt1: False, s3_x: 129677/42, s3_l1: False, s20_evt0: False, bus_evt2: False, s18_evt0: False, s5_evt0: False, s3_l0: False, s3_evt2: False, s17_l1: False, bus_evt1: False, s20_l1: False, s6_evt2: False, s20_x: 129677/42, bus_j: 1, s18_x: 129677/42, bus_evt0: True, s2_l1: False, s1_l0: False, s2_l0: False, bus_cd_id: 13, s20_l0: False, s6_evt1: False, s1_l1: False, s19_evt1: False, s1_x: 129677/42, s20_evt1: False, s2_x: 129677/42, s6_x: 129677/42, s1_evt0: False, s15_evt1: False, s2_evt0: False, s16_evt1: False, s8_x: 129677/42, s3_evt0: False, s17_evt1: False, s15_evt2: False, s16_evt2: False, s15_l1: False, s1_evt2: False, s13_x: 713/55, s16_l1: False, s2_evt2: False, s14_x: 129677/42, s8_evt1: False, s8_evt2: False, s8_l0: False, s8_l1: False, s9_x: 129677/42, s9_evt0: False, s9_evt1: False, s9_evt2: False, s9_l0: False, s9_l1: False, s10_x: 129677/42, s10_evt0: False, s10_evt1: False, s10_evt2: False, s10_l0: False, s10_l1: False, s11_x: 129677/42, s11_evt0: False, s11_evt1: False, s11_evt2: False, s11_l0: False, s11_l1: False, s12_x: 129677/42, s12_evt0: False, s12_evt1: False, s12_evt2: False, s12_l0: False, s12_l1: False, s13_evt0: True, s13_evt1: False, s13_evt2: False, s13_l0: False, s13_l1: True, s14_evt0: False, s14_evt1: False, s14_evt2: False, s14_l0: False, s14_l1: False, s15_evt0: False, s1_evt1: False, s15_l0: False, s16_evt0: False, s2_evt1: False, s16_l0: False, s17_evt0: False, s3_evt1: False, s17_l0: False, _diverge_delta: 0.0, s4_evt1: False, s18_l0: False, s19_evt0: False, _J4428: True, _J4437: True, _J4443: True, _J4449: True, _EL_U_4401: True, _EL_U_4403: False, _EL_U_4405: False, _EL_U_4408: False}

end of `csma_0022`: SUCCESS in 284.85019183158875s
