F3 run `csma_0015`

	Found non-termination argument:
	State 5
		bus_x = 0.0
		_diverge_delta = 0.0
		delta = 0.0
		s0_x = 0.0
		bus_cd_id = 4
		s4_x = 12.0
		s9_l1 = False
		s9_l0 = False
		s0_l1 = False
		s0_l0 = True
		bus_evt1 = False
		bus_evt0 = True
		bus_evt2 = False
		s7_l1 = False
		s7_l0 = False
		s14_evt1 = False
		s14_evt0 = False
		s14_evt2 = False
		s13_evt1 = False
		s13_evt0 = False
		s13_evt2 = False
		s14_l1 = False
		s14_l0 = False
		s12_evt1 = False
		s5_l1 = False
		s12_evt0 = False
		s5_l0 = False
		s12_evt2 = False
		s11_evt1 = False
		_J2965 = True
		s11_evt0 = False
		_J2959 = True
		s11_evt2 = False
		_J2953 = True
		_J2944 = True
		_EL_U_2917 = True
		s12_l1 = False
		s10_evt1 = False
		s12_l0 = False
		s10_evt0 = False
		s10_evt2 = False
		_EL_U_2919 = False
		_EL_U_2921 = False
		s3_l1 = False
		_EL_U_2924 = False
		s3_l0 = False
		s9_evt1 = False
		s9_evt0 = False
		s9_evt2 = False
		s8_evt1 = False
		s8_evt0 = False
		s8_evt2 = False
		s10_l1 = False
		s10_l0 = False
		bus_l1 = True
		s7_evt1 = False
		bus_l0 = True
		s7_evt0 = False
		s1_l1 = False
		s7_evt2 = False
		s1_l0 = False
		s6_evt1 = False
		bus_j = 1
		s6_evt0 = False
		s6_evt2 = False
		s8_l1 = False
		s5_evt1 = False
		s8_l0 = False
		s5_evt0 = False
		s5_evt2 = False
		s4_evt1 = False
		s4_evt0 = True
		s4_evt2 = False
		s3_evt1 = False
		s3_evt0 = False
		s3_evt2 = False
		s6_l1 = False
		s6_l0 = False
		s2_evt1 = False
		s2_evt0 = False
		s2_evt2 = False
		s1_evt1 = False
		s1_evt0 = False
		s1_evt2 = False
		s13_l1 = False
		s13_l0 = False
		s0_evt1 = False
		s4_l1 = True
		s0_evt0 = False
		s4_l0 = False
		s0_evt2 = False
		s11_l1 = False
		s11_l0 = False
		s2_l1 = False
		s2_l0 = False
		((-1.0 * s13_x) < -404.0)
		((-1.0 * s8_x) < -404.0)
		((-1.0 * s14_x) < -404.0)
		((-1.0 * s2_x) < -404.0)
		((-1.0 * s9_x) < -404.0)
		((-1.0 * s3_x) < -404.0)
		((-1.0 * s10_x) < -404.0)
		((-1.0 * s11_x) < -404.0)
		((-1.0 * s9_x) < -380.0)
		((-1.0 * s1_x) < -404.0)
		((-1.0 * s12_x) < -404.0)
		((-1.0 * s5_x) < -380.0)
		((-1.0 * s5_x) < -404.0)
		((-1.0 * s3_x) < -380.0)
		((-1.0 * s13_x) < -380.0)
		((-1.0 * s6_x) < -380.0)
		((-1.0 * s10_x) < -380.0)
		((-1.0 * s8_x) < -380.0)
		((-1.0 * s7_x) < -380.0)
		((-1.0 * s13_x) < -392.0)
		((-1.0 * s11_x) < -380.0)
		((-1.0 * s14_x) < -380.0)
		((-1.0 * s8_x) < -392.0)
		((-1.0 * s1_x) < -380.0)
		((-1.0 * s2_x) < -380.0)
		((-1.0 * s14_x) < -392.0)
		((-1.0 * s12_x) < -380.0)
		((-1.0 * s2_x) < -392.0)
		((-1.0 * s9_x) < -392.0)
		((-1.0 * s3_x) < -392.0)
		((-1.0 * s10_x) < -392.0)
		((-1.0 * s11_x) < -392.0)
		((-1.0 * s1_x) < -392.0)
		((-1.0 * s12_x) < -392.0)
		((-1.0 * s5_x) < -392.0)
		((-1.0 * s6_x) < -392.0)
		((-1.0 * s7_x) < -392.0)
		((-1.0 * s6_x) < -404.0)
		((-1.0 * s7_x) < -404.0)
		((1.0 - (s12_x * 28/207575)) <= 0.0)
	Trans 5 -- 6
		_x_s8_x = s8_x
		_x_s14_x = s14_x
		_x_s7_x = s7_x
		_x_s13_x = s13_x
		_x_s6_x = s6_x
		_x_s12_x = s12_x
		_x_s5_x = s5_x
		_x_s11_x = s11_x
		_x_s3_x = s3_x
		_x_s10_x = s10_x
		_x_s2_x = s2_x
		_x_s9_x = s9_x
		_x_s1_x = s1_x
	State 6
		bus_x = 0.0
		_diverge_delta = 0.0
		delta = 0.0
		s0_x = 0.0
		bus_cd_id = 4
		s4_x = 0.0
		s9_l1 = False
		s9_l0 = False
		s0_l1 = False
		s0_l0 = True
		bus_evt1 = False
		bus_evt0 = False
		bus_evt2 = True
		s7_l1 = False
		s7_l0 = False
		s14_evt1 = False
		s14_evt0 = False
		s14_evt2 = False
		s13_evt1 = False
		s13_evt0 = False
		s13_evt2 = False
		s14_l1 = False
		s14_l0 = False
		s12_evt1 = False
		s5_l1 = False
		s12_evt0 = False
		s5_l0 = False
		s12_evt2 = False
		s11_evt1 = False
		_J2965 = False
		s11_evt0 = False
		_J2959 = False
		s11_evt2 = False
		_J2953 = False
		_J2944 = False
		_EL_U_2917 = True
		s12_l1 = False
		s10_evt1 = False
		s12_l0 = False
		s10_evt0 = False
		s10_evt2 = False
		_EL_U_2919 = False
		_EL_U_2921 = False
		s3_l1 = False
		_EL_U_2924 = False
		s3_l0 = False
		s9_evt1 = False
		s9_evt0 = False
		s9_evt2 = False
		s8_evt1 = False
		s8_evt0 = False
		s8_evt2 = False
		s10_l1 = False
		s10_l0 = False
		bus_l1 = True
		s7_evt1 = False
		bus_l0 = False
		s7_evt0 = False
		s1_l1 = False
		s7_evt2 = False
		s1_l0 = False
		s6_evt1 = False
		bus_j = 0
		s6_evt0 = False
		s6_evt2 = False
		s8_l1 = False
		s5_evt1 = False
		s8_l0 = False
		s5_evt0 = False
		s5_evt2 = False
		s4_evt1 = False
		s4_evt0 = False
		s4_evt2 = True
		s3_evt1 = False
		s3_evt0 = False
		s3_evt2 = False
		s6_l1 = False
		s6_l0 = False
		s2_evt1 = False
		s2_evt0 = False
		s2_evt2 = False
		s1_evt1 = False
		s1_evt0 = False
		s1_evt2 = False
		s13_l1 = False
		s13_l0 = False
		s0_evt1 = False
		s4_l1 = False
		s0_evt0 = False
		s4_l0 = True
		s0_evt2 = False
		s11_l1 = False
		s11_l0 = False
		s2_l1 = False
		s2_l0 = False
	Trans 6 -- 7
		_x_s8_x = s8_x
		_x_s14_x = s14_x
		_x_s7_x = s7_x
		_x_s13_x = s13_x
		_x_s6_x = s6_x
		_x_s12_x = s12_x
		_x_s5_x = s5_x
		_x_s11_x = s11_x
		_x_s3_x = s3_x
		_x_s10_x = s10_x
		_x_s2_x = s2_x
		_x_s9_x = s9_x
		_x_s1_x = s1_x
	State 7
		bus_x = 0.0
		_diverge_delta = 0.0
		delta = 12.0
		s0_x = 0.0
		bus_cd_id = 4
		s4_x = 0.0
		s9_l1 = False
		s9_l0 = False
		s0_l1 = False
		s0_l0 = True
		bus_evt1 = False
		bus_evt0 = False
		bus_evt2 = True
		s7_l1 = False
		s7_l0 = False
		s14_evt1 = False
		s14_evt0 = False
		s14_evt2 = False
		s13_evt1 = False
		s13_evt0 = False
		s13_evt2 = False
		s14_l1 = False
		s14_l0 = False
		s12_evt1 = False
		s5_l1 = False
		s12_evt0 = False
		s5_l0 = False
		s12_evt2 = True
		s11_evt1 = False
		_J2965 = True
		s11_evt0 = False
		_J2959 = False
		s11_evt2 = False
		_J2953 = True
		_J2944 = True
		_EL_U_2917 = True
		s12_l1 = False
		s10_evt1 = False
		s12_l0 = False
		s10_evt0 = True
		s10_evt2 = False
		_EL_U_2919 = False
		_EL_U_2921 = False
		s3_l1 = False
		_EL_U_2924 = False
		s3_l0 = False
		s9_evt1 = False
		s9_evt0 = False
		s9_evt2 = False
		s8_evt1 = False
		s8_evt0 = False
		s8_evt2 = False
		s10_l1 = False
		s10_l0 = False
		bus_l1 = False
		s7_evt1 = False
		bus_l0 = True
		s7_evt0 = False
		s1_l1 = False
		s7_evt2 = False
		s1_l0 = False
		s6_evt1 = False
		bus_j = 0
		s6_evt0 = False
		s6_evt2 = False
		s8_l1 = False
		s5_evt1 = False
		s8_l0 = False
		s5_evt0 = False
		s5_evt2 = False
		s4_evt1 = False
		s4_evt0 = False
		s4_evt2 = False
		s3_evt1 = False
		s3_evt0 = False
		s3_evt2 = False
		s6_l1 = False
		s6_l0 = False
		s2_evt1 = False
		s2_evt0 = False
		s2_evt2 = False
		s1_evt1 = False
		s1_evt0 = False
		s1_evt2 = False
		s13_l1 = False
		s13_l0 = False
		s0_evt1 = False
		s4_l1 = True
		s0_evt0 = False
		s4_l0 = False
		s0_evt2 = True
		s11_l1 = False
		s11_l0 = False
		s2_l1 = False
		s2_l0 = False
	Trans 7 -- 8
		_x_s13_x = (s13_x + 12.0)
		_x_s3_x = (s3_x + 12.0)
		_x_s8_x = (s8_x + 12.0)
		_x_s12_x = (s12_x + 12.0)
		_x_s2_x = (s2_x + 12.0)
		_x_s7_x = (s7_x + 12.0)
		_x_s11_x = (s11_x + 12.0)
		_x_s1_x = (s1_x + 12.0)
		_x_s6_x = (s6_x + 12.0)
		_x_s10_x = (s10_x + 12.0)
		_x_s5_x = (s5_x + 12.0)
		_x_s14_x = (s14_x + 12.0)
		_x_s9_x = (s9_x + 12.0)
	State 8
		bus_x = 12.0
		_diverge_delta = 12.0
		delta = 0.0
		s0_x = 12.0
		bus_cd_id = 0
		s4_x = 12.0
		s9_l1 = False
		s9_l0 = False
		s0_l1 = False
		s0_l0 = True
		bus_evt1 = False
		bus_evt0 = True
		bus_evt2 = False
		s7_l1 = False
		s7_l0 = False
		s14_evt1 = False
		s14_evt0 = False
		s14_evt2 = False
		s13_evt1 = False
		s13_evt0 = False
		s13_evt2 = False
		s14_l1 = False
		s14_l0 = False
		s12_evt1 = False
		s5_l1 = False
		s12_evt0 = False
		s5_l0 = False
		s12_evt2 = False
		s11_evt1 = False
		_J2965 = True
		s11_evt0 = False
		_J2959 = False
		s11_evt2 = False
		_J2953 = True
		_J2944 = True
		_EL_U_2917 = True
		s12_l1 = False
		s10_evt1 = False
		s12_l0 = False
		s10_evt0 = False
		s10_evt2 = False
		_EL_U_2919 = False
		_EL_U_2921 = False
		s3_l1 = False
		_EL_U_2924 = False
		s3_l0 = False
		s9_evt1 = False
		s9_evt0 = False
		s9_evt2 = False
		s8_evt1 = False
		s8_evt0 = False
		s8_evt2 = False
		s10_l1 = False
		s10_l0 = False
		bus_l1 = False
		s7_evt1 = False
		bus_l0 = True
		s7_evt0 = False
		s1_l1 = False
		s7_evt2 = False
		s1_l0 = False
		s6_evt1 = False
		bus_j = 0
		s6_evt0 = False
		s6_evt2 = False
		s8_l1 = False
		s5_evt1 = False
		s8_l0 = False
		s5_evt0 = False
		s5_evt2 = False
		s4_evt1 = False
		s4_evt0 = False
		s4_evt2 = False
		s3_evt1 = False
		s3_evt0 = False
		s3_evt2 = False
		s6_l1 = False
		s6_l0 = False
		s2_evt1 = False
		s2_evt0 = False
		s2_evt2 = False
		s1_evt1 = False
		s1_evt0 = False
		s1_evt2 = False
		s13_l1 = False
		s13_l0 = False
		s0_evt1 = False
		s4_l1 = True
		s0_evt0 = True
		s4_l0 = False
		s0_evt2 = False
		s11_l1 = False
		s11_l0 = False
		s2_l1 = False
		s2_l0 = False
	Trans 8 -- 9
		_x_s8_x = s8_x
		_x_s14_x = s14_x
		_x_s7_x = s7_x
		_x_s13_x = s13_x
		_x_s6_x = s6_x
		_x_s12_x = s12_x
		_x_s5_x = s5_x
		_x_s11_x = s11_x
		_x_s3_x = s3_x
		_x_s10_x = s10_x
		_x_s2_x = s2_x
		_x_s9_x = s9_x
		_x_s1_x = s1_x
	starting from: _diverge_delta : 0.0, delta : 0.0, bus_cd_id : 4, bus_evt1 : False, bus_evt0 : True, bus_evt2 : False, s7_l1 : False, s7_l0 : False, s14_evt1 : False, s14_evt0 : False, s14_evt2 : False, s7_x : 207575/28, s13_evt1 : False, s13_evt0 : False, s13_evt2 : False, s12_evt1 : False, s12_evt0 : False, s12_evt2 : False, s11_evt1 : False, s11_evt0 : False, s11_evt2 : False, s12_l1 : False, s10_evt1 : False, s12_l0 : False, s10_evt0 : False, s10_evt2 : False, s3_l1 : False, s3_l0 : False, s9_evt1 : False, s12_x : 207575/28, s9_evt0 : False, s9_evt2 : False, s3_x : 207575/28, s8_evt1 : False, s8_evt0 : False, s8_evt2 : False, bus_l1 : True, bus_l0 : True, s7_evt1 : False, s7_evt0 : False, s7_evt2 : False, s6_evt1 : False, bus_j : 1, s6_evt0 : False, s6_evt2 : False, s8_l1 : False, s5_evt1 : False, s8_l0 : False, s5_evt0 : False, s5_evt2 : False, s4_evt1 : False, s8_x : 207575/28, s4_evt0 : True, s4_evt2 : False, bus_x : 0.0, s3_evt1 : False, s3_evt0 : False, s3_evt2 : False, s2_evt1 : False, s2_evt0 : False, s2_evt2 : False, s1_evt1 : False, s1_evt0 : False, s1_evt2 : False, s13_l1 : False, s13_l0 : False, s0_evt1 : False, s4_l1 : True, s0_evt0 : False, s4_l0 : False, s0_evt2 : False, s13_x : 207575/28, s4_x : 12.0, s9_l1 : False, s9_l0 : False, s0_l1 : False, s0_l0 : True, s9_x : 207575/28, s0_x : 0.0, s14_l1 : False, s14_l0 : False, s5_l1 : False, s5_l0 : False, s14_x : 207575/28, _J2965 : True, s5_x : 207575/28, _J2959 : True, _J2953 : True, _J2944 : True, _EL_U_2917 : True, _EL_U_2919 : False, _EL_U_2921 : False, _EL_U_2924 : False, s10_l1 : False, s10_l0 : False, s1_l1 : False, s1_l0 : False, s10_x : 207575/28, s1_x : 207575/28, s6_l1 : False, s6_l0 : False, s6_x : 207575/28, s11_l1 : False, s11_l0 : False, s2_l1 : False, s2_l0 : False, s11_x : 207575/28, s2_x : 207575/28

end of `csma_0015`: SUCCESS in 123.24425005912781s
