

run 1/1: `csma_0017`

	Found non-termination argument:
	Do states 5..9 while ((((s2_x * 3/226) + -37/12) - (s14_x * 1/5)) < 0.0)
	State 5
		delta = 0.0
		s16_l0 = False
		s16_evt0 = False
		s15_l0 = False
		s15_evt0 = False
		s14_l1 = True
		s14_l0 = False
		s14_evt2 = False
		s14_evt1 = False
		s14_evt0 = False
		s13_l1 = False
		s13_l0 = False
		s13_evt2 = False
		s13_evt1 = False
		s13_evt0 = False
		s12_l1 = False
		s12_l0 = False
		s12_evt2 = False
		s12_evt1 = False
		s12_evt0 = False
		s11_l1 = False
		s11_l0 = False
		s11_evt2 = False
		s11_evt1 = False
		s11_evt0 = False
		s10_l1 = False
		s10_l0 = False
		_diverge_delta = 0.0
		s10_evt2 = False
		s10_evt1 = False
		s10_evt0 = False
		s9_l1 = False
		s9_l0 = False
		s9_evt2 = False
		s9_evt1 = False
		s9_evt0 = False
		s8_l1 = False
		s8_l0 = False
		s8_evt2 = False
		s8_evt1 = False
		s2_evt2 = False
		s1_evt2 = False
		s16_evt2 = False
		s2_evt1 = False
		s15_evt2 = False
		s1_evt1 = False
		s3_evt0 = False
		s16_evt1 = False
		s2_evt0 = False
		s15_evt1 = False
		s1_evt0 = False
		s1_l1 = False
		s6_evt1 = False
		bus_cd_id = 0
		s16_l1 = False
		s2_l0 = False
		s15_l1 = False
		s1_l0 = False
		s2_l1 = False
		bus_evt0 = False
		bus_j = 1
		s6_evt2 = False
		bus_evt1 = False
		s3_l0 = False
		s5_evt0 = False
		bus_evt2 = True
		s3_l1 = False
		bus_l1 = True
		s5_evt1 = False
		s0_x = 0.0
		s3_evt1 = False
		s3_evt2 = False
		bus_x = 0.0
		s4_evt0 = False
		s4_evt1 = False
		s4_evt2 = False
		s4_l0 = False
		s4_l1 = False
		bus_l0 = True
		s5_evt2 = False
		s5_l0 = False
		s5_l1 = False
		s6_evt0 = False
		s6_l0 = False
		s6_l1 = False
		s0_evt0 = False
		s7_evt0 = False
		s0_evt1 = False
		s7_evt1 = False
		s0_evt2 = True
		s7_evt2 = False
		s0_l0 = True
		s7_l0 = False
		s0_l1 = False
		s7_l1 = False
		s8_evt0 = False
		_J3353 = True
		_J3362 = True
		_J3368 = True
		_J3374 = True
		_EL_U_3326 = True
		_EL_U_3328 = False
		_EL_U_3330 = False
		_EL_U_3333 = True
		True
		(s14_x <= 404.0)
		(s14_x <= 26.0)
		((-1.0 * s13_x) < -404.0)
		((-1.0 * s10_x) < -404.0)
		((-1.0 * s3_x) < -404.0)
		((-1.0 * s15_x) < -404.0)
		((-1.0 * s7_x) < -404.0)
		((-1.0 * s1_x) < -404.0)
		((-1.0 * s8_x) < -404.0)
		((-1.0 * s2_x) < -404.0)
		((-1.0 * s4_x) < -404.0)
		((-1.0 * s11_x) < -404.0)
		((-1.0 * s5_x) < -404.0)
		((-1.0 * s12_x) < -404.0)
		((-1.0 * s16_x) < -404.0)
		((-1.0 * s6_x) < -404.0)
		((-1.0 * s9_x) < -404.0)
	Trans 5 -- 6
		_x_s2_x : s2_x
		_x_s1_x : s1_x
		_x_s3_x : s3_x
		_x_s7_x : s7_x
		_x_s15_x : s15_x
		_x_s12_x : s12_x
		_x_s4_x : s4_x
		_x_s16_x : s16_x
		_x_s11_x : s11_x
		_x_s5_x : s5_x
		_x_s10_x : s10_x
		_x_s9_x : s9_x
		_x_s14_x : s14_x
		_x_s13_x : s13_x
		_x_s8_x : s8_x
		_x_s6_x : s6_x
	State 6
		delta = 0.0
		s16_l0 = False
		s16_evt0 = False
		s15_l0 = False
		s15_evt0 = False
		s14_l1 = True
		s14_l0 = False
		s14_evt2 = False
		s14_evt1 = False
		s14_evt0 = True
		s13_l1 = False
		s13_l0 = False
		s13_evt2 = False
		s13_evt1 = False
		s13_evt0 = False
		s12_l1 = False
		s12_l0 = False
		s12_evt2 = False
		s12_evt1 = False
		s12_evt0 = False
		s11_l1 = False
		s11_l0 = False
		s11_evt2 = False
		s11_evt1 = False
		s11_evt0 = False
		s10_l1 = False
		s10_l0 = False
		_diverge_delta = 0.0
		s10_evt2 = False
		s10_evt1 = False
		s10_evt0 = False
		s9_l1 = False
		s9_l0 = False
		s9_evt2 = False
		s9_evt1 = False
		s9_evt0 = False
		s8_l1 = False
		s8_l0 = False
		s8_evt2 = False
		s8_evt1 = False
		s2_evt2 = False
		s1_evt2 = False
		s16_evt2 = False
		s2_evt1 = False
		s15_evt2 = False
		s1_evt1 = False
		s3_evt0 = False
		s16_evt1 = False
		s2_evt0 = False
		s15_evt1 = False
		s1_evt0 = False
		s1_l1 = False
		s6_evt1 = False
		bus_cd_id = 14
		s16_l1 = False
		s2_l0 = False
		s15_l1 = False
		s1_l0 = False
		s2_l1 = False
		bus_evt0 = True
		bus_j = 14
		s6_evt2 = False
		bus_evt1 = False
		s3_l0 = False
		s5_evt0 = False
		bus_evt2 = False
		s3_l1 = False
		bus_l1 = False
		s5_evt1 = False
		s0_x = 0.0
		s3_evt1 = False
		s3_evt2 = False
		bus_x = 0.0
		s4_evt0 = False
		s4_evt1 = False
		s4_evt2 = False
		s4_l0 = False
		s4_l1 = False
		bus_l0 = True
		s5_evt2 = False
		s5_l0 = False
		s5_l1 = False
		s6_evt0 = False
		s6_l0 = False
		s6_l1 = False
		s0_evt0 = False
		s7_evt0 = False
		s0_evt1 = False
		s7_evt1 = False
		s0_evt2 = False
		s7_evt2 = False
		s0_l0 = False
		s7_l0 = False
		s0_l1 = True
		s7_l1 = False
		s8_evt0 = False
		_J3353 = False
		_J3362 = False
		_J3368 = False
		_J3374 = False
		_EL_U_3326 = True
		_EL_U_3328 = False
		_EL_U_3330 = False
		_EL_U_3333 = True
	Trans 6 -- 7
		_x_s2_x : s2_x
		_x_s1_x : s1_x
		_x_s3_x : s3_x
		_x_s7_x : s7_x
		_x_s15_x : s15_x
		_x_s12_x : s12_x
		_x_s4_x : s4_x
		_x_s16_x : s16_x
		_x_s11_x : s11_x
		_x_s5_x : s5_x
		_x_s10_x : s10_x
		_x_s9_x : s9_x
		_x_s14_x : 0.0
		_x_s13_x : s13_x
		_x_s8_x : s8_x
		_x_s6_x : s6_x
	State 7
		delta = 0.0
		s16_l0 = False
		s16_evt0 = False
		s15_l0 = False
		s15_evt0 = False
		s14_l1 = False
		s14_l0 = True
		s14_evt2 = True
		s14_evt1 = False
		s14_evt0 = False
		s13_l1 = False
		s13_l0 = False
		s13_evt2 = False
		s13_evt1 = False
		s13_evt0 = False
		s12_l1 = False
		s12_l0 = False
		s12_evt2 = False
		s12_evt1 = False
		s12_evt0 = False
		s11_l1 = False
		s11_l0 = False
		s11_evt2 = False
		s11_evt1 = False
		s11_evt0 = False
		s10_l1 = False
		s10_l0 = False
		_diverge_delta = 0.0
		s10_evt2 = False
		s10_evt1 = False
		s10_evt0 = False
		s9_l1 = False
		s9_l0 = False
		s9_evt2 = False
		s9_evt1 = False
		s9_evt0 = False
		s8_l1 = False
		s8_l0 = False
		s8_evt2 = False
		s8_evt1 = False
		s2_evt2 = False
		s1_evt2 = False
		s16_evt2 = False
		s2_evt1 = False
		s15_evt2 = False
		s1_evt1 = False
		s3_evt0 = False
		s16_evt1 = False
		s2_evt0 = False
		s15_evt1 = False
		s1_evt0 = False
		s1_l1 = False
		s6_evt1 = False
		bus_cd_id = 17
		s16_l1 = False
		s2_l0 = False
		s15_l1 = False
		s1_l0 = False
		s2_l1 = False
		bus_evt0 = False
		bus_j = 15
		s6_evt2 = False
		bus_evt1 = False
		s3_l0 = False
		s5_evt0 = False
		bus_evt2 = True
		s3_l1 = False
		bus_l1 = True
		s5_evt1 = False
		s0_x = 0.0
		s3_evt1 = False
		s3_evt2 = False
		bus_x = 0.0
		s4_evt0 = False
		s4_evt1 = False
		s4_evt2 = False
		s4_l0 = False
		s4_l1 = False
		bus_l0 = True
		s5_evt2 = False
		s5_l0 = False
		s5_l1 = False
		s6_evt0 = False
		s6_l0 = False
		s6_l1 = False
		s0_evt0 = False
		s7_evt0 = False
		s0_evt1 = False
		s7_evt1 = False
		s0_evt2 = False
		s7_evt2 = False
		s0_l0 = False
		s7_l0 = False
		s0_l1 = True
		s7_l1 = False
		s8_evt0 = False
		_J3353 = True
		_J3362 = True
		_J3368 = False
		_J3374 = True
		_EL_U_3326 = True
		_EL_U_3328 = False
		_EL_U_3330 = False
		_EL_U_3333 = True
	Trans 7 -- 8
		_x_s2_x : s2_x
		_x_s1_x : s1_x
		_x_s3_x : s3_x
		_x_s7_x : s7_x
		_x_s15_x : s15_x
		_x_s12_x : s12_x
		_x_s4_x : s4_x
		_x_s16_x : s16_x
		_x_s11_x : s11_x
		_x_s5_x : s5_x
		_x_s10_x : s10_x
		_x_s9_x : s9_x
		_x_s14_x : 0.0
		_x_s13_x : s13_x
		_x_s8_x : s8_x
		_x_s6_x : s6_x
	State 8
		delta = 1.0
		s16_l0 = False
		s16_evt0 = False
		s15_l0 = False
		s15_evt0 = False
		s14_l1 = True
		s14_l0 = False
		s14_evt2 = False
		s14_evt1 = False
		s14_evt0 = False
		s13_l1 = False
		s13_l0 = False
		s13_evt2 = False
		s13_evt1 = False
		s13_evt0 = False
		s12_l1 = False
		s12_l0 = False
		s12_evt2 = False
		s12_evt1 = False
		s12_evt0 = False
		s11_l1 = False
		s11_l0 = False
		s11_evt2 = False
		s11_evt1 = False
		s11_evt0 = False
		s10_l1 = False
		s10_l0 = False
		_diverge_delta = 0.0
		s10_evt2 = False
		s10_evt1 = False
		s10_evt0 = False
		s9_l1 = False
		s9_l0 = False
		s9_evt2 = False
		s9_evt1 = False
		s9_evt0 = False
		s8_l1 = False
		s8_l0 = False
		s8_evt2 = False
		s8_evt1 = False
		s2_evt2 = False
		s1_evt2 = False
		s16_evt2 = False
		s2_evt1 = False
		s15_evt2 = False
		s1_evt1 = False
		s3_evt0 = False
		s16_evt1 = False
		s2_evt0 = False
		s15_evt1 = False
		s1_evt0 = False
		s1_l1 = False
		s6_evt1 = False
		bus_cd_id = 0
		s16_l1 = False
		s2_l0 = False
		s15_l1 = False
		s1_l0 = False
		s2_l1 = False
		bus_evt0 = True
		bus_j = 0
		s6_evt2 = False
		bus_evt1 = False
		s3_l0 = False
		s5_evt0 = False
		bus_evt2 = False
		s3_l1 = False
		bus_l1 = False
		s5_evt1 = False
		s0_x = 0.0
		s3_evt1 = False
		s3_evt2 = False
		bus_x = 0.0
		s4_evt0 = False
		s4_evt1 = False
		s4_evt2 = False
		s4_l0 = False
		s4_l1 = False
		bus_l0 = True
		s5_evt2 = False
		s5_l0 = False
		s5_l1 = False
		s6_evt0 = False
		s6_l0 = False
		s6_l1 = False
		s0_evt0 = True
		s7_evt0 = False
		s0_evt1 = False
		s7_evt1 = False
		s0_evt2 = False
		s7_evt2 = False
		s0_l0 = False
		s7_l0 = False
		s0_l1 = True
		s7_l1 = False
		s8_evt0 = True
		_J3353 = True
		_J3362 = True
		_J3368 = False
		_J3374 = True
		_EL_U_3326 = True
		_EL_U_3328 = False
		_EL_U_3330 = False
		_EL_U_3333 = True
	Trans 8 -- 9
		_x_s2_x : (s2_x + 1.0)
		_x_s1_x : (s1_x + 1.0)
		_x_s3_x : (s3_x + 1.0)
		_x_s7_x : (s7_x + 1.0)
		_x_s15_x : (s15_x + 1.0)
		_x_s12_x : (s12_x + 1.0)
		_x_s4_x : (s4_x + 1.0)
		_x_s16_x : (s16_x + 1.0)
		_x_s11_x : (s11_x + 1.0)
		_x_s5_x : (s5_x + 1.0)
		_x_s10_x : (s10_x + 1.0)
		_x_s9_x : (s9_x + 1.0)
		_x_s14_x : (s14_x + 1.0)
		_x_s13_x : (s13_x + 1.0)
		_x_s8_x : (s8_x + 1.0)
		_x_s6_x : (s6_x + 1.0)
	State 9
		delta = 0.0
		s16_l0 = False
		s16_evt0 = False
		s15_l0 = False
		s15_evt0 = False
		s14_l1 = True
		s14_l0 = False
		s14_evt2 = False
		s14_evt1 = False
		s14_evt0 = False
		s13_l1 = False
		s13_l0 = False
		s13_evt2 = False
		s13_evt1 = False
		s13_evt0 = False
		s12_l1 = False
		s12_l0 = False
		s12_evt2 = False
		s12_evt1 = False
		s12_evt0 = False
		s11_l1 = False
		s11_l0 = False
		s11_evt2 = False
		s11_evt1 = False
		s11_evt0 = False
		s10_l1 = False
		s10_l0 = False
		_diverge_delta = 1.0
		s10_evt2 = False
		s10_evt1 = False
		s10_evt0 = False
		s9_l1 = False
		s9_l0 = False
		s9_evt2 = False
		s9_evt1 = False
		s9_evt0 = False
		s8_l1 = False
		s8_l0 = False
		s8_evt2 = False
		s8_evt1 = False
		s2_evt2 = False
		s1_evt2 = False
		s16_evt2 = False
		s2_evt1 = False
		s15_evt2 = False
		s1_evt1 = False
		s3_evt0 = False
		s16_evt1 = False
		s2_evt0 = False
		s15_evt1 = False
		s1_evt0 = False
		s1_l1 = False
		s6_evt1 = False
		bus_cd_id = 0
		s16_l1 = False
		s2_l0 = False
		s15_l1 = False
		s1_l0 = False
		s2_l1 = False
		bus_evt0 = True
		bus_j = 0
		s6_evt2 = False
		bus_evt1 = False
		s3_l0 = False
		s5_evt0 = False
		bus_evt2 = False
		s3_l1 = False
		bus_l1 = False
		s5_evt1 = False
		s0_x = 1.0
		s3_evt1 = False
		s3_evt2 = False
		bus_x = 1.0
		s4_evt0 = False
		s4_evt1 = False
		s4_evt2 = False
		s4_l0 = False
		s4_l1 = False
		bus_l0 = True
		s5_evt2 = False
		s5_l0 = False
		s5_l1 = False
		s6_evt0 = False
		s6_l0 = False
		s6_l1 = False
		s0_evt0 = True
		s7_evt0 = False
		s0_evt1 = False
		s7_evt1 = False
		s0_evt2 = False
		s7_evt2 = False
		s0_l0 = False
		s7_l0 = False
		s0_l1 = True
		s7_l1 = False
		s8_evt0 = False
		_J3353 = True
		_J3362 = True
		_J3368 = False
		_J3374 = True
		_EL_U_3326 = True
		_EL_U_3328 = False
		_EL_U_3330 = False
		_EL_U_3333 = True
	Trans 9 -- 5
		_x_s2_x : s2_x
		_x_s1_x : s1_x
		_x_s3_x : s3_x
		_x_s7_x : s7_x
		_x_s15_x : s15_x
		_x_s12_x : s12_x
		_x_s4_x : s4_x
		_x_s16_x : s16_x
		_x_s11_x : s11_x
		_x_s5_x : s5_x
		_x_s10_x : s10_x
		_x_s9_x : s9_x
		_x_s14_x : s14_x
		_x_s13_x : s13_x
		_x_s8_x : s8_x
		_x_s6_x : s6_x
	End do-while
	State 9
		delta = 0.0
		s16_l0 = False
		s16_evt0 = False
		s15_l0 = False
		s15_evt0 = False
		s14_l1 = True
		s14_l0 = False
		s14_evt2 = False
		s14_evt1 = False
		s14_evt0 = False
		s13_l1 = False
		s13_l0 = False
		s13_evt2 = False
		s13_evt1 = False
		s13_evt0 = False
		s12_l1 = False
		s12_l0 = False
		s12_evt2 = False
		s12_evt1 = False
		s12_evt0 = False
		s11_l1 = False
		s11_l0 = False
		s11_evt2 = False
		s11_evt1 = False
		s11_evt0 = False
		s10_l1 = False
		s10_l0 = False
		_diverge_delta = 1.0
		s10_evt2 = False
		s10_evt1 = False
		s10_evt0 = False
		s9_l1 = False
		s9_l0 = False
		s9_evt2 = False
		s9_evt1 = False
		s9_evt0 = False
		s8_l1 = False
		s8_l0 = False
		s8_evt2 = False
		s8_evt1 = False
		s2_evt2 = False
		s1_evt2 = False
		s16_evt2 = False
		s2_evt1 = False
		s15_evt2 = False
		s1_evt1 = False
		s3_evt0 = False
		s16_evt1 = False
		s2_evt0 = False
		s15_evt1 = False
		s1_evt0 = False
		s1_l1 = False
		s6_evt1 = False
		bus_cd_id = 0
		s16_l1 = False
		s2_l0 = False
		s15_l1 = False
		s1_l0 = False
		s2_l1 = False
		bus_evt0 = True
		bus_j = 0
		s6_evt2 = False
		bus_evt1 = False
		s3_l0 = False
		s5_evt0 = False
		bus_evt2 = False
		s3_l1 = False
		bus_l1 = False
		s5_evt1 = False
		s0_x = 1.0
		s3_evt1 = False
		s3_evt2 = False
		bus_x = 1.0
		s4_evt0 = False
		s4_evt1 = False
		s4_evt2 = False
		s4_l0 = False
		s4_l1 = False
		bus_l0 = True
		s5_evt2 = False
		s5_l0 = False
		s5_l1 = False
		s6_evt0 = False
		s6_l0 = False
		s6_l1 = False
		s0_evt0 = True
		s7_evt0 = False
		s0_evt1 = False
		s7_evt1 = False
		s0_evt2 = False
		s7_evt2 = False
		s0_l0 = False
		s7_l0 = False
		s0_l1 = True
		s7_l1 = False
		s8_evt0 = False
		_J3353 = True
		_J3362 = True
		_J3368 = False
		_J3374 = True
		_EL_U_3326 = True
		_EL_U_3328 = False
		_EL_U_3330 = False
		_EL_U_3333 = True
		(s14_x <= 404.0)
		(s14_x <= 26.0)
		((-1.0 * s13_x) < -404.0)
		((-1.0 * s10_x) < -404.0)
		((-1.0 * s3_x) < -404.0)
		((-1.0 * s15_x) < -404.0)
		((-1.0 * s7_x) < -404.0)
		((-1.0 * s1_x) < -404.0)
		((-1.0 * s8_x) < -404.0)
		((-1.0 * s2_x) < -404.0)
		((((s14_x * 1/5) + 37/12) - (s2_x * 3/226)) <= 0.0)
		((-1.0 * s4_x) < -404.0)
		((-1.0 * s11_x) < -404.0)
		((-1.0 * s5_x) < -404.0)
		((-1.0 * s12_x) < -404.0)
		((-1.0 * s16_x) < -404.0)
		((-1.0 * s6_x) < -404.0)
		((-1.0 * s9_x) < -404.0)
	Trans 9 -- 10
		_x_s2_x = s2_x
		_x_s1_x = s1_x
		_x_s3_x = s3_x
		_x_s7_x = s7_x
		_x_s15_x = s15_x
		_x_s12_x = s12_x
		_x_s4_x = s4_x
		_x_s16_x = s16_x
		_x_s11_x = s11_x
		_x_s5_x = s5_x
		_x_s10_x = s10_x
		_x_s9_x = s9_x
		_x_s14_x = s14_x
		_x_s13_x = s13_x
		_x_s8_x = s8_x
		_x_s6_x = s6_x
	starting from: {delta: 0.0, s16_l0: False, s16_evt0: False, s15_l0: False, s15_evt0: False, s14_l1: True, s14_l0: False, s14_evt2: False, s14_evt1: False, s14_evt0: False, s13_l1: False, s13_l0: False, s13_evt2: False, s13_evt1: False, s13_evt0: False, s12_l1: False, s12_l0: False, s12_evt2: False, s12_evt1: False, s12_evt0: False, s12_x: 12139205058538500281791/25210396483403120640, s11_l1: False, s11_l0: False, s11_evt2: False, s11_evt1: False, s11_evt0: False, s11_x: 12139205058538500281791/25210396483403120640, s10_l1: False, s10_l0: False, _diverge_delta: 0.0, s10_evt2: False, s10_evt1: False, s10_evt0: False, s10_x: 12139205058538500281791/25210396483403120640, s9_l1: False, s9_l0: False, s9_evt2: False, s9_evt1: False, s9_evt0: False, s9_x: 12139205058538500281791/25210396483403120640, s8_l1: False, s8_l0: False, s8_evt2: False, s8_evt1: False, s14_x: 111669149695/34359738368, s2_evt2: False, s13_x: 12139205058538500281791/25210396483403120640, s1_evt2: False, s16_evt2: False, s2_evt1: False, s15_evt2: False, s1_evt1: False, s3_evt0: False, s8_x: 12139205058538500281791/25210396483403120640, s16_evt1: False, s2_evt0: False, s15_evt1: False, s1_evt0: False, s6_x: 12139205058538500281791/25210396483403120640, s2_x: 12139205058538500281791/25210396483403120640, s1_x: 12139205058538500281791/25210396483403120640, s1_l1: False, s6_evt1: False, bus_cd_id: 0, s16_l1: False, s2_l0: False, s15_l1: False, s1_l0: False, s2_l1: False, bus_evt0: False, bus_j: 1, s6_evt2: False, bus_evt1: False, s3_l0: False, s5_evt0: False, bus_evt2: True, s3_l1: False, s3_x: 12139205058538500281791/25210396483403120640, bus_l1: True, s5_evt1: False, s7_x: 12139205058538500281791/25210396483403120640, s0_x: 0.0, s3_evt1: False, s15_x: 12139205058538500281791/25210396483403120640, s3_evt2: False, bus_x: 0.0, s4_x: 12139205058538500281791/25210396483403120640, s4_evt0: False, s4_evt1: False, s16_x: 12139205058538500281791/25210396483403120640, s4_evt2: False, s4_l0: False, s4_l1: False, s5_x: 12139205058538500281791/25210396483403120640, bus_l0: True, s5_evt2: False, s5_l0: False, s5_l1: False, s6_evt0: False, s6_l0: False, s6_l1: False, s0_evt0: False, s7_evt0: False, s0_evt1: False, s7_evt1: False, s0_evt2: True, s7_evt2: False, s0_l0: True, s7_l0: False, s0_l1: False, s7_l1: False, s8_evt0: False, _J3353: True, _J3362: True, _J3368: True, _J3374: True, _EL_U_3326: True, _EL_U_3328: False, _EL_U_3330: False, _EL_U_3333: True}

end of `csma_0017`: SUCCESS in 177.96164989471436s
