

run 1/1: `csma_0004`

	Found non-termination argument:
	Do states 5..8 while (((s1_x * 1/192) + -17/8) < 0.0)
	State 5
		delta = 0.0
		_diverge_delta = 0.0
		s3_l1 = False
		s3_l0 = False
		s3_evt2 = False
		s3_evt1 = False
		s0_evt2 = False
		s0_evt1 = False
		s1_l1 = False
		s2_l1 = True
		s1_l0 = False
		s2_l0 = False
		bus_l1 = True
		bus_evt2 = False
		bus_l0 = True
		bus_evt1 = False
		bus_evt0 = True
		bus_cd_id = 2
		s2_evt1 = False
		bus_x = 0.0
		s0_x = 0.0
		bus_j = 1
		s1_evt2 = False
		s0_evt0 = False
		s2_evt2 = False
		s1_evt1 = False
		s0_l1 = False
		s0_l0 = True
		s1_evt0 = False
		s2_evt0 = True
		s3_evt0 = False
		_J911 = True
		_J920 = True
		_J926 = True
		_J932 = True
		_EL_U_884 = True
		_EL_U_886 = False
		_EL_U_888 = False
		_EL_U_891 = False
		((-1.0 * s2_x) < 0.0)
		True
		((-1.0 * s1_x) < -404.0)
		((-1.0 * s3_x) < -404.0)
		(s2_x <= 26.0)
	Trans 5 -- 6
		_x_s1_x : s1_x
		_x_s2_x : 0.0
		_x_s3_x : s3_x
	State 6
		delta = 0.0
		_diverge_delta = 0.0
		s3_l1 = False
		s3_l0 = False
		s3_evt2 = False
		s3_evt1 = False
		s0_evt2 = False
		s0_evt1 = False
		s1_l1 = False
		s2_l1 = False
		s1_l0 = False
		s2_l0 = True
		bus_l1 = True
		bus_evt2 = True
		bus_l0 = False
		bus_evt1 = False
		bus_evt0 = False
		bus_cd_id = 2
		s2_evt1 = False
		bus_x = -1/2
		s0_x = 0.0
		bus_j = 0
		s1_evt2 = False
		s0_evt0 = False
		s2_evt2 = True
		s1_evt1 = False
		s0_l1 = False
		s0_l0 = True
		s1_evt0 = False
		s2_evt0 = False
		s3_evt0 = False
		_J911 = False
		_J920 = False
		_J926 = False
		_J932 = False
		_EL_U_884 = True
		_EL_U_886 = False
		_EL_U_888 = False
		_EL_U_891 = False
	Trans 6 -- 7
		_x_s1_x : s1_x
		_x_s2_x : 0.0
		_x_s3_x : s3_x
	State 7
		delta = 1.0
		_diverge_delta = 0.0
		s3_l1 = False
		s3_l0 = False
		s3_evt2 = False
		s3_evt1 = False
		s0_evt2 = False
		s0_evt1 = False
		s1_l1 = False
		s2_l1 = True
		s1_l0 = False
		s2_l0 = False
		bus_l1 = False
		bus_evt2 = False
		bus_l0 = True
		bus_evt1 = False
		bus_evt0 = True
		bus_cd_id = 2
		s2_evt1 = False
		bus_x = 0.0
		s0_x = 0.0
		bus_j = 0
		s1_evt2 = False
		s0_evt0 = False
		s2_evt2 = False
		s1_evt1 = False
		s0_l1 = False
		s0_l0 = True
		s1_evt0 = False
		s2_evt0 = False
		s3_evt0 = False
		_J911 = True
		_J920 = True
		_J926 = False
		_J932 = True
		_EL_U_884 = True
		_EL_U_886 = False
		_EL_U_888 = False
		_EL_U_891 = False
	Trans 7 -- 8
		_x_s1_x : (s1_x + 1.0)
		_x_s2_x : (s2_x + 1.0)
		_x_s3_x : (s3_x + 1.0)
	State 8
		delta = 0.0
		_diverge_delta = 1.0
		s3_l1 = False
		s3_l0 = False
		s3_evt2 = False
		s3_evt1 = False
		s0_evt2 = False
		s0_evt1 = False
		s1_l1 = False
		s2_l1 = True
		s1_l0 = False
		s2_l0 = False
		bus_l1 = False
		bus_evt2 = False
		bus_l0 = True
		bus_evt1 = False
		bus_evt0 = True
		bus_cd_id = 0
		s2_evt1 = False
		bus_x = 1.0
		s0_x = 1.0
		bus_j = 0
		s1_evt2 = False
		s0_evt0 = True
		s2_evt2 = False
		s1_evt1 = False
		s0_l1 = False
		s0_l0 = True
		s1_evt0 = False
		s2_evt0 = False
		s3_evt0 = False
		_J911 = True
		_J920 = True
		_J926 = False
		_J932 = True
		_EL_U_884 = True
		_EL_U_886 = False
		_EL_U_888 = False
		_EL_U_891 = False
	Trans 8 -- 5
		_x_s1_x : s1_x
		_x_s2_x : s2_x
		_x_s3_x : s3_x
	End do-while
	State 8
		delta = 0.0
		_diverge_delta = 1.0
		s3_l1 = False
		s3_l0 = False
		s3_evt2 = False
		s3_evt1 = False
		s0_evt2 = False
		s0_evt1 = False
		s1_l1 = False
		s2_l1 = True
		s1_l0 = False
		s2_l0 = False
		bus_l1 = False
		bus_evt2 = False
		bus_l0 = True
		bus_evt1 = False
		bus_evt0 = True
		bus_cd_id = 0
		s2_evt1 = False
		bus_x = 1.0
		s0_x = 1.0
		bus_j = 0
		s1_evt2 = False
		s0_evt0 = True
		s2_evt2 = False
		s1_evt1 = False
		s0_l1 = False
		s0_l0 = True
		s1_evt0 = False
		s2_evt0 = False
		s3_evt0 = False
		_J911 = True
		_J920 = True
		_J926 = False
		_J932 = True
		_EL_U_884 = True
		_EL_U_886 = False
		_EL_U_888 = False
		_EL_U_891 = False
		((-1.0 * s2_x) < 0.0)
		((17/8 - (s1_x * 1/192)) <= 0.0)
		((-1.0 * s1_x) < -404.0)
		((-1.0 * s3_x) < -404.0)
		(s2_x <= 26.0)
		(s2_x <= 404.0)
	Trans 8 -- 9
		_x_s1_x = s1_x
		_x_s2_x = s2_x
		_x_s3_x = s3_x
	starting from: {delta: 0.0, _diverge_delta: 0.0, s3_l1: False, s3_l0: False, s3_evt2: False, s3_evt1: False, s0_evt2: False, s0_evt1: False, s1_l1: False, s2_l1: True, s1_l0: False, s2_l0: False, bus_l1: True, bus_evt2: False, bus_l0: True, bus_evt1: False, bus_evt0: True, bus_cd_id: 2, s2_evt1: False, bus_x: 0.0, s0_x: 0.0, bus_j: 1, s1_evt2: False, s0_evt0: False, s2_evt2: False, s1_evt1: False, s0_l1: False, s0_l0: True, s1_evt0: False, s2_evt0: True, s3_evt0: False, s1_x: 780923/1928, s2_x: 25/2, s3_x: 780923/1928, _J911: True, _J920: True, _J926: True, _J932: True, _EL_U_884: True, _EL_U_886: False, _EL_U_888: False, _EL_U_891: False}

end of `csma_0004`: SUCCESS in 14.087019205093384s
