

run 1/1: `csma_0030`

	Found non-termination argument:
	Do states 3..8 while ((s14_x + s16_x + (-1.0 * s13_x) + s5_x + s17_x + (s8_x * 17/16) + s6_x + s2_x + s1_x + s19_x + s12_x + s25_x + s18_x + s20_x + s22_x + s11_x + s23_x + s24_x + s3_x + s26_x + s10_x + s27_x + (-1.0 * s28_x) + s7_x + s15_x + s4_x + -17921/2) < 0.0)
	State 3
		delta = 0.0
		_diverge_delta = 0.0
		s29_evt0 = False
		s29_x = 0.0
		s28_evt2 = False
		s28_evt0 = False
		s27_evt2 = False
		s27_evt0 = False
		s26_evt2 = False
		s26_evt0 = False
		s25_evt2 = False
		s24_evt2 = False
		s24_evt0 = False
		s23_evt2 = False
		s23_evt0 = False
		s22_evt2 = False
		s22_evt0 = False
		s21_evt2 = False
		s21_evt0 = False
		s20_evt2 = False
		s8_evt0 = False
		s7_l1 = False
		s7_l0 = False
		s25_evt0 = False
		s0_l0 = False
		s21_l1 = False
		s7_evt2 = False
		s0_evt2 = False
		s21_l0 = False
		s7_evt1 = False
		s0_evt1 = False
		s7_evt0 = False
		s0_evt0 = True
		s6_l1 = False
		s6_l0 = False
		s5_l1 = False
		s5_l0 = False
		s19_l1 = False
		s5_evt2 = False
		s29_evt2 = False
		bus_l0 = True
		s23_evt1 = False
		s4_l1 = False
		s4_l0 = False
		s18_l1 = False
		s4_evt2 = False
		s18_evt2 = False
		s4_evt0 = False
		s18_evt1 = False
		s22_evt1 = False
		bus_x = 0.0
		s17_evt2 = False
		s0_x = 0.0
		s25_evt1 = False
		s0_l1 = True
		s19_l0 = False
		s5_evt1 = False
		s19_evt2 = False
		s6_evt0 = False
		bus_l1 = False
		s21_evt1 = False
		s3_l1 = False
		s20_evt0 = False
		bus_evt2 = False
		s18_evt0 = False
		s5_evt0 = False
		s3_l0 = False
		s3_evt2 = False
		s17_l1 = False
		bus_evt1 = False
		s20_l1 = False
		s6_evt2 = False
		bus_j = 0
		bus_evt0 = True
		s2_l1 = False
		s1_l0 = False
		s2_l0 = False
		bus_cd_id = 0
		s20_l0 = False
		s6_evt1 = False
		s1_l1 = False
		s19_evt1 = False
		_EL_U_6280 = False
		s20_evt1 = False
		_EL_U_6283 = True
		s24_evt1 = False
		_EL_U_6278 = False
		s1_evt0 = False
		s29_l0 = False
		s15_evt1 = False
		s2_evt0 = False
		s16_evt1 = False
		s26_evt1 = False
		s3_evt0 = False
		s17_evt1 = False
		s29_l1 = True
		s15_evt2 = False
		s16_evt2 = False
		s15_l1 = False
		s1_evt2 = False
		s16_l1 = False
		s2_evt2 = False
		s22_l0 = False
		s8_evt1 = False
		s22_l1 = False
		s8_evt2 = False
		s8_l0 = False
		s8_l1 = False
		s27_evt1 = False
		s9_evt0 = False
		s23_l0 = False
		s9_evt1 = False
		s23_l1 = False
		s9_evt2 = False
		s9_l0 = False
		s9_l1 = False
		s28_evt1 = False
		s10_evt0 = False
		s24_l0 = False
		s10_evt1 = False
		s24_l1 = False
		s10_evt2 = False
		s10_l0 = False
		s10_l1 = False
		s29_evt1 = False
		s11_evt0 = False
		s25_l0 = False
		s11_evt1 = False
		s25_l1 = False
		s11_evt2 = False
		s11_l0 = False
		s11_l1 = False
		s12_evt0 = False
		s26_l0 = False
		s12_evt1 = False
		s26_l1 = False
		s12_evt2 = False
		s12_l0 = False
		s12_l1 = False
		s13_evt0 = False
		s27_l0 = False
		s13_evt1 = False
		s27_l1 = False
		s13_evt2 = False
		s13_l0 = False
		s13_l1 = False
		s14_evt0 = False
		s28_l0 = False
		s14_evt1 = False
		s28_l1 = False
		s14_evt2 = False
		s14_l0 = False
		s14_l1 = False
		s15_evt0 = False
		s1_evt1 = False
		s15_l0 = False
		s16_evt0 = False
		s2_evt1 = False
		s16_l0 = False
		s17_evt0 = False
		s3_evt1 = False
		s17_l0 = False
		s4_evt1 = False
		s18_l0 = False
		s19_evt0 = False
		_J6303 = True
		_J6312 = True
		_J6318 = True
		_J6324 = True
		_EL_U_6276 = True
		((-1.0 * s21_x) < -404.0)
		((-1.0 * s2_x) < -404.0)
		((-1.0 * s23_x) < -404.0)
		((-1.0 * s20_x) < -404.0)
		((-1.0 * s3_x) < -404.0)
		((-1.0 * s4_x) < -404.0)
		((-1.0 * s22_x) < -404.0)
		((-1.0 * s5_x) < -404.0)
		((-1.0 * s6_x) < -404.0)
		((-1.0 * s24_x) < -404.0)
		((-1.0 * s7_x) < -404.0)
		((-1.0 * s12_x) < -404.0)
		((-1.0 * s25_x) < -404.0)
		((-1.0 * s8_x) < -404.0)
		((-1.0 * s13_x) < -404.0)
		((-1.0 * s26_x) < -404.0)
		((-1.0 * s14_x) < -404.0)
		((-1.0 * s9_x) < -404.0)
		((-1.0 * s15_x) < -404.0)
		((-1.0 * s27_x) < -404.0)
		((-1.0 * s10_x) < -404.0)
		((-1.0 * s16_x) < -404.0)
		((-1.0 * s28_x) < -404.0)
		((-1.0 * s17_x) < -404.0)
		((-1.0 * s11_x) < -404.0)
		((-1.0 * s18_x) < -404.0)
		((-1.0 * s1_x) < -404.0)
		((-1.0 * s19_x) < -404.0)
	Trans 3 -- 4
		_x_s4_x : s4_x
		_x_s15_x : s15_x
		_x_s9_x : s9_x
		_x_s7_x : s7_x
		_x_s28_x : s28_x
		_x_s27_x : s27_x
		_x_s10_x : s10_x
		_x_s26_x : s26_x
		_x_s3_x : s3_x
		_x_s24_x : s24_x
		_x_s23_x : s23_x
		_x_s11_x : s11_x
		_x_s22_x : s22_x
		_x_s20_x : s20_x
		_x_s18_x : s18_x
		_x_s25_x : s25_x
		_x_s12_x : s12_x
		_x_s21_x : s21_x
		_x_s19_x : s19_x
		_x_s1_x : s1_x
		_x_s2_x : s2_x
		_x_s6_x : s6_x
		_x_s8_x : s8_x
		_x_s17_x : s17_x
		_x_s5_x : s5_x
		_x_s13_x : s13_x
		_x_s16_x : s16_x
		_x_s14_x : s14_x
	State 4
		delta = 0.0
		_diverge_delta = 0.0
		s29_evt0 = False
		s29_x = 0.0
		s28_evt2 = False
		s28_evt0 = False
		s27_evt2 = False
		s27_evt0 = False
		s26_evt2 = False
		s26_evt0 = False
		s25_evt2 = False
		s24_evt2 = False
		s24_evt0 = False
		s23_evt2 = False
		s23_evt0 = False
		s22_evt2 = False
		s22_evt0 = False
		s21_evt2 = False
		s21_evt0 = False
		s20_evt2 = False
		s8_evt0 = False
		s7_l1 = False
		s7_l0 = False
		s25_evt0 = False
		s0_l0 = True
		s21_l1 = False
		s7_evt2 = False
		s0_evt2 = False
		s21_l0 = False
		s7_evt1 = False
		s0_evt1 = False
		s7_evt0 = False
		s0_evt0 = True
		s6_l1 = False
		s6_l0 = False
		s5_l1 = False
		s5_l0 = False
		s19_l1 = False
		s5_evt2 = False
		s29_evt2 = False
		bus_l0 = True
		s23_evt1 = False
		s4_l1 = False
		s4_l0 = False
		s18_l1 = False
		s4_evt2 = False
		s18_evt2 = False
		s4_evt0 = False
		s18_evt1 = False
		s22_evt1 = False
		bus_x = 0.0
		s17_evt2 = False
		s0_x = 0.0
		s25_evt1 = False
		s0_l1 = False
		s19_l0 = False
		s5_evt1 = False
		s19_evt2 = False
		s6_evt0 = False
		bus_l1 = True
		s21_evt1 = False
		s3_l1 = False
		s20_evt0 = False
		bus_evt2 = False
		s18_evt0 = False
		s5_evt0 = False
		s3_l0 = False
		s3_evt2 = False
		s17_l1 = False
		bus_evt1 = False
		s20_l1 = False
		s6_evt2 = False
		bus_j = 1
		bus_evt0 = True
		s2_l1 = False
		s1_l0 = False
		s2_l0 = False
		bus_cd_id = 0
		s20_l0 = False
		s6_evt1 = False
		s1_l1 = False
		s19_evt1 = False
		_EL_U_6280 = False
		s20_evt1 = False
		_EL_U_6283 = True
		s24_evt1 = False
		_EL_U_6278 = False
		s1_evt0 = False
		s29_l0 = False
		s15_evt1 = False
		s2_evt0 = False
		s16_evt1 = False
		s26_evt1 = False
		s3_evt0 = False
		s17_evt1 = False
		s29_l1 = True
		s15_evt2 = False
		s16_evt2 = False
		s15_l1 = False
		s1_evt2 = False
		s16_l1 = False
		s2_evt2 = False
		s22_l0 = False
		s8_evt1 = False
		s22_l1 = False
		s8_evt2 = False
		s8_l0 = False
		s8_l1 = False
		s27_evt1 = False
		s9_evt0 = False
		s23_l0 = False
		s9_evt1 = False
		s23_l1 = False
		s9_evt2 = False
		s9_l0 = False
		s9_l1 = False
		s28_evt1 = False
		s10_evt0 = False
		s24_l0 = False
		s10_evt1 = False
		s24_l1 = False
		s10_evt2 = False
		s10_l0 = False
		s10_l1 = False
		s29_evt1 = False
		s11_evt0 = False
		s25_l0 = False
		s11_evt1 = False
		s25_l1 = False
		s11_evt2 = False
		s11_l0 = False
		s11_l1 = False
		s12_evt0 = False
		s26_l0 = False
		s12_evt1 = False
		s26_l1 = False
		s12_evt2 = False
		s12_l0 = False
		s12_l1 = False
		s13_evt0 = False
		s27_l0 = False
		s13_evt1 = False
		s27_l1 = False
		s13_evt2 = False
		s13_l0 = False
		s13_l1 = False
		s14_evt0 = False
		s28_l0 = False
		s14_evt1 = False
		s28_l1 = False
		s14_evt2 = False
		s14_l0 = False
		s14_l1 = False
		s15_evt0 = False
		s1_evt1 = False
		s15_l0 = False
		s16_evt0 = False
		s2_evt1 = False
		s16_l0 = False
		s17_evt0 = False
		s3_evt1 = False
		s17_l0 = False
		s4_evt1 = False
		s18_l0 = False
		s19_evt0 = False
		_J6303 = False
		_J6312 = False
		_J6318 = False
		_J6324 = False
		_EL_U_6276 = True
	Trans 4 -- 5
		_x_s4_x : s4_x
		_x_s15_x : s15_x
		_x_s9_x : s9_x
		_x_s7_x : s7_x
		_x_s28_x : s28_x
		_x_s27_x : s27_x
		_x_s10_x : s10_x
		_x_s26_x : s26_x
		_x_s3_x : s3_x
		_x_s24_x : s24_x
		_x_s23_x : s23_x
		_x_s11_x : s11_x
		_x_s22_x : s22_x
		_x_s20_x : s20_x
		_x_s18_x : s18_x
		_x_s25_x : s25_x
		_x_s12_x : s12_x
		_x_s21_x : s21_x
		_x_s19_x : s19_x
		_x_s1_x : s1_x
		_x_s2_x : s2_x
		_x_s6_x : s6_x
		_x_s8_x : s8_x
		_x_s17_x : s17_x
		_x_s5_x : s5_x
		_x_s13_x : s13_x
		_x_s16_x : s16_x
		_x_s14_x : s14_x
	State 5
		delta = 2.0
		_diverge_delta = 0.0
		s29_evt0 = False
		s29_x = 0.0
		s28_evt2 = False
		s28_evt0 = False
		s27_evt2 = False
		s27_evt0 = False
		s26_evt2 = False
		s26_evt0 = False
		s25_evt2 = False
		s24_evt2 = False
		s24_evt0 = False
		s23_evt2 = False
		s23_evt0 = False
		s22_evt2 = False
		s22_evt0 = False
		s21_evt2 = False
		s21_evt0 = False
		s20_evt2 = False
		s8_evt0 = False
		s7_l1 = False
		s7_l0 = False
		s25_evt0 = False
		s0_l0 = True
		s21_l1 = False
		s7_evt2 = False
		s0_evt2 = False
		s21_l0 = False
		s7_evt1 = False
		s0_evt1 = False
		s7_evt0 = False
		s0_evt0 = True
		s6_l1 = False
		s6_l0 = False
		s5_l1 = False
		s5_l0 = False
		s19_l1 = False
		s5_evt2 = False
		s29_evt2 = False
		bus_l0 = True
		s23_evt1 = False
		s4_l1 = False
		s4_l0 = False
		s18_l1 = False
		s4_evt2 = False
		s18_evt2 = False
		s4_evt0 = False
		s18_evt1 = False
		s22_evt1 = False
		bus_x = 0.0
		s17_evt2 = False
		s0_x = 0.0
		s25_evt1 = False
		s0_l1 = False
		s19_l0 = False
		s5_evt1 = False
		s19_evt2 = False
		s6_evt0 = False
		bus_l1 = False
		s21_evt1 = False
		s3_l1 = False
		s20_evt0 = False
		bus_evt2 = False
		s18_evt0 = False
		s5_evt0 = False
		s3_l0 = False
		s3_evt2 = False
		s17_l1 = False
		bus_evt1 = False
		s20_l1 = False
		s6_evt2 = False
		bus_j = 29
		bus_evt0 = True
		s2_l1 = False
		s1_l0 = False
		s2_l0 = False
		bus_cd_id = 0
		s20_l0 = False
		s6_evt1 = False
		s1_l1 = False
		s19_evt1 = False
		_EL_U_6280 = False
		s20_evt1 = False
		_EL_U_6283 = True
		s24_evt1 = False
		_EL_U_6278 = False
		s1_evt0 = False
		s29_l0 = False
		s15_evt1 = False
		s2_evt0 = False
		s16_evt1 = False
		s26_evt1 = False
		s3_evt0 = False
		s17_evt1 = False
		s29_l1 = True
		s15_evt2 = False
		s16_evt2 = False
		s15_l1 = False
		s1_evt2 = False
		s16_l1 = False
		s2_evt2 = False
		s22_l0 = False
		s8_evt1 = False
		s22_l1 = False
		s8_evt2 = False
		s8_l0 = False
		s8_l1 = False
		s27_evt1 = False
		s9_evt0 = False
		s23_l0 = False
		s9_evt1 = False
		s23_l1 = False
		s9_evt2 = False
		s9_l0 = False
		s9_l1 = False
		s28_evt1 = False
		s10_evt0 = False
		s24_l0 = False
		s10_evt1 = False
		s24_l1 = False
		s10_evt2 = False
		s10_l0 = False
		s10_l1 = False
		s29_evt1 = False
		s11_evt0 = False
		s25_l0 = False
		s11_evt1 = False
		s25_l1 = False
		s11_evt2 = False
		s11_l0 = False
		s11_l1 = False
		s12_evt0 = False
		s26_l0 = False
		s12_evt1 = False
		s26_l1 = False
		s12_evt2 = False
		s12_l0 = False
		s12_l1 = False
		s13_evt0 = False
		s27_l0 = False
		s13_evt1 = False
		s27_l1 = False
		s13_evt2 = False
		s13_l0 = False
		s13_l1 = False
		s14_evt0 = False
		s28_l0 = False
		s14_evt1 = False
		s28_l1 = False
		s14_evt2 = False
		s14_l0 = False
		s14_l1 = False
		s15_evt0 = False
		s1_evt1 = False
		s15_l0 = False
		s16_evt0 = False
		s2_evt1 = False
		s16_l0 = False
		s17_evt0 = False
		s3_evt1 = False
		s17_l0 = False
		s4_evt1 = False
		s18_l0 = False
		s19_evt0 = False
		_J6303 = True
		_J6312 = False
		_J6318 = False
		_J6324 = True
		_EL_U_6276 = True
	Trans 5 -- 6
		_x_s4_x : (s4_x + 2.0)
		_x_s15_x : (s15_x + 2.0)
		_x_s9_x : (s9_x + 2.0)
		_x_s7_x : (s7_x + 2.0)
		_x_s28_x : (s28_x + 2.0)
		_x_s27_x : (s27_x + 2.0)
		_x_s10_x : (s10_x + 2.0)
		_x_s26_x : (s26_x + 2.0)
		_x_s3_x : (s3_x + 2.0)
		_x_s24_x : (s24_x + 2.0)
		_x_s23_x : (s23_x + 2.0)
		_x_s11_x : (s11_x + 2.0)
		_x_s22_x : (s22_x + 2.0)
		_x_s20_x : (s20_x + 2.0)
		_x_s18_x : (s18_x + 2.0)
		_x_s25_x : (s25_x + 2.0)
		_x_s12_x : (s12_x + 2.0)
		_x_s21_x : (s21_x + 2.0)
		_x_s19_x : (s19_x + 2.0)
		_x_s1_x : (s1_x + 2.0)
		_x_s2_x : (s2_x + 2.0)
		_x_s6_x : (s6_x + 2.0)
		_x_s8_x : (s8_x + 2.0)
		_x_s17_x : (s17_x + 2.0)
		_x_s5_x : (s5_x + 2.0)
		_x_s13_x : (s13_x + 2.0)
		_x_s16_x : (s16_x + 2.0)
		_x_s14_x : (s14_x + 2.0)
	State 6
		delta = 0.0
		_diverge_delta = 2.0
		s29_evt0 = True
		s29_x = 2.0
		s28_evt2 = False
		s28_evt0 = False
		s27_evt2 = False
		s27_evt0 = False
		s26_evt2 = False
		s26_evt0 = False
		s25_evt2 = False
		s24_evt2 = False
		s24_evt0 = False
		s23_evt2 = False
		s23_evt0 = False
		s22_evt2 = False
		s22_evt0 = False
		s21_evt2 = False
		s21_evt0 = False
		s20_evt2 = False
		s8_evt0 = False
		s7_l1 = False
		s7_l0 = False
		s25_evt0 = False
		s0_l0 = True
		s21_l1 = False
		s7_evt2 = False
		s0_evt2 = False
		s21_l0 = False
		s7_evt1 = False
		s0_evt1 = False
		s7_evt0 = False
		s0_evt0 = False
		s6_l1 = False
		s6_l0 = False
		s5_l1 = False
		s5_l0 = False
		s19_l1 = False
		s5_evt2 = False
		s29_evt2 = False
		bus_l0 = True
		s23_evt1 = False
		s4_l1 = False
		s4_l0 = False
		s18_l1 = False
		s4_evt2 = False
		s18_evt2 = False
		s4_evt0 = False
		s18_evt1 = False
		s22_evt1 = False
		bus_x = 2.0
		s17_evt2 = False
		s0_x = 2.0
		s25_evt1 = False
		s0_l1 = False
		s19_l0 = False
		s5_evt1 = False
		s19_evt2 = False
		s6_evt0 = False
		bus_l1 = False
		s21_evt1 = False
		s3_l1 = False
		s20_evt0 = False
		bus_evt2 = False
		s18_evt0 = False
		s5_evt0 = False
		s3_l0 = False
		s3_evt2 = False
		s17_l1 = False
		bus_evt1 = False
		s20_l1 = False
		s6_evt2 = False
		bus_j = 29
		bus_evt0 = True
		s2_l1 = False
		s1_l0 = False
		s2_l0 = False
		bus_cd_id = 29
		s20_l0 = False
		s6_evt1 = False
		s1_l1 = False
		s19_evt1 = False
		_EL_U_6280 = False
		s20_evt1 = False
		_EL_U_6283 = True
		s24_evt1 = False
		_EL_U_6278 = False
		s1_evt0 = False
		s29_l0 = False
		s15_evt1 = False
		s2_evt0 = False
		s16_evt1 = False
		s26_evt1 = False
		s3_evt0 = False
		s17_evt1 = False
		s29_l1 = True
		s15_evt2 = False
		s16_evt2 = False
		s15_l1 = False
		s1_evt2 = False
		s16_l1 = False
		s2_evt2 = False
		s22_l0 = False
		s8_evt1 = False
		s22_l1 = False
		s8_evt2 = False
		s8_l0 = False
		s8_l1 = False
		s27_evt1 = False
		s9_evt0 = False
		s23_l0 = False
		s9_evt1 = False
		s23_l1 = False
		s9_evt2 = False
		s9_l0 = False
		s9_l1 = False
		s28_evt1 = False
		s10_evt0 = False
		s24_l0 = False
		s10_evt1 = False
		s24_l1 = False
		s10_evt2 = False
		s10_l0 = False
		s10_l1 = False
		s29_evt1 = False
		s11_evt0 = False
		s25_l0 = False
		s11_evt1 = False
		s25_l1 = False
		s11_evt2 = False
		s11_l0 = False
		s11_l1 = False
		s12_evt0 = False
		s26_l0 = False
		s12_evt1 = False
		s26_l1 = False
		s12_evt2 = False
		s12_l0 = False
		s12_l1 = False
		s13_evt0 = False
		s27_l0 = False
		s13_evt1 = False
		s27_l1 = False
		s13_evt2 = False
		s13_l0 = False
		s13_l1 = False
		s14_evt0 = False
		s28_l0 = False
		s14_evt1 = False
		s28_l1 = False
		s14_evt2 = False
		s14_l0 = False
		s14_l1 = False
		s15_evt0 = False
		s1_evt1 = False
		s15_l0 = False
		s16_evt0 = False
		s2_evt1 = False
		s16_l0 = False
		s17_evt0 = False
		s3_evt1 = False
		s17_l0 = False
		s4_evt1 = False
		s18_l0 = False
		s19_evt0 = False
		_J6303 = True
		_J6312 = False
		_J6318 = False
		_J6324 = True
		_EL_U_6276 = True
	Trans 6 -- 7
		_x_s4_x : s4_x
		_x_s15_x : s15_x
		_x_s9_x : s9_x
		_x_s7_x : s7_x
		_x_s28_x : s28_x
		_x_s27_x : s27_x
		_x_s10_x : s10_x
		_x_s26_x : s26_x
		_x_s3_x : s3_x
		_x_s24_x : s24_x
		_x_s23_x : s23_x
		_x_s11_x : s11_x
		_x_s22_x : s22_x
		_x_s20_x : s20_x
		_x_s18_x : s18_x
		_x_s25_x : s25_x
		_x_s12_x : s12_x
		_x_s21_x : s21_x
		_x_s19_x : s19_x
		_x_s1_x : s1_x
		_x_s2_x : s2_x
		_x_s6_x : s6_x
		_x_s8_x : s8_x
		_x_s17_x : s17_x
		_x_s5_x : s5_x
		_x_s13_x : s13_x
		_x_s16_x : s16_x
		_x_s14_x : s14_x
	State 7
		delta = 0.0
		_diverge_delta = 0.0
		s29_evt0 = False
		s29_x = 0.0
		s28_evt2 = False
		s28_evt0 = False
		s27_evt2 = False
		s27_evt0 = False
		s26_evt2 = False
		s26_evt0 = False
		s25_evt2 = False
		s24_evt2 = False
		s24_evt0 = False
		s23_evt2 = False
		s23_evt0 = False
		s22_evt2 = False
		s22_evt0 = False
		s21_evt2 = False
		s21_evt0 = False
		s20_evt2 = False
		s8_evt0 = False
		s7_l1 = False
		s7_l0 = False
		s25_evt0 = False
		s0_l0 = True
		s21_l1 = False
		s7_evt2 = False
		s0_evt2 = True
		s21_l0 = False
		s7_evt1 = False
		s0_evt1 = False
		s7_evt0 = False
		s0_evt0 = False
		s6_l1 = False
		s6_l0 = False
		s5_l1 = False
		s5_l0 = False
		s19_l1 = False
		s5_evt2 = False
		s29_evt2 = False
		bus_l0 = True
		s23_evt1 = False
		s4_l1 = False
		s4_l0 = False
		s18_l1 = False
		s4_evt2 = False
		s18_evt2 = False
		s4_evt0 = False
		s18_evt1 = False
		s22_evt1 = False
		bus_x = 0.0
		s17_evt2 = False
		s0_x = 2.0
		s25_evt1 = False
		s0_l1 = False
		s19_l0 = False
		s5_evt1 = False
		s19_evt2 = False
		s6_evt0 = False
		bus_l1 = True
		s21_evt1 = False
		s3_l1 = False
		s20_evt0 = False
		bus_evt2 = True
		s18_evt0 = False
		s5_evt0 = False
		s3_l0 = False
		s3_evt2 = False
		s17_l1 = False
		bus_evt1 = False
		s20_l1 = False
		s6_evt2 = False
		bus_j = 30
		bus_evt0 = False
		s2_l1 = False
		s1_l0 = False
		s2_l0 = False
		bus_cd_id = 28
		s20_l0 = False
		s6_evt1 = False
		s1_l1 = False
		s19_evt1 = False
		_EL_U_6280 = False
		s20_evt1 = False
		_EL_U_6283 = True
		s24_evt1 = False
		_EL_U_6278 = False
		s1_evt0 = False
		s29_l0 = True
		s15_evt1 = False
		s2_evt0 = False
		s16_evt1 = False
		s26_evt1 = False
		s3_evt0 = False
		s17_evt1 = False
		s29_l1 = False
		s15_evt2 = False
		s16_evt2 = False
		s15_l1 = False
		s1_evt2 = False
		s16_l1 = False
		s2_evt2 = False
		s22_l0 = False
		s8_evt1 = False
		s22_l1 = False
		s8_evt2 = False
		s8_l0 = False
		s8_l1 = False
		s27_evt1 = False
		s9_evt0 = False
		s23_l0 = False
		s9_evt1 = False
		s23_l1 = False
		s9_evt2 = False
		s9_l0 = False
		s9_l1 = False
		s28_evt1 = False
		s10_evt0 = False
		s24_l0 = False
		s10_evt1 = False
		s24_l1 = False
		s10_evt2 = False
		s10_l0 = False
		s10_l1 = False
		s29_evt1 = False
		s11_evt0 = False
		s25_l0 = False
		s11_evt1 = False
		s25_l1 = False
		s11_evt2 = False
		s11_l0 = False
		s11_l1 = False
		s12_evt0 = False
		s26_l0 = False
		s12_evt1 = False
		s26_l1 = False
		s12_evt2 = False
		s12_l0 = False
		s12_l1 = False
		s13_evt0 = False
		s27_l0 = False
		s13_evt1 = False
		s27_l1 = False
		s13_evt2 = False
		s13_l0 = False
		s13_l1 = False
		s14_evt0 = False
		s28_l0 = False
		s14_evt1 = False
		s28_l1 = False
		s14_evt2 = False
		s14_l0 = False
		s14_l1 = False
		s15_evt0 = False
		s1_evt1 = False
		s15_l0 = False
		s16_evt0 = False
		s2_evt1 = False
		s16_l0 = False
		s17_evt0 = False
		s3_evt1 = False
		s17_l0 = False
		s4_evt1 = False
		s18_l0 = False
		s19_evt0 = False
		_J6303 = True
		_J6312 = False
		_J6318 = True
		_J6324 = True
		_EL_U_6276 = True
	Trans 7 -- 8
		_x_s4_x : s4_x
		_x_s15_x : s15_x
		_x_s9_x : s9_x
		_x_s7_x : s7_x
		_x_s28_x : s28_x
		_x_s27_x : s27_x
		_x_s10_x : s10_x
		_x_s26_x : s26_x
		_x_s3_x : s3_x
		_x_s24_x : s24_x
		_x_s23_x : s23_x
		_x_s11_x : s11_x
		_x_s22_x : s22_x
		_x_s20_x : s20_x
		_x_s18_x : s18_x
		_x_s25_x : s25_x
		_x_s12_x : s12_x
		_x_s21_x : s21_x
		_x_s19_x : s19_x
		_x_s1_x : s1_x
		_x_s2_x : s2_x
		_x_s6_x : s6_x
		_x_s8_x : s8_x
		_x_s17_x : s17_x
		_x_s5_x : s5_x
		_x_s13_x : s13_x
		_x_s16_x : s16_x
		_x_s14_x : s14_x
	State 8
		delta = 0.0
		_diverge_delta = 0.0
		s29_evt0 = False
		s29_x = 0.0
		s28_evt2 = False
		s28_evt0 = False
		s27_evt2 = False
		s27_evt0 = False
		s26_evt2 = False
		s26_evt0 = False
		s25_evt2 = False
		s24_evt2 = False
		s24_evt0 = False
		s23_evt2 = False
		s23_evt0 = False
		s22_evt2 = False
		s22_evt0 = False
		s21_evt2 = False
		s21_evt0 = False
		s20_evt2 = False
		s8_evt0 = False
		s7_l1 = False
		s7_l0 = False
		s25_evt0 = False
		s0_l0 = False
		s21_l1 = False
		s7_evt2 = False
		s0_evt2 = False
		s21_l0 = False
		s7_evt1 = False
		s0_evt1 = False
		s7_evt0 = False
		s0_evt0 = False
		s6_l1 = False
		s6_l0 = False
		s5_l1 = False
		s5_l0 = False
		s19_l1 = False
		s5_evt2 = False
		s29_evt2 = True
		bus_l0 = False
		s23_evt1 = False
		s4_l1 = False
		s4_l0 = False
		s18_l1 = False
		s4_evt2 = False
		s18_evt2 = False
		s4_evt0 = False
		s18_evt1 = False
		s22_evt1 = False
		bus_x = 0.0
		s17_evt2 = False
		s0_x = 0.0
		s25_evt1 = False
		s0_l1 = True
		s19_l0 = False
		s5_evt1 = False
		s19_evt2 = False
		s6_evt0 = False
		bus_l1 = True
		s21_evt1 = False
		s3_l1 = False
		s20_evt0 = False
		bus_evt2 = True
		s18_evt0 = False
		s5_evt0 = False
		s3_l0 = False
		s3_evt2 = False
		s17_l1 = False
		bus_evt1 = False
		s20_l1 = False
		s6_evt2 = False
		bus_j = 0
		bus_evt0 = False
		s2_l1 = False
		s1_l0 = False
		s2_l0 = False
		bus_cd_id = 29
		s20_l0 = False
		s6_evt1 = False
		s1_l1 = False
		s19_evt1 = False
		_EL_U_6280 = False
		s20_evt1 = False
		_EL_U_6283 = True
		s24_evt1 = False
		_EL_U_6278 = False
		s1_evt0 = False
		s29_l0 = True
		s15_evt1 = False
		s2_evt0 = False
		s16_evt1 = False
		s26_evt1 = False
		s3_evt0 = False
		s17_evt1 = False
		s29_l1 = False
		s15_evt2 = False
		s16_evt2 = False
		s15_l1 = False
		s1_evt2 = False
		s16_l1 = False
		s2_evt2 = False
		s22_l0 = False
		s8_evt1 = False
		s22_l1 = False
		s8_evt2 = False
		s8_l0 = False
		s8_l1 = False
		s27_evt1 = False
		s9_evt0 = False
		s23_l0 = False
		s9_evt1 = False
		s23_l1 = False
		s9_evt2 = False
		s9_l0 = False
		s9_l1 = False
		s28_evt1 = False
		s10_evt0 = False
		s24_l0 = False
		s10_evt1 = False
		s24_l1 = False
		s10_evt2 = False
		s10_l0 = False
		s10_l1 = False
		s29_evt1 = False
		s11_evt0 = False
		s25_l0 = False
		s11_evt1 = False
		s25_l1 = False
		s11_evt2 = False
		s11_l0 = False
		s11_l1 = False
		s12_evt0 = False
		s26_l0 = False
		s12_evt1 = False
		s26_l1 = False
		s12_evt2 = False
		s12_l0 = False
		s12_l1 = False
		s13_evt0 = False
		s27_l0 = False
		s13_evt1 = False
		s27_l1 = False
		s13_evt2 = False
		s13_l0 = False
		s13_l1 = False
		s14_evt0 = False
		s28_l0 = False
		s14_evt1 = False
		s28_l1 = False
		s14_evt2 = False
		s14_l0 = False
		s14_l1 = False
		s15_evt0 = False
		s1_evt1 = False
		s15_l0 = False
		s16_evt0 = False
		s2_evt1 = False
		s16_l0 = False
		s17_evt0 = False
		s3_evt1 = False
		s17_l0 = False
		s4_evt1 = False
		s18_l0 = False
		s19_evt0 = False
		_J6303 = True
		_J6312 = False
		_J6318 = True
		_J6324 = True
		_EL_U_6276 = True
	Trans 8 -- 3
		_x_s4_x : s4_x
		_x_s15_x : s15_x
		_x_s9_x : s9_x
		_x_s7_x : s7_x
		_x_s28_x : s28_x
		_x_s27_x : s27_x
		_x_s10_x : s10_x
		_x_s26_x : s26_x
		_x_s3_x : s3_x
		_x_s24_x : s24_x
		_x_s23_x : s23_x
		_x_s11_x : s11_x
		_x_s22_x : s22_x
		_x_s20_x : s20_x
		_x_s18_x : s18_x
		_x_s25_x : s25_x
		_x_s12_x : s12_x
		_x_s21_x : s21_x
		_x_s19_x : s19_x
		_x_s1_x : s1_x
		_x_s2_x : s2_x
		_x_s6_x : s6_x
		_x_s8_x : s8_x
		_x_s17_x : s17_x
		_x_s5_x : s5_x
		_x_s13_x : s13_x
		_x_s16_x : s16_x
		_x_s14_x : s14_x
	End do-while
	State 8
		delta = 0.0
		_diverge_delta = 0.0
		s29_evt0 = False
		s29_x = 0.0
		s28_evt2 = False
		s28_evt0 = False
		s27_evt2 = False
		s27_evt0 = False
		s26_evt2 = False
		s26_evt0 = False
		s25_evt2 = False
		s24_evt2 = False
		s24_evt0 = False
		s23_evt2 = False
		s23_evt0 = False
		s22_evt2 = False
		s22_evt0 = False
		s21_evt2 = False
		s21_evt0 = False
		s20_evt2 = False
		s8_evt0 = False
		s7_l1 = False
		s7_l0 = False
		s25_evt0 = False
		s0_l0 = False
		s21_l1 = False
		s7_evt2 = False
		s0_evt2 = False
		s21_l0 = False
		s7_evt1 = False
		s0_evt1 = False
		s7_evt0 = False
		s0_evt0 = False
		s6_l1 = False
		s6_l0 = False
		s5_l1 = False
		s5_l0 = False
		s19_l1 = False
		s5_evt2 = False
		s29_evt2 = True
		bus_l0 = False
		s23_evt1 = False
		s4_l1 = False
		s4_l0 = False
		s18_l1 = False
		s4_evt2 = False
		s18_evt2 = False
		s4_evt0 = False
		s18_evt1 = False
		s22_evt1 = False
		bus_x = 0.0
		s17_evt2 = False
		s0_x = 0.0
		s25_evt1 = False
		s0_l1 = True
		s19_l0 = False
		s5_evt1 = False
		s19_evt2 = False
		s6_evt0 = False
		bus_l1 = True
		s21_evt1 = False
		s3_l1 = False
		s20_evt0 = False
		bus_evt2 = True
		s18_evt0 = False
		s5_evt0 = False
		s3_l0 = False
		s3_evt2 = False
		s17_l1 = False
		bus_evt1 = False
		s20_l1 = False
		s6_evt2 = False
		bus_j = 0
		bus_evt0 = False
		s2_l1 = False
		s1_l0 = False
		s2_l0 = False
		bus_cd_id = 29
		s20_l0 = False
		s6_evt1 = False
		s1_l1 = False
		s19_evt1 = False
		_EL_U_6280 = False
		s20_evt1 = False
		_EL_U_6283 = True
		s24_evt1 = False
		_EL_U_6278 = False
		s1_evt0 = False
		s29_l0 = True
		s15_evt1 = False
		s2_evt0 = False
		s16_evt1 = False
		s26_evt1 = False
		s3_evt0 = False
		s17_evt1 = False
		s29_l1 = False
		s15_evt2 = False
		s16_evt2 = False
		s15_l1 = False
		s1_evt2 = False
		s16_l1 = False
		s2_evt2 = False
		s22_l0 = False
		s8_evt1 = False
		s22_l1 = False
		s8_evt2 = False
		s8_l0 = False
		s8_l1 = False
		s27_evt1 = False
		s9_evt0 = False
		s23_l0 = False
		s9_evt1 = False
		s23_l1 = False
		s9_evt2 = False
		s9_l0 = False
		s9_l1 = False
		s28_evt1 = False
		s10_evt0 = False
		s24_l0 = False
		s10_evt1 = False
		s24_l1 = False
		s10_evt2 = False
		s10_l0 = False
		s10_l1 = False
		s29_evt1 = False
		s11_evt0 = False
		s25_l0 = False
		s11_evt1 = False
		s25_l1 = False
		s11_evt2 = False
		s11_l0 = False
		s11_l1 = False
		s12_evt0 = False
		s26_l0 = False
		s12_evt1 = False
		s26_l1 = False
		s12_evt2 = False
		s12_l0 = False
		s12_l1 = False
		s13_evt0 = False
		s27_l0 = False
		s13_evt1 = False
		s27_l1 = False
		s13_evt2 = False
		s13_l0 = False
		s13_l1 = False
		s14_evt0 = False
		s28_l0 = False
		s14_evt1 = False
		s28_l1 = False
		s14_evt2 = False
		s14_l0 = False
		s14_l1 = False
		s15_evt0 = False
		s1_evt1 = False
		s15_l0 = False
		s16_evt0 = False
		s2_evt1 = False
		s16_l0 = False
		s17_evt0 = False
		s3_evt1 = False
		s17_l0 = False
		s4_evt1 = False
		s18_l0 = False
		s19_evt0 = False
		_J6303 = True
		_J6312 = False
		_J6318 = True
		_J6324 = True
		_EL_U_6276 = True
		((-1.0 * s21_x) < -404.0)
		((-1.0 * s2_x) < -404.0)
		((-1.0 * s23_x) < -404.0)
		((-1.0 * s20_x) < -404.0)
		((-1.0 * s3_x) < -404.0)
		((-1.0 * s4_x) < -404.0)
		((-1.0 * s22_x) < -404.0)
		((-1.0 * s5_x) < -404.0)
		((-1.0 * s6_x) < -404.0)
		((((-1.0 * s4_x) + (-1.0 * s15_x) + (-1.0 * s7_x) + s28_x + (-1.0 * s27_x) + (-1.0 * s10_x) + (-1.0 * s26_x) + (-1.0 * s3_x) + (-1.0 * s24_x) + (-1.0 * s23_x) + (-1.0 * s11_x) + (-1.0 * s22_x) + (-1.0 * s20_x) + (-1.0 * s18_x) + (-1.0 * s25_x) + (-1.0 * s12_x) + (-1.0 * s19_x) + (-1.0 * s1_x) + (-1.0 * s2_x) + (-1.0 * s6_x) + (-1.0 * s17_x) + (-1.0 * s5_x) + s13_x + (-1.0 * s16_x) + (-1.0 * s14_x) + 17921/2) - (s8_x * 17/16)) <= 0.0)
		((-1.0 * s24_x) < -404.0)
		((-1.0 * s7_x) < -404.0)
		((-1.0 * s12_x) < -404.0)
		((-1.0 * s25_x) < -404.0)
		((-1.0 * s8_x) < -404.0)
		((-1.0 * s13_x) < -404.0)
		((-1.0 * s26_x) < -404.0)
		((-1.0 * s14_x) < -404.0)
		((-1.0 * s9_x) < -404.0)
		((-1.0 * s15_x) < -404.0)
		((-1.0 * s27_x) < -404.0)
		((-1.0 * s10_x) < -404.0)
		((-1.0 * s16_x) < -404.0)
		((-1.0 * s28_x) < -404.0)
		((-1.0 * s17_x) < -404.0)
		((-1.0 * s11_x) < -404.0)
		((-1.0 * s18_x) < -404.0)
		((-1.0 * s1_x) < -404.0)
		((-1.0 * s19_x) < -404.0)
	Trans 8 -- 9
		_x_s4_x = s4_x
		_x_s15_x = s15_x
		_x_s9_x = s9_x
		_x_s7_x = s7_x
		_x_s28_x = s28_x
		_x_s27_x = s27_x
		_x_s10_x = s10_x
		_x_s26_x = s26_x
		_x_s3_x = s3_x
		_x_s24_x = s24_x
		_x_s23_x = s23_x
		_x_s11_x = s11_x
		_x_s22_x = s22_x
		_x_s20_x = s20_x
		_x_s18_x = s18_x
		_x_s25_x = s25_x
		_x_s12_x = s12_x
		_x_s21_x = s21_x
		_x_s19_x = s19_x
		_x_s1_x = s1_x
		_x_s2_x = s2_x
		_x_s6_x = s6_x
		_x_s8_x = s8_x
		_x_s17_x = s17_x
		_x_s5_x = s5_x
		_x_s13_x = s13_x
		_x_s16_x = s16_x
		_x_s14_x = s14_x
	starting from: {delta: 0.0, _diverge_delta: 0.0, s29_evt0: False, s29_x: 0.0, s28_evt2: False, s28_evt0: False, s28_x: 809/2, s27_evt2: False, s27_evt0: False, s27_x: 809/2, s26_evt2: False, s26_evt0: False, s26_x: 809/2, s25_evt2: False, s24_evt2: False, s24_evt0: False, s24_x: 809/2, s23_evt2: False, s23_evt0: False, s23_x: 809/2, s22_evt2: False, s22_evt0: False, s22_x: 809/2, s21_evt2: False, s21_evt0: False, s20_evt2: False, s8_evt0: False, s7_l1: False, s7_l0: False, s25_evt0: False, s0_l0: False, s21_l1: False, s7_evt2: False, s21_x: 809/2, s0_evt2: False, s19_x: 809/2, s21_l0: False, s7_evt1: False, s0_evt1: False, s7_evt0: False, s0_evt0: True, s6_l1: False, s6_l0: False, s5_l1: False, s5_l0: False, s19_l1: False, s5_evt2: False, s29_evt2: False, bus_l0: True, s17_x: 809/2, s23_evt1: False, s5_x: 809/2, s4_l1: False, s4_l0: False, s18_l1: False, s4_evt2: False, s16_x: 809/2, s18_evt2: False, s4_evt0: False, s18_evt1: False, s22_evt1: False, s4_x: 809/2, bus_x: 0.0, s15_x: 809/2, s17_evt2: False, s0_x: 0.0, s25_evt1: False, s0_l1: True, s7_x: 809/2, s19_l0: False, s5_evt1: False, s19_evt2: False, s6_evt0: False, bus_l1: False, s21_evt1: False, s3_x: 809/2, s3_l1: False, s20_evt0: False, bus_evt2: False, s18_evt0: False, s5_evt0: False, s3_l0: False, s3_evt2: False, s17_l1: False, bus_evt1: False, s20_l1: False, s6_evt2: False, s20_x: 809/2, bus_j: 0, s18_x: 809/2, s25_x: 809/2, bus_evt0: True, s2_l1: False, s1_l0: False, s2_l0: False, bus_cd_id: 0, s20_l0: False, s6_evt1: False, s1_l1: False, s19_evt1: False, s1_x: 809/2, s20_evt1: False, s2_x: 809/2, s24_evt1: False, s6_x: 809/2, s1_evt0: False, s29_l0: False, s15_evt1: False, s2_evt0: False, s16_evt1: False, s26_evt1: False, s8_x: 809/2, s3_evt0: False, s17_evt1: False, s29_l1: True, s15_evt2: False, s16_evt2: False, s15_l1: False, s1_evt2: False, s13_x: 809/2, s16_l1: False, s2_evt2: False, s14_x: 809/2, s22_l0: False, s8_evt1: False, s22_l1: False, s8_evt2: False, s8_l0: False, s8_l1: False, s27_evt1: False, s9_x: 809/2, s9_evt0: False, s23_l0: False, s9_evt1: False, s23_l1: False, s9_evt2: False, s9_l0: False, s9_l1: False, s28_evt1: False, s10_x: 809/2, s10_evt0: False, s24_l0: False, s10_evt1: False, s24_l1: False, s10_evt2: False, s10_l0: False, s10_l1: False, s29_evt1: False, s11_x: 809/2, s11_evt0: False, s25_l0: False, s11_evt1: False, s25_l1: False, s11_evt2: False, s11_l0: False, s11_l1: False, s12_x: 809/2, s12_evt0: False, s26_l0: False, s12_evt1: False, s26_l1: False, s12_evt2: False, s12_l0: False, s12_l1: False, s13_evt0: False, s27_l0: False, s13_evt1: False, s27_l1: False, s13_evt2: False, s13_l0: False, s13_l1: False, s14_evt0: False, s28_l0: False, s14_evt1: False, s28_l1: False, s14_evt2: False, s14_l0: False, s14_l1: False, s15_evt0: False, s1_evt1: False, s15_l0: False, s16_evt0: False, s2_evt1: False, s16_l0: False, s17_evt0: False, s3_evt1: False, s17_l0: False, s4_evt1: False, s18_l0: False, s19_evt0: False, _J6303: True, _J6312: True, _J6318: True, _J6324: True, _EL_U_6280: False, _EL_U_6283: True, _EL_U_6276: True, _EL_U_6278: False}

end of `csma_0030`: SUCCESS in 466.49640917778015s
