

run 1/1: `csma_0016`

	Found non-termination argument:
	Do states 3..8 while ((s1_x + s5_x + s6_x + s12_x + s8_x + s4_x + s15_x + s13_x + s7_x + s14_x + s2_x + s3_x + s9_x + s10_x + -5671.0) < 0.0)
	State 3
		delta = 0.0
		_diverge_delta = 0.0
		s15_l0 = False
		s15_evt0 = False
		s14_l1 = False
		s14_l0 = False
		s14_evt2 = False
		s14_evt1 = False
		s14_evt0 = False
		s13_l1 = False
		s13_l0 = False
		s13_evt2 = False
		s13_evt1 = False
		s13_evt0 = False
		s12_l1 = False
		s12_l0 = False
		s12_evt2 = False
		s12_evt1 = False
		s12_evt0 = False
		s11_l1 = True
		s11_l0 = False
		s11_evt2 = False
		s11_evt1 = False
		s11_evt0 = False
		s11_x = 0.0
		s10_l1 = False
		s10_l0 = False
		s10_evt2 = False
		s10_evt1 = False
		s10_evt0 = False
		_EL_U_3120 = True
		s9_l1 = False
		s9_l0 = False
		s9_evt2 = False
		s9_evt1 = False
		s9_evt0 = False
		_EL_U_3124 = False
		s8_l1 = False
		s8_l0 = False
		s8_evt2 = False
		s8_evt1 = False
		s2_evt2 = False
		s1_evt2 = False
		s2_evt1 = False
		s15_evt2 = False
		s1_evt1 = False
		s3_evt0 = False
		s2_evt0 = False
		s15_evt1 = False
		s1_evt0 = False
		s1_l1 = False
		s6_evt1 = False
		bus_cd_id = 0
		s2_l0 = False
		s15_l1 = False
		s1_l0 = False
		s2_l1 = False
		bus_evt0 = True
		bus_j = 0
		s6_evt2 = False
		bus_evt1 = False
		s3_l0 = False
		s5_evt0 = False
		bus_evt2 = False
		s3_l1 = False
		bus_l1 = False
		s5_evt1 = False
		s0_x = 0.0
		s3_evt1 = False
		s3_evt2 = False
		bus_x = 0.0
		s4_evt0 = False
		s4_evt1 = False
		s4_evt2 = False
		s4_l0 = False
		s4_l1 = False
		bus_l0 = True
		s5_evt2 = False
		s5_l0 = False
		s5_l1 = False
		s6_evt0 = False
		s6_l0 = False
		s6_l1 = False
		s0_evt0 = True
		s7_evt0 = False
		s0_evt1 = False
		s7_evt1 = False
		s0_evt2 = False
		s7_evt2 = False
		s0_l0 = False
		s7_l0 = False
		s0_l1 = True
		s7_l1 = False
		s8_evt0 = False
		_J3147 = True
		_J3156 = True
		_J3162 = True
		_J3168 = True
		_EL_U_3122 = False
		_EL_U_3127 = True
		((-1.0 * s12_x) < -404.0)
		((-1.0 * s6_x) < -404.0)
		((-1.0 * s7_x) < -404.0)
		((-1.0 * s13_x) < -404.0)
		((-1.0 * s1_x) < -404.0)
		((-1.0 * s8_x) < -404.0)
		((-1.0 * s2_x) < -404.0)
		((-1.0 * s9_x) < -404.0)
		((-1.0 * s15_x) <= -404.0)
		((-1.0 * s14_x) < -404.0)
		((-1.0 * s3_x) < -404.0)
		((-1.0 * s10_x) < -404.0)
		((-1.0 * s4_x) < -404.0)
		((-1.0 * s15_x) < -404.0)
		((-1.0 * s5_x) < -404.0)
	Trans 3 -- 4
		_x_s10_x : s10_x
		_x_s9_x : s9_x
		_x_s3_x : s3_x
		_x_s2_x : s2_x
		_x_s14_x : s14_x
		_x_s7_x : s7_x
		_x_s13_x : s13_x
		_x_s15_x : s15_x
		_x_s4_x : s4_x
		_x_s8_x : s8_x
		_x_s12_x : s12_x
		_x_s6_x : s6_x
		_x_s5_x : s5_x
		_x_s1_x : s1_x
	State 4
		delta = 0.0
		_diverge_delta = 0.0
		s15_l0 = False
		s15_evt0 = False
		s14_l1 = False
		s14_l0 = False
		s14_evt2 = False
		s14_evt1 = False
		s14_evt0 = False
		s13_l1 = False
		s13_l0 = False
		s13_evt2 = False
		s13_evt1 = False
		s13_evt0 = False
		s12_l1 = False
		s12_l0 = False
		s12_evt2 = False
		s12_evt1 = False
		s12_evt0 = False
		s11_l1 = True
		s11_l0 = False
		s11_evt2 = False
		s11_evt1 = False
		s11_evt0 = True
		s11_x = 0.0
		s10_l1 = False
		s10_l0 = False
		s10_evt2 = False
		s10_evt1 = False
		s10_evt0 = False
		_EL_U_3120 = True
		s9_l1 = False
		s9_l0 = False
		s9_evt2 = False
		s9_evt1 = False
		s9_evt0 = False
		_EL_U_3124 = False
		s8_l1 = False
		s8_l0 = False
		s8_evt2 = False
		s8_evt1 = False
		s2_evt2 = False
		s1_evt2 = False
		s2_evt1 = False
		s15_evt2 = False
		s1_evt1 = False
		s3_evt0 = False
		s2_evt0 = False
		s15_evt1 = False
		s1_evt0 = False
		s1_l1 = False
		s6_evt1 = False
		bus_cd_id = 11
		s2_l0 = False
		s15_l1 = False
		s1_l0 = False
		s2_l1 = False
		bus_evt0 = True
		bus_j = 1
		s6_evt2 = False
		bus_evt1 = False
		s3_l0 = False
		s5_evt0 = False
		bus_evt2 = False
		s3_l1 = False
		bus_l1 = True
		s5_evt1 = False
		s0_x = 0.0
		s3_evt1 = False
		s3_evt2 = False
		bus_x = 0.0
		s4_evt0 = False
		s4_evt1 = False
		s4_evt2 = False
		s4_l0 = False
		s4_l1 = False
		bus_l0 = True
		s5_evt2 = False
		s5_l0 = False
		s5_l1 = False
		s6_evt0 = False
		s6_l0 = False
		s6_l1 = False
		s0_evt0 = False
		s7_evt0 = False
		s0_evt1 = False
		s7_evt1 = False
		s0_evt2 = False
		s7_evt2 = False
		s0_l0 = True
		s7_l0 = False
		s0_l1 = False
		s7_l1 = False
		s8_evt0 = False
		_J3147 = False
		_J3156 = False
		_J3162 = False
		_J3168 = False
		_EL_U_3122 = False
		_EL_U_3127 = True
	Trans 4 -- 5
		_x_s10_x : s10_x
		_x_s9_x : s9_x
		_x_s3_x : s3_x
		_x_s2_x : s2_x
		_x_s14_x : s14_x
		_x_s7_x : s7_x
		_x_s13_x : s13_x
		_x_s15_x : s15_x
		_x_s4_x : s4_x
		_x_s8_x : s8_x
		_x_s12_x : s12_x
		_x_s6_x : s6_x
		_x_s5_x : s5_x
		_x_s1_x : s1_x
	State 5
		delta = 1.0
		_diverge_delta = 0.0
		s15_l0 = False
		s15_evt0 = False
		s14_l1 = False
		s14_l0 = False
		s14_evt2 = False
		s14_evt1 = False
		s14_evt0 = False
		s13_l1 = False
		s13_l0 = False
		s13_evt2 = False
		s13_evt1 = False
		s13_evt0 = False
		s12_l1 = False
		s12_l0 = False
		s12_evt2 = False
		s12_evt1 = False
		s12_evt0 = False
		s11_l1 = False
		s11_l0 = True
		s11_evt2 = False
		s11_evt1 = False
		s11_evt0 = False
		s11_x = 0.0
		s10_l1 = False
		s10_l0 = False
		s10_evt2 = False
		s10_evt1 = False
		s10_evt0 = False
		_EL_U_3120 = True
		s9_l1 = False
		s9_l0 = False
		s9_evt2 = False
		s9_evt1 = False
		s9_evt0 = False
		_EL_U_3124 = False
		s8_l1 = False
		s8_l0 = False
		s8_evt2 = True
		s8_evt1 = False
		s2_evt2 = False
		s1_evt2 = False
		s2_evt1 = False
		s15_evt2 = False
		s1_evt1 = False
		s3_evt0 = False
		s2_evt0 = False
		s15_evt1 = False
		s1_evt0 = False
		s1_l1 = False
		s6_evt1 = False
		bus_cd_id = 0
		s2_l0 = False
		s15_l1 = False
		s1_l0 = False
		s2_l1 = False
		bus_evt0 = True
		bus_j = 0
		s6_evt2 = False
		bus_evt1 = False
		s3_l0 = False
		s5_evt0 = False
		bus_evt2 = False
		s3_l1 = False
		bus_l1 = False
		s5_evt1 = False
		s0_x = 0.0
		s3_evt1 = False
		s3_evt2 = False
		bus_x = -1.0
		s4_evt0 = False
		s4_evt1 = False
		s4_evt2 = False
		s4_l0 = False
		s4_l1 = False
		bus_l0 = True
		s5_evt2 = False
		s5_l0 = False
		s5_l1 = False
		s6_evt0 = False
		s6_l0 = False
		s6_l1 = False
		s0_evt0 = True
		s7_evt0 = False
		s0_evt1 = False
		s7_evt1 = False
		s0_evt2 = False
		s7_evt2 = False
		s0_l0 = True
		s7_l0 = False
		s0_l1 = False
		s7_l1 = False
		s8_evt0 = False
		_J3147 = True
		_J3156 = False
		_J3162 = False
		_J3168 = True
		_EL_U_3122 = False
		_EL_U_3127 = True
	Trans 5 -- 6
		_x_s10_x : (s10_x + 1.0)
		_x_s9_x : (s9_x + 1.0)
		_x_s3_x : (s3_x + 1.0)
		_x_s2_x : (s2_x + 1.0)
		_x_s14_x : (s14_x + 1.0)
		_x_s7_x : (s7_x + 1.0)
		_x_s13_x : (s13_x + 1.0)
		_x_s15_x : (s15_x + 1.0)
		_x_s4_x : (s4_x + 1.0)
		_x_s8_x : (s8_x + 1.0)
		_x_s12_x : (s12_x + 1.0)
		_x_s6_x : (s6_x + 1.0)
		_x_s5_x : (s5_x + 1.0)
		_x_s1_x : (s1_x + 1.0)
	State 6
		delta = 0.0
		_diverge_delta = 1.0
		s15_l0 = False
		s15_evt0 = False
		s14_l1 = False
		s14_l0 = False
		s14_evt2 = False
		s14_evt1 = False
		s14_evt0 = False
		s13_l1 = False
		s13_l0 = False
		s13_evt2 = False
		s13_evt1 = False
		s13_evt0 = False
		s12_l1 = False
		s12_l0 = False
		s12_evt2 = False
		s12_evt1 = False
		s12_evt0 = False
		s11_l1 = False
		s11_l0 = True
		s11_evt2 = False
		s11_evt1 = False
		s11_evt0 = False
		s11_x = 1.0
		s10_l1 = False
		s10_l0 = False
		s10_evt2 = False
		s10_evt1 = False
		s10_evt0 = False
		_EL_U_3120 = True
		s9_l1 = False
		s9_l0 = False
		s9_evt2 = False
		s9_evt1 = False
		s9_evt0 = False
		_EL_U_3124 = False
		s8_l1 = False
		s8_l0 = False
		s8_evt2 = False
		s8_evt1 = False
		s2_evt2 = False
		s1_evt2 = False
		s2_evt1 = False
		s15_evt2 = False
		s1_evt1 = False
		s3_evt0 = False
		s2_evt0 = False
		s15_evt1 = False
		s1_evt0 = False
		s1_l1 = False
		s6_evt1 = False
		bus_cd_id = 0
		s2_l0 = False
		s15_l1 = False
		s1_l0 = False
		s2_l1 = False
		bus_evt0 = True
		bus_j = 0
		s6_evt2 = False
		bus_evt1 = False
		s3_l0 = False
		s5_evt0 = False
		bus_evt2 = False
		s3_l1 = False
		bus_l1 = False
		s5_evt1 = False
		s0_x = 1.0
		s3_evt1 = False
		s3_evt2 = False
		bus_x = 0.0
		s4_evt0 = False
		s4_evt1 = False
		s4_evt2 = False
		s4_l0 = False
		s4_l1 = False
		bus_l0 = True
		s5_evt2 = False
		s5_l0 = False
		s5_l1 = False
		s6_evt0 = False
		s6_l0 = False
		s6_l1 = False
		s0_evt0 = True
		s7_evt0 = False
		s0_evt1 = False
		s7_evt1 = False
		s0_evt2 = False
		s7_evt2 = False
		s0_l0 = True
		s7_l0 = False
		s0_l1 = False
		s7_l1 = False
		s8_evt0 = False
		_J3147 = True
		_J3156 = False
		_J3162 = False
		_J3168 = True
		_EL_U_3122 = False
		_EL_U_3127 = True
	Trans 6 -- 7
		_x_s10_x : s10_x
		_x_s9_x : s9_x
		_x_s3_x : s3_x
		_x_s2_x : s2_x
		_x_s14_x : s14_x
		_x_s7_x : s7_x
		_x_s13_x : s13_x
		_x_s15_x : s15_x
		_x_s4_x : s4_x
		_x_s8_x : s8_x
		_x_s12_x : s12_x
		_x_s6_x : s6_x
		_x_s5_x : s5_x
		_x_s1_x : s1_x
	State 7
		delta = 0.0
		_diverge_delta = 0.0
		s15_l0 = False
		s15_evt0 = False
		s14_l1 = False
		s14_l0 = False
		s14_evt2 = False
		s14_evt1 = False
		s14_evt0 = False
		s13_l1 = False
		s13_l0 = False
		s13_evt2 = False
		s13_evt1 = False
		s13_evt0 = False
		s12_l1 = False
		s12_l0 = False
		s12_evt2 = False
		s12_evt1 = False
		s12_evt0 = False
		s11_l1 = False
		s11_l0 = True
		s11_evt2 = False
		s11_evt1 = False
		s11_evt0 = False
		s11_x = 1.0
		s10_l1 = False
		s10_l0 = False
		s10_evt2 = False
		s10_evt1 = False
		s10_evt0 = False
		_EL_U_3120 = True
		s9_l1 = False
		s9_l0 = False
		s9_evt2 = False
		s9_evt1 = False
		s9_evt0 = False
		_EL_U_3124 = False
		s8_l1 = False
		s8_l0 = False
		s8_evt2 = False
		s8_evt1 = False
		s2_evt2 = False
		s1_evt2 = False
		s2_evt1 = False
		s15_evt2 = False
		s1_evt1 = False
		s3_evt0 = False
		s2_evt0 = False
		s15_evt1 = False
		s1_evt0 = False
		s1_l1 = False
		s6_evt1 = False
		bus_cd_id = 0
		s2_l0 = False
		s15_l1 = False
		s1_l0 = False
		s2_l1 = False
		bus_evt0 = False
		bus_j = 1
		s6_evt2 = False
		bus_evt1 = False
		s3_l0 = False
		s5_evt0 = False
		bus_evt2 = True
		s3_l1 = False
		bus_l1 = True
		s5_evt1 = False
		s0_x = 0.0
		s3_evt1 = False
		s3_evt2 = False
		bus_x = 0.0
		s4_evt0 = False
		s4_evt1 = False
		s4_evt2 = False
		s4_l0 = False
		s4_l1 = False
		bus_l0 = True
		s5_evt2 = False
		s5_l0 = False
		s5_l1 = False
		s6_evt0 = False
		s6_l0 = False
		s6_l1 = False
		s0_evt0 = False
		s7_evt0 = False
		s0_evt1 = False
		s7_evt1 = False
		s0_evt2 = True
		s7_evt2 = False
		s0_l0 = True
		s7_l0 = False
		s0_l1 = False
		s7_l1 = False
		s8_evt0 = False
		_J3147 = True
		_J3156 = False
		_J3162 = True
		_J3168 = True
		_EL_U_3122 = False
		_EL_U_3127 = True
	Trans 7 -- 8
		_x_s10_x : s10_x
		_x_s9_x : s9_x
		_x_s3_x : s3_x
		_x_s2_x : s2_x
		_x_s14_x : s14_x
		_x_s7_x : s7_x
		_x_s13_x : s13_x
		_x_s15_x : s15_x
		_x_s4_x : s4_x
		_x_s8_x : s8_x
		_x_s12_x : s12_x
		_x_s6_x : s6_x
		_x_s5_x : s5_x
		_x_s1_x : s1_x
	State 8
		delta = 0.0
		_diverge_delta = 0.0
		s15_l0 = False
		s15_evt0 = False
		s14_l1 = False
		s14_l0 = False
		s14_evt2 = False
		s14_evt1 = False
		s14_evt0 = False
		s13_l1 = False
		s13_l0 = False
		s13_evt2 = False
		s13_evt1 = False
		s13_evt0 = False
		s12_l1 = False
		s12_l0 = False
		s12_evt2 = False
		s12_evt1 = False
		s12_evt0 = False
		s11_l1 = False
		s11_l0 = True
		s11_evt2 = True
		s11_evt1 = False
		s11_evt0 = False
		s11_x = 1.0
		s10_l1 = False
		s10_l0 = False
		s10_evt2 = False
		s10_evt1 = False
		s10_evt0 = False
		_EL_U_3120 = True
		s9_l1 = False
		s9_l0 = False
		s9_evt2 = False
		s9_evt1 = False
		s9_evt0 = False
		_EL_U_3124 = False
		s8_l1 = False
		s8_l0 = False
		s8_evt2 = False
		s8_evt1 = False
		s2_evt2 = False
		s1_evt2 = False
		s2_evt1 = False
		s15_evt2 = False
		s1_evt1 = False
		s3_evt0 = False
		s2_evt0 = False
		s15_evt1 = False
		s1_evt0 = False
		s1_l1 = False
		s6_evt1 = False
		bus_cd_id = 0
		s2_l0 = False
		s15_l1 = False
		s1_l0 = False
		s2_l1 = False
		bus_evt0 = False
		bus_j = 0
		s6_evt2 = False
		bus_evt1 = False
		s3_l0 = False
		s5_evt0 = False
		bus_evt2 = True
		s3_l1 = False
		bus_l1 = True
		s5_evt1 = False
		s0_x = 0.0
		s3_evt1 = False
		s3_evt2 = False
		bus_x = 0.0
		s4_evt0 = False
		s4_evt1 = False
		s4_evt2 = False
		s4_l0 = False
		s4_l1 = False
		bus_l0 = False
		s5_evt2 = False
		s5_l0 = False
		s5_l1 = False
		s6_evt0 = False
		s6_l0 = False
		s6_l1 = False
		s0_evt0 = False
		s7_evt0 = False
		s0_evt1 = False
		s7_evt1 = False
		s0_evt2 = False
		s7_evt2 = False
		s0_l0 = False
		s7_l0 = False
		s0_l1 = True
		s7_l1 = False
		s8_evt0 = False
		_J3147 = True
		_J3156 = False
		_J3162 = True
		_J3168 = True
		_EL_U_3122 = False
		_EL_U_3127 = True
	Trans 8 -- 3
		_x_s10_x : s10_x
		_x_s9_x : s9_x
		_x_s3_x : s3_x
		_x_s2_x : s2_x
		_x_s14_x : s14_x
		_x_s7_x : s7_x
		_x_s13_x : s13_x
		_x_s15_x : s15_x
		_x_s4_x : s4_x
		_x_s8_x : s8_x
		_x_s12_x : s12_x
		_x_s6_x : s6_x
		_x_s5_x : s5_x
		_x_s1_x : s1_x
	End do-while
	State 8
		delta = 0.0
		_diverge_delta = 0.0
		s15_l0 = False
		s15_evt0 = False
		s14_l1 = False
		s14_l0 = False
		s14_evt2 = False
		s14_evt1 = False
		s14_evt0 = False
		s13_l1 = False
		s13_l0 = False
		s13_evt2 = False
		s13_evt1 = False
		s13_evt0 = False
		s12_l1 = False
		s12_l0 = False
		s12_evt2 = False
		s12_evt1 = False
		s12_evt0 = False
		s11_l1 = False
		s11_l0 = True
		s11_evt2 = True
		s11_evt1 = False
		s11_evt0 = False
		s11_x = 1.0
		s10_l1 = False
		s10_l0 = False
		s10_evt2 = False
		s10_evt1 = False
		s10_evt0 = False
		_EL_U_3120 = True
		s9_l1 = False
		s9_l0 = False
		s9_evt2 = False
		s9_evt1 = False
		s9_evt0 = False
		_EL_U_3124 = False
		s8_l1 = False
		s8_l0 = False
		s8_evt2 = False
		s8_evt1 = False
		s2_evt2 = False
		s1_evt2 = False
		s2_evt1 = False
		s15_evt2 = False
		s1_evt1 = False
		s3_evt0 = False
		s2_evt0 = False
		s15_evt1 = False
		s1_evt0 = False
		s1_l1 = False
		s6_evt1 = False
		bus_cd_id = 0
		s2_l0 = False
		s15_l1 = False
		s1_l0 = False
		s2_l1 = False
		bus_evt0 = False
		bus_j = 0
		s6_evt2 = False
		bus_evt1 = False
		s3_l0 = False
		s5_evt0 = False
		bus_evt2 = True
		s3_l1 = False
		bus_l1 = True
		s5_evt1 = False
		s0_x = 0.0
		s3_evt1 = False
		s3_evt2 = False
		bus_x = 0.0
		s4_evt0 = False
		s4_evt1 = False
		s4_evt2 = False
		s4_l0 = False
		s4_l1 = False
		bus_l0 = False
		s5_evt2 = False
		s5_l0 = False
		s5_l1 = False
		s6_evt0 = False
		s6_l0 = False
		s6_l1 = False
		s0_evt0 = False
		s7_evt0 = False
		s0_evt1 = False
		s7_evt1 = False
		s0_evt2 = False
		s7_evt2 = False
		s0_l0 = False
		s7_l0 = False
		s0_l1 = True
		s7_l1 = False
		s8_evt0 = False
		_J3147 = True
		_J3156 = False
		_J3162 = True
		_J3168 = True
		_EL_U_3122 = False
		_EL_U_3127 = True
		((-1.0 * s12_x) < -404.0)
		((-1.0 * s6_x) < -404.0)
		((-1.0 * s7_x) < -404.0)
		((-1.0 * s13_x) < -404.0)
		((-1.0 * s1_x) < -404.0)
		((-1.0 * s8_x) < -404.0)
		((-1.0 * s2_x) < -404.0)
		((-1.0 * s9_x) < -404.0)
		((-1.0 * s15_x) <= -404.0)
		((-1.0 * s14_x) < -404.0)
		((-1.0 * s3_x) < -404.0)
		((-1.0 * s10_x) < -404.0)
		((-1.0 * s4_x) < -404.0)
		((-1.0 * s15_x) < -404.0)
		((-1.0 * s5_x) < -404.0)
		(((-1.0 * s10_x) + (-1.0 * s9_x) + (-1.0 * s3_x) + (-1.0 * s2_x) + (-1.0 * s14_x) + (-1.0 * s7_x) + (-1.0 * s13_x) + (-1.0 * s15_x) + (-1.0 * s4_x) + (-1.0 * s8_x) + (-1.0 * s12_x) + (-1.0 * s6_x) + (-1.0 * s5_x) + (-1.0 * s1_x) + 5671.0) <= 0.0)
	Trans 8 -- 9
		_x_s10_x = s10_x
		_x_s9_x = s9_x
		_x_s3_x = s3_x
		_x_s2_x = s2_x
		_x_s14_x = s14_x
		_x_s7_x = s7_x
		_x_s13_x = s13_x
		_x_s15_x = s15_x
		_x_s4_x = s4_x
		_x_s8_x = s8_x
		_x_s12_x = s12_x
		_x_s6_x = s6_x
		_x_s5_x = s5_x
		_x_s1_x = s1_x
	starting from: {delta: 0.0, _diverge_delta: 0.0, s15_l0: False, s15_evt0: False, s14_l1: False, s14_l0: False, s14_evt2: False, s14_evt1: False, s14_evt0: False, s13_l1: False, s13_l0: False, s13_evt2: False, s13_evt1: False, s13_evt0: False, s12_l1: False, s12_l0: False, s12_evt2: False, s12_evt1: False, s12_evt0: False, s12_x: 71024/31, s11_l1: True, s11_l0: False, s11_evt2: False, s11_evt1: False, s11_evt0: False, s11_x: 0.0, s10_l1: False, s10_l0: False, s10_evt2: False, s10_evt1: False, s10_evt0: False, s10_x: 71024/31, s9_l1: False, s9_l0: False, s9_evt2: False, s9_evt1: False, s9_evt0: False, s9_x: 71024/31, s8_l1: False, s8_l0: False, s8_evt2: False, s8_evt1: False, s14_x: 71024/31, s2_evt2: False, s13_x: 71024/31, s1_evt2: False, s2_evt1: False, s15_evt2: False, s1_evt1: False, s3_evt0: False, s8_x: 71024/31, s2_evt0: False, s15_evt1: False, s1_evt0: False, s6_x: 71024/31, s2_x: 71024/31, s1_x: 71024/31, s1_l1: False, s6_evt1: False, bus_cd_id: 0, s2_l0: False, s15_l1: False, s1_l0: False, s2_l1: False, bus_evt0: True, bus_j: 0, s6_evt2: False, bus_evt1: False, s3_l0: False, s5_evt0: False, bus_evt2: False, s3_l1: False, s3_x: 71024/31, bus_l1: False, s5_evt1: False, s7_x: 71024/31, s0_x: 0.0, s3_evt1: False, s15_x: 71024/31, s3_evt2: False, bus_x: 0.0, s4_x: 71024/31, s4_evt0: False, s4_evt1: False, s4_evt2: False, s4_l0: False, s4_l1: False, s5_x: 71024/31, bus_l0: True, s5_evt2: False, s5_l0: False, s5_l1: False, s6_evt0: False, s6_l0: False, s6_l1: False, s0_evt0: True, s7_evt0: False, s0_evt1: False, s7_evt1: False, s0_evt2: False, s7_evt2: False, s0_l0: False, s7_l0: False, s0_l1: True, s7_l1: False, s8_evt0: False, _J3147: True, _J3156: True, _J3162: True, _J3168: True, _EL_U_3120: True, _EL_U_3122: False, _EL_U_3124: False, _EL_U_3127: True}

end of `csma_0016`: SUCCESS in 198.67479419708252s
