F3 run `csma_0020`

	Found non-termination argument:
	State 11
		_diverge_delta = 0.0
		bus_x = 0.0
		delta = 0.0
		bus_cd_id = 6
		s0_x = 0.0
		s0_evt1 = False
		s0_evt0 = False
		s11_l1 = False
		s0_evt2 = False
		s11_l0 = False
		s2_l1 = False
		s2_l0 = False
		bus_evt1 = False
		bus_evt0 = True
		bus_evt2 = False
		s18_l1 = False
		s19_evt1 = False
		s18_l0 = False
		s19_evt0 = False
		s19_evt2 = False
		s9_l1 = False
		s9_l0 = False
		s0_l1 = False
		s0_l0 = True
		s18_evt1 = False
		s18_evt0 = False
		s18_evt2 = False
		s17_evt1 = False
		s17_evt0 = False
		s16_l1 = False
		s17_evt2 = False
		s16_l0 = False
		s7_l1 = False
		s16_evt1 = False
		s7_l0 = False
		s16_evt0 = False
		s16_evt2 = False
		s15_evt1 = False
		s15_evt0 = False
		s15_evt2 = False
		_J4010 = True
		_J4004 = True
		s14_l1 = False
		_J3998 = True
		s14_l0 = False
		s14_evt1 = False
		_J3989 = True
		s14_evt0 = False
		_EL_U_3962 = True
		s14_evt2 = False
		s5_l1 = False
		s5_l0 = False
		_EL_U_3964 = False
		_EL_U_3966 = False
		_EL_U_3969 = False
		s13_evt1 = False
		s13_evt0 = False
		s13_evt2 = False
		s12_evt1 = False
		s12_evt0 = False
		s12_l1 = False
		s12_evt2 = False
		s12_l0 = False
		s3_l1 = False
		s11_evt1 = False
		s3_l0 = False
		s11_evt0 = False
		s11_evt2 = False
		s10_evt1 = False
		s19_l1 = False
		s10_evt0 = False
		s19_l0 = False
		s10_evt2 = False
		s10_l1 = False
		s10_l0 = False
		s9_evt1 = False
		s9_evt0 = False
		bus_l1 = True
		s9_evt2 = False
		s1_l1 = False
		s1_l0 = False
		bus_l0 = True
		s8_evt1 = False
		s8_evt0 = False
		s8_evt2 = False
		bus_j = 1
		s17_l1 = False
		s17_l0 = False
		s7_evt1 = False
		s7_evt0 = False
		s8_l1 = False
		s7_evt2 = False
		s8_l0 = False
		s6_evt1 = False
		s6_evt0 = True
		s6_evt2 = False
		s5_evt1 = False
		s15_l1 = False
		s5_evt0 = False
		s15_l0 = False
		s5_evt2 = False
		s6_l1 = True
		s6_l0 = False
		s4_evt1 = False
		s4_evt0 = False
		s4_evt2 = False
		s3_evt1 = False
		s3_evt0 = False
		s3_evt2 = False
		s13_l1 = False
		s13_l0 = False
		s2_evt1 = False
		s2_evt0 = False
		s4_l1 = False
		s2_evt2 = False
		s4_l0 = False
		s1_evt1 = False
		s1_evt0 = False
		s1_evt2 = False
		((-1.0 * s17_x) < -146833/376)
		((-1.0 * s18_x) < -146833/376)
		((-1.0 * s7_x) < -146833/376)
		((-1.0 * s3_x) < -146833/376)
		((-1.0 * s10_x) < -146833/376)
		(s6_x <= 26.0)
		((-1.0 * s2_x) < -146833/376)
		((-1.0 * s5_x) < -404.0)
		((-1.0 * s14_x) < -146833/376)
		((-1.0 * s11_x) < -404.0)
		((-1.0 * s15_x) < -404.0)
		((-1.0 * s19_x) < -404.0)
		((-1.0 * s9_x) < -146833/376)
		((-1.0 * s7_x) < -404.0)
		((-1.0 * s2_x) < -404.0)
		((-1.0 * s12_x) < -404.0)
		((-1.0 * s12_x) < -146833/376)
		((-1.0 * s16_x) < -404.0)
		((-1.0 * s12_x) < -70881/188)
		((-1.0 * s8_x) < -404.0)
		((-1.0 * s15_x) < -70881/188)
		((-1.0 * s3_x) < -404.0)
		((-1.0 * s5_x) < -146833/376)
		((-1.0 * s9_x) < -404.0)
		((-1.0 * s8_x) < -70881/188)
		((-1.0 * s13_x) < -404.0)
		((-1.0 * s5_x) < -70881/188)
		((-1.0 * s17_x) < -404.0)
		((-1.0 * s1_x) < -146833/376)
		((-1.0 * s10_x) < -404.0)
		((-1.0 * s1_x) < -70881/188)
		((-1.0 * s14_x) < -404.0)
		((-1.0 * s17_x) < -70881/188)
		((-1.0 * s1_x) < -404.0)
		((-1.0 * s13_x) < -146833/376)
		((-1.0 * s4_x) < -404.0)
		((-1.0 * s13_x) < -70881/188)
		((-1.0 * s18_x) < -404.0)
		((-1.0 * s18_x) < -70881/188)
		((-1.0 * s6_x) < 0.0)
		((-1.0 * s16_x) < -146833/376)
		((-1.0 * s16_x) < -70881/188)
		((-1.0 * s7_x) < -70881/188)
		((-1.0 * s11_x) < -70881/188)
		((-1.0 * s11_x) < -146833/376)
		((-1.0 * s3_x) < -70881/188)
		((-1.0 * s4_x) < -70881/188)
		((-1.0 * s4_x) < -146833/376)
		((-1.0 * s10_x) < -70881/188)
		((-1.0 * s19_x) < -70881/188)
		((-1.0 * s19_x) < -146833/376)
		((-1.0 * s2_x) < -70881/188)
		((-1.0 * s14_x) < -70881/188)
		((-1.0 * s9_x) < -70881/188)
		((-1.0 * s15_x) < -146833/376)
		((-1.0 * s8_x) < -146833/376)
		((7/3 - (s4_x * 2/593)) <= 0.0)
	Trans 11 -- 12
		_x_s15_x = s15_x
		_x_s18_x = s18_x
		_x_s13_x = s13_x
		_x_s4_x = s4_x
		_x_s12_x = s12_x
		_x_s11_x = s11_x
		_x_s17_x = s17_x
		_x_s10_x = s10_x
		_x_s16_x = s16_x
		_x_s9_x = s9_x
		_x_s14_x = s14_x
		_x_s6_x = 0.0
		_x_s8_x = s8_x
		_x_s7_x = s7_x
		_x_s5_x = s5_x
		_x_s3_x = s3_x
		_x_s2_x = s2_x
		_x_s19_x = s19_x
		_x_s1_x = s1_x
	State 12
		_diverge_delta = 0.0
		bus_x = -5/2
		delta = 19/8
		bus_cd_id = 0
		s0_x = 0.0
		s0_evt1 = False
		s0_evt0 = False
		s11_l1 = False
		s0_evt2 = False
		s11_l0 = False
		s2_l1 = False
		s2_l0 = False
		bus_evt1 = False
		bus_evt0 = False
		bus_evt2 = False
		s18_l1 = False
		s19_evt1 = False
		s18_l0 = False
		s19_evt0 = False
		s19_evt2 = False
		s9_l1 = False
		s9_l0 = False
		s0_l1 = False
		s0_l0 = True
		s18_evt1 = False
		s18_evt0 = False
		s18_evt2 = False
		s17_evt1 = False
		s17_evt0 = False
		s16_l1 = False
		s17_evt2 = False
		s16_l0 = False
		s7_l1 = False
		s16_evt1 = False
		s7_l0 = False
		s16_evt0 = False
		s16_evt2 = False
		s15_evt1 = False
		s15_evt0 = False
		s15_evt2 = False
		_J4010 = False
		_J4004 = False
		s14_l1 = False
		_J3998 = False
		s14_l0 = False
		s14_evt1 = False
		_J3989 = False
		s14_evt0 = False
		_EL_U_3962 = True
		s14_evt2 = False
		s5_l1 = False
		s5_l0 = False
		_EL_U_3964 = False
		_EL_U_3966 = False
		_EL_U_3969 = False
		s13_evt1 = False
		s13_evt0 = False
		s13_evt2 = False
		s12_evt1 = False
		s12_evt0 = False
		s12_l1 = False
		s12_evt2 = False
		s12_l0 = False
		s3_l1 = False
		s11_evt1 = False
		s3_l0 = False
		s11_evt0 = False
		s11_evt2 = False
		s10_evt1 = False
		s19_l1 = False
		s10_evt0 = False
		s19_l0 = False
		s10_evt2 = False
		s10_l1 = False
		s10_l0 = False
		s9_evt1 = False
		s9_evt0 = False
		bus_l1 = True
		s9_evt2 = False
		s1_l1 = False
		s1_l0 = False
		bus_l0 = False
		s8_evt1 = False
		s8_evt0 = False
		s8_evt2 = False
		bus_j = 0
		s17_l1 = False
		s17_l0 = False
		s7_evt1 = False
		s7_evt0 = False
		s8_l1 = False
		s7_evt2 = False
		s8_l0 = False
		s6_evt1 = False
		s6_evt0 = False
		s6_evt2 = False
		s5_evt1 = False
		s15_l1 = False
		s5_evt0 = False
		s15_l0 = False
		s5_evt2 = False
		s6_l1 = False
		s6_l0 = True
		s4_evt1 = False
		s4_evt0 = False
		s4_evt2 = False
		s3_evt1 = False
		s3_evt0 = False
		s3_evt2 = False
		s13_l1 = False
		s13_l0 = False
		s2_evt1 = False
		s2_evt0 = False
		s4_l1 = False
		s2_evt2 = False
		s4_l0 = False
		s1_evt1 = False
		s1_evt0 = False
		s1_evt2 = False
	Trans 12 -- 13
		_x_s11_x = (s11_x + 19/8)
		_x_s19_x = (s19_x + 19/8)
		_x_s1_x = (s1_x + 19/8)
		_x_s10_x = (s10_x + 19/8)
		_x_s18_x = (s18_x + 19/8)
		_x_s9_x = (s9_x + 19/8)
		_x_s8_x = (s8_x + 19/8)
		_x_s4_x = (s4_x + 19/8)
		_x_s7_x = (s7_x + 19/8)
		_x_s5_x = (s5_x + 19/8)
		_x_s17_x = (s17_x + 19/8)
		_x_s6_x = (s6_x + 19/8)
		_x_s15_x = (s15_x + 19/8)
		_x_s16_x = (s16_x + 19/8)
		_x_s13_x = (s13_x + 19/8)
		_x_s3_x = (s3_x + 19/8)
		_x_s14_x = (s14_x + 19/8)
		_x_s12_x = (s12_x + 19/8)
		_x_s2_x = (s2_x + 19/8)
	State 13
		_diverge_delta = 19/8
		bus_x = -1/8
		delta = 0.0
		bus_cd_id = 0
		s0_x = 19/8
		s0_evt1 = False
		s0_evt0 = False
		s11_l1 = False
		s0_evt2 = False
		s11_l0 = False
		s2_l1 = False
		s2_l0 = False
		bus_evt1 = False
		bus_evt0 = False
		bus_evt2 = True
		s18_l1 = False
		s19_evt1 = False
		s18_l0 = False
		s19_evt0 = False
		s19_evt2 = False
		s9_l1 = False
		s9_l0 = False
		s0_l1 = False
		s0_l0 = True
		s18_evt1 = False
		s18_evt0 = False
		s18_evt2 = False
		s17_evt1 = False
		s17_evt0 = False
		s16_l1 = False
		s17_evt2 = False
		s16_l0 = False
		s7_l1 = False
		s16_evt1 = False
		s7_l0 = False
		s16_evt0 = False
		s16_evt2 = False
		s15_evt1 = False
		s15_evt0 = False
		s15_evt2 = False
		_J4010 = True
		_J4004 = False
		s14_l1 = False
		_J3998 = True
		s14_l0 = False
		s14_evt1 = False
		_J3989 = True
		s14_evt0 = False
		_EL_U_3962 = True
		s14_evt2 = False
		s5_l1 = False
		s5_l0 = False
		_EL_U_3964 = False
		_EL_U_3966 = False
		_EL_U_3969 = False
		s13_evt1 = False
		s13_evt0 = False
		s13_evt2 = False
		s12_evt1 = False
		s12_evt0 = False
		s12_l1 = False
		s12_evt2 = False
		s12_l0 = False
		s3_l1 = False
		s11_evt1 = False
		s3_l0 = False
		s11_evt0 = False
		s11_evt2 = False
		s10_evt1 = False
		s19_l1 = False
		s10_evt0 = False
		s19_l0 = False
		s10_evt2 = False
		s10_l1 = False
		s10_l0 = False
		s9_evt1 = False
		s9_evt0 = False
		bus_l1 = True
		s9_evt2 = False
		s1_l1 = False
		s1_l0 = False
		bus_l0 = False
		s8_evt1 = False
		s8_evt0 = False
		s8_evt2 = False
		bus_j = 0
		s17_l1 = False
		s17_l0 = False
		s7_evt1 = False
		s7_evt0 = False
		s8_l1 = False
		s7_evt2 = False
		s8_l0 = False
		s6_evt1 = False
		s6_evt0 = False
		s6_evt2 = True
		s5_evt1 = False
		s15_l1 = False
		s5_evt0 = False
		s15_l0 = False
		s5_evt2 = False
		s6_l1 = False
		s6_l0 = True
		s4_evt1 = False
		s4_evt0 = False
		s4_evt2 = False
		s3_evt1 = False
		s3_evt0 = False
		s3_evt2 = False
		s13_l1 = False
		s13_l0 = False
		s2_evt1 = False
		s2_evt0 = False
		s4_l1 = False
		s2_evt2 = False
		s4_l0 = False
		s1_evt1 = False
		s1_evt0 = False
		s1_evt2 = False
	Trans 13 -- 14
		_x_s15_x = s15_x
		_x_s18_x = s18_x
		_x_s13_x = s13_x
		_x_s4_x = s4_x
		_x_s12_x = s12_x
		_x_s11_x = s11_x
		_x_s17_x = s17_x
		_x_s10_x = s10_x
		_x_s16_x = s16_x
		_x_s9_x = s9_x
		_x_s14_x = s14_x
		_x_s6_x = 0.0
		_x_s8_x = s8_x
		_x_s7_x = s7_x
		_x_s5_x = s5_x
		_x_s3_x = s3_x
		_x_s2_x = s2_x
		_x_s19_x = s19_x
		_x_s1_x = s1_x
	State 14
		_diverge_delta = 0.0
		bus_x = 0.0
		delta = 7/8
		bus_cd_id = 0
		s0_x = 19/8
		s0_evt1 = False
		s0_evt0 = False
		s11_l1 = False
		s0_evt2 = False
		s11_l0 = False
		s2_l1 = False
		s2_l0 = False
		bus_evt1 = False
		bus_evt0 = False
		bus_evt2 = False
		s18_l1 = False
		s19_evt1 = True
		s18_l0 = False
		s19_evt0 = False
		s19_evt2 = True
		s9_l1 = False
		s9_l0 = False
		s0_l1 = False
		s0_l0 = True
		s18_evt1 = True
		s18_evt0 = False
		s18_evt2 = True
		s17_evt1 = False
		s17_evt0 = False
		s16_l1 = False
		s17_evt2 = False
		s16_l0 = False
		s7_l1 = False
		s16_evt1 = False
		s7_l0 = False
		s16_evt0 = False
		s16_evt2 = False
		s15_evt1 = False
		s15_evt0 = False
		s15_evt2 = False
		_J4010 = True
		_J4004 = True
		s14_l1 = False
		_J3998 = True
		s14_l0 = False
		s14_evt1 = True
		_J3989 = True
		s14_evt0 = False
		_EL_U_3962 = True
		s14_evt2 = True
		s5_l1 = False
		s5_l0 = False
		_EL_U_3964 = False
		_EL_U_3966 = False
		_EL_U_3969 = False
		s13_evt1 = False
		s13_evt0 = False
		s13_evt2 = False
		s12_evt1 = False
		s12_evt0 = False
		s12_l1 = False
		s12_evt2 = False
		s12_l0 = False
		s3_l1 = False
		s11_evt1 = True
		s3_l0 = False
		s11_evt0 = False
		s11_evt2 = True
		s10_evt1 = False
		s19_l1 = False
		s10_evt0 = False
		s19_l0 = False
		s10_evt2 = False
		s10_l1 = False
		s10_l0 = False
		s9_evt1 = False
		s9_evt0 = False
		bus_l1 = False
		s9_evt2 = False
		s1_l1 = False
		s1_l0 = False
		bus_l0 = True
		s8_evt1 = True
		s8_evt0 = False
		s8_evt2 = True
		bus_j = 0
		s17_l1 = False
		s17_l0 = False
		s7_evt1 = False
		s7_evt0 = False
		s8_l1 = False
		s7_evt2 = False
		s8_l0 = False
		s6_evt1 = True
		s6_evt0 = False
		s6_evt2 = True
		s5_evt1 = True
		s15_l1 = False
		s5_evt0 = False
		s15_l0 = False
		s5_evt2 = True
		s6_l1 = True
		s6_l0 = False
		s4_evt1 = True
		s4_evt0 = False
		s4_evt2 = True
		s3_evt1 = True
		s3_evt0 = False
		s3_evt2 = True
		s13_l1 = False
		s13_l0 = False
		s2_evt1 = False
		s2_evt0 = False
		s4_l1 = False
		s2_evt2 = False
		s4_l0 = False
		s1_evt1 = False
		s1_evt0 = False
		s1_evt2 = False
	Trans 14 -- 15
		_x_s8_x = (s8_x + 7/8)
		_x_s4_x = (s4_x + 7/8)
		_x_s7_x = (s7_x + 7/8)
		_x_s5_x = (s5_x + 7/8)
		_x_s17_x = (s17_x + 7/8)
		_x_s6_x = (s6_x + 7/8)
		_x_s15_x = (s15_x + 7/8)
		_x_s16_x = (s16_x + 7/8)
		_x_s3_x = (s3_x + 7/8)
		_x_s13_x = (s13_x + 7/8)
		_x_s14_x = (s14_x + 7/8)
		_x_s2_x = (s2_x + 7/8)
		_x_s12_x = (s12_x + 7/8)
		_x_s19_x = (s19_x + 7/8)
		_x_s11_x = (s11_x + 7/8)
		_x_s1_x = (s1_x + 7/8)
		_x_s10_x = (s10_x + 7/8)
		_x_s18_x = (s18_x + 7/8)
		_x_s9_x = (s9_x + 7/8)
	State 15
		_diverge_delta = 7/8
		bus_x = 7/8
		delta = 3849/376
		bus_cd_id = 0
		s0_x = 13/4
		s0_evt1 = False
		s0_evt0 = False
		s11_l1 = False
		s0_evt2 = False
		s11_l0 = False
		s2_l1 = False
		s2_l0 = False
		bus_evt1 = False
		bus_evt0 = False
		bus_evt2 = False
		s18_l1 = False
		s19_evt1 = False
		s18_l0 = False
		s19_evt0 = False
		s19_evt2 = False
		s9_l1 = False
		s9_l0 = False
		s0_l1 = False
		s0_l0 = True
		s18_evt1 = False
		s18_evt0 = True
		s18_evt2 = False
		s17_evt1 = False
		s17_evt0 = False
		s16_l1 = False
		s17_evt2 = False
		s16_l0 = False
		s7_l1 = False
		s16_evt1 = False
		s7_l0 = False
		s16_evt0 = True
		s16_evt2 = False
		s15_evt1 = True
		s15_evt0 = False
		s15_evt2 = False
		_J4010 = False
		_J4004 = False
		s14_l1 = False
		_J3998 = False
		s14_l0 = False
		s14_evt1 = False
		_J3989 = False
		s14_evt0 = True
		_EL_U_3962 = True
		s14_evt2 = False
		s5_l1 = False
		s5_l0 = False
		_EL_U_3964 = False
		_EL_U_3966 = False
		_EL_U_3969 = False
		s13_evt1 = False
		s13_evt0 = True
		s13_evt2 = False
		s12_evt1 = False
		s12_evt0 = True
		s12_l1 = False
		s12_evt2 = False
		s12_l0 = False
		s3_l1 = False
		s11_evt1 = False
		s3_l0 = False
		s11_evt0 = False
		s11_evt2 = False
		s10_evt1 = False
		s19_l1 = False
		s10_evt0 = True
		s19_l0 = False
		s10_evt2 = False
		s10_l1 = False
		s10_l0 = False
		s9_evt1 = True
		s9_evt0 = False
		bus_l1 = False
		s9_evt2 = False
		s1_l1 = False
		s1_l0 = False
		bus_l0 = True
		s8_evt1 = True
		s8_evt0 = False
		s8_evt2 = False
		bus_j = 0
		s17_l1 = False
		s17_l0 = False
		s7_evt1 = True
		s7_evt0 = False
		s8_l1 = False
		s7_evt2 = True
		s8_l0 = False
		s6_evt1 = False
		s6_evt0 = False
		s6_evt2 = True
		s5_evt1 = False
		s15_l1 = False
		s5_evt0 = False
		s15_l0 = False
		s5_evt2 = False
		s6_l1 = True
		s6_l0 = False
		s4_evt1 = False
		s4_evt0 = False
		s4_evt2 = True
		s3_evt1 = False
		s3_evt0 = False
		s3_evt2 = True
		s13_l1 = False
		s13_l0 = False
		s2_evt1 = True
		s2_evt0 = False
		s4_l1 = False
		s2_evt2 = False
		s4_l0 = False
		s1_evt1 = True
		s1_evt0 = False
		s1_evt2 = True
	Trans 15 -- 16
		_x_s17_x = (s17_x + 3849/376)
		_x_s6_x = (s6_x + 3849/376)
		_x_s15_x = (s15_x + 3849/376)
		_x_s16_x = (s16_x + 3849/376)
		_x_s3_x = (s3_x + 3849/376)
		_x_s13_x = (s13_x + 3849/376)
		_x_s14_x = (s14_x + 3849/376)
		_x_s2_x = (s2_x + 3849/376)
		_x_s12_x = (s12_x + 3849/376)
		_x_s19_x = (s19_x + 3849/376)
		_x_s11_x = (s11_x + 3849/376)
		_x_s1_x = (s1_x + 3849/376)
		_x_s10_x = (s10_x + 3849/376)
		_x_s18_x = (s18_x + 3849/376)
		_x_s9_x = (s9_x + 3849/376)
		_x_s8_x = (s8_x + 3849/376)
		_x_s4_x = (s4_x + 3849/376)
		_x_s7_x = (s7_x + 3849/376)
		_x_s5_x = (s5_x + 3849/376)
	State 16
		_diverge_delta = 2089/188
		bus_x = 2089/188
		delta = 0.0
		bus_cd_id = 0
		s0_x = 5071/376
		s0_evt1 = False
		s0_evt0 = True
		s11_l1 = False
		s0_evt2 = False
		s11_l0 = False
		s2_l1 = False
		s2_l0 = False
		bus_evt1 = False
		bus_evt0 = True
		bus_evt2 = False
		s18_l1 = False
		s19_evt1 = False
		s18_l0 = False
		s19_evt0 = False
		s19_evt2 = False
		s9_l1 = False
		s9_l0 = False
		s0_l1 = False
		s0_l0 = True
		s18_evt1 = False
		s18_evt0 = False
		s18_evt2 = False
		s17_evt1 = False
		s17_evt0 = False
		s16_l1 = False
		s17_evt2 = False
		s16_l0 = False
		s7_l1 = False
		s16_evt1 = False
		s7_l0 = False
		s16_evt0 = False
		s16_evt2 = False
		s15_evt1 = False
		s15_evt0 = False
		s15_evt2 = False
		_J4010 = True
		_J4004 = False
		s14_l1 = False
		_J3998 = True
		s14_l0 = False
		s14_evt1 = False
		_J3989 = True
		s14_evt0 = False
		_EL_U_3962 = True
		s14_evt2 = False
		s5_l1 = False
		s5_l0 = False
		_EL_U_3964 = False
		_EL_U_3966 = False
		_EL_U_3969 = False
		s13_evt1 = False
		s13_evt0 = False
		s13_evt2 = False
		s12_evt1 = False
		s12_evt0 = False
		s12_l1 = False
		s12_evt2 = False
		s12_l0 = False
		s3_l1 = False
		s11_evt1 = False
		s3_l0 = False
		s11_evt0 = False
		s11_evt2 = False
		s10_evt1 = False
		s19_l1 = False
		s10_evt0 = False
		s19_l0 = False
		s10_evt2 = False
		s10_l1 = False
		s10_l0 = False
		s9_evt1 = False
		s9_evt0 = False
		bus_l1 = False
		s9_evt2 = False
		s1_l1 = False
		s1_l0 = False
		bus_l0 = True
		s8_evt1 = False
		s8_evt0 = False
		s8_evt2 = False
		bus_j = 0
		s17_l1 = False
		s17_l0 = False
		s7_evt1 = False
		s7_evt0 = False
		s8_l1 = False
		s7_evt2 = False
		s8_l0 = False
		s6_evt1 = False
		s6_evt0 = False
		s6_evt2 = False
		s5_evt1 = False
		s15_l1 = False
		s5_evt0 = False
		s15_l0 = False
		s5_evt2 = False
		s6_l1 = True
		s6_l0 = False
		s4_evt1 = False
		s4_evt0 = False
		s4_evt2 = False
		s3_evt1 = False
		s3_evt0 = False
		s3_evt2 = False
		s13_l1 = False
		s13_l0 = False
		s2_evt1 = False
		s2_evt0 = False
		s4_l1 = False
		s2_evt2 = False
		s4_l0 = False
		s1_evt1 = False
		s1_evt0 = False
		s1_evt2 = False
	Trans 16 -- 17
		_x_s15_x = s15_x
		_x_s18_x = s18_x
		_x_s13_x = s13_x
		_x_s4_x = s4_x
		_x_s12_x = s12_x
		_x_s11_x = s11_x
		_x_s17_x = s17_x
		_x_s10_x = s10_x
		_x_s16_x = s16_x
		_x_s9_x = s9_x
		_x_s14_x = s14_x
		_x_s8_x = s8_x
		_x_s7_x = s7_x
		_x_s5_x = s5_x
		_x_s6_x = s6_x
		_x_s3_x = s3_x
		_x_s2_x = s2_x
		_x_s19_x = s19_x
		_x_s1_x = s1_x
	starting from: s4_x : 4187677/5948, _diverge_delta : 0.0, delta : 0.0, bus_cd_id : 6, bus_evt1 : False, bus_evt0 : True, bus_evt2 : False, s18_l1 : False, s19_evt1 : False, s18_l0 : False, s19_evt0 : False, s19_evt2 : False, s9_l1 : False, s9_l0 : False, s0_l1 : False, s0_l0 : True, s18_x : 4187677/5948, s18_evt1 : False, s18_evt0 : False, s18_evt2 : False, s9_x : 4187677/5948, s0_x : 0.0, s17_evt1 : False, s17_evt0 : False, s17_evt2 : False, s16_evt1 : False, s16_evt0 : False, s16_evt2 : False, s15_evt1 : False, s15_evt0 : False, s15_evt2 : False, s14_l1 : False, s14_l0 : False, s14_evt1 : False, s14_evt0 : False, s14_evt2 : False, s5_l1 : False, s5_l0 : False, s14_x : 4187677/5948, s13_evt1 : False, s13_evt0 : False, s13_evt2 : False, s5_x : 4187677/5948, s12_evt1 : False, s12_evt0 : False, s12_evt2 : False, s11_evt1 : False, s11_evt0 : False, s11_evt2 : False, s10_evt1 : False, s19_l1 : False, s10_evt0 : False, s19_l0 : False, s10_evt2 : False, s10_l1 : False, s10_l0 : False, s9_evt1 : False, s9_evt0 : False, s19_x : 4187677/5948, s9_evt2 : False, s1_l1 : False, s1_l0 : False, s10_x : 4187677/5948, s8_evt1 : False, s8_evt0 : False, s8_evt2 : False, s1_x : 4187677/5948, s7_evt1 : False, s7_evt0 : False, s7_evt2 : False, s6_evt1 : False, s6_evt0 : True, s6_evt2 : False, s5_evt1 : False, s15_l1 : False, s5_evt0 : False, s15_l0 : False, s5_evt2 : False, s6_l1 : True, s6_l0 : False, s4_evt1 : False, s4_evt0 : False, s15_x : 4187677/5948, s4_evt2 : False, s6_x : 9/4, s3_evt1 : False, s3_evt0 : False, s3_evt2 : False, s2_evt1 : False, s2_evt0 : False, s2_evt2 : False, s1_evt1 : False, s1_evt0 : False, s1_evt2 : False, s0_evt1 : False, s0_evt0 : False, s11_l1 : False, s0_evt2 : False, s11_l0 : False, s2_l1 : False, s2_l0 : False, s11_x : 4187677/5948, s2_x : 4187677/5948, s16_l1 : False, s16_l0 : False, s7_l1 : False, s7_l0 : False, s16_x : 4187677/5948, s7_x : 4187677/5948, _J4010 : True, _J4004 : True, _J3998 : True, _J3989 : True, _EL_U_3962 : True, _EL_U_3964 : False, _EL_U_3966 : False, _EL_U_3969 : False, s12_l1 : False, s12_l0 : False, s3_l1 : False, s3_l0 : False, s12_x : 4187677/5948, s3_x : 4187677/5948, bus_l1 : True, bus_l0 : True, bus_j : 1, s17_l1 : False, s17_l0 : False, s8_l1 : False, s8_l0 : False, s17_x : 4187677/5948, s8_x : 4187677/5948, bus_x : 0.0, s13_l1 : False, s13_l0 : False, s4_l1 : False, s4_l0 : False, s13_x : 4187677/5948

end of `csma_0020`: SUCCESS in 948.4241797924042s
