

run 1/1: `csma_0005`

	Found non-termination argument:
	Do states 5..8 while (s4_x < 0.0)
	State 5
		delta = 0.0
		_diverge_delta = 0.0
		s3_l1 = True
		s3_l0 = False
		s3_evt2 = False
		s3_evt1 = False
		s0_evt2 = False
		s0_evt1 = False
		s1_l1 = False
		s2_l1 = False
		s1_l0 = False
		s2_l0 = False
		s4_l1 = False
		bus_l1 = True
		s4_evt2 = False
		bus_evt2 = False
		s4_l0 = False
		bus_l0 = True
		s4_evt1 = False
		bus_evt1 = False
		s4_evt0 = False
		bus_evt0 = True
		bus_cd_id = 3
		s2_evt1 = False
		bus_x = 0.0
		s0_x = 0.0
		bus_j = 1
		s1_evt2 = False
		s0_evt0 = False
		s2_evt2 = False
		s1_evt1 = False
		s0_l1 = False
		s0_l0 = True
		s1_evt0 = False
		s2_evt0 = False
		s3_evt0 = True
		_EL_U_1060 = False
		_J1080 = True
		_J1089 = True
		_J1095 = True
		_J1101 = True
		_EL_U_1055 = False
		_EL_U_1057 = False
		_EL_U_1053 = True
		True
		((-1.0 * s2_x) < -404.0)
		((-1.0 * s1_x) < -404.0)
		((-1.0 * s4_x) < -404.0)
		(s3_x <= 26.0)
	Trans 5 -- 6
		_x_s1_x : s1_x
		_x_s2_x : s2_x
		_x_s3_x : 0.0
		_x_s4_x : s4_x
	State 6
		delta = 0.0
		_diverge_delta = 0.0
		s3_l1 = False
		s3_l0 = True
		s3_evt2 = True
		s3_evt1 = False
		s0_evt2 = False
		s0_evt1 = False
		s1_l1 = False
		s2_l1 = False
		s1_l0 = False
		s2_l0 = False
		s4_l1 = False
		bus_l1 = True
		s4_evt2 = False
		bus_evt2 = True
		s4_l0 = False
		bus_l0 = False
		s4_evt1 = False
		bus_evt1 = False
		s4_evt0 = False
		bus_evt0 = False
		bus_cd_id = 2
		s2_evt1 = False
		bus_x = 0.0
		s0_x = 0.0
		bus_j = 0
		s1_evt2 = False
		s0_evt0 = False
		s2_evt2 = False
		s1_evt1 = False
		s0_l1 = False
		s0_l0 = True
		s1_evt0 = False
		s2_evt0 = False
		s3_evt0 = False
		_EL_U_1060 = False
		_J1080 = False
		_J1089 = False
		_J1095 = False
		_J1101 = False
		_EL_U_1055 = False
		_EL_U_1057 = False
		_EL_U_1053 = True
	Trans 6 -- 7
		_x_s1_x : s1_x
		_x_s2_x : s2_x
		_x_s3_x : 0.0
		_x_s4_x : s4_x
	State 7
		delta = 1.0
		_diverge_delta = 0.0
		s3_l1 = True
		s3_l0 = False
		s3_evt2 = False
		s3_evt1 = False
		s0_evt2 = True
		s0_evt1 = False
		s1_l1 = False
		s2_l1 = False
		s1_l0 = False
		s2_l0 = False
		s4_l1 = False
		bus_l1 = False
		s4_evt2 = False
		bus_evt2 = False
		s4_l0 = False
		bus_l0 = True
		s4_evt1 = False
		bus_evt1 = False
		s4_evt0 = False
		bus_evt0 = True
		bus_cd_id = 0
		s2_evt1 = False
		bus_x = 0.0
		s0_x = 0.0
		bus_j = 0
		s1_evt2 = False
		s0_evt0 = False
		s2_evt2 = False
		s1_evt1 = False
		s0_l1 = False
		s0_l0 = True
		s1_evt0 = True
		s2_evt0 = False
		s3_evt0 = False
		_EL_U_1060 = False
		_J1080 = True
		_J1089 = True
		_J1095 = False
		_J1101 = True
		_EL_U_1055 = False
		_EL_U_1057 = False
		_EL_U_1053 = True
	Trans 7 -- 8
		_x_s1_x : (s1_x + 1.0)
		_x_s2_x : (s2_x + 1.0)
		_x_s3_x : (s3_x + 1.0)
		_x_s4_x : (s4_x + 1.0)
	State 8
		delta = 0.0
		_diverge_delta = 1.0
		s3_l1 = True
		s3_l0 = False
		s3_evt2 = False
		s3_evt1 = False
		s0_evt2 = False
		s0_evt1 = False
		s1_l1 = False
		s2_l1 = False
		s1_l0 = False
		s2_l0 = False
		s4_l1 = False
		bus_l1 = False
		s4_evt2 = False
		bus_evt2 = False
		s4_l0 = False
		bus_l0 = True
		s4_evt1 = False
		bus_evt1 = False
		s4_evt0 = False
		bus_evt0 = True
		bus_cd_id = 0
		s2_evt1 = False
		bus_x = 1.0
		s0_x = 1.0
		bus_j = 0
		s1_evt2 = False
		s0_evt0 = True
		s2_evt2 = False
		s1_evt1 = False
		s0_l1 = False
		s0_l0 = True
		s1_evt0 = False
		s2_evt0 = False
		s3_evt0 = False
		_EL_U_1060 = False
		_J1080 = True
		_J1089 = True
		_J1095 = False
		_J1101 = True
		_EL_U_1055 = False
		_EL_U_1057 = False
		_EL_U_1053 = True
	Trans 8 -- 5
		_x_s1_x : s1_x
		_x_s2_x : s2_x
		_x_s3_x : s3_x
		_x_s4_x : s4_x
	End do-while
	State 8
		delta = 0.0
		_diverge_delta = 1.0
		s3_l1 = True
		s3_l0 = False
		s3_evt2 = False
		s3_evt1 = False
		s0_evt2 = False
		s0_evt1 = False
		s1_l1 = False
		s2_l1 = False
		s1_l0 = False
		s2_l0 = False
		s4_l1 = False
		bus_l1 = False
		s4_evt2 = False
		bus_evt2 = False
		s4_l0 = False
		bus_l0 = True
		s4_evt1 = False
		bus_evt1 = False
		s4_evt0 = False
		bus_evt0 = True
		bus_cd_id = 0
		s2_evt1 = False
		bus_x = 1.0
		s0_x = 1.0
		bus_j = 0
		s1_evt2 = False
		s0_evt0 = True
		s2_evt2 = False
		s1_evt1 = False
		s0_l1 = False
		s0_l0 = True
		s1_evt0 = False
		s2_evt0 = False
		s3_evt0 = False
		_EL_U_1060 = False
		_J1080 = True
		_J1089 = True
		_J1095 = False
		_J1101 = True
		_EL_U_1055 = False
		_EL_U_1057 = False
		_EL_U_1053 = True
		(s3_x <= 404.0)
		((-1.0 * s4_x) <= 0.0)
		((-1.0 * s2_x) < -404.0)
		((-1.0 * s1_x) < -404.0)
		((-1.0 * s4_x) < -404.0)
		(s3_x <= 26.0)
	Trans 8 -- 9
		_x_s1_x = s1_x
		_x_s2_x = s2_x
		_x_s3_x = s3_x
		_x_s4_x = s4_x
	starting from: {delta: 0.0, _diverge_delta: 0.0, s4_x: 2315539/1176, s3_l1: True, s3_l0: False, s3_evt2: False, s3_evt1: False, s0_evt2: False, s0_evt1: False, s1_l1: False, s2_l1: False, s1_l0: False, s2_l0: False, s4_l1: False, bus_l1: True, s4_evt2: False, bus_evt2: False, s4_l0: False, bus_l0: True, s4_evt1: False, bus_evt1: False, s4_evt0: False, bus_evt0: True, bus_cd_id: 3, s2_evt1: False, bus_x: 0.0, s0_x: 0.0, bus_j: 1, s1_evt2: False, s0_evt0: False, s2_evt2: False, s1_evt1: False, s0_l1: False, s0_l0: True, s1_evt0: False, s2_evt0: False, s3_evt0: True, s1_x: 2315539/1176, s2_x: 2315539/1176, s3_x: 12.0, _J1080: True, _J1089: True, _J1095: True, _J1101: True, _EL_U_1060: False, _EL_U_1055: False, _EL_U_1057: False, _EL_U_1053: True}

end of `csma_0005`: SUCCESS in 51.19513249397278s
