F3 run `csma_0010`

	Found non-termination argument:
	State 5
		bus_cd_id = 1
		_diverge_delta = 0.0
		delta = 0.0
		bus_x = 0.0
		s0_x = 0.0
		bus_j = 1
		bus_l1 = True
		s1_evt1 = False
		bus_l0 = True
		s1_l1 = True
		s1_evt0 = True
		s1_l0 = False
		s1_evt2 = False
		_J1996 = True
		_J1990 = True
		_J1984 = True
		_J1975 = True
		s9_l1 = False
		s0_evt1 = False
		s9_l0 = False
		s0_l1 = False
		s0_evt0 = False
		s0_l0 = True
		s0_evt2 = False
		_EL_U_1948 = True
		_EL_U_1950 = False
		_EL_U_1952 = False
		_EL_U_1955 = False
		bus_evt1 = False
		bus_evt0 = True
		s8_l1 = False
		bus_evt2 = False
		s8_l0 = False
		s9_evt1 = False
		s9_evt0 = False
		s9_evt2 = False
		s7_l1 = False
		s7_l0 = False
		s8_evt1 = False
		s8_evt0 = False
		s8_evt2 = False
		s6_l1 = False
		s7_evt1 = False
		s6_l0 = False
		s7_evt0 = False
		s7_evt2 = False
		s6_evt1 = False
		s5_l1 = False
		s6_evt0 = False
		s5_l0 = False
		s6_evt2 = False
		s5_evt1 = False
		s5_evt0 = False
		s5_evt2 = False
		s4_l1 = False
		s4_l0 = False
		s4_evt1 = False
		s4_evt0 = False
		s4_evt2 = False
		s3_l1 = False
		s3_l0 = False
		s3_evt1 = False
		s2_l0 = False
		s3_evt0 = False
		s3_evt2 = False
		s2_l1 = False
		s2_evt1 = False
		s2_evt0 = False
		s2_evt2 = False
		((-1.0 * s7_x) <= 26.0)
		((-1.0 * s8_x) < -378.0)
		((-1.0 * s4_x) < -391.0)
		((-1.0 * s2_x) < -378.0)
		((-1.0 * s6_x) < -378.0)
		((-1.0 * s3_x) < -391.0)
		((-1.0 * s9_x) < -378.0)
		((-1.0 * s7_x) < -378.0)
		((-1.0 * s8_x) < -391.0)
		((-1.0 * s5_x) < -378.0)
		((-1.0 * s6_x) < -391.0)
		(s1_x <= 26.0)
		((-1.0 * s9_x) < -391.0)
		((-1.0 * s5_x) <= 13.0)
		((-1.0 * s5_x) <= 0.0)
		((-1.0 * s7_x) <= 0.0)
		((-1.0 * s2_x) < -404.0)
		((-1.0 * s7_x) <= 13.0)
		((-1.0 * s9_x) < -404.0)
		((-1.0 * s7_x) < -404.0)
		((-1.0 * s5_x) < -404.0)
		((-1.0 * s4_x) < -404.0)
		((-1.0 * s2_x) < -391.0)
		((-1.0 * s3_x) < -404.0)
		((-1.0 * s8_x) < -404.0)
		((-1.0 * s4_x) < -378.0)
		((-1.0 * s6_x) < -404.0)
		((-1.0 * s5_x) <= 26.0)
		((-1.0 * s7_x) < -391.0)
		((-1.0 * s3_x) < -378.0)
		((-1.0 * s5_x) < -391.0)
		((13/4 - (s2_x * 45032360781967/6952965353288742)) <= 0.0)
	Trans 5 -- 6
		_x_s8_x = s8_x
		_x_s7_x = s7_x
		_x_s9_x = s9_x
		_x_s6_x = s6_x
		_x_s1_x = 0.0
		_x_s2_x = s2_x
		_x_s3_x = s3_x
		_x_s4_x = s4_x
		_x_s5_x = s5_x
	State 6
		bus_cd_id = 1
		_diverge_delta = 0.0
		delta = 0.0
		bus_x = 0.0
		s0_x = 0.0
		bus_j = 2
		bus_l1 = True
		s1_evt1 = False
		bus_l0 = True
		s1_l1 = False
		s1_evt0 = False
		s1_l0 = True
		s1_evt2 = True
		_J1996 = False
		_J1990 = False
		_J1984 = False
		_J1975 = False
		s9_l1 = False
		s0_evt1 = False
		s9_l0 = False
		s0_l1 = False
		s0_evt0 = False
		s0_l0 = True
		s0_evt2 = False
		_EL_U_1948 = True
		_EL_U_1950 = False
		_EL_U_1952 = False
		_EL_U_1955 = False
		bus_evt1 = False
		bus_evt0 = False
		s8_l1 = False
		bus_evt2 = True
		s8_l0 = False
		s9_evt1 = False
		s9_evt0 = False
		s9_evt2 = False
		s7_l1 = False
		s7_l0 = False
		s8_evt1 = False
		s8_evt0 = False
		s8_evt2 = False
		s6_l1 = False
		s7_evt1 = False
		s6_l0 = False
		s7_evt0 = False
		s7_evt2 = False
		s6_evt1 = False
		s5_l1 = False
		s6_evt0 = False
		s5_l0 = False
		s6_evt2 = False
		s5_evt1 = False
		s5_evt0 = False
		s5_evt2 = False
		s4_l1 = False
		s4_l0 = False
		s4_evt1 = False
		s4_evt0 = False
		s4_evt2 = False
		s3_l1 = False
		s3_l0 = False
		s3_evt1 = False
		s2_l0 = False
		s3_evt0 = False
		s3_evt2 = False
		s2_l1 = False
		s2_evt1 = False
		s2_evt0 = False
		s2_evt2 = False
	Trans 6 -- 7
		_x_s8_x = s8_x
		_x_s7_x = s7_x
		_x_s9_x = s9_x
		_x_s6_x = s6_x
		_x_s1_x = 0.0
		_x_s2_x = s2_x
		_x_s3_x = s3_x
		_x_s4_x = s4_x
		_x_s5_x = s5_x
	State 7
		bus_cd_id = 1
		_diverge_delta = 0.0
		delta = 13.0
		bus_x = -13.0
		s0_x = 0.0
		bus_j = 0
		bus_l1 = False
		s1_evt1 = False
		bus_l0 = True
		s1_l1 = True
		s1_evt0 = False
		s1_l0 = False
		s1_evt2 = False
		_J1996 = True
		_J1990 = False
		_J1984 = True
		_J1975 = True
		s9_l1 = False
		s0_evt1 = False
		s9_l0 = False
		s0_l1 = False
		s0_evt0 = False
		s0_l0 = True
		s0_evt2 = True
		_EL_U_1948 = True
		_EL_U_1950 = False
		_EL_U_1952 = False
		_EL_U_1955 = False
		bus_evt1 = False
		bus_evt0 = False
		s8_l1 = False
		bus_evt2 = True
		s8_l0 = False
		s9_evt1 = False
		s9_evt0 = False
		s9_evt2 = False
		s7_l1 = False
		s7_l0 = False
		s8_evt1 = False
		s8_evt0 = False
		s8_evt2 = False
		s6_l1 = False
		s7_evt1 = False
		s6_l0 = False
		s7_evt0 = False
		s7_evt2 = False
		s6_evt1 = False
		s5_l1 = False
		s6_evt0 = False
		s5_l0 = False
		s6_evt2 = False
		s5_evt1 = False
		s5_evt0 = False
		s5_evt2 = False
		s4_l1 = False
		s4_l0 = False
		s4_evt1 = False
		s4_evt0 = False
		s4_evt2 = False
		s3_l1 = False
		s3_l0 = False
		s3_evt1 = False
		s2_l0 = False
		s3_evt0 = False
		s3_evt2 = False
		s2_l1 = False
		s2_evt1 = False
		s2_evt0 = False
		s2_evt2 = False
	Trans 7 -- 8
		_x_s8_x = (s8_x + 13.0)
		_x_s1_x = (s1_x + 13.0)
		_x_s6_x = (s6_x + 13.0)
		_x_s5_x = (s5_x + 13.0)
		_x_s9_x = (s9_x + 13.0)
		_x_s2_x = (s2_x + 13.0)
		_x_s3_x = (s3_x + 13.0)
		_x_s4_x = (s4_x + 13.0)
		_x_s7_x = (s7_x + 13.0)
	State 8
		bus_cd_id = 0
		_diverge_delta = 13.0
		delta = 0.0
		bus_x = 0.0
		s0_x = 13.0
		bus_j = 0
		bus_l1 = False
		s1_evt1 = False
		bus_l0 = True
		s1_l1 = True
		s1_evt0 = False
		s1_l0 = False
		s1_evt2 = False
		_J1996 = True
		_J1990 = False
		_J1984 = True
		_J1975 = True
		s9_l1 = False
		s0_evt1 = False
		s9_l0 = False
		s0_l1 = False
		s0_evt0 = True
		s0_l0 = True
		s0_evt2 = False
		_EL_U_1948 = True
		_EL_U_1950 = False
		_EL_U_1952 = False
		_EL_U_1955 = False
		bus_evt1 = False
		bus_evt0 = True
		s8_l1 = False
		bus_evt2 = False
		s8_l0 = False
		s9_evt1 = False
		s9_evt0 = False
		s9_evt2 = False
		s7_l1 = False
		s7_l0 = False
		s8_evt1 = False
		s8_evt0 = False
		s8_evt2 = False
		s6_l1 = False
		s7_evt1 = False
		s6_l0 = False
		s7_evt0 = False
		s7_evt2 = False
		s6_evt1 = False
		s5_l1 = False
		s6_evt0 = False
		s5_l0 = False
		s6_evt2 = False
		s5_evt1 = False
		s5_evt0 = False
		s5_evt2 = False
		s4_l1 = False
		s4_l0 = False
		s4_evt1 = False
		s4_evt0 = False
		s4_evt2 = False
		s3_l1 = False
		s3_l0 = False
		s3_evt1 = False
		s2_l0 = False
		s3_evt0 = False
		s3_evt2 = False
		s2_l1 = False
		s2_evt1 = False
		s2_evt0 = False
		s2_evt2 = False
	Trans 8 -- 9
		_x_s8_x = s8_x
		_x_s7_x = s7_x
		_x_s1_x = s1_x
		_x_s9_x = s9_x
		_x_s6_x = s6_x
		_x_s2_x = s2_x
		_x_s3_x = s3_x
		_x_s4_x = s4_x
		_x_s5_x = s5_x
	starting from: _diverge_delta : 0.0, delta : 0.0, s9_l1 : False, s9_l0 : False, s0_l1 : False, s0_l0 : True, bus_cd_id : 1, bus_evt1 : False, s9_x : 3476482676644371/6928055504918, bus_evt0 : True, bus_evt2 : False, s0_x : 0.0, s9_evt1 : False, s9_evt0 : False, s9_evt2 : False, s8_evt1 : False, s8_evt0 : False, s8_evt2 : False, s7_evt1 : False, s7_evt0 : False, s7_evt2 : False, s6_evt1 : False, s5_l1 : False, s6_evt0 : False, s5_l0 : False, s6_evt2 : False, s5_evt1 : False, s5_evt0 : False, s5_x : 3476482676644371/6928055504918, s5_evt2 : False, s4_evt1 : False, s4_evt0 : False, s4_evt2 : False, s3_evt1 : False, s3_evt0 : False, s3_evt2 : False, s2_evt1 : False, s2_evt0 : False, s2_evt2 : False, s1_evt1 : False, s1_l1 : True, s1_evt0 : True, s1_l0 : False, s1_evt2 : False, s0_evt1 : False, s0_evt0 : False, s0_evt2 : False, s1_x : 25/2, s6_l1 : False, s6_l0 : False, s6_x : 3476482676644371/6928055504918, s2_l1 : False, s2_l0 : False, s2_x : 3476482676644371/6928055504918, s7_l1 : False, s7_l0 : False, s7_x : 3476482676644371/6928055504918, s3_l1 : False, s3_l0 : False, s3_x : 3476482676644371/6928055504918, bus_l1 : True, bus_l0 : True, _J1996 : True, _J1990 : True, _J1984 : True, _J1975 : True, _EL_U_1948 : True, bus_j : 1, _EL_U_1950 : False, _EL_U_1952 : False, _EL_U_1955 : False, s8_l1 : False, s8_l0 : False, s8_x : 3476482676644371/6928055504918, bus_x : 0.0, s4_l1 : False, s4_l0 : False, s4_x : 3476482676644371/6928055504918

end of `csma_0010`: SUCCESS in 115.8082344532013s
