

run 1/1: `csma_0008`

	Found non-termination argument:
	Do states 3..8 while ((s1_x + s4_x + s7_x + s6_x + s3_x + s5_x + -14587/6) < 0.0)
	State 3
		delta = 0.0
		s7_l1 = False
		s7_l0 = False
		s7_evt2 = False
		s7_evt1 = False
		s7_evt0 = False
		s6_l1 = False
		s6_l0 = False
		s6_evt0 = False
		s5_l1 = False
		s5_l0 = False
		s5_evt2 = False
		s4_l1 = False
		s4_l0 = False
		s4_evt2 = False
		s4_evt1 = False
		s4_evt0 = False
		s3_evt2 = False
		s3_evt1 = False
		s0_x = 0.0
		s5_evt1 = False
		bus_l1 = False
		s3_l1 = False
		bus_evt2 = False
		s5_evt0 = False
		bus_l0 = True
		s3_l0 = False
		bus_evt1 = False
		s6_evt2 = False
		bus_evt0 = True
		s1_l0 = False
		s2_l0 = False
		bus_cd_id = 0
		s0_evt1 = False
		s1_l1 = False
		s2_l1 = True
		_diverge_delta = 0.0
		s0_evt2 = False
		bus_j = 0
		s6_evt1 = False
		_EL_U_1585 = False
		bus_x = 0.0
		s2_x = 0.0
		_EL_U_1588 = True
		s0_l0 = False
		s1_evt0 = False
		s2_evt0 = False
		s3_evt0 = False
		s0_l1 = True
		s1_evt1 = False
		s2_evt1 = False
		s1_evt2 = False
		s0_evt0 = True
		s2_evt2 = False
		_J1608 = True
		_J1617 = True
		_J1623 = True
		_J1629 = True
		_EL_U_1581 = True
		_EL_U_1583 = False
		((-1.0 * s5_x) < -404.0)
		((-1.0 * s3_x) < -404.0)
		((-1.0 * s4_x) < -404.0)
		((-1.0 * s6_x) < -404.0)
		((-1.0 * s1_x) < -404.0)
		((-1.0 * s7_x) < -404.0)
	Trans 3 -- 4
		_x_s5_x : s5_x
		_x_s3_x : s3_x
		_x_s6_x : s6_x
		_x_s7_x : s7_x
		_x_s4_x : s4_x
		_x_s1_x : s1_x
	State 4
		delta = 0.0
		s7_l1 = False
		s7_l0 = False
		s7_evt2 = False
		s7_evt1 = False
		s7_evt0 = False
		s6_l1 = False
		s6_l0 = False
		s6_evt0 = False
		s5_l1 = False
		s5_l0 = False
		s5_evt2 = False
		s4_l1 = False
		s4_l0 = False
		s4_evt2 = False
		s4_evt1 = False
		s4_evt0 = False
		s3_evt2 = False
		s3_evt1 = False
		s0_x = 0.0
		s5_evt1 = False
		bus_l1 = True
		s3_l1 = False
		bus_evt2 = False
		s5_evt0 = False
		bus_l0 = True
		s3_l0 = False
		bus_evt1 = False
		s6_evt2 = False
		bus_evt0 = True
		s1_l0 = False
		s2_l0 = False
		bus_cd_id = 2
		s0_evt1 = False
		s1_l1 = False
		s2_l1 = True
		_diverge_delta = 0.0
		s0_evt2 = False
		bus_j = 1
		s6_evt1 = False
		_EL_U_1585 = False
		bus_x = 0.0
		s2_x = 0.0
		_EL_U_1588 = True
		s0_l0 = True
		s1_evt0 = False
		s2_evt0 = True
		s3_evt0 = False
		s0_l1 = False
		s1_evt1 = False
		s2_evt1 = False
		s1_evt2 = False
		s0_evt0 = False
		s2_evt2 = False
		_J1608 = False
		_J1617 = False
		_J1623 = False
		_J1629 = False
		_EL_U_1581 = True
		_EL_U_1583 = False
	Trans 4 -- 5
		_x_s5_x : s5_x
		_x_s3_x : s3_x
		_x_s6_x : s6_x
		_x_s7_x : s7_x
		_x_s4_x : s4_x
		_x_s1_x : s1_x
	State 5
		delta = 2912/2843
		s7_l1 = False
		s7_l0 = False
		s7_evt2 = False
		s7_evt1 = False
		s7_evt0 = False
		s6_l1 = False
		s6_l0 = False
		s6_evt0 = False
		s5_l1 = False
		s5_l0 = False
		s5_evt2 = False
		s4_l1 = False
		s4_l0 = False
		s4_evt2 = False
		s4_evt1 = False
		s4_evt0 = False
		s3_evt2 = False
		s3_evt1 = False
		s0_x = 0.0
		s5_evt1 = True
		bus_l1 = False
		s3_l1 = False
		bus_evt2 = False
		s5_evt0 = False
		bus_l0 = True
		s3_l0 = False
		bus_evt1 = True
		s6_evt2 = False
		bus_evt0 = False
		s1_l0 = False
		s2_l0 = True
		bus_cd_id = -1
		s0_evt1 = False
		s1_l1 = False
		s2_l1 = False
		_diverge_delta = 0.0
		s0_evt2 = False
		bus_j = 0
		s6_evt1 = False
		_EL_U_1585 = False
		bus_x = -2912/2843
		s2_x = 0.0
		_EL_U_1588 = True
		s0_l0 = True
		s1_evt0 = False
		s2_evt0 = False
		s3_evt0 = False
		s0_l1 = False
		s1_evt1 = False
		s2_evt1 = False
		s1_evt2 = False
		s0_evt0 = False
		s2_evt2 = False
		_J1608 = True
		_J1617 = False
		_J1623 = False
		_J1629 = True
		_EL_U_1581 = True
		_EL_U_1583 = False
	Trans 5 -- 6
		_x_s5_x : (s5_x + 2912/2843)
		_x_s3_x : (s3_x + 2912/2843)
		_x_s6_x : (s6_x + 2912/2843)
		_x_s7_x : (s7_x + 2912/2843)
		_x_s4_x : (s4_x + 2912/2843)
		_x_s1_x : (s1_x + 2912/2843)
	State 6
		delta = 0.0
		s7_l1 = False
		s7_l0 = False
		s7_evt2 = False
		s7_evt1 = False
		s7_evt0 = False
		s6_l1 = False
		s6_l0 = False
		s6_evt0 = False
		s5_l1 = False
		s5_l0 = False
		s5_evt2 = False
		s4_l1 = False
		s4_l0 = False
		s4_evt2 = False
		s4_evt1 = False
		s4_evt0 = False
		s3_evt2 = False
		s3_evt1 = False
		s0_x = 2912/2843
		s5_evt1 = False
		bus_l1 = False
		s3_l1 = False
		bus_evt2 = False
		s5_evt0 = False
		bus_l0 = True
		s3_l0 = False
		bus_evt1 = False
		s6_evt2 = False
		bus_evt0 = True
		s1_l0 = False
		s2_l0 = True
		bus_cd_id = 0
		s0_evt1 = False
		s1_l1 = False
		s2_l1 = False
		_diverge_delta = 2912/2843
		s0_evt2 = False
		bus_j = 0
		s6_evt1 = False
		_EL_U_1585 = False
		bus_x = 0.0
		s2_x = 2912/2843
		_EL_U_1588 = True
		s0_l0 = True
		s1_evt0 = False
		s2_evt0 = False
		s3_evt0 = False
		s0_l1 = False
		s1_evt1 = False
		s2_evt1 = False
		s1_evt2 = False
		s0_evt0 = True
		s2_evt2 = False
		_J1608 = True
		_J1617 = False
		_J1623 = False
		_J1629 = True
		_EL_U_1581 = True
		_EL_U_1583 = False
	Trans 6 -- 7
		_x_s5_x : s5_x
		_x_s3_x : s3_x
		_x_s6_x : s6_x
		_x_s7_x : s7_x
		_x_s4_x : s4_x
		_x_s1_x : s1_x
	State 7
		delta = 0.0
		s7_l1 = False
		s7_l0 = False
		s7_evt2 = False
		s7_evt1 = False
		s7_evt0 = False
		s6_l1 = False
		s6_l0 = False
		s6_evt0 = False
		s5_l1 = False
		s5_l0 = False
		s5_evt2 = False
		s4_l1 = False
		s4_l0 = False
		s4_evt2 = False
		s4_evt1 = False
		s4_evt0 = False
		s3_evt2 = False
		s3_evt1 = False
		s0_x = 0.0
		s5_evt1 = False
		bus_l1 = True
		s3_l1 = False
		bus_evt2 = True
		s5_evt0 = False
		bus_l0 = True
		s3_l0 = False
		bus_evt1 = False
		s6_evt2 = False
		bus_evt0 = False
		s1_l0 = False
		s2_l0 = True
		bus_cd_id = 0
		s0_evt1 = False
		s1_l1 = False
		s2_l1 = False
		_diverge_delta = 0.0
		s0_evt2 = True
		bus_j = 1
		s6_evt1 = False
		_EL_U_1585 = False
		bus_x = 0.0
		s2_x = 2912/2843
		_EL_U_1588 = True
		s0_l0 = True
		s1_evt0 = False
		s2_evt0 = False
		s3_evt0 = False
		s0_l1 = False
		s1_evt1 = False
		s2_evt1 = False
		s1_evt2 = False
		s0_evt0 = False
		s2_evt2 = False
		_J1608 = True
		_J1617 = False
		_J1623 = True
		_J1629 = True
		_EL_U_1581 = True
		_EL_U_1583 = False
	Trans 7 -- 8
		_x_s5_x : s5_x
		_x_s3_x : s3_x
		_x_s6_x : s6_x
		_x_s7_x : s7_x
		_x_s4_x : s4_x
		_x_s1_x : s1_x
	State 8
		delta = 0.0
		s7_l1 = False
		s7_l0 = False
		s7_evt2 = False
		s7_evt1 = False
		s7_evt0 = False
		s6_l1 = False
		s6_l0 = False
		s6_evt0 = False
		s5_l1 = False
		s5_l0 = False
		s5_evt2 = False
		s4_l1 = False
		s4_l0 = False
		s4_evt2 = False
		s4_evt1 = False
		s4_evt0 = False
		s3_evt2 = False
		s3_evt1 = False
		s0_x = 0.0
		s5_evt1 = False
		bus_l1 = True
		s3_l1 = False
		bus_evt2 = True
		s5_evt0 = False
		bus_l0 = False
		s3_l0 = False
		bus_evt1 = False
		s6_evt2 = False
		bus_evt0 = False
		s1_l0 = False
		s2_l0 = True
		bus_cd_id = 0
		s0_evt1 = False
		s1_l1 = False
		s2_l1 = False
		_diverge_delta = 0.0
		s0_evt2 = False
		bus_j = 0
		s6_evt1 = False
		_EL_U_1585 = False
		bus_x = 0.0
		s2_x = 2912/2843
		_EL_U_1588 = True
		s0_l0 = False
		s1_evt0 = False
		s2_evt0 = False
		s3_evt0 = False
		s0_l1 = True
		s1_evt1 = False
		s2_evt1 = False
		s1_evt2 = False
		s0_evt0 = False
		s2_evt2 = True
		_J1608 = True
		_J1617 = False
		_J1623 = True
		_J1629 = True
		_EL_U_1581 = True
		_EL_U_1583 = False
	Trans 8 -- 3
		_x_s5_x : s5_x
		_x_s3_x : s3_x
		_x_s6_x : s6_x
		_x_s7_x : s7_x
		_x_s4_x : s4_x
		_x_s1_x : s1_x
	End do-while
	State 8
		delta = 0.0
		s7_l1 = False
		s7_l0 = False
		s7_evt2 = False
		s7_evt1 = False
		s7_evt0 = False
		s6_l1 = False
		s6_l0 = False
		s6_evt0 = False
		s5_l1 = False
		s5_l0 = False
		s5_evt2 = False
		s4_l1 = False
		s4_l0 = False
		s4_evt2 = False
		s4_evt1 = False
		s4_evt0 = False
		s3_evt2 = False
		s3_evt1 = False
		s0_x = 0.0
		s5_evt1 = False
		bus_l1 = True
		s3_l1 = False
		bus_evt2 = True
		s5_evt0 = False
		bus_l0 = False
		s3_l0 = False
		bus_evt1 = False
		s6_evt2 = False
		bus_evt0 = False
		s1_l0 = False
		s2_l0 = True
		bus_cd_id = 0
		s0_evt1 = False
		s1_l1 = False
		s2_l1 = False
		_diverge_delta = 0.0
		s0_evt2 = False
		bus_j = 0
		s6_evt1 = False
		_EL_U_1585 = False
		bus_x = 0.0
		s2_x = 2912/2843
		_EL_U_1588 = True
		s0_l0 = False
		s1_evt0 = False
		s2_evt0 = False
		s3_evt0 = False
		s0_l1 = True
		s1_evt1 = False
		s2_evt1 = False
		s1_evt2 = False
		s0_evt0 = False
		s2_evt2 = True
		_J1608 = True
		_J1617 = False
		_J1623 = True
		_J1629 = True
		_EL_U_1581 = True
		_EL_U_1583 = False
		((-1.0 * s5_x) < -404.0)
		((-1.0 * s3_x) < -404.0)
		((-1.0 * s4_x) < -404.0)
		((-1.0 * s6_x) < -404.0)
		((-1.0 * s1_x) < -404.0)
		(((-1.0 * s5_x) + (-1.0 * s3_x) + (-1.0 * s6_x) + (-1.0 * s7_x) + (-1.0 * s4_x) + (-1.0 * s1_x) + 14587/6) <= 0.0)
		((-1.0 * s7_x) < -404.0)
	Trans 8 -- 9
		_x_s5_x = s5_x
		_x_s3_x = s3_x
		_x_s6_x = s6_x
		_x_s7_x = s7_x
		_x_s4_x = s4_x
		_x_s1_x = s1_x
	starting from: {delta: 0.0, s7_l1: False, s7_l0: False, s7_evt2: False, s7_evt1: False, s7_evt0: False, s6_l1: False, s6_l0: False, s6_evt0: False, s5_l1: False, s5_l0: False, s5_evt2: False, s5_x: 45568/3, s4_l1: False, s4_l0: False, s4_evt2: False, s4_evt1: False, s4_evt0: False, s4_x: 45568/3, s3_evt2: False, s3_evt1: False, s0_x: 0.0, s5_evt1: False, bus_l1: False, s3_l1: False, bus_evt2: False, s5_evt0: False, bus_l0: True, s3_l0: False, bus_evt1: False, s6_evt2: False, bus_evt0: True, s1_l0: False, s2_l0: False, bus_cd_id: 0, s0_evt1: False, s1_l1: False, s2_l1: True, _diverge_delta: 0.0, s0_evt2: False, bus_j: 0, s6_evt1: False, s1_x: 45568/3, bus_x: 0.0, s2_x: 0.0, s3_x: 45568/3, s6_x: 45568/3, s0_l0: False, s1_evt0: False, s7_x: 45568/3, s2_evt0: False, s3_evt0: False, s0_l1: True, s1_evt1: False, s2_evt1: False, s1_evt2: False, s0_evt0: True, s2_evt2: False, _J1608: True, _J1617: True, _J1623: True, _J1629: True, _EL_U_1581: True, _EL_U_1583: False, _EL_U_1585: False, _EL_U_1588: True}

end of `csma_0008`: SUCCESS in 66.32345175743103s
