F3 run `csma_0009`

	Found non-termination argument:
	State 5
		bus_x = 0.0
		s0_x = 0.0
		bus_j = 1
		bus_cd_id = 3
		_diverge_delta = 0.0
		delta = 0.0
		s7_l0 = False
		s0_evt1 = False
		s0_evt0 = False
		s0_evt2 = False
		s6_l1 = False
		s6_l0 = False
		bus_evt1 = False
		bus_evt0 = True
		s5_l1 = False
		bus_evt2 = False
		s5_l0 = False
		s8_evt1 = False
		s8_evt0 = False
		s8_evt2 = False
		s4_l1 = False
		s4_l0 = False
		s7_evt1 = False
		s7_evt0 = False
		s7_evt2 = False
		s3_l1 = True
		s6_evt1 = False
		s6_evt0 = False
		s3_l0 = False
		s6_evt2 = False
		s5_evt1 = False
		s5_evt0 = False
		s2_l1 = False
		s5_evt2 = False
		s2_l0 = False
		_J1811 = True
		_J1805 = True
		_J1799 = True
		_J1790 = True
		s4_evt1 = False
		_EL_U_1763 = True
		s4_evt0 = False
		bus_l1 = True
		s4_evt2 = False
		bus_l0 = True
		s1_l1 = False
		_EL_U_1765 = False
		s1_l0 = False
		_EL_U_1767 = False
		_EL_U_1770 = False
		s3_evt1 = False
		s3_evt0 = True
		s3_evt2 = False
		s0_l1 = False
		s0_l0 = True
		s2_evt1 = False
		s2_evt0 = False
		s2_evt2 = False
		s8_l1 = False
		s8_l0 = False
		s1_evt1 = False
		s1_evt0 = False
		s1_evt2 = False
		s7_l1 = False
		((-1.0 * s5_x) < -2815/7)
		((-1.0 * s1_x) < -2815/7)
		((-1.0 * s8_x) < -2802/7)
		(s3_x <= 26.0)
		((-1.0 * s1_x) < -2802/7)
		((-1.0 * s6_x) < -2815/7)
		((-1.0 * s2_x) < -2802/7)
		((-1.0 * s7_x) < -404.0)
		((-1.0 * s6_x) < -2802/7)
		((-1.0 * s5_x) < -404.0)
		((-1.0 * s8_x) < -2815/7)
		((-1.0 * s1_x) < -404.0)
		((-1.0 * s7_x) < -2802/7)
		((-1.0 * s6_x) < -404.0)
		((-1.0 * s4_x) < -2802/7)
		((-1.0 * s8_x) < -404.0)
		((-1.0 * s2_x) < -2815/7)
		((-1.0 * s2_x) < -404.0)
		((-1.0 * s5_x) < -2802/7)
		((-1.0 * s4_x) < -404.0)
		((-1.0 * s3_x) < 0.0)
		((-1.0 * s4_x) < -2815/7)
		((-1.0 * s7_x) < -2815/7)
		((13/14 - (s1_x * 52/7684691)) <= 0.0)
	Trans 5 -- 6
		_x_s2_x = s2_x
		_x_s8_x = s8_x
		_x_s6_x = s6_x
		_x_s1_x = s1_x
		_x_s7_x = s7_x
		_x_s5_x = s5_x
		_x_s3_x = 0.0
		_x_s4_x = s4_x
	State 6
		bus_x = 0.0
		s0_x = 0.0
		bus_j = 0
		bus_cd_id = 3
		_diverge_delta = 0.0
		delta = 0.0
		s7_l0 = False
		s0_evt1 = False
		s0_evt0 = False
		s0_evt2 = False
		s6_l1 = False
		s6_l0 = False
		bus_evt1 = False
		bus_evt0 = False
		s5_l1 = False
		bus_evt2 = True
		s5_l0 = False
		s8_evt1 = False
		s8_evt0 = False
		s8_evt2 = False
		s4_l1 = False
		s4_l0 = False
		s7_evt1 = False
		s7_evt0 = False
		s7_evt2 = False
		s3_l1 = False
		s6_evt1 = False
		s6_evt0 = False
		s3_l0 = True
		s6_evt2 = False
		s5_evt1 = False
		s5_evt0 = False
		s2_l1 = False
		s5_evt2 = False
		s2_l0 = False
		_J1811 = False
		_J1805 = False
		_J1799 = False
		_J1790 = False
		s4_evt1 = False
		_EL_U_1763 = True
		s4_evt0 = False
		bus_l1 = True
		s4_evt2 = False
		bus_l0 = False
		s1_l1 = False
		_EL_U_1765 = False
		s1_l0 = False
		_EL_U_1767 = False
		_EL_U_1770 = False
		s3_evt1 = False
		s3_evt0 = False
		s3_evt2 = True
		s0_l1 = False
		s0_l0 = True
		s2_evt1 = False
		s2_evt0 = False
		s2_evt2 = False
		s8_l1 = False
		s8_l0 = False
		s1_evt1 = False
		s1_evt0 = False
		s1_evt2 = False
		s7_l1 = False
	Trans 6 -- 7
		_x_s2_x = s2_x
		_x_s8_x = s8_x
		_x_s6_x = s6_x
		_x_s1_x = s1_x
		_x_s7_x = s7_x
		_x_s5_x = s5_x
		_x_s3_x = 0.0
		_x_s4_x = s4_x
	State 7
		bus_x = 0.0
		s0_x = 0.0
		bus_j = 0
		bus_cd_id = 3
		_diverge_delta = 0.0
		delta = 13/7
		s7_l0 = False
		s0_evt1 = False
		s0_evt0 = False
		s0_evt2 = False
		s6_l1 = False
		s6_l0 = False
		bus_evt1 = False
		bus_evt0 = False
		s5_l1 = False
		bus_evt2 = True
		s5_l0 = False
		s8_evt1 = False
		s8_evt0 = False
		s8_evt2 = False
		s4_l1 = False
		s4_l0 = False
		s7_evt1 = False
		s7_evt0 = False
		s7_evt2 = False
		s3_l1 = True
		s6_evt1 = False
		s6_evt0 = False
		s3_l0 = False
		s6_evt2 = False
		s5_evt1 = False
		s5_evt0 = False
		s2_l1 = False
		s5_evt2 = False
		s2_l0 = False
		_J1811 = True
		_J1805 = False
		_J1799 = True
		_J1790 = True
		s4_evt1 = False
		_EL_U_1763 = True
		s4_evt0 = False
		bus_l1 = False
		s4_evt2 = False
		bus_l0 = True
		s1_l1 = False
		_EL_U_1765 = False
		s1_l0 = False
		_EL_U_1767 = False
		_EL_U_1770 = False
		s3_evt1 = False
		s3_evt0 = False
		s3_evt2 = False
		s0_l1 = False
		s0_l0 = True
		s2_evt1 = False
		s2_evt0 = False
		s2_evt2 = False
		s8_l1 = False
		s8_l0 = False
		s1_evt1 = False
		s1_evt0 = False
		s1_evt2 = False
		s7_l1 = False
	Trans 7 -- 8
		_x_s3_x = (s3_x + 13/7)
		_x_s2_x = (s2_x + 13/7)
		_x_s8_x = (s8_x + 13/7)
		_x_s5_x = (s5_x + 13/7)
		_x_s7_x = (s7_x + 13/7)
		_x_s6_x = (s6_x + 13/7)
		_x_s4_x = (s4_x + 13/7)
		_x_s1_x = (s1_x + 13/7)
	State 8
		bus_x = 13/7
		s0_x = 13/7
		bus_j = 0
		bus_cd_id = 0
		_diverge_delta = 13/7
		delta = 0.0
		s7_l0 = False
		s0_evt1 = False
		s0_evt0 = True
		s0_evt2 = False
		s6_l1 = False
		s6_l0 = False
		bus_evt1 = False
		bus_evt0 = True
		s5_l1 = False
		bus_evt2 = False
		s5_l0 = False
		s8_evt1 = False
		s8_evt0 = False
		s8_evt2 = False
		s4_l1 = False
		s4_l0 = False
		s7_evt1 = False
		s7_evt0 = False
		s7_evt2 = False
		s3_l1 = True
		s6_evt1 = False
		s6_evt0 = False
		s3_l0 = False
		s6_evt2 = False
		s5_evt1 = False
		s5_evt0 = False
		s2_l1 = False
		s5_evt2 = False
		s2_l0 = False
		_J1811 = True
		_J1805 = False
		_J1799 = True
		_J1790 = True
		s4_evt1 = False
		_EL_U_1763 = True
		s4_evt0 = False
		bus_l1 = False
		s4_evt2 = False
		bus_l0 = True
		s1_l1 = False
		_EL_U_1765 = False
		s1_l0 = False
		_EL_U_1767 = False
		_EL_U_1770 = False
		s3_evt1 = False
		s3_evt0 = False
		s3_evt2 = False
		s0_l1 = False
		s0_l0 = True
		s2_evt1 = False
		s2_evt0 = False
		s2_evt2 = False
		s8_l1 = False
		s8_l0 = False
		s1_evt1 = False
		s1_evt0 = False
		s1_evt2 = False
		s7_l1 = False
	Trans 8 -- 9
		_x_s2_x = s2_x
		_x_s8_x = s8_x
		_x_s6_x = s6_x
		_x_s3_x = s3_x
		_x_s1_x = s1_x
		_x_s7_x = s7_x
		_x_s5_x = s5_x
		_x_s4_x = s4_x
	starting from: s7_l0 : False, s0_evt1 : False, bus_x : 0.0, s0_evt0 : False, s0_evt2 : False, _diverge_delta : 0.0, delta : 0.0, s7_x : 1097813/8, s6_l1 : False, s6_l0 : False, bus_cd_id : 3, bus_evt1 : False, bus_evt0 : True, s6_x : 1097813/8, bus_evt2 : False, s5_l1 : False, s5_l0 : False, s8_evt1 : False, s8_evt0 : False, s8_evt2 : False, s5_x : 1097813/8, s4_l1 : False, s4_l0 : False, s7_evt1 : False, s7_evt0 : False, s7_evt2 : False, s4_x : 1097813/8, s3_l1 : True, s6_evt1 : False, s6_evt0 : False, s3_l0 : False, s6_evt2 : False, s5_evt1 : False, s5_evt0 : False, s3_x : 26/9, s5_evt2 : False, s2_l1 : False, s2_l0 : False, _J1811 : True, _J1805 : True, _J1799 : True, _J1790 : True, s4_evt1 : False, _EL_U_1763 : True, s4_evt0 : False, bus_l1 : True, s4_evt2 : False, bus_l0 : True, s1_l1 : False, _EL_U_1765 : False, s1_l0 : False, s2_x : 1097813/8, _EL_U_1767 : False, _EL_U_1770 : False, s3_evt1 : False, s3_evt0 : True, s3_evt2 : False, bus_j : 1, s0_l1 : False, s0_l0 : True, s1_x : 1097813/8, s2_evt1 : False, s2_evt0 : False, s2_evt2 : False, s8_l1 : False, s8_l0 : False, s0_x : 0.0, s1_evt1 : False, s1_evt0 : False, s1_evt2 : False, s8_x : 1097813/8, s7_l1 : False

end of `csma_0009`: SUCCESS in 79.86195349693298s
