

run 1/1: `dynamic_fischer_0013`

	Found non-termination argument:
	State 6
		delta = 0.0
		_diverge_delta = 0.0
		p12_l1 = False
		p12_saved_max = 833/27
		p11_l1 = True
		p10_l1 = False
		p10_saved_max = 833/27
		p9_l1 = False
		p9_saved_max = 833/27
		p8_l1 = False
		p0_l1 = False
		p9_l0 = False
		p4_l1 = False
		p5_saved_max = 833/27
		proposed12 = 124/135
		proposed10 = 124/135
		proposed9 = 124/135
		proposed8 = 11/135
		p7_saved_max = 833/27
		proposed7 = 124/135
		proposed6 = 124/135
		proposed5 = 124/135
		proposed4 = 124/135
		p0_saved_max = 833/27
		p4_saved_max = 833/27
		proposed3 = 124/135
		p3_l0 = False
		proposed2 = 124/135
		id2 = True
		proposed0 = 124/135
		p12_l0 = False
		p7_l1 = False
		p8_saved_max = 833/27
		p4_l0 = False
		id3 = True
		proposed1 = 124/135
		p11_l0 = False
		p6_l1 = False
		inc_max_prop = True
		p5_l0 = False
		id0 = True
		id1 = False
		turn0 = True
		turn1 = True
		turn2 = False
		turn3 = True
		p1_saved_max = 833/27
		_EL_U_1738 = True
		p1_l0 = False
		_EL_U_1740 = False
		p6_l0 = False
		p1_l1 = False
		_EL_U_1743 = True
		p2_saved_max = 833/27
		p2_l0 = False
		_EL_U_1745 = False
		p10_l0 = False
		p5_l1 = False
		p11_x = 0.0
		p0_l0 = False
		p6_saved_max = 833/27
		p2_l1 = False
		p7_l0 = False
		p3_saved_max = 833/27
		p3_l1 = False
		p8_l0 = False
		_J1765 = True
		_J1771 = True
		_J1777 = True
		_J1783 = True
		((-1.0 * p9_x) < -124/135)
		((-1.0 * max_prop) < -124/135)
		((-1.0 * proposed11) <= 0.0)
		((-1.0 * p4_x) < -124/135)
		((-1.0 * p9_x) < 11/135)
		((-1.0 * p4_x) < 11/135)
		((-1.0 * p7_x) < 11/135)
		((-1.0 * p8_x) < 124/135)
		((-1.0 * p0_x) < 11/135)
		((-1.0 * p12_x) < 11/135)
		((-1.0 * p6_x) < 11/135)
		((-1.0 * p3_x) < 11/135)
		((-1.0 * p1_x) < 11/135)
		((-1.0 * p5_x) < 11/135)
		((-1.0 * max_prop) <= -124/135)
		((-1.0 * p10_x) < 11/135)
		((-1.0 * proposed11) <= -124/135)
		(((-1.0 * max_prop) + proposed11) = 0.0)
		((-1.0 * max_prop) <= -11/135)
		((-1.0 * p2_x) < 11/135)
		((-1.0 * max_prop) < -11/135)
		((-1.0 * p7_x) < -124/135)
		((-1.0 * p8_x) < -11/135)
		((-1.0 * proposed11) <= -11/135)
		((-1.0 * p0_x) < -124/135)
		((-1.0 * p12_x) < -124/135)
		((-1.0 * p6_x) < -124/135)
		((-1.0 * p3_x) < -124/135)
		((-1.0 * p1_x) < -124/135)
		((-1.0 * p5_x) < -124/135)
		((-1.0 * p10_x) < -124/135)
		((-1.0 * p2_x) < -124/135)
	Trans 6 -- 7
		_x_p2_x = p2_x
		_x_p9_x = p9_x
		_x_p7_x = p7_x
		_x_p0_x = p0_x
		_x_p3_x = p3_x
		_x_p4_x = p4_x
		_x_p11_saved_max = max_prop
		_x_p5_x = p5_x
		_x_p8_x = p8_x
		_x_p10_x = p10_x
		_x_p1_x = p1_x
		_x_proposed11 = proposed11
		_x_p12_x = p12_x
		_x_p6_x = p6_x
		_x_max_prop = proposed11
	State 7
		delta = 1.0
		_diverge_delta = 0.0
		p12_l1 = False
		p12_saved_max = 833/27
		p11_l1 = False
		p10_l1 = False
		p10_saved_max = 833/27
		p9_l1 = False
		p9_saved_max = 833/27
		p8_l1 = False
		p0_l1 = False
		p9_l0 = False
		p4_l1 = False
		p5_saved_max = 833/27
		proposed12 = 124/135
		proposed10 = 124/135
		proposed9 = 124/135
		proposed8 = 11/135
		p7_saved_max = 833/27
		proposed7 = 124/135
		proposed6 = 124/135
		proposed5 = 124/135
		proposed4 = 124/135
		p0_saved_max = 833/27
		p4_saved_max = 833/27
		proposed3 = 124/135
		p3_l0 = False
		proposed2 = 124/135
		id2 = False
		proposed0 = 124/135
		p12_l0 = False
		p7_l1 = False
		p8_saved_max = 833/27
		p4_l0 = False
		id3 = True
		proposed1 = 124/135
		p11_l0 = True
		p6_l1 = False
		inc_max_prop = True
		p5_l0 = False
		id0 = True
		id1 = True
		turn0 = True
		turn1 = True
		turn2 = False
		turn3 = True
		p1_saved_max = 833/27
		_EL_U_1738 = True
		p1_l0 = False
		_EL_U_1740 = False
		p6_l0 = False
		p1_l1 = False
		_EL_U_1743 = True
		p2_saved_max = 833/27
		p2_l0 = False
		_EL_U_1745 = False
		p10_l0 = False
		p5_l1 = False
		p11_x = 0.0
		p0_l0 = False
		p6_saved_max = 833/27
		p2_l1 = False
		p7_l0 = False
		p3_saved_max = 833/27
		p3_l1 = False
		p8_l0 = False
		_J1765 = False
		_J1771 = False
		_J1777 = False
		_J1783 = False
	Trans 7 -- 8
		_x_p2_x = (p2_x + 1.0)
		_x_p9_x = (p9_x + 1.0)
		_x_p7_x = (p7_x + 1.0)
		_x_p0_x = (p0_x + 1.0)
		_x_p3_x = (p3_x + 1.0)
		_x_p4_x = (p4_x + 1.0)
		_x_p11_saved_max = p11_saved_max
		_x_p5_x = (p5_x + 1.0)
		_x_p8_x = (p8_x + 1.0)
		_x_p10_x = (p10_x + 1.0)
		_x_p1_x = (p1_x + 1.0)
		_x_proposed11 = proposed11
		_x_p12_x = (p12_x + 1.0)
		_x_p6_x = (p6_x + 1.0)
		_x_max_prop = proposed11
	State 8
		delta = 0.0
		_diverge_delta = 1.0
		p12_l1 = False
		p12_saved_max = 833/27
		p11_l1 = False
		p10_l1 = False
		p10_saved_max = 833/27
		p9_l1 = False
		p9_saved_max = 833/27
		p8_l1 = False
		p0_l1 = False
		p9_l0 = False
		p4_l1 = False
		p5_saved_max = 833/27
		proposed12 = 124/135
		proposed10 = 124/135
		proposed9 = 124/135
		proposed8 = 11/135
		p7_saved_max = 833/27
		proposed7 = 124/135
		proposed6 = 124/135
		proposed5 = 124/135
		proposed4 = 124/135
		p0_saved_max = 833/27
		p4_saved_max = 833/27
		proposed3 = 124/135
		p3_l0 = False
		proposed2 = 124/135
		id2 = False
		proposed0 = 124/135
		p12_l0 = False
		p7_l1 = False
		p8_saved_max = 833/27
		p4_l0 = False
		id3 = True
		proposed1 = 124/135
		p11_l0 = True
		p6_l1 = False
		inc_max_prop = True
		p5_l0 = False
		id0 = True
		id1 = True
		turn0 = True
		turn1 = True
		turn2 = False
		turn3 = True
		p1_saved_max = 833/27
		_EL_U_1738 = True
		p1_l0 = False
		_EL_U_1740 = False
		p6_l0 = False
		p1_l1 = False
		_EL_U_1743 = True
		p2_saved_max = 833/27
		p2_l0 = False
		_EL_U_1745 = False
		p10_l0 = False
		p5_l1 = False
		p11_x = 1.0
		p0_l0 = False
		p6_saved_max = 833/27
		p2_l1 = False
		p7_l0 = False
		p3_saved_max = 833/27
		p3_l1 = False
		p8_l0 = False
		_J1765 = False
		_J1771 = True
		_J1777 = False
		_J1783 = True
	Trans 8 -- 9
		_x_p2_x = p2_x
		_x_p9_x = p9_x
		_x_p7_x = p7_x
		_x_p0_x = p0_x
		_x_p3_x = p3_x
		_x_p4_x = p4_x
		_x_p11_saved_max = max_prop
		_x_p5_x = p5_x
		_x_p8_x = p8_x
		_x_p10_x = p10_x
		_x_p1_x = p1_x
		_x_proposed11 = proposed11
		_x_p12_x = p12_x
		_x_p6_x = p6_x
		_x_max_prop = proposed11
	State 9
		delta = 0.0
		_diverge_delta = 0.0
		p12_l1 = False
		p12_saved_max = 833/27
		p11_l1 = True
		p10_l1 = False
		p10_saved_max = 833/27
		p9_l1 = False
		p9_saved_max = 833/27
		p8_l1 = False
		p0_l1 = False
		p9_l0 = False
		p4_l1 = False
		p5_saved_max = 833/27
		proposed12 = 124/135
		proposed10 = 124/135
		proposed9 = 124/135
		proposed8 = 11/135
		p7_saved_max = 833/27
		proposed7 = 124/135
		proposed6 = 124/135
		proposed5 = 124/135
		proposed4 = 124/135
		p0_saved_max = 833/27
		p4_saved_max = 833/27
		proposed3 = 124/135
		p3_l0 = False
		proposed2 = 124/135
		id2 = False
		proposed0 = 124/135
		p12_l0 = False
		p7_l1 = False
		p8_saved_max = 833/27
		p4_l0 = False
		id3 = True
		proposed1 = 124/135
		p11_l0 = True
		p6_l1 = False
		inc_max_prop = True
		p5_l0 = False
		id0 = True
		id1 = True
		turn0 = True
		turn1 = True
		turn2 = False
		turn3 = True
		p1_saved_max = 833/27
		_EL_U_1738 = True
		p1_l0 = False
		_EL_U_1740 = False
		p6_l0 = False
		p1_l1 = False
		_EL_U_1743 = True
		p2_saved_max = 833/27
		p2_l0 = False
		_EL_U_1745 = False
		p10_l0 = False
		p5_l1 = False
		p11_x = 1.0
		p0_l0 = False
		p6_saved_max = 833/27
		p2_l1 = False
		p7_l0 = False
		p3_saved_max = 833/27
		p3_l1 = False
		p8_l0 = False
		_J1765 = False
		_J1771 = True
		_J1777 = True
		_J1783 = True
	Trans 9 -- 10
		_x_p2_x = p2_x
		_x_p9_x = p9_x
		_x_p7_x = p7_x
		_x_p0_x = p0_x
		_x_p3_x = p3_x
		_x_p4_x = p4_x
		_x_p11_saved_max = max_prop
		_x_p5_x = p5_x
		_x_p8_x = p8_x
		_x_p10_x = p10_x
		_x_p1_x = p1_x
		_x_proposed11 = _x_max_prop
		_x_p12_x = p12_x
		_x_p6_x = p6_x
		_x_max_prop = (((p11_saved_max * 1/4) + proposed11 + 31/135) - (max_prop * 1/2))
	State 10
		delta = 0.0
		_diverge_delta = 0.0
		p12_l1 = False
		p12_saved_max = 833/27
		p11_l1 = False
		p10_l1 = False
		p10_saved_max = 833/27
		p9_l1 = False
		p9_saved_max = 833/27
		p8_l1 = False
		p0_l1 = False
		p9_l0 = False
		p4_l1 = False
		p5_saved_max = 833/27
		proposed12 = 124/135
		proposed10 = 124/135
		proposed9 = 124/135
		proposed8 = 11/135
		p7_saved_max = 833/27
		proposed7 = 124/135
		proposed6 = 124/135
		proposed5 = 124/135
		proposed4 = 124/135
		p0_saved_max = 833/27
		p4_saved_max = 833/27
		proposed3 = 124/135
		p3_l0 = False
		proposed2 = 124/135
		id2 = True
		proposed0 = 124/135
		p12_l0 = False
		p7_l1 = False
		p8_saved_max = 833/27
		p4_l0 = False
		id3 = True
		proposed1 = 124/135
		p11_l0 = False
		p6_l1 = False
		inc_max_prop = False
		p5_l0 = False
		id0 = True
		id1 = False
		turn0 = True
		turn1 = True
		turn2 = False
		turn3 = True
		p1_saved_max = 833/27
		_EL_U_1738 = True
		p1_l0 = False
		_EL_U_1740 = False
		p6_l0 = False
		p1_l1 = False
		_EL_U_1743 = True
		p2_saved_max = 833/27
		p2_l0 = False
		_EL_U_1745 = False
		p10_l0 = False
		p5_l1 = False
		p11_x = 1.0
		p0_l0 = False
		p6_saved_max = 833/27
		p2_l1 = False
		p7_l0 = False
		p3_saved_max = 833/27
		p3_l1 = False
		p8_l0 = False
		_J1765 = False
		_J1771 = True
		_J1777 = True
		_J1783 = True
		((-1.0 * proposed11) < -11/135)
		((-1.0 * max_prop) <= -124/135)
		((-1.0 * proposed11) <= 0.0)
		((-1.0 * proposed11) <= -124/135)
		((-1.0 * max_prop) <= -11/135)
		((-1.0 * proposed11) < -124/135)
		((-1.0 * proposed11) <= -11/135)
	Trans 10 -- 11
		_x_p2_x = p2_x
		_x_p9_x = p9_x
		_x_p7_x = p7_x
		_x_p0_x = p0_x
		_x_p3_x = p3_x
		_x_p4_x = p4_x
		_x_p11_saved_max = max_prop
		_x_p5_x = p5_x
		_x_p8_x = p8_x
		_x_p10_x = p10_x
		_x_p1_x = p1_x
		_x_proposed11 = proposed11
		_x_p12_x = p12_x
		_x_p6_x = p6_x
		_x_max_prop = proposed11
	starting from: {delta: 0.0, _diverge_delta: 0.0, p12_l1: False, p12_saved_max: 833/27, p11_l1: True, p10_l1: False, p10_saved_max: 833/27, p9_l1: False, p9_saved_max: 833/27, p8_l1: False, p11_saved_max: 146/135, p0_l1: False, p9_l0: False, p4_l1: False, p10_x: 833/27, p5_saved_max: 833/27, p1_x: 833/27, proposed12: 124/135, proposed11: 146/135, proposed10: 124/135, proposed9: 124/135, proposed8: 11/135, p12_x: 833/27, p7_saved_max: 833/27, proposed7: 124/135, proposed6: 124/135, proposed5: 124/135, proposed4: 124/135, p0_saved_max: 833/27, p9_x: 833/27, p4_saved_max: 833/27, proposed3: 124/135, p0_x: 833/27, p3_l0: False, p4_x: 833/27, proposed2: 124/135, id2: True, proposed0: 124/135, p12_l0: False, p7_l1: False, p8_saved_max: 833/27, p4_l0: False, p5_x: 833/27, id3: True, proposed1: 124/135, p11_l0: False, p6_l1: False, inc_max_prop: True, p5_l0: False, id0: True, id1: False, turn0: True, turn1: True, turn2: False, turn3: True, p6_x: 833/27, p1_saved_max: 833/27, max_prop: 146/135, p1_l0: False, p2_x: 833/27, p6_l0: False, p1_l1: False, p7_x: 833/27, p2_saved_max: 833/27, p2_l0: False, p3_x: 833/27, p10_l0: False, p5_l1: False, p11_x: 0.0, p0_l0: False, p6_saved_max: 833/27, p2_l1: False, p7_l0: False, p3_saved_max: 833/27, p8_x: 833/27, p3_l1: False, p8_l0: False, _J1765: True, _J1771: True, _J1777: True, _J1783: True, _EL_U_1738: True, _EL_U_1740: False, _EL_U_1743: True, _EL_U_1745: False}

end of `dynamic_fischer_0013`: SUCCESS in 45.78203892707825s
