Traceback (most recent call last):
  File "/home/F3/src/run_f3.py", line 467, in <module>
    main(config_args().parse_args())
  File "/home/F3/src/run_f3.py", line 463, in main
    run_f3(bench, out_dir)
  File "/home/F3/src/run_f3.py", line 277, in run_f3
    res = solve_problem(prob, label, out_dir)
  File "/home/F3/src/run_f3.py", line 268, in solve_problem
    return run_ltl_test(problem, env, label, out_dir)
  File "/home/F3/src/run_f3.py", line 127, in run_ltl_test
    return search_nonterm(env, symbols, init, trans, fairness,
  File "/home/F3/src/run_f3.py", line 184, in search_nonterm
    _, arg0, arg1 = search_funnel_bmc(env, symbols, init, trans,
  File "/home/F3/src/main.py", line 260, in search_funnel_bmc
    is_rf, args = rf_or_funnel_from_trace(env, symbols, trace, abst_path,
  File "/home/F3/src/main.py", line 714, in rf_or_funnel_from_trace
    model = instantiate_funnel_template(nontermarg)
  File "/home/F3/src/main.py", line 775, in instantiate_funnel_template
    model, learn = funnel_t.ef_instantiate()
  File "/home/F3/src/funnel.py", line 659, in ef_instantiate
    res, c_learn = efsolve(self.env, self.parameters, symbs,
  File "/home/F3/src/efsolver.py", line 158, in efsolve
    x1_model = emodel.get_values(x1)
  File "/usr/local/lib/python3.8/dist-packages/PySMT-0.9.1.dev332-py3.8.egg/pysmt/solvers/solver.py", line 446, in get_values
    return {f: self.get_value(f, model_completion=model_completion)
  File "/usr/local/lib/python3.8/dist-packages/PySMT-0.9.1.dev332-py3.8.egg/pysmt/solvers/solver.py", line 446, in <dictcomp>
    return {f: self.get_value(f, model_completion=model_completion)
  File "/usr/local/lib/python3.8/dist-packages/PySMT-0.9.1.dev332-py3.8.egg/pysmt/solvers/z3.py", line 82, in get_value
    return self.converter.back(z3_res, model=self.z3_model)
  File "/usr/local/lib/python3.8/dist-packages/PySMT-0.9.1.dev332-py3.8.egg/pysmt/solvers/z3.py", line 479, in back
    res = self._back_single_term(current, args, model)
  File "/usr/local/lib/python3.8/dist-packages/PySMT-0.9.1.dev332-py3.8.egg/pysmt/solvers/z3.py", line 512, in _back_single_term
    n = expr.numerator_as_long()
  File "/usr/local/lib/python3.8/dist-packages/z3/z3.py", line 2843, in numerator_as_long
    return self.numerator().as_long()
  File "/usr/local/lib/python3.8/dist-packages/z3/z3.py", line 2785, in as_long
    return int(self.as_string())
  File "/usr/local/lib/python3.8/dist-packages/z3/z3.py", line 2793, in as_string
    return Z3_get_numeral_string(self.ctx_ref(), self.as_ast())
  File "/usr/local/lib/python3.8/dist-packages/z3/z3core.py", line 2848, in Z3_get_numeral_string
    r = _elems.f(a0, a1)
KeyboardInterrupt
real 3602.28
user 0.00
sys 0.00
