F3 run `dynamic_fischer_0010`

	Found non-termination argument:
	State 6
		p0_saved_max = 2697/2227
		proposed2 = 1992/2227
		p5_l1 = False
		p5_l0 = False
		proposed5 = 1992/2227
		p8_l1 = False
		p8_l0 = False
		proposed8 = 1992/2227
		p6_saved_max = 2697/2227
		p1_l1 = False
		p1_l0 = False
		proposed1 = 1992/2227
		p9_saved_max = 2697/2227
		p4_l1 = False
		p4_l0 = False
		p2_saved_max = 2697/2227
		proposed4 = 1992/2227
		p7_l1 = False
		p7_l0 = False
		turn3 = False
		p0_l1 = False
		p0_l0 = False
		turn2 = False
		_J1417 = True
		_J1411 = True
		turn1 = True
		_J1405 = True
		proposed0 = 1992/2227
		turn0 = True
		_J1399 = True
		_EL_U_1372 = True
		_EL_U_1374 = False
		id3 = True
		_EL_U_1377 = True
		p8_saved_max = 2697/2227
		id2 = False
		p3_l1 = True
		_EL_U_1379 = False
		id1 = True
		p3_l0 = False
		p1_saved_max = 2697/2227
		id0 = False
		p6_l1 = False
		p6_l0 = False
		inc_max_prop = True
		proposed6 = 1992/2227
		p4_saved_max = 2697/2227
		p9_l1 = False
		p9_l0 = False
		proposed7 = 40927/80172
		p5_saved_max = 2697/2227
		proposed9 = 1992/2227
		p7_saved_max = 2697/2227
		p2_l1 = False
		p2_l0 = False
		((-1.0 * proposed3) <= -1992/2227)
		((-1.0 * max_prop) <= -1992/2227)
		((-1.0 * delta) = 0.0)
		(_diverge_delta < 1.0)
		(p3_x = 0.0)
		(((-1.0 * proposed3) + max_prop) = 0.0)
		((-1.0 * p4_x) < -1992/2227)
		((-1.0 * p8_x) < -1992/2227)
		((-1.0 * proposed3) <= -40927/80172)
		((-1.0 * p0_x) < -1992/2227)
		((-1.0 * p2_x) < -1992/2227)
		((delta + _diverge_delta) < 1.0)
		((-1.0 * p5_x) < -1992/2227)
		(((-1.0 * proposed3) + p3_x) <= 0.0)
		((-1.0 * p9_x) < -1992/2227)
		((-1.0 * p6_x) < -1992/2227)
		((-1.0 * max_prop) < -40927/80172)
		((-1.0 * max_prop) < -1992/2227)
		((-1.0 * p1_x) < -1992/2227)
		((-1.0 * p7_x) < -40927/80172)
		((-1.0 * p3_x) <= 0.0)
	Trans 6 -- 7
		_x_p1_x = (p1_x + delta)
		_x_p5_x = (p5_x + delta)
		_x_p4_x = (p4_x + delta)
		_x_p9_x = (p9_x + delta)
		_x_p3_x = 0.0
		_x_delta = 0.0
		_x_p6_x = (p6_x + delta)
		_x_p7_x = (p7_x + delta)
		_x_p0_x = (p0_x + delta)
		_x__diverge_delta = (delta + _diverge_delta)
		_x_p8_x = (delta + p8_x)
		_x_p2_x = (delta + p2_x)
		_x_proposed3 = proposed3
		_x_p3_saved_max = max_prop
		_x_max_prop = proposed3
	State 7
		p0_saved_max = 2697/2227
		proposed2 = 1992/2227
		p5_l1 = False
		p5_l0 = False
		proposed5 = 1992/2227
		p8_l1 = False
		p8_l0 = False
		proposed8 = 1992/2227
		p6_saved_max = 2697/2227
		p1_l1 = False
		p1_l0 = False
		proposed1 = 1992/2227
		p9_saved_max = 2697/2227
		p4_l1 = False
		p4_l0 = False
		p2_saved_max = 2697/2227
		proposed4 = 1992/2227
		p7_l1 = False
		p7_l0 = False
		turn3 = False
		p0_l1 = False
		p0_l0 = False
		turn2 = False
		_J1417 = False
		_J1411 = False
		turn1 = True
		_J1405 = False
		proposed0 = 1992/2227
		turn0 = True
		_J1399 = False
		_EL_U_1372 = True
		_EL_U_1374 = False
		id3 = False
		_EL_U_1377 = True
		p8_saved_max = 2697/2227
		id2 = False
		p3_l1 = False
		_EL_U_1379 = False
		id1 = True
		p3_l0 = True
		p1_saved_max = 2697/2227
		id0 = True
		p6_l1 = False
		p6_l0 = False
		inc_max_prop = True
		proposed6 = 1992/2227
		p4_saved_max = 2697/2227
		p9_l1 = False
		p9_l0 = False
		proposed7 = 40927/80172
		p5_saved_max = 2697/2227
		proposed9 = 1992/2227
		p7_saved_max = 2697/2227
		p2_l1 = False
		p2_l0 = False
	Trans 7 -- 8
		_x_p1_x = (p1_x + delta)
		_x_p5_x = (p5_x + delta)
		_x_p4_x = (p4_x + delta)
		_x_p9_x = (p9_x + delta)
		_x_delta = 0.0
		_x_p6_x = (p6_x + delta)
		_x_p7_x = (p7_x + delta)
		_x_p0_x = (p0_x + delta)
		_x__diverge_delta = (delta + _diverge_delta)
		_x_p8_x = (delta + p8_x)
		_x_p2_x = (delta + p2_x)
		_x_proposed3 = proposed3
		_x_p3_saved_max = max_prop
		_x_p3_x = p3_x
		_x_max_prop = proposed3
	State 8
		p0_saved_max = 2697/2227
		proposed2 = 1992/2227
		p5_l1 = False
		p5_l0 = False
		proposed5 = 1992/2227
		p8_l1 = False
		p8_l0 = False
		proposed8 = 1992/2227
		p6_saved_max = 2697/2227
		p1_l1 = False
		p1_l0 = False
		proposed1 = 1992/2227
		p9_saved_max = 2697/2227
		p4_l1 = False
		p4_l0 = False
		p2_saved_max = 2697/2227
		proposed4 = 1992/2227
		p7_l1 = False
		p7_l0 = False
		turn3 = False
		p0_l1 = False
		p0_l0 = False
		turn2 = False
		_J1417 = True
		_J1411 = False
		turn1 = True
		_J1405 = True
		proposed0 = 1992/2227
		turn0 = True
		_J1399 = False
		_EL_U_1372 = True
		_EL_U_1374 = False
		id3 = False
		_EL_U_1377 = True
		p8_saved_max = 2697/2227
		id2 = False
		p3_l1 = True
		_EL_U_1379 = False
		id1 = True
		p3_l0 = True
		p1_saved_max = 2697/2227
		id0 = True
		p6_l1 = False
		p6_l0 = False
		inc_max_prop = True
		proposed6 = 1992/2227
		p4_saved_max = 2697/2227
		p9_l1 = False
		p9_l0 = False
		proposed7 = 40927/80172
		p5_saved_max = 2697/2227
		proposed9 = 1992/2227
		p7_saved_max = 2697/2227
		p2_l1 = False
		p2_l0 = False
	Trans 8 -- 9
		_x_p1_x = (p1_x + delta)
		_x_p5_x = (p5_x + delta)
		_x_p4_x = (p4_x + delta)
		_x_p9_x = (p9_x + delta)
		_x_p6_x = (p6_x + delta)
		_x_p7_x = (p7_x + delta)
		_x_p0_x = (p0_x + delta)
		_x__diverge_delta = (delta + _diverge_delta)
		_x_p8_x = (delta + p8_x)
		_x_p2_x = (delta + p2_x)
		_x_p3_saved_max = max_prop
		_x_p3_x = p3_x
		_x_max_prop = _x_proposed3
		_x_proposed3 = ((proposed3 + 747/2227) - ((p3_saved_max * 1/4) + (max_prop * 1/8)))
		_x_delta = (((p8_x * 1/2) + (p2_x * 1/8) + p7_x + p1_x + p9_x + p0_x + (p6_x * 1/2) + (p5_x * 1/2) + (max_prop * 1/4) + p4_x + (proposed3 * 1/2) + -1/4) - ((_diverge_delta * 2.0) + (p3_saved_max * 1/2)))
	State 9
		p0_saved_max = 2697/2227
		proposed2 = 1992/2227
		p5_l1 = False
		p5_l0 = False
		proposed5 = 1992/2227
		p8_l1 = False
		p8_l0 = False
		proposed8 = 1992/2227
		p6_saved_max = 2697/2227
		p1_l1 = False
		p1_l0 = False
		proposed1 = 1992/2227
		p9_saved_max = 2697/2227
		p4_l1 = False
		p4_l0 = False
		p2_saved_max = 2697/2227
		proposed4 = 1992/2227
		p7_l1 = False
		p7_l0 = False
		turn3 = False
		p0_l1 = False
		p0_l0 = False
		turn2 = False
		_J1417 = True
		_J1411 = False
		turn1 = True
		_J1405 = True
		proposed0 = 1992/2227
		turn0 = True
		_J1399 = False
		_EL_U_1372 = True
		_EL_U_1374 = False
		id3 = True
		_EL_U_1377 = True
		p8_saved_max = 2697/2227
		id2 = False
		p3_l1 = False
		_EL_U_1379 = False
		id1 = True
		p3_l0 = False
		p1_saved_max = 2697/2227
		id0 = False
		p6_l1 = False
		p6_l0 = False
		inc_max_prop = False
		proposed6 = 1992/2227
		p4_saved_max = 2697/2227
		p9_l1 = False
		p9_l0 = False
		proposed7 = 40927/80172
		p5_saved_max = 2697/2227
		proposed9 = 1992/2227
		p7_saved_max = 2697/2227
		p2_l1 = False
		p2_l0 = False
		(((-1.0 * p5_x) + (-1.0 * delta)) < -1992/2227)
		((-1.0 * proposed3) <= -1992/2227)
		(((-1.0 * _diverge_delta) + (-1.0 * delta)) <= -1.0)
		((-1.0 * proposed3) <= 0.0)
		(((-1.0 * p8_x) + (-1.0 * delta)) < -1992/2227)
		(((-1.0 * p1_x) + (-1.0 * delta)) < -1992/2227)
		(((-1.0 * p0_x) + (-1.0 * delta)) < -1992/2227)
		(((-1.0 * p9_x) + (-1.0 * delta)) < -1992/2227)
		(((-1.0 * p7_x) + (-1.0 * delta)) < -40927/80172)
		(((-1.0 * p2_x) + (-1.0 * delta)) < -1992/2227)
		(((-1.0 * p6_x) + (-1.0 * delta)) < -1992/2227)
		((-1.0 * proposed3) <= -40927/80172)
		((-1.0 * proposed3) < -40927/80172)
		(((-1.0 * p4_x) + (-1.0 * delta)) < -1992/2227)
		((-1.0 * proposed3) < -1992/2227)
	Trans 9 -- 10
		_x_p3_x = (delta + p3_x)
		_x_p1_x = (p1_x + delta)
		_x_p5_x = (p5_x + delta)
		_x_delta = 0.0
		_x_p4_x = (p4_x + delta)
		_x_p9_x = (p9_x + delta)
		_x_p6_x = (p6_x + delta)
		_x_p7_x = (p7_x + delta)
		_x_p0_x = (p0_x + delta)
		_x__diverge_delta = (delta + _diverge_delta)
		_x_p8_x = (delta + p8_x)
		_x_p3_saved_max = p3_saved_max
		_x_p2_x = (delta + p2_x)
		_x_proposed3 = proposed3
		_x_max_prop = proposed3
	State 10
		p0_saved_max = 2697/2227
		proposed2 = 1992/2227
		p5_l1 = False
		p5_l0 = False
		proposed5 = 1992/2227
		p8_l1 = False
		p8_l0 = False
		proposed8 = 1992/2227
		p6_saved_max = 2697/2227
		p1_l1 = False
		p1_l0 = False
		proposed1 = 1992/2227
		p9_saved_max = 2697/2227
		p4_l1 = False
		p4_l0 = False
		p2_saved_max = 2697/2227
		proposed4 = 1992/2227
		p7_l1 = False
		p7_l0 = False
		turn3 = False
		p0_l1 = False
		p0_l0 = False
		turn2 = False
		_J1417 = True
		_J1411 = False
		turn1 = True
		_J1405 = True
		proposed0 = 1992/2227
		turn0 = True
		_J1399 = True
		_EL_U_1372 = True
		_EL_U_1374 = False
		id3 = True
		_EL_U_1377 = True
		p8_saved_max = 2697/2227
		id2 = False
		p3_l1 = False
		_EL_U_1379 = False
		id1 = True
		p3_l0 = False
		p1_saved_max = 2697/2227
		id0 = False
		p6_l1 = False
		p6_l0 = False
		inc_max_prop = True
		proposed6 = 1992/2227
		p4_saved_max = 2697/2227
		p9_l1 = False
		p9_l0 = False
		proposed7 = 40927/80172
		p5_saved_max = 2697/2227
		proposed9 = 1992/2227
		p7_saved_max = 2697/2227
		p2_l1 = False
		p2_l0 = False
	Trans 10 -- 11
		_x_p1_x = (p1_x + delta)
		_x_p5_x = (p5_x + delta)
		_x_p9_x = (p9_x + delta)
		_x_delta = 0.0
		_x_p4_x = (p4_x + delta)
		_x__diverge_delta = delta
		_x_p3_x = 0.0
		_x_p6_x = (p6_x + delta)
		_x_p7_x = (p7_x + delta)
		_x_p0_x = (p0_x + delta)
		_x_p8_x = (delta + p8_x)
		_x_p2_x = (delta + p2_x)
		_x_proposed3 = proposed3
		_x_p3_saved_max = max_prop
		_x_max_prop = proposed3
	starting from: p0_saved_max : 2697/2227, proposed2 : 1992/2227, p2_x : 7184157/1060052, _diverge_delta : 0.0, delta : 0.0, p5_l1 : False, p5_l0 : False, proposed5 : 1992/2227, p3_saved_max : 2462/2227, p5_x : 7184157/1060052, max_prop : 2462/2227, p8_l1 : False, p8_l0 : False, proposed8 : 1992/2227, p6_saved_max : 2697/2227, p1_l1 : False, p1_l0 : False, p8_x : 7184157/1060052, proposed1 : 1992/2227, p9_saved_max : 2697/2227, p1_x : 7184157/1060052, p4_l1 : False, p4_l0 : False, proposed4 : 1992/2227, p2_saved_max : 2697/2227, p4_x : 7184157/1060052, p7_l1 : False, p7_l0 : False, proposed7 : 40927/80172, turn3 : False, p5_saved_max : 2697/2227, turn2 : False, _J1417 : True, p7_x : 7184157/1060052, turn1 : True, _J1411 : True, _J1405 : True, turn0 : True, _J1399 : True, _EL_U_1372 : True, proposed0 : 1992/2227, p0_x : 7184157/1060052, _EL_U_1374 : False, id3 : True, _EL_U_1377 : True, p8_saved_max : 2697/2227, id2 : False, p3_l1 : True, _EL_U_1379 : False, id1 : True, p3_l0 : False, p1_saved_max : 2697/2227, id0 : False, proposed3 : 2462/2227, p3_x : 0.0, p0_l1 : False, p6_l1 : False, p6_l0 : False, inc_max_prop : True, p0_l0 : False, proposed6 : 1992/2227, p4_saved_max : 2697/2227, p6_x : 7184157/1060052, p9_l1 : False, p9_l0 : False, proposed9 : 1992/2227, p7_saved_max : 2697/2227, p9_x : 7184157/1060052, p2_l1 : False, p2_l0 : False

end of `dynamic_fischer_0010`: SUCCESS in 706.1606338024139s
