

run 1/1: `dynamic_fischer_0009`

	Found non-termination argument:
	State 6
		delta = 0.0
		p8_l1 = False
		p8_l0 = False
		p8_saved_max = 8771312/3365699
		p7_l1 = False
		p7_l0 = False
		p6_saved_max = 8771312/3365699
		p5_l1 = True
		p3_saved_max = 8771312/3365699
		p2_l1 = False
		p2_l0 = False
		turn1 = False
		p2_saved_max = 8771312/3365699
		p1_l1 = False
		proposed1 = 12012146/16828495
		id1 = False
		turn0 = True
		p1_l0 = False
		turn3 = False
		turn2 = True
		p6_l0 = False
		proposed3 = 4816349/16828495
		id3 = True
		id2 = False
		proposed2 = 4816349/16828495
		proposed0 = 12012146/16828495
		id0 = True
		p4_saved_max = 8771312/3365699
		p3_l1 = False
		p0_saved_max = 8771312/3365699
		p5_l0 = False
		inc_max_prop = True
		p1_saved_max = 8771312/3365699
		p7_saved_max = 8771312/3365699
		p6_l1 = False
		proposed4 = 12012146/16828495
		proposed6 = 12012146/16828495
		proposed7 = 12012146/16828495
		proposed8 = 12012146/16828495
		p3_l0 = False
		p5_x = 0.0
		p4_l0 = False
		p0_l0 = False
		_diverge_delta = 0.0
		p4_l1 = False
		p0_l1 = False
		_J1277 = True
		_J1283 = True
		_J1289 = True
		_J1295 = True
		_EL_U_1250 = True
		_EL_U_1252 = False
		_EL_U_1255 = True
		_EL_U_1257 = False
		((-1.0 * p6_x) < 4816349/16828495)
		((-1.0 * p1_x) < 4816349/16828495)
		((-1.0 * p7_x) < 4816349/16828495)
		(((-1.0 * proposed5) + max_prop) = 0.0)
		((-1.0 * max_prop) <= -4816349/16828495)
		((-1.0 * p0_x) < 4816349/16828495)
		((-1.0 * max_prop) <= -12012146/16828495)
		((-1.0 * p6_x) < -12012146/16828495)
		((-1.0 * p1_x) < -12012146/16828495)
		((-1.0 * p7_x) < -12012146/16828495)
		((-1.0 * p0_x) < -12012146/16828495)
		((-1.0 * p2_x) < -4816349/16828495)
		((-1.0 * p8_x) < -12012146/16828495)
		((-1.0 * p3_x) < -4816349/16828495)
		((-1.0 * p4_x) < -12012146/16828495)
		((-1.0 * max_prop) < -4816349/16828495)
		((-1.0 * max_prop) < -12012146/16828495)
		((-1.0 * proposed5) <= 0.0)
		((-1.0 * p2_x) < 12012146/16828495)
		((-1.0 * p8_x) < 4816349/16828495)
		((-1.0 * proposed5) <= -4816349/16828495)
		((-1.0 * proposed5) <= -12012146/16828495)
		((-1.0 * p3_x) < 12012146/16828495)
		((-1.0 * p4_x) < 4816349/16828495)
	Trans 6 -- 7
		_x_p6_x = p6_x
		_x_p8_x = p8_x
		_x_max_prop = proposed5
		_x_proposed5 = proposed5
		_x_p3_x = p3_x
		_x_p1_x = p1_x
		_x_p4_x = p4_x
		_x_p0_x = p0_x
		_x_p2_x = p2_x
		_x_p5_saved_max = max_prop
		_x_p7_x = p7_x
	State 7
		delta = 0.0
		p8_l1 = False
		p8_l0 = False
		p8_saved_max = 8771312/3365699
		p7_l1 = False
		p7_l0 = False
		p6_saved_max = 8771312/3365699
		p5_l1 = False
		p3_saved_max = 8771312/3365699
		p2_l1 = False
		p2_l0 = False
		turn1 = False
		p2_saved_max = 8771312/3365699
		p1_l1 = False
		proposed1 = 12012146/16828495
		id1 = False
		turn0 = True
		p1_l0 = False
		turn3 = False
		turn2 = True
		p6_l0 = False
		proposed3 = 4816349/16828495
		id3 = False
		id2 = True
		proposed2 = 4816349/16828495
		proposed0 = 12012146/16828495
		id0 = True
		p4_saved_max = 8771312/3365699
		p3_l1 = False
		p0_saved_max = 8771312/3365699
		p5_l0 = True
		inc_max_prop = True
		p1_saved_max = 8771312/3365699
		p7_saved_max = 8771312/3365699
		p6_l1 = False
		proposed4 = 12012146/16828495
		proposed6 = 12012146/16828495
		proposed7 = 12012146/16828495
		proposed8 = 12012146/16828495
		p3_l0 = False
		p5_x = 0.0
		p4_l0 = False
		p0_l0 = False
		_diverge_delta = 0.0
		p4_l1 = False
		p0_l1 = False
		_J1277 = False
		_J1283 = False
		_J1289 = False
		_J1295 = False
		_EL_U_1250 = True
		_EL_U_1252 = False
		_EL_U_1255 = True
		_EL_U_1257 = False
	Trans 7 -- 8
		_x_p6_x = p6_x
		_x_p8_x = p8_x
		_x_max_prop = proposed5
		_x_proposed5 = proposed5
		_x_p3_x = p3_x
		_x_p1_x = p1_x
		_x_p4_x = p4_x
		_x_p0_x = p0_x
		_x_p2_x = p2_x
		_x_p5_saved_max = max_prop
		_x_p7_x = p7_x
	State 8
		delta = 1.0
		p8_l1 = False
		p8_l0 = False
		p8_saved_max = 8771312/3365699
		p7_l1 = False
		p7_l0 = False
		p6_saved_max = 8771312/3365699
		p5_l1 = True
		p3_saved_max = 8771312/3365699
		p2_l1 = False
		p2_l0 = False
		turn1 = False
		p2_saved_max = 8771312/3365699
		p1_l1 = False
		proposed1 = 12012146/16828495
		id1 = False
		turn0 = True
		p1_l0 = False
		turn3 = False
		turn2 = True
		p6_l0 = False
		proposed3 = 4816349/16828495
		id3 = False
		id2 = True
		proposed2 = 4816349/16828495
		proposed0 = 12012146/16828495
		id0 = True
		p4_saved_max = 8771312/3365699
		p3_l1 = False
		p0_saved_max = 8771312/3365699
		p5_l0 = True
		inc_max_prop = True
		p1_saved_max = 8771312/3365699
		p7_saved_max = 8771312/3365699
		p6_l1 = False
		proposed4 = 12012146/16828495
		proposed6 = 12012146/16828495
		proposed7 = 12012146/16828495
		proposed8 = 12012146/16828495
		p3_l0 = False
		p5_x = 0.0
		p4_l0 = False
		p0_l0 = False
		_diverge_delta = 0.0
		p4_l1 = False
		p0_l1 = False
		_J1277 = False
		_J1283 = True
		_J1289 = False
		_J1295 = True
		_EL_U_1250 = True
		_EL_U_1252 = False
		_EL_U_1255 = True
		_EL_U_1257 = False
	Trans 8 -- 9
		_x_p6_x = (p6_x + 1.0)
		_x_p8_x = (p8_x + 1.0)
		_x_max_prop = proposed5
		_x_proposed5 = proposed5
		_x_p3_x = (p3_x + 1.0)
		_x_p1_x = (p1_x + 1.0)
		_x_p4_x = (p4_x + 1.0)
		_x_p0_x = (p0_x + 1.0)
		_x_p2_x = (p2_x + 1.0)
		_x_p5_saved_max = p5_saved_max
		_x_p7_x = (p7_x + 1.0)
	State 9
		delta = 0.0
		p8_l1 = False
		p8_l0 = False
		p8_saved_max = 8771312/3365699
		p7_l1 = False
		p7_l0 = False
		p6_saved_max = 8771312/3365699
		p5_l1 = True
		p3_saved_max = 8771312/3365699
		p2_l1 = False
		p2_l0 = False
		turn1 = False
		p2_saved_max = 8771312/3365699
		p1_l1 = False
		proposed1 = 12012146/16828495
		id1 = False
		turn0 = True
		p1_l0 = False
		turn3 = False
		turn2 = True
		p6_l0 = False
		proposed3 = 4816349/16828495
		id3 = False
		id2 = True
		proposed2 = 4816349/16828495
		proposed0 = 12012146/16828495
		id0 = True
		p4_saved_max = 8771312/3365699
		p3_l1 = False
		p0_saved_max = 8771312/3365699
		p5_l0 = True
		inc_max_prop = True
		p1_saved_max = 8771312/3365699
		p7_saved_max = 8771312/3365699
		p6_l1 = False
		proposed4 = 12012146/16828495
		proposed6 = 12012146/16828495
		proposed7 = 12012146/16828495
		proposed8 = 12012146/16828495
		p3_l0 = False
		p5_x = 1.0
		p4_l0 = False
		p0_l0 = False
		_diverge_delta = 1.0
		p4_l1 = False
		p0_l1 = False
		_J1277 = False
		_J1283 = True
		_J1289 = False
		_J1295 = True
		_EL_U_1250 = True
		_EL_U_1252 = False
		_EL_U_1255 = True
		_EL_U_1257 = False
	Trans 9 -- 10
		_x_p6_x = p6_x
		_x_p8_x = p8_x
		_x_max_prop = _x_proposed5
		_x_proposed5 = (((max_prop * 1/4) + (proposed5 * 1/2) + 6006073/16828495) - (p5_saved_max * 1/4))
		_x_p3_x = p3_x
		_x_p1_x = p1_x
		_x_p4_x = p4_x
		_x_p0_x = p0_x
		_x_p2_x = p2_x
		_x_p5_saved_max = max_prop
		_x_p7_x = p7_x
	State 10
		delta = 0.0
		p8_l1 = False
		p8_l0 = False
		p8_saved_max = 8771312/3365699
		p7_l1 = False
		p7_l0 = False
		p6_saved_max = 8771312/3365699
		p5_l1 = False
		p3_saved_max = 8771312/3365699
		p2_l1 = False
		p2_l0 = False
		turn1 = False
		p2_saved_max = 8771312/3365699
		p1_l1 = False
		proposed1 = 12012146/16828495
		id1 = False
		turn0 = True
		p1_l0 = False
		turn3 = False
		turn2 = True
		p6_l0 = False
		proposed3 = 4816349/16828495
		id3 = True
		id2 = False
		proposed2 = 4816349/16828495
		proposed0 = 12012146/16828495
		id0 = True
		p4_saved_max = 8771312/3365699
		p3_l1 = False
		p0_saved_max = 8771312/3365699
		p5_l0 = False
		inc_max_prop = False
		p1_saved_max = 8771312/3365699
		p7_saved_max = 8771312/3365699
		p6_l1 = False
		proposed4 = 12012146/16828495
		proposed6 = 12012146/16828495
		proposed7 = 12012146/16828495
		proposed8 = 12012146/16828495
		p3_l0 = False
		p5_x = 1.0
		p4_l0 = False
		p0_l0 = False
		_diverge_delta = 0.0
		p4_l1 = False
		p0_l1 = False
		_J1277 = False
		_J1283 = True
		_J1289 = True
		_J1295 = True
		_EL_U_1250 = True
		_EL_U_1252 = False
		_EL_U_1255 = True
		_EL_U_1257 = False
		((-1.0 * proposed5) <= -4816349/16828495)
		((-1.0 * max_prop) <= -4816349/16828495)
		((-1.0 * proposed5) <= -12012146/16828495)
		((-1.0 * max_prop) <= -12012146/16828495)
		((-1.0 * proposed5) < -4816349/16828495)
		((-1.0 * proposed5) < -12012146/16828495)
		((-1.0 * proposed5) <= 0.0)
	Trans 10 -- 11
		_x_p6_x = p6_x
		_x_p8_x = p8_x
		_x_max_prop = proposed5
		_x_proposed5 = proposed5
		_x_p3_x = p3_x
		_x_p1_x = p1_x
		_x_p4_x = p4_x
		_x_p0_x = p0_x
		_x_p2_x = p2_x
		_x_p5_saved_max = max_prop
		_x_p7_x = p7_x
	starting from: {delta: 0.0, p8_l1: False, p8_l0: False, p8_saved_max: 8771312/3365699, p7_l1: False, p8_x: 8771312/3365699, p7_l0: False, p6_saved_max: 8771312/3365699, p5_l1: True, p3_saved_max: 8771312/3365699, p2_l1: False, p3_x: 8771312/3365699, p2_l0: False, turn1: False, p2_saved_max: 8771312/3365699, p1_l1: False, proposed1: 12012146/16828495, id1: False, turn0: True, p2_x: 8771312/3365699, p1_l0: False, turn3: False, turn2: True, p7_x: 8771312/3365699, p6_l0: False, proposed3: 4816349/16828495, id3: True, id2: False, proposed2: 4816349/16828495, proposed0: 12012146/16828495, id0: True, p4_saved_max: 8771312/3365699, p3_l1: False, p0_saved_max: 8771312/3365699, p6_x: 8771312/3365699, p5_l0: False, inc_max_prop: True, max_prop: 21644844/16828495, p1_saved_max: 8771312/3365699, p7_saved_max: 8771312/3365699, p6_l1: False, proposed4: 12012146/16828495, proposed5: 21644844/16828495, proposed6: 12012146/16828495, proposed7: 12012146/16828495, proposed8: 12012146/16828495, p1_x: 8771312/3365699, p4_x: 8771312/3365699, p3_l0: False, p0_x: 8771312/3365699, p5_x: 0.0, p4_l0: False, p0_l0: False, _diverge_delta: 0.0, p5_saved_max: 21644844/16828495, p4_l1: False, p0_l1: False, _J1277: True, _J1283: True, _J1289: True, _J1295: True, _EL_U_1250: True, _EL_U_1252: False, _EL_U_1255: True, _EL_U_1257: False}

end of `dynamic_fischer_0009`: SUCCESS in 1996.6217925548553s
