F3 run `dynamic_fischer_0008`

	Found non-termination argument:
	State 6
		proposed6 = 7/8
		p4_saved_max = 5/4
		_diverge_delta = 0.0
		p1_x = 0.0
		delta = 0.0
		p7_saved_max = 5/4
		proposed4 = 7/8
		p2_saved_max = 5/4
		proposed7 = 7/8
		proposed2 = 7/8
		p0_saved_max = 5/4
		p5_saved_max = 5/4
		proposed0 = 7/8
		proposed5 = 7/8
		p3_saved_max = 5/4
		p6_saved_max = 5/4
		proposed3 = 7/8
		p1_l1 = True
		p1_l0 = False
		inc_max_prop = True
		p4_l1 = False
		p4_l0 = False
		p7_l1 = False
		p7_l0 = False
		p0_l1 = False
		p0_l0 = False
		p3_l1 = False
		p3_l0 = False
		turn2 = False
		p6_l1 = False
		p6_l0 = False
		turn1 = False
		_J1151 = True
		turn0 = True
		_J1145 = True
		_J1139 = True
		_J1133 = True
		id3 = True
		_EL_U_1106 = True
		id2 = False
		_EL_U_1108 = False
		_EL_U_1111 = True
		id1 = False
		id0 = False
		_EL_U_1113 = False
		p2_l1 = False
		p2_l0 = False
		p5_l1 = False
		p5_l0 = False
		((-1.0 * p7_x) < 1/8)
		((-1.0 * p6_x) < 1.0)
		((-1.0 * p3_x) < 1/8)
		((-1.0 * p5_x) < 1/8)
		((-1.0 * p4_x) < 1/8)
		((-1.0 * p6_x) < 1/8)
		((-1.0 * p0_x) < 1/8)
		((-1.0 * p2_x) < 1/8)
		((-1.0 * p3_x) < 1.0)
		((-1.0 * proposed1) <= -7/8)
		((-1.0 * max_prop) <= -7/8)
		((-1.0 * p6_x) < 9/8)
		(((-1.0 * max_prop) + proposed1) = 0.0)
		((-1.0 * p7_x) < 9/8)
		((-1.0 * proposed1) <= 0.0)
		((-1.0 * p4_x) < -7/8)
		((-1.0 * max_prop) < -7/8)
		((-1.0 * p0_x) < 9/8)
		((-1.0 * p6_x) < -7/8)
		((-1.0 * p6_x) < 2.0)
		(((-1.0 * p1_saved_max) + max_prop) = 0.0)
		((-1.0 * p2_x) < 9/8)
		((-1.0 * p0_x) < -7/8)
		((-1.0 * p2_x) < -7/8)
		((-1.0 * p3_x) < 9/8)
		((-1.0 * p3_x) < 0.0)
		(max_prop < 5/4)
		((-1.0 * p3_x) < 2.0)
		((-1.0 * p5_x) < 9/8)
		((-1.0 * p7_x) < -7/8)
		((-1.0 * p6_x) < 0.0)
		((-1.0 * p3_x) < -7/8)
		((-1.0 * p4_x) < 9/8)
		((-1.0 * p5_x) < -7/8)
	Trans 6 -- 7
		_x_p0_x = p0_x
		_x_p7_x = p7_x
		_x_proposed1 = proposed1
		_x_p1_saved_max = max_prop
		_x_p6_x = p6_x
		_x_p5_x = p5_x
		_x_p2_x = p2_x
		_x_p4_x = p4_x
		_x_p3_x = p3_x
		_x_max_prop = proposed1
	State 7
		proposed6 = 7/8
		p4_saved_max = 5/4
		_diverge_delta = 0.0
		p1_x = 0.0
		delta = 0.0
		p7_saved_max = 5/4
		proposed4 = 7/8
		p2_saved_max = 5/4
		proposed7 = 7/8
		proposed2 = 7/8
		p0_saved_max = 5/4
		p5_saved_max = 5/4
		proposed0 = 7/8
		proposed5 = 7/8
		p3_saved_max = 5/4
		p6_saved_max = 5/4
		proposed3 = 7/8
		p1_l1 = False
		p1_l0 = True
		inc_max_prop = True
		p4_l1 = False
		p4_l0 = False
		p7_l1 = False
		p7_l0 = False
		p0_l1 = False
		p0_l0 = False
		p3_l1 = False
		p3_l0 = False
		turn2 = False
		p6_l1 = False
		p6_l0 = False
		turn1 = False
		_J1151 = False
		turn0 = True
		_J1145 = False
		_J1139 = False
		_J1133 = False
		id3 = False
		_EL_U_1106 = True
		id2 = False
		_EL_U_1108 = False
		_EL_U_1111 = True
		id1 = False
		id0 = True
		_EL_U_1113 = False
		p2_l1 = False
		p2_l0 = False
		p5_l1 = False
		p5_l0 = False
	Trans 7 -- 8
		_x_p0_x = p0_x
		_x_p7_x = p7_x
		_x_proposed1 = proposed1
		_x_p1_saved_max = max_prop
		_x_p6_x = p6_x
		_x_p5_x = p5_x
		_x_p2_x = p2_x
		_x_p4_x = p4_x
		_x_p3_x = p3_x
		_x_max_prop = proposed1
	State 8
		proposed6 = 7/8
		p4_saved_max = 5/4
		_diverge_delta = 0.0
		p1_x = 0.0
		delta = 0.0
		p7_saved_max = 5/4
		proposed4 = 7/8
		p2_saved_max = 5/4
		proposed7 = 7/8
		proposed2 = 7/8
		p0_saved_max = 5/4
		p5_saved_max = 5/4
		proposed0 = 7/8
		proposed5 = 7/8
		p3_saved_max = 5/4
		p6_saved_max = 5/4
		proposed3 = 7/8
		p1_l1 = True
		p1_l0 = True
		inc_max_prop = True
		p4_l1 = False
		p4_l0 = False
		p7_l1 = False
		p7_l0 = False
		p0_l1 = False
		p0_l0 = False
		p3_l1 = False
		p3_l0 = False
		turn2 = False
		p6_l1 = False
		p6_l0 = False
		turn1 = False
		_J1151 = True
		turn0 = True
		_J1145 = False
		_J1139 = True
		_J1133 = False
		id3 = False
		_EL_U_1106 = True
		id2 = False
		_EL_U_1108 = False
		_EL_U_1111 = True
		id1 = False
		id0 = True
		_EL_U_1113 = False
		p2_l1 = False
		p2_l0 = False
		p5_l1 = False
		p5_l0 = False
	Trans 8 -- 9
		_x_p0_x = p0_x
		_x_p7_x = p7_x
		_x_p1_saved_max = max_prop
		_x_p6_x = p6_x
		_x_p5_x = p5_x
		_x_p2_x = p2_x
		_x_p4_x = p4_x
		_x_p3_x = p3_x
		_x_max_prop = _x_proposed1
		_x_proposed1 = (((proposed1 * 31/14) + (-1.0 * max_prop) + 1/4) - (p1_saved_max * 1/2))
	State 9
		proposed6 = 7/8
		p4_saved_max = 5/4
		_diverge_delta = 0.0
		p1_x = 0.0
		delta = 1.0
		p7_saved_max = 5/4
		proposed4 = 7/8
		p2_saved_max = 5/4
		proposed7 = 7/8
		proposed2 = 7/8
		p0_saved_max = 5/4
		p5_saved_max = 5/4
		proposed0 = 7/8
		proposed5 = 7/8
		p3_saved_max = 5/4
		p6_saved_max = 5/4
		proposed3 = 7/8
		p1_l1 = False
		p1_l0 = False
		inc_max_prop = False
		p4_l1 = False
		p4_l0 = False
		p7_l1 = False
		p7_l0 = False
		p0_l1 = False
		p0_l0 = False
		p3_l1 = False
		p3_l0 = False
		turn2 = False
		p6_l1 = False
		p6_l0 = False
		turn1 = False
		_J1151 = True
		turn0 = True
		_J1145 = False
		_J1139 = True
		_J1133 = False
		id3 = True
		_EL_U_1106 = True
		id2 = False
		_EL_U_1108 = False
		_EL_U_1111 = True
		id1 = False
		id0 = False
		_EL_U_1113 = False
		p2_l1 = False
		p2_l0 = False
		p5_l1 = False
		p5_l0 = False
		(proposed1 < 5/4)
		((-1.0 * proposed1) < -7/8)
		((-1.0 * proposed1) <= -7/8)
		((-1.0 * proposed1) <= 0.0)
	Trans 9 -- 10
		_x_p6_x = (p6_x + 1.0)
		_x_p1_saved_max = p1_saved_max
		_x_proposed1 = proposed1
		_x_p3_x = (p3_x + 1.0)
		_x_p5_x = (p5_x + 1.0)
		_x_p0_x = (p0_x + 1.0)
		_x_p2_x = (p2_x + 1.0)
		_x_p4_x = (p4_x + 1.0)
		_x_p7_x = (p7_x + 1.0)
		_x_max_prop = ((proposed1 * 1/8) + (max_prop * 1/2) + (p1_saved_max * 15/56) + 3/32)
	State 10
		proposed6 = 7/8
		p4_saved_max = 5/4
		_diverge_delta = 1.0
		p1_x = 1.0
		delta = 0.0
		p7_saved_max = 5/4
		proposed4 = 7/8
		p2_saved_max = 5/4
		proposed7 = 7/8
		proposed2 = 7/8
		p0_saved_max = 5/4
		p5_saved_max = 5/4
		proposed0 = 7/8
		proposed5 = 7/8
		p3_saved_max = 5/4
		p6_saved_max = 5/4
		proposed3 = 7/8
		p1_l1 = False
		p1_l0 = False
		inc_max_prop = True
		p4_l1 = False
		p4_l0 = False
		p7_l1 = False
		p7_l0 = False
		p0_l1 = False
		p0_l0 = False
		p3_l1 = False
		p3_l0 = False
		turn2 = False
		p6_l1 = False
		p6_l0 = False
		turn1 = False
		_J1151 = True
		turn0 = True
		_J1145 = False
		_J1139 = True
		_J1133 = True
		id3 = True
		_EL_U_1106 = True
		id2 = False
		_EL_U_1108 = False
		_EL_U_1111 = True
		id1 = False
		id0 = False
		_EL_U_1113 = False
		p2_l1 = False
		p2_l0 = False
		p5_l1 = False
		p5_l0 = False
		((-1.0 * max_prop) <= -7/8)
		(((-1.0 * max_prop) + proposed1) = 0.0)
	Trans 10 -- 11
		_x_p0_x = p0_x
		_x_p7_x = p7_x
		_x_proposed1 = proposed1
		_x_p1_saved_max = max_prop
		_x_p6_x = p6_x
		_x_p5_x = p5_x
		_x_p2_x = p2_x
		_x_p4_x = p4_x
		_x_p3_x = p3_x
		_x_max_prop = proposed1
	starting from: p1_l1 : True, p1_l0 : False, proposed1 : 9/8, _diverge_delta : 0.0, inc_max_prop : True, p1_x : 0.0, delta : 0.0, p4_l1 : False, p4_l0 : False, proposed4 : 7/8, p2_saved_max : 5/4, p4_x : 9/2, max_prop : 9/8, p7_l1 : False, p7_l0 : False, proposed7 : 7/8, p5_saved_max : 5/4, p7_x : 9/2, p0_l1 : False, p0_l0 : False, proposed0 : 7/8, p0_x : 9/2, p3_l1 : False, p3_l0 : False, proposed3 : 7/8, p1_saved_max : 9/8, turn2 : False, p3_x : 9/2, p6_l1 : False, p6_l0 : False, turn1 : False, _J1151 : True, turn0 : True, proposed6 : 7/8, _J1145 : True, _J1139 : True, p4_saved_max : 5/4, id3 : True, p6_x : 9/2, _J1133 : True, id2 : False, _EL_U_1106 : True, _EL_U_1108 : False, id1 : False, _EL_U_1111 : True, id0 : False, p7_saved_max : 5/4, _EL_U_1113 : False, p2_l1 : False, p2_l0 : False, proposed2 : 7/8, p0_saved_max : 5/4, p2_x : 9/2, p5_l1 : False, p5_l0 : False, proposed5 : 7/8, p3_saved_max : 5/4, p5_x : 9/2, p6_saved_max : 5/4

end of `dynamic_fischer_0008`: SUCCESS in 64.37315320968628s
