F3 run `dynamic_fischer_0006`

	Found non-termination argument:
	State 6
		proposed2 = 45/74
		p0_saved_max = 66/37
		p5_saved_max = 66/37
		proposed1 = 45/74
		_diverge_delta = 0.0
		delta = 0.0
		proposed0 = 45/74
		proposed5 = 29/74
		p3_saved_max = 66/37
		p2_saved_max = 66/37
		p4_x = 0.0
		proposed3 = 45/74
		p1_saved_max = 66/37
		p0_l1 = False
		p0_l0 = False
		p3_l1 = False
		p3_l0 = False
		inc_max_prop = True
		turn2 = True
		_J885 = True
		turn1 = False
		_J879 = True
		turn0 = False
		_J873 = True
		p2_l1 = False
		p2_l0 = False
		_J867 = True
		id2 = True
		_EL_U_840 = True
		id1 = True
		_EL_U_842 = False
		_EL_U_845 = True
		id0 = False
		p5_l1 = False
		p5_l0 = False
		_EL_U_847 = False
		p1_l1 = False
		p1_l0 = False
		p4_l1 = True
		p4_l0 = False
		((-1.0 * max_prop) <= -45/74)
		((-1.0 * max_prop) <= -29/74)
		((-1.0 * p3_x) < -45/74)
		((-1.0 * p5_x) < -29/74)
		((-1.0 * proposed4) <= 0.0)
		((-1.0 * p0_x) < -45/74)
		((-1.0 * max_prop) < -29/74)
		((-1.0 * max_prop) < -45/74)
		((-1.0 * p3_x) < 103/74)
		((-1.0 * p2_x) < 103/74)
		(((-1.0 * p4_saved_max) + max_prop) = 0.0)
		((-1.0 * p1_x) < -45/74)
		(max_prop < 66/37)
		((-1.0 * p5_x) < 119/74)
		((-1.0 * p0_x) < 103/74)
		((-1.0 * p2_x) < -45/74)
		((-1.0 * p1_x) < 103/74)
		((-1.0 * p2_x) < 29/74)
		((-1.0 * proposed4) <= -45/74)
		((-1.0 * p3_x) < 29/74)
		((-1.0 * proposed4) <= -29/74)
		((-1.0 * p5_x) < 45/74)
		((-1.0 * p0_x) < 29/74)
		((-1.0 * p1_x) < 29/74)
		(((-1.0 * proposed4) + max_prop) = 0.0)
	Trans 6 -- 7
		_x_p5_x = p5_x
		_x_proposed4 = proposed4
		_x_p0_x = p0_x
		_x_p2_x = p2_x
		_x_p4_saved_max = max_prop
		_x_p1_x = p1_x
		_x_p3_x = p3_x
		_x_max_prop = proposed4
	State 7
		proposed2 = 45/74
		p0_saved_max = 66/37
		p5_saved_max = 66/37
		proposed1 = 45/74
		_diverge_delta = 0.0
		delta = 0.0
		proposed0 = 45/74
		proposed5 = 29/74
		p3_saved_max = 66/37
		p2_saved_max = 66/37
		p4_x = 0.0
		proposed3 = 45/74
		p1_saved_max = 66/37
		p0_l1 = False
		p0_l0 = False
		p3_l1 = False
		p3_l0 = False
		inc_max_prop = True
		turn2 = True
		_J885 = False
		turn1 = False
		_J879 = False
		turn0 = False
		_J873 = False
		p2_l1 = False
		p2_l0 = False
		_J867 = False
		id2 = True
		_EL_U_840 = True
		id1 = False
		_EL_U_842 = False
		_EL_U_845 = True
		id0 = False
		p5_l1 = False
		p5_l0 = False
		_EL_U_847 = False
		p1_l1 = False
		p1_l0 = False
		p4_l1 = False
		p4_l0 = True
	Trans 7 -- 8
		_x_p5_x = p5_x
		_x_proposed4 = proposed4
		_x_p0_x = p0_x
		_x_p2_x = p2_x
		_x_p4_saved_max = max_prop
		_x_p1_x = p1_x
		_x_p3_x = p3_x
		_x_max_prop = proposed4
	State 8
		proposed2 = 45/74
		p0_saved_max = 66/37
		p5_saved_max = 66/37
		proposed1 = 45/74
		_diverge_delta = 0.0
		delta = 0.0
		proposed0 = 45/74
		proposed5 = 29/74
		p3_saved_max = 66/37
		p2_saved_max = 66/37
		p4_x = 0.0
		proposed3 = 45/74
		p1_saved_max = 66/37
		p0_l1 = False
		p0_l0 = False
		p3_l1 = False
		p3_l0 = False
		inc_max_prop = True
		turn2 = True
		_J885 = True
		turn1 = False
		_J879 = False
		turn0 = False
		_J873 = True
		p2_l1 = False
		p2_l0 = False
		_J867 = False
		id2 = True
		_EL_U_840 = True
		id1 = False
		_EL_U_842 = False
		_EL_U_845 = True
		id0 = False
		p5_l1 = False
		p5_l0 = False
		_EL_U_847 = False
		p1_l1 = False
		p1_l0 = False
		p4_l1 = True
		p4_l0 = True
	Trans 8 -- 9
		_x_p5_x = p5_x
		_x_p0_x = p0_x
		_x_p2_x = p2_x
		_x_p4_saved_max = max_prop
		_x_p1_x = p1_x
		_x_p3_x = p3_x
		_x_max_prop = _x_proposed4
		_x_proposed4 = (((p4_saved_max * 1/8) + (proposed4 * 1/2) + 315/592) - (max_prop * 1/2))
	State 9
		proposed2 = 45/74
		p0_saved_max = 66/37
		p5_saved_max = 66/37
		proposed1 = 45/74
		_diverge_delta = 0.0
		delta = 1.0
		proposed0 = 45/74
		proposed5 = 29/74
		p3_saved_max = 66/37
		p2_saved_max = 66/37
		p4_x = 0.0
		proposed3 = 45/74
		p1_saved_max = 66/37
		p0_l1 = False
		p0_l0 = False
		p3_l1 = False
		p3_l0 = False
		inc_max_prop = False
		turn2 = True
		_J885 = True
		turn1 = False
		_J879 = False
		turn0 = False
		_J873 = True
		p2_l1 = False
		p2_l0 = False
		_J867 = False
		id2 = True
		_EL_U_840 = True
		id1 = True
		_EL_U_842 = False
		_EL_U_845 = True
		id0 = False
		p5_l1 = False
		p5_l0 = False
		_EL_U_847 = False
		p1_l1 = False
		p1_l0 = False
		p4_l1 = False
		p4_l0 = False
		((-1.0 * proposed4) <= -45/74)
		((-1.0 * proposed4) <= -29/74)
		((-1.0 * proposed4) < -29/74)
		(proposed4 < 66/37)
		((-1.0 * proposed4) < -45/74)
		((-1.0 * proposed4) <= 0.0)
	Trans 9 -- 10
		_x_p2_x = (p2_x + 1.0)
		_x_proposed4 = proposed4
		_x_p5_x = (p5_x + 1.0)
		_x_p4_saved_max = p4_saved_max
		_x_p1_x = (p1_x + 1.0)
		_x_p3_x = (p3_x + 1.0)
		_x_p0_x = (p0_x + 1.0)
		_x_max_prop = (((p4_saved_max * 1/4) + 315/296) - ((proposed4 * 1/2) + (max_prop * 1/2)))
	State 10
		proposed2 = 45/74
		p0_saved_max = 66/37
		p5_saved_max = 66/37
		proposed1 = 45/74
		_diverge_delta = 1.0
		delta = 0.0
		proposed0 = 45/74
		proposed5 = 29/74
		p3_saved_max = 66/37
		p2_saved_max = 66/37
		p4_x = 1.0
		proposed3 = 45/74
		p1_saved_max = 66/37
		p0_l1 = False
		p0_l0 = False
		p3_l1 = False
		p3_l0 = False
		inc_max_prop = True
		turn2 = True
		_J885 = True
		turn1 = False
		_J879 = False
		turn0 = False
		_J873 = True
		p2_l1 = False
		p2_l0 = False
		_J867 = True
		id2 = True
		_EL_U_840 = True
		id1 = True
		_EL_U_842 = False
		_EL_U_845 = True
		id0 = False
		p5_l1 = False
		p5_l0 = False
		_EL_U_847 = False
		p1_l1 = False
		p1_l0 = False
		p4_l1 = False
		p4_l0 = False
		((-1.0 * max_prop) <= -45/74)
		(((-1.0 * max_prop) + proposed4) = 0.0)
	Trans 10 -- 11
		_x_p5_x = p5_x
		_x_proposed4 = proposed4
		_x_p0_x = p0_x
		_x_p2_x = p2_x
		_x_p4_saved_max = max_prop
		_x_p1_x = p1_x
		_x_p3_x = p3_x
		_x_max_prop = proposed4
	starting from: p5_saved_max : 66/37, p0_l1 : False, p0_l0 : False, _diverge_delta : 0.0, delta : 0.0, proposed0 : 45/74, p0_x : 7033/2072, p3_l1 : False, p3_l0 : False, max_prop : 103/74, proposed3 : 45/74, p1_saved_max : 66/37, p3_x : 7033/2072, p4_saved_max : 103/74, inc_max_prop : True, turn2 : True, turn1 : False, _J885 : True, _J879 : True, p2_l1 : False, turn0 : False, p2_l0 : False, _J873 : True, _J867 : True, proposed2 : 45/74, id2 : True, p0_saved_max : 66/37, id1 : True, _EL_U_840 : True, p2_x : 7033/2072, id0 : False, p5_l1 : False, p5_l0 : False, _EL_U_842 : False, _EL_U_845 : True, _EL_U_847 : False, proposed5 : 29/74, p3_saved_max : 66/37, p5_x : 7033/2072, p1_l1 : False, p1_l0 : False, proposed1 : 45/74, p1_x : 7033/2072, p4_l1 : True, p4_l0 : False, proposed4 : 103/74, p2_saved_max : 66/37, p4_x : 0.0

end of `dynamic_fischer_0006`: SUCCESS in 48.406280517578125s
