

run 1/1: `dynamic_fischer_0011`

	Found non-termination argument:
	State 6
		delta = 0.0
		_diverge_delta = 0.0
		p10_l1 = False
		p9_l1 = False
		p9_saved_max = 15275291/4224832
		p0_l1 = False
		p9_l0 = False
		p4_l1 = False
		p4_l0 = False
		proposed10 = 129229/132026
		proposed9 = 129229/132026
		proposed8 = 129229/132026
		proposed7 = 129229/132026
		proposed6 = 129229/132026
		p7_saved_max = 15275291/4224832
		proposed5 = 129229/132026
		proposed4 = 129229/132026
		proposed2 = 5406325095/5711972864
		p1_l0 = False
		p6_l1 = False
		inc_max_prop = True
		p5_l0 = False
		p1_saved_max = 15275291/4224832
		id1 = True
		id2 = False
		id0 = True
		p7_l1 = False
		p8_saved_max = 15275291/4224832
		id3 = True
		turn0 = True
		p5_saved_max = 15275291/4224832
		turn1 = True
		p3_l0 = False
		proposed0 = 129229/132026
		p10_saved_max = 15275291/4224832
		turn2 = False
		p0_saved_max = 15275291/4224832
		turn3 = False
		proposed1 = 129229/132026
		p6_l0 = False
		p1_l1 = False
		p2_saved_max = 15275291/4224832
		p2_l0 = False
		p3_x = 0.0
		p7_l0 = False
		p2_l1 = False
		p10_l0 = False
		p5_l1 = False
		p0_l0 = False
		p6_saved_max = 15275291/4224832
		p3_l1 = True
		p8_l0 = False
		p4_saved_max = 15275291/4224832
		p8_l1 = False
		_J1521 = True
		_J1527 = True
		_J1533 = True
		_J1539 = True
		_EL_U_1494 = True
		_EL_U_1496 = False
		_EL_U_1499 = True
		_EL_U_1501 = False
		((-1.0 * proposed3) <= -129229/132026)
		((-1.0 * p8_x) < 2797/132026)
		((-1.0 * proposed3) <= -5406325095/5711972864)
		((-1.0 * p5_x) < 2797/132026)
		((-1.0 * p10_x) < 2797/132026)
		((-1.0 * p6_x) < 2797/132026)
		((-1.0 * max_prop) <= -129229/132026)
		((-1.0 * max_prop) <= -5406325095/5711972864)
		((-1.0 * p0_x) < 2797/132026)
		(((-1.0 * max_prop) + proposed3) = 0.0)
		((-1.0 * p8_x) < -129229/132026)
		((-1.0 * p5_x) < -129229/132026)
		((-1.0 * p7_x) < 2797/132026)
		((-1.0 * p10_x) < -129229/132026)
		((-1.0 * p6_x) < -129229/132026)
		((-1.0 * p0_x) < -129229/132026)
		((-1.0 * p2_x) < 305647769/5711972864)
		((-1.0 * p7_x) < -129229/132026)
		((-1.0 * p2_x) < -5406325095/5711972864)
		((-1.0 * p1_x) < -129229/132026)
		((-1.0 * proposed3) <= 0.0)
		((-1.0 * max_prop) < -5406325095/5711972864)
		((-1.0 * p1_x) < 2797/132026)
		((-1.0 * p4_x) < -129229/132026)
		((-1.0 * p9_x) < -129229/132026)
		((-1.0 * max_prop) < -129229/132026)
		((-1.0 * p4_x) < 2797/132026)
		((-1.0 * p9_x) < 2797/132026)
	Trans 6 -- 7
		_x_p6_x = p6_x
		_x_p9_x = p9_x
		_x_p5_x = p5_x
		_x_p10_x = p10_x
		_x_p0_x = p0_x
		_x_p1_x = p1_x
		_x_p4_x = p4_x
		_x_proposed3 = proposed3
		_x_p7_x = p7_x
		_x_p2_x = p2_x
		_x_max_prop = proposed3
		_x_p8_x = p8_x
		_x_p3_saved_max = max_prop
	State 7
		delta = 0.0
		_diverge_delta = 0.0
		p10_l1 = False
		p9_l1 = False
		p9_saved_max = 15275291/4224832
		p0_l1 = False
		p9_l0 = False
		p4_l1 = False
		p4_l0 = False
		proposed10 = 129229/132026
		proposed9 = 129229/132026
		proposed8 = 129229/132026
		proposed7 = 129229/132026
		proposed6 = 129229/132026
		p7_saved_max = 15275291/4224832
		proposed5 = 129229/132026
		proposed4 = 129229/132026
		proposed2 = 5406325095/5711972864
		p1_l0 = False
		p6_l1 = False
		inc_max_prop = True
		p5_l0 = False
		p1_saved_max = 15275291/4224832
		id1 = True
		id2 = False
		id0 = True
		p7_l1 = False
		p8_saved_max = 15275291/4224832
		id3 = False
		turn0 = True
		p5_saved_max = 15275291/4224832
		turn1 = True
		p3_l0 = True
		proposed0 = 129229/132026
		p10_saved_max = 15275291/4224832
		turn2 = False
		p0_saved_max = 15275291/4224832
		turn3 = False
		proposed1 = 129229/132026
		p6_l0 = False
		p1_l1 = False
		p2_saved_max = 15275291/4224832
		p2_l0 = False
		p3_x = 0.0
		p7_l0 = False
		p2_l1 = False
		p10_l0 = False
		p5_l1 = False
		p0_l0 = False
		p6_saved_max = 15275291/4224832
		p3_l1 = False
		p8_l0 = False
		p4_saved_max = 15275291/4224832
		p8_l1 = False
		_J1521 = False
		_J1527 = False
		_J1533 = False
		_J1539 = False
		_EL_U_1494 = True
		_EL_U_1496 = False
		_EL_U_1499 = True
		_EL_U_1501 = False
	Trans 7 -- 8
		_x_p6_x = p6_x
		_x_p9_x = p9_x
		_x_p5_x = p5_x
		_x_p10_x = p10_x
		_x_p0_x = p0_x
		_x_p1_x = p1_x
		_x_p4_x = p4_x
		_x_proposed3 = proposed3
		_x_p7_x = p7_x
		_x_p2_x = p2_x
		_x_max_prop = proposed3
		_x_p8_x = p8_x
		_x_p3_saved_max = max_prop
	State 8
		delta = 1.0
		_diverge_delta = 0.0
		p10_l1 = False
		p9_l1 = False
		p9_saved_max = 15275291/4224832
		p0_l1 = False
		p9_l0 = False
		p4_l1 = False
		p4_l0 = False
		proposed10 = 129229/132026
		proposed9 = 129229/132026
		proposed8 = 129229/132026
		proposed7 = 129229/132026
		proposed6 = 129229/132026
		p7_saved_max = 15275291/4224832
		proposed5 = 129229/132026
		proposed4 = 129229/132026
		proposed2 = 5406325095/5711972864
		p1_l0 = False
		p6_l1 = False
		inc_max_prop = True
		p5_l0 = False
		p1_saved_max = 15275291/4224832
		id1 = True
		id2 = False
		id0 = True
		p7_l1 = False
		p8_saved_max = 15275291/4224832
		id3 = False
		turn0 = True
		p5_saved_max = 15275291/4224832
		turn1 = True
		p3_l0 = True
		proposed0 = 129229/132026
		p10_saved_max = 15275291/4224832
		turn2 = False
		p0_saved_max = 15275291/4224832
		turn3 = False
		proposed1 = 129229/132026
		p6_l0 = False
		p1_l1 = False
		p2_saved_max = 15275291/4224832
		p2_l0 = False
		p3_x = 0.0
		p7_l0 = False
		p2_l1 = False
		p10_l0 = False
		p5_l1 = False
		p0_l0 = False
		p6_saved_max = 15275291/4224832
		p3_l1 = True
		p8_l0 = False
		p4_saved_max = 15275291/4224832
		p8_l1 = False
		_J1521 = False
		_J1527 = True
		_J1533 = False
		_J1539 = True
		_EL_U_1494 = True
		_EL_U_1496 = False
		_EL_U_1499 = True
		_EL_U_1501 = False
	Trans 8 -- 9
		_x_p6_x = (p6_x + 1.0)
		_x_p9_x = (p9_x + 1.0)
		_x_p5_x = (p5_x + 1.0)
		_x_p10_x = (p10_x + 1.0)
		_x_p0_x = (p0_x + 1.0)
		_x_p1_x = (p1_x + 1.0)
		_x_p4_x = (p4_x + 1.0)
		_x_proposed3 = proposed3
		_x_p7_x = (p7_x + 1.0)
		_x_p2_x = (p2_x + 1.0)
		_x_max_prop = proposed3
		_x_p8_x = (p8_x + 1.0)
		_x_p3_saved_max = p3_saved_max
	State 9
		delta = 0.0
		_diverge_delta = 1.0
		p10_l1 = False
		p9_l1 = False
		p9_saved_max = 15275291/4224832
		p0_l1 = False
		p9_l0 = False
		p4_l1 = False
		p4_l0 = False
		proposed10 = 129229/132026
		proposed9 = 129229/132026
		proposed8 = 129229/132026
		proposed7 = 129229/132026
		proposed6 = 129229/132026
		p7_saved_max = 15275291/4224832
		proposed5 = 129229/132026
		proposed4 = 129229/132026
		proposed2 = 5406325095/5711972864
		p1_l0 = False
		p6_l1 = False
		inc_max_prop = True
		p5_l0 = False
		p1_saved_max = 15275291/4224832
		id1 = True
		id2 = False
		id0 = True
		p7_l1 = False
		p8_saved_max = 15275291/4224832
		id3 = False
		turn0 = True
		p5_saved_max = 15275291/4224832
		turn1 = True
		p3_l0 = True
		proposed0 = 129229/132026
		p10_saved_max = 15275291/4224832
		turn2 = False
		p0_saved_max = 15275291/4224832
		turn3 = False
		proposed1 = 129229/132026
		p6_l0 = False
		p1_l1 = False
		p2_saved_max = 15275291/4224832
		p2_l0 = False
		p3_x = 1.0
		p7_l0 = False
		p2_l1 = False
		p10_l0 = False
		p5_l1 = False
		p0_l0 = False
		p6_saved_max = 15275291/4224832
		p3_l1 = True
		p8_l0 = False
		p4_saved_max = 15275291/4224832
		p8_l1 = False
		_J1521 = False
		_J1527 = True
		_J1533 = False
		_J1539 = True
		_EL_U_1494 = True
		_EL_U_1496 = False
		_EL_U_1499 = True
		_EL_U_1501 = False
	Trans 9 -- 10
		_x_p6_x = p6_x
		_x_p9_x = p9_x
		_x_p5_x = p5_x
		_x_p10_x = p10_x
		_x_p0_x = p0_x
		_x_p1_x = p1_x
		_x_p4_x = p4_x
		_x_proposed3 = _x_max_prop
		_x_p7_x = p7_x
		_x_p2_x = p2_x
		_x_max_prop = ((p3_saved_max + 1/2) - ((proposed3 * 398875/1033832) + (max_prop * 1/8)))
		_x_p8_x = p8_x
		_x_p3_saved_max = max_prop
	State 10
		delta = 0.0
		_diverge_delta = 0.0
		p10_l1 = False
		p9_l1 = False
		p9_saved_max = 15275291/4224832
		p0_l1 = False
		p9_l0 = False
		p4_l1 = False
		p4_l0 = False
		proposed10 = 129229/132026
		proposed9 = 129229/132026
		proposed8 = 129229/132026
		proposed7 = 129229/132026
		proposed6 = 129229/132026
		p7_saved_max = 15275291/4224832
		proposed5 = 129229/132026
		proposed4 = 129229/132026
		proposed2 = 5406325095/5711972864
		p1_l0 = False
		p6_l1 = False
		inc_max_prop = False
		p5_l0 = False
		p1_saved_max = 15275291/4224832
		id1 = True
		id2 = False
		id0 = True
		p7_l1 = False
		p8_saved_max = 15275291/4224832
		id3 = True
		turn0 = True
		p5_saved_max = 15275291/4224832
		turn1 = True
		p3_l0 = False
		proposed0 = 129229/132026
		p10_saved_max = 15275291/4224832
		turn2 = False
		p0_saved_max = 15275291/4224832
		turn3 = False
		proposed1 = 129229/132026
		p6_l0 = False
		p1_l1 = False
		p2_saved_max = 15275291/4224832
		p2_l0 = False
		p3_x = 1.0
		p7_l0 = False
		p2_l1 = False
		p10_l0 = False
		p5_l1 = False
		p0_l0 = False
		p6_saved_max = 15275291/4224832
		p3_l1 = False
		p8_l0 = False
		p4_saved_max = 15275291/4224832
		p8_l1 = False
		_J1521 = False
		_J1527 = True
		_J1533 = True
		_J1539 = True
		_EL_U_1494 = True
		_EL_U_1496 = False
		_EL_U_1499 = True
		_EL_U_1501 = False
		((-1.0 * proposed3) <= -129229/132026)
		((-1.0 * proposed3) <= 0.0)
		((-1.0 * proposed3) <= -5406325095/5711972864)
		((-1.0 * proposed3) < -129229/132026)
		((-1.0 * max_prop) <= -129229/132026)
		((-1.0 * max_prop) <= -5406325095/5711972864)
		((-1.0 * proposed3) < -5406325095/5711972864)
	Trans 10 -- 11
		_x_p6_x = p6_x
		_x_p9_x = p9_x
		_x_p5_x = p5_x
		_x_p10_x = p10_x
		_x_p0_x = p0_x
		_x_p1_x = p1_x
		_x_p4_x = p4_x
		_x_proposed3 = proposed3
		_x_p7_x = p7_x
		_x_p2_x = p2_x
		_x_max_prop = proposed3
		_x_p8_x = p8_x
		_x_p3_saved_max = max_prop
	starting from: {delta: 0.0, _diverge_delta: 0.0, p10_l1: False, p9_l1: False, p9_saved_max: 15275291/4224832, p0_l1: False, p9_l0: False, p4_l1: False, p4_l0: False, p1_x: 108468865/8449664, proposed10: 129229/132026, proposed9: 129229/132026, proposed8: 129229/132026, proposed7: 129229/132026, proposed6: 129229/132026, p7_saved_max: 15275291/4224832, proposed5: 129229/132026, proposed4: 129229/132026, proposed3: 15185787/4224832, p2_x: 108468865/8449664, proposed2: 5406325095/5711972864, p1_l0: False, max_prop: 15185787/4224832, p6_l1: False, inc_max_prop: True, p5_l0: False, p1_saved_max: 15275291/4224832, p6_x: 108468865/8449664, id1: True, id2: False, id0: True, p7_l1: False, p8_saved_max: 15275291/4224832, id3: True, p5_x: 108468865/8449664, turn0: True, p10_x: 108468865/8449664, p5_saved_max: 15275291/4224832, turn1: True, p0_x: 108468865/8449664, p3_l0: False, p4_x: 108468865/8449664, proposed0: 129229/132026, p10_saved_max: 15275291/4224832, turn2: False, p0_saved_max: 15275291/4224832, turn3: False, proposed1: 129229/132026, p6_l0: False, p1_l1: False, p7_x: 108468865/8449664, p2_saved_max: 15275291/4224832, p2_l0: False, p3_x: 0.0, p7_l0: False, p2_l1: False, p8_x: 108468865/8449664, p3_saved_max: 15185787/4224832, p10_l0: False, p5_l1: False, p0_l0: False, p6_saved_max: 15275291/4224832, p3_l1: True, p8_l0: False, p4_saved_max: 15275291/4224832, p9_x: 108468865/8449664, p8_l1: False, _J1521: True, _J1527: True, _J1533: True, _J1539: True, _EL_U_1494: True, _EL_U_1496: False, _EL_U_1499: True, _EL_U_1501: False}

end of `dynamic_fischer_0011`: SUCCESS in 54.19205045700073s
