Traceback (most recent call last):
  File "/home/F3/src/run_f3.py", line 444, in <module>
    main(config_args().parse_args())
  File "/home/F3/src/run_f3.py", line 440, in main
    run_f3(bench, out_dir)
  File "/home/F3/src/run_f3.py", line 260, in run_f3
    res = solve_problem(prob, label, out_dir)
  File "/home/F3/src/run_f3.py", line 251, in solve_problem
    return run_ltl_test(problem, env, label, out_dir)
  File "/home/F3/src/run_f3.py", line 113, in run_ltl_test
    return search_nonterm(env, symbols, init, trans, fairness,
  File "/home/F3/src/run_f3.py", line 169, in search_nonterm
    _, arg0, arg1 = search_funnel_bmc(env, symbols, init, trans,
  File "/home/F3/src/main.py", line 250, in search_funnel_bmc
    is_rf, args = rf_or_funnel_from_trace(env, symbols, trace, abst_path,
  File "/home/F3/src/main.py", line 631, in rf_or_funnel_from_trace
    model = instantiate_funnel_template(nontermarg)
  File "/home/F3/src/main.py", line 703, in instantiate_funnel_template
    model = funnel_t.motzkin_instantiate(extra=learn if get_fun_learn_ef()
  File "/home/F3/src/funnel.py", line 649, in motzkin_instantiate
    for c in self.generate_motzkin_constr():
  File "/home/F3/src/funnel.py", line 839, in generate_motzkin_constr
    yield from motzkin_transpose(self.env, constrs,
  File "/home/F3/src/motzkin.py", line 145, in motzkin_transpose
    log(f"\t    {serialize(symb)}  <{ineq_type}>  {ineq}", _LOG_LVL)
  File "/home/F3/src/ineq.py", line 216, in __repr__
    buf.write(" + ".join(f"{repr(val)} * {serialize(key)}"
  File "/home/F3/src/ineq.py", line 216, in <genexpr>
    buf.write(" + ".join(f"{repr(val)} * {serialize(key)}"
  File "/usr/local/lib/python3.8/dist-packages/PySMT-0.9.1.dev332-py3.8.egg/pysmt/printers.py", line 345, in serialize
    p = self.PrinterClass(buf, env=self.env)
  File "/usr/local/lib/python3.8/dist-packages/PySMT-0.9.1.dev332-py3.8.egg/pysmt/printers.py", line 34, in __init__
    TreeWalker.__init__(self, env=env)
  File "/usr/local/lib/python3.8/dist-packages/PySMT-0.9.1.dev332-py3.8.egg/pysmt/walkers/tree.py", line 36, in __init__
    Walker.__init__(self, env)
  File "/usr/local/lib/python3.8/dist-packages/PySMT-0.9.1.dev332-py3.8.egg/pysmt/walkers/generic.py", line 85, in __init__
    self.functions[o] = getattr(self, nt_to_fun(o))
  File "/usr/local/lib/python3.8/dist-packages/PySMT-0.9.1.dev332-py3.8.egg/pysmt/walkers/generic.py", line 32, in nt_to_fun
    return "walk_%s" % op.op_to_str(o).lower()
KeyboardInterrupt
real 3602.22
user 0.00
sys 0.00
