

run 1/1: `dynamic_fischer_0023`

	Found non-termination argument:
	State 6
		delta = 0.0
		_diverge_delta = 0.0
		p5_l0 = False
		p3_saved_max = 213/218
		proposed9 = 20047/22672
		p7_l0 = False
		id4 = True
		p5_saved_max = 213/218
		p4_l1 = False
		p9_l0 = False
		p0_l1 = False
		p11_saved_max = 213/218
		p4_l0 = False
		p0_l0 = False
		p4_saved_max = 213/218
		p3_l1 = False
		proposed1 = 20047/22672
		p8_l0 = False
		p0_saved_max = 213/218
		p3_l0 = False
		proposed0 = 20047/22672
		proposed22 = 20047/22672
		proposed21 = 20047/22672
		turn1 = True
		id2 = True
		id1 = True
		proposed20 = 20047/22672
		p2_saved_max = 213/218
		proposed17 = 20047/22672
		p6_l0 = False
		turn3 = False
		proposed19 = 20047/22672
		inc_max_prop = True
		turn2 = True
		id0 = True
		p22_l1 = False
		proposed4 = 20047/22672
		p18_l1 = False
		turn0 = False
		id3 = False
		turn4 = False
		proposed2 = 20047/22672
		p8_l1 = False
		p13_l0 = False
		p13_l1 = False
		p18_l0 = False
		p1_saved_max = 213/218
		p6_x = 0.0
		p8_saved_max = 213/218
		p13_saved_max = 213/218
		p18_saved_max = 213/218
		p5_l1 = False
		p10_l0 = False
		p6_l1 = True
		p11_l0 = False
		proposed18 = 20047/22672
		p7_saved_max = 213/218
		proposed15 = 20047/22672
		proposed10 = 20047/22672
		p7_l1 = False
		proposed7 = 20047/22672
		p12_l0 = False
		p9_saved_max = 213/218
		p9_l1 = False
		p14_l0 = False
		p10_saved_max = 213/218
		p10_l1 = False
		p15_l0 = False
		p11_l1 = False
		p16_l0 = False
		proposed16 = 20047/22672
		p12_saved_max = 213/218
		proposed13 = 20047/22672
		proposed8 = 20047/22672
		p12_l1 = False
		proposed5 = 20047/22672
		p17_l0 = False
		p14_saved_max = 213/218
		p14_l1 = False
		p19_l0 = False
		p15_saved_max = 213/218
		p15_l1 = False
		p20_l0 = False
		p16_saved_max = 213/218
		p1_l0 = False
		p16_l1 = False
		p21_l0 = False
		proposed14 = 20047/22672
		p17_saved_max = 213/218
		p2_l0 = False
		proposed11 = 20047/22672
		p17_l1 = False
		proposed3 = 20047/22672
		p22_l0 = False
		p19_saved_max = 213/218
		p19_l1 = False
		p20_saved_max = 213/218
		p20_l1 = False
		p1_l1 = False
		p21_saved_max = 213/218
		p21_l1 = False
		p2_l1 = False
		proposed12 = 20047/22672
		p22_saved_max = 213/218
		_J3061 = True
		_J3067 = True
		_J3073 = True
		_J3079 = True
		_EL_U_3034 = True
		_EL_U_3036 = False
		_EL_U_3039 = True
		_EL_U_3041 = False
		((-1.0 * p11_x) < 2625/22672)
		((-1.0 * p5_x) < 2625/22672)
		((-1.0 * p12_x) <= 1.0)
		((-1.0 * p18_x) < 2625/22672)
		((-1.0 * max_prop) <= -20047/22672)
		((-1.0 * p12_x) < 2625/22672)
		(((-1.0 * proposed6) + max_prop) = 0.0)
		((-1.0 * p19_x) < 2625/22672)
		((-1.0 * p10_x) < -20047/22672)
		((-1.0 * p4_x) < -20047/22672)
		((-1.0 * p17_x) < -20047/22672)
		((-1.0 * p0_x) < 2625/22672)
		((-1.0 * p11_x) < -20047/22672)
		((-1.0 * p5_x) < -20047/22672)
		((-1.0 * p9_x) < 1.0)
		((-1.0 * p12_x) <= 0.0)
		((-1.0 * p18_x) < -20047/22672)
		((-1.0 * p12_x) < -20047/22672)
		((-1.0 * p13_x) < 2625/22672)
		((-1.0 * p19_x) < -20047/22672)
		((-1.0 * p0_x) < -20047/22672)
		((-1.0 * p9_x) < 0.0)
		((-1.0 * p7_x) < 2625/22672)
		((-1.0 * p13_x) < -20047/22672)
		((-1.0 * p7_x) < -20047/22672)
		((-1.0 * p1_x) < -20047/22672)
		((-1.0 * p1_x) < 2625/22672)
		((-1.0 * p20_x) < -20047/22672)
		((-1.0 * p14_x) < -20047/22672)
		((-1.0 * p8_x) < -20047/22672)
		((-1.0 * p20_x) < 2625/22672)
		((-1.0 * p2_x) < -20047/22672)
		((-1.0 * p21_x) < -20047/22672)
		((-1.0 * p15_x) < -20047/22672)
		((-1.0 * p14_x) < 2625/22672)
		((-1.0 * p3_x) < -20047/22672)
		((-1.0 * p21_x) < 2625/22672)
		((-1.0 * p22_x) < -20047/22672)
		((-1.0 * p16_x) < -20047/22672)
		((-1.0 * p9_x) < -20047/22672)
		((-1.0 * proposed6) <= 0.0)
		((-1.0 * max_prop) < -20047/22672)
		((-1.0 * p10_x) < 0.0)
		((-1.0 * p8_x) < 2625/22672)
		((-1.0 * p15_x) < 2625/22672)
		((-1.0 * proposed6) <= -20047/22672)
		((-1.0 * p2_x) < 2625/22672)
		((-1.0 * p3_x) < 2625/22672)
		((-1.0 * p22_x) < 2625/22672)
		((-1.0 * p16_x) < 2625/22672)
		((-1.0 * p9_x) < 2625/22672)
		((-1.0 * p10_x) < 1.0)
		((-1.0 * p10_x) < 2625/22672)
		((-1.0 * p4_x) < 2625/22672)
		((-1.0 * p17_x) < 2625/22672)
	Trans 6 -- 7
		_x_p1_x = p1_x
		_x_p13_x = p13_x
		_x_p18_x = p18_x
		_x_p8_x = p8_x
		_x_p3_x = p3_x
		_x_p10_x = p10_x
		_x_p12_x = p12_x
		_x_p16_x = p16_x
		_x_p5_x = p5_x
		_x_p14_x = p14_x
		_x_p6_saved_max = max_prop
		_x_p11_x = p11_x
		_x_p15_x = p15_x
		_x_p9_x = p9_x
		_x_p4_x = p4_x
		_x_p17_x = p17_x
		_x_p0_x = p0_x
		_x_p19_x = p19_x
		_x_max_prop = proposed6
		_x_p20_x = p20_x
		_x_p7_x = p7_x
		_x_p21_x = p21_x
		_x_p2_x = p2_x
		_x_p22_x = p22_x
		_x_proposed6 = proposed6
	State 7
		delta = 1.0
		_diverge_delta = 0.0
		p5_l0 = False
		p3_saved_max = 213/218
		proposed9 = 20047/22672
		p7_l0 = False
		id4 = False
		p5_saved_max = 213/218
		p4_l1 = False
		p9_l0 = False
		p0_l1 = False
		p11_saved_max = 213/218
		p4_l0 = False
		p0_l0 = False
		p4_saved_max = 213/218
		p3_l1 = False
		proposed1 = 20047/22672
		p8_l0 = False
		p0_saved_max = 213/218
		p3_l0 = False
		proposed0 = 20047/22672
		proposed22 = 20047/22672
		proposed21 = 20047/22672
		turn1 = True
		id2 = True
		id1 = True
		proposed20 = 20047/22672
		p2_saved_max = 213/218
		proposed17 = 20047/22672
		p6_l0 = True
		turn3 = False
		proposed19 = 20047/22672
		inc_max_prop = True
		turn2 = True
		id0 = False
		p22_l1 = False
		proposed4 = 20047/22672
		p18_l1 = False
		turn0 = False
		id3 = False
		turn4 = False
		proposed2 = 20047/22672
		p8_l1 = False
		p13_l0 = False
		p13_l1 = False
		p18_l0 = False
		p1_saved_max = 213/218
		p6_x = 0.0
		p8_saved_max = 213/218
		p13_saved_max = 213/218
		p18_saved_max = 213/218
		p5_l1 = False
		p10_l0 = False
		p6_l1 = False
		p11_l0 = False
		proposed18 = 20047/22672
		p7_saved_max = 213/218
		proposed15 = 20047/22672
		proposed10 = 20047/22672
		p7_l1 = False
		proposed7 = 20047/22672
		p12_l0 = False
		p9_saved_max = 213/218
		p9_l1 = False
		p14_l0 = False
		p10_saved_max = 213/218
		p10_l1 = False
		p15_l0 = False
		p11_l1 = False
		p16_l0 = False
		proposed16 = 20047/22672
		p12_saved_max = 213/218
		proposed13 = 20047/22672
		proposed8 = 20047/22672
		p12_l1 = False
		proposed5 = 20047/22672
		p17_l0 = False
		p14_saved_max = 213/218
		p14_l1 = False
		p19_l0 = False
		p15_saved_max = 213/218
		p15_l1 = False
		p20_l0 = False
		p16_saved_max = 213/218
		p1_l0 = False
		p16_l1 = False
		p21_l0 = False
		proposed14 = 20047/22672
		p17_saved_max = 213/218
		p2_l0 = False
		proposed11 = 20047/22672
		p17_l1 = False
		proposed3 = 20047/22672
		p22_l0 = False
		p19_saved_max = 213/218
		p19_l1 = False
		p20_saved_max = 213/218
		p20_l1 = False
		p1_l1 = False
		p21_saved_max = 213/218
		p21_l1 = False
		p2_l1 = False
		proposed12 = 20047/22672
		p22_saved_max = 213/218
		_J3061 = False
		_J3067 = False
		_J3073 = False
		_J3079 = False
		_EL_U_3034 = True
		_EL_U_3036 = False
		_EL_U_3039 = True
		_EL_U_3041 = False
	Trans 7 -- 8
		_x_p1_x = (p1_x + 1.0)
		_x_p13_x = (p13_x + 1.0)
		_x_p18_x = (p18_x + 1.0)
		_x_p8_x = (p8_x + 1.0)
		_x_p3_x = (p3_x + 1.0)
		_x_p10_x = (p10_x + 1.0)
		_x_p12_x = (p12_x + 1.0)
		_x_p16_x = (p16_x + 1.0)
		_x_p5_x = (p5_x + 1.0)
		_x_p14_x = (p14_x + 1.0)
		_x_p6_saved_max = p6_saved_max
		_x_p11_x = (p11_x + 1.0)
		_x_p15_x = (p15_x + 1.0)
		_x_p9_x = (p9_x + 1.0)
		_x_p4_x = (p4_x + 1.0)
		_x_p17_x = (p17_x + 1.0)
		_x_p0_x = (p0_x + 1.0)
		_x_p19_x = (p19_x + 1.0)
		_x_max_prop = proposed6
		_x_p20_x = (p20_x + 1.0)
		_x_p7_x = (p7_x + 1.0)
		_x_p21_x = (p21_x + 1.0)
		_x_p2_x = (p2_x + 1.0)
		_x_p22_x = (p22_x + 1.0)
		_x_proposed6 = proposed6
	State 8
		delta = 0.0
		_diverge_delta = 1.0
		p5_l0 = False
		p3_saved_max = 213/218
		proposed9 = 20047/22672
		p7_l0 = False
		id4 = False
		p5_saved_max = 213/218
		p4_l1 = False
		p9_l0 = False
		p0_l1 = False
		p11_saved_max = 213/218
		p4_l0 = False
		p0_l0 = False
		p4_saved_max = 213/218
		p3_l1 = False
		proposed1 = 20047/22672
		p8_l0 = False
		p0_saved_max = 213/218
		p3_l0 = False
		proposed0 = 20047/22672
		proposed22 = 20047/22672
		proposed21 = 20047/22672
		turn1 = True
		id2 = True
		id1 = True
		proposed20 = 20047/22672
		p2_saved_max = 213/218
		proposed17 = 20047/22672
		p6_l0 = True
		turn3 = False
		proposed19 = 20047/22672
		inc_max_prop = True
		turn2 = True
		id0 = False
		p22_l1 = False
		proposed4 = 20047/22672
		p18_l1 = False
		turn0 = False
		id3 = False
		turn4 = False
		proposed2 = 20047/22672
		p8_l1 = False
		p13_l0 = False
		p13_l1 = False
		p18_l0 = False
		p1_saved_max = 213/218
		p6_x = 1.0
		p8_saved_max = 213/218
		p13_saved_max = 213/218
		p18_saved_max = 213/218
		p5_l1 = False
		p10_l0 = False
		p6_l1 = False
		p11_l0 = False
		proposed18 = 20047/22672
		p7_saved_max = 213/218
		proposed15 = 20047/22672
		proposed10 = 20047/22672
		p7_l1 = False
		proposed7 = 20047/22672
		p12_l0 = False
		p9_saved_max = 213/218
		p9_l1 = False
		p14_l0 = False
		p10_saved_max = 213/218
		p10_l1 = False
		p15_l0 = False
		p11_l1 = False
		p16_l0 = False
		proposed16 = 20047/22672
		p12_saved_max = 213/218
		proposed13 = 20047/22672
		proposed8 = 20047/22672
		p12_l1 = False
		proposed5 = 20047/22672
		p17_l0 = False
		p14_saved_max = 213/218
		p14_l1 = False
		p19_l0 = False
		p15_saved_max = 213/218
		p15_l1 = False
		p20_l0 = False
		p16_saved_max = 213/218
		p1_l0 = False
		p16_l1 = False
		p21_l0 = False
		proposed14 = 20047/22672
		p17_saved_max = 213/218
		p2_l0 = False
		proposed11 = 20047/22672
		p17_l1 = False
		proposed3 = 20047/22672
		p22_l0 = False
		p19_saved_max = 213/218
		p19_l1 = False
		p20_saved_max = 213/218
		p20_l1 = False
		p1_l1 = False
		p21_saved_max = 213/218
		p21_l1 = False
		p2_l1 = False
		proposed12 = 20047/22672
		p22_saved_max = 213/218
		_J3061 = False
		_J3067 = True
		_J3073 = False
		_J3079 = True
		_EL_U_3034 = True
		_EL_U_3036 = False
		_EL_U_3039 = True
		_EL_U_3041 = False
	Trans 8 -- 9
		_x_p1_x = p1_x
		_x_p13_x = p13_x
		_x_p18_x = p18_x
		_x_p8_x = p8_x
		_x_p3_x = p3_x
		_x_p10_x = p10_x
		_x_p12_x = p12_x
		_x_p16_x = p16_x
		_x_p5_x = p5_x
		_x_p14_x = p14_x
		_x_p6_saved_max = max_prop
		_x_p11_x = p11_x
		_x_p15_x = p15_x
		_x_p9_x = p9_x
		_x_p4_x = p4_x
		_x_p17_x = p17_x
		_x_p0_x = p0_x
		_x_p19_x = p19_x
		_x_max_prop = proposed6
		_x_p20_x = p20_x
		_x_p7_x = p7_x
		_x_p21_x = p21_x
		_x_p2_x = p2_x
		_x_p22_x = p22_x
		_x_proposed6 = proposed6
	State 9
		delta = 0.0
		_diverge_delta = 0.0
		p5_l0 = False
		p3_saved_max = 213/218
		proposed9 = 20047/22672
		p7_l0 = False
		id4 = False
		p5_saved_max = 213/218
		p4_l1 = False
		p9_l0 = False
		p0_l1 = False
		p11_saved_max = 213/218
		p4_l0 = False
		p0_l0 = False
		p4_saved_max = 213/218
		p3_l1 = False
		proposed1 = 20047/22672
		p8_l0 = False
		p0_saved_max = 213/218
		p3_l0 = False
		proposed0 = 20047/22672
		proposed22 = 20047/22672
		proposed21 = 20047/22672
		turn1 = True
		id2 = True
		id1 = True
		proposed20 = 20047/22672
		p2_saved_max = 213/218
		proposed17 = 20047/22672
		p6_l0 = True
		turn3 = False
		proposed19 = 20047/22672
		inc_max_prop = True
		turn2 = True
		id0 = False
		p22_l1 = False
		proposed4 = 20047/22672
		p18_l1 = False
		turn0 = False
		id3 = False
		turn4 = False
		proposed2 = 20047/22672
		p8_l1 = False
		p13_l0 = False
		p13_l1 = False
		p18_l0 = False
		p1_saved_max = 213/218
		p6_x = 1.0
		p8_saved_max = 213/218
		p13_saved_max = 213/218
		p18_saved_max = 213/218
		p5_l1 = False
		p10_l0 = False
		p6_l1 = True
		p11_l0 = False
		proposed18 = 20047/22672
		p7_saved_max = 213/218
		proposed15 = 20047/22672
		proposed10 = 20047/22672
		p7_l1 = False
		proposed7 = 20047/22672
		p12_l0 = False
		p9_saved_max = 213/218
		p9_l1 = False
		p14_l0 = False
		p10_saved_max = 213/218
		p10_l1 = False
		p15_l0 = False
		p11_l1 = False
		p16_l0 = False
		proposed16 = 20047/22672
		p12_saved_max = 213/218
		proposed13 = 20047/22672
		proposed8 = 20047/22672
		p12_l1 = False
		proposed5 = 20047/22672
		p17_l0 = False
		p14_saved_max = 213/218
		p14_l1 = False
		p19_l0 = False
		p15_saved_max = 213/218
		p15_l1 = False
		p20_l0 = False
		p16_saved_max = 213/218
		p1_l0 = False
		p16_l1 = False
		p21_l0 = False
		proposed14 = 20047/22672
		p17_saved_max = 213/218
		p2_l0 = False
		proposed11 = 20047/22672
		p17_l1 = False
		proposed3 = 20047/22672
		p22_l0 = False
		p19_saved_max = 213/218
		p19_l1 = False
		p20_saved_max = 213/218
		p20_l1 = False
		p1_l1 = False
		p21_saved_max = 213/218
		p21_l1 = False
		p2_l1 = False
		proposed12 = 20047/22672
		p22_saved_max = 213/218
		_J3061 = False
		_J3067 = True
		_J3073 = True
		_J3079 = True
		_EL_U_3034 = True
		_EL_U_3036 = False
		_EL_U_3039 = True
		_EL_U_3041 = False
	Trans 9 -- 10
		_x_p1_x = p1_x
		_x_p13_x = p13_x
		_x_p18_x = p18_x
		_x_p8_x = p8_x
		_x_p3_x = p3_x
		_x_p10_x = p10_x
		_x_p12_x = p12_x
		_x_p16_x = p16_x
		_x_p5_x = p5_x
		_x_p14_x = p14_x
		_x_p6_saved_max = max_prop
		_x_p11_x = p11_x
		_x_p15_x = p15_x
		_x_p9_x = p9_x
		_x_p4_x = p4_x
		_x_p17_x = p17_x
		_x_p0_x = p0_x
		_x_p19_x = p19_x
		_x_max_prop = _x_proposed6
		_x_p20_x = p20_x
		_x_p7_x = p7_x
		_x_p21_x = p21_x
		_x_p2_x = p2_x
		_x_p22_x = p22_x
		_x_proposed6 = (((p6_saved_max * 1/2) + (max_prop * 1/4) + 20047/45344) - (proposed6 * 1/4))
	State 10
		delta = 0.0
		_diverge_delta = 0.0
		p5_l0 = False
		p3_saved_max = 213/218
		proposed9 = 20047/22672
		p7_l0 = False
		id4 = True
		p5_saved_max = 213/218
		p4_l1 = False
		p9_l0 = False
		p0_l1 = False
		p11_saved_max = 213/218
		p4_l0 = False
		p0_l0 = False
		p4_saved_max = 213/218
		p3_l1 = False
		proposed1 = 20047/22672
		p8_l0 = False
		p0_saved_max = 213/218
		p3_l0 = False
		proposed0 = 20047/22672
		proposed22 = 20047/22672
		proposed21 = 20047/22672
		turn1 = True
		id2 = True
		id1 = True
		proposed20 = 20047/22672
		p2_saved_max = 213/218
		proposed17 = 20047/22672
		p6_l0 = False
		turn3 = False
		proposed19 = 20047/22672
		inc_max_prop = False
		turn2 = True
		id0 = True
		p22_l1 = False
		proposed4 = 20047/22672
		p18_l1 = False
		turn0 = False
		id3 = False
		turn4 = False
		proposed2 = 20047/22672
		p8_l1 = False
		p13_l0 = False
		p13_l1 = False
		p18_l0 = False
		p1_saved_max = 213/218
		p6_x = 1.0
		p8_saved_max = 213/218
		p13_saved_max = 213/218
		p18_saved_max = 213/218
		p5_l1 = False
		p10_l0 = False
		p6_l1 = False
		p11_l0 = False
		proposed18 = 20047/22672
		p7_saved_max = 213/218
		proposed15 = 20047/22672
		proposed10 = 20047/22672
		p7_l1 = False
		proposed7 = 20047/22672
		p12_l0 = False
		p9_saved_max = 213/218
		p9_l1 = False
		p14_l0 = False
		p10_saved_max = 213/218
		p10_l1 = False
		p15_l0 = False
		p11_l1 = False
		p16_l0 = False
		proposed16 = 20047/22672
		p12_saved_max = 213/218
		proposed13 = 20047/22672
		proposed8 = 20047/22672
		p12_l1 = False
		proposed5 = 20047/22672
		p17_l0 = False
		p14_saved_max = 213/218
		p14_l1 = False
		p19_l0 = False
		p15_saved_max = 213/218
		p15_l1 = False
		p20_l0 = False
		p16_saved_max = 213/218
		p1_l0 = False
		p16_l1 = False
		p21_l0 = False
		proposed14 = 20047/22672
		p17_saved_max = 213/218
		p2_l0 = False
		proposed11 = 20047/22672
		p17_l1 = False
		proposed3 = 20047/22672
		p22_l0 = False
		p19_saved_max = 213/218
		p19_l1 = False
		p20_saved_max = 213/218
		p20_l1 = False
		p1_l1 = False
		p21_saved_max = 213/218
		p21_l1 = False
		p2_l1 = False
		proposed12 = 20047/22672
		p22_saved_max = 213/218
		_J3061 = False
		_J3067 = True
		_J3073 = True
		_J3079 = True
		_EL_U_3034 = True
		_EL_U_3036 = False
		_EL_U_3039 = True
		_EL_U_3041 = False
		((-1.0 * max_prop) <= -20047/22672)
		((-1.0 * proposed6) < -20047/22672)
		((-1.0 * proposed6) <= 0.0)
		((-1.0 * proposed6) <= -20047/22672)
	Trans 10 -- 11
		_x_p1_x = p1_x
		_x_p13_x = p13_x
		_x_p18_x = p18_x
		_x_p8_x = p8_x
		_x_p3_x = p3_x
		_x_p10_x = p10_x
		_x_p12_x = p12_x
		_x_p16_x = p16_x
		_x_p5_x = p5_x
		_x_p14_x = p14_x
		_x_p6_saved_max = max_prop
		_x_p11_x = p11_x
		_x_p15_x = p15_x
		_x_p9_x = p9_x
		_x_p4_x = p4_x
		_x_p17_x = p17_x
		_x_p0_x = p0_x
		_x_p19_x = p19_x
		_x_max_prop = proposed6
		_x_p20_x = p20_x
		_x_p7_x = p7_x
		_x_p21_x = p21_x
		_x_p2_x = p2_x
		_x_p22_x = p22_x
		_x_proposed6 = proposed6
	starting from: {delta: 0.0, _diverge_delta: 0.0, p5_l0: False, p3_saved_max: 213/218, p8_x: 213/218, proposed9: 20047/22672, p7_l0: False, p3_x: 213/218, id4: True, p5_saved_max: 213/218, p10_x: 213/218, p4_l1: False, p9_l0: False, p0_l1: False, p11_saved_max: 213/218, p16_x: 213/218, p5_x: 213/218, p4_l0: False, p0_l0: False, p6_saved_max: 21087/22672, p11_x: 213/218, p4_saved_max: 213/218, p9_x: 213/218, p3_l1: False, proposed1: 20047/22672, p8_l0: False, p0_saved_max: 213/218, p4_x: 213/218, p3_l0: False, proposed0: 20047/22672, p0_x: 213/218, proposed22: 20047/22672, proposed21: 20047/22672, turn1: True, id2: True, id1: True, max_prop: 21087/22672, proposed20: 20047/22672, p2_saved_max: 213/218, proposed17: 20047/22672, p7_x: 213/218, p6_l0: False, turn3: False, proposed19: 20047/22672, p2_x: 213/218, inc_max_prop: True, turn2: True, id0: True, p22_l1: False, proposed4: 20047/22672, p18_l1: False, turn0: False, id3: False, turn4: False, proposed2: 20047/22672, p8_l1: False, p13_l0: False, p13_l1: False, p18_l0: False, p1_x: 213/218, p1_saved_max: 213/218, p6_x: 0.0, p8_saved_max: 213/218, p13_x: 213/218, p13_saved_max: 213/218, p18_x: 213/218, p18_saved_max: 213/218, p5_l1: False, p10_l0: False, p6_l1: True, p11_l0: False, proposed18: 20047/22672, p7_saved_max: 213/218, proposed15: 20047/22672, p12_x: 213/218, proposed10: 20047/22672, p7_l1: False, proposed7: 20047/22672, p12_l0: False, p9_saved_max: 213/218, p14_x: 213/218, p9_l1: False, p14_l0: False, p10_saved_max: 213/218, p15_x: 213/218, p10_l1: False, p15_l0: False, p11_l1: False, p16_l0: False, proposed16: 20047/22672, p12_saved_max: 213/218, proposed13: 20047/22672, p17_x: 213/218, proposed8: 20047/22672, p12_l1: False, proposed5: 20047/22672, p17_l0: False, p14_saved_max: 213/218, p19_x: 213/218, p14_l1: False, p19_l0: False, p15_saved_max: 213/218, p20_x: 213/218, p15_l1: False, p20_l0: False, p16_saved_max: 213/218, p1_l0: False, p21_x: 213/218, p16_l1: False, p21_l0: False, proposed14: 20047/22672, p17_saved_max: 213/218, p2_l0: False, proposed11: 20047/22672, p22_x: 213/218, proposed6: 21087/22672, p17_l1: False, proposed3: 20047/22672, p22_l0: False, p19_saved_max: 213/218, p19_l1: False, p20_saved_max: 213/218, p20_l1: False, p1_l1: False, p21_saved_max: 213/218, p21_l1: False, p2_l1: False, proposed12: 20047/22672, p22_saved_max: 213/218, _J3061: True, _J3067: True, _J3073: True, _J3079: True, _EL_U_3034: True, _EL_U_3036: False, _EL_U_3039: True, _EL_U_3041: False}

end of `dynamic_fischer_0023`: SUCCESS in 1292.374850511551s
