Traceback (most recent call last):
  File "/home/F3/src/run_f3.py", line 444, in <module>
    main(config_args().parse_args())
  File "/home/F3/src/run_f3.py", line 440, in main
    run_f3(bench, out_dir)
  File "/home/F3/src/run_f3.py", line 260, in run_f3
    res = solve_problem(prob, label, out_dir)
  File "/home/F3/src/run_f3.py", line 251, in solve_problem
    return run_ltl_test(problem, env, label, out_dir)
  File "/home/F3/src/run_f3.py", line 113, in run_ltl_test
    return search_nonterm(env, symbols, init, trans, fairness,
  File "/home/F3/src/run_f3.py", line 169, in search_nonterm
    _, arg0, arg1 = search_funnel_bmc(env, symbols, init, trans,
  File "/home/F3/src/main.py", line 250, in search_funnel_bmc
    is_rf, args = rf_or_funnel_from_trace(env, symbols, trace, abst_path,
  File "/home/F3/src/main.py", line 675, in rf_or_funnel_from_trace
    model = instantiate_funnel_template(nontermarg)
  File "/home/F3/src/main.py", line 747, in instantiate_funnel_template
    model = funnel_t.motzkin_instantiate(extra=learn if get_fun_learn_ef()
  File "/home/F3/src/funnel.py", line 649, in motzkin_instantiate
    for c in self.generate_motzkin_constr():
  File "/home/F3/src/funnel.py", line 839, in generate_motzkin_constr
    yield from motzkin_transpose(self.env, constrs,
  File "/home/F3/src/motzkin.py", line 203, in motzkin_transpose
    yield simpl(mat_constr)
  File "/usr/local/lib/python3.8/dist-packages/PySMT-0.9.1.dev332-py3.8.egg/pysmt/simplifier.py", line 59, in simplify
    return self.walk(formula)
  File "/usr/local/lib/python3.8/dist-packages/PySMT-0.9.1.dev332-py3.8.egg/pysmt/walkers/dag.py", line 106, in walk
    res = self.iter_walk(formula, **kwargs)
  File "/usr/local/lib/python3.8/dist-packages/PySMT-0.9.1.dev332-py3.8.egg/pysmt/walkers/dag.py", line 98, in iter_walk
    self._process_stack(**kwargs)
  File "/usr/local/lib/python3.8/dist-packages/PySMT-0.9.1.dev332-py3.8.egg/pysmt/walkers/dag.py", line 91, in _process_stack
    self._compute_node_result(formula, **kwargs)
  File "/usr/local/lib/python3.8/dist-packages/PySMT-0.9.1.dev332-py3.8.egg/pysmt/walkers/dag.py", line 75, in _compute_node_result
    self.memoization[key] = f(formula, args=args, **kwargs)
  File "/usr/local/lib/python3.8/dist-packages/PySMT-0.9.1.dev332-py3.8.egg/pysmt/simplifier.py", line 397, in walk_times
    return self.manager.Times(new_args)
  File "/usr/local/lib/python3.8/dist-packages/PySMT-0.9.1.dev332-py3.8.egg/pysmt/formula.py", line 243, in Times
    return self.create_node(node_type=op.TIMES,
  File "/usr/local/lib/python3.8/dist-packages/PySMT-0.9.1.dev332-py3.8.egg/pysmt/formula.py", line 97, in create_node
    self._do_type_check(n)
  File "/usr/local/lib/python3.8/dist-packages/PySMT-0.9.1.dev332-py3.8.egg/pysmt/formula.py", line 82, in _do_type_check_real
    self.get_type(formula)
  File "/usr/local/lib/python3.8/dist-packages/PySMT-0.9.1.dev332-py3.8.egg/pysmt/type_checker.py", line 43, in get_type
    res = self.walk(formula)
  File "/usr/local/lib/python3.8/dist-packages/PySMT-0.9.1.dev332-py3.8.egg/pysmt/walkers/dag.py", line 106, in walk
    res = self.iter_walk(formula, **kwargs)
  File "/usr/local/lib/python3.8/dist-packages/PySMT-0.9.1.dev332-py3.8.egg/pysmt/walkers/dag.py", line 98, in iter_walk
    self._process_stack(**kwargs)
  File "/usr/local/lib/python3.8/dist-packages/PySMT-0.9.1.dev332-py3.8.egg/pysmt/walkers/dag.py", line 91, in _process_stack
    self._compute_node_result(formula, **kwargs)
  File "/usr/local/lib/python3.8/dist-packages/PySMT-0.9.1.dev332-py3.8.egg/pysmt/walkers/dag.py", line 73, in _compute_node_result
    args = [self.memoization[self._get_key(s, **kwargs)] \
KeyboardInterrupt
real 3602.17
user 0.00
sys 0.00
