Traceback (most recent call last):
  File "/home/F3/src/run_f3.py", line 436, in <module>
    main(config_args().parse_args())
  File "/home/F3/src/run_f3.py", line 432, in main
    run_f3(bench, out_dir)
  File "/home/F3/src/run_f3.py", line 260, in run_f3
    res = solve_problem(prob, label, out_dir)
  File "/home/F3/src/run_f3.py", line 251, in solve_problem
    return run_ltl_test(problem, env, label, out_dir)
  File "/home/F3/src/run_f3.py", line 113, in run_ltl_test
    return search_nonterm(env, symbols, init, trans, fairness,
  File "/home/F3/src/run_f3.py", line 169, in search_nonterm
    _, arg0, arg1 = search_unrank_bmc(env, symbols, init, trans,
  File "/home/F3/src/unranker.py", line 255, in search_unrank_bmc
    synth_unrank(env, symbols, trace, abst_path, hints,
  File "/home/F3/src/unranker.py", line 656, in synth_unrank
    arg = nontermarg.motzkin_instantiate(extra=learn)
  File "/home/F3/src/funnel.py", line 653, in motzkin_instantiate
    solver.add_assertion(c)
  File "/home/F3/src/multisolver.py", line 154, in add_assertion
    s.add_assertion(formula, named=named)
  File "/usr/local/lib/python3.8/dist-packages/PySMT-0.9.1.dev331-py3.8.egg/pysmt/solvers/solver.py", line 342, in add_assertion
    tracked = self._add_assertion(formula, named=named)
  File "/usr/local/lib/python3.8/dist-packages/PySMT-0.9.1.dev331-py3.8.egg/pysmt/decorators.py", line 64, in clear_pending_pop_wrap
    return f(self, *args, **kwargs)
  File "/usr/local/lib/python3.8/dist-packages/PySMT-0.9.1.dev331-py3.8.egg/pysmt/solvers/z3.py", line 176, in _add_assertion
    term = self.converter.convert(formula)
  File "/usr/local/lib/python3.8/dist-packages/PySMT-0.9.1.dev331-py3.8.egg/pysmt/decorators.py", line 84, in catch_conversion_error_wrap
    res = f(*args, **kwargs)
  File "/usr/local/lib/python3.8/dist-packages/PySMT-0.9.1.dev331-py3.8.egg/pysmt/solvers/z3.py", line 456, in convert
    z3term = self.walk(formula)
  File "/usr/local/lib/python3.8/dist-packages/PySMT-0.9.1.dev331-py3.8.egg/pysmt/walkers/dag.py", line 106, in walk
    res = self.iter_walk(formula, **kwargs)
  File "/usr/local/lib/python3.8/dist-packages/PySMT-0.9.1.dev331-py3.8.egg/pysmt/walkers/dag.py", line 98, in iter_walk
    self._process_stack(**kwargs)
  File "/usr/local/lib/python3.8/dist-packages/PySMT-0.9.1.dev331-py3.8.egg/pysmt/walkers/dag.py", line 91, in _process_stack
    self._compute_node_result(formula, **kwargs)
  File "/usr/local/lib/python3.8/dist-packages/PySMT-0.9.1.dev331-py3.8.egg/pysmt/walkers/dag.py", line 75, in _compute_node_result
    self.memoization[key] = f(formula, args=args, **kwargs)
  File "/usr/local/lib/python3.8/dist-packages/PySMT-0.9.1.dev331-py3.8.egg/pysmt/solvers/z3.py", line 863, in walk_binary
    z3term = func(self.ctx.ref(), args[0], args[1])
  File "/usr/local/lib/python3.8/dist-packages/z3/z3core.py", line 1723, in Z3_mk_eq
    r = _elems.f(a0, a1, a2)
KeyboardInterrupt
real 3602.88
user 0.00
sys 0.00
