*** This is nuXmv 2.0.0 (compiled on Sun Mar 14 22:37:19 2021)
*** Copyright (c) 2014-2021, Fondazione Bruno Kessler
*** For more information on nuXmv see https://nuxmv.fbk.eu
*** or email to <nuxmv@list.fbk.eu>.
*** Please report bugs at https://nuxmv.fbk.eu/bugs
*** (click on "Login Anonymously" to access)
*** Alternatively write to <nuxmv@list.fbk.eu>.

*** This version of nuXmv is linked to NuSMV 2.6.0.
*** For more information on NuSMV see <http://nusmv.fbk.eu>
*** or email to <nusmv-users@list.fbk.eu>.
*** Copyright (C) 2010-2021, Fondazione Bruno Kessler

*** This version of nuXmv is linked to the CUDD library version 2.4.1
*** Copyright (c) 1995-2004, Regents of the University of Colorado

*** This version of nuXmv is linked to the MiniSat SAT solver. 
*** See http://minisat.se/MiniSat.html
*** Copyright (c) 2003-2006, Niklas Een, Niklas Sorensson
*** Copyright (c) 2007-2010, Niklas Sorensson

*** This version of nuXmv is linked to MathSAT
*** Copyright (C) 2009-2019 by Fondazione Bruno Kessler
*** Copyright (C) 2009-2019 by University of Trento and others
*** See http://mathsat.fbk.eu

-- no proof or counterexample found with bound 0
-- no proof or counterexample found with bound 1
-- no proof or counterexample found with bound 2
-- no proof or counterexample found with bound 3
-- no proof or counterexample found with bound 4
-- no proof or counterexample found with bound 5
-- no proof or counterexample found with bound 6
-- no proof or counterexample found with bound 7
-- no proof or counterexample found with bound 8
-- no proof or counterexample found with bound 9
-- no proof or counterexample found with bound 10
-- no proof or counterexample found with bound 11
-- no proof or counterexample found with bound 12
-- no proof or counterexample found with bound 13
-- no proof or counterexample found with bound 14
-- no proof or counterexample found with bound 15
-- no proof or counterexample found with bound 16
-- no proof or counterexample found with bound 17
-- no proof or counterexample found with bound 18
-- no proof or counterexample found with bound 19
-- no proof or counterexample found with bound 20
-- no proof or counterexample found with bound 21
-- no proof or counterexample found with bound 22
-- no proof or counterexample found with bound 23
-- no proof or counterexample found with bound 24
-- no proof or counterexample found with bound 25
-- no proof or counterexample found with bound 26
-- LTL specification  G ( F st0.l = y_async)  is false
-- as demonstrated by the following execution sequence
Trace Description: IC3 smt counterexample 
Trace Type: Counterexample 
Infinite Trace diverging symbols: r.x, st0.x, st0.y, st0.z, st1.x, st1.y, st1.z, st2.x, st2.y, st2.z, st3.x, st3.y, st3.z, st4.x, st4.y, st4.z
  -> State: 1.1 <-
    r.x = 0.0
    st0.x = 0.0
    st0.y = 0.0
    st0.z = 0.0
    st1.x = 0.0
    st1.y = 0.0
    st1.z = 0.0
    st2.x = 0.0
    st2.y = 0.0
    st2.z = 0.0
    st3.x = 0.0
    st3.y = 0.0
    st3.z = 0.0
    st4.x = 0.0
    st4.y = 0.0
    st4.z = 0.0
    r.l = ring_to_counter
    r.counter = 0
    st0.l = z_idle
    st1.l = z_idle
    st2.l = z_idle
    st3.l = z_idle
    st4.l = z_idle
    TRTT = 270
    TD = 0
    SA = 20
    N = 4
  -> Input: 1.2 <-
    r.event = tt
    r.evt_id = 0
    st0.event = tt
    st1.event = stutter
    st2.event = stutter
    st3.event = stutter
    st4.event = stutter
    r.evt_tt = TRUE
    r.evt_rt = FALSE
    r.evt_stutter = FALSE
    st0.evt_tt = TRUE
    st0.evt_rt = FALSE
    st0.evt_move = FALSE
    st0.evt_stutter = FALSE
    st1.evt_tt = FALSE
    st1.evt_rt = FALSE
    st1.evt_move = FALSE
    st1.evt_stutter = TRUE
    st2.evt_tt = FALSE
    st2.evt_rt = FALSE
    st2.evt_move = FALSE
    st2.evt_stutter = TRUE
    st3.evt_tt = FALSE
    st3.evt_rt = FALSE
    st3.evt_move = FALSE
    st3.evt_stutter = TRUE
    st4.evt_tt = FALSE
    st4.evt_rt = FALSE
    st4.evt_move = FALSE
    st4.evt_stutter = TRUE
  -- [ discrete transition ] --
  -> State: 1.2 <-
    r.l = ring_counter
    st0.l = z_sync
  -- [ time elapse: time = 0.0; delta = f'5/2 ] --
  -> State: 1.3 <-
    r.x = f'5/2
    st0.x = f'5/2
    st0.y = f'5/2
    st0.z = f'5/2
    st1.x = f'5/2
    st1.y = f'5/2
    st1.z = f'5/2
    st2.x = f'5/2
    st2.y = f'5/2
    st2.z = f'5/2
    st3.x = f'5/2
    st3.y = f'5/2
    st3.z = f'5/2
    st4.x = f'5/2
    st4.y = f'5/2
    st4.z = f'5/2
  -- [ time elapse: time = f'5/2; delta = f'35/2 ] --
  -> State: 1.4 <-
    r.x = 20.0
    st0.x = 20.0
    st0.y = 20.0
    st0.z = 20.0
    st1.x = 20.0
    st1.y = 20.0
    st1.z = 20.0
    st2.x = 20.0
    st2.y = 20.0
    st2.z = 20.0
    st3.x = 20.0
    st3.y = 20.0
    st3.z = 20.0
    st4.x = 20.0
    st4.y = 20.0
    st4.z = 20.0
  -> Input: 1.5 <-
    r.event = stutter
    r.evt_id = 4
    st0.event = move
    r.evt_tt = FALSE
    r.evt_stutter = TRUE
    st0.evt_tt = FALSE
    st0.evt_move = TRUE
  -- [ discrete transition ] --
  -> State: 1.5 <-
    st0.l = z_async
  -- [ time elapse: time = 20.0; delta = f'5/2 ] --
  -> State: 1.6 <-
    r.x = f'45/2
    st0.x = f'45/2
    st0.y = f'45/2
    st0.z = f'45/2
    st1.x = f'45/2
    st1.y = f'45/2
    st1.z = f'45/2
    st2.x = f'45/2
    st2.y = f'45/2
    st2.z = f'45/2
    st3.x = f'45/2
    st3.y = f'45/2
    st3.z = f'45/2
    st4.x = f'45/2
    st4.y = f'45/2
    st4.z = f'45/2
  -- [ time elapse: time = f'45/2; delta = f'455/2 ] --
  -> State: 1.7 <-
    r.x = 250.0
    st0.x = 250.0
    st0.y = 250.0
    st0.z = 250.0
    st1.x = 250.0
    st1.y = 250.0
    st1.z = 250.0
    st2.x = 250.0
    st2.y = 250.0
    st2.z = 250.0
    st3.x = 250.0
    st3.y = 250.0
    st3.z = 250.0
    st4.x = 250.0
    st4.y = 250.0
    st4.z = 250.0
  -> Input: 1.8 <-
    r.event = rt
    r.evt_id = 0
    st0.event = rt
    r.evt_rt = TRUE
    r.evt_stutter = FALSE
    st0.evt_rt = TRUE
    st0.evt_move = FALSE
  -- [ discrete transition ] --
  -> State: 1.8 <-
    r.x = 0.0
    r.l = ring_to_counter
    r.counter = 1
    st0.l = y_idle
  -> Input: 1.9 <-
    r.event = tt
    r.evt_id = 1
    st0.event = stutter
    st1.event = tt
    r.evt_tt = TRUE
    r.evt_rt = FALSE
    st0.evt_rt = FALSE
    st0.evt_stutter = TRUE
    st1.evt_tt = TRUE
    st1.evt_stutter = FALSE
  -- [ discrete transition ] --
  -> State: 1.9 <-
    st1.x = 0.0
    st1.y = 0.0
    r.l = ring_counter
    st1.l = z_sync
  -- [ time elapse: time = 250.0; delta = f'5/2 ] --
  -> State: 1.10 <-
    r.x = f'5/2
    st0.x = f'505/2
    st0.y = f'505/2
    st0.z = f'505/2
    st1.x = f'5/2
    st1.y = f'5/2
    st1.z = f'505/2
    st2.x = f'505/2
    st2.y = f'505/2
    st2.z = f'505/2
    st3.x = f'505/2
    st3.y = f'505/2
    st3.z = f'505/2
    st4.x = f'505/2
    st4.y = f'505/2
    st4.z = f'505/2
  -- [ time elapse: time = f'505/2; delta = f'35/2 ] --
  -> State: 1.11 <-
    r.x = 20.0
    st0.x = 270.0
    st0.y = 270.0
    st0.z = 270.0
    st1.x = 20.0
    st1.y = 20.0
    st1.z = 270.0
    st2.x = 270.0
    st2.y = 270.0
    st2.z = 270.0
    st3.x = 270.0
    st3.y = 270.0
    st3.z = 270.0
    st4.x = 270.0
    st4.y = 270.0
    st4.z = 270.0
  -> Input: 1.12 <-
    r.event = rt
    st1.event = rt
    r.evt_tt = FALSE
    r.evt_rt = TRUE
    st1.evt_tt = FALSE
    st1.evt_rt = TRUE
  -- [ discrete transition ] --
  -> State: 1.12 <-
    r.x = 0.0
    r.l = ring_to_counter
    r.counter = 2
    st1.l = y_idle
  -> Input: 1.13 <-
    r.event = tt
    r.evt_id = 2
    st1.event = stutter
    st2.event = tt
    r.evt_tt = TRUE
    r.evt_rt = FALSE
    st1.evt_rt = FALSE
    st1.evt_stutter = TRUE
    st2.evt_tt = TRUE
    st2.evt_stutter = FALSE
  -- [ discrete transition ] --
  -> State: 1.13 <-
    st2.x = 0.0
    st2.y = 0.0
    r.l = ring_counter
    st2.l = z_sync
  -- [ time elapse: time = 270.0; delta = f'35/2 ] --
  -> State: 1.14 <-
    r.x = f'35/2
    st0.x = f'575/2
    st0.y = f'575/2
    st0.z = f'575/2
    st1.x = f'75/2
    st1.y = f'75/2
    st1.z = f'575/2
    st2.x = f'35/2
    st2.y = f'35/2
    st2.z = f'575/2
    st3.x = f'575/2
    st3.y = f'575/2
    st3.z = f'575/2
    st4.x = f'575/2
    st4.y = f'575/2
    st4.z = f'575/2
  -- [ time elapse: time = f'575/2; delta = f'5/2 ] --
  -> State: 1.15 <-
    r.x = 20.0
    st0.x = 290.0
    st0.y = 290.0
    st0.z = 290.0
    st1.x = 40.0
    st1.y = 40.0
    st1.z = 290.0
    st2.x = 20.0
    st2.y = 20.0
    st2.z = 290.0
    st3.x = 290.0
    st3.y = 290.0
    st3.z = 290.0
    st4.x = 290.0
    st4.y = 290.0
    st4.z = 290.0
  -> Input: 1.16 <-
    r.event = rt
    st2.event = rt
    r.evt_tt = FALSE
    r.evt_rt = TRUE
    st2.evt_tt = FALSE
    st2.evt_rt = TRUE
  -- [ discrete transition ] --
  -> State: 1.16 <-
    r.x = 0.0
    r.l = ring_to_counter
    r.counter = 3
    st2.l = y_idle
  -> Input: 1.17 <-
    r.event = tt
    r.evt_id = 3
    st2.event = stutter
    st3.event = tt
    r.evt_tt = TRUE
    r.evt_rt = FALSE
    st2.evt_rt = FALSE
    st2.evt_stutter = TRUE
    st3.evt_tt = TRUE
    st3.evt_stutter = FALSE
  -- [ discrete transition ] --
  -> State: 1.17 <-
    st3.x = 0.0
    st3.y = 0.0
    r.l = ring_counter
    st3.l = z_sync
  -- [ time elapse: time = 290.0; delta = f'5/2 ] --
  -> State: 1.18 <-
    r.x = f'5/2
    st0.x = f'585/2
    st0.y = f'585/2
    st0.z = f'585/2
    st1.x = f'85/2
    st1.y = f'85/2
    st1.z = f'585/2
    st2.x = f'45/2
    st2.y = f'45/2
    st2.z = f'585/2
    st3.x = f'5/2
    st3.y = f'5/2
    st3.z = f'585/2
    st4.x = f'585/2
    st4.y = f'585/2
    st4.z = f'585/2
  -- [ time elapse: time = f'585/2; delta = f'35/2 ] --
  -> State: 1.19 <-
    r.x = 20.0
    st0.x = 310.0
    st0.y = 310.0
    st0.z = 310.0
    st1.x = 60.0
    st1.y = 60.0
    st1.z = 310.0
    st2.x = 40.0
    st2.y = 40.0
    st2.z = 310.0
    st3.x = 20.0
    st3.y = 20.0
    st3.z = 310.0
    st4.x = 310.0
    st4.y = 310.0
    st4.z = 310.0
  -> Input: 1.20 <-
    r.event = rt
    st3.event = rt
    r.evt_tt = FALSE
    r.evt_rt = TRUE
    st3.evt_tt = FALSE
    st3.evt_rt = TRUE
  -- [ discrete transition ] --
  -> State: 1.20 <-
    r.x = 0.0
    r.l = ring_to_counter
    r.counter = 4
    st3.l = y_idle
  -> Input: 1.21 <-
    r.event = tt
    r.evt_id = 4
    st3.event = stutter
    st4.event = tt
    r.evt_tt = TRUE
    r.evt_rt = FALSE
    st3.evt_rt = FALSE
    st3.evt_stutter = TRUE
    st4.evt_tt = TRUE
    st4.evt_stutter = FALSE
  -- [ discrete transition ] --
  -> State: 1.21 <-
    st4.x = 0.0
    st4.y = 0.0
    r.l = ring_counter
    st4.l = z_sync
  -- [ time elapse: time = 310.0; delta = f'35/2 ] --
  -> State: 1.22 <-
    r.x = f'35/2
    st0.x = f'655/2
    st0.y = f'655/2
    st0.z = f'655/2
    st1.x = f'155/2
    st1.y = f'155/2
    st1.z = f'655/2
    st2.x = f'115/2
    st2.y = f'115/2
    st2.z = f'655/2
    st3.x = f'75/2
    st3.y = f'75/2
    st3.z = f'655/2
    st4.x = f'35/2
    st4.y = f'35/2
    st4.z = f'655/2
  -- [ time elapse: time = f'655/2; delta = f'5/2 ] --
  -> State: 1.23 <-
    r.x = 20.0
    st0.x = 330.0
    st0.y = 330.0
    st0.z = 330.0
    st1.x = 80.0
    st1.y = 80.0
    st1.z = 330.0
    st2.x = 60.0
    st2.y = 60.0
    st2.z = 330.0
    st3.x = 40.0
    st3.y = 40.0
    st3.z = 330.0
    st4.x = 20.0
    st4.y = 20.0
    st4.z = 330.0
  -> Input: 1.24 <-
    r.event = rt
    st4.event = rt
    r.evt_tt = FALSE
    r.evt_rt = TRUE
    st4.evt_tt = FALSE
    st4.evt_rt = TRUE
  -- [ discrete transition ] --
  -> State: 1.24 <-
    r.x = 0.0
    r.l = ring_to_counter
    r.counter = 0
    st4.l = y_idle
  -> Input: 1.25 <-
    r.event = tt
    r.evt_id = 0
    st0.event = tt
    st4.event = stutter
    r.evt_tt = TRUE
    r.evt_rt = FALSE
    st0.evt_tt = TRUE
    st0.evt_stutter = FALSE
    st4.evt_rt = FALSE
    st4.evt_stutter = TRUE
  -- [ discrete transition ] --
  -> State: 1.25 <-
    st0.x = 0.0
    st0.z = 0.0
    r.l = ring_counter
    st0.l = y_sync
  -- Loop starts here
  -- [ time elapse: time = diverging; delta = f'545/2 ] --
  -> State: 1.26 <-
    r.x = r.x + f'545/2
    st0.x = st0.x + f'545/2
    st0.y = st0.y + f'545/2
    st0.z = st0.z + f'545/2
    st1.x = st1.x + f'545/2
    st1.y = st1.y + f'545/2
    st1.z = st1.z + f'545/2
    st2.x = st2.x + f'545/2
    st2.y = st2.y + f'545/2
    st2.z = st2.z + f'545/2
    st3.x = st3.x + f'545/2
    st3.y = st3.y + f'545/2
    st3.z = st3.z + f'545/2
    st4.x = st4.x + f'545/2
    st4.y = st4.y + f'545/2
    st4.z = st4.z + f'545/2
  -- [ time elapse: time = diverging; delta = f'13/2 ] --
  -> State: 1.27 <-
    r.x = r.x + f'13/2
    st0.x = st0.x + f'13/2
    st0.y = st0.y + f'13/2
    st0.z = st0.z + f'13/2
    st1.x = st1.x + f'13/2
    st1.y = st1.y + f'13/2
    st1.z = st1.z + f'13/2
    st2.x = st2.x + f'13/2
    st2.y = st2.y + f'13/2
    st2.z = st2.z + f'13/2
    st3.x = st3.x + f'13/2
    st3.y = st3.y + f'13/2
    st3.z = st3.z + f'13/2
    st4.x = st4.x + f'13/2
    st4.y = st4.y + f'13/2
    st4.z = st4.z + f'13/2
  -- [ time elapse: time = diverging; delta = f'5/2 ] --
  -> State: 1.28 <-
    r.x = r.x + f'5/2
    st0.x = st0.x + f'5/2
    st0.y = st0.y + f'5/2
    st0.z = st0.z + f'5/2
    st1.x = st1.x + f'5/2
    st1.y = st1.y + f'5/2
    st1.z = st1.z + f'5/2
    st2.x = st2.x + f'5/2
    st2.y = st2.y + f'5/2
    st2.z = st2.z + f'5/2
    st3.x = st3.x + f'5/2
    st3.y = st3.y + f'5/2
    st3.z = st3.z + f'5/2
    st4.x = st4.x + f'5/2
    st4.y = st4.y + f'5/2
    st4.z = st4.z + f'5/2
SUCCESS 
