*** This is nuXmv 2.0.0 (compiled on Sun Mar 14 22:37:19 2021)
*** Copyright (c) 2014-2021, Fondazione Bruno Kessler
*** For more information on nuXmv see https://nuxmv.fbk.eu
*** or email to <nuxmv@list.fbk.eu>.
*** Please report bugs at https://nuxmv.fbk.eu/bugs
*** (click on "Login Anonymously" to access)
*** Alternatively write to <nuxmv@list.fbk.eu>.

*** This version of nuXmv is linked to NuSMV 2.6.0.
*** For more information on NuSMV see <http://nusmv.fbk.eu>
*** or email to <nusmv-users@list.fbk.eu>.
*** Copyright (C) 2010-2021, Fondazione Bruno Kessler

*** This version of nuXmv is linked to the CUDD library version 2.4.1
*** Copyright (c) 1995-2004, Regents of the University of Colorado

*** This version of nuXmv is linked to the MiniSat SAT solver. 
*** See http://minisat.se/MiniSat.html
*** Copyright (c) 2003-2006, Niklas Een, Niklas Sorensson
*** Copyright (c) 2007-2010, Niklas Sorensson

*** This version of nuXmv is linked to MathSAT
*** Copyright (C) 2009-2019 by Fondazione Bruno Kessler
*** Copyright (C) 2009-2019 by University of Trento and others
*** See http://mathsat.fbk.eu

-- no proof or counterexample found with bound 0
-- no proof or counterexample found with bound 1
-- no proof or counterexample found with bound 2
-- no proof or counterexample found with bound 3
-- no proof or counterexample found with bound 4
-- no proof or counterexample found with bound 5
-- no proof or counterexample found with bound 6
-- no proof or counterexample found with bound 7
-- no proof or counterexample found with bound 8
-- no proof or counterexample found with bound 9
-- no proof or counterexample found with bound 10
-- no proof or counterexample found with bound 11
-- no proof or counterexample found with bound 12
-- no proof or counterexample found with bound 13
-- no proof or counterexample found with bound 14
-- no proof or counterexample found with bound 15
-- no proof or counterexample found with bound 16
-- no proof or counterexample found with bound 17
-- no proof or counterexample found with bound 18
-- no proof or counterexample found with bound 19
-- no proof or counterexample found with bound 20
-- no proof or counterexample found with bound 21
-- no proof or counterexample found with bound 22
-- no proof or counterexample found with bound 23
-- no proof or counterexample found with bound 24
-- no proof or counterexample found with bound 25
-- no proof or counterexample found with bound 26
-- no proof or counterexample found with bound 27
-- no proof or counterexample found with bound 28
-- LTL specification  G ( F st0.l = y_async)  is false
-- as demonstrated by the following execution sequence
Trace Description: IC3 smt counterexample 
Trace Type: Counterexample 
Infinite Trace diverging symbols: r.x, st0.x, st0.y, st0.z, st1.x, st1.y, st1.z, st2.x, st2.y, st2.z, st3.x, st3.y, st3.z, st4.x, st4.y, st4.z, st5.x, st5.y, st5.z
  -> State: 1.1 <-
    r.x = 0.0
    st0.x = 0.0
    st0.y = 0.0
    st0.z = 0.0
    st1.x = 0.0
    st1.y = 0.0
    st1.z = 0.0
    st2.x = 0.0
    st2.y = 0.0
    st2.z = 0.0
    st3.x = 0.0
    st3.y = 0.0
    st3.z = 0.0
    st4.x = 0.0
    st4.y = 0.0
    st4.z = 0.0
    st5.x = 0.0
    st5.y = 0.0
    st5.z = 0.0
    r.l = ring_to_counter
    r.counter = 0
    st0.l = z_idle
    st1.l = z_idle
    st2.l = z_idle
    st3.l = z_idle
    st4.l = z_idle
    st5.l = z_idle
    TRTT = 320
    TD = 0
    SA = 20
    N = 5
  -> Input: 1.2 <-
    r.event = tt
    r.evt_id = 0
    st0.event = tt
    st1.event = stutter
    st2.event = stutter
    st3.event = stutter
    st4.event = stutter
    st5.event = stutter
    r.evt_tt = TRUE
    r.evt_rt = FALSE
    r.evt_stutter = FALSE
    st0.evt_tt = TRUE
    st0.evt_rt = FALSE
    st0.evt_move = FALSE
    st0.evt_stutter = FALSE
    st1.evt_tt = FALSE
    st1.evt_rt = FALSE
    st1.evt_move = FALSE
    st1.evt_stutter = TRUE
    st2.evt_tt = FALSE
    st2.evt_rt = FALSE
    st2.evt_move = FALSE
    st2.evt_stutter = TRUE
    st3.evt_tt = FALSE
    st3.evt_rt = FALSE
    st3.evt_move = FALSE
    st3.evt_stutter = TRUE
    st4.evt_tt = FALSE
    st4.evt_rt = FALSE
    st4.evt_move = FALSE
    st4.evt_stutter = TRUE
    st5.evt_tt = FALSE
    st5.evt_rt = FALSE
    st5.evt_move = FALSE
    st5.evt_stutter = TRUE
  -- [ discrete transition ] --
  -> State: 1.2 <-
    r.l = ring_counter
    st0.l = z_sync
  -- [ time elapse: time = 0.0; delta = f'5/12 ] --
  -> State: 1.3 <-
    r.x = f'5/12
    st0.x = f'5/12
    st0.y = f'5/12
    st0.z = f'5/12
    st1.x = f'5/12
    st1.y = f'5/12
    st1.z = f'5/12
    st2.x = f'5/12
    st2.y = f'5/12
    st2.z = f'5/12
    st3.x = f'5/12
    st3.y = f'5/12
    st3.z = f'5/12
    st4.x = f'5/12
    st4.y = f'5/12
    st4.z = f'5/12
    st5.x = f'5/12
    st5.y = f'5/12
    st5.z = f'5/12
  -- [ time elapse: time = f'5/12; delta = f'235/12 ] --
  -> State: 1.4 <-
    r.x = 20.0
    st0.x = 20.0
    st0.y = 20.0
    st0.z = 20.0
    st1.x = 20.0
    st1.y = 20.0
    st1.z = 20.0
    st2.x = 20.0
    st2.y = 20.0
    st2.z = 20.0
    st3.x = 20.0
    st3.y = 20.0
    st3.z = 20.0
    st4.x = 20.0
    st4.y = 20.0
    st4.z = 20.0
    st5.x = 20.0
    st5.y = 20.0
    st5.z = 20.0
  -> Input: 1.5 <-
    r.event = stutter
    r.evt_id = 3
    st0.event = move
    r.evt_tt = FALSE
    r.evt_stutter = TRUE
    st0.evt_tt = FALSE
    st0.evt_move = TRUE
  -- [ discrete transition ] --
  -> State: 1.5 <-
    st0.l = z_async
  -- [ time elapse: time = 20.0; delta = f'5/24 ] --
  -> State: 1.6 <-
    r.x = f'485/24
    st0.x = f'485/24
    st0.y = f'485/24
    st0.z = f'485/24
    st1.x = f'485/24
    st1.y = f'485/24
    st1.z = f'485/24
    st2.x = f'485/24
    st2.y = f'485/24
    st2.z = f'485/24
    st3.x = f'485/24
    st3.y = f'485/24
    st3.z = f'485/24
    st4.x = f'485/24
    st4.y = f'485/24
    st4.z = f'485/24
    st5.x = f'485/24
    st5.y = f'485/24
    st5.z = f'485/24
  -- [ time elapse: time = f'485/24; delta = 280.0 ] --
  -> State: 1.7 <-
    r.x = f'7205/24
    st0.x = f'7205/24
    st0.y = f'7205/24
    st0.z = f'7205/24
    st1.x = f'7205/24
    st1.y = f'7205/24
    st1.z = f'7205/24
    st2.x = f'7205/24
    st2.y = f'7205/24
    st2.z = f'7205/24
    st3.x = f'7205/24
    st3.y = f'7205/24
    st3.z = f'7205/24
    st4.x = f'7205/24
    st4.y = f'7205/24
    st4.z = f'7205/24
    st5.x = f'7205/24
    st5.y = f'7205/24
    st5.z = f'7205/24
  -> Input: 1.8 <-
    r.event = rt
    r.evt_id = 0
    st0.event = rt
    r.evt_rt = TRUE
    r.evt_stutter = FALSE
    st0.evt_rt = TRUE
    st0.evt_move = FALSE
  -- [ discrete transition ] --
  -> State: 1.8 <-
    r.x = 0.0
    r.l = ring_to_counter
    r.counter = 1
    st0.l = y_idle
  -> Input: 1.9 <-
    r.event = tt
    r.evt_id = 1
    st0.event = stutter
    st1.event = tt
    r.evt_tt = TRUE
    r.evt_rt = FALSE
    st0.evt_rt = FALSE
    st0.evt_stutter = TRUE
    st1.evt_tt = TRUE
    st1.evt_stutter = FALSE
  -- [ discrete transition ] --
  -> State: 1.9 <-
    st1.x = 0.0
    st1.y = 0.0
    r.l = ring_counter
    st1.l = z_sync
  -- [ time elapse: time = f'7205/24; delta = f'475/24 ] --
  -> State: 1.10 <-
    r.x = f'475/24
    st0.x = 320.0
    st0.y = 320.0
    st0.z = 320.0
    st1.x = f'475/24
    st1.y = f'475/24
    st1.z = 320.0
    st2.x = 320.0
    st2.y = 320.0
    st2.z = 320.0
    st3.x = 320.0
    st3.y = 320.0
    st3.z = 320.0
    st4.x = 320.0
    st4.y = 320.0
    st4.z = 320.0
    st5.x = 320.0
    st5.y = 320.0
    st5.z = 320.0
  -- [ time elapse: time = 320.0; delta = f'5/24 ] --
  -> State: 1.11 <-
    r.x = 20.0
    st0.x = f'7685/24
    st0.y = f'7685/24
    st0.z = f'7685/24
    st1.x = 20.0
    st1.y = 20.0
    st1.z = f'7685/24
    st2.x = f'7685/24
    st2.y = f'7685/24
    st2.z = f'7685/24
    st3.x = f'7685/24
    st3.y = f'7685/24
    st3.z = f'7685/24
    st4.x = f'7685/24
    st4.y = f'7685/24
    st4.z = f'7685/24
    st5.x = f'7685/24
    st5.y = f'7685/24
    st5.z = f'7685/24
  -> Input: 1.12 <-
    r.event = rt
    st1.event = rt
    r.evt_tt = FALSE
    r.evt_rt = TRUE
    st1.evt_tt = FALSE
    st1.evt_rt = TRUE
  -- [ discrete transition ] --
  -> State: 1.12 <-
    r.x = 0.0
    r.l = ring_to_counter
    r.counter = 2
    st1.l = y_idle
  -> Input: 1.13 <-
    r.event = tt
    r.evt_id = 2
    st1.event = stutter
    st2.event = tt
    r.evt_tt = TRUE
    r.evt_rt = FALSE
    st1.evt_rt = FALSE
    st1.evt_stutter = TRUE
    st2.evt_tt = TRUE
    st2.evt_stutter = FALSE
  -- [ discrete transition ] --
  -> State: 1.13 <-
    st2.x = 0.0
    st2.y = 0.0
    r.l = ring_counter
    st2.l = z_sync
  -- [ time elapse: time = f'7685/24; delta = f'5/24 ] --
  -> State: 1.14 <-
    r.x = f'5/24
    st0.x = f'3845/12
    st0.y = f'3845/12
    st0.z = f'3845/12
    st1.x = f'485/24
    st1.y = f'485/24
    st1.z = f'3845/12
    st2.x = f'5/24
    st2.y = f'5/24
    st2.z = f'3845/12
    st3.x = f'3845/12
    st3.y = f'3845/12
    st3.z = f'3845/12
    st4.x = f'3845/12
    st4.y = f'3845/12
    st4.z = f'3845/12
    st5.x = f'3845/12
    st5.y = f'3845/12
    st5.z = f'3845/12
  -- [ time elapse: time = f'3845/12; delta = f'475/24 ] --
  -> State: 1.15 <-
    r.x = 20.0
    st0.x = f'8165/24
    st0.y = f'8165/24
    st0.z = f'8165/24
    st1.x = 40.0
    st1.y = 40.0
    st1.z = f'8165/24
    st2.x = 20.0
    st2.y = 20.0
    st2.z = f'8165/24
    st3.x = f'8165/24
    st3.y = f'8165/24
    st3.z = f'8165/24
    st4.x = f'8165/24
    st4.y = f'8165/24
    st4.z = f'8165/24
    st5.x = f'8165/24
    st5.y = f'8165/24
    st5.z = f'8165/24
  -> Input: 1.16 <-
    r.event = rt
    st2.event = rt
    r.evt_tt = FALSE
    r.evt_rt = TRUE
    st2.evt_tt = FALSE
    st2.evt_rt = TRUE
  -- [ discrete transition ] --
  -> State: 1.16 <-
    r.x = 0.0
    r.l = ring_to_counter
    r.counter = 3
    st2.l = y_idle
  -> Input: 1.17 <-
    r.event = tt
    r.evt_id = 3
    st2.event = stutter
    st3.event = tt
    r.evt_tt = TRUE
    r.evt_rt = FALSE
    st2.evt_rt = FALSE
    st2.evt_stutter = TRUE
    st3.evt_tt = TRUE
    st3.evt_stutter = FALSE
  -- [ discrete transition ] --
  -> State: 1.17 <-
    st3.x = 0.0
    st3.y = 0.0
    r.l = ring_counter
    st3.l = z_sync
  -- [ time elapse: time = f'8165/24; delta = f'475/24 ] --
  -> State: 1.18 <-
    r.x = f'475/24
    st0.x = 360.0
    st0.y = 360.0
    st0.z = 360.0
    st1.x = f'1435/24
    st1.y = f'1435/24
    st1.z = 360.0
    st2.x = f'955/24
    st2.y = f'955/24
    st2.z = 360.0
    st3.x = f'475/24
    st3.y = f'475/24
    st3.z = 360.0
    st4.x = 360.0
    st4.y = 360.0
    st4.z = 360.0
    st5.x = 360.0
    st5.y = 360.0
    st5.z = 360.0
  -- [ time elapse: time = 360.0; delta = f'5/24 ] --
  -> State: 1.19 <-
    r.x = 20.0
    st0.x = f'8645/24
    st0.y = f'8645/24
    st0.z = f'8645/24
    st1.x = 60.0
    st1.y = 60.0
    st1.z = f'8645/24
    st2.x = 40.0
    st2.y = 40.0
    st2.z = f'8645/24
    st3.x = 20.0
    st3.y = 20.0
    st3.z = f'8645/24
    st4.x = f'8645/24
    st4.y = f'8645/24
    st4.z = f'8645/24
    st5.x = f'8645/24
    st5.y = f'8645/24
    st5.z = f'8645/24
  -> Input: 1.20 <-
    r.event = rt
    st3.event = rt
    r.evt_tt = FALSE
    r.evt_rt = TRUE
    st3.evt_tt = FALSE
    st3.evt_rt = TRUE
  -- [ discrete transition ] --
  -> State: 1.20 <-
    r.x = 0.0
    r.l = ring_to_counter
    r.counter = 4
    st3.l = y_idle
  -> Input: 1.21 <-
    r.event = tt
    r.evt_id = 4
    st3.event = stutter
    st4.event = tt
    r.evt_tt = TRUE
    r.evt_rt = FALSE
    st3.evt_rt = FALSE
    st3.evt_stutter = TRUE
    st4.evt_tt = TRUE
    st4.evt_stutter = FALSE
  -- [ discrete transition ] --
  -> State: 1.21 <-
    st4.x = 0.0
    st4.y = 0.0
    r.l = ring_counter
    st4.l = z_sync
  -- [ time elapse: time = f'8645/24; delta = f'475/24 ] --
  -> State: 1.22 <-
    r.x = f'475/24
    st0.x = 380.0
    st0.y = 380.0
    st0.z = 380.0
    st1.x = f'1915/24
    st1.y = f'1915/24
    st1.z = 380.0
    st2.x = f'1435/24
    st2.y = f'1435/24
    st2.z = 380.0
    st3.x = f'955/24
    st3.y = f'955/24
    st3.z = 380.0
    st4.x = f'475/24
    st4.y = f'475/24
    st4.z = 380.0
    st5.x = 380.0
    st5.y = 380.0
    st5.z = 380.0
  -- [ time elapse: time = 380.0; delta = f'5/24 ] --
  -> State: 1.23 <-
    r.x = 20.0
    st0.x = f'9125/24
    st0.y = f'9125/24
    st0.z = f'9125/24
    st1.x = 80.0
    st1.y = 80.0
    st1.z = f'9125/24
    st2.x = 60.0
    st2.y = 60.0
    st2.z = f'9125/24
    st3.x = 40.0
    st3.y = 40.0
    st3.z = f'9125/24
    st4.x = 20.0
    st4.y = 20.0
    st4.z = f'9125/24
    st5.x = f'9125/24
    st5.y = f'9125/24
    st5.z = f'9125/24
  -> Input: 1.24 <-
    r.event = rt
    st4.event = rt
    r.evt_tt = FALSE
    r.evt_rt = TRUE
    st4.evt_tt = FALSE
    st4.evt_rt = TRUE
  -- [ discrete transition ] --
  -> State: 1.24 <-
    r.x = 0.0
    r.l = ring_to_counter
    r.counter = 5
    st4.l = y_idle
  -> Input: 1.25 <-
    r.event = tt
    r.evt_id = 5
    st4.event = stutter
    st5.event = tt
    r.evt_tt = TRUE
    r.evt_rt = FALSE
    st4.evt_rt = FALSE
    st4.evt_stutter = TRUE
    st5.evt_tt = TRUE
    st5.evt_stutter = FALSE
  -- [ discrete transition ] --
  -> State: 1.25 <-
    st5.x = 0.0
    st5.y = 0.0
    r.l = ring_counter
    st5.l = z_sync
  -- [ time elapse: time = f'9125/24; delta = f'5/24 ] --
  -> State: 1.26 <-
    r.x = f'5/24
    st0.x = f'4565/12
    st0.y = f'4565/12
    st0.z = f'4565/12
    st1.x = f'1925/24
    st1.y = f'1925/24
    st1.z = f'4565/12
    st2.x = f'1445/24
    st2.y = f'1445/24
    st2.z = f'4565/12
    st3.x = f'965/24
    st3.y = f'965/24
    st3.z = f'4565/12
    st4.x = f'485/24
    st4.y = f'485/24
    st4.z = f'4565/12
    st5.x = f'5/24
    st5.y = f'5/24
    st5.z = f'4565/12
  -- [ time elapse: time = f'4565/12; delta = f'475/24 ] --
  -> State: 1.27 <-
    r.x = 20.0
    st0.x = f'9605/24
    st0.y = f'9605/24
    st0.z = f'9605/24
    st1.x = 100.0
    st1.y = 100.0
    st1.z = f'9605/24
    st2.x = 80.0
    st2.y = 80.0
    st2.z = f'9605/24
    st3.x = 60.0
    st3.y = 60.0
    st3.z = f'9605/24
    st4.x = 40.0
    st4.y = 40.0
    st4.z = f'9605/24
    st5.x = 20.0
    st5.y = 20.0
    st5.z = f'9605/24
  -> Input: 1.28 <-
    r.event = rt
    st5.event = rt
    r.evt_tt = FALSE
    r.evt_rt = TRUE
    st5.evt_tt = FALSE
    st5.evt_rt = TRUE
  -- [ discrete transition ] --
  -> State: 1.28 <-
    r.x = 0.0
    r.l = ring_to_counter
    r.counter = 0
    st5.l = y_idle
  -> Input: 1.29 <-
    r.event = tt
    r.evt_id = 0
    st0.event = tt
    st5.event = stutter
    r.evt_tt = TRUE
    r.evt_rt = FALSE
    st0.evt_tt = TRUE
    st0.evt_stutter = FALSE
    st5.evt_rt = FALSE
    st5.evt_stutter = TRUE
  -- [ discrete transition ] --
  -> State: 1.29 <-
    st0.x = 0.0
    st0.z = 0.0
    r.l = ring_counter
    st0.l = y_sync
  -- Loop starts here
  -- [ time elapse: time = diverging; delta = f'7685/24 ] --
  -> State: 1.30 <-
    r.x = r.x + f'7685/24
    st0.x = st0.x + f'7685/24
    st0.y = st0.y + f'7685/24
    st0.z = st0.z + f'7685/24
    st1.x = st1.x + f'7685/24
    st1.y = st1.y + f'7685/24
    st1.z = st1.z + f'7685/24
    st2.x = st2.x + f'7685/24
    st2.y = st2.y + f'7685/24
    st2.z = st2.z + f'7685/24
    st3.x = st3.x + f'7685/24
    st3.y = st3.y + f'7685/24
    st3.z = st3.z + f'7685/24
    st4.x = st4.x + f'7685/24
    st4.y = st4.y + f'7685/24
    st4.z = st4.z + f'7685/24
    st5.x = st5.x + f'7685/24
    st5.y = st5.y + f'7685/24
    st5.z = st5.z + f'7685/24
  -- [ time elapse: time = diverging; delta = f'125/24 ] --
  -> State: 1.31 <-
    r.x = r.x + f'125/24
    st0.x = st0.x + f'125/24
    st0.y = st0.y + f'125/24
    st0.z = st0.z + f'125/24
    st1.x = st1.x + f'125/24
    st1.y = st1.y + f'125/24
    st1.z = st1.z + f'125/24
    st2.x = st2.x + f'125/24
    st2.y = st2.y + f'125/24
    st2.z = st2.z + f'125/24
    st3.x = st3.x + f'125/24
    st3.y = st3.y + f'125/24
    st3.z = st3.z + f'125/24
    st4.x = st4.x + f'125/24
    st4.y = st4.y + f'125/24
    st4.z = st4.z + f'125/24
    st5.x = st5.x + f'125/24
    st5.y = st5.y + f'125/24
    st5.z = st5.z + f'125/24
  -- [ time elapse: time = diverging; delta = f'5/24 ] --
  -> State: 1.32 <-
    r.x = r.x + f'5/24
    st0.x = st0.x + f'5/24
    st0.y = st0.y + f'5/24
    st0.z = st0.z + f'5/24
    st1.x = st1.x + f'5/24
    st1.y = st1.y + f'5/24
    st1.z = st1.z + f'5/24
    st2.x = st2.x + f'5/24
    st2.y = st2.y + f'5/24
    st2.z = st2.z + f'5/24
    st3.x = st3.x + f'5/24
    st3.y = st3.y + f'5/24
    st3.z = st3.z + f'5/24
    st4.x = st4.x + f'5/24
    st4.y = st4.y + f'5/24
    st4.z = st4.z + f'5/24
    st5.x = st5.x + f'5/24
    st5.y = st5.y + f'5/24
    st5.z = st5.z + f'5/24
SUCCESS 
