Creating empty 100MiB image file: /home/magnago/overlay/2Nested_false-termination.c.ext3
Formatting image with ext3 file system
Image is done: /home/magnago/overlay/2Nested_false-termination.c.ext3
This is Ultimate 0.2.1-54a68f4
[2021-04-24 13:10:08,647 INFO  L177        SettingsManager]: Resetting all preferences to default values...
[2021-04-24 13:10:08,650 INFO  L181        SettingsManager]: Resetting UltimateCore preferences to default values
[2021-04-24 13:10:08,694 INFO  L184        SettingsManager]: Ultimate Commandline Interface provides no preferences, ignoring...
[2021-04-24 13:10:08,695 INFO  L181        SettingsManager]: Resetting Boogie Preprocessor preferences to default values
[2021-04-24 13:10:08,696 INFO  L181        SettingsManager]: Resetting Boogie Procedure Inliner preferences to default values
[2021-04-24 13:10:08,697 INFO  L181        SettingsManager]: Resetting Abstract Interpretation preferences to default values
[2021-04-24 13:10:08,698 INFO  L181        SettingsManager]: Resetting LassoRanker preferences to default values
[2021-04-24 13:10:08,699 INFO  L181        SettingsManager]: Resetting Reaching Definitions preferences to default values
[2021-04-24 13:10:08,700 INFO  L181        SettingsManager]: Resetting SyntaxChecker preferences to default values
[2021-04-24 13:10:08,701 INFO  L181        SettingsManager]: Resetting Sifa preferences to default values
[2021-04-24 13:10:08,701 INFO  L184        SettingsManager]: B?chi Program Product provides no preferences, ignoring...
[2021-04-24 13:10:08,702 INFO  L181        SettingsManager]: Resetting LTL2Aut preferences to default values
[2021-04-24 13:10:08,702 INFO  L181        SettingsManager]: Resetting PEA to Boogie preferences to default values
[2021-04-24 13:10:08,703 INFO  L181        SettingsManager]: Resetting BlockEncodingV2 preferences to default values
[2021-04-24 13:10:08,704 INFO  L181        SettingsManager]: Resetting ChcToBoogie preferences to default values
[2021-04-24 13:10:08,705 INFO  L181        SettingsManager]: Resetting AutomataScriptInterpreter preferences to default values
[2021-04-24 13:10:08,706 INFO  L181        SettingsManager]: Resetting BuchiAutomizer preferences to default values
[2021-04-24 13:10:08,707 INFO  L181        SettingsManager]: Resetting CACSL2BoogieTranslator preferences to default values
[2021-04-24 13:10:08,708 INFO  L181        SettingsManager]: Resetting CodeCheck preferences to default values
[2021-04-24 13:10:08,709 INFO  L181        SettingsManager]: Resetting InvariantSynthesis preferences to default values
[2021-04-24 13:10:08,710 INFO  L181        SettingsManager]: Resetting RCFGBuilder preferences to default values
[2021-04-24 13:10:08,711 INFO  L181        SettingsManager]: Resetting Referee preferences to default values
[2021-04-24 13:10:08,712 INFO  L181        SettingsManager]: Resetting TraceAbstraction preferences to default values
[2021-04-24 13:10:08,713 INFO  L184        SettingsManager]: TraceAbstractionConcurrent provides no preferences, ignoring...
[2021-04-24 13:10:08,714 INFO  L184        SettingsManager]: TraceAbstractionWithAFAs provides no preferences, ignoring...
[2021-04-24 13:10:08,714 INFO  L181        SettingsManager]: Resetting TreeAutomizer preferences to default values
[2021-04-24 13:10:08,714 INFO  L181        SettingsManager]: Resetting IcfgToChc preferences to default values
[2021-04-24 13:10:08,715 INFO  L181        SettingsManager]: Resetting IcfgTransformer preferences to default values
[2021-04-24 13:10:08,716 INFO  L184        SettingsManager]: ReqToTest provides no preferences, ignoring...
[2021-04-24 13:10:08,716 INFO  L181        SettingsManager]: Resetting Boogie Printer preferences to default values
[2021-04-24 13:10:08,716 INFO  L181        SettingsManager]: Resetting ChcSmtPrinter preferences to default values
[2021-04-24 13:10:08,717 INFO  L181        SettingsManager]: Resetting ReqPrinter preferences to default values
[2021-04-24 13:10:08,717 INFO  L181        SettingsManager]: Resetting Witness Printer preferences to default values
[2021-04-24 13:10:08,718 INFO  L184        SettingsManager]: Boogie PL CUP Parser provides no preferences, ignoring...
[2021-04-24 13:10:08,718 INFO  L181        SettingsManager]: Resetting CDTParser preferences to default values
[2021-04-24 13:10:08,719 INFO  L184        SettingsManager]: AutomataScriptParser provides no preferences, ignoring...
[2021-04-24 13:10:08,719 INFO  L184        SettingsManager]: ReqParser provides no preferences, ignoring...
[2021-04-24 13:10:08,719 INFO  L181        SettingsManager]: Resetting SmtParser preferences to default values
[2021-04-24 13:10:08,720 INFO  L181        SettingsManager]: Resetting Witness Parser preferences to default values
[2021-04-24 13:10:08,720 INFO  L188        SettingsManager]: Finished resetting all preferences to default values...
[2021-04-24 13:10:08,721 INFO  L101        SettingsManager]: Beginning loading settings from /home/singularity/UAutomizer-linux/config/svcomp-Termination-64bit-Automizer_Default.epf
[2021-04-24 13:10:08,737 INFO  L113        SettingsManager]: Loading preferences was successful
[2021-04-24 13:10:08,737 INFO  L115        SettingsManager]: Preferences different from defaults after loading the file:
[2021-04-24 13:10:08,738 INFO  L136        SettingsManager]: Preferences of BlockEncodingV2 differ from their defaults:
[2021-04-24 13:10:08,738 INFO  L138        SettingsManager]:  * Create parallel compositions if possible=false
[2021-04-24 13:10:08,738 INFO  L138        SettingsManager]:  * Use SBE=true
[2021-04-24 13:10:08,739 INFO  L136        SettingsManager]: Preferences of BuchiAutomizer differ from their defaults:
[2021-04-24 13:10:08,739 INFO  L138        SettingsManager]:  * NCSB implementation=INTSET_LAZY3
[2021-04-24 13:10:08,739 INFO  L138        SettingsManager]:  * Use old map elimination=false
[2021-04-24 13:10:08,739 INFO  L138        SettingsManager]:  * Use external solver (rank synthesis)=false
[2021-04-24 13:10:08,739 INFO  L138        SettingsManager]:  * Use only trivial implications for array writes=true
[2021-04-24 13:10:08,739 INFO  L138        SettingsManager]:  * Rank analysis=LINEAR_WITH_GUESSES
[2021-04-24 13:10:08,739 INFO  L136        SettingsManager]: Preferences of CACSL2BoogieTranslator differ from their defaults:
[2021-04-24 13:10:08,739 INFO  L138        SettingsManager]:  * Check unreachability of error function in SV-COMP mode=false
[2021-04-24 13:10:08,739 INFO  L138        SettingsManager]:  * Overapproximate operations on floating types=true
[2021-04-24 13:10:08,740 INFO  L138        SettingsManager]:  * Check division by zero=IGNORE
[2021-04-24 13:10:08,740 INFO  L138        SettingsManager]:  * Pointer to allocated memory at dereference=ASSUME
[2021-04-24 13:10:08,740 INFO  L138        SettingsManager]:  * If two pointers are subtracted or compared they have the same base address=ASSUME
[2021-04-24 13:10:08,740 INFO  L138        SettingsManager]:  * Check array bounds for arrays that are off heap=ASSUME
[2021-04-24 13:10:08,740 INFO  L138        SettingsManager]:  * Check if freed pointer was valid=false
[2021-04-24 13:10:08,740 INFO  L138        SettingsManager]:  * Assume nondeterminstic values are in range=false
[2021-04-24 13:10:08,740 INFO  L138        SettingsManager]:  * Use constant arrays=true
[2021-04-24 13:10:08,740 INFO  L138        SettingsManager]:  * Pointer base address is valid at dereference=ASSUME
[2021-04-24 13:10:08,740 INFO  L136        SettingsManager]: Preferences of RCFGBuilder differ from their defaults:
[2021-04-24 13:10:08,741 INFO  L138        SettingsManager]:  * Size of a code block=SequenceOfStatements
[2021-04-24 13:10:08,741 INFO  L136        SettingsManager]: Preferences of TraceAbstraction differ from their defaults:
[2021-04-24 13:10:08,741 INFO  L138        SettingsManager]:  * Trace refinement strategy=CAMEL
[2021-04-24 13:10:08,741 INFO  L138        SettingsManager]:  * Trace refinement exception blacklist=NONE
[2021-04-24 13:10:08,742 INFO  L136        SettingsManager]: Preferences of IcfgTransformer differ from their defaults:
[2021-04-24 13:10:08,742 INFO  L138        SettingsManager]:  * TransformationType=MODULO_NEIGHBOR
[2021-04-24 13:10:08,941 INFO  L75    nceAwareModelManager]: Repository-Root is: /tmp
[2021-04-24 13:10:08,967 INFO  L261   ainManager$Toolchain]: [Toolchain 1]: Applicable parser(s) successfully (re)initialized
[2021-04-24 13:10:08,969 INFO  L217   ainManager$Toolchain]: [Toolchain 1]: Toolchain selected.
[2021-04-24 13:10:08,970 INFO  L271        PluginConnector]: Initializing CDTParser...
[2021-04-24 13:10:08,970 INFO  L275        PluginConnector]: CDTParser initialized
[2021-04-24 13:10:08,971 INFO  L432   ainManager$Toolchain]: [Toolchain 1]: Parsing single file: /home/magnago/benchmarks/software_nontermination/C/C_Integer/Ton_Chanh_15/2Nested_false-termination.c
[2021-04-24 13:10:09,013 INFO  L220              CDTParser]: Created temporary CDT project at /home/singularity/ed4dae7d93b54bb88699e2db74b45aac/FLAG78076d791
[2021-04-24 13:10:09,306 INFO  L306              CDTParser]: Found 1 translation units.
[2021-04-24 13:10:09,307 INFO  L160              CDTParser]: Scanning /home/magnago/benchmarks/software_nontermination/C/C_Integer/Ton_Chanh_15/2Nested_false-termination.c
[2021-04-24 13:10:09,311 INFO  L349              CDTParser]: About to delete temporary CDT project at /home/singularity/ed4dae7d93b54bb88699e2db74b45aac/FLAG78076d791
[2021-04-24 13:10:09,742 INFO  L357              CDTParser]: Successfully deleted /home/singularity/ed4dae7d93b54bb88699e2db74b45aac
[2021-04-24 13:10:09,744 INFO  L299   ainManager$Toolchain]: ####################### [Toolchain 1] #######################
[2021-04-24 13:10:09,746 INFO  L131        ToolchainWalker]: Walking toolchain with 6 elements.
[2021-04-24 13:10:09,747 INFO  L113        PluginConnector]: ------------------------CACSL2BoogieTranslator----------------------------
[2021-04-24 13:10:09,747 INFO  L271        PluginConnector]: Initializing CACSL2BoogieTranslator...
[2021-04-24 13:10:09,749 INFO  L275        PluginConnector]: CACSL2BoogieTranslator initialized
[2021-04-24 13:10:09,750 INFO  L185        PluginConnector]: Executing the observer ACSLObjectContainerObserver from plugin CACSL2BoogieTranslator for "CDTParser AST 24.04 01:10:09" (1/1) ...
[2021-04-24 13:10:09,751 INFO  L205        PluginConnector]: Invalid model from CACSL2BoogieTranslator for observer de.uni_freiburg.informatik.ultimate.plugins.generator.cacsl2boogietranslator.ACSLObjectContainerObserver@4292036f and model type de.uni_freiburg.informatik.ultimate.plugins.generator.cacsl2boogietranslator AST 24.04 01:10:09, skipping insertion in model container
[2021-04-24 13:10:09,751 INFO  L185        PluginConnector]: Executing the observer CACSL2BoogieTranslatorObserver from plugin CACSL2BoogieTranslator for "CDTParser AST 24.04 01:10:09" (1/1) ...
[2021-04-24 13:10:09,757 INFO  L145         MainTranslator]: Starting translation in SV-COMP mode 
[2021-04-24 13:10:09,764 INFO  L178         MainTranslator]: Built tables and reachable declarations
[2021-04-24 13:10:09,848 INFO  L206          PostProcessor]: Analyzing one entry point: main
[2021-04-24 13:10:09,870 INFO  L203         MainTranslator]: Completed pre-run
[2021-04-24 13:10:09,882 INFO  L206          PostProcessor]: Analyzing one entry point: main
[2021-04-24 13:10:09,895 INFO  L208         MainTranslator]: Completed translation
[2021-04-24 13:10:09,895 INFO  L202        PluginConnector]: Adding new model de.uni_freiburg.informatik.ultimate.plugins.generator.cacsl2boogietranslator AST 24.04 01:10:09 WrapperNode
[2021-04-24 13:10:09,895 INFO  L132        PluginConnector]: ------------------------ END CACSL2BoogieTranslator----------------------------
[2021-04-24 13:10:09,896 INFO  L113        PluginConnector]: ------------------------Boogie Procedure Inliner----------------------------
[2021-04-24 13:10:09,896 INFO  L271        PluginConnector]: Initializing Boogie Procedure Inliner...
[2021-04-24 13:10:09,896 INFO  L275        PluginConnector]: Boogie Procedure Inliner initialized
[2021-04-24 13:10:09,903 INFO  L185        PluginConnector]: Executing the observer TypeChecker from plugin Boogie Procedure Inliner for "de.uni_freiburg.informatik.ultimate.plugins.generator.cacsl2boogietranslator AST 24.04 01:10:09" (1/1) ...
[2021-04-24 13:10:09,908 INFO  L185        PluginConnector]: Executing the observer Inliner from plugin Boogie Procedure Inliner for "de.uni_freiburg.informatik.ultimate.plugins.generator.cacsl2boogietranslator AST 24.04 01:10:09" (1/1) ...
[2021-04-24 13:10:09,920 INFO  L132        PluginConnector]: ------------------------ END Boogie Procedure Inliner----------------------------
[2021-04-24 13:10:09,921 INFO  L113        PluginConnector]: ------------------------Boogie Preprocessor----------------------------
[2021-04-24 13:10:09,921 INFO  L271        PluginConnector]: Initializing Boogie Preprocessor...
[2021-04-24 13:10:09,921 INFO  L275        PluginConnector]: Boogie Preprocessor initialized
[2021-04-24 13:10:09,928 INFO  L185        PluginConnector]: Executing the observer EnsureBoogieModelObserver from plugin Boogie Preprocessor for "de.uni_freiburg.informatik.ultimate.plugins.generator.cacsl2boogietranslator AST 24.04 01:10:09" (1/1) ...
[2021-04-24 13:10:09,928 INFO  L185        PluginConnector]: Executing the observer TypeChecker from plugin Boogie Preprocessor for "de.uni_freiburg.informatik.ultimate.plugins.generator.cacsl2boogietranslator AST 24.04 01:10:09" (1/1) ...
[2021-04-24 13:10:09,928 INFO  L185        PluginConnector]: Executing the observer ConstExpander from plugin Boogie Preprocessor for "de.uni_freiburg.informatik.ultimate.plugins.generator.cacsl2boogietranslator AST 24.04 01:10:09" (1/1) ...
[2021-04-24 13:10:09,929 INFO  L185        PluginConnector]: Executing the observer StructExpander from plugin Boogie Preprocessor for "de.uni_freiburg.informatik.ultimate.plugins.generator.cacsl2boogietranslator AST 24.04 01:10:09" (1/1) ...
[2021-04-24 13:10:09,930 INFO  L185        PluginConnector]: Executing the observer UnstructureCode from plugin Boogie Preprocessor for "de.uni_freiburg.informatik.ultimate.plugins.generator.cacsl2boogietranslator AST 24.04 01:10:09" (1/1) ...
[2021-04-24 13:10:09,933 INFO  L185        PluginConnector]: Executing the observer FunctionInliner from plugin Boogie Preprocessor for "de.uni_freiburg.informatik.ultimate.plugins.generator.cacsl2boogietranslator AST 24.04 01:10:09" (1/1) ...
[2021-04-24 13:10:09,934 INFO  L185        PluginConnector]: Executing the observer BoogieSymbolTableConstructor from plugin Boogie Preprocessor for "de.uni_freiburg.informatik.ultimate.plugins.generator.cacsl2boogietranslator AST 24.04 01:10:09" (1/1) ...
[2021-04-24 13:10:09,935 INFO  L132        PluginConnector]: ------------------------ END Boogie Preprocessor----------------------------
[2021-04-24 13:10:09,936 INFO  L113        PluginConnector]: ------------------------RCFGBuilder----------------------------
[2021-04-24 13:10:09,936 INFO  L271        PluginConnector]: Initializing RCFGBuilder...
[2021-04-24 13:10:09,936 INFO  L275        PluginConnector]: RCFGBuilder initialized
[2021-04-24 13:10:09,937 INFO  L185        PluginConnector]: Executing the observer RCFGBuilderObserver from plugin RCFGBuilder for "de.uni_freiburg.informatik.ultimate.plugins.generator.cacsl2boogietranslator AST 24.04 01:10:09" (1/1) ...
No working directory specified, using /home/singularity/UAutomizer-linux/z3
Starting monitored process 1 with z3 SMTLIB2_COMPLIANT=true -memory:1024 -smt2 -in -t:12000 (exit command is (exit), workingDir is null)
Waiting until toolchain timeout for monitored process 1 with z3 SMTLIB2_COMPLIANT=true -memory:1024 -smt2 -in -t:12000
[2021-04-24 13:10:10,045 INFO  L130     BoogieDeclarations]: Found specification of procedure ULTIMATE.start
[2021-04-24 13:10:10,046 INFO  L138     BoogieDeclarations]: Found implementation of procedure ULTIMATE.start
[2021-04-24 13:10:10,290 INFO  L294             CfgBuilder]: Using the 1 location(s) as analysis (start of procedure ULTIMATE.start)
[2021-04-24 13:10:10,290 INFO  L299             CfgBuilder]: Removed 5 assume(true) statements.
[2021-04-24 13:10:10,291 INFO  L202        PluginConnector]: Adding new model de.uni_freiburg.informatik.ultimate.plugins.generator.rcfgbuilder CFG 24.04 01:10:10 BoogieIcfgContainer
[2021-04-24 13:10:10,292 INFO  L132        PluginConnector]: ------------------------ END RCFGBuilder----------------------------
[2021-04-24 13:10:10,293 INFO  L113        PluginConnector]: ------------------------BuchiAutomizer----------------------------
[2021-04-24 13:10:10,293 INFO  L271        PluginConnector]: Initializing BuchiAutomizer...
[2021-04-24 13:10:10,296 INFO  L275        PluginConnector]: BuchiAutomizer initialized
[2021-04-24 13:10:10,297 INFO  L99          BuchiAutomizer]: Safety of program was proven or not checked, starting termination analysis
[2021-04-24 13:10:10,298 INFO  L185        PluginConnector]: Executing the observer BuchiAutomizerObserver from plugin BuchiAutomizer for "CDTParser AST 24.04 01:10:09" (1/3) ...
[2021-04-24 13:10:10,299 INFO  L205        PluginConnector]: Invalid model from BuchiAutomizer for observer de.uni_freiburg.informatik.ultimate.plugins.generator.buchiautomizer.BuchiAutomizerObserver@3e5f593e and model type de.uni_freiburg.informatik.ultimate.plugins.generator.buchiautomizer AST 24.04 01:10:10, skipping insertion in model container
[2021-04-24 13:10:10,299 INFO  L99          BuchiAutomizer]: Safety of program was proven or not checked, starting termination analysis
[2021-04-24 13:10:10,299 INFO  L185        PluginConnector]: Executing the observer BuchiAutomizerObserver from plugin BuchiAutomizer for "de.uni_freiburg.informatik.ultimate.plugins.generator.cacsl2boogietranslator AST 24.04 01:10:09" (2/3) ...
[2021-04-24 13:10:10,300 INFO  L205        PluginConnector]: Invalid model from BuchiAutomizer for observer de.uni_freiburg.informatik.ultimate.plugins.generator.buchiautomizer.BuchiAutomizerObserver@3e5f593e and model type de.uni_freiburg.informatik.ultimate.plugins.generator.buchiautomizer AST 24.04 01:10:10, skipping insertion in model container
[2021-04-24 13:10:10,300 INFO  L99          BuchiAutomizer]: Safety of program was proven or not checked, starting termination analysis
[2021-04-24 13:10:10,300 INFO  L185        PluginConnector]: Executing the observer BuchiAutomizerObserver from plugin BuchiAutomizer for "de.uni_freiburg.informatik.ultimate.plugins.generator.rcfgbuilder CFG 24.04 01:10:10" (3/3) ...
[2021-04-24 13:10:10,301 INFO  L389   chiAutomizerObserver]: Analyzing ICFG 2Nested_false-termination.c
[2021-04-24 13:10:10,353 INFO  L359         BuchiCegarLoop]: Interprodecural is true
[2021-04-24 13:10:10,354 INFO  L360         BuchiCegarLoop]: Hoare is false
[2021-04-24 13:10:10,354 INFO  L361         BuchiCegarLoop]: Compute interpolants for ForwardPredicates
[2021-04-24 13:10:10,354 INFO  L362         BuchiCegarLoop]: Backedges is STRAIGHT_LINE
[2021-04-24 13:10:10,354 INFO  L363         BuchiCegarLoop]: Determinization is PREDICATE_ABSTRACTION
[2021-04-24 13:10:10,354 INFO  L364         BuchiCegarLoop]: Difference is false
[2021-04-24 13:10:10,354 INFO  L365         BuchiCegarLoop]: Minimize is MINIMIZE_SEVPA
[2021-04-24 13:10:10,354 INFO  L368         BuchiCegarLoop]: ======== Iteration 0==of CEGAR loop == BuchiCegarLoop========
[2021-04-24 13:10:10,366 INFO  L72            BuchiIsEmpty]: Start buchiIsEmpty. Operand 6 states.
[2021-04-24 13:10:10,379 INFO  L131   ngComponentsAnalysis]: Automaton has 1 accepting balls. 1
[2021-04-24 13:10:10,379 INFO  L87            BuchiIsEmpty]: Finished buchiIsEmpty Result is false
[2021-04-24 13:10:10,379 INFO  L119           BuchiIsEmpty]: Starting construction of run
[2021-04-24 13:10:10,383 INFO  L853         BuchiCegarLoop]: Counterexample stem histogram [1]
[2021-04-24 13:10:10,384 INFO  L854         BuchiCegarLoop]: Counterexample loop histogram [1]
[2021-04-24 13:10:10,384 INFO  L427         BuchiCegarLoop]: ======== Iteration 1============
[2021-04-24 13:10:10,384 INFO  L72            BuchiIsEmpty]: Start buchiIsEmpty. Operand 6 states.
[2021-04-24 13:10:10,384 INFO  L131   ngComponentsAnalysis]: Automaton has 1 accepting balls. 1
[2021-04-24 13:10:10,384 INFO  L87            BuchiIsEmpty]: Finished buchiIsEmpty Result is false
[2021-04-24 13:10:10,384 INFO  L119           BuchiIsEmpty]: Starting construction of run
[2021-04-24 13:10:10,385 INFO  L853         BuchiCegarLoop]: Counterexample stem histogram [1]
[2021-04-24 13:10:10,385 INFO  L854         BuchiCegarLoop]: Counterexample loop histogram [1]
[2021-04-24 13:10:10,390 INFO  L794   eck$LassoCheckResult]: Stem: 3#ULTIMATE.startENTRYtrue havoc main_#res;havoc main_#t~nondet0, main_#t~nondet1, main_~x~0, main_~y~0;havoc main_~x~0;havoc main_~y~0;main_~x~0 := main_#t~nondet0;havoc main_#t~nondet0;main_~y~0 := main_#t~nondet1;havoc main_#t~nondet1; 5#L19-2true 
[2021-04-24 13:10:10,390 INFO  L796   eck$LassoCheckResult]: Loop: 5#L19-2true assume !!(main_~x~0 >= 0);main_~x~0 := main_~x~0 + main_~y~0;main_~y~0 := 1 + main_~y~0; 5#L19-2true 
[2021-04-24 13:10:10,395 INFO  L144       PredicateUnifier]: Initialized classic predicate unifier
[2021-04-24 13:10:10,395 INFO  L82        PathProgramCache]: Analyzing trace with hash 32, now seen corresponding path program 1 times
[2021-04-24 13:10:10,402 INFO  L162   FreeRefinementEngine]: Executing refinement strategy CAMEL
[2021-04-24 13:10:10,402 INFO  L353   FreeRefinementEngine]: Using trace check IpTcStrategyModuleSmtInterpolCraig [755073284]
[2021-04-24 13:10:10,402 INFO  L95    rtionOrderModulation]: Keeping assertion order NOT_INCREMENTALLY
[2021-04-24 13:10:10,465 INFO  L136    AnnotateAndAsserter]: Conjunction of SSA is sat
[2021-04-24 13:10:10,466 INFO  L221             TraceCheck]: Trace is feasible, we will do another trace check, this time with branch encoders.
[2021-04-24 13:10:10,469 INFO  L136    AnnotateAndAsserter]: Conjunction of SSA is sat
[2021-04-24 13:10:10,469 INFO  L221             TraceCheck]: Trace is feasible, we will do another trace check, this time with branch encoders.
[2021-04-24 13:10:10,480 INFO  L173   FreeRefinementEngine]: Strategy CAMEL found a feasible trace
[2021-04-24 13:10:10,482 INFO  L144       PredicateUnifier]: Initialized classic predicate unifier
[2021-04-24 13:10:10,482 INFO  L82        PathProgramCache]: Analyzing trace with hash 41, now seen corresponding path program 1 times
[2021-04-24 13:10:10,482 INFO  L162   FreeRefinementEngine]: Executing refinement strategy CAMEL
[2021-04-24 13:10:10,482 INFO  L353   FreeRefinementEngine]: Using trace check IpTcStrategyModuleSmtInterpolCraig [390180430]
[2021-04-24 13:10:10,483 INFO  L95    rtionOrderModulation]: Keeping assertion order NOT_INCREMENTALLY
[2021-04-24 13:10:10,490 INFO  L136    AnnotateAndAsserter]: Conjunction of SSA is sat
[2021-04-24 13:10:10,490 INFO  L221             TraceCheck]: Trace is feasible, we will do another trace check, this time with branch encoders.
[2021-04-24 13:10:10,493 INFO  L136    AnnotateAndAsserter]: Conjunction of SSA is sat
[2021-04-24 13:10:10,493 INFO  L221             TraceCheck]: Trace is feasible, we will do another trace check, this time with branch encoders.
[2021-04-24 13:10:10,494 INFO  L173   FreeRefinementEngine]: Strategy CAMEL found a feasible trace
[2021-04-24 13:10:10,496 INFO  L144       PredicateUnifier]: Initialized classic predicate unifier
[2021-04-24 13:10:10,496 INFO  L82        PathProgramCache]: Analyzing trace with hash 1002, now seen corresponding path program 1 times
[2021-04-24 13:10:10,496 INFO  L162   FreeRefinementEngine]: Executing refinement strategy CAMEL
[2021-04-24 13:10:10,496 INFO  L353   FreeRefinementEngine]: Using trace check IpTcStrategyModuleSmtInterpolCraig [73073088]
[2021-04-24 13:10:10,496 INFO  L95    rtionOrderModulation]: Keeping assertion order NOT_INCREMENTALLY
[2021-04-24 13:10:10,501 INFO  L136    AnnotateAndAsserter]: Conjunction of SSA is sat
[2021-04-24 13:10:10,502 INFO  L221             TraceCheck]: Trace is feasible, we will do another trace check, this time with branch encoders.
[2021-04-24 13:10:10,506 INFO  L136    AnnotateAndAsserter]: Conjunction of SSA is sat
[2021-04-24 13:10:10,506 INFO  L221             TraceCheck]: Trace is feasible, we will do another trace check, this time with branch encoders.
[2021-04-24 13:10:10,507 INFO  L173   FreeRefinementEngine]: Strategy CAMEL found a feasible trace
[2021-04-24 13:10:10,551 INFO  L210          LassoAnalysis]: Preferences:
[2021-04-24 13:10:10,551 INFO  L126   ssoRankerPreferences]: Compute integeral hull: false
[2021-04-24 13:10:10,551 INFO  L127   ssoRankerPreferences]: Enable LassoPartitioneer: true
[2021-04-24 13:10:10,551 INFO  L128   ssoRankerPreferences]: Term annotations enabled: false
[2021-04-24 13:10:10,551 INFO  L129   ssoRankerPreferences]: Use exernal solver: true
[2021-04-24 13:10:10,551 INFO  L130   ssoRankerPreferences]: SMT solver command: z3 SMTLIB2_COMPLIANT=true -memory:1024 -smt2 -in -t:12000
[2021-04-24 13:10:10,552 INFO  L131   ssoRankerPreferences]: Dump SMT script to file: false
[2021-04-24 13:10:10,552 INFO  L132   ssoRankerPreferences]: Path of dumped script: 
[2021-04-24 13:10:10,552 INFO  L133   ssoRankerPreferences]: Filename of dumped script: 2Nested_false-termination.c_Iteration1_Loop
[2021-04-24 13:10:10,552 INFO  L134   ssoRankerPreferences]: MapElimAlgo: Frank
[2021-04-24 13:10:10,552 INFO  L274          LassoAnalysis]: Starting lasso preprocessing...
[2021-04-24 13:10:10,567 INFO  L141          MapEliminator]: Using MapEliminator with SimplificationTechnique=SIMPLIFY_DDA XnfConversionTechnique=BOTTOM_UP_WITH_LOCAL_SIMPLIFICATION AddInequalities=false OnlyTrivialImplicationsArrayWrite=true OnlyTrivialImplicationsForModifiedArguments=true OnlyArgumentsInFormula=true
[2021-04-24 13:10:10,574 INFO  L141          MapEliminator]: Using MapEliminator with SimplificationTechnique=SIMPLIFY_DDA XnfConversionTechnique=BOTTOM_UP_WITH_LOCAL_SIMPLIFICATION AddInequalities=false OnlyTrivialImplicationsArrayWrite=true OnlyTrivialImplicationsForModifiedArguments=true OnlyArgumentsInFormula=true
[2021-04-24 13:10:10,578 INFO  L141          MapEliminator]: Using MapEliminator with SimplificationTechnique=SIMPLIFY_DDA XnfConversionTechnique=BOTTOM_UP_WITH_LOCAL_SIMPLIFICATION AddInequalities=false OnlyTrivialImplicationsArrayWrite=true OnlyTrivialImplicationsForModifiedArguments=true OnlyArgumentsInFormula=true
[2021-04-24 13:10:10,648 INFO  L292          LassoAnalysis]: Preprocessing complete.
[2021-04-24 13:10:10,648 INFO  L404          LassoAnalysis]: Checking for nontermination...
No working directory specified, using /home/singularity/UAutomizer-linux/z3
Starting monitored process 2 with z3 SMTLIB2_COMPLIANT=true -memory:1024 -smt2 -in -t:12000 (exit command is (exit), workingDir is null)
Waiting until toolchain timeout for monitored process 2 with z3 SMTLIB2_COMPLIANT=true -memory:1024 -smt2 -in -t:12000
[2021-04-24 13:10:10,654 INFO  L148   nArgumentSynthesizer]: Nontermination analysis: NONLINEAR Allow bounded executions: true Number of generalized eigenvectors: 0 Nilpotent components: true
[2021-04-24 13:10:10,654 INFO  L160   nArgumentSynthesizer]: Using integer mode.
[2021-04-24 13:10:10,665 INFO  L437          LassoAnalysis]: Proved nontermination for one component.
[2021-04-24 13:10:10,665 INFO  L440          LassoAnalysis]: Non-Termination argument consisting of: Initial state: {v_rep~unnamed0~0~false_1=0} Honda state: {v_rep~unnamed0~0~false_1=0} Generalized eigenvectors: [] Lambdas: [] Nus: []
No working directory specified, using /home/singularity/UAutomizer-linux/z3
Starting monitored process 3 with z3 SMTLIB2_COMPLIANT=true -memory:1024 -smt2 -in -t:12000 (exit command is (exit), workingDir is null)
Waiting until toolchain timeout for monitored process 3 with z3 SMTLIB2_COMPLIANT=true -memory:1024 -smt2 -in -t:12000
[2021-04-24 13:10:10,683 INFO  L148   nArgumentSynthesizer]: Nontermination analysis: NONLINEAR Allow bounded executions: true Number of generalized eigenvectors: 0 Nilpotent components: true
[2021-04-24 13:10:10,683 INFO  L160   nArgumentSynthesizer]: Using integer mode.
[2021-04-24 13:10:10,690 INFO  L437          LassoAnalysis]: Proved nontermination for one component.
[2021-04-24 13:10:10,690 INFO  L440          LassoAnalysis]: Non-Termination argument consisting of: Initial state: {v_rep~unnamed0~0~true_1=1} Honda state: {v_rep~unnamed0~0~true_1=1} Generalized eigenvectors: [] Lambdas: [] Nus: []
No working directory specified, using /home/singularity/UAutomizer-linux/z3
Starting monitored process 4 with z3 SMTLIB2_COMPLIANT=true -memory:1024 -smt2 -in -t:12000 (exit command is (exit), workingDir is null)
Waiting until toolchain timeout for monitored process 4 with z3 SMTLIB2_COMPLIANT=true -memory:1024 -smt2 -in -t:12000
[2021-04-24 13:10:10,699 INFO  L148   nArgumentSynthesizer]: Nontermination analysis: NONLINEAR Allow bounded executions: true Number of generalized eigenvectors: 0 Nilpotent components: true
[2021-04-24 13:10:10,700 INFO  L160   nArgumentSynthesizer]: Using integer mode.
No working directory specified, using /home/singularity/UAutomizer-linux/z3
Starting monitored process 5 with z3 SMTLIB2_COMPLIANT=true -memory:1024 -smt2 -in -t:12000 (exit command is (exit), workingDir is null)
Waiting until toolchain timeout for monitored process 5 with z3 SMTLIB2_COMPLIANT=true -memory:1024 -smt2 -in -t:12000
[2021-04-24 13:10:10,710 INFO  L148   nArgumentSynthesizer]: Nontermination analysis: NONLINEAR Allow bounded executions: true Number of generalized eigenvectors: 3 Nilpotent components: true
[2021-04-24 13:10:10,711 INFO  L160   nArgumentSynthesizer]: Using integer mode.
[2021-04-24 13:10:10,780 INFO  L437          LassoAnalysis]: Proved nontermination for one component.
[2021-04-24 13:10:10,781 INFO  L440          LassoAnalysis]: Non-Termination argument consisting of: Initial state: {ULTIMATE.start_main_~y~0=5, ULTIMATE.start_main_~x~0=0} Honda state: {ULTIMATE.start_main_~y~0=5, ULTIMATE.start_main_~x~0=0} Generalized eigenvectors: [{ULTIMATE.start_main_~y~0=1, ULTIMATE.start_main_~x~0=1}, {ULTIMATE.start_main_~y~0=0, ULTIMATE.start_main_~x~0=1}, {ULTIMATE.start_main_~y~0=0, ULTIMATE.start_main_~x~0=3}] Lambdas: [1, 1, 1] Nus: [1, 0]
[2021-04-24 13:10:10,801 INFO  L210          LassoAnalysis]: Preferences:
[2021-04-24 13:10:10,802 INFO  L126   ssoRankerPreferences]: Compute integeral hull: false
[2021-04-24 13:10:10,802 INFO  L127   ssoRankerPreferences]: Enable LassoPartitioneer: true
[2021-04-24 13:10:10,802 INFO  L128   ssoRankerPreferences]: Term annotations enabled: false
[2021-04-24 13:10:10,802 INFO  L129   ssoRankerPreferences]: Use exernal solver: true
[2021-04-24 13:10:10,802 INFO  L130   ssoRankerPreferences]: SMT solver command: z3 SMTLIB2_COMPLIANT=true -memory:1024 -smt2 -in -t:12000
[2021-04-24 13:10:10,802 INFO  L131   ssoRankerPreferences]: Dump SMT script to file: false
[2021-04-24 13:10:10,802 INFO  L132   ssoRankerPreferences]: Path of dumped script: 
[2021-04-24 13:10:10,802 INFO  L133   ssoRankerPreferences]: Filename of dumped script: 2Nested_false-termination.c_Iteration1_Lasso
[2021-04-24 13:10:10,803 INFO  L134   ssoRankerPreferences]: MapElimAlgo: Frank
[2021-04-24 13:10:10,803 INFO  L274          LassoAnalysis]: Starting lasso preprocessing...
[2021-04-24 13:10:10,804 INFO  L141          MapEliminator]: Using MapEliminator with SimplificationTechnique=SIMPLIFY_DDA XnfConversionTechnique=BOTTOM_UP_WITH_LOCAL_SIMPLIFICATION AddInequalities=false OnlyTrivialImplicationsArrayWrite=true OnlyTrivialImplicationsForModifiedArguments=true OnlyArgumentsInFormula=true
[2021-04-24 13:10:10,807 INFO  L141          MapEliminator]: Using MapEliminator with SimplificationTechnique=SIMPLIFY_DDA XnfConversionTechnique=BOTTOM_UP_WITH_LOCAL_SIMPLIFICATION AddInequalities=false OnlyTrivialImplicationsArrayWrite=true OnlyTrivialImplicationsForModifiedArguments=true OnlyArgumentsInFormula=true
[2021-04-24 13:10:10,809 INFO  L141          MapEliminator]: Using MapEliminator with SimplificationTechnique=SIMPLIFY_DDA XnfConversionTechnique=BOTTOM_UP_WITH_LOCAL_SIMPLIFICATION AddInequalities=false OnlyTrivialImplicationsArrayWrite=true OnlyTrivialImplicationsForModifiedArguments=true OnlyArgumentsInFormula=true
[2021-04-24 13:10:10,811 INFO  L141          MapEliminator]: Using MapEliminator with SimplificationTechnique=SIMPLIFY_DDA XnfConversionTechnique=BOTTOM_UP_WITH_LOCAL_SIMPLIFICATION AddInequalities=false OnlyTrivialImplicationsArrayWrite=true OnlyTrivialImplicationsForModifiedArguments=true OnlyArgumentsInFormula=true
[2021-04-24 13:10:10,819 INFO  L141          MapEliminator]: Using MapEliminator with SimplificationTechnique=SIMPLIFY_DDA XnfConversionTechnique=BOTTOM_UP_WITH_LOCAL_SIMPLIFICATION AddInequalities=false OnlyTrivialImplicationsArrayWrite=true OnlyTrivialImplicationsForModifiedArguments=true OnlyArgumentsInFormula=true
[2021-04-24 13:10:10,821 INFO  L141          MapEliminator]: Using MapEliminator with SimplificationTechnique=SIMPLIFY_DDA XnfConversionTechnique=BOTTOM_UP_WITH_LOCAL_SIMPLIFICATION AddInequalities=false OnlyTrivialImplicationsArrayWrite=true OnlyTrivialImplicationsForModifiedArguments=true OnlyArgumentsInFormula=true
[2021-04-24 13:10:10,869 INFO  L292          LassoAnalysis]: Preprocessing complete.
[2021-04-24 13:10:10,869 INFO  L404          LassoAnalysis]: Checking for nontermination...
No working directory specified, using /home/singularity/UAutomizer-linux/z3
Starting monitored process 6 with z3 SMTLIB2_COMPLIANT=true -memory:1024 -smt2 -in -t:12000 (exit command is (exit), workingDir is null)
Waiting until toolchain timeout for monitored process 6 with z3 SMTLIB2_COMPLIANT=true -memory:1024 -smt2 -in -t:12000
[2021-04-24 13:10:10,874 INFO  L148   nArgumentSynthesizer]: Nontermination analysis: NONLINEAR Allow bounded executions: true Number of generalized eigenvectors: 0 Nilpotent components: true
[2021-04-24 13:10:10,874 INFO  L160   nArgumentSynthesizer]: Using integer mode.
[2021-04-24 13:10:10,880 INFO  L437          LassoAnalysis]: Proved nontermination for one component.
[2021-04-24 13:10:10,880 INFO  L440          LassoAnalysis]: Non-Termination argument consisting of: Initial state: {ULTIMATE.start_main_#t~nondet0=0} Honda state: {ULTIMATE.start_main_#t~nondet0=0} Generalized eigenvectors: [] Lambdas: [] Nus: []
No working directory specified, using /home/singularity/UAutomizer-linux/z3
Starting monitored process 7 with z3 SMTLIB2_COMPLIANT=true -memory:1024 -smt2 -in -t:12000 (exit command is (exit), workingDir is null)
Waiting until toolchain timeout for monitored process 7 with z3 SMTLIB2_COMPLIANT=true -memory:1024 -smt2 -in -t:12000
[2021-04-24 13:10:10,889 INFO  L148   nArgumentSynthesizer]: Nontermination analysis: NONLINEAR Allow bounded executions: true Number of generalized eigenvectors: 0 Nilpotent components: true
[2021-04-24 13:10:10,889 INFO  L160   nArgumentSynthesizer]: Using integer mode.
[2021-04-24 13:10:10,896 INFO  L437          LassoAnalysis]: Proved nontermination for one component.
[2021-04-24 13:10:10,896 INFO  L440          LassoAnalysis]: Non-Termination argument consisting of: Initial state: {v_rep~unnamed0~0~false_2=0} Honda state: {v_rep~unnamed0~0~false_2=0} Generalized eigenvectors: [] Lambdas: [] Nus: []
No working directory specified, using /home/singularity/UAutomizer-linux/z3
Starting monitored process 8 with z3 SMTLIB2_COMPLIANT=true -memory:1024 -smt2 -in -t:12000 (exit command is (exit), workingDir is null)
Waiting until toolchain timeout for monitored process 8 with z3 SMTLIB2_COMPLIANT=true -memory:1024 -smt2 -in -t:12000
[2021-04-24 13:10:10,905 INFO  L148   nArgumentSynthesizer]: Nontermination analysis: NONLINEAR Allow bounded executions: true Number of generalized eigenvectors: 0 Nilpotent components: true
[2021-04-24 13:10:10,905 INFO  L160   nArgumentSynthesizer]: Using integer mode.
[2021-04-24 13:10:10,908 INFO  L437          LassoAnalysis]: Proved nontermination for one component.
[2021-04-24 13:10:10,908 INFO  L440          LassoAnalysis]: Non-Termination argument consisting of: Initial state: {ULTIMATE.start_main_#t~nondet1=0} Honda state: {ULTIMATE.start_main_#t~nondet1=0} Generalized eigenvectors: [] Lambdas: [] Nus: []
No working directory specified, using /home/singularity/UAutomizer-linux/z3
Starting monitored process 9 with z3 SMTLIB2_COMPLIANT=true -memory:1024 -smt2 -in -t:12000 (exit command is (exit), workingDir is null)
Waiting until toolchain timeout for monitored process 9 with z3 SMTLIB2_COMPLIANT=true -memory:1024 -smt2 -in -t:12000
[2021-04-24 13:10:10,913 INFO  L148   nArgumentSynthesizer]: Nontermination analysis: NONLINEAR Allow bounded executions: true Number of generalized eigenvectors: 0 Nilpotent components: true
[2021-04-24 13:10:10,914 INFO  L160   nArgumentSynthesizer]: Using integer mode.
No working directory specified, using /home/singularity/UAutomizer-linux/z3
Starting monitored process 10 with z3 SMTLIB2_COMPLIANT=true -memory:1024 -smt2 -in -t:12000 (exit command is (exit), workingDir is null)
Waiting until toolchain timeout for monitored process 10 with z3 SMTLIB2_COMPLIANT=true -memory:1024 -smt2 -in -t:12000
[2021-04-24 13:10:10,925 INFO  L148   nArgumentSynthesizer]: Nontermination analysis: NONLINEAR Allow bounded executions: true Number of generalized eigenvectors: 3 Nilpotent components: true
[2021-04-24 13:10:10,925 INFO  L160   nArgumentSynthesizer]: Using integer mode.
[2021-04-24 13:10:10,987 INFO  L437          LassoAnalysis]: Proved nontermination for one component.
[2021-04-24 13:10:10,987 INFO  L440          LassoAnalysis]: Non-Termination argument consisting of: Initial state: {ULTIMATE.start_main_~y~0=5, ULTIMATE.start_main_~x~0=0} Honda state: {ULTIMATE.start_main_~y~0=5, ULTIMATE.start_main_~x~0=0} Generalized eigenvectors: [{ULTIMATE.start_main_~y~0=1, ULTIMATE.start_main_~x~0=1}, {ULTIMATE.start_main_~y~0=0, ULTIMATE.start_main_~x~0=1}, {ULTIMATE.start_main_~y~0=0, ULTIMATE.start_main_~x~0=3}] Lambdas: [1, 1, 1] Nus: [1, 0]
No working directory specified, using /home/singularity/UAutomizer-linux/z3
Starting monitored process 11 with z3 SMTLIB2_COMPLIANT=true -memory:1024 -smt2 -in -t:12000 (exit command is (exit), workingDir is null)
Waiting until toolchain timeout for monitored process 11 with z3 SMTLIB2_COMPLIANT=true -memory:1024 -smt2 -in -t:12000
[2021-04-24 13:10:10,997 INFO  L148   nArgumentSynthesizer]: Nontermination analysis: NONLINEAR Allow bounded executions: true Number of generalized eigenvectors: 0 Nilpotent components: true
[2021-04-24 13:10:10,997 INFO  L160   nArgumentSynthesizer]: Using integer mode.
[2021-04-24 13:10:11,001 INFO  L437          LassoAnalysis]: Proved nontermination for one component.
[2021-04-24 13:10:11,002 INFO  L440          LassoAnalysis]: Non-Termination argument consisting of: Initial state: {ULTIMATE.start_main_#res=0} Honda state: {ULTIMATE.start_main_#res=0} Generalized eigenvectors: [] Lambdas: [] Nus: []
No working directory specified, using /home/singularity/UAutomizer-linux/z3
Starting monitored process 12 with z3 SMTLIB2_COMPLIANT=true -memory:1024 -smt2 -in -t:12000 (exit command is (exit), workingDir is null)
Waiting until toolchain timeout for monitored process 12 with z3 SMTLIB2_COMPLIANT=true -memory:1024 -smt2 -in -t:12000
[2021-04-24 13:10:11,009 INFO  L148   nArgumentSynthesizer]: Nontermination analysis: NONLINEAR Allow bounded executions: true Number of generalized eigenvectors: 0 Nilpotent components: true
[2021-04-24 13:10:11,009 INFO  L160   nArgumentSynthesizer]: Using integer mode.
[2021-04-24 13:10:11,016 INFO  L437          LassoAnalysis]: Proved nontermination for one component.
[2021-04-24 13:10:11,016 INFO  L440          LassoAnalysis]: Non-Termination argument consisting of: Initial state: {v_rep~unnamed0~0~true_2=1} Honda state: {v_rep~unnamed0~0~true_2=1} Generalized eigenvectors: [] Lambdas: [] Nus: []
[2021-04-24 13:10:11,025 WARN  L417   cessorBacktranslator]: Unfinished backtranslation: Declaration ConstDeclaration not handled for expression ~unnamed0~0~true
[2021-04-24 13:10:11,028 WARN  L417   cessorBacktranslator]: Unfinished backtranslation: Declaration ConstDeclaration not handled for expression ~unnamed0~0~false
[2021-04-24 13:10:11,029 WARN  L417   cessorBacktranslator]: Unfinished backtranslation: Declaration ConstDeclaration not handled for expression ~unnamed0~0~true
[2021-04-24 13:10:11,029 WARN  L417   cessorBacktranslator]: Unfinished backtranslation: Declaration ConstDeclaration not handled for expression ~unnamed0~0~false
[2021-04-24 13:10:11,030 WARN  L417   cessorBacktranslator]: Unfinished backtranslation: Declaration ConstDeclaration not handled for expression ~unnamed0~0~true
[2021-04-24 13:10:11,030 WARN  L417   cessorBacktranslator]: Unfinished backtranslation: Declaration ConstDeclaration not handled for expression ~unnamed0~0~false
[2021-04-24 13:10:11,038 INFO  L202        PluginConnector]: Adding new model de.uni_freiburg.informatik.ultimate.plugins.generator.buchiautomizer CFG 24.04 01:10:11 BoogieIcfgContainer
[2021-04-24 13:10:11,038 INFO  L132        PluginConnector]: ------------------------ END BuchiAutomizer----------------------------
[2021-04-24 13:10:11,039 INFO  L113        PluginConnector]: ------------------------Witness Printer----------------------------
[2021-04-24 13:10:11,039 INFO  L271        PluginConnector]: Initializing Witness Printer...
[2021-04-24 13:10:11,039 INFO  L275        PluginConnector]: Witness Printer initialized
[2021-04-24 13:10:11,040 INFO  L185        PluginConnector]: Executing the observer RCFGCatcher from plugin Witness Printer for "de.uni_freiburg.informatik.ultimate.plugins.generator.rcfgbuilder CFG 24.04 01:10:10" (3/4) ...
[2021-04-24 13:10:11,042 INFO  L134         WitnessPrinter]: Generating witness for non-termination counterexample
[2021-04-24 13:10:11,078 INFO  L141         WitnessManager]: Wrote witness to /home/magnago/benchmarks/software_nontermination/C/C_Integer/Ton_Chanh_15/2Nested_false-termination.c-witness.graphml
[2021-04-24 13:10:11,078 INFO  L132        PluginConnector]: ------------------------ END Witness Printer----------------------------
[2021-04-24 13:10:11,080 INFO  L168              Benchmark]: Toolchain (without parser) took 1334.19 ms. Allocated memory is still 545.3 MB. Free memory was 492.1 MB in the beginning and 449.4 MB in the end (delta: 42.6 MB). Peak memory consumption was 40.9 MB. Max. memory is 21.5 GB.
[2021-04-24 13:10:11,080 INFO  L168              Benchmark]: CDTParser took 0.12 ms. Allocated memory is still 545.3 MB. Free memory is still 508.9 MB. There was no memory consumed. Max. memory is 21.5 GB.
[2021-04-24 13:10:11,080 INFO  L168              Benchmark]: CACSL2BoogieTranslator took 148.77 ms. Allocated memory is still 545.3 MB. Free memory was 491.7 MB in the beginning and 521.4 MB in the end (delta: -29.7 MB). Peak memory consumption was 20.0 MB. Max. memory is 21.5 GB.
[2021-04-24 13:10:11,081 INFO  L168              Benchmark]: Boogie Procedure Inliner took 24.00 ms. Allocated memory is still 545.3 MB. Free memory was 521.4 MB in the beginning and 520.3 MB in the end (delta: 1.1 MB). There was no memory consumed. Max. memory is 21.5 GB.
[2021-04-24 13:10:11,081 INFO  L168              Benchmark]: Boogie Preprocessor took 14.28 ms. Allocated memory is still 545.3 MB. Free memory was 520.3 MB in the beginning and 519.5 MB in the end (delta: 792.4 kB). There was no memory consumed. Max. memory is 21.5 GB.
[2021-04-24 13:10:11,082 INFO  L168              Benchmark]: RCFGBuilder took 356.19 ms. Allocated memory is still 545.3 MB. Free memory was 519.5 MB in the beginning and 510.2 MB in the end (delta: 9.3 MB). Peak memory consumption was 8.4 MB. Max. memory is 21.5 GB.
[2021-04-24 13:10:11,082 INFO  L168              Benchmark]: BuchiAutomizer took 745.42 ms. Allocated memory is still 545.3 MB. Free memory was 510.2 MB in the beginning and 450.9 MB in the end (delta: 59.3 MB). Peak memory consumption was 58.7 MB. Max. memory is 21.5 GB.
[2021-04-24 13:10:11,082 INFO  L168              Benchmark]: Witness Printer took 39.79 ms. Allocated memory is still 545.3 MB. Free memory was 450.9 MB in the beginning and 449.4 MB in the end (delta: 1.5 MB). Peak memory consumption was 4.2 MB. Max. memory is 21.5 GB.
[2021-04-24 13:10:11,084 INFO  L339   ainManager$Toolchain]: #######################  End [Toolchain 1] #######################
 --- Results ---
 * Results from de.uni_freiburg.informatik.ultimate.core:
  - StatisticsResult: Toolchain Benchmarks
    Benchmark results are:
 * CDTParser took 0.12 ms. Allocated memory is still 545.3 MB. Free memory is still 508.9 MB. There was no memory consumed. Max. memory is 21.5 GB.
 * CACSL2BoogieTranslator took 148.77 ms. Allocated memory is still 545.3 MB. Free memory was 491.7 MB in the beginning and 521.4 MB in the end (delta: -29.7 MB). Peak memory consumption was 20.0 MB. Max. memory is 21.5 GB.
 * Boogie Procedure Inliner took 24.00 ms. Allocated memory is still 545.3 MB. Free memory was 521.4 MB in the beginning and 520.3 MB in the end (delta: 1.1 MB). There was no memory consumed. Max. memory is 21.5 GB.
 * Boogie Preprocessor took 14.28 ms. Allocated memory is still 545.3 MB. Free memory was 520.3 MB in the beginning and 519.5 MB in the end (delta: 792.4 kB). There was no memory consumed. Max. memory is 21.5 GB.
 * RCFGBuilder took 356.19 ms. Allocated memory is still 545.3 MB. Free memory was 519.5 MB in the beginning and 510.2 MB in the end (delta: 9.3 MB). Peak memory consumption was 8.4 MB. Max. memory is 21.5 GB.
 * BuchiAutomizer took 745.42 ms. Allocated memory is still 545.3 MB. Free memory was 510.2 MB in the beginning and 450.9 MB in the end (delta: 59.3 MB). Peak memory consumption was 58.7 MB. Max. memory is 21.5 GB.
 * Witness Printer took 39.79 ms. Allocated memory is still 545.3 MB. Free memory was 450.9 MB in the beginning and 449.4 MB in the end (delta: 1.5 MB). Peak memory consumption was 4.2 MB. Max. memory is 21.5 GB.
 * Results from de.uni_freiburg.informatik.ultimate.boogie.preprocessor:
  - GenericResult: Unfinished Backtranslation
    Unfinished backtranslation: Declaration ConstDeclaration not handled for expression ~unnamed0~0~true
  - GenericResult: Unfinished Backtranslation
    Unfinished backtranslation: Declaration ConstDeclaration not handled for expression ~unnamed0~0~false
  - GenericResult: Unfinished Backtranslation
    Unfinished backtranslation: Declaration ConstDeclaration not handled for expression ~unnamed0~0~true
  - GenericResult: Unfinished Backtranslation
    Unfinished backtranslation: Declaration ConstDeclaration not handled for expression ~unnamed0~0~false
  - GenericResult: Unfinished Backtranslation
    Unfinished backtranslation: Declaration ConstDeclaration not handled for expression ~unnamed0~0~true
  - GenericResult: Unfinished Backtranslation
    Unfinished backtranslation: Declaration ConstDeclaration not handled for expression ~unnamed0~0~false
 * Results from de.uni_freiburg.informatik.ultimate.plugins.generator.traceabstraction:
  - StatisticsResult: Constructed decomposition of program
    Trivial decomposition into one nonterminating module.
  - StatisticsResult: Timing statistics
    B?chiAutomizer plugin needed 0.6s and 1 iterations.  TraceHistogramMax:1. Analysis of lassos took 0.6s. Construction of modules took 0.0s. B?chi inclusion checks took 0.0s. Highest rank in rank-based complementation 0. Minimization of det autom 0. Minimization of nondet autom 0. Automata minimization No data available. Non-live state removal took 0.0s Buchi closure took 0.0s. Biggest automaton had -1 states and ocurred in iteration -1.	Nontrivial modules had stage [0, 0, 0, 0, 0].	InterpolantCoveringCapabilityFinite: 0/0	InterpolantCoveringCapabilityBuchi: 0/0	HoareTripleCheckerStatistics: No data available	LassoAnalysisResults: nont1 unkn0 SFLI0 SFLT0 conc0 concLT0 SILN0 SILU0 SILI0 SILT0 lasso0 LassoPreprocessingBenchmarks:   Lassos: inital15 mio100 ax179 hnf100 lsp55 ukn100 mio100 lsp100 div100 bol100 ite100 ukn100 eq179 hnf92 smp100 dnf100 smp100 tf108 neg100 sie100 LassoTerminationAnalysisBenchmarks: not availableLassoTerminationAnalysisBenchmarks: LassoNonterminationAnalysisSatFixpoint: 7	LassoNonterminationAnalysisSatUnbounded: 2	LassoNonterminationAnalysisUnsat: 0	LassoNonterminationAnalysisUnknown: 0	LassoNonterminationAnalysisTime: 0.2s	
  - TerminationAnalysisResult: Nontermination possible
    Buchi Automizer proved that your program is nonterminating for some inputs
  - GeometricNonTerminationArgumentResult [Line: 19]: Nontermination argument in form of an infinite program execution.
[2021-04-24 13:10:11,089 WARN  L417   cessorBacktranslator]: Unfinished backtranslation: Declaration ConstDeclaration not handled for expression ~unnamed0~0~true
[2021-04-24 13:10:11,089 WARN  L417   cessorBacktranslator]: Unfinished backtranslation: Declaration ConstDeclaration not handled for expression ~unnamed0~0~false
[2021-04-24 13:10:11,090 WARN  L417   cessorBacktranslator]: Unfinished backtranslation: Declaration ConstDeclaration not handled for expression ~unnamed0~0~true
[2021-04-24 13:10:11,090 WARN  L417   cessorBacktranslator]: Unfinished backtranslation: Declaration ConstDeclaration not handled for expression ~unnamed0~0~false
[2021-04-24 13:10:11,090 WARN  L417   cessorBacktranslator]: Unfinished backtranslation: Declaration ConstDeclaration not handled for expression ~unnamed0~0~true
[2021-04-24 13:10:11,090 WARN  L417   cessorBacktranslator]: Unfinished backtranslation: Declaration ConstDeclaration not handled for expression ~unnamed0~0~false
[2021-04-24 13:10:11,090 WARN  L417   cessorBacktranslator]: Unfinished backtranslation: Declaration ConstDeclaration not handled for expression ~unnamed0~0~true
[2021-04-24 13:10:11,091 WARN  L417   cessorBacktranslator]: Unfinished backtranslation: Declaration ConstDeclaration not handled for expression ~unnamed0~0~false
[2021-04-24 13:10:11,091 WARN  L417   cessorBacktranslator]: Unfinished backtranslation: Declaration ConstDeclaration not handled for expression ~unnamed0~0~true
[2021-04-24 13:10:11,091 WARN  L417   cessorBacktranslator]: Unfinished backtranslation: Declaration ConstDeclaration not handled for expression ~unnamed0~0~false
[2021-04-24 13:10:11,091 WARN  L417   cessorBacktranslator]: Unfinished backtranslation: Declaration ConstDeclaration not handled for expression ~unnamed0~0~true
[2021-04-24 13:10:11,091 WARN  L417   cessorBacktranslator]: Unfinished backtranslation: Declaration ConstDeclaration not handled for expression ~unnamed0~0~false
    Nontermination argument in form of an infinite execution
State at position 0 is
{org.eclipse.cdt.internal.core.dom.parser.c.CASTFunctionCallExpression@562f44a8=0, ~unnamed0~0~true=1, \result=0, org.eclipse.cdt.internal.core.dom.parser.c.CASTFunctionCallExpression@44f05a08=0, ~unnamed0~0~false=0, x=0, y=5}
State at position 1 is
{org.eclipse.cdt.internal.core.dom.parser.c.CASTFunctionCallExpression@562f44a8=0, ~unnamed0~0~true=1, \result=0, org.eclipse.cdt.internal.core.dom.parser.c.CASTFunctionCallExpression@44f05a08=0, ~unnamed0~0~false=0, x=0, y=5}
For i>1, the state at position i is
{org.eclipse.cdt.internal.core.dom.parser.c.CASTFunctionCallExpression@562f44a8=0 + sum_{k=0}^i 0, ~unnamed0~0~true=1 + sum_{k=0}^i 0, \result=0 + sum_{k=0}^i 0, org.eclipse.cdt.internal.core.dom.parser.c.CASTFunctionCallExpression@44f05a08=0 + sum_{k=0}^i 0, ~unnamed0~0~false=0 + sum_{k=0}^i 0, x=0 + sum_{k=0}^i 1 + 1 + 1*k + 3, y=5 + sum_{k=0}^i 1}
  - StatisticsResult: NonterminationArgumentStatistics
    Unbounded Execution 3GEVs Lambdas: [1, 1, 1] Mus: [1, 0]
  - NonterminatingLassoResult [Line: 19]: Nonterminating execution
    Found a nonterminating execution for the following lasso shaped sequence of statements.
Stem:
[L15]        int x;
[L16]        int y;
[L17]        x = __VERIFIER_nondet_int()
[L18]        y = __VERIFIER_nondet_int()
Loop:
[L19]  COND TRUE  x >= 0
[L20]             x = x + y
[L21]             y = y + 1
End of lasso representation.
RESULT: Ultimate proved your program to be incorrect!
Received shutdown request...
