Creating empty 100MiB image file: /home/magnago/overlay/Bangalore_false-termination.c.ext3
Formatting image with ext3 file system
Image is done: /home/magnago/overlay/Bangalore_false-termination.c.ext3
This is Ultimate 0.2.1-54a68f4
[2021-04-24 13:10:09,258 INFO  L177        SettingsManager]: Resetting all preferences to default values...
[2021-04-24 13:10:09,263 INFO  L181        SettingsManager]: Resetting UltimateCore preferences to default values
[2021-04-24 13:10:09,299 INFO  L184        SettingsManager]: Ultimate Commandline Interface provides no preferences, ignoring...
[2021-04-24 13:10:09,299 INFO  L181        SettingsManager]: Resetting Boogie Preprocessor preferences to default values
[2021-04-24 13:10:09,300 INFO  L181        SettingsManager]: Resetting Boogie Procedure Inliner preferences to default values
[2021-04-24 13:10:09,301 INFO  L181        SettingsManager]: Resetting Abstract Interpretation preferences to default values
[2021-04-24 13:10:09,302 INFO  L181        SettingsManager]: Resetting LassoRanker preferences to default values
[2021-04-24 13:10:09,303 INFO  L181        SettingsManager]: Resetting Reaching Definitions preferences to default values
[2021-04-24 13:10:09,304 INFO  L181        SettingsManager]: Resetting SyntaxChecker preferences to default values
[2021-04-24 13:10:09,304 INFO  L181        SettingsManager]: Resetting Sifa preferences to default values
[2021-04-24 13:10:09,305 INFO  L184        SettingsManager]: B?chi Program Product provides no preferences, ignoring...
[2021-04-24 13:10:09,306 INFO  L181        SettingsManager]: Resetting LTL2Aut preferences to default values
[2021-04-24 13:10:09,306 INFO  L181        SettingsManager]: Resetting PEA to Boogie preferences to default values
[2021-04-24 13:10:09,307 INFO  L181        SettingsManager]: Resetting BlockEncodingV2 preferences to default values
[2021-04-24 13:10:09,308 INFO  L181        SettingsManager]: Resetting ChcToBoogie preferences to default values
[2021-04-24 13:10:09,308 INFO  L181        SettingsManager]: Resetting AutomataScriptInterpreter preferences to default values
[2021-04-24 13:10:09,309 INFO  L181        SettingsManager]: Resetting BuchiAutomizer preferences to default values
[2021-04-24 13:10:09,310 INFO  L181        SettingsManager]: Resetting CACSL2BoogieTranslator preferences to default values
[2021-04-24 13:10:09,311 INFO  L181        SettingsManager]: Resetting CodeCheck preferences to default values
[2021-04-24 13:10:09,312 INFO  L181        SettingsManager]: Resetting InvariantSynthesis preferences to default values
[2021-04-24 13:10:09,313 INFO  L181        SettingsManager]: Resetting RCFGBuilder preferences to default values
[2021-04-24 13:10:09,313 INFO  L181        SettingsManager]: Resetting Referee preferences to default values
[2021-04-24 13:10:09,314 INFO  L181        SettingsManager]: Resetting TraceAbstraction preferences to default values
[2021-04-24 13:10:09,316 INFO  L184        SettingsManager]: TraceAbstractionConcurrent provides no preferences, ignoring...
[2021-04-24 13:10:09,316 INFO  L184        SettingsManager]: TraceAbstractionWithAFAs provides no preferences, ignoring...
[2021-04-24 13:10:09,316 INFO  L181        SettingsManager]: Resetting TreeAutomizer preferences to default values
[2021-04-24 13:10:09,316 INFO  L181        SettingsManager]: Resetting IcfgToChc preferences to default values
[2021-04-24 13:10:09,317 INFO  L181        SettingsManager]: Resetting IcfgTransformer preferences to default values
[2021-04-24 13:10:09,317 INFO  L184        SettingsManager]: ReqToTest provides no preferences, ignoring...
[2021-04-24 13:10:09,318 INFO  L181        SettingsManager]: Resetting Boogie Printer preferences to default values
[2021-04-24 13:10:09,318 INFO  L181        SettingsManager]: Resetting ChcSmtPrinter preferences to default values
[2021-04-24 13:10:09,319 INFO  L181        SettingsManager]: Resetting ReqPrinter preferences to default values
[2021-04-24 13:10:09,319 INFO  L181        SettingsManager]: Resetting Witness Printer preferences to default values
[2021-04-24 13:10:09,320 INFO  L184        SettingsManager]: Boogie PL CUP Parser provides no preferences, ignoring...
[2021-04-24 13:10:09,320 INFO  L181        SettingsManager]: Resetting CDTParser preferences to default values
[2021-04-24 13:10:09,320 INFO  L184        SettingsManager]: AutomataScriptParser provides no preferences, ignoring...
[2021-04-24 13:10:09,321 INFO  L184        SettingsManager]: ReqParser provides no preferences, ignoring...
[2021-04-24 13:10:09,321 INFO  L181        SettingsManager]: Resetting SmtParser preferences to default values
[2021-04-24 13:10:09,321 INFO  L181        SettingsManager]: Resetting Witness Parser preferences to default values
[2021-04-24 13:10:09,322 INFO  L188        SettingsManager]: Finished resetting all preferences to default values...
[2021-04-24 13:10:09,323 INFO  L101        SettingsManager]: Beginning loading settings from /home/singularity/UAutomizer-linux/config/svcomp-Termination-64bit-Automizer_Default.epf
[2021-04-24 13:10:09,336 INFO  L113        SettingsManager]: Loading preferences was successful
[2021-04-24 13:10:09,336 INFO  L115        SettingsManager]: Preferences different from defaults after loading the file:
[2021-04-24 13:10:09,337 INFO  L136        SettingsManager]: Preferences of BlockEncodingV2 differ from their defaults:
[2021-04-24 13:10:09,337 INFO  L138        SettingsManager]:  * Create parallel compositions if possible=false
[2021-04-24 13:10:09,337 INFO  L138        SettingsManager]:  * Use SBE=true
[2021-04-24 13:10:09,337 INFO  L136        SettingsManager]: Preferences of BuchiAutomizer differ from their defaults:
[2021-04-24 13:10:09,337 INFO  L138        SettingsManager]:  * NCSB implementation=INTSET_LAZY3
[2021-04-24 13:10:09,337 INFO  L138        SettingsManager]:  * Use old map elimination=false
[2021-04-24 13:10:09,338 INFO  L138        SettingsManager]:  * Use external solver (rank synthesis)=false
[2021-04-24 13:10:09,338 INFO  L138        SettingsManager]:  * Use only trivial implications for array writes=true
[2021-04-24 13:10:09,338 INFO  L138        SettingsManager]:  * Rank analysis=LINEAR_WITH_GUESSES
[2021-04-24 13:10:09,338 INFO  L136        SettingsManager]: Preferences of CACSL2BoogieTranslator differ from their defaults:
[2021-04-24 13:10:09,338 INFO  L138        SettingsManager]:  * Check unreachability of error function in SV-COMP mode=false
[2021-04-24 13:10:09,338 INFO  L138        SettingsManager]:  * Overapproximate operations on floating types=true
[2021-04-24 13:10:09,338 INFO  L138        SettingsManager]:  * Check division by zero=IGNORE
[2021-04-24 13:10:09,338 INFO  L138        SettingsManager]:  * Pointer to allocated memory at dereference=ASSUME
[2021-04-24 13:10:09,338 INFO  L138        SettingsManager]:  * If two pointers are subtracted or compared they have the same base address=ASSUME
[2021-04-24 13:10:09,338 INFO  L138        SettingsManager]:  * Check array bounds for arrays that are off heap=ASSUME
[2021-04-24 13:10:09,339 INFO  L138        SettingsManager]:  * Check if freed pointer was valid=false
[2021-04-24 13:10:09,339 INFO  L138        SettingsManager]:  * Assume nondeterminstic values are in range=false
[2021-04-24 13:10:09,339 INFO  L138        SettingsManager]:  * Use constant arrays=true
[2021-04-24 13:10:09,339 INFO  L138        SettingsManager]:  * Pointer base address is valid at dereference=ASSUME
[2021-04-24 13:10:09,339 INFO  L136        SettingsManager]: Preferences of RCFGBuilder differ from their defaults:
[2021-04-24 13:10:09,339 INFO  L138        SettingsManager]:  * Size of a code block=SequenceOfStatements
[2021-04-24 13:10:09,339 INFO  L136        SettingsManager]: Preferences of TraceAbstraction differ from their defaults:
[2021-04-24 13:10:09,339 INFO  L138        SettingsManager]:  * Trace refinement strategy=CAMEL
[2021-04-24 13:10:09,339 INFO  L138        SettingsManager]:  * Trace refinement exception blacklist=NONE
[2021-04-24 13:10:09,340 INFO  L136        SettingsManager]: Preferences of IcfgTransformer differ from their defaults:
[2021-04-24 13:10:09,340 INFO  L138        SettingsManager]:  * TransformationType=MODULO_NEIGHBOR
[2021-04-24 13:10:09,522 INFO  L75    nceAwareModelManager]: Repository-Root is: /tmp
[2021-04-24 13:10:09,551 INFO  L261   ainManager$Toolchain]: [Toolchain 1]: Applicable parser(s) successfully (re)initialized
[2021-04-24 13:10:09,554 INFO  L217   ainManager$Toolchain]: [Toolchain 1]: Toolchain selected.
[2021-04-24 13:10:09,556 INFO  L271        PluginConnector]: Initializing CDTParser...
[2021-04-24 13:10:09,557 INFO  L275        PluginConnector]: CDTParser initialized
[2021-04-24 13:10:09,557 INFO  L432   ainManager$Toolchain]: [Toolchain 1]: Parsing single file: /home/magnago/benchmarks/software_nontermination/C/C_Integer/Ton_Chanh_15/Bangalore_false-termination.c
[2021-04-24 13:10:09,604 INFO  L220              CDTParser]: Created temporary CDT project at /home/singularity/8541b7a97c294ddebe13da157b991c82/FLAG238d21a7b
[2021-04-24 13:10:09,925 INFO  L306              CDTParser]: Found 1 translation units.
[2021-04-24 13:10:09,926 INFO  L160              CDTParser]: Scanning /home/magnago/benchmarks/software_nontermination/C/C_Integer/Ton_Chanh_15/Bangalore_false-termination.c
[2021-04-24 13:10:09,932 INFO  L349              CDTParser]: About to delete temporary CDT project at /home/singularity/8541b7a97c294ddebe13da157b991c82/FLAG238d21a7b
[2021-04-24 13:10:10,353 INFO  L357              CDTParser]: Successfully deleted /home/singularity/8541b7a97c294ddebe13da157b991c82
[2021-04-24 13:10:10,355 INFO  L299   ainManager$Toolchain]: ####################### [Toolchain 1] #######################
[2021-04-24 13:10:10,358 INFO  L131        ToolchainWalker]: Walking toolchain with 6 elements.
[2021-04-24 13:10:10,360 INFO  L113        PluginConnector]: ------------------------CACSL2BoogieTranslator----------------------------
[2021-04-24 13:10:10,360 INFO  L271        PluginConnector]: Initializing CACSL2BoogieTranslator...
[2021-04-24 13:10:10,362 INFO  L275        PluginConnector]: CACSL2BoogieTranslator initialized
[2021-04-24 13:10:10,363 INFO  L185        PluginConnector]: Executing the observer ACSLObjectContainerObserver from plugin CACSL2BoogieTranslator for "CDTParser AST 24.04 01:10:10" (1/1) ...
[2021-04-24 13:10:10,365 INFO  L205        PluginConnector]: Invalid model from CACSL2BoogieTranslator for observer de.uni_freiburg.informatik.ultimate.plugins.generator.cacsl2boogietranslator.ACSLObjectContainerObserver@1d6b64da and model type de.uni_freiburg.informatik.ultimate.plugins.generator.cacsl2boogietranslator AST 24.04 01:10:10, skipping insertion in model container
[2021-04-24 13:10:10,365 INFO  L185        PluginConnector]: Executing the observer CACSL2BoogieTranslatorObserver from plugin CACSL2BoogieTranslator for "CDTParser AST 24.04 01:10:10" (1/1) ...
[2021-04-24 13:10:10,372 INFO  L145         MainTranslator]: Starting translation in SV-COMP mode 
[2021-04-24 13:10:10,381 INFO  L178         MainTranslator]: Built tables and reachable declarations
[2021-04-24 13:10:10,499 INFO  L206          PostProcessor]: Analyzing one entry point: main
[2021-04-24 13:10:10,502 INFO  L203         MainTranslator]: Completed pre-run
[2021-04-24 13:10:10,510 INFO  L206          PostProcessor]: Analyzing one entry point: main
[2021-04-24 13:10:10,521 INFO  L208         MainTranslator]: Completed translation
[2021-04-24 13:10:10,522 INFO  L202        PluginConnector]: Adding new model de.uni_freiburg.informatik.ultimate.plugins.generator.cacsl2boogietranslator AST 24.04 01:10:10 WrapperNode
[2021-04-24 13:10:10,522 INFO  L132        PluginConnector]: ------------------------ END CACSL2BoogieTranslator----------------------------
[2021-04-24 13:10:10,523 INFO  L113        PluginConnector]: ------------------------Boogie Procedure Inliner----------------------------
[2021-04-24 13:10:10,523 INFO  L271        PluginConnector]: Initializing Boogie Procedure Inliner...
[2021-04-24 13:10:10,523 INFO  L275        PluginConnector]: Boogie Procedure Inliner initialized
[2021-04-24 13:10:10,528 INFO  L185        PluginConnector]: Executing the observer TypeChecker from plugin Boogie Procedure Inliner for "de.uni_freiburg.informatik.ultimate.plugins.generator.cacsl2boogietranslator AST 24.04 01:10:10" (1/1) ...
[2021-04-24 13:10:10,531 INFO  L185        PluginConnector]: Executing the observer Inliner from plugin Boogie Procedure Inliner for "de.uni_freiburg.informatik.ultimate.plugins.generator.cacsl2boogietranslator AST 24.04 01:10:10" (1/1) ...
[2021-04-24 13:10:10,546 INFO  L132        PluginConnector]: ------------------------ END Boogie Procedure Inliner----------------------------
[2021-04-24 13:10:10,547 INFO  L113        PluginConnector]: ------------------------Boogie Preprocessor----------------------------
[2021-04-24 13:10:10,547 INFO  L271        PluginConnector]: Initializing Boogie Preprocessor...
[2021-04-24 13:10:10,547 INFO  L275        PluginConnector]: Boogie Preprocessor initialized
[2021-04-24 13:10:10,555 INFO  L185        PluginConnector]: Executing the observer EnsureBoogieModelObserver from plugin Boogie Preprocessor for "de.uni_freiburg.informatik.ultimate.plugins.generator.cacsl2boogietranslator AST 24.04 01:10:10" (1/1) ...
[2021-04-24 13:10:10,555 INFO  L185        PluginConnector]: Executing the observer TypeChecker from plugin Boogie Preprocessor for "de.uni_freiburg.informatik.ultimate.plugins.generator.cacsl2boogietranslator AST 24.04 01:10:10" (1/1) ...
[2021-04-24 13:10:10,556 INFO  L185        PluginConnector]: Executing the observer ConstExpander from plugin Boogie Preprocessor for "de.uni_freiburg.informatik.ultimate.plugins.generator.cacsl2boogietranslator AST 24.04 01:10:10" (1/1) ...
[2021-04-24 13:10:10,556 INFO  L185        PluginConnector]: Executing the observer StructExpander from plugin Boogie Preprocessor for "de.uni_freiburg.informatik.ultimate.plugins.generator.cacsl2boogietranslator AST 24.04 01:10:10" (1/1) ...
[2021-04-24 13:10:10,558 INFO  L185        PluginConnector]: Executing the observer UnstructureCode from plugin Boogie Preprocessor for "de.uni_freiburg.informatik.ultimate.plugins.generator.cacsl2boogietranslator AST 24.04 01:10:10" (1/1) ...
[2021-04-24 13:10:10,561 INFO  L185        PluginConnector]: Executing the observer FunctionInliner from plugin Boogie Preprocessor for "de.uni_freiburg.informatik.ultimate.plugins.generator.cacsl2boogietranslator AST 24.04 01:10:10" (1/1) ...
[2021-04-24 13:10:10,562 INFO  L185        PluginConnector]: Executing the observer BoogieSymbolTableConstructor from plugin Boogie Preprocessor for "de.uni_freiburg.informatik.ultimate.plugins.generator.cacsl2boogietranslator AST 24.04 01:10:10" (1/1) ...
[2021-04-24 13:10:10,563 INFO  L132        PluginConnector]: ------------------------ END Boogie Preprocessor----------------------------
[2021-04-24 13:10:10,564 INFO  L113        PluginConnector]: ------------------------RCFGBuilder----------------------------
[2021-04-24 13:10:10,564 INFO  L271        PluginConnector]: Initializing RCFGBuilder...
[2021-04-24 13:10:10,564 INFO  L275        PluginConnector]: RCFGBuilder initialized
[2021-04-24 13:10:10,565 INFO  L185        PluginConnector]: Executing the observer RCFGBuilderObserver from plugin RCFGBuilder for "de.uni_freiburg.informatik.ultimate.plugins.generator.cacsl2boogietranslator AST 24.04 01:10:10" (1/1) ...
No working directory specified, using /home/singularity/UAutomizer-linux/z3
Starting monitored process 1 with z3 SMTLIB2_COMPLIANT=true -memory:1024 -smt2 -in -t:12000 (exit command is (exit), workingDir is null)
Waiting until toolchain timeout for monitored process 1 with z3 SMTLIB2_COMPLIANT=true -memory:1024 -smt2 -in -t:12000
[2021-04-24 13:10:10,666 INFO  L130     BoogieDeclarations]: Found specification of procedure ULTIMATE.start
[2021-04-24 13:10:10,666 INFO  L138     BoogieDeclarations]: Found implementation of procedure ULTIMATE.start
[2021-04-24 13:10:10,923 INFO  L294             CfgBuilder]: Using the 1 location(s) as analysis (start of procedure ULTIMATE.start)
[2021-04-24 13:10:10,923 INFO  L299             CfgBuilder]: Removed 5 assume(true) statements.
[2021-04-24 13:10:10,924 INFO  L202        PluginConnector]: Adding new model de.uni_freiburg.informatik.ultimate.plugins.generator.rcfgbuilder CFG 24.04 01:10:10 BoogieIcfgContainer
[2021-04-24 13:10:10,924 INFO  L132        PluginConnector]: ------------------------ END RCFGBuilder----------------------------
[2021-04-24 13:10:10,925 INFO  L113        PluginConnector]: ------------------------BuchiAutomizer----------------------------
[2021-04-24 13:10:10,925 INFO  L271        PluginConnector]: Initializing BuchiAutomizer...
[2021-04-24 13:10:10,929 INFO  L275        PluginConnector]: BuchiAutomizer initialized
[2021-04-24 13:10:10,930 INFO  L99          BuchiAutomizer]: Safety of program was proven or not checked, starting termination analysis
[2021-04-24 13:10:10,930 INFO  L185        PluginConnector]: Executing the observer BuchiAutomizerObserver from plugin BuchiAutomizer for "CDTParser AST 24.04 01:10:10" (1/3) ...
[2021-04-24 13:10:10,932 INFO  L205        PluginConnector]: Invalid model from BuchiAutomizer for observer de.uni_freiburg.informatik.ultimate.plugins.generator.buchiautomizer.BuchiAutomizerObserver@5c2f3f84 and model type de.uni_freiburg.informatik.ultimate.plugins.generator.buchiautomizer AST 24.04 01:10:10, skipping insertion in model container
[2021-04-24 13:10:10,932 INFO  L99          BuchiAutomizer]: Safety of program was proven or not checked, starting termination analysis
[2021-04-24 13:10:10,932 INFO  L185        PluginConnector]: Executing the observer BuchiAutomizerObserver from plugin BuchiAutomizer for "de.uni_freiburg.informatik.ultimate.plugins.generator.cacsl2boogietranslator AST 24.04 01:10:10" (2/3) ...
[2021-04-24 13:10:10,933 INFO  L205        PluginConnector]: Invalid model from BuchiAutomizer for observer de.uni_freiburg.informatik.ultimate.plugins.generator.buchiautomizer.BuchiAutomizerObserver@5c2f3f84 and model type de.uni_freiburg.informatik.ultimate.plugins.generator.buchiautomizer AST 24.04 01:10:10, skipping insertion in model container
[2021-04-24 13:10:10,933 INFO  L99          BuchiAutomizer]: Safety of program was proven or not checked, starting termination analysis
[2021-04-24 13:10:10,933 INFO  L185        PluginConnector]: Executing the observer BuchiAutomizerObserver from plugin BuchiAutomizer for "de.uni_freiburg.informatik.ultimate.plugins.generator.rcfgbuilder CFG 24.04 01:10:10" (3/3) ...
[2021-04-24 13:10:10,935 INFO  L389   chiAutomizerObserver]: Analyzing ICFG Bangalore_false-termination.c
[2021-04-24 13:10:10,990 INFO  L359         BuchiCegarLoop]: Interprodecural is true
[2021-04-24 13:10:10,990 INFO  L360         BuchiCegarLoop]: Hoare is false
[2021-04-24 13:10:10,990 INFO  L361         BuchiCegarLoop]: Compute interpolants for ForwardPredicates
[2021-04-24 13:10:10,990 INFO  L362         BuchiCegarLoop]: Backedges is STRAIGHT_LINE
[2021-04-24 13:10:10,990 INFO  L363         BuchiCegarLoop]: Determinization is PREDICATE_ABSTRACTION
[2021-04-24 13:10:10,990 INFO  L364         BuchiCegarLoop]: Difference is false
[2021-04-24 13:10:10,991 INFO  L365         BuchiCegarLoop]: Minimize is MINIMIZE_SEVPA
[2021-04-24 13:10:10,991 INFO  L368         BuchiCegarLoop]: ======== Iteration 0==of CEGAR loop == BuchiCegarLoop========
[2021-04-24 13:10:11,006 INFO  L72            BuchiIsEmpty]: Start buchiIsEmpty. Operand 7 states.
[2021-04-24 13:10:11,021 INFO  L131   ngComponentsAnalysis]: Automaton has 1 accepting balls. 1
[2021-04-24 13:10:11,021 INFO  L87            BuchiIsEmpty]: Finished buchiIsEmpty Result is false
[2021-04-24 13:10:11,021 INFO  L119           BuchiIsEmpty]: Starting construction of run
[2021-04-24 13:10:11,025 INFO  L853         BuchiCegarLoop]: Counterexample stem histogram [1, 1]
[2021-04-24 13:10:11,025 INFO  L854         BuchiCegarLoop]: Counterexample loop histogram [1]
[2021-04-24 13:10:11,025 INFO  L427         BuchiCegarLoop]: ======== Iteration 1============
[2021-04-24 13:10:11,026 INFO  L72            BuchiIsEmpty]: Start buchiIsEmpty. Operand 7 states.
[2021-04-24 13:10:11,026 INFO  L131   ngComponentsAnalysis]: Automaton has 1 accepting balls. 1
[2021-04-24 13:10:11,026 INFO  L87            BuchiIsEmpty]: Finished buchiIsEmpty Result is false
[2021-04-24 13:10:11,026 INFO  L119           BuchiIsEmpty]: Starting construction of run
[2021-04-24 13:10:11,026 INFO  L853         BuchiCegarLoop]: Counterexample stem histogram [1, 1]
[2021-04-24 13:10:11,027 INFO  L854         BuchiCegarLoop]: Counterexample loop histogram [1]
[2021-04-24 13:10:11,032 INFO  L794   eck$LassoCheckResult]: Stem: 3#ULTIMATE.startENTRYtrue havoc main_#res;havoc main_#t~nondet0, main_#t~nondet1, main_~x~0, main_~y~0;havoc main_~x~0;havoc main_~y~0;main_~x~0 := main_#t~nondet0;havoc main_#t~nondet0;main_~y~0 := main_#t~nondet1;havoc main_#t~nondet1; 7#L17true assume main_~y~0 < 1; 4#L18-2true 
[2021-04-24 13:10:11,032 INFO  L796   eck$LassoCheckResult]: Loop: 4#L18-2true assume !!(main_~x~0 >= 0);main_~x~0 := main_~x~0 - main_~y~0; 4#L18-2true 
[2021-04-24 13:10:11,036 INFO  L144       PredicateUnifier]: Initialized classic predicate unifier
[2021-04-24 13:10:11,037 INFO  L82        PathProgramCache]: Analyzing trace with hash 996, now seen corresponding path program 1 times
[2021-04-24 13:10:11,043 INFO  L162   FreeRefinementEngine]: Executing refinement strategy CAMEL
[2021-04-24 13:10:11,044 INFO  L353   FreeRefinementEngine]: Using trace check IpTcStrategyModuleSmtInterpolCraig [1071187017]
[2021-04-24 13:10:11,044 INFO  L95    rtionOrderModulation]: Keeping assertion order NOT_INCREMENTALLY
[2021-04-24 13:10:11,108 INFO  L136    AnnotateAndAsserter]: Conjunction of SSA is sat
[2021-04-24 13:10:11,109 INFO  L221             TraceCheck]: Trace is feasible, we will do another trace check, this time with branch encoders.
[2021-04-24 13:10:11,112 INFO  L136    AnnotateAndAsserter]: Conjunction of SSA is sat
[2021-04-24 13:10:11,112 INFO  L221             TraceCheck]: Trace is feasible, we will do another trace check, this time with branch encoders.
[2021-04-24 13:10:11,123 INFO  L173   FreeRefinementEngine]: Strategy CAMEL found a feasible trace
[2021-04-24 13:10:11,125 INFO  L144       PredicateUnifier]: Initialized classic predicate unifier
[2021-04-24 13:10:11,125 INFO  L82        PathProgramCache]: Analyzing trace with hash 44, now seen corresponding path program 1 times
[2021-04-24 13:10:11,125 INFO  L162   FreeRefinementEngine]: Executing refinement strategy CAMEL
[2021-04-24 13:10:11,125 INFO  L353   FreeRefinementEngine]: Using trace check IpTcStrategyModuleSmtInterpolCraig [1225875688]
[2021-04-24 13:10:11,125 INFO  L95    rtionOrderModulation]: Keeping assertion order NOT_INCREMENTALLY
[2021-04-24 13:10:11,131 INFO  L136    AnnotateAndAsserter]: Conjunction of SSA is sat
[2021-04-24 13:10:11,131 INFO  L221             TraceCheck]: Trace is feasible, we will do another trace check, this time with branch encoders.
[2021-04-24 13:10:11,133 INFO  L136    AnnotateAndAsserter]: Conjunction of SSA is sat
[2021-04-24 13:10:11,133 INFO  L221             TraceCheck]: Trace is feasible, we will do another trace check, this time with branch encoders.
[2021-04-24 13:10:11,134 INFO  L173   FreeRefinementEngine]: Strategy CAMEL found a feasible trace
[2021-04-24 13:10:11,136 INFO  L144       PredicateUnifier]: Initialized classic predicate unifier
[2021-04-24 13:10:11,136 INFO  L82        PathProgramCache]: Analyzing trace with hash 30889, now seen corresponding path program 1 times
[2021-04-24 13:10:11,136 INFO  L162   FreeRefinementEngine]: Executing refinement strategy CAMEL
[2021-04-24 13:10:11,136 INFO  L353   FreeRefinementEngine]: Using trace check IpTcStrategyModuleSmtInterpolCraig [86275379]
[2021-04-24 13:10:11,136 INFO  L95    rtionOrderModulation]: Keeping assertion order NOT_INCREMENTALLY
[2021-04-24 13:10:11,141 INFO  L136    AnnotateAndAsserter]: Conjunction of SSA is sat
[2021-04-24 13:10:11,141 INFO  L221             TraceCheck]: Trace is feasible, we will do another trace check, this time with branch encoders.
[2021-04-24 13:10:11,145 INFO  L136    AnnotateAndAsserter]: Conjunction of SSA is sat
[2021-04-24 13:10:11,145 INFO  L221             TraceCheck]: Trace is feasible, we will do another trace check, this time with branch encoders.
[2021-04-24 13:10:11,146 INFO  L173   FreeRefinementEngine]: Strategy CAMEL found a feasible trace
[2021-04-24 13:10:11,215 INFO  L202        PluginConnector]: Adding new model de.uni_freiburg.informatik.ultimate.plugins.generator.buchiautomizer CFG 24.04 01:10:11 BoogieIcfgContainer
[2021-04-24 13:10:11,215 INFO  L132        PluginConnector]: ------------------------ END BuchiAutomizer----------------------------
[2021-04-24 13:10:11,216 INFO  L113        PluginConnector]: ------------------------Witness Printer----------------------------
[2021-04-24 13:10:11,216 INFO  L271        PluginConnector]: Initializing Witness Printer...
[2021-04-24 13:10:11,216 INFO  L275        PluginConnector]: Witness Printer initialized
[2021-04-24 13:10:11,216 INFO  L185        PluginConnector]: Executing the observer RCFGCatcher from plugin Witness Printer for "de.uni_freiburg.informatik.ultimate.plugins.generator.rcfgbuilder CFG 24.04 01:10:10" (3/4) ...
[2021-04-24 13:10:11,218 INFO  L134         WitnessPrinter]: Generating witness for non-termination counterexample
[2021-04-24 13:10:11,249 INFO  L141         WitnessManager]: Wrote witness to /home/magnago/benchmarks/software_nontermination/C/C_Integer/Ton_Chanh_15/Bangalore_false-termination.c-witness.graphml
[2021-04-24 13:10:11,249 INFO  L132        PluginConnector]: ------------------------ END Witness Printer----------------------------
[2021-04-24 13:10:11,251 INFO  L168              Benchmark]: Toolchain (without parser) took 893.40 ms. Allocated memory is still 545.3 MB. Free memory was 491.8 MB in the beginning and 489.2 MB in the end (delta: 2.6 MB). There was no memory consumed. Max. memory is 21.5 GB.
[2021-04-24 13:10:11,251 INFO  L168              Benchmark]: CDTParser took 0.13 ms. Allocated memory is still 545.3 MB. Free memory is still 509.0 MB. There was no memory consumed. Max. memory is 21.5 GB.
[2021-04-24 13:10:11,252 INFO  L168              Benchmark]: CACSL2BoogieTranslator took 162.63 ms. Allocated memory is still 545.3 MB. Free memory was 491.5 MB in the beginning and 522.5 MB in the end (delta: -31.0 MB). Peak memory consumption was 20.0 MB. Max. memory is 21.5 GB.
[2021-04-24 13:10:11,252 INFO  L168              Benchmark]: Boogie Procedure Inliner took 23.37 ms. Allocated memory is still 545.3 MB. Free memory was 522.5 MB in the beginning and 521.3 MB in the end (delta: 1.2 MB). There was no memory consumed. Max. memory is 21.5 GB.
[2021-04-24 13:10:11,253 INFO  L168              Benchmark]: Boogie Preprocessor took 16.14 ms. Allocated memory is still 545.3 MB. Free memory was 521.3 MB in the beginning and 520.3 MB in the end (delta: 949.1 kB). There was no memory consumed. Max. memory is 21.5 GB.
[2021-04-24 13:10:11,253 INFO  L168              Benchmark]: RCFGBuilder took 360.73 ms. Allocated memory is still 545.3 MB. Free memory was 520.3 MB in the beginning and 509.9 MB in the end (delta: 10.4 MB). Peak memory consumption was 8.4 MB. Max. memory is 21.5 GB.
[2021-04-24 13:10:11,254 INFO  L168              Benchmark]: BuchiAutomizer took 290.42 ms. Allocated memory is still 545.3 MB. Free memory was 509.9 MB in the beginning and 490.5 MB in the end (delta: 19.4 MB). Peak memory consumption was 21.0 MB. Max. memory is 21.5 GB.
[2021-04-24 13:10:11,254 INFO  L168              Benchmark]: Witness Printer took 33.57 ms. Allocated memory is still 545.3 MB. Free memory was 490.5 MB in the beginning and 489.2 MB in the end (delta: 1.3 MB). There was no memory consumed. Max. memory is 21.5 GB.
[2021-04-24 13:10:11,257 INFO  L339   ainManager$Toolchain]: #######################  End [Toolchain 1] #######################
 --- Results ---
 * Results from de.uni_freiburg.informatik.ultimate.core:
  - StatisticsResult: Toolchain Benchmarks
    Benchmark results are:
 * CDTParser took 0.13 ms. Allocated memory is still 545.3 MB. Free memory is still 509.0 MB. There was no memory consumed. Max. memory is 21.5 GB.
 * CACSL2BoogieTranslator took 162.63 ms. Allocated memory is still 545.3 MB. Free memory was 491.5 MB in the beginning and 522.5 MB in the end (delta: -31.0 MB). Peak memory consumption was 20.0 MB. Max. memory is 21.5 GB.
 * Boogie Procedure Inliner took 23.37 ms. Allocated memory is still 545.3 MB. Free memory was 522.5 MB in the beginning and 521.3 MB in the end (delta: 1.2 MB). There was no memory consumed. Max. memory is 21.5 GB.
 * Boogie Preprocessor took 16.14 ms. Allocated memory is still 545.3 MB. Free memory was 521.3 MB in the beginning and 520.3 MB in the end (delta: 949.1 kB). There was no memory consumed. Max. memory is 21.5 GB.
 * RCFGBuilder took 360.73 ms. Allocated memory is still 545.3 MB. Free memory was 520.3 MB in the beginning and 509.9 MB in the end (delta: 10.4 MB). Peak memory consumption was 8.4 MB. Max. memory is 21.5 GB.
 * BuchiAutomizer took 290.42 ms. Allocated memory is still 545.3 MB. Free memory was 509.9 MB in the beginning and 490.5 MB in the end (delta: 19.4 MB). Peak memory consumption was 21.0 MB. Max. memory is 21.5 GB.
 * Witness Printer took 33.57 ms. Allocated memory is still 545.3 MB. Free memory was 490.5 MB in the beginning and 489.2 MB in the end (delta: 1.3 MB). There was no memory consumed. Max. memory is 21.5 GB.
 * Results from de.uni_freiburg.informatik.ultimate.plugins.generator.traceabstraction:
  - StatisticsResult: Constructed decomposition of program
    Trivial decomposition into one nonterminating module.
  - StatisticsResult: Timing statistics
    B?chiAutomizer plugin needed 0.2s and 1 iterations.  TraceHistogramMax:1. Analysis of lassos took 0.1s. Construction of modules took 0.0s. B?chi inclusion checks took 0.0s. Highest rank in rank-based complementation 0. Minimization of det autom 0. Minimization of nondet autom 0. Automata minimization No data available. Non-live state removal took 0.0s Buchi closure took 0.0s. Biggest automaton had -1 states and ocurred in iteration -1.	Nontrivial modules had stage [0, 0, 0, 0, 0].	InterpolantCoveringCapabilityFinite: 0/0	InterpolantCoveringCapabilityBuchi: 0/0	HoareTripleCheckerStatistics: No data available	LassoAnalysisResults: nont1 unkn0 SFLI0 SFLT0 conc0 concLT0 SILN0 SILU0 SILI0 SILT0 lasso0 LassoPreprocessingBenchmarks: LassoTerminationAnalysisBenchmarks: not availableLassoTerminationAnalysisBenchmarks: LassoNonterminationAnalysisSatFixpoint: 0	LassoNonterminationAnalysisSatUnbounded: 0	LassoNonterminationAnalysisUnsat: 0	LassoNonterminationAnalysisUnknown: 0	LassoNonterminationAnalysisTime: 0.0s	
  - TerminationAnalysisResult: Nontermination possible
    Buchi Automizer proved that your program is nonterminating for some inputs
  - FixpointNonTerminationResult [Line: 18]: Nontermination argument in form of an infinite program execution.
    Nontermination argument in form of an infinite execution
State at position 0 is
{}
State at position 1 is
{org.eclipse.cdt.internal.core.dom.parser.c.CASTFunctionCallExpression@7ff6d968=0, \result=0, org.eclipse.cdt.internal.core.dom.parser.c.CASTFunctionCallExpression@53eabcdc=0, x=0, y=0}
  - StatisticsResult: NonterminationArgumentStatistics
    Fixpoint
  - NonterminatingLassoResult [Line: 18]: Nonterminating execution
    Found a nonterminating execution for the following lasso shaped sequence of statements.
Stem:
[L13]             int x;
[L14]             int y;
[L15]             x = __VERIFIER_nondet_int()
[L16]             y = __VERIFIER_nondet_int()
[L17]  COND TRUE  y < 1
Loop:
[L18]  COND TRUE  x >= 0
[L19]             x = x - y
End of lasso representation.
RESULT: Ultimate proved your program to be incorrect!
Received shutdown request...
