Creating empty 100MiB image file: /home/magnago/overlay/Hanoi_3vars_false-termination.c.ext3
Formatting image with ext3 file system
Image is done: /home/magnago/overlay/Hanoi_3vars_false-termination.c.ext3
This is Ultimate 0.2.1-54a68f4
[2021-04-24 13:10:08,702 INFO  L177        SettingsManager]: Resetting all preferences to default values...
[2021-04-24 13:10:08,705 INFO  L181        SettingsManager]: Resetting UltimateCore preferences to default values
[2021-04-24 13:10:08,759 INFO  L184        SettingsManager]: Ultimate Commandline Interface provides no preferences, ignoring...
[2021-04-24 13:10:08,759 INFO  L181        SettingsManager]: Resetting Boogie Preprocessor preferences to default values
[2021-04-24 13:10:08,760 INFO  L181        SettingsManager]: Resetting Boogie Procedure Inliner preferences to default values
[2021-04-24 13:10:08,762 INFO  L181        SettingsManager]: Resetting Abstract Interpretation preferences to default values
[2021-04-24 13:10:08,764 INFO  L181        SettingsManager]: Resetting LassoRanker preferences to default values
[2021-04-24 13:10:08,766 INFO  L181        SettingsManager]: Resetting Reaching Definitions preferences to default values
[2021-04-24 13:10:08,767 INFO  L181        SettingsManager]: Resetting SyntaxChecker preferences to default values
[2021-04-24 13:10:08,768 INFO  L181        SettingsManager]: Resetting Sifa preferences to default values
[2021-04-24 13:10:08,769 INFO  L184        SettingsManager]: B?chi Program Product provides no preferences, ignoring...
[2021-04-24 13:10:08,769 INFO  L181        SettingsManager]: Resetting LTL2Aut preferences to default values
[2021-04-24 13:10:08,770 INFO  L181        SettingsManager]: Resetting PEA to Boogie preferences to default values
[2021-04-24 13:10:08,771 INFO  L181        SettingsManager]: Resetting BlockEncodingV2 preferences to default values
[2021-04-24 13:10:08,771 INFO  L181        SettingsManager]: Resetting ChcToBoogie preferences to default values
[2021-04-24 13:10:08,772 INFO  L181        SettingsManager]: Resetting AutomataScriptInterpreter preferences to default values
[2021-04-24 13:10:08,773 INFO  L181        SettingsManager]: Resetting BuchiAutomizer preferences to default values
[2021-04-24 13:10:08,775 INFO  L181        SettingsManager]: Resetting CACSL2BoogieTranslator preferences to default values
[2021-04-24 13:10:08,776 INFO  L181        SettingsManager]: Resetting CodeCheck preferences to default values
[2021-04-24 13:10:08,778 INFO  L181        SettingsManager]: Resetting InvariantSynthesis preferences to default values
[2021-04-24 13:10:08,779 INFO  L181        SettingsManager]: Resetting RCFGBuilder preferences to default values
[2021-04-24 13:10:08,781 INFO  L181        SettingsManager]: Resetting Referee preferences to default values
[2021-04-24 13:10:08,781 INFO  L181        SettingsManager]: Resetting TraceAbstraction preferences to default values
[2021-04-24 13:10:08,784 INFO  L184        SettingsManager]: TraceAbstractionConcurrent provides no preferences, ignoring...
[2021-04-24 13:10:08,784 INFO  L184        SettingsManager]: TraceAbstractionWithAFAs provides no preferences, ignoring...
[2021-04-24 13:10:08,785 INFO  L181        SettingsManager]: Resetting TreeAutomizer preferences to default values
[2021-04-24 13:10:08,786 INFO  L181        SettingsManager]: Resetting IcfgToChc preferences to default values
[2021-04-24 13:10:08,786 INFO  L181        SettingsManager]: Resetting IcfgTransformer preferences to default values
[2021-04-24 13:10:08,787 INFO  L184        SettingsManager]: ReqToTest provides no preferences, ignoring...
[2021-04-24 13:10:08,787 INFO  L181        SettingsManager]: Resetting Boogie Printer preferences to default values
[2021-04-24 13:10:08,788 INFO  L181        SettingsManager]: Resetting ChcSmtPrinter preferences to default values
[2021-04-24 13:10:08,789 INFO  L181        SettingsManager]: Resetting ReqPrinter preferences to default values
[2021-04-24 13:10:08,790 INFO  L181        SettingsManager]: Resetting Witness Printer preferences to default values
[2021-04-24 13:10:08,791 INFO  L184        SettingsManager]: Boogie PL CUP Parser provides no preferences, ignoring...
[2021-04-24 13:10:08,791 INFO  L181        SettingsManager]: Resetting CDTParser preferences to default values
[2021-04-24 13:10:08,792 INFO  L184        SettingsManager]: AutomataScriptParser provides no preferences, ignoring...
[2021-04-24 13:10:08,792 INFO  L184        SettingsManager]: ReqParser provides no preferences, ignoring...
[2021-04-24 13:10:08,792 INFO  L181        SettingsManager]: Resetting SmtParser preferences to default values
[2021-04-24 13:10:08,793 INFO  L181        SettingsManager]: Resetting Witness Parser preferences to default values
[2021-04-24 13:10:08,794 INFO  L188        SettingsManager]: Finished resetting all preferences to default values...
[2021-04-24 13:10:08,795 INFO  L101        SettingsManager]: Beginning loading settings from /home/singularity/UAutomizer-linux/config/svcomp-Termination-64bit-Automizer_Default.epf
[2021-04-24 13:10:08,818 INFO  L113        SettingsManager]: Loading preferences was successful
[2021-04-24 13:10:08,818 INFO  L115        SettingsManager]: Preferences different from defaults after loading the file:
[2021-04-24 13:10:08,819 INFO  L136        SettingsManager]: Preferences of BlockEncodingV2 differ from their defaults:
[2021-04-24 13:10:08,819 INFO  L138        SettingsManager]:  * Create parallel compositions if possible=false
[2021-04-24 13:10:08,819 INFO  L138        SettingsManager]:  * Use SBE=true
[2021-04-24 13:10:08,819 INFO  L136        SettingsManager]: Preferences of BuchiAutomizer differ from their defaults:
[2021-04-24 13:10:08,819 INFO  L138        SettingsManager]:  * NCSB implementation=INTSET_LAZY3
[2021-04-24 13:10:08,820 INFO  L138        SettingsManager]:  * Use old map elimination=false
[2021-04-24 13:10:08,820 INFO  L138        SettingsManager]:  * Use external solver (rank synthesis)=false
[2021-04-24 13:10:08,820 INFO  L138        SettingsManager]:  * Use only trivial implications for array writes=true
[2021-04-24 13:10:08,820 INFO  L138        SettingsManager]:  * Rank analysis=LINEAR_WITH_GUESSES
[2021-04-24 13:10:08,820 INFO  L136        SettingsManager]: Preferences of CACSL2BoogieTranslator differ from their defaults:
[2021-04-24 13:10:08,820 INFO  L138        SettingsManager]:  * Check unreachability of error function in SV-COMP mode=false
[2021-04-24 13:10:08,820 INFO  L138        SettingsManager]:  * Overapproximate operations on floating types=true
[2021-04-24 13:10:08,820 INFO  L138        SettingsManager]:  * Check division by zero=IGNORE
[2021-04-24 13:10:08,821 INFO  L138        SettingsManager]:  * Pointer to allocated memory at dereference=ASSUME
[2021-04-24 13:10:08,821 INFO  L138        SettingsManager]:  * If two pointers are subtracted or compared they have the same base address=ASSUME
[2021-04-24 13:10:08,821 INFO  L138        SettingsManager]:  * Check array bounds for arrays that are off heap=ASSUME
[2021-04-24 13:10:08,821 INFO  L138        SettingsManager]:  * Check if freed pointer was valid=false
[2021-04-24 13:10:08,821 INFO  L138        SettingsManager]:  * Assume nondeterminstic values are in range=false
[2021-04-24 13:10:08,821 INFO  L138        SettingsManager]:  * Use constant arrays=true
[2021-04-24 13:10:08,821 INFO  L138        SettingsManager]:  * Pointer base address is valid at dereference=ASSUME
[2021-04-24 13:10:08,821 INFO  L136        SettingsManager]: Preferences of RCFGBuilder differ from their defaults:
[2021-04-24 13:10:08,821 INFO  L138        SettingsManager]:  * Size of a code block=SequenceOfStatements
[2021-04-24 13:10:08,822 INFO  L136        SettingsManager]: Preferences of TraceAbstraction differ from their defaults:
[2021-04-24 13:10:08,822 INFO  L138        SettingsManager]:  * Trace refinement strategy=CAMEL
[2021-04-24 13:10:08,822 INFO  L138        SettingsManager]:  * Trace refinement exception blacklist=NONE
[2021-04-24 13:10:08,822 INFO  L136        SettingsManager]: Preferences of IcfgTransformer differ from their defaults:
[2021-04-24 13:10:08,823 INFO  L138        SettingsManager]:  * TransformationType=MODULO_NEIGHBOR
[2021-04-24 13:10:09,002 INFO  L75    nceAwareModelManager]: Repository-Root is: /tmp
[2021-04-24 13:10:09,030 INFO  L261   ainManager$Toolchain]: [Toolchain 1]: Applicable parser(s) successfully (re)initialized
[2021-04-24 13:10:09,032 INFO  L217   ainManager$Toolchain]: [Toolchain 1]: Toolchain selected.
[2021-04-24 13:10:09,034 INFO  L271        PluginConnector]: Initializing CDTParser...
[2021-04-24 13:10:09,034 INFO  L275        PluginConnector]: CDTParser initialized
[2021-04-24 13:10:09,035 INFO  L432   ainManager$Toolchain]: [Toolchain 1]: Parsing single file: /home/magnago/benchmarks/software_nontermination/C/C_Integer/Ton_Chanh_15/Hanoi_3vars_false-termination.c
[2021-04-24 13:10:09,079 INFO  L220              CDTParser]: Created temporary CDT project at /home/singularity/40814d43acaf46ecbde3e2af218be14a/FLAGffbffdfa1
!SESSION 2021-04-24 13:10:06.956 -----------------------------------------------
eclipse.buildId=unknown
java.version=11.0.10
java.vendor=Ubuntu
BootLoader constants: OS=linux, ARCH=x86_64, WS=gtk, NL=en_US
Framework arguments:  --console -tc /home/singularity/UAutomizer-linux/config/AutomizerTermination.xml -s /home/singularity/UAutomizer-linux/config/svcomp-Termination-64bit-Automizer_Default.epf -i /home/magnago/benchmarks/software_nontermination/C/C_Integer/Ton_Chanh_15/Hanoi_3vars_false-termination.c
Command-line arguments:  -os linux -ws gtk -arch x86_64 -consoleLog --console -data /home/singularity -tc /home/singularity/UAutomizer-linux/config/AutomizerTermination.xml -s /home/singularity/UAutomizer-linux/config/svcomp-Termination-64bit-Automizer_Default.epf -data /home/singularity -i /home/magnago/benchmarks/software_nontermination/C/C_Integer/Ton_Chanh_15/Hanoi_3vars_false-termination.c

!ENTRY org.eclipse.cdt.core 1 0 2021-04-24 13:10:09.317
!MESSAGE Indexed 'FLAGffbffdfa1' (0 sources, 0 headers) in 0.005 sec: 0 declarations; 0 references; 0 unresolved inclusions; 0 syntax errors; 0 unresolved names (0%)
[2021-04-24 13:10:09,483 INFO  L306              CDTParser]: Found 1 translation units.
[2021-04-24 13:10:09,483 INFO  L160              CDTParser]: Scanning /home/magnago/benchmarks/software_nontermination/C/C_Integer/Ton_Chanh_15/Hanoi_3vars_false-termination.c
[2021-04-24 13:10:09,490 INFO  L349              CDTParser]: About to delete temporary CDT project at /home/singularity/40814d43acaf46ecbde3e2af218be14a/FLAGffbffdfa1
[2021-04-24 13:10:09,506 INFO  L357              CDTParser]: Successfully deleted /home/singularity/40814d43acaf46ecbde3e2af218be14a
[2021-04-24 13:10:09,508 INFO  L299   ainManager$Toolchain]: ####################### [Toolchain 1] #######################
[2021-04-24 13:10:09,510 INFO  L131        ToolchainWalker]: Walking toolchain with 6 elements.
[2021-04-24 13:10:09,512 INFO  L113        PluginConnector]: ------------------------CACSL2BoogieTranslator----------------------------
[2021-04-24 13:10:09,513 INFO  L271        PluginConnector]: Initializing CACSL2BoogieTranslator...
[2021-04-24 13:10:09,515 INFO  L275        PluginConnector]: CACSL2BoogieTranslator initialized
[2021-04-24 13:10:09,516 INFO  L185        PluginConnector]: Executing the observer ACSLObjectContainerObserver from plugin CACSL2BoogieTranslator for "CDTParser AST 24.04 01:10:09" (1/1) ...
[2021-04-24 13:10:09,517 INFO  L205        PluginConnector]: Invalid model from CACSL2BoogieTranslator for observer de.uni_freiburg.informatik.ultimate.plugins.generator.cacsl2boogietranslator.ACSLObjectContainerObserver@43030cc1 and model type de.uni_freiburg.informatik.ultimate.plugins.generator.cacsl2boogietranslator AST 24.04 01:10:09, skipping insertion in model container
[2021-04-24 13:10:09,518 INFO  L185        PluginConnector]: Executing the observer CACSL2BoogieTranslatorObserver from plugin CACSL2BoogieTranslator for "CDTParser AST 24.04 01:10:09" (1/1) ...
[2021-04-24 13:10:09,524 INFO  L145         MainTranslator]: Starting translation in SV-COMP mode 
[2021-04-24 13:10:09,533 INFO  L178         MainTranslator]: Built tables and reachable declarations
[2021-04-24 13:10:09,651 INFO  L206          PostProcessor]: Analyzing one entry point: main
[2021-04-24 13:10:09,654 INFO  L203         MainTranslator]: Completed pre-run
[2021-04-24 13:10:09,670 INFO  L206          PostProcessor]: Analyzing one entry point: main
[2021-04-24 13:10:09,679 INFO  L208         MainTranslator]: Completed translation
[2021-04-24 13:10:09,679 INFO  L202        PluginConnector]: Adding new model de.uni_freiburg.informatik.ultimate.plugins.generator.cacsl2boogietranslator AST 24.04 01:10:09 WrapperNode
[2021-04-24 13:10:09,680 INFO  L132        PluginConnector]: ------------------------ END CACSL2BoogieTranslator----------------------------
[2021-04-24 13:10:09,680 INFO  L113        PluginConnector]: ------------------------Boogie Procedure Inliner----------------------------
[2021-04-24 13:10:09,681 INFO  L271        PluginConnector]: Initializing Boogie Procedure Inliner...
[2021-04-24 13:10:09,681 INFO  L275        PluginConnector]: Boogie Procedure Inliner initialized
[2021-04-24 13:10:09,686 INFO  L185        PluginConnector]: Executing the observer TypeChecker from plugin Boogie Procedure Inliner for "de.uni_freiburg.informatik.ultimate.plugins.generator.cacsl2boogietranslator AST 24.04 01:10:09" (1/1) ...
[2021-04-24 13:10:09,690 INFO  L185        PluginConnector]: Executing the observer Inliner from plugin Boogie Procedure Inliner for "de.uni_freiburg.informatik.ultimate.plugins.generator.cacsl2boogietranslator AST 24.04 01:10:09" (1/1) ...
[2021-04-24 13:10:09,701 INFO  L132        PluginConnector]: ------------------------ END Boogie Procedure Inliner----------------------------
[2021-04-24 13:10:09,701 INFO  L113        PluginConnector]: ------------------------Boogie Preprocessor----------------------------
[2021-04-24 13:10:09,701 INFO  L271        PluginConnector]: Initializing Boogie Preprocessor...
[2021-04-24 13:10:09,701 INFO  L275        PluginConnector]: Boogie Preprocessor initialized
[2021-04-24 13:10:09,707 INFO  L185        PluginConnector]: Executing the observer EnsureBoogieModelObserver from plugin Boogie Preprocessor for "de.uni_freiburg.informatik.ultimate.plugins.generator.cacsl2boogietranslator AST 24.04 01:10:09" (1/1) ...
[2021-04-24 13:10:09,708 INFO  L185        PluginConnector]: Executing the observer TypeChecker from plugin Boogie Preprocessor for "de.uni_freiburg.informatik.ultimate.plugins.generator.cacsl2boogietranslator AST 24.04 01:10:09" (1/1) ...
[2021-04-24 13:10:09,708 INFO  L185        PluginConnector]: Executing the observer ConstExpander from plugin Boogie Preprocessor for "de.uni_freiburg.informatik.ultimate.plugins.generator.cacsl2boogietranslator AST 24.04 01:10:09" (1/1) ...
[2021-04-24 13:10:09,708 INFO  L185        PluginConnector]: Executing the observer StructExpander from plugin Boogie Preprocessor for "de.uni_freiburg.informatik.ultimate.plugins.generator.cacsl2boogietranslator AST 24.04 01:10:09" (1/1) ...
[2021-04-24 13:10:09,709 INFO  L185        PluginConnector]: Executing the observer UnstructureCode from plugin Boogie Preprocessor for "de.uni_freiburg.informatik.ultimate.plugins.generator.cacsl2boogietranslator AST 24.04 01:10:09" (1/1) ...
[2021-04-24 13:10:09,712 INFO  L185        PluginConnector]: Executing the observer FunctionInliner from plugin Boogie Preprocessor for "de.uni_freiburg.informatik.ultimate.plugins.generator.cacsl2boogietranslator AST 24.04 01:10:09" (1/1) ...
[2021-04-24 13:10:09,712 INFO  L185        PluginConnector]: Executing the observer BoogieSymbolTableConstructor from plugin Boogie Preprocessor for "de.uni_freiburg.informatik.ultimate.plugins.generator.cacsl2boogietranslator AST 24.04 01:10:09" (1/1) ...
[2021-04-24 13:10:09,713 INFO  L132        PluginConnector]: ------------------------ END Boogie Preprocessor----------------------------
[2021-04-24 13:10:09,714 INFO  L113        PluginConnector]: ------------------------RCFGBuilder----------------------------
[2021-04-24 13:10:09,714 INFO  L271        PluginConnector]: Initializing RCFGBuilder...
[2021-04-24 13:10:09,714 INFO  L275        PluginConnector]: RCFGBuilder initialized
[2021-04-24 13:10:09,715 INFO  L185        PluginConnector]: Executing the observer RCFGBuilderObserver from plugin RCFGBuilder for "de.uni_freiburg.informatik.ultimate.plugins.generator.cacsl2boogietranslator AST 24.04 01:10:09" (1/1) ...
No working directory specified, using /home/singularity/UAutomizer-linux/z3
Starting monitored process 1 with z3 SMTLIB2_COMPLIANT=true -memory:1024 -smt2 -in -t:12000 (exit command is (exit), workingDir is null)
Waiting until toolchain timeout for monitored process 1 with z3 SMTLIB2_COMPLIANT=true -memory:1024 -smt2 -in -t:12000
[2021-04-24 13:10:09,822 INFO  L130     BoogieDeclarations]: Found specification of procedure ULTIMATE.start
[2021-04-24 13:10:09,822 INFO  L138     BoogieDeclarations]: Found implementation of procedure ULTIMATE.start
[2021-04-24 13:10:10,069 INFO  L294             CfgBuilder]: Using the 1 location(s) as analysis (start of procedure ULTIMATE.start)
[2021-04-24 13:10:10,069 INFO  L299             CfgBuilder]: Removed 5 assume(true) statements.
[2021-04-24 13:10:10,070 INFO  L202        PluginConnector]: Adding new model de.uni_freiburg.informatik.ultimate.plugins.generator.rcfgbuilder CFG 24.04 01:10:10 BoogieIcfgContainer
[2021-04-24 13:10:10,070 INFO  L132        PluginConnector]: ------------------------ END RCFGBuilder----------------------------
[2021-04-24 13:10:10,071 INFO  L113        PluginConnector]: ------------------------BuchiAutomizer----------------------------
[2021-04-24 13:10:10,071 INFO  L271        PluginConnector]: Initializing BuchiAutomizer...
[2021-04-24 13:10:10,074 INFO  L275        PluginConnector]: BuchiAutomizer initialized
[2021-04-24 13:10:10,075 INFO  L99          BuchiAutomizer]: Safety of program was proven or not checked, starting termination analysis
[2021-04-24 13:10:10,075 INFO  L185        PluginConnector]: Executing the observer BuchiAutomizerObserver from plugin BuchiAutomizer for "CDTParser AST 24.04 01:10:09" (1/3) ...
[2021-04-24 13:10:10,076 INFO  L205        PluginConnector]: Invalid model from BuchiAutomizer for observer de.uni_freiburg.informatik.ultimate.plugins.generator.buchiautomizer.BuchiAutomizerObserver@24cb6938 and model type de.uni_freiburg.informatik.ultimate.plugins.generator.buchiautomizer AST 24.04 01:10:10, skipping insertion in model container
[2021-04-24 13:10:10,076 INFO  L99          BuchiAutomizer]: Safety of program was proven or not checked, starting termination analysis
[2021-04-24 13:10:10,076 INFO  L185        PluginConnector]: Executing the observer BuchiAutomizerObserver from plugin BuchiAutomizer for "de.uni_freiburg.informatik.ultimate.plugins.generator.cacsl2boogietranslator AST 24.04 01:10:09" (2/3) ...
[2021-04-24 13:10:10,076 INFO  L205        PluginConnector]: Invalid model from BuchiAutomizer for observer de.uni_freiburg.informatik.ultimate.plugins.generator.buchiautomizer.BuchiAutomizerObserver@24cb6938 and model type de.uni_freiburg.informatik.ultimate.plugins.generator.buchiautomizer AST 24.04 01:10:10, skipping insertion in model container
[2021-04-24 13:10:10,076 INFO  L99          BuchiAutomizer]: Safety of program was proven or not checked, starting termination analysis
[2021-04-24 13:10:10,077 INFO  L185        PluginConnector]: Executing the observer BuchiAutomizerObserver from plugin BuchiAutomizer for "de.uni_freiburg.informatik.ultimate.plugins.generator.rcfgbuilder CFG 24.04 01:10:10" (3/3) ...
[2021-04-24 13:10:10,078 INFO  L389   chiAutomizerObserver]: Analyzing ICFG Hanoi_3vars_false-termination.c
[2021-04-24 13:10:10,129 INFO  L359         BuchiCegarLoop]: Interprodecural is true
[2021-04-24 13:10:10,129 INFO  L360         BuchiCegarLoop]: Hoare is false
[2021-04-24 13:10:10,129 INFO  L361         BuchiCegarLoop]: Compute interpolants for ForwardPredicates
[2021-04-24 13:10:10,130 INFO  L362         BuchiCegarLoop]: Backedges is STRAIGHT_LINE
[2021-04-24 13:10:10,130 INFO  L363         BuchiCegarLoop]: Determinization is PREDICATE_ABSTRACTION
[2021-04-24 13:10:10,130 INFO  L364         BuchiCegarLoop]: Difference is false
[2021-04-24 13:10:10,130 INFO  L365         BuchiCegarLoop]: Minimize is MINIMIZE_SEVPA
[2021-04-24 13:10:10,130 INFO  L368         BuchiCegarLoop]: ======== Iteration 0==of CEGAR loop == BuchiCegarLoop========
[2021-04-24 13:10:10,142 INFO  L72            BuchiIsEmpty]: Start buchiIsEmpty. Operand 6 states.
[2021-04-24 13:10:10,154 INFO  L131   ngComponentsAnalysis]: Automaton has 1 accepting balls. 1
[2021-04-24 13:10:10,155 INFO  L87            BuchiIsEmpty]: Finished buchiIsEmpty Result is false
[2021-04-24 13:10:10,155 INFO  L119           BuchiIsEmpty]: Starting construction of run
[2021-04-24 13:10:10,159 INFO  L853         BuchiCegarLoop]: Counterexample stem histogram [1]
[2021-04-24 13:10:10,159 INFO  L854         BuchiCegarLoop]: Counterexample loop histogram [1]
[2021-04-24 13:10:10,159 INFO  L427         BuchiCegarLoop]: ======== Iteration 1============
[2021-04-24 13:10:10,159 INFO  L72            BuchiIsEmpty]: Start buchiIsEmpty. Operand 6 states.
[2021-04-24 13:10:10,160 INFO  L131   ngComponentsAnalysis]: Automaton has 1 accepting balls. 1
[2021-04-24 13:10:10,160 INFO  L87            BuchiIsEmpty]: Finished buchiIsEmpty Result is false
[2021-04-24 13:10:10,160 INFO  L119           BuchiIsEmpty]: Starting construction of run
[2021-04-24 13:10:10,160 INFO  L853         BuchiCegarLoop]: Counterexample stem histogram [1]
[2021-04-24 13:10:10,160 INFO  L854         BuchiCegarLoop]: Counterexample loop histogram [1]
[2021-04-24 13:10:10,166 INFO  L794   eck$LassoCheckResult]: Stem: 4#ULTIMATE.startENTRYtrue havoc main_#res;havoc main_#t~nondet0, main_#t~nondet1, main_#t~nondet2, main_~x~0, main_~y~0, main_~z~0;havoc main_~x~0;havoc main_~y~0;havoc main_~z~0;main_~x~0 := main_#t~nondet0;havoc main_#t~nondet0;main_~y~0 := main_#t~nondet1;havoc main_#t~nondet1;main_~z~0 := main_#t~nondet2;havoc main_#t~nondet2; 8#L16-2true 
[2021-04-24 13:10:10,166 INFO  L796   eck$LassoCheckResult]: Loop: 8#L16-2true assume !!(main_~x~0 > 0);main_~x~0 := main_~x~0 + main_~y~0;main_~y~0 := main_~y~0 + main_~z~0;main_~z~0 := 1 + main_~z~0; 8#L16-2true 
[2021-04-24 13:10:10,170 INFO  L144       PredicateUnifier]: Initialized classic predicate unifier
[2021-04-24 13:10:10,171 INFO  L82        PathProgramCache]: Analyzing trace with hash 32, now seen corresponding path program 1 times
[2021-04-24 13:10:10,178 INFO  L162   FreeRefinementEngine]: Executing refinement strategy CAMEL
[2021-04-24 13:10:10,178 INFO  L353   FreeRefinementEngine]: Using trace check IpTcStrategyModuleSmtInterpolCraig [1126248952]
[2021-04-24 13:10:10,178 INFO  L95    rtionOrderModulation]: Keeping assertion order NOT_INCREMENTALLY
[2021-04-24 13:10:10,242 INFO  L136    AnnotateAndAsserter]: Conjunction of SSA is sat
[2021-04-24 13:10:10,243 INFO  L221             TraceCheck]: Trace is feasible, we will do another trace check, this time with branch encoders.
[2021-04-24 13:10:10,246 INFO  L136    AnnotateAndAsserter]: Conjunction of SSA is sat
[2021-04-24 13:10:10,246 INFO  L221             TraceCheck]: Trace is feasible, we will do another trace check, this time with branch encoders.
[2021-04-24 13:10:10,258 INFO  L173   FreeRefinementEngine]: Strategy CAMEL found a feasible trace
[2021-04-24 13:10:10,259 INFO  L144       PredicateUnifier]: Initialized classic predicate unifier
[2021-04-24 13:10:10,259 INFO  L82        PathProgramCache]: Analyzing trace with hash 41, now seen corresponding path program 1 times
[2021-04-24 13:10:10,259 INFO  L162   FreeRefinementEngine]: Executing refinement strategy CAMEL
[2021-04-24 13:10:10,260 INFO  L353   FreeRefinementEngine]: Using trace check IpTcStrategyModuleSmtInterpolCraig [1171039629]
[2021-04-24 13:10:10,260 INFO  L95    rtionOrderModulation]: Keeping assertion order NOT_INCREMENTALLY
[2021-04-24 13:10:10,268 INFO  L136    AnnotateAndAsserter]: Conjunction of SSA is sat
[2021-04-24 13:10:10,268 INFO  L221             TraceCheck]: Trace is feasible, we will do another trace check, this time with branch encoders.
[2021-04-24 13:10:10,271 INFO  L136    AnnotateAndAsserter]: Conjunction of SSA is sat
[2021-04-24 13:10:10,271 INFO  L221             TraceCheck]: Trace is feasible, we will do another trace check, this time with branch encoders.
[2021-04-24 13:10:10,273 INFO  L173   FreeRefinementEngine]: Strategy CAMEL found a feasible trace
[2021-04-24 13:10:10,274 INFO  L144       PredicateUnifier]: Initialized classic predicate unifier
[2021-04-24 13:10:10,274 INFO  L82        PathProgramCache]: Analyzing trace with hash 1002, now seen corresponding path program 1 times
[2021-04-24 13:10:10,274 INFO  L162   FreeRefinementEngine]: Executing refinement strategy CAMEL
[2021-04-24 13:10:10,275 INFO  L353   FreeRefinementEngine]: Using trace check IpTcStrategyModuleSmtInterpolCraig [1972810930]
[2021-04-24 13:10:10,275 INFO  L95    rtionOrderModulation]: Keeping assertion order NOT_INCREMENTALLY
[2021-04-24 13:10:10,280 INFO  L136    AnnotateAndAsserter]: Conjunction of SSA is sat
[2021-04-24 13:10:10,281 INFO  L221             TraceCheck]: Trace is feasible, we will do another trace check, this time with branch encoders.
[2021-04-24 13:10:10,285 INFO  L136    AnnotateAndAsserter]: Conjunction of SSA is sat
[2021-04-24 13:10:10,286 INFO  L221             TraceCheck]: Trace is feasible, we will do another trace check, this time with branch encoders.
[2021-04-24 13:10:10,287 INFO  L173   FreeRefinementEngine]: Strategy CAMEL found a feasible trace
[2021-04-24 13:10:10,337 INFO  L210          LassoAnalysis]: Preferences:
[2021-04-24 13:10:10,337 INFO  L126   ssoRankerPreferences]: Compute integeral hull: false
[2021-04-24 13:10:10,337 INFO  L127   ssoRankerPreferences]: Enable LassoPartitioneer: true
[2021-04-24 13:10:10,338 INFO  L128   ssoRankerPreferences]: Term annotations enabled: false
[2021-04-24 13:10:10,338 INFO  L129   ssoRankerPreferences]: Use exernal solver: true
[2021-04-24 13:10:10,338 INFO  L130   ssoRankerPreferences]: SMT solver command: z3 SMTLIB2_COMPLIANT=true -memory:1024 -smt2 -in -t:12000
[2021-04-24 13:10:10,338 INFO  L131   ssoRankerPreferences]: Dump SMT script to file: false
[2021-04-24 13:10:10,338 INFO  L132   ssoRankerPreferences]: Path of dumped script: 
[2021-04-24 13:10:10,338 INFO  L133   ssoRankerPreferences]: Filename of dumped script: Hanoi_3vars_false-termination.c_Iteration1_Loop
[2021-04-24 13:10:10,338 INFO  L134   ssoRankerPreferences]: MapElimAlgo: Frank
[2021-04-24 13:10:10,338 INFO  L274          LassoAnalysis]: Starting lasso preprocessing...
[2021-04-24 13:10:10,353 INFO  L141          MapEliminator]: Using MapEliminator with SimplificationTechnique=SIMPLIFY_DDA XnfConversionTechnique=BOTTOM_UP_WITH_LOCAL_SIMPLIFICATION AddInequalities=false OnlyTrivialImplicationsArrayWrite=true OnlyTrivialImplicationsForModifiedArguments=true OnlyArgumentsInFormula=true
[2021-04-24 13:10:10,360 INFO  L141          MapEliminator]: Using MapEliminator with SimplificationTechnique=SIMPLIFY_DDA XnfConversionTechnique=BOTTOM_UP_WITH_LOCAL_SIMPLIFICATION AddInequalities=false OnlyTrivialImplicationsArrayWrite=true OnlyTrivialImplicationsForModifiedArguments=true OnlyArgumentsInFormula=true
[2021-04-24 13:10:10,363 INFO  L141          MapEliminator]: Using MapEliminator with SimplificationTechnique=SIMPLIFY_DDA XnfConversionTechnique=BOTTOM_UP_WITH_LOCAL_SIMPLIFICATION AddInequalities=false OnlyTrivialImplicationsArrayWrite=true OnlyTrivialImplicationsForModifiedArguments=true OnlyArgumentsInFormula=true
[2021-04-24 13:10:10,431 INFO  L292          LassoAnalysis]: Preprocessing complete.
[2021-04-24 13:10:10,432 INFO  L404          LassoAnalysis]: Checking for nontermination...
No working directory specified, using /home/singularity/UAutomizer-linux/z3
Starting monitored process 2 with z3 SMTLIB2_COMPLIANT=true -memory:1024 -smt2 -in -t:12000 (exit command is (exit), workingDir is null)
Waiting until toolchain timeout for monitored process 2 with z3 SMTLIB2_COMPLIANT=true -memory:1024 -smt2 -in -t:12000
[2021-04-24 13:10:10,437 INFO  L148   nArgumentSynthesizer]: Nontermination analysis: NONLINEAR Allow bounded executions: true Number of generalized eigenvectors: 0 Nilpotent components: true
[2021-04-24 13:10:10,437 INFO  L160   nArgumentSynthesizer]: Using integer mode.
[2021-04-24 13:10:10,451 INFO  L437          LassoAnalysis]: Proved nontermination for one component.
[2021-04-24 13:10:10,451 INFO  L440          LassoAnalysis]: Non-Termination argument consisting of: Initial state: {v_rep~unnamed0~0~false_1=0} Honda state: {v_rep~unnamed0~0~false_1=0} Generalized eigenvectors: [] Lambdas: [] Nus: []
No working directory specified, using /home/singularity/UAutomizer-linux/z3
Starting monitored process 3 with z3 SMTLIB2_COMPLIANT=true -memory:1024 -smt2 -in -t:12000 (exit command is (exit), workingDir is null)
Waiting until toolchain timeout for monitored process 3 with z3 SMTLIB2_COMPLIANT=true -memory:1024 -smt2 -in -t:12000
[2021-04-24 13:10:10,470 INFO  L148   nArgumentSynthesizer]: Nontermination analysis: NONLINEAR Allow bounded executions: true Number of generalized eigenvectors: 0 Nilpotent components: true
[2021-04-24 13:10:10,471 INFO  L160   nArgumentSynthesizer]: Using integer mode.
[2021-04-24 13:10:10,476 INFO  L437          LassoAnalysis]: Proved nontermination for one component.
[2021-04-24 13:10:10,477 INFO  L440          LassoAnalysis]: Non-Termination argument consisting of: Initial state: {v_rep~unnamed0~0~true_1=1} Honda state: {v_rep~unnamed0~0~true_1=1} Generalized eigenvectors: [] Lambdas: [] Nus: []
No working directory specified, using /home/singularity/UAutomizer-linux/z3
Starting monitored process 4 with z3 SMTLIB2_COMPLIANT=true -memory:1024 -smt2 -in -t:12000 (exit command is (exit), workingDir is null)
Waiting until toolchain timeout for monitored process 4 with z3 SMTLIB2_COMPLIANT=true -memory:1024 -smt2 -in -t:12000
[2021-04-24 13:10:10,482 INFO  L148   nArgumentSynthesizer]: Nontermination analysis: NONLINEAR Allow bounded executions: true Number of generalized eigenvectors: 0 Nilpotent components: true
[2021-04-24 13:10:10,482 INFO  L160   nArgumentSynthesizer]: Using integer mode.
No working directory specified, using /home/singularity/UAutomizer-linux/z3
Starting monitored process 5 with z3 SMTLIB2_COMPLIANT=true -memory:1024 -smt2 -in -t:12000 (exit command is (exit), workingDir is null)
Waiting until toolchain timeout for monitored process 5 with z3 SMTLIB2_COMPLIANT=true -memory:1024 -smt2 -in -t:12000
[2021-04-24 13:10:10,496 INFO  L148   nArgumentSynthesizer]: Nontermination analysis: NONLINEAR Allow bounded executions: true Number of generalized eigenvectors: 3 Nilpotent components: true
[2021-04-24 13:10:10,496 INFO  L160   nArgumentSynthesizer]: Using integer mode.
[2021-04-24 13:10:10,599 INFO  L437          LassoAnalysis]: Proved nontermination for one component.
[2021-04-24 13:10:10,599 INFO  L440          LassoAnalysis]: Non-Termination argument consisting of: Initial state: {ULTIMATE.start_main_~y~0=7, ULTIMATE.start_main_~z~0=1, ULTIMATE.start_main_~x~0=1} Honda state: {ULTIMATE.start_main_~y~0=7, ULTIMATE.start_main_~z~0=1, ULTIMATE.start_main_~x~0=1} Generalized eigenvectors: [{ULTIMATE.start_main_~y~0=0, ULTIMATE.start_main_~z~0=1, ULTIMATE.start_main_~x~0=6}, {ULTIMATE.start_main_~y~0=1, ULTIMATE.start_main_~z~0=0, ULTIMATE.start_main_~x~0=0}, {ULTIMATE.start_main_~y~0=0, ULTIMATE.start_main_~z~0=0, ULTIMATE.start_main_~x~0=1}] Lambdas: [1, 1, 1] Nus: [1, 1]
[2021-04-24 13:10:10,620 INFO  L210          LassoAnalysis]: Preferences:
[2021-04-24 13:10:10,620 INFO  L126   ssoRankerPreferences]: Compute integeral hull: false
[2021-04-24 13:10:10,620 INFO  L127   ssoRankerPreferences]: Enable LassoPartitioneer: true
[2021-04-24 13:10:10,620 INFO  L128   ssoRankerPreferences]: Term annotations enabled: false
[2021-04-24 13:10:10,620 INFO  L129   ssoRankerPreferences]: Use exernal solver: true
[2021-04-24 13:10:10,620 INFO  L130   ssoRankerPreferences]: SMT solver command: z3 SMTLIB2_COMPLIANT=true -memory:1024 -smt2 -in -t:12000
[2021-04-24 13:10:10,620 INFO  L131   ssoRankerPreferences]: Dump SMT script to file: false
[2021-04-24 13:10:10,620 INFO  L132   ssoRankerPreferences]: Path of dumped script: 
[2021-04-24 13:10:10,620 INFO  L133   ssoRankerPreferences]: Filename of dumped script: Hanoi_3vars_false-termination.c_Iteration1_Lasso
[2021-04-24 13:10:10,620 INFO  L134   ssoRankerPreferences]: MapElimAlgo: Frank
[2021-04-24 13:10:10,620 INFO  L274          LassoAnalysis]: Starting lasso preprocessing...
[2021-04-24 13:10:10,622 INFO  L141          MapEliminator]: Using MapEliminator with SimplificationTechnique=SIMPLIFY_DDA XnfConversionTechnique=BOTTOM_UP_WITH_LOCAL_SIMPLIFICATION AddInequalities=false OnlyTrivialImplicationsArrayWrite=true OnlyTrivialImplicationsForModifiedArguments=true OnlyArgumentsInFormula=true
[2021-04-24 13:10:10,624 INFO  L141          MapEliminator]: Using MapEliminator with SimplificationTechnique=SIMPLIFY_DDA XnfConversionTechnique=BOTTOM_UP_WITH_LOCAL_SIMPLIFICATION AddInequalities=false OnlyTrivialImplicationsArrayWrite=true OnlyTrivialImplicationsForModifiedArguments=true OnlyArgumentsInFormula=true
[2021-04-24 13:10:10,626 INFO  L141          MapEliminator]: Using MapEliminator with SimplificationTechnique=SIMPLIFY_DDA XnfConversionTechnique=BOTTOM_UP_WITH_LOCAL_SIMPLIFICATION AddInequalities=false OnlyTrivialImplicationsArrayWrite=true OnlyTrivialImplicationsForModifiedArguments=true OnlyArgumentsInFormula=true
[2021-04-24 13:10:10,628 INFO  L141          MapEliminator]: Using MapEliminator with SimplificationTechnique=SIMPLIFY_DDA XnfConversionTechnique=BOTTOM_UP_WITH_LOCAL_SIMPLIFICATION AddInequalities=false OnlyTrivialImplicationsArrayWrite=true OnlyTrivialImplicationsForModifiedArguments=true OnlyArgumentsInFormula=true
[2021-04-24 13:10:10,630 INFO  L141          MapEliminator]: Using MapEliminator with SimplificationTechnique=SIMPLIFY_DDA XnfConversionTechnique=BOTTOM_UP_WITH_LOCAL_SIMPLIFICATION AddInequalities=false OnlyTrivialImplicationsArrayWrite=true OnlyTrivialImplicationsForModifiedArguments=true OnlyArgumentsInFormula=true
[2021-04-24 13:10:10,632 INFO  L141          MapEliminator]: Using MapEliminator with SimplificationTechnique=SIMPLIFY_DDA XnfConversionTechnique=BOTTOM_UP_WITH_LOCAL_SIMPLIFICATION AddInequalities=false OnlyTrivialImplicationsArrayWrite=true OnlyTrivialImplicationsForModifiedArguments=true OnlyArgumentsInFormula=true
[2021-04-24 13:10:10,635 INFO  L141          MapEliminator]: Using MapEliminator with SimplificationTechnique=SIMPLIFY_DDA XnfConversionTechnique=BOTTOM_UP_WITH_LOCAL_SIMPLIFICATION AddInequalities=false OnlyTrivialImplicationsArrayWrite=true OnlyTrivialImplicationsForModifiedArguments=true OnlyArgumentsInFormula=true
[2021-04-24 13:10:10,692 INFO  L292          LassoAnalysis]: Preprocessing complete.
[2021-04-24 13:10:10,692 INFO  L404          LassoAnalysis]: Checking for nontermination...
No working directory specified, using /home/singularity/UAutomizer-linux/z3
Starting monitored process 6 with z3 SMTLIB2_COMPLIANT=true -memory:1024 -smt2 -in -t:12000 (exit command is (exit), workingDir is null)
Waiting until toolchain timeout for monitored process 6 with z3 SMTLIB2_COMPLIANT=true -memory:1024 -smt2 -in -t:12000
[2021-04-24 13:10:10,696 INFO  L148   nArgumentSynthesizer]: Nontermination analysis: NONLINEAR Allow bounded executions: true Number of generalized eigenvectors: 0 Nilpotent components: true
[2021-04-24 13:10:10,696 INFO  L160   nArgumentSynthesizer]: Using integer mode.
[2021-04-24 13:10:10,700 INFO  L437          LassoAnalysis]: Proved nontermination for one component.
[2021-04-24 13:10:10,700 INFO  L440          LassoAnalysis]: Non-Termination argument consisting of: Initial state: {ULTIMATE.start_main_#t~nondet0=0} Honda state: {ULTIMATE.start_main_#t~nondet0=0} Generalized eigenvectors: [] Lambdas: [] Nus: []
No working directory specified, using /home/singularity/UAutomizer-linux/z3
Starting monitored process 7 with z3 SMTLIB2_COMPLIANT=true -memory:1024 -smt2 -in -t:12000 (exit command is (exit), workingDir is null)
Waiting until toolchain timeout for monitored process 7 with z3 SMTLIB2_COMPLIANT=true -memory:1024 -smt2 -in -t:12000
[2021-04-24 13:10:10,706 INFO  L148   nArgumentSynthesizer]: Nontermination analysis: NONLINEAR Allow bounded executions: true Number of generalized eigenvectors: 0 Nilpotent components: true
[2021-04-24 13:10:10,706 INFO  L160   nArgumentSynthesizer]: Using integer mode.
[2021-04-24 13:10:10,709 INFO  L437          LassoAnalysis]: Proved nontermination for one component.
[2021-04-24 13:10:10,710 INFO  L440          LassoAnalysis]: Non-Termination argument consisting of: Initial state: {v_rep~unnamed0~0~false_2=0} Honda state: {v_rep~unnamed0~0~false_2=0} Generalized eigenvectors: [] Lambdas: [] Nus: []
No working directory specified, using /home/singularity/UAutomizer-linux/z3
Starting monitored process 8 with z3 SMTLIB2_COMPLIANT=true -memory:1024 -smt2 -in -t:12000 (exit command is (exit), workingDir is null)
Waiting until toolchain timeout for monitored process 8 with z3 SMTLIB2_COMPLIANT=true -memory:1024 -smt2 -in -t:12000
[2021-04-24 13:10:10,715 INFO  L148   nArgumentSynthesizer]: Nontermination analysis: NONLINEAR Allow bounded executions: true Number of generalized eigenvectors: 0 Nilpotent components: true
[2021-04-24 13:10:10,715 INFO  L160   nArgumentSynthesizer]: Using integer mode.
[2021-04-24 13:10:10,719 INFO  L437          LassoAnalysis]: Proved nontermination for one component.
[2021-04-24 13:10:10,719 INFO  L440          LassoAnalysis]: Non-Termination argument consisting of: Initial state: {ULTIMATE.start_main_#t~nondet2=0} Honda state: {ULTIMATE.start_main_#t~nondet2=0} Generalized eigenvectors: [] Lambdas: [] Nus: []
No working directory specified, using /home/singularity/UAutomizer-linux/z3
Starting monitored process 9 with z3 SMTLIB2_COMPLIANT=true -memory:1024 -smt2 -in -t:12000 (exit command is (exit), workingDir is null)
Waiting until toolchain timeout for monitored process 9 with z3 SMTLIB2_COMPLIANT=true -memory:1024 -smt2 -in -t:12000
[2021-04-24 13:10:10,724 INFO  L148   nArgumentSynthesizer]: Nontermination analysis: NONLINEAR Allow bounded executions: true Number of generalized eigenvectors: 0 Nilpotent components: true
[2021-04-24 13:10:10,725 INFO  L160   nArgumentSynthesizer]: Using integer mode.
[2021-04-24 13:10:10,728 INFO  L437          LassoAnalysis]: Proved nontermination for one component.
[2021-04-24 13:10:10,728 INFO  L440          LassoAnalysis]: Non-Termination argument consisting of: Initial state: {ULTIMATE.start_main_#t~nondet1=0} Honda state: {ULTIMATE.start_main_#t~nondet1=0} Generalized eigenvectors: [] Lambdas: [] Nus: []
No working directory specified, using /home/singularity/UAutomizer-linux/z3
Starting monitored process 10 with z3 SMTLIB2_COMPLIANT=true -memory:1024 -smt2 -in -t:12000 (exit command is (exit), workingDir is null)
Waiting until toolchain timeout for monitored process 10 with z3 SMTLIB2_COMPLIANT=true -memory:1024 -smt2 -in -t:12000
[2021-04-24 13:10:10,734 INFO  L148   nArgumentSynthesizer]: Nontermination analysis: NONLINEAR Allow bounded executions: true Number of generalized eigenvectors: 0 Nilpotent components: true
[2021-04-24 13:10:10,734 INFO  L160   nArgumentSynthesizer]: Using integer mode.
[2021-04-24 13:10:10,738 INFO  L437          LassoAnalysis]: Proved nontermination for one component.
[2021-04-24 13:10:10,738 INFO  L440          LassoAnalysis]: Non-Termination argument consisting of: Initial state: {ULTIMATE.start_main_#res=0} Honda state: {ULTIMATE.start_main_#res=0} Generalized eigenvectors: [] Lambdas: [] Nus: []
No working directory specified, using /home/singularity/UAutomizer-linux/z3
Starting monitored process 11 with z3 SMTLIB2_COMPLIANT=true -memory:1024 -smt2 -in -t:12000 (exit command is (exit), workingDir is null)
Waiting until toolchain timeout for monitored process 11 with z3 SMTLIB2_COMPLIANT=true -memory:1024 -smt2 -in -t:12000
[2021-04-24 13:10:10,745 INFO  L148   nArgumentSynthesizer]: Nontermination analysis: NONLINEAR Allow bounded executions: true Number of generalized eigenvectors: 0 Nilpotent components: true
[2021-04-24 13:10:10,745 INFO  L160   nArgumentSynthesizer]: Using integer mode.
[2021-04-24 13:10:10,747 INFO  L437          LassoAnalysis]: Proved nontermination for one component.
[2021-04-24 13:10:10,748 INFO  L440          LassoAnalysis]: Non-Termination argument consisting of: Initial state: {v_rep~unnamed0~0~true_2=1} Honda state: {v_rep~unnamed0~0~true_2=1} Generalized eigenvectors: [] Lambdas: [] Nus: []
No working directory specified, using /home/singularity/UAutomizer-linux/z3
Starting monitored process 12 with z3 SMTLIB2_COMPLIANT=true -memory:1024 -smt2 -in -t:12000 (exit command is (exit), workingDir is null)
Waiting until toolchain timeout for monitored process 12 with z3 SMTLIB2_COMPLIANT=true -memory:1024 -smt2 -in -t:12000
[2021-04-24 13:10:10,753 INFO  L148   nArgumentSynthesizer]: Nontermination analysis: NONLINEAR Allow bounded executions: true Number of generalized eigenvectors: 0 Nilpotent components: true
[2021-04-24 13:10:10,753 INFO  L160   nArgumentSynthesizer]: Using integer mode.
No working directory specified, using /home/singularity/UAutomizer-linux/z3
Starting monitored process 13 with z3 SMTLIB2_COMPLIANT=true -memory:1024 -smt2 -in -t:12000 (exit command is (exit), workingDir is null)
Waiting until toolchain timeout for monitored process 13 with z3 SMTLIB2_COMPLIANT=true -memory:1024 -smt2 -in -t:12000
[2021-04-24 13:10:10,762 INFO  L148   nArgumentSynthesizer]: Nontermination analysis: NONLINEAR Allow bounded executions: true Number of generalized eigenvectors: 3 Nilpotent components: true
[2021-04-24 13:10:10,762 INFO  L160   nArgumentSynthesizer]: Using integer mode.
[2021-04-24 13:10:10,892 INFO  L437          LassoAnalysis]: Proved nontermination for one component.
[2021-04-24 13:10:10,893 INFO  L440          LassoAnalysis]: Non-Termination argument consisting of: Initial state: {ULTIMATE.start_main_~y~0=7, ULTIMATE.start_main_~x~0=1, ULTIMATE.start_main_~z~0=1} Honda state: {ULTIMATE.start_main_~y~0=7, ULTIMATE.start_main_~x~0=1, ULTIMATE.start_main_~z~0=1} Generalized eigenvectors: [{ULTIMATE.start_main_~y~0=0, ULTIMATE.start_main_~x~0=6, ULTIMATE.start_main_~z~0=1}, {ULTIMATE.start_main_~y~0=1, ULTIMATE.start_main_~x~0=0, ULTIMATE.start_main_~z~0=0}, {ULTIMATE.start_main_~y~0=0, ULTIMATE.start_main_~x~0=1, ULTIMATE.start_main_~z~0=0}] Lambdas: [1, 1, 1] Nus: [1, 1]
[2021-04-24 13:10:10,903 WARN  L417   cessorBacktranslator]: Unfinished backtranslation: Declaration ConstDeclaration not handled for expression ~unnamed0~0~true
[2021-04-24 13:10:10,904 WARN  L417   cessorBacktranslator]: Unfinished backtranslation: Declaration ConstDeclaration not handled for expression ~unnamed0~0~false
[2021-04-24 13:10:10,905 WARN  L417   cessorBacktranslator]: Unfinished backtranslation: Declaration ConstDeclaration not handled for expression ~unnamed0~0~true
[2021-04-24 13:10:10,905 WARN  L417   cessorBacktranslator]: Unfinished backtranslation: Declaration ConstDeclaration not handled for expression ~unnamed0~0~false
[2021-04-24 13:10:10,906 WARN  L417   cessorBacktranslator]: Unfinished backtranslation: Declaration ConstDeclaration not handled for expression ~unnamed0~0~true
[2021-04-24 13:10:10,906 WARN  L417   cessorBacktranslator]: Unfinished backtranslation: Declaration ConstDeclaration not handled for expression ~unnamed0~0~false
[2021-04-24 13:10:10,913 INFO  L202        PluginConnector]: Adding new model de.uni_freiburg.informatik.ultimate.plugins.generator.buchiautomizer CFG 24.04 01:10:10 BoogieIcfgContainer
[2021-04-24 13:10:10,913 INFO  L132        PluginConnector]: ------------------------ END BuchiAutomizer----------------------------
[2021-04-24 13:10:10,914 INFO  L113        PluginConnector]: ------------------------Witness Printer----------------------------
[2021-04-24 13:10:10,914 INFO  L271        PluginConnector]: Initializing Witness Printer...
[2021-04-24 13:10:10,914 INFO  L275        PluginConnector]: Witness Printer initialized
[2021-04-24 13:10:10,914 INFO  L185        PluginConnector]: Executing the observer RCFGCatcher from plugin Witness Printer for "de.uni_freiburg.informatik.ultimate.plugins.generator.rcfgbuilder CFG 24.04 01:10:10" (3/4) ...
[2021-04-24 13:10:10,917 INFO  L134         WitnessPrinter]: Generating witness for non-termination counterexample
[2021-04-24 13:10:10,946 INFO  L141         WitnessManager]: Wrote witness to /home/magnago/benchmarks/software_nontermination/C/C_Integer/Ton_Chanh_15/Hanoi_3vars_false-termination.c-witness.graphml
[2021-04-24 13:10:10,946 INFO  L132        PluginConnector]: ------------------------ END Witness Printer----------------------------
[2021-04-24 13:10:10,948 INFO  L168              Benchmark]: Toolchain (without parser) took 1437.89 ms. Allocated memory is still 545.3 MB. Free memory was 492.0 MB in the beginning and 440.5 MB in the end (delta: 51.5 MB). Peak memory consumption was 49.4 MB. Max. memory is 21.5 GB.
[2021-04-24 13:10:10,948 INFO  L168              Benchmark]: CDTParser took 0.14 ms. Allocated memory is still 545.3 MB. Free memory is still 509.0 MB. There was no memory consumed. Max. memory is 21.5 GB.
[2021-04-24 13:10:10,949 INFO  L168              Benchmark]: CACSL2BoogieTranslator took 167.60 ms. Allocated memory is still 545.3 MB. Free memory was 491.7 MB in the beginning and 521.0 MB in the end (delta: -29.4 MB). Peak memory consumption was 20.1 MB. Max. memory is 21.5 GB.
[2021-04-24 13:10:10,949 INFO  L168              Benchmark]: Boogie Procedure Inliner took 20.46 ms. Allocated memory is still 545.3 MB. Free memory was 521.0 MB in the beginning and 519.7 MB in the end (delta: 1.3 MB). There was no memory consumed. Max. memory is 21.5 GB.
[2021-04-24 13:10:10,949 INFO  L168              Benchmark]: Boogie Preprocessor took 12.00 ms. Allocated memory is still 545.3 MB. Free memory was 519.7 MB in the beginning and 518.9 MB in the end (delta: 792.4 kB). There was no memory consumed. Max. memory is 21.5 GB.
[2021-04-24 13:10:10,950 INFO  L168              Benchmark]: RCFGBuilder took 356.54 ms. Allocated memory is still 545.3 MB. Free memory was 518.9 MB in the beginning and 509.8 MB in the end (delta: 9.1 MB). Peak memory consumption was 8.4 MB. Max. memory is 21.5 GB.
[2021-04-24 13:10:10,950 INFO  L168              Benchmark]: BuchiAutomizer took 842.36 ms. Allocated memory is still 545.3 MB. Free memory was 509.8 MB in the beginning and 442.3 MB in the end (delta: 67.5 MB). Peak memory consumption was 67.1 MB. Max. memory is 21.5 GB.
[2021-04-24 13:10:10,951 INFO  L168              Benchmark]: Witness Printer took 32.25 ms. Allocated memory is still 545.3 MB. Free memory was 442.3 MB in the beginning and 440.5 MB in the end (delta: 1.7 MB). Peak memory consumption was 4.2 MB. Max. memory is 21.5 GB.
[2021-04-24 13:10:10,953 INFO  L339   ainManager$Toolchain]: #######################  End [Toolchain 1] #######################
 --- Results ---
 * Results from de.uni_freiburg.informatik.ultimate.core:
  - StatisticsResult: Toolchain Benchmarks
    Benchmark results are:
 * CDTParser took 0.14 ms. Allocated memory is still 545.3 MB. Free memory is still 509.0 MB. There was no memory consumed. Max. memory is 21.5 GB.
 * CACSL2BoogieTranslator took 167.60 ms. Allocated memory is still 545.3 MB. Free memory was 491.7 MB in the beginning and 521.0 MB in the end (delta: -29.4 MB). Peak memory consumption was 20.1 MB. Max. memory is 21.5 GB.
 * Boogie Procedure Inliner took 20.46 ms. Allocated memory is still 545.3 MB. Free memory was 521.0 MB in the beginning and 519.7 MB in the end (delta: 1.3 MB). There was no memory consumed. Max. memory is 21.5 GB.
 * Boogie Preprocessor took 12.00 ms. Allocated memory is still 545.3 MB. Free memory was 519.7 MB in the beginning and 518.9 MB in the end (delta: 792.4 kB). There was no memory consumed. Max. memory is 21.5 GB.
 * RCFGBuilder took 356.54 ms. Allocated memory is still 545.3 MB. Free memory was 518.9 MB in the beginning and 509.8 MB in the end (delta: 9.1 MB). Peak memory consumption was 8.4 MB. Max. memory is 21.5 GB.
 * BuchiAutomizer took 842.36 ms. Allocated memory is still 545.3 MB. Free memory was 509.8 MB in the beginning and 442.3 MB in the end (delta: 67.5 MB). Peak memory consumption was 67.1 MB. Max. memory is 21.5 GB.
 * Witness Printer took 32.25 ms. Allocated memory is still 545.3 MB. Free memory was 442.3 MB in the beginning and 440.5 MB in the end (delta: 1.7 MB). Peak memory consumption was 4.2 MB. Max. memory is 21.5 GB.
 * Results from de.uni_freiburg.informatik.ultimate.boogie.preprocessor:
  - GenericResult: Unfinished Backtranslation
    Unfinished backtranslation: Declaration ConstDeclaration not handled for expression ~unnamed0~0~true
  - GenericResult: Unfinished Backtranslation
    Unfinished backtranslation: Declaration ConstDeclaration not handled for expression ~unnamed0~0~false
  - GenericResult: Unfinished Backtranslation
    Unfinished backtranslation: Declaration ConstDeclaration not handled for expression ~unnamed0~0~true
  - GenericResult: Unfinished Backtranslation
    Unfinished backtranslation: Declaration ConstDeclaration not handled for expression ~unnamed0~0~false
  - GenericResult: Unfinished Backtranslation
    Unfinished backtranslation: Declaration ConstDeclaration not handled for expression ~unnamed0~0~true
  - GenericResult: Unfinished Backtranslation
    Unfinished backtranslation: Declaration ConstDeclaration not handled for expression ~unnamed0~0~false
 * Results from de.uni_freiburg.informatik.ultimate.plugins.generator.traceabstraction:
  - StatisticsResult: Constructed decomposition of program
    Trivial decomposition into one nonterminating module.
  - StatisticsResult: Timing statistics
    B?chiAutomizer plugin needed 0.7s and 1 iterations.  TraceHistogramMax:1. Analysis of lassos took 0.7s. Construction of modules took 0.0s. B?chi inclusion checks took 0.0s. Highest rank in rank-based complementation 0. Minimization of det autom 0. Minimization of nondet autom 0. Automata minimization No data available. Non-live state removal took 0.0s Buchi closure took 0.0s. Biggest automaton had -1 states and ocurred in iteration -1.	Nontrivial modules had stage [0, 0, 0, 0, 0].	InterpolantCoveringCapabilityFinite: 0/0	InterpolantCoveringCapabilityBuchi: 0/0	HoareTripleCheckerStatistics: No data available	LassoAnalysisResults: nont1 unkn0 SFLI0 SFLT0 conc0 concLT0 SILN0 SILU0 SILI0 SILT0 lasso0 LassoPreprocessingBenchmarks:   Lassos: inital20 mio100 ax160 hnf100 lsp62 ukn100 mio100 lsp100 div100 bol100 ite100 ukn100 eq189 hnf92 smp100 dnf100 smp100 tf105 neg100 sie105 LassoTerminationAnalysisBenchmarks: not availableLassoTerminationAnalysisBenchmarks: LassoNonterminationAnalysisSatFixpoint: 8	LassoNonterminationAnalysisSatUnbounded: 2	LassoNonterminationAnalysisUnsat: 0	LassoNonterminationAnalysisUnknown: 0	LassoNonterminationAnalysisTime: 0.3s	
  - TerminationAnalysisResult: Nontermination possible
    Buchi Automizer proved that your program is nonterminating for some inputs
  - GeometricNonTerminationArgumentResult [Line: 16]: Nontermination argument in form of an infinite program execution.
[2021-04-24 13:10:10,959 WARN  L417   cessorBacktranslator]: Unfinished backtranslation: Declaration ConstDeclaration not handled for expression ~unnamed0~0~true
[2021-04-24 13:10:10,959 WARN  L417   cessorBacktranslator]: Unfinished backtranslation: Declaration ConstDeclaration not handled for expression ~unnamed0~0~false
[2021-04-24 13:10:10,959 WARN  L417   cessorBacktranslator]: Unfinished backtranslation: Declaration ConstDeclaration not handled for expression ~unnamed0~0~true
[2021-04-24 13:10:10,960 WARN  L417   cessorBacktranslator]: Unfinished backtranslation: Declaration ConstDeclaration not handled for expression ~unnamed0~0~false
[2021-04-24 13:10:10,960 WARN  L417   cessorBacktranslator]: Unfinished backtranslation: Declaration ConstDeclaration not handled for expression ~unnamed0~0~true
[2021-04-24 13:10:10,960 WARN  L417   cessorBacktranslator]: Unfinished backtranslation: Declaration ConstDeclaration not handled for expression ~unnamed0~0~false
[2021-04-24 13:10:10,961 WARN  L417   cessorBacktranslator]: Unfinished backtranslation: Declaration ConstDeclaration not handled for expression ~unnamed0~0~true
[2021-04-24 13:10:10,961 WARN  L417   cessorBacktranslator]: Unfinished backtranslation: Declaration ConstDeclaration not handled for expression ~unnamed0~0~false
[2021-04-24 13:10:10,961 WARN  L417   cessorBacktranslator]: Unfinished backtranslation: Declaration ConstDeclaration not handled for expression ~unnamed0~0~true
[2021-04-24 13:10:10,962 WARN  L417   cessorBacktranslator]: Unfinished backtranslation: Declaration ConstDeclaration not handled for expression ~unnamed0~0~false
[2021-04-24 13:10:10,962 WARN  L417   cessorBacktranslator]: Unfinished backtranslation: Declaration ConstDeclaration not handled for expression ~unnamed0~0~true
[2021-04-24 13:10:10,962 WARN  L417   cessorBacktranslator]: Unfinished backtranslation: Declaration ConstDeclaration not handled for expression ~unnamed0~0~false
    Nontermination argument in form of an infinite execution
State at position 0 is
{org.eclipse.cdt.internal.core.dom.parser.c.CASTFunctionCallExpression@225b2d4a=0, \result=0, ~unnamed0~0~true=1, org.eclipse.cdt.internal.core.dom.parser.c.CASTFunctionCallExpression@22560df=0, org.eclipse.cdt.internal.core.dom.parser.c.CASTFunctionCallExpression@1264cad2=0, z=1, ~unnamed0~0~false=0, x=1, y=7}
State at position 1 is
{org.eclipse.cdt.internal.core.dom.parser.c.CASTFunctionCallExpression@225b2d4a=0, \result=0, ~unnamed0~0~true=1, org.eclipse.cdt.internal.core.dom.parser.c.CASTFunctionCallExpression@22560df=0, org.eclipse.cdt.internal.core.dom.parser.c.CASTFunctionCallExpression@1264cad2=0, z=1, ~unnamed0~0~false=0, x=1, y=7}
For i>1, the state at position i is
{org.eclipse.cdt.internal.core.dom.parser.c.CASTFunctionCallExpression@225b2d4a=0 + sum_{k=0}^i 0, \result=0 + sum_{k=0}^i 0, ~unnamed0~0~true=1 + sum_{k=0}^i 0, org.eclipse.cdt.internal.core.dom.parser.c.CASTFunctionCallExpression@22560df=0 + sum_{k=0}^i 0, org.eclipse.cdt.internal.core.dom.parser.c.CASTFunctionCallExpression@1264cad2=0 + sum_{k=0}^i 0, z=1 + sum_{k=0}^i 1, ~unnamed0~0~false=0 + sum_{k=0}^i 0, x=1 + sum_{k=0}^i 6 + 1 + 1*k + 1*binomial(k, 2), y=7 + sum_{k=0}^i 1 + 1*k}
  - StatisticsResult: NonterminationArgumentStatistics
    Unbounded Execution 3GEVs Lambdas: [1, 1, 1] Mus: [1, 1]
  - NonterminatingLassoResult [Line: 16]: Nonterminating execution
    Found a nonterminating execution for the following lasso shaped sequence of statements.
Stem:
[L12]        int x, y, z;
[L13]        x = __VERIFIER_nondet_int()
[L14]        y = __VERIFIER_nondet_int()
[L15]        z = __VERIFIER_nondet_int()
Loop:
[L16]  COND TRUE  x > 0
[L17]             x = x + y
[L18]             y = y + z
[L19]             z = z + 1
End of lasso representation.
RESULT: Ultimate proved your program to be incorrect!
Received shutdown request...
