Creating empty 100MiB image file: /home/magnago/overlay/Singapore_v2_false-termination.c.ext3
Formatting image with ext3 file system
Image is done: /home/magnago/overlay/Singapore_v2_false-termination.c.ext3
This is Ultimate 0.2.1-54a68f4
[2021-04-24 13:10:17,450 INFO  L177        SettingsManager]: Resetting all preferences to default values...
[2021-04-24 13:10:17,452 INFO  L181        SettingsManager]: Resetting UltimateCore preferences to default values
[2021-04-24 13:10:17,494 INFO  L184        SettingsManager]: Ultimate Commandline Interface provides no preferences, ignoring...
[2021-04-24 13:10:17,494 INFO  L181        SettingsManager]: Resetting Boogie Preprocessor preferences to default values
[2021-04-24 13:10:17,495 INFO  L181        SettingsManager]: Resetting Boogie Procedure Inliner preferences to default values
[2021-04-24 13:10:17,495 INFO  L181        SettingsManager]: Resetting Abstract Interpretation preferences to default values
[2021-04-24 13:10:17,496 INFO  L181        SettingsManager]: Resetting LassoRanker preferences to default values
[2021-04-24 13:10:17,497 INFO  L181        SettingsManager]: Resetting Reaching Definitions preferences to default values
[2021-04-24 13:10:17,498 INFO  L181        SettingsManager]: Resetting SyntaxChecker preferences to default values
[2021-04-24 13:10:17,499 INFO  L181        SettingsManager]: Resetting Sifa preferences to default values
[2021-04-24 13:10:17,499 INFO  L184        SettingsManager]: B?chi Program Product provides no preferences, ignoring...
[2021-04-24 13:10:17,499 INFO  L181        SettingsManager]: Resetting LTL2Aut preferences to default values
[2021-04-24 13:10:17,500 INFO  L181        SettingsManager]: Resetting PEA to Boogie preferences to default values
[2021-04-24 13:10:17,501 INFO  L181        SettingsManager]: Resetting BlockEncodingV2 preferences to default values
[2021-04-24 13:10:17,501 INFO  L181        SettingsManager]: Resetting ChcToBoogie preferences to default values
[2021-04-24 13:10:17,502 INFO  L181        SettingsManager]: Resetting AutomataScriptInterpreter preferences to default values
[2021-04-24 13:10:17,503 INFO  L181        SettingsManager]: Resetting BuchiAutomizer preferences to default values
[2021-04-24 13:10:17,504 INFO  L181        SettingsManager]: Resetting CACSL2BoogieTranslator preferences to default values
[2021-04-24 13:10:17,505 INFO  L181        SettingsManager]: Resetting CodeCheck preferences to default values
[2021-04-24 13:10:17,506 INFO  L181        SettingsManager]: Resetting InvariantSynthesis preferences to default values
[2021-04-24 13:10:17,507 INFO  L181        SettingsManager]: Resetting RCFGBuilder preferences to default values
[2021-04-24 13:10:17,507 INFO  L181        SettingsManager]: Resetting Referee preferences to default values
[2021-04-24 13:10:17,508 INFO  L181        SettingsManager]: Resetting TraceAbstraction preferences to default values
[2021-04-24 13:10:17,509 INFO  L184        SettingsManager]: TraceAbstractionConcurrent provides no preferences, ignoring...
[2021-04-24 13:10:17,509 INFO  L184        SettingsManager]: TraceAbstractionWithAFAs provides no preferences, ignoring...
[2021-04-24 13:10:17,510 INFO  L181        SettingsManager]: Resetting TreeAutomizer preferences to default values
[2021-04-24 13:10:17,510 INFO  L181        SettingsManager]: Resetting IcfgToChc preferences to default values
[2021-04-24 13:10:17,510 INFO  L181        SettingsManager]: Resetting IcfgTransformer preferences to default values
[2021-04-24 13:10:17,511 INFO  L184        SettingsManager]: ReqToTest provides no preferences, ignoring...
[2021-04-24 13:10:17,511 INFO  L181        SettingsManager]: Resetting Boogie Printer preferences to default values
[2021-04-24 13:10:17,512 INFO  L181        SettingsManager]: Resetting ChcSmtPrinter preferences to default values
[2021-04-24 13:10:17,512 INFO  L181        SettingsManager]: Resetting ReqPrinter preferences to default values
[2021-04-24 13:10:17,513 INFO  L181        SettingsManager]: Resetting Witness Printer preferences to default values
[2021-04-24 13:10:17,513 INFO  L184        SettingsManager]: Boogie PL CUP Parser provides no preferences, ignoring...
[2021-04-24 13:10:17,514 INFO  L181        SettingsManager]: Resetting CDTParser preferences to default values
[2021-04-24 13:10:17,514 INFO  L184        SettingsManager]: AutomataScriptParser provides no preferences, ignoring...
[2021-04-24 13:10:17,514 INFO  L184        SettingsManager]: ReqParser provides no preferences, ignoring...
[2021-04-24 13:10:17,514 INFO  L181        SettingsManager]: Resetting SmtParser preferences to default values
[2021-04-24 13:10:17,515 INFO  L181        SettingsManager]: Resetting Witness Parser preferences to default values
[2021-04-24 13:10:17,515 INFO  L188        SettingsManager]: Finished resetting all preferences to default values...
[2021-04-24 13:10:17,516 INFO  L101        SettingsManager]: Beginning loading settings from /home/singularity/UAutomizer-linux/config/svcomp-Termination-64bit-Automizer_Default.epf
[2021-04-24 13:10:17,528 INFO  L113        SettingsManager]: Loading preferences was successful
[2021-04-24 13:10:17,528 INFO  L115        SettingsManager]: Preferences different from defaults after loading the file:
[2021-04-24 13:10:17,529 INFO  L136        SettingsManager]: Preferences of BlockEncodingV2 differ from their defaults:
[2021-04-24 13:10:17,529 INFO  L138        SettingsManager]:  * Create parallel compositions if possible=false
[2021-04-24 13:10:17,529 INFO  L138        SettingsManager]:  * Use SBE=true
[2021-04-24 13:10:17,529 INFO  L136        SettingsManager]: Preferences of BuchiAutomizer differ from their defaults:
[2021-04-24 13:10:17,529 INFO  L138        SettingsManager]:  * NCSB implementation=INTSET_LAZY3
[2021-04-24 13:10:17,529 INFO  L138        SettingsManager]:  * Use old map elimination=false
[2021-04-24 13:10:17,529 INFO  L138        SettingsManager]:  * Use external solver (rank synthesis)=false
[2021-04-24 13:10:17,530 INFO  L138        SettingsManager]:  * Use only trivial implications for array writes=true
[2021-04-24 13:10:17,530 INFO  L138        SettingsManager]:  * Rank analysis=LINEAR_WITH_GUESSES
[2021-04-24 13:10:17,530 INFO  L136        SettingsManager]: Preferences of CACSL2BoogieTranslator differ from their defaults:
[2021-04-24 13:10:17,530 INFO  L138        SettingsManager]:  * Check unreachability of error function in SV-COMP mode=false
[2021-04-24 13:10:17,530 INFO  L138        SettingsManager]:  * Overapproximate operations on floating types=true
[2021-04-24 13:10:17,530 INFO  L138        SettingsManager]:  * Check division by zero=IGNORE
[2021-04-24 13:10:17,530 INFO  L138        SettingsManager]:  * Pointer to allocated memory at dereference=ASSUME
[2021-04-24 13:10:17,530 INFO  L138        SettingsManager]:  * If two pointers are subtracted or compared they have the same base address=ASSUME
[2021-04-24 13:10:17,530 INFO  L138        SettingsManager]:  * Check array bounds for arrays that are off heap=ASSUME
[2021-04-24 13:10:17,530 INFO  L138        SettingsManager]:  * Check if freed pointer was valid=false
[2021-04-24 13:10:17,531 INFO  L138        SettingsManager]:  * Assume nondeterminstic values are in range=false
[2021-04-24 13:10:17,531 INFO  L138        SettingsManager]:  * Use constant arrays=true
[2021-04-24 13:10:17,531 INFO  L138        SettingsManager]:  * Pointer base address is valid at dereference=ASSUME
[2021-04-24 13:10:17,531 INFO  L136        SettingsManager]: Preferences of RCFGBuilder differ from their defaults:
[2021-04-24 13:10:17,531 INFO  L138        SettingsManager]:  * Size of a code block=SequenceOfStatements
[2021-04-24 13:10:17,531 INFO  L136        SettingsManager]: Preferences of TraceAbstraction differ from their defaults:
[2021-04-24 13:10:17,531 INFO  L138        SettingsManager]:  * Trace refinement strategy=CAMEL
[2021-04-24 13:10:17,531 INFO  L138        SettingsManager]:  * Trace refinement exception blacklist=NONE
[2021-04-24 13:10:17,532 INFO  L136        SettingsManager]: Preferences of IcfgTransformer differ from their defaults:
[2021-04-24 13:10:17,532 INFO  L138        SettingsManager]:  * TransformationType=MODULO_NEIGHBOR
[2021-04-24 13:10:17,684 INFO  L75    nceAwareModelManager]: Repository-Root is: /tmp
[2021-04-24 13:10:17,707 INFO  L261   ainManager$Toolchain]: [Toolchain 1]: Applicable parser(s) successfully (re)initialized
[2021-04-24 13:10:17,709 INFO  L217   ainManager$Toolchain]: [Toolchain 1]: Toolchain selected.
[2021-04-24 13:10:17,709 INFO  L271        PluginConnector]: Initializing CDTParser...
[2021-04-24 13:10:17,710 INFO  L275        PluginConnector]: CDTParser initialized
[2021-04-24 13:10:17,710 INFO  L432   ainManager$Toolchain]: [Toolchain 1]: Parsing single file: /home/magnago/benchmarks/software_nontermination/C/C_Integer/Ton_Chanh_15/Singapore_v2_false-termination.c
[2021-04-24 13:10:17,751 INFO  L220              CDTParser]: Created temporary CDT project at /home/singularity/2ebcd540476f4751991ff32e70c5d823/FLAG32f6d25d1
!SESSION 2021-04-24 13:10:15.713 -----------------------------------------------
eclipse.buildId=unknown
java.version=11.0.10
java.vendor=Ubuntu
BootLoader constants: OS=linux, ARCH=x86_64, WS=gtk, NL=en_US
Framework arguments:  --console -tc /home/singularity/UAutomizer-linux/config/AutomizerTermination.xml -s /home/singularity/UAutomizer-linux/config/svcomp-Termination-64bit-Automizer_Default.epf -i /home/magnago/benchmarks/software_nontermination/C/C_Integer/Ton_Chanh_15/Singapore_v2_false-termination.c
Command-line arguments:  -os linux -ws gtk -arch x86_64 -consoleLog --console -data /home/singularity -tc /home/singularity/UAutomizer-linux/config/AutomizerTermination.xml -s /home/singularity/UAutomizer-linux/config/svcomp-Termination-64bit-Automizer_Default.epf -data /home/singularity -i /home/magnago/benchmarks/software_nontermination/C/C_Integer/Ton_Chanh_15/Singapore_v2_false-termination.c

!ENTRY org.eclipse.cdt.core 1 0 2021-04-24 13:10:17.975
!MESSAGE Indexed 'FLAG32f6d25d1' (0 sources, 0 headers) in 0.005 sec: 0 declarations; 0 references; 0 unresolved inclusions; 0 syntax errors; 0 unresolved names (0%)
[2021-04-24 13:10:18,128 INFO  L306              CDTParser]: Found 1 translation units.
[2021-04-24 13:10:18,128 INFO  L160              CDTParser]: Scanning /home/magnago/benchmarks/software_nontermination/C/C_Integer/Ton_Chanh_15/Singapore_v2_false-termination.c
[2021-04-24 13:10:18,133 INFO  L349              CDTParser]: About to delete temporary CDT project at /home/singularity/2ebcd540476f4751991ff32e70c5d823/FLAG32f6d25d1
[2021-04-24 13:10:18,145 INFO  L357              CDTParser]: Successfully deleted /home/singularity/2ebcd540476f4751991ff32e70c5d823
[2021-04-24 13:10:18,147 INFO  L299   ainManager$Toolchain]: ####################### [Toolchain 1] #######################
[2021-04-24 13:10:18,149 INFO  L131        ToolchainWalker]: Walking toolchain with 6 elements.
[2021-04-24 13:10:18,151 INFO  L113        PluginConnector]: ------------------------CACSL2BoogieTranslator----------------------------
[2021-04-24 13:10:18,151 INFO  L271        PluginConnector]: Initializing CACSL2BoogieTranslator...
[2021-04-24 13:10:18,153 INFO  L275        PluginConnector]: CACSL2BoogieTranslator initialized
[2021-04-24 13:10:18,154 INFO  L185        PluginConnector]: Executing the observer ACSLObjectContainerObserver from plugin CACSL2BoogieTranslator for "CDTParser AST 24.04 01:10:18" (1/1) ...
[2021-04-24 13:10:18,155 INFO  L205        PluginConnector]: Invalid model from CACSL2BoogieTranslator for observer de.uni_freiburg.informatik.ultimate.plugins.generator.cacsl2boogietranslator.ACSLObjectContainerObserver@2639e7a0 and model type de.uni_freiburg.informatik.ultimate.plugins.generator.cacsl2boogietranslator AST 24.04 01:10:18, skipping insertion in model container
[2021-04-24 13:10:18,156 INFO  L185        PluginConnector]: Executing the observer CACSL2BoogieTranslatorObserver from plugin CACSL2BoogieTranslator for "CDTParser AST 24.04 01:10:18" (1/1) ...
[2021-04-24 13:10:18,164 INFO  L145         MainTranslator]: Starting translation in SV-COMP mode 
[2021-04-24 13:10:18,175 INFO  L178         MainTranslator]: Built tables and reachable declarations
[2021-04-24 13:10:18,306 INFO  L206          PostProcessor]: Analyzing one entry point: main
[2021-04-24 13:10:18,309 INFO  L203         MainTranslator]: Completed pre-run
[2021-04-24 13:10:18,326 INFO  L206          PostProcessor]: Analyzing one entry point: main
[2021-04-24 13:10:18,336 INFO  L208         MainTranslator]: Completed translation
[2021-04-24 13:10:18,337 INFO  L202        PluginConnector]: Adding new model de.uni_freiburg.informatik.ultimate.plugins.generator.cacsl2boogietranslator AST 24.04 01:10:18 WrapperNode
[2021-04-24 13:10:18,337 INFO  L132        PluginConnector]: ------------------------ END CACSL2BoogieTranslator----------------------------
[2021-04-24 13:10:18,338 INFO  L113        PluginConnector]: ------------------------Boogie Procedure Inliner----------------------------
[2021-04-24 13:10:18,338 INFO  L271        PluginConnector]: Initializing Boogie Procedure Inliner...
[2021-04-24 13:10:18,338 INFO  L275        PluginConnector]: Boogie Procedure Inliner initialized
[2021-04-24 13:10:18,345 INFO  L185        PluginConnector]: Executing the observer TypeChecker from plugin Boogie Procedure Inliner for "de.uni_freiburg.informatik.ultimate.plugins.generator.cacsl2boogietranslator AST 24.04 01:10:18" (1/1) ...
[2021-04-24 13:10:18,348 INFO  L185        PluginConnector]: Executing the observer Inliner from plugin Boogie Procedure Inliner for "de.uni_freiburg.informatik.ultimate.plugins.generator.cacsl2boogietranslator AST 24.04 01:10:18" (1/1) ...
[2021-04-24 13:10:18,362 INFO  L132        PluginConnector]: ------------------------ END Boogie Procedure Inliner----------------------------
[2021-04-24 13:10:18,362 INFO  L113        PluginConnector]: ------------------------Boogie Preprocessor----------------------------
[2021-04-24 13:10:18,362 INFO  L271        PluginConnector]: Initializing Boogie Preprocessor...
[2021-04-24 13:10:18,363 INFO  L275        PluginConnector]: Boogie Preprocessor initialized
[2021-04-24 13:10:18,369 INFO  L185        PluginConnector]: Executing the observer EnsureBoogieModelObserver from plugin Boogie Preprocessor for "de.uni_freiburg.informatik.ultimate.plugins.generator.cacsl2boogietranslator AST 24.04 01:10:18" (1/1) ...
[2021-04-24 13:10:18,370 INFO  L185        PluginConnector]: Executing the observer TypeChecker from plugin Boogie Preprocessor for "de.uni_freiburg.informatik.ultimate.plugins.generator.cacsl2boogietranslator AST 24.04 01:10:18" (1/1) ...
[2021-04-24 13:10:18,370 INFO  L185        PluginConnector]: Executing the observer ConstExpander from plugin Boogie Preprocessor for "de.uni_freiburg.informatik.ultimate.plugins.generator.cacsl2boogietranslator AST 24.04 01:10:18" (1/1) ...
[2021-04-24 13:10:18,370 INFO  L185        PluginConnector]: Executing the observer StructExpander from plugin Boogie Preprocessor for "de.uni_freiburg.informatik.ultimate.plugins.generator.cacsl2boogietranslator AST 24.04 01:10:18" (1/1) ...
[2021-04-24 13:10:18,371 INFO  L185        PluginConnector]: Executing the observer UnstructureCode from plugin Boogie Preprocessor for "de.uni_freiburg.informatik.ultimate.plugins.generator.cacsl2boogietranslator AST 24.04 01:10:18" (1/1) ...
[2021-04-24 13:10:18,375 INFO  L185        PluginConnector]: Executing the observer FunctionInliner from plugin Boogie Preprocessor for "de.uni_freiburg.informatik.ultimate.plugins.generator.cacsl2boogietranslator AST 24.04 01:10:18" (1/1) ...
[2021-04-24 13:10:18,375 INFO  L185        PluginConnector]: Executing the observer BoogieSymbolTableConstructor from plugin Boogie Preprocessor for "de.uni_freiburg.informatik.ultimate.plugins.generator.cacsl2boogietranslator AST 24.04 01:10:18" (1/1) ...
[2021-04-24 13:10:18,376 INFO  L132        PluginConnector]: ------------------------ END Boogie Preprocessor----------------------------
[2021-04-24 13:10:18,377 INFO  L113        PluginConnector]: ------------------------RCFGBuilder----------------------------
[2021-04-24 13:10:18,377 INFO  L271        PluginConnector]: Initializing RCFGBuilder...
[2021-04-24 13:10:18,377 INFO  L275        PluginConnector]: RCFGBuilder initialized
[2021-04-24 13:10:18,378 INFO  L185        PluginConnector]: Executing the observer RCFGBuilderObserver from plugin RCFGBuilder for "de.uni_freiburg.informatik.ultimate.plugins.generator.cacsl2boogietranslator AST 24.04 01:10:18" (1/1) ...
No working directory specified, using /home/singularity/UAutomizer-linux/z3
Starting monitored process 1 with z3 SMTLIB2_COMPLIANT=true -memory:1024 -smt2 -in -t:12000 (exit command is (exit), workingDir is null)
Waiting until toolchain timeout for monitored process 1 with z3 SMTLIB2_COMPLIANT=true -memory:1024 -smt2 -in -t:12000
[2021-04-24 13:10:18,474 INFO  L130     BoogieDeclarations]: Found specification of procedure ULTIMATE.start
[2021-04-24 13:10:18,474 INFO  L138     BoogieDeclarations]: Found implementation of procedure ULTIMATE.start
[2021-04-24 13:10:18,717 INFO  L294             CfgBuilder]: Using the 1 location(s) as analysis (start of procedure ULTIMATE.start)
[2021-04-24 13:10:18,717 INFO  L299             CfgBuilder]: Removed 5 assume(true) statements.
[2021-04-24 13:10:18,718 INFO  L202        PluginConnector]: Adding new model de.uni_freiburg.informatik.ultimate.plugins.generator.rcfgbuilder CFG 24.04 01:10:18 BoogieIcfgContainer
[2021-04-24 13:10:18,718 INFO  L132        PluginConnector]: ------------------------ END RCFGBuilder----------------------------
[2021-04-24 13:10:18,719 INFO  L113        PluginConnector]: ------------------------BuchiAutomizer----------------------------
[2021-04-24 13:10:18,720 INFO  L271        PluginConnector]: Initializing BuchiAutomizer...
[2021-04-24 13:10:18,724 INFO  L275        PluginConnector]: BuchiAutomizer initialized
[2021-04-24 13:10:18,725 INFO  L99          BuchiAutomizer]: Safety of program was proven or not checked, starting termination analysis
[2021-04-24 13:10:18,726 INFO  L185        PluginConnector]: Executing the observer BuchiAutomizerObserver from plugin BuchiAutomizer for "CDTParser AST 24.04 01:10:18" (1/3) ...
[2021-04-24 13:10:18,727 INFO  L205        PluginConnector]: Invalid model from BuchiAutomizer for observer de.uni_freiburg.informatik.ultimate.plugins.generator.buchiautomizer.BuchiAutomizerObserver@2dc20262 and model type de.uni_freiburg.informatik.ultimate.plugins.generator.buchiautomizer AST 24.04 01:10:18, skipping insertion in model container
[2021-04-24 13:10:18,727 INFO  L99          BuchiAutomizer]: Safety of program was proven or not checked, starting termination analysis
[2021-04-24 13:10:18,728 INFO  L185        PluginConnector]: Executing the observer BuchiAutomizerObserver from plugin BuchiAutomizer for "de.uni_freiburg.informatik.ultimate.plugins.generator.cacsl2boogietranslator AST 24.04 01:10:18" (2/3) ...
[2021-04-24 13:10:18,728 INFO  L205        PluginConnector]: Invalid model from BuchiAutomizer for observer de.uni_freiburg.informatik.ultimate.plugins.generator.buchiautomizer.BuchiAutomizerObserver@2dc20262 and model type de.uni_freiburg.informatik.ultimate.plugins.generator.buchiautomizer AST 24.04 01:10:18, skipping insertion in model container
[2021-04-24 13:10:18,728 INFO  L99          BuchiAutomizer]: Safety of program was proven or not checked, starting termination analysis
[2021-04-24 13:10:18,729 INFO  L185        PluginConnector]: Executing the observer BuchiAutomizerObserver from plugin BuchiAutomizer for "de.uni_freiburg.informatik.ultimate.plugins.generator.rcfgbuilder CFG 24.04 01:10:18" (3/3) ...
[2021-04-24 13:10:18,730 INFO  L389   chiAutomizerObserver]: Analyzing ICFG Singapore_v2_false-termination.c
[2021-04-24 13:10:18,785 INFO  L359         BuchiCegarLoop]: Interprodecural is true
[2021-04-24 13:10:18,785 INFO  L360         BuchiCegarLoop]: Hoare is false
[2021-04-24 13:10:18,785 INFO  L361         BuchiCegarLoop]: Compute interpolants for ForwardPredicates
[2021-04-24 13:10:18,785 INFO  L362         BuchiCegarLoop]: Backedges is STRAIGHT_LINE
[2021-04-24 13:10:18,785 INFO  L363         BuchiCegarLoop]: Determinization is PREDICATE_ABSTRACTION
[2021-04-24 13:10:18,785 INFO  L364         BuchiCegarLoop]: Difference is false
[2021-04-24 13:10:18,785 INFO  L365         BuchiCegarLoop]: Minimize is MINIMIZE_SEVPA
[2021-04-24 13:10:18,785 INFO  L368         BuchiCegarLoop]: ======== Iteration 0==of CEGAR loop == BuchiCegarLoop========
[2021-04-24 13:10:18,796 INFO  L72            BuchiIsEmpty]: Start buchiIsEmpty. Operand 7 states.
[2021-04-24 13:10:18,808 INFO  L131   ngComponentsAnalysis]: Automaton has 1 accepting balls. 1
[2021-04-24 13:10:18,809 INFO  L87            BuchiIsEmpty]: Finished buchiIsEmpty Result is false
[2021-04-24 13:10:18,809 INFO  L119           BuchiIsEmpty]: Starting construction of run
[2021-04-24 13:10:18,813 INFO  L853         BuchiCegarLoop]: Counterexample stem histogram [1, 1]
[2021-04-24 13:10:18,813 INFO  L854         BuchiCegarLoop]: Counterexample loop histogram [1]
[2021-04-24 13:10:18,813 INFO  L427         BuchiCegarLoop]: ======== Iteration 1============
[2021-04-24 13:10:18,813 INFO  L72            BuchiIsEmpty]: Start buchiIsEmpty. Operand 7 states.
[2021-04-24 13:10:18,813 INFO  L131   ngComponentsAnalysis]: Automaton has 1 accepting balls. 1
[2021-04-24 13:10:18,814 INFO  L87            BuchiIsEmpty]: Finished buchiIsEmpty Result is false
[2021-04-24 13:10:18,814 INFO  L119           BuchiIsEmpty]: Starting construction of run
[2021-04-24 13:10:18,814 INFO  L853         BuchiCegarLoop]: Counterexample stem histogram [1, 1]
[2021-04-24 13:10:18,814 INFO  L854         BuchiCegarLoop]: Counterexample loop histogram [1]
[2021-04-24 13:10:18,819 INFO  L794   eck$LassoCheckResult]: Stem: 5#ULTIMATE.startENTRYtrue havoc main_#res;havoc main_#t~nondet0, main_#t~nondet1, main_~x~0, main_~y~0;havoc main_~x~0;havoc main_~y~0;main_~x~0 := main_#t~nondet0;havoc main_#t~nondet0;main_~y~0 := main_#t~nondet1;havoc main_#t~nondet1; 6#L16true assume main_~x~0 + main_~y~0 > 1; 3#L17-2true 
[2021-04-24 13:10:18,819 INFO  L796   eck$LassoCheckResult]: Loop: 3#L17-2true assume !!(main_~x~0 > 0);main_~x~0 := main_~x~0 + main_~x~0 + main_~y~0;main_~y~0 := main_~y~0 - 1; 3#L17-2true 
[2021-04-24 13:10:18,823 INFO  L144       PredicateUnifier]: Initialized classic predicate unifier
[2021-04-24 13:10:18,824 INFO  L82        PathProgramCache]: Analyzing trace with hash 996, now seen corresponding path program 1 times
[2021-04-24 13:10:18,830 INFO  L162   FreeRefinementEngine]: Executing refinement strategy CAMEL
[2021-04-24 13:10:18,830 INFO  L353   FreeRefinementEngine]: Using trace check IpTcStrategyModuleSmtInterpolCraig [1109685915]
[2021-04-24 13:10:18,831 INFO  L95    rtionOrderModulation]: Keeping assertion order NOT_INCREMENTALLY
[2021-04-24 13:10:18,894 INFO  L136    AnnotateAndAsserter]: Conjunction of SSA is sat
[2021-04-24 13:10:18,894 INFO  L221             TraceCheck]: Trace is feasible, we will do another trace check, this time with branch encoders.
[2021-04-24 13:10:18,897 INFO  L136    AnnotateAndAsserter]: Conjunction of SSA is sat
[2021-04-24 13:10:18,898 INFO  L221             TraceCheck]: Trace is feasible, we will do another trace check, this time with branch encoders.
[2021-04-24 13:10:18,909 INFO  L173   FreeRefinementEngine]: Strategy CAMEL found a feasible trace
[2021-04-24 13:10:18,910 INFO  L144       PredicateUnifier]: Initialized classic predicate unifier
[2021-04-24 13:10:18,911 INFO  L82        PathProgramCache]: Analyzing trace with hash 44, now seen corresponding path program 1 times
[2021-04-24 13:10:18,911 INFO  L162   FreeRefinementEngine]: Executing refinement strategy CAMEL
[2021-04-24 13:10:18,911 INFO  L353   FreeRefinementEngine]: Using trace check IpTcStrategyModuleSmtInterpolCraig [697486461]
[2021-04-24 13:10:18,911 INFO  L95    rtionOrderModulation]: Keeping assertion order NOT_INCREMENTALLY
[2021-04-24 13:10:18,915 INFO  L136    AnnotateAndAsserter]: Conjunction of SSA is sat
[2021-04-24 13:10:18,916 INFO  L221             TraceCheck]: Trace is feasible, we will do another trace check, this time with branch encoders.
[2021-04-24 13:10:18,918 INFO  L136    AnnotateAndAsserter]: Conjunction of SSA is sat
[2021-04-24 13:10:18,918 INFO  L221             TraceCheck]: Trace is feasible, we will do another trace check, this time with branch encoders.
[2021-04-24 13:10:18,919 INFO  L173   FreeRefinementEngine]: Strategy CAMEL found a feasible trace
[2021-04-24 13:10:18,920 INFO  L144       PredicateUnifier]: Initialized classic predicate unifier
[2021-04-24 13:10:18,921 INFO  L82        PathProgramCache]: Analyzing trace with hash 30889, now seen corresponding path program 1 times
[2021-04-24 13:10:18,921 INFO  L162   FreeRefinementEngine]: Executing refinement strategy CAMEL
[2021-04-24 13:10:18,921 INFO  L353   FreeRefinementEngine]: Using trace check IpTcStrategyModuleSmtInterpolCraig [1301770938]
[2021-04-24 13:10:18,921 INFO  L95    rtionOrderModulation]: Keeping assertion order NOT_INCREMENTALLY
[2021-04-24 13:10:18,926 INFO  L136    AnnotateAndAsserter]: Conjunction of SSA is sat
[2021-04-24 13:10:18,926 INFO  L221             TraceCheck]: Trace is feasible, we will do another trace check, this time with branch encoders.
[2021-04-24 13:10:18,931 INFO  L136    AnnotateAndAsserter]: Conjunction of SSA is sat
[2021-04-24 13:10:18,931 INFO  L221             TraceCheck]: Trace is feasible, we will do another trace check, this time with branch encoders.
[2021-04-24 13:10:18,932 INFO  L173   FreeRefinementEngine]: Strategy CAMEL found a feasible trace
[2021-04-24 13:10:18,969 INFO  L210          LassoAnalysis]: Preferences:
[2021-04-24 13:10:18,969 INFO  L126   ssoRankerPreferences]: Compute integeral hull: false
[2021-04-24 13:10:18,969 INFO  L127   ssoRankerPreferences]: Enable LassoPartitioneer: true
[2021-04-24 13:10:18,969 INFO  L128   ssoRankerPreferences]: Term annotations enabled: false
[2021-04-24 13:10:18,969 INFO  L129   ssoRankerPreferences]: Use exernal solver: true
[2021-04-24 13:10:18,969 INFO  L130   ssoRankerPreferences]: SMT solver command: z3 SMTLIB2_COMPLIANT=true -memory:1024 -smt2 -in -t:12000
[2021-04-24 13:10:18,970 INFO  L131   ssoRankerPreferences]: Dump SMT script to file: false
[2021-04-24 13:10:18,970 INFO  L132   ssoRankerPreferences]: Path of dumped script: 
[2021-04-24 13:10:18,970 INFO  L133   ssoRankerPreferences]: Filename of dumped script: Singapore_v2_false-termination.c_Iteration1_Loop
[2021-04-24 13:10:18,970 INFO  L134   ssoRankerPreferences]: MapElimAlgo: Frank
[2021-04-24 13:10:18,970 INFO  L274          LassoAnalysis]: Starting lasso preprocessing...
[2021-04-24 13:10:18,985 INFO  L141          MapEliminator]: Using MapEliminator with SimplificationTechnique=SIMPLIFY_DDA XnfConversionTechnique=BOTTOM_UP_WITH_LOCAL_SIMPLIFICATION AddInequalities=false OnlyTrivialImplicationsArrayWrite=true OnlyTrivialImplicationsForModifiedArguments=true OnlyArgumentsInFormula=true
[2021-04-24 13:10:18,991 INFO  L141          MapEliminator]: Using MapEliminator with SimplificationTechnique=SIMPLIFY_DDA XnfConversionTechnique=BOTTOM_UP_WITH_LOCAL_SIMPLIFICATION AddInequalities=false OnlyTrivialImplicationsArrayWrite=true OnlyTrivialImplicationsForModifiedArguments=true OnlyArgumentsInFormula=true
[2021-04-24 13:10:18,994 INFO  L141          MapEliminator]: Using MapEliminator with SimplificationTechnique=SIMPLIFY_DDA XnfConversionTechnique=BOTTOM_UP_WITH_LOCAL_SIMPLIFICATION AddInequalities=false OnlyTrivialImplicationsArrayWrite=true OnlyTrivialImplicationsForModifiedArguments=true OnlyArgumentsInFormula=true
[2021-04-24 13:10:19,046 INFO  L292          LassoAnalysis]: Preprocessing complete.
[2021-04-24 13:10:19,046 INFO  L404          LassoAnalysis]: Checking for nontermination...
No working directory specified, using /home/singularity/UAutomizer-linux/z3
Starting monitored process 2 with z3 SMTLIB2_COMPLIANT=true -memory:1024 -smt2 -in -t:12000 (exit command is (exit), workingDir is null)
Waiting until toolchain timeout for monitored process 2 with z3 SMTLIB2_COMPLIANT=true -memory:1024 -smt2 -in -t:12000
[2021-04-24 13:10:19,052 INFO  L148   nArgumentSynthesizer]: Nontermination analysis: NONLINEAR Allow bounded executions: true Number of generalized eigenvectors: 0 Nilpotent components: true
[2021-04-24 13:10:19,052 INFO  L160   nArgumentSynthesizer]: Using integer mode.
[2021-04-24 13:10:19,063 INFO  L437          LassoAnalysis]: Proved nontermination for one component.
[2021-04-24 13:10:19,064 INFO  L440          LassoAnalysis]: Non-Termination argument consisting of: Initial state: {v_rep~unnamed0~0~false_1=0} Honda state: {v_rep~unnamed0~0~false_1=0} Generalized eigenvectors: [] Lambdas: [] Nus: []
No working directory specified, using /home/singularity/UAutomizer-linux/z3
Starting monitored process 3 with z3 SMTLIB2_COMPLIANT=true -memory:1024 -smt2 -in -t:12000 (exit command is (exit), workingDir is null)
Waiting until toolchain timeout for monitored process 3 with z3 SMTLIB2_COMPLIANT=true -memory:1024 -smt2 -in -t:12000
[2021-04-24 13:10:19,080 INFO  L148   nArgumentSynthesizer]: Nontermination analysis: NONLINEAR Allow bounded executions: true Number of generalized eigenvectors: 0 Nilpotent components: true
[2021-04-24 13:10:19,081 INFO  L160   nArgumentSynthesizer]: Using integer mode.
[2021-04-24 13:10:19,086 INFO  L437          LassoAnalysis]: Proved nontermination for one component.
[2021-04-24 13:10:19,087 INFO  L440          LassoAnalysis]: Non-Termination argument consisting of: Initial state: {v_rep~unnamed0~0~true_1=1} Honda state: {v_rep~unnamed0~0~true_1=1} Generalized eigenvectors: [] Lambdas: [] Nus: []
No working directory specified, using /home/singularity/UAutomizer-linux/z3
Starting monitored process 4 with z3 SMTLIB2_COMPLIANT=true -memory:1024 -smt2 -in -t:12000 (exit command is (exit), workingDir is null)
Waiting until toolchain timeout for monitored process 4 with z3 SMTLIB2_COMPLIANT=true -memory:1024 -smt2 -in -t:12000
[2021-04-24 13:10:19,092 INFO  L148   nArgumentSynthesizer]: Nontermination analysis: NONLINEAR Allow bounded executions: true Number of generalized eigenvectors: 0 Nilpotent components: true
[2021-04-24 13:10:19,092 INFO  L160   nArgumentSynthesizer]: Using integer mode.
No working directory specified, using /home/singularity/UAutomizer-linux/z3
Starting monitored process 5 with z3 SMTLIB2_COMPLIANT=true -memory:1024 -smt2 -in -t:12000 (exit command is (exit), workingDir is null)
Waiting until toolchain timeout for monitored process 5 with z3 SMTLIB2_COMPLIANT=true -memory:1024 -smt2 -in -t:12000
[2021-04-24 13:10:19,100 INFO  L148   nArgumentSynthesizer]: Nontermination analysis: NONLINEAR Allow bounded executions: true Number of generalized eigenvectors: 3 Nilpotent components: true
[2021-04-24 13:10:19,100 INFO  L160   nArgumentSynthesizer]: Using integer mode.
[2021-04-24 13:10:19,125 INFO  L437          LassoAnalysis]: Proved nontermination for one component.
[2021-04-24 13:10:19,125 INFO  L440          LassoAnalysis]: Non-Termination argument consisting of: Initial state: {ULTIMATE.start_main_~y~0=2, ULTIMATE.start_main_~x~0=8} Honda state: {ULTIMATE.start_main_~y~0=2, ULTIMATE.start_main_~x~0=8} Generalized eigenvectors: [{ULTIMATE.start_main_~y~0=-1, ULTIMATE.start_main_~x~0=1}, {ULTIMATE.start_main_~y~0=1, ULTIMATE.start_main_~x~0=8}, {ULTIMATE.start_main_~y~0=-1, ULTIMATE.start_main_~x~0=1}] Lambdas: [1, 2, 1] Nus: [0, 1]
[2021-04-24 13:10:19,148 INFO  L210          LassoAnalysis]: Preferences:
[2021-04-24 13:10:19,149 INFO  L126   ssoRankerPreferences]: Compute integeral hull: false
[2021-04-24 13:10:19,149 INFO  L127   ssoRankerPreferences]: Enable LassoPartitioneer: true
[2021-04-24 13:10:19,149 INFO  L128   ssoRankerPreferences]: Term annotations enabled: false
[2021-04-24 13:10:19,149 INFO  L129   ssoRankerPreferences]: Use exernal solver: true
[2021-04-24 13:10:19,149 INFO  L130   ssoRankerPreferences]: SMT solver command: z3 SMTLIB2_COMPLIANT=true -memory:1024 -smt2 -in -t:12000
[2021-04-24 13:10:19,149 INFO  L131   ssoRankerPreferences]: Dump SMT script to file: false
[2021-04-24 13:10:19,149 INFO  L132   ssoRankerPreferences]: Path of dumped script: 
[2021-04-24 13:10:19,150 INFO  L133   ssoRankerPreferences]: Filename of dumped script: Singapore_v2_false-termination.c_Iteration1_Lasso
[2021-04-24 13:10:19,150 INFO  L134   ssoRankerPreferences]: MapElimAlgo: Frank
[2021-04-24 13:10:19,150 INFO  L274          LassoAnalysis]: Starting lasso preprocessing...
[2021-04-24 13:10:19,152 INFO  L141          MapEliminator]: Using MapEliminator with SimplificationTechnique=SIMPLIFY_DDA XnfConversionTechnique=BOTTOM_UP_WITH_LOCAL_SIMPLIFICATION AddInequalities=false OnlyTrivialImplicationsArrayWrite=true OnlyTrivialImplicationsForModifiedArguments=true OnlyArgumentsInFormula=true
[2021-04-24 13:10:19,154 INFO  L141          MapEliminator]: Using MapEliminator with SimplificationTechnique=SIMPLIFY_DDA XnfConversionTechnique=BOTTOM_UP_WITH_LOCAL_SIMPLIFICATION AddInequalities=false OnlyTrivialImplicationsArrayWrite=true OnlyTrivialImplicationsForModifiedArguments=true OnlyArgumentsInFormula=true
[2021-04-24 13:10:19,156 INFO  L141          MapEliminator]: Using MapEliminator with SimplificationTechnique=SIMPLIFY_DDA XnfConversionTechnique=BOTTOM_UP_WITH_LOCAL_SIMPLIFICATION AddInequalities=false OnlyTrivialImplicationsArrayWrite=true OnlyTrivialImplicationsForModifiedArguments=true OnlyArgumentsInFormula=true
[2021-04-24 13:10:19,165 INFO  L141          MapEliminator]: Using MapEliminator with SimplificationTechnique=SIMPLIFY_DDA XnfConversionTechnique=BOTTOM_UP_WITH_LOCAL_SIMPLIFICATION AddInequalities=false OnlyTrivialImplicationsArrayWrite=true OnlyTrivialImplicationsForModifiedArguments=true OnlyArgumentsInFormula=true
[2021-04-24 13:10:19,167 INFO  L141          MapEliminator]: Using MapEliminator with SimplificationTechnique=SIMPLIFY_DDA XnfConversionTechnique=BOTTOM_UP_WITH_LOCAL_SIMPLIFICATION AddInequalities=false OnlyTrivialImplicationsArrayWrite=true OnlyTrivialImplicationsForModifiedArguments=true OnlyArgumentsInFormula=true
[2021-04-24 13:10:19,169 INFO  L141          MapEliminator]: Using MapEliminator with SimplificationTechnique=SIMPLIFY_DDA XnfConversionTechnique=BOTTOM_UP_WITH_LOCAL_SIMPLIFICATION AddInequalities=false OnlyTrivialImplicationsArrayWrite=true OnlyTrivialImplicationsForModifiedArguments=true OnlyArgumentsInFormula=true
[2021-04-24 13:10:19,213 INFO  L292          LassoAnalysis]: Preprocessing complete.
[2021-04-24 13:10:19,214 INFO  L404          LassoAnalysis]: Checking for nontermination...
No working directory specified, using /home/singularity/UAutomizer-linux/z3
Starting monitored process 6 with z3 SMTLIB2_COMPLIANT=true -memory:1024 -smt2 -in -t:12000 (exit command is (exit), workingDir is null)
Waiting until toolchain timeout for monitored process 6 with z3 SMTLIB2_COMPLIANT=true -memory:1024 -smt2 -in -t:12000
[2021-04-24 13:10:19,217 INFO  L148   nArgumentSynthesizer]: Nontermination analysis: NONLINEAR Allow bounded executions: true Number of generalized eigenvectors: 0 Nilpotent components: true
[2021-04-24 13:10:19,218 INFO  L160   nArgumentSynthesizer]: Using integer mode.
[2021-04-24 13:10:19,220 INFO  L437          LassoAnalysis]: Proved nontermination for one component.
[2021-04-24 13:10:19,220 INFO  L440          LassoAnalysis]: Non-Termination argument consisting of: Initial state: {ULTIMATE.start_main_#t~nondet0=0} Honda state: {ULTIMATE.start_main_#t~nondet0=0} Generalized eigenvectors: [] Lambdas: [] Nus: []
No working directory specified, using /home/singularity/UAutomizer-linux/z3
Starting monitored process 7 with z3 SMTLIB2_COMPLIANT=true -memory:1024 -smt2 -in -t:12000 (exit command is (exit), workingDir is null)
Waiting until toolchain timeout for monitored process 7 with z3 SMTLIB2_COMPLIANT=true -memory:1024 -smt2 -in -t:12000
[2021-04-24 13:10:19,224 INFO  L148   nArgumentSynthesizer]: Nontermination analysis: NONLINEAR Allow bounded executions: true Number of generalized eigenvectors: 0 Nilpotent components: true
[2021-04-24 13:10:19,224 INFO  L160   nArgumentSynthesizer]: Using integer mode.
[2021-04-24 13:10:19,226 INFO  L437          LassoAnalysis]: Proved nontermination for one component.
[2021-04-24 13:10:19,227 INFO  L440          LassoAnalysis]: Non-Termination argument consisting of: Initial state: {v_rep~unnamed0~0~false_2=0} Honda state: {v_rep~unnamed0~0~false_2=0} Generalized eigenvectors: [] Lambdas: [] Nus: []
No working directory specified, using /home/singularity/UAutomizer-linux/z3
Starting monitored process 8 with z3 SMTLIB2_COMPLIANT=true -memory:1024 -smt2 -in -t:12000 (exit command is (exit), workingDir is null)
Waiting until toolchain timeout for monitored process 8 with z3 SMTLIB2_COMPLIANT=true -memory:1024 -smt2 -in -t:12000
[2021-04-24 13:10:19,231 INFO  L148   nArgumentSynthesizer]: Nontermination analysis: NONLINEAR Allow bounded executions: true Number of generalized eigenvectors: 0 Nilpotent components: true
[2021-04-24 13:10:19,231 INFO  L160   nArgumentSynthesizer]: Using integer mode.
No working directory specified, using /home/singularity/UAutomizer-linux/z3
Starting monitored process 9 with z3 SMTLIB2_COMPLIANT=true -memory:1024 -smt2 -in -t:12000 (exit command is (exit), workingDir is null)
Waiting until toolchain timeout for monitored process 9 with z3 SMTLIB2_COMPLIANT=true -memory:1024 -smt2 -in -t:12000
[2021-04-24 13:10:19,240 INFO  L148   nArgumentSynthesizer]: Nontermination analysis: NONLINEAR Allow bounded executions: true Number of generalized eigenvectors: 3 Nilpotent components: true
[2021-04-24 13:10:19,240 INFO  L160   nArgumentSynthesizer]: Using integer mode.
[2021-04-24 13:10:19,302 INFO  L437          LassoAnalysis]: Proved nontermination for one component.
[2021-04-24 13:10:19,303 INFO  L440          LassoAnalysis]: Non-Termination argument consisting of: Initial state: {ULTIMATE.start_main_~y~0=0, ULTIMATE.start_main_~x~0=0} Honda state: {ULTIMATE.start_main_~y~0=0, ULTIMATE.start_main_~x~0=6} Generalized eigenvectors: [{ULTIMATE.start_main_~y~0=-1, ULTIMATE.start_main_~x~0=1}, {ULTIMATE.start_main_~y~0=5, ULTIMATE.start_main_~x~0=0}, {ULTIMATE.start_main_~y~0=-5, ULTIMATE.start_main_~x~0=5}] Lambdas: [1, 2, 1] Nus: [0, 1]
No working directory specified, using /home/singularity/UAutomizer-linux/z3
Starting monitored process 10 with z3 SMTLIB2_COMPLIANT=true -memory:1024 -smt2 -in -t:12000 (exit command is (exit), workingDir is null)
Waiting until toolchain timeout for monitored process 10 with z3 SMTLIB2_COMPLIANT=true -memory:1024 -smt2 -in -t:12000
[2021-04-24 13:10:19,309 INFO  L148   nArgumentSynthesizer]: Nontermination analysis: NONLINEAR Allow bounded executions: true Number of generalized eigenvectors: 0 Nilpotent components: true
[2021-04-24 13:10:19,309 INFO  L160   nArgumentSynthesizer]: Using integer mode.
[2021-04-24 13:10:19,313 INFO  L437          LassoAnalysis]: Proved nontermination for one component.
[2021-04-24 13:10:19,313 INFO  L440          LassoAnalysis]: Non-Termination argument consisting of: Initial state: {ULTIMATE.start_main_#t~nondet1=0} Honda state: {ULTIMATE.start_main_#t~nondet1=0} Generalized eigenvectors: [] Lambdas: [] Nus: []
No working directory specified, using /home/singularity/UAutomizer-linux/z3
Starting monitored process 11 with z3 SMTLIB2_COMPLIANT=true -memory:1024 -smt2 -in -t:12000 (exit command is (exit), workingDir is null)
Waiting until toolchain timeout for monitored process 11 with z3 SMTLIB2_COMPLIANT=true -memory:1024 -smt2 -in -t:12000
[2021-04-24 13:10:19,318 INFO  L148   nArgumentSynthesizer]: Nontermination analysis: NONLINEAR Allow bounded executions: true Number of generalized eigenvectors: 0 Nilpotent components: true
[2021-04-24 13:10:19,318 INFO  L160   nArgumentSynthesizer]: Using integer mode.
[2021-04-24 13:10:19,321 INFO  L437          LassoAnalysis]: Proved nontermination for one component.
[2021-04-24 13:10:19,322 INFO  L440          LassoAnalysis]: Non-Termination argument consisting of: Initial state: {ULTIMATE.start_main_#res=0} Honda state: {ULTIMATE.start_main_#res=0} Generalized eigenvectors: [] Lambdas: [] Nus: []
No working directory specified, using /home/singularity/UAutomizer-linux/z3
Starting monitored process 12 with z3 SMTLIB2_COMPLIANT=true -memory:1024 -smt2 -in -t:12000 (exit command is (exit), workingDir is null)
Waiting until toolchain timeout for monitored process 12 with z3 SMTLIB2_COMPLIANT=true -memory:1024 -smt2 -in -t:12000
[2021-04-24 13:10:19,327 INFO  L148   nArgumentSynthesizer]: Nontermination analysis: NONLINEAR Allow bounded executions: true Number of generalized eigenvectors: 0 Nilpotent components: true
[2021-04-24 13:10:19,328 INFO  L160   nArgumentSynthesizer]: Using integer mode.
[2021-04-24 13:10:19,331 INFO  L437          LassoAnalysis]: Proved nontermination for one component.
[2021-04-24 13:10:19,332 INFO  L440          LassoAnalysis]: Non-Termination argument consisting of: Initial state: {v_rep~unnamed0~0~true_2=1} Honda state: {v_rep~unnamed0~0~true_2=1} Generalized eigenvectors: [] Lambdas: [] Nus: []
[2021-04-24 13:10:19,345 WARN  L417   cessorBacktranslator]: Unfinished backtranslation: Declaration ConstDeclaration not handled for expression ~unnamed0~0~true
[2021-04-24 13:10:19,346 WARN  L417   cessorBacktranslator]: Unfinished backtranslation: Declaration ConstDeclaration not handled for expression ~unnamed0~0~false
[2021-04-24 13:10:19,346 WARN  L417   cessorBacktranslator]: Unfinished backtranslation: Declaration ConstDeclaration not handled for expression ~unnamed0~0~true
[2021-04-24 13:10:19,347 WARN  L417   cessorBacktranslator]: Unfinished backtranslation: Declaration ConstDeclaration not handled for expression ~unnamed0~0~false
[2021-04-24 13:10:19,347 WARN  L417   cessorBacktranslator]: Unfinished backtranslation: Declaration ConstDeclaration not handled for expression ~unnamed0~0~true
[2021-04-24 13:10:19,347 WARN  L417   cessorBacktranslator]: Unfinished backtranslation: Declaration ConstDeclaration not handled for expression ~unnamed0~0~false
[2021-04-24 13:10:19,354 INFO  L202        PluginConnector]: Adding new model de.uni_freiburg.informatik.ultimate.plugins.generator.buchiautomizer CFG 24.04 01:10:19 BoogieIcfgContainer
[2021-04-24 13:10:19,354 INFO  L132        PluginConnector]: ------------------------ END BuchiAutomizer----------------------------
[2021-04-24 13:10:19,354 INFO  L113        PluginConnector]: ------------------------Witness Printer----------------------------
[2021-04-24 13:10:19,354 INFO  L271        PluginConnector]: Initializing Witness Printer...
[2021-04-24 13:10:19,354 INFO  L275        PluginConnector]: Witness Printer initialized
[2021-04-24 13:10:19,355 INFO  L185        PluginConnector]: Executing the observer RCFGCatcher from plugin Witness Printer for "de.uni_freiburg.informatik.ultimate.plugins.generator.rcfgbuilder CFG 24.04 01:10:18" (3/4) ...
[2021-04-24 13:10:19,356 INFO  L134         WitnessPrinter]: Generating witness for non-termination counterexample
[2021-04-24 13:10:19,384 INFO  L141         WitnessManager]: Wrote witness to /home/magnago/benchmarks/software_nontermination/C/C_Integer/Ton_Chanh_15/Singapore_v2_false-termination.c-witness.graphml
[2021-04-24 13:10:19,385 INFO  L132        PluginConnector]: ------------------------ END Witness Printer----------------------------
[2021-04-24 13:10:19,386 INFO  L168              Benchmark]: Toolchain (without parser) took 1236.92 ms. Allocated memory is still 545.3 MB. Free memory was 492.1 MB in the beginning and 446.0 MB in the end (delta: 46.1 MB). Peak memory consumption was 40.7 MB. Max. memory is 21.5 GB.
[2021-04-24 13:10:19,386 INFO  L168              Benchmark]: CDTParser took 0.10 ms. Allocated memory is still 545.3 MB. Free memory is still 509.1 MB. There was no memory consumed. Max. memory is 21.5 GB.
[2021-04-24 13:10:19,387 INFO  L168              Benchmark]: CACSL2BoogieTranslator took 186.40 ms. Allocated memory is still 545.3 MB. Free memory was 491.8 MB in the beginning and 522.7 MB in the end (delta: -30.9 MB). Peak memory consumption was 19.7 MB. Max. memory is 21.5 GB.
[2021-04-24 13:10:19,387 INFO  L168              Benchmark]: Boogie Procedure Inliner took 23.77 ms. Allocated memory is still 545.3 MB. Free memory was 522.7 MB in the beginning and 521.5 MB in the end (delta: 1.3 MB). There was no memory consumed. Max. memory is 21.5 GB.
[2021-04-24 13:10:19,388 INFO  L168              Benchmark]: Boogie Preprocessor took 13.80 ms. Allocated memory is still 545.3 MB. Free memory was 521.5 MB in the beginning and 520.6 MB in the end (delta: 919.3 kB). There was no memory consumed. Max. memory is 21.5 GB.
[2021-04-24 13:10:19,388 INFO  L168              Benchmark]: RCFGBuilder took 341.76 ms. Allocated memory is still 545.3 MB. Free memory was 520.6 MB in the beginning and 510.6 MB in the end (delta: 10.0 MB). Peak memory consumption was 8.4 MB. Max. memory is 21.5 GB.
[2021-04-24 13:10:19,389 INFO  L168              Benchmark]: BuchiAutomizer took 634.54 ms. Allocated memory is still 545.3 MB. Free memory was 510.2 MB in the beginning and 447.6 MB in the end (delta: 62.6 MB). Peak memory consumption was 62.9 MB. Max. memory is 21.5 GB.
[2021-04-24 13:10:19,389 INFO  L168              Benchmark]: Witness Printer took 30.37 ms. Allocated memory is still 545.3 MB. Free memory was 447.2 MB in the beginning and 446.0 MB in the end (delta: 1.2 MB). There was no memory consumed. Max. memory is 21.5 GB.
[2021-04-24 13:10:19,391 INFO  L339   ainManager$Toolchain]: #######################  End [Toolchain 1] #######################
 --- Results ---
 * Results from de.uni_freiburg.informatik.ultimate.core:
  - StatisticsResult: Toolchain Benchmarks
    Benchmark results are:
 * CDTParser took 0.10 ms. Allocated memory is still 545.3 MB. Free memory is still 509.1 MB. There was no memory consumed. Max. memory is 21.5 GB.
 * CACSL2BoogieTranslator took 186.40 ms. Allocated memory is still 545.3 MB. Free memory was 491.8 MB in the beginning and 522.7 MB in the end (delta: -30.9 MB). Peak memory consumption was 19.7 MB. Max. memory is 21.5 GB.
 * Boogie Procedure Inliner took 23.77 ms. Allocated memory is still 545.3 MB. Free memory was 522.7 MB in the beginning and 521.5 MB in the end (delta: 1.3 MB). There was no memory consumed. Max. memory is 21.5 GB.
 * Boogie Preprocessor took 13.80 ms. Allocated memory is still 545.3 MB. Free memory was 521.5 MB in the beginning and 520.6 MB in the end (delta: 919.3 kB). There was no memory consumed. Max. memory is 21.5 GB.
 * RCFGBuilder took 341.76 ms. Allocated memory is still 545.3 MB. Free memory was 520.6 MB in the beginning and 510.6 MB in the end (delta: 10.0 MB). Peak memory consumption was 8.4 MB. Max. memory is 21.5 GB.
 * BuchiAutomizer took 634.54 ms. Allocated memory is still 545.3 MB. Free memory was 510.2 MB in the beginning and 447.6 MB in the end (delta: 62.6 MB). Peak memory consumption was 62.9 MB. Max. memory is 21.5 GB.
 * Witness Printer took 30.37 ms. Allocated memory is still 545.3 MB. Free memory was 447.2 MB in the beginning and 446.0 MB in the end (delta: 1.2 MB). There was no memory consumed. Max. memory is 21.5 GB.
 * Results from de.uni_freiburg.informatik.ultimate.boogie.preprocessor:
  - GenericResult: Unfinished Backtranslation
    Unfinished backtranslation: Declaration ConstDeclaration not handled for expression ~unnamed0~0~true
  - GenericResult: Unfinished Backtranslation
    Unfinished backtranslation: Declaration ConstDeclaration not handled for expression ~unnamed0~0~false
  - GenericResult: Unfinished Backtranslation
    Unfinished backtranslation: Declaration ConstDeclaration not handled for expression ~unnamed0~0~true
  - GenericResult: Unfinished Backtranslation
    Unfinished backtranslation: Declaration ConstDeclaration not handled for expression ~unnamed0~0~false
  - GenericResult: Unfinished Backtranslation
    Unfinished backtranslation: Declaration ConstDeclaration not handled for expression ~unnamed0~0~true
  - GenericResult: Unfinished Backtranslation
    Unfinished backtranslation: Declaration ConstDeclaration not handled for expression ~unnamed0~0~false
 * Results from de.uni_freiburg.informatik.ultimate.plugins.generator.traceabstraction:
  - StatisticsResult: Constructed decomposition of program
    Trivial decomposition into one nonterminating module.
  - StatisticsResult: Timing statistics
    B?chiAutomizer plugin needed 0.5s and 1 iterations.  TraceHistogramMax:1. Analysis of lassos took 0.5s. Construction of modules took 0.0s. B?chi inclusion checks took 0.0s. Highest rank in rank-based complementation 0. Minimization of det autom 0. Minimization of nondet autom 0. Automata minimization No data available. Non-live state removal took 0.0s Buchi closure took 0.0s. Biggest automaton had -1 states and ocurred in iteration -1.	Nontrivial modules had stage [0, 0, 0, 0, 0].	InterpolantCoveringCapabilityFinite: 0/0	InterpolantCoveringCapabilityBuchi: 0/0	HoareTripleCheckerStatistics: No data available	LassoAnalysisResults: nont1 unkn0 SFLI0 SFLT0 conc0 concLT0 SILN0 SILU0 SILI0 SILT0 lasso0 LassoPreprocessingBenchmarks:   Lassos: inital19 mio100 ax166 hnf100 lsp60 ukn100 mio100 lsp100 div100 bol100 ite100 ukn100 eq174 hnf93 smp100 dnf100 smp100 tf103 neg100 sie109 LassoTerminationAnalysisBenchmarks: not availableLassoTerminationAnalysisBenchmarks: LassoNonterminationAnalysisSatFixpoint: 7	LassoNonterminationAnalysisSatUnbounded: 2	LassoNonterminationAnalysisUnsat: 0	LassoNonterminationAnalysisUnknown: 0	LassoNonterminationAnalysisTime: 0.1s	
  - TerminationAnalysisResult: Nontermination possible
    Buchi Automizer proved that your program is nonterminating for some inputs
  - GeometricNonTerminationArgumentResult [Line: 17]: Nontermination argument in form of an infinite program execution.
[2021-04-24 13:10:19,396 WARN  L417   cessorBacktranslator]: Unfinished backtranslation: Declaration ConstDeclaration not handled for expression ~unnamed0~0~true
[2021-04-24 13:10:19,397 WARN  L417   cessorBacktranslator]: Unfinished backtranslation: Declaration ConstDeclaration not handled for expression ~unnamed0~0~false
[2021-04-24 13:10:19,397 WARN  L417   cessorBacktranslator]: Unfinished backtranslation: Declaration ConstDeclaration not handled for expression ~unnamed0~0~true
[2021-04-24 13:10:19,397 WARN  L417   cessorBacktranslator]: Unfinished backtranslation: Declaration ConstDeclaration not handled for expression ~unnamed0~0~false
[2021-04-24 13:10:19,398 WARN  L417   cessorBacktranslator]: Unfinished backtranslation: Declaration ConstDeclaration not handled for expression ~unnamed0~0~true
[2021-04-24 13:10:19,398 WARN  L417   cessorBacktranslator]: Unfinished backtranslation: Declaration ConstDeclaration not handled for expression ~unnamed0~0~false
[2021-04-24 13:10:19,398 WARN  L417   cessorBacktranslator]: Unfinished backtranslation: Declaration ConstDeclaration not handled for expression ~unnamed0~0~true
[2021-04-24 13:10:19,398 WARN  L417   cessorBacktranslator]: Unfinished backtranslation: Declaration ConstDeclaration not handled for expression ~unnamed0~0~false
[2021-04-24 13:10:19,399 WARN  L417   cessorBacktranslator]: Unfinished backtranslation: Declaration ConstDeclaration not handled for expression ~unnamed0~0~true
[2021-04-24 13:10:19,399 WARN  L417   cessorBacktranslator]: Unfinished backtranslation: Declaration ConstDeclaration not handled for expression ~unnamed0~0~false
[2021-04-24 13:10:19,399 WARN  L417   cessorBacktranslator]: Unfinished backtranslation: Declaration ConstDeclaration not handled for expression ~unnamed0~0~true
[2021-04-24 13:10:19,399 WARN  L417   cessorBacktranslator]: Unfinished backtranslation: Declaration ConstDeclaration not handled for expression ~unnamed0~0~false
    Nontermination argument in form of an infinite execution
State at position 0 is
{org.eclipse.cdt.internal.core.dom.parser.c.CASTFunctionCallExpression@25549a21=0, \result=0, ~unnamed0~0~true=1, org.eclipse.cdt.internal.core.dom.parser.c.CASTFunctionCallExpression@73bebb05=0, ~unnamed0~0~false=0, x=0, y=0}
State at position 1 is
{org.eclipse.cdt.internal.core.dom.parser.c.CASTFunctionCallExpression@25549a21=0, \result=0, ~unnamed0~0~true=1, org.eclipse.cdt.internal.core.dom.parser.c.CASTFunctionCallExpression@73bebb05=0, ~unnamed0~0~false=0, x=6, y=0}
For i>1, the state at position i is
{org.eclipse.cdt.internal.core.dom.parser.c.CASTFunctionCallExpression@25549a21=0 + sum_{k=0}^i 0, \result=0 + sum_{k=0}^i 0, ~unnamed0~0~true=1 + sum_{k=0}^i 0, org.eclipse.cdt.internal.core.dom.parser.c.CASTFunctionCallExpression@73bebb05=0 + sum_{k=0}^i 0, ~unnamed0~0~false=0 + sum_{k=0}^i 0, x=6 + sum_{k=0}^i 1 + 5 + 5*k*2^(k-1), y=0 + sum_{k=0}^i -1 + 5*2^k + -5 + -5*k*2^(k-1)}
  - StatisticsResult: NonterminationArgumentStatistics
    Unbounded Execution 3GEVs Lambdas: [1, 2, 1] Mus: [0, 1]
  - NonterminatingLassoResult [Line: 17]: Nonterminating execution
    Found a nonterminating execution for the following lasso shaped sequence of statements.
Stem:
[L12]             int x;
[L13]             int y;
[L14]             x = __VERIFIER_nondet_int()
[L15]             y = __VERIFIER_nondet_int()
[L16]  COND TRUE  x + y > 1
Loop:
[L17]  COND TRUE  x > 0
[L18]             x = x + x + y
[L19]             y = y - 1
End of lasso representation.
RESULT: Ultimate proved your program to be incorrect!
Received shutdown request...
