Creating empty 100MiB image file: /home/magnago/overlay/Singapore_v1_false-termination.c.ext3
Formatting image with ext3 file system
Image is done: /home/magnago/overlay/Singapore_v1_false-termination.c.ext3
This is Ultimate 0.2.1-54a68f4
[2021-04-24 13:10:18,195 INFO  L177        SettingsManager]: Resetting all preferences to default values...
[2021-04-24 13:10:18,211 INFO  L181        SettingsManager]: Resetting UltimateCore preferences to default values
[2021-04-24 13:10:18,238 INFO  L184        SettingsManager]: Ultimate Commandline Interface provides no preferences, ignoring...
[2021-04-24 13:10:18,238 INFO  L181        SettingsManager]: Resetting Boogie Preprocessor preferences to default values
[2021-04-24 13:10:18,239 INFO  L181        SettingsManager]: Resetting Boogie Procedure Inliner preferences to default values
[2021-04-24 13:10:18,240 INFO  L181        SettingsManager]: Resetting Abstract Interpretation preferences to default values
[2021-04-24 13:10:18,241 INFO  L181        SettingsManager]: Resetting LassoRanker preferences to default values
[2021-04-24 13:10:18,241 INFO  L181        SettingsManager]: Resetting Reaching Definitions preferences to default values
[2021-04-24 13:10:18,242 INFO  L181        SettingsManager]: Resetting SyntaxChecker preferences to default values
[2021-04-24 13:10:18,243 INFO  L181        SettingsManager]: Resetting Sifa preferences to default values
[2021-04-24 13:10:18,243 INFO  L184        SettingsManager]: B?chi Program Product provides no preferences, ignoring...
[2021-04-24 13:10:18,244 INFO  L181        SettingsManager]: Resetting LTL2Aut preferences to default values
[2021-04-24 13:10:18,244 INFO  L181        SettingsManager]: Resetting PEA to Boogie preferences to default values
[2021-04-24 13:10:18,245 INFO  L181        SettingsManager]: Resetting BlockEncodingV2 preferences to default values
[2021-04-24 13:10:18,245 INFO  L181        SettingsManager]: Resetting ChcToBoogie preferences to default values
[2021-04-24 13:10:18,246 INFO  L181        SettingsManager]: Resetting AutomataScriptInterpreter preferences to default values
[2021-04-24 13:10:18,247 INFO  L181        SettingsManager]: Resetting BuchiAutomizer preferences to default values
[2021-04-24 13:10:18,248 INFO  L181        SettingsManager]: Resetting CACSL2BoogieTranslator preferences to default values
[2021-04-24 13:10:18,249 INFO  L181        SettingsManager]: Resetting CodeCheck preferences to default values
[2021-04-24 13:10:18,249 INFO  L181        SettingsManager]: Resetting InvariantSynthesis preferences to default values
[2021-04-24 13:10:18,250 INFO  L181        SettingsManager]: Resetting RCFGBuilder preferences to default values
[2021-04-24 13:10:18,251 INFO  L181        SettingsManager]: Resetting Referee preferences to default values
[2021-04-24 13:10:18,251 INFO  L181        SettingsManager]: Resetting TraceAbstraction preferences to default values
[2021-04-24 13:10:18,253 INFO  L184        SettingsManager]: TraceAbstractionConcurrent provides no preferences, ignoring...
[2021-04-24 13:10:18,253 INFO  L184        SettingsManager]: TraceAbstractionWithAFAs provides no preferences, ignoring...
[2021-04-24 13:10:18,253 INFO  L181        SettingsManager]: Resetting TreeAutomizer preferences to default values
[2021-04-24 13:10:18,254 INFO  L181        SettingsManager]: Resetting IcfgToChc preferences to default values
[2021-04-24 13:10:18,254 INFO  L181        SettingsManager]: Resetting IcfgTransformer preferences to default values
[2021-04-24 13:10:18,255 INFO  L184        SettingsManager]: ReqToTest provides no preferences, ignoring...
[2021-04-24 13:10:18,255 INFO  L181        SettingsManager]: Resetting Boogie Printer preferences to default values
[2021-04-24 13:10:18,255 INFO  L181        SettingsManager]: Resetting ChcSmtPrinter preferences to default values
[2021-04-24 13:10:18,256 INFO  L181        SettingsManager]: Resetting ReqPrinter preferences to default values
[2021-04-24 13:10:18,256 INFO  L181        SettingsManager]: Resetting Witness Printer preferences to default values
[2021-04-24 13:10:18,257 INFO  L184        SettingsManager]: Boogie PL CUP Parser provides no preferences, ignoring...
[2021-04-24 13:10:18,257 INFO  L181        SettingsManager]: Resetting CDTParser preferences to default values
[2021-04-24 13:10:18,257 INFO  L184        SettingsManager]: AutomataScriptParser provides no preferences, ignoring...
[2021-04-24 13:10:18,258 INFO  L184        SettingsManager]: ReqParser provides no preferences, ignoring...
[2021-04-24 13:10:18,258 INFO  L181        SettingsManager]: Resetting SmtParser preferences to default values
[2021-04-24 13:10:18,258 INFO  L181        SettingsManager]: Resetting Witness Parser preferences to default values
[2021-04-24 13:10:18,259 INFO  L188        SettingsManager]: Finished resetting all preferences to default values...
[2021-04-24 13:10:18,259 INFO  L101        SettingsManager]: Beginning loading settings from /home/singularity/UAutomizer-linux/config/svcomp-Termination-64bit-Automizer_Default.epf
[2021-04-24 13:10:18,272 INFO  L113        SettingsManager]: Loading preferences was successful
[2021-04-24 13:10:18,272 INFO  L115        SettingsManager]: Preferences different from defaults after loading the file:
[2021-04-24 13:10:18,273 INFO  L136        SettingsManager]: Preferences of BlockEncodingV2 differ from their defaults:
[2021-04-24 13:10:18,273 INFO  L138        SettingsManager]:  * Create parallel compositions if possible=false
[2021-04-24 13:10:18,273 INFO  L138        SettingsManager]:  * Use SBE=true
[2021-04-24 13:10:18,273 INFO  L136        SettingsManager]: Preferences of BuchiAutomizer differ from their defaults:
[2021-04-24 13:10:18,273 INFO  L138        SettingsManager]:  * NCSB implementation=INTSET_LAZY3
[2021-04-24 13:10:18,273 INFO  L138        SettingsManager]:  * Use old map elimination=false
[2021-04-24 13:10:18,273 INFO  L138        SettingsManager]:  * Use external solver (rank synthesis)=false
[2021-04-24 13:10:18,273 INFO  L138        SettingsManager]:  * Use only trivial implications for array writes=true
[2021-04-24 13:10:18,274 INFO  L138        SettingsManager]:  * Rank analysis=LINEAR_WITH_GUESSES
[2021-04-24 13:10:18,274 INFO  L136        SettingsManager]: Preferences of CACSL2BoogieTranslator differ from their defaults:
[2021-04-24 13:10:18,274 INFO  L138        SettingsManager]:  * Check unreachability of error function in SV-COMP mode=false
[2021-04-24 13:10:18,274 INFO  L138        SettingsManager]:  * Overapproximate operations on floating types=true
[2021-04-24 13:10:18,274 INFO  L138        SettingsManager]:  * Check division by zero=IGNORE
[2021-04-24 13:10:18,274 INFO  L138        SettingsManager]:  * Pointer to allocated memory at dereference=ASSUME
[2021-04-24 13:10:18,274 INFO  L138        SettingsManager]:  * If two pointers are subtracted or compared they have the same base address=ASSUME
[2021-04-24 13:10:18,274 INFO  L138        SettingsManager]:  * Check array bounds for arrays that are off heap=ASSUME
[2021-04-24 13:10:18,274 INFO  L138        SettingsManager]:  * Check if freed pointer was valid=false
[2021-04-24 13:10:18,274 INFO  L138        SettingsManager]:  * Assume nondeterminstic values are in range=false
[2021-04-24 13:10:18,274 INFO  L138        SettingsManager]:  * Use constant arrays=true
[2021-04-24 13:10:18,275 INFO  L138        SettingsManager]:  * Pointer base address is valid at dereference=ASSUME
[2021-04-24 13:10:18,275 INFO  L136        SettingsManager]: Preferences of RCFGBuilder differ from their defaults:
[2021-04-24 13:10:18,275 INFO  L138        SettingsManager]:  * Size of a code block=SequenceOfStatements
[2021-04-24 13:10:18,275 INFO  L136        SettingsManager]: Preferences of TraceAbstraction differ from their defaults:
[2021-04-24 13:10:18,275 INFO  L138        SettingsManager]:  * Trace refinement strategy=CAMEL
[2021-04-24 13:10:18,275 INFO  L138        SettingsManager]:  * Trace refinement exception blacklist=NONE
[2021-04-24 13:10:18,276 INFO  L136        SettingsManager]: Preferences of IcfgTransformer differ from their defaults:
[2021-04-24 13:10:18,276 INFO  L138        SettingsManager]:  * TransformationType=MODULO_NEIGHBOR
[2021-04-24 13:10:18,431 INFO  L75    nceAwareModelManager]: Repository-Root is: /tmp
[2021-04-24 13:10:18,461 INFO  L261   ainManager$Toolchain]: [Toolchain 1]: Applicable parser(s) successfully (re)initialized
[2021-04-24 13:10:18,463 INFO  L217   ainManager$Toolchain]: [Toolchain 1]: Toolchain selected.
[2021-04-24 13:10:18,464 INFO  L271        PluginConnector]: Initializing CDTParser...
[2021-04-24 13:10:18,465 INFO  L275        PluginConnector]: CDTParser initialized
[2021-04-24 13:10:18,465 INFO  L432   ainManager$Toolchain]: [Toolchain 1]: Parsing single file: /home/magnago/benchmarks/software_nontermination/C/C_Integer/Ton_Chanh_15/Singapore_v1_false-termination.c
[2021-04-24 13:10:18,505 INFO  L220              CDTParser]: Created temporary CDT project at /home/singularity/60d71f8a78ee4693b1c16600e8d74630/FLAGcbe9af84a
!SESSION 2021-04-24 13:10:16.556 -----------------------------------------------
eclipse.buildId=unknown
java.version=11.0.10
java.vendor=Ubuntu
BootLoader constants: OS=linux, ARCH=x86_64, WS=gtk, NL=en_US
Framework arguments:  --console -tc /home/singularity/UAutomizer-linux/config/AutomizerTermination.xml -s /home/singularity/UAutomizer-linux/config/svcomp-Termination-64bit-Automizer_Default.epf -i /home/magnago/benchmarks/software_nontermination/C/C_Integer/Ton_Chanh_15/Singapore_v1_false-termination.c
Command-line arguments:  -os linux -ws gtk -arch x86_64 -consoleLog --console -data /home/singularity -tc /home/singularity/UAutomizer-linux/config/AutomizerTermination.xml -s /home/singularity/UAutomizer-linux/config/svcomp-Termination-64bit-Automizer_Default.epf -data /home/singularity -i /home/magnago/benchmarks/software_nontermination/C/C_Integer/Ton_Chanh_15/Singapore_v1_false-termination.c

!ENTRY org.eclipse.cdt.core 1 0 2021-04-24 13:10:18.741
!MESSAGE Indexed 'FLAGcbe9af84a' (0 sources, 0 headers) in 0.008 sec: 0 declarations; 0 references; 0 unresolved inclusions; 0 syntax errors; 0 unresolved names (0%)
[2021-04-24 13:10:18,849 INFO  L306              CDTParser]: Found 1 translation units.
[2021-04-24 13:10:18,850 INFO  L160              CDTParser]: Scanning /home/magnago/benchmarks/software_nontermination/C/C_Integer/Ton_Chanh_15/Singapore_v1_false-termination.c
[2021-04-24 13:10:18,854 INFO  L349              CDTParser]: About to delete temporary CDT project at /home/singularity/60d71f8a78ee4693b1c16600e8d74630/FLAGcbe9af84a
[2021-04-24 13:10:18,866 INFO  L357              CDTParser]: Successfully deleted /home/singularity/60d71f8a78ee4693b1c16600e8d74630
[2021-04-24 13:10:18,869 INFO  L299   ainManager$Toolchain]: ####################### [Toolchain 1] #######################
[2021-04-24 13:10:18,872 INFO  L131        ToolchainWalker]: Walking toolchain with 6 elements.
[2021-04-24 13:10:18,873 INFO  L113        PluginConnector]: ------------------------CACSL2BoogieTranslator----------------------------
[2021-04-24 13:10:18,873 INFO  L271        PluginConnector]: Initializing CACSL2BoogieTranslator...
[2021-04-24 13:10:18,876 INFO  L275        PluginConnector]: CACSL2BoogieTranslator initialized
[2021-04-24 13:10:18,877 INFO  L185        PluginConnector]: Executing the observer ACSLObjectContainerObserver from plugin CACSL2BoogieTranslator for "CDTParser AST 24.04 01:10:18" (1/1) ...
[2021-04-24 13:10:18,878 INFO  L205        PluginConnector]: Invalid model from CACSL2BoogieTranslator for observer de.uni_freiburg.informatik.ultimate.plugins.generator.cacsl2boogietranslator.ACSLObjectContainerObserver@5f480f14 and model type de.uni_freiburg.informatik.ultimate.plugins.generator.cacsl2boogietranslator AST 24.04 01:10:18, skipping insertion in model container
[2021-04-24 13:10:18,879 INFO  L185        PluginConnector]: Executing the observer CACSL2BoogieTranslatorObserver from plugin CACSL2BoogieTranslator for "CDTParser AST 24.04 01:10:18" (1/1) ...
[2021-04-24 13:10:18,885 INFO  L145         MainTranslator]: Starting translation in SV-COMP mode 
[2021-04-24 13:10:18,893 INFO  L178         MainTranslator]: Built tables and reachable declarations
[2021-04-24 13:10:19,031 INFO  L206          PostProcessor]: Analyzing one entry point: main
[2021-04-24 13:10:19,034 INFO  L203         MainTranslator]: Completed pre-run
[2021-04-24 13:10:19,046 INFO  L206          PostProcessor]: Analyzing one entry point: main
[2021-04-24 13:10:19,053 INFO  L208         MainTranslator]: Completed translation
[2021-04-24 13:10:19,053 INFO  L202        PluginConnector]: Adding new model de.uni_freiburg.informatik.ultimate.plugins.generator.cacsl2boogietranslator AST 24.04 01:10:19 WrapperNode
[2021-04-24 13:10:19,053 INFO  L132        PluginConnector]: ------------------------ END CACSL2BoogieTranslator----------------------------
[2021-04-24 13:10:19,054 INFO  L113        PluginConnector]: ------------------------Boogie Procedure Inliner----------------------------
[2021-04-24 13:10:19,054 INFO  L271        PluginConnector]: Initializing Boogie Procedure Inliner...
[2021-04-24 13:10:19,054 INFO  L275        PluginConnector]: Boogie Procedure Inliner initialized
[2021-04-24 13:10:19,060 INFO  L185        PluginConnector]: Executing the observer TypeChecker from plugin Boogie Procedure Inliner for "de.uni_freiburg.informatik.ultimate.plugins.generator.cacsl2boogietranslator AST 24.04 01:10:19" (1/1) ...
[2021-04-24 13:10:19,063 INFO  L185        PluginConnector]: Executing the observer Inliner from plugin Boogie Procedure Inliner for "de.uni_freiburg.informatik.ultimate.plugins.generator.cacsl2boogietranslator AST 24.04 01:10:19" (1/1) ...
[2021-04-24 13:10:19,072 INFO  L132        PluginConnector]: ------------------------ END Boogie Procedure Inliner----------------------------
[2021-04-24 13:10:19,073 INFO  L113        PluginConnector]: ------------------------Boogie Preprocessor----------------------------
[2021-04-24 13:10:19,073 INFO  L271        PluginConnector]: Initializing Boogie Preprocessor...
[2021-04-24 13:10:19,073 INFO  L275        PluginConnector]: Boogie Preprocessor initialized
[2021-04-24 13:10:19,077 INFO  L185        PluginConnector]: Executing the observer EnsureBoogieModelObserver from plugin Boogie Preprocessor for "de.uni_freiburg.informatik.ultimate.plugins.generator.cacsl2boogietranslator AST 24.04 01:10:19" (1/1) ...
[2021-04-24 13:10:19,077 INFO  L185        PluginConnector]: Executing the observer TypeChecker from plugin Boogie Preprocessor for "de.uni_freiburg.informatik.ultimate.plugins.generator.cacsl2boogietranslator AST 24.04 01:10:19" (1/1) ...
[2021-04-24 13:10:19,078 INFO  L185        PluginConnector]: Executing the observer ConstExpander from plugin Boogie Preprocessor for "de.uni_freiburg.informatik.ultimate.plugins.generator.cacsl2boogietranslator AST 24.04 01:10:19" (1/1) ...
[2021-04-24 13:10:19,078 INFO  L185        PluginConnector]: Executing the observer StructExpander from plugin Boogie Preprocessor for "de.uni_freiburg.informatik.ultimate.plugins.generator.cacsl2boogietranslator AST 24.04 01:10:19" (1/1) ...
[2021-04-24 13:10:19,079 INFO  L185        PluginConnector]: Executing the observer UnstructureCode from plugin Boogie Preprocessor for "de.uni_freiburg.informatik.ultimate.plugins.generator.cacsl2boogietranslator AST 24.04 01:10:19" (1/1) ...
[2021-04-24 13:10:19,081 INFO  L185        PluginConnector]: Executing the observer FunctionInliner from plugin Boogie Preprocessor for "de.uni_freiburg.informatik.ultimate.plugins.generator.cacsl2boogietranslator AST 24.04 01:10:19" (1/1) ...
[2021-04-24 13:10:19,081 INFO  L185        PluginConnector]: Executing the observer BoogieSymbolTableConstructor from plugin Boogie Preprocessor for "de.uni_freiburg.informatik.ultimate.plugins.generator.cacsl2boogietranslator AST 24.04 01:10:19" (1/1) ...
[2021-04-24 13:10:19,082 INFO  L132        PluginConnector]: ------------------------ END Boogie Preprocessor----------------------------
[2021-04-24 13:10:19,082 INFO  L113        PluginConnector]: ------------------------RCFGBuilder----------------------------
[2021-04-24 13:10:19,082 INFO  L271        PluginConnector]: Initializing RCFGBuilder...
[2021-04-24 13:10:19,082 INFO  L275        PluginConnector]: RCFGBuilder initialized
[2021-04-24 13:10:19,083 INFO  L185        PluginConnector]: Executing the observer RCFGBuilderObserver from plugin RCFGBuilder for "de.uni_freiburg.informatik.ultimate.plugins.generator.cacsl2boogietranslator AST 24.04 01:10:19" (1/1) ...
No working directory specified, using /home/singularity/UAutomizer-linux/z3
Starting monitored process 1 with z3 SMTLIB2_COMPLIANT=true -memory:1024 -smt2 -in -t:12000 (exit command is (exit), workingDir is null)
Waiting until toolchain timeout for monitored process 1 with z3 SMTLIB2_COMPLIANT=true -memory:1024 -smt2 -in -t:12000
[2021-04-24 13:10:19,164 INFO  L130     BoogieDeclarations]: Found specification of procedure ULTIMATE.start
[2021-04-24 13:10:19,164 INFO  L138     BoogieDeclarations]: Found implementation of procedure ULTIMATE.start
[2021-04-24 13:10:19,374 INFO  L294             CfgBuilder]: Using the 1 location(s) as analysis (start of procedure ULTIMATE.start)
[2021-04-24 13:10:19,374 INFO  L299             CfgBuilder]: Removed 5 assume(true) statements.
[2021-04-24 13:10:19,375 INFO  L202        PluginConnector]: Adding new model de.uni_freiburg.informatik.ultimate.plugins.generator.rcfgbuilder CFG 24.04 01:10:19 BoogieIcfgContainer
[2021-04-24 13:10:19,375 INFO  L132        PluginConnector]: ------------------------ END RCFGBuilder----------------------------
[2021-04-24 13:10:19,376 INFO  L113        PluginConnector]: ------------------------BuchiAutomizer----------------------------
[2021-04-24 13:10:19,376 INFO  L271        PluginConnector]: Initializing BuchiAutomizer...
[2021-04-24 13:10:19,378 INFO  L275        PluginConnector]: BuchiAutomizer initialized
[2021-04-24 13:10:19,379 INFO  L99          BuchiAutomizer]: Safety of program was proven or not checked, starting termination analysis
[2021-04-24 13:10:19,379 INFO  L185        PluginConnector]: Executing the observer BuchiAutomizerObserver from plugin BuchiAutomizer for "CDTParser AST 24.04 01:10:18" (1/3) ...
[2021-04-24 13:10:19,380 INFO  L205        PluginConnector]: Invalid model from BuchiAutomizer for observer de.uni_freiburg.informatik.ultimate.plugins.generator.buchiautomizer.BuchiAutomizerObserver@7c44420c and model type de.uni_freiburg.informatik.ultimate.plugins.generator.buchiautomizer AST 24.04 01:10:19, skipping insertion in model container
[2021-04-24 13:10:19,380 INFO  L99          BuchiAutomizer]: Safety of program was proven or not checked, starting termination analysis
[2021-04-24 13:10:19,380 INFO  L185        PluginConnector]: Executing the observer BuchiAutomizerObserver from plugin BuchiAutomizer for "de.uni_freiburg.informatik.ultimate.plugins.generator.cacsl2boogietranslator AST 24.04 01:10:19" (2/3) ...
[2021-04-24 13:10:19,380 INFO  L205        PluginConnector]: Invalid model from BuchiAutomizer for observer de.uni_freiburg.informatik.ultimate.plugins.generator.buchiautomizer.BuchiAutomizerObserver@7c44420c and model type de.uni_freiburg.informatik.ultimate.plugins.generator.buchiautomizer AST 24.04 01:10:19, skipping insertion in model container
[2021-04-24 13:10:19,380 INFO  L99          BuchiAutomizer]: Safety of program was proven or not checked, starting termination analysis
[2021-04-24 13:10:19,381 INFO  L185        PluginConnector]: Executing the observer BuchiAutomizerObserver from plugin BuchiAutomizer for "de.uni_freiburg.informatik.ultimate.plugins.generator.rcfgbuilder CFG 24.04 01:10:19" (3/3) ...
[2021-04-24 13:10:19,381 INFO  L389   chiAutomizerObserver]: Analyzing ICFG Singapore_v1_false-termination.c
[2021-04-24 13:10:19,421 INFO  L359         BuchiCegarLoop]: Interprodecural is true
[2021-04-24 13:10:19,421 INFO  L360         BuchiCegarLoop]: Hoare is false
[2021-04-24 13:10:19,421 INFO  L361         BuchiCegarLoop]: Compute interpolants for ForwardPredicates
[2021-04-24 13:10:19,422 INFO  L362         BuchiCegarLoop]: Backedges is STRAIGHT_LINE
[2021-04-24 13:10:19,422 INFO  L363         BuchiCegarLoop]: Determinization is PREDICATE_ABSTRACTION
[2021-04-24 13:10:19,422 INFO  L364         BuchiCegarLoop]: Difference is false
[2021-04-24 13:10:19,422 INFO  L365         BuchiCegarLoop]: Minimize is MINIMIZE_SEVPA
[2021-04-24 13:10:19,422 INFO  L368         BuchiCegarLoop]: ======== Iteration 0==of CEGAR loop == BuchiCegarLoop========
[2021-04-24 13:10:19,432 INFO  L72            BuchiIsEmpty]: Start buchiIsEmpty. Operand 7 states.
[2021-04-24 13:10:19,442 INFO  L131   ngComponentsAnalysis]: Automaton has 1 accepting balls. 1
[2021-04-24 13:10:19,442 INFO  L87            BuchiIsEmpty]: Finished buchiIsEmpty Result is false
[2021-04-24 13:10:19,442 INFO  L119           BuchiIsEmpty]: Starting construction of run
[2021-04-24 13:10:19,446 INFO  L853         BuchiCegarLoop]: Counterexample stem histogram [1, 1]
[2021-04-24 13:10:19,446 INFO  L854         BuchiCegarLoop]: Counterexample loop histogram [1]
[2021-04-24 13:10:19,446 INFO  L427         BuchiCegarLoop]: ======== Iteration 1============
[2021-04-24 13:10:19,446 INFO  L72            BuchiIsEmpty]: Start buchiIsEmpty. Operand 7 states.
[2021-04-24 13:10:19,446 INFO  L131   ngComponentsAnalysis]: Automaton has 1 accepting balls. 1
[2021-04-24 13:10:19,446 INFO  L87            BuchiIsEmpty]: Finished buchiIsEmpty Result is false
[2021-04-24 13:10:19,446 INFO  L119           BuchiIsEmpty]: Starting construction of run
[2021-04-24 13:10:19,447 INFO  L853         BuchiCegarLoop]: Counterexample stem histogram [1, 1]
[2021-04-24 13:10:19,447 INFO  L854         BuchiCegarLoop]: Counterexample loop histogram [1]
[2021-04-24 13:10:19,451 INFO  L794   eck$LassoCheckResult]: Stem: 5#ULTIMATE.startENTRYtrue havoc main_#res;havoc main_#t~nondet0, main_#t~nondet1, main_~x~0, main_~y~0;havoc main_~x~0;havoc main_~y~0;main_~x~0 := main_#t~nondet0;havoc main_#t~nondet0;main_~y~0 := main_#t~nondet1;havoc main_#t~nondet1; 6#L16true assume main_~x~0 + main_~y~0 > 0; 3#L17-2true 
[2021-04-24 13:10:19,451 INFO  L796   eck$LassoCheckResult]: Loop: 3#L17-2true assume !!(main_~x~0 > 0);main_~x~0 := main_~x~0 + main_~x~0 + main_~y~0;main_~y~0 := main_~y~0 - 1; 3#L17-2true 
[2021-04-24 13:10:19,455 INFO  L144       PredicateUnifier]: Initialized classic predicate unifier
[2021-04-24 13:10:19,455 INFO  L82        PathProgramCache]: Analyzing trace with hash 996, now seen corresponding path program 1 times
[2021-04-24 13:10:19,461 INFO  L162   FreeRefinementEngine]: Executing refinement strategy CAMEL
[2021-04-24 13:10:19,461 INFO  L353   FreeRefinementEngine]: Using trace check IpTcStrategyModuleSmtInterpolCraig [1798999332]
[2021-04-24 13:10:19,461 INFO  L95    rtionOrderModulation]: Keeping assertion order NOT_INCREMENTALLY
[2021-04-24 13:10:19,515 INFO  L136    AnnotateAndAsserter]: Conjunction of SSA is sat
[2021-04-24 13:10:19,516 INFO  L221             TraceCheck]: Trace is feasible, we will do another trace check, this time with branch encoders.
[2021-04-24 13:10:19,518 INFO  L136    AnnotateAndAsserter]: Conjunction of SSA is sat
[2021-04-24 13:10:19,519 INFO  L221             TraceCheck]: Trace is feasible, we will do another trace check, this time with branch encoders.
[2021-04-24 13:10:19,527 INFO  L173   FreeRefinementEngine]: Strategy CAMEL found a feasible trace
[2021-04-24 13:10:19,528 INFO  L144       PredicateUnifier]: Initialized classic predicate unifier
[2021-04-24 13:10:19,528 INFO  L82        PathProgramCache]: Analyzing trace with hash 44, now seen corresponding path program 1 times
[2021-04-24 13:10:19,529 INFO  L162   FreeRefinementEngine]: Executing refinement strategy CAMEL
[2021-04-24 13:10:19,529 INFO  L353   FreeRefinementEngine]: Using trace check IpTcStrategyModuleSmtInterpolCraig [1261144750]
[2021-04-24 13:10:19,529 INFO  L95    rtionOrderModulation]: Keeping assertion order NOT_INCREMENTALLY
[2021-04-24 13:10:19,532 INFO  L136    AnnotateAndAsserter]: Conjunction of SSA is sat
[2021-04-24 13:10:19,533 INFO  L221             TraceCheck]: Trace is feasible, we will do another trace check, this time with branch encoders.
[2021-04-24 13:10:19,535 INFO  L136    AnnotateAndAsserter]: Conjunction of SSA is sat
[2021-04-24 13:10:19,535 INFO  L221             TraceCheck]: Trace is feasible, we will do another trace check, this time with branch encoders.
[2021-04-24 13:10:19,536 INFO  L173   FreeRefinementEngine]: Strategy CAMEL found a feasible trace
[2021-04-24 13:10:19,537 INFO  L144       PredicateUnifier]: Initialized classic predicate unifier
[2021-04-24 13:10:19,537 INFO  L82        PathProgramCache]: Analyzing trace with hash 30889, now seen corresponding path program 1 times
[2021-04-24 13:10:19,537 INFO  L162   FreeRefinementEngine]: Executing refinement strategy CAMEL
[2021-04-24 13:10:19,537 INFO  L353   FreeRefinementEngine]: Using trace check IpTcStrategyModuleSmtInterpolCraig [1441111712]
[2021-04-24 13:10:19,537 INFO  L95    rtionOrderModulation]: Keeping assertion order NOT_INCREMENTALLY
[2021-04-24 13:10:19,541 INFO  L136    AnnotateAndAsserter]: Conjunction of SSA is sat
[2021-04-24 13:10:19,541 INFO  L221             TraceCheck]: Trace is feasible, we will do another trace check, this time with branch encoders.
[2021-04-24 13:10:19,544 INFO  L136    AnnotateAndAsserter]: Conjunction of SSA is sat
[2021-04-24 13:10:19,544 INFO  L221             TraceCheck]: Trace is feasible, we will do another trace check, this time with branch encoders.
[2021-04-24 13:10:19,545 INFO  L173   FreeRefinementEngine]: Strategy CAMEL found a feasible trace
[2021-04-24 13:10:19,587 INFO  L210          LassoAnalysis]: Preferences:
[2021-04-24 13:10:19,588 INFO  L126   ssoRankerPreferences]: Compute integeral hull: false
[2021-04-24 13:10:19,588 INFO  L127   ssoRankerPreferences]: Enable LassoPartitioneer: true
[2021-04-24 13:10:19,588 INFO  L128   ssoRankerPreferences]: Term annotations enabled: false
[2021-04-24 13:10:19,588 INFO  L129   ssoRankerPreferences]: Use exernal solver: true
[2021-04-24 13:10:19,588 INFO  L130   ssoRankerPreferences]: SMT solver command: z3 SMTLIB2_COMPLIANT=true -memory:1024 -smt2 -in -t:12000
[2021-04-24 13:10:19,588 INFO  L131   ssoRankerPreferences]: Dump SMT script to file: false
[2021-04-24 13:10:19,588 INFO  L132   ssoRankerPreferences]: Path of dumped script: 
[2021-04-24 13:10:19,588 INFO  L133   ssoRankerPreferences]: Filename of dumped script: Singapore_v1_false-termination.c_Iteration1_Loop
[2021-04-24 13:10:19,588 INFO  L134   ssoRankerPreferences]: MapElimAlgo: Frank
[2021-04-24 13:10:19,589 INFO  L274          LassoAnalysis]: Starting lasso preprocessing...
[2021-04-24 13:10:19,603 INFO  L141          MapEliminator]: Using MapEliminator with SimplificationTechnique=SIMPLIFY_DDA XnfConversionTechnique=BOTTOM_UP_WITH_LOCAL_SIMPLIFICATION AddInequalities=false OnlyTrivialImplicationsArrayWrite=true OnlyTrivialImplicationsForModifiedArguments=true OnlyArgumentsInFormula=true
[2021-04-24 13:10:19,608 INFO  L141          MapEliminator]: Using MapEliminator with SimplificationTechnique=SIMPLIFY_DDA XnfConversionTechnique=BOTTOM_UP_WITH_LOCAL_SIMPLIFICATION AddInequalities=false OnlyTrivialImplicationsArrayWrite=true OnlyTrivialImplicationsForModifiedArguments=true OnlyArgumentsInFormula=true
[2021-04-24 13:10:19,612 INFO  L141          MapEliminator]: Using MapEliminator with SimplificationTechnique=SIMPLIFY_DDA XnfConversionTechnique=BOTTOM_UP_WITH_LOCAL_SIMPLIFICATION AddInequalities=false OnlyTrivialImplicationsArrayWrite=true OnlyTrivialImplicationsForModifiedArguments=true OnlyArgumentsInFormula=true
[2021-04-24 13:10:19,677 INFO  L292          LassoAnalysis]: Preprocessing complete.
[2021-04-24 13:10:19,677 INFO  L404          LassoAnalysis]: Checking for nontermination...
No working directory specified, using /home/singularity/UAutomizer-linux/z3
Starting monitored process 2 with z3 SMTLIB2_COMPLIANT=true -memory:1024 -smt2 -in -t:12000 (exit command is (exit), workingDir is null)
Waiting until toolchain timeout for monitored process 2 with z3 SMTLIB2_COMPLIANT=true -memory:1024 -smt2 -in -t:12000
[2021-04-24 13:10:19,683 INFO  L148   nArgumentSynthesizer]: Nontermination analysis: NONLINEAR Allow bounded executions: true Number of generalized eigenvectors: 0 Nilpotent components: true
[2021-04-24 13:10:19,683 INFO  L160   nArgumentSynthesizer]: Using integer mode.
[2021-04-24 13:10:19,702 INFO  L437          LassoAnalysis]: Proved nontermination for one component.
[2021-04-24 13:10:19,702 INFO  L440          LassoAnalysis]: Non-Termination argument consisting of: Initial state: {v_rep~unnamed0~0~false_1=0} Honda state: {v_rep~unnamed0~0~false_1=0} Generalized eigenvectors: [] Lambdas: [] Nus: []
No working directory specified, using /home/singularity/UAutomizer-linux/z3
Starting monitored process 3 with z3 SMTLIB2_COMPLIANT=true -memory:1024 -smt2 -in -t:12000 (exit command is (exit), workingDir is null)
Waiting until toolchain timeout for monitored process 3 with z3 SMTLIB2_COMPLIANT=true -memory:1024 -smt2 -in -t:12000
[2021-04-24 13:10:19,723 INFO  L148   nArgumentSynthesizer]: Nontermination analysis: NONLINEAR Allow bounded executions: true Number of generalized eigenvectors: 0 Nilpotent components: true
[2021-04-24 13:10:19,723 INFO  L160   nArgumentSynthesizer]: Using integer mode.
[2021-04-24 13:10:19,728 INFO  L437          LassoAnalysis]: Proved nontermination for one component.
[2021-04-24 13:10:19,728 INFO  L440          LassoAnalysis]: Non-Termination argument consisting of: Initial state: {v_rep~unnamed0~0~true_1=1} Honda state: {v_rep~unnamed0~0~true_1=1} Generalized eigenvectors: [] Lambdas: [] Nus: []
No working directory specified, using /home/singularity/UAutomizer-linux/z3
Starting monitored process 4 with z3 SMTLIB2_COMPLIANT=true -memory:1024 -smt2 -in -t:12000 (exit command is (exit), workingDir is null)
Waiting until toolchain timeout for monitored process 4 with z3 SMTLIB2_COMPLIANT=true -memory:1024 -smt2 -in -t:12000
[2021-04-24 13:10:19,735 INFO  L148   nArgumentSynthesizer]: Nontermination analysis: NONLINEAR Allow bounded executions: true Number of generalized eigenvectors: 0 Nilpotent components: true
[2021-04-24 13:10:19,735 INFO  L160   nArgumentSynthesizer]: Using integer mode.
No working directory specified, using /home/singularity/UAutomizer-linux/z3
Starting monitored process 5 with z3 SMTLIB2_COMPLIANT=true -memory:1024 -smt2 -in -t:12000 (exit command is (exit), workingDir is null)
Waiting until toolchain timeout for monitored process 5 with z3 SMTLIB2_COMPLIANT=true -memory:1024 -smt2 -in -t:12000
[2021-04-24 13:10:19,745 INFO  L148   nArgumentSynthesizer]: Nontermination analysis: NONLINEAR Allow bounded executions: true Number of generalized eigenvectors: 3 Nilpotent components: true
[2021-04-24 13:10:19,745 INFO  L160   nArgumentSynthesizer]: Using integer mode.
[2021-04-24 13:10:19,768 INFO  L437          LassoAnalysis]: Proved nontermination for one component.
[2021-04-24 13:10:19,768 INFO  L440          LassoAnalysis]: Non-Termination argument consisting of: Initial state: {ULTIMATE.start_main_~y~0=2, ULTIMATE.start_main_~x~0=8} Honda state: {ULTIMATE.start_main_~y~0=2, ULTIMATE.start_main_~x~0=8} Generalized eigenvectors: [{ULTIMATE.start_main_~y~0=-1, ULTIMATE.start_main_~x~0=1}, {ULTIMATE.start_main_~y~0=1, ULTIMATE.start_main_~x~0=8}, {ULTIMATE.start_main_~y~0=-1, ULTIMATE.start_main_~x~0=1}] Lambdas: [1, 2, 1] Nus: [0, 1]
[2021-04-24 13:10:19,789 INFO  L210          LassoAnalysis]: Preferences:
[2021-04-24 13:10:19,789 INFO  L126   ssoRankerPreferences]: Compute integeral hull: false
[2021-04-24 13:10:19,789 INFO  L127   ssoRankerPreferences]: Enable LassoPartitioneer: true
[2021-04-24 13:10:19,789 INFO  L128   ssoRankerPreferences]: Term annotations enabled: false
[2021-04-24 13:10:19,789 INFO  L129   ssoRankerPreferences]: Use exernal solver: true
[2021-04-24 13:10:19,789 INFO  L130   ssoRankerPreferences]: SMT solver command: z3 SMTLIB2_COMPLIANT=true -memory:1024 -smt2 -in -t:12000
[2021-04-24 13:10:19,790 INFO  L131   ssoRankerPreferences]: Dump SMT script to file: false
[2021-04-24 13:10:19,790 INFO  L132   ssoRankerPreferences]: Path of dumped script: 
[2021-04-24 13:10:19,790 INFO  L133   ssoRankerPreferences]: Filename of dumped script: Singapore_v1_false-termination.c_Iteration1_Lasso
[2021-04-24 13:10:19,790 INFO  L134   ssoRankerPreferences]: MapElimAlgo: Frank
[2021-04-24 13:10:19,790 INFO  L274          LassoAnalysis]: Starting lasso preprocessing...
[2021-04-24 13:10:19,793 INFO  L141          MapEliminator]: Using MapEliminator with SimplificationTechnique=SIMPLIFY_DDA XnfConversionTechnique=BOTTOM_UP_WITH_LOCAL_SIMPLIFICATION AddInequalities=false OnlyTrivialImplicationsArrayWrite=true OnlyTrivialImplicationsForModifiedArguments=true OnlyArgumentsInFormula=true
[2021-04-24 13:10:19,796 INFO  L141          MapEliminator]: Using MapEliminator with SimplificationTechnique=SIMPLIFY_DDA XnfConversionTechnique=BOTTOM_UP_WITH_LOCAL_SIMPLIFICATION AddInequalities=false OnlyTrivialImplicationsArrayWrite=true OnlyTrivialImplicationsForModifiedArguments=true OnlyArgumentsInFormula=true
[2021-04-24 13:10:19,799 INFO  L141          MapEliminator]: Using MapEliminator with SimplificationTechnique=SIMPLIFY_DDA XnfConversionTechnique=BOTTOM_UP_WITH_LOCAL_SIMPLIFICATION AddInequalities=false OnlyTrivialImplicationsArrayWrite=true OnlyTrivialImplicationsForModifiedArguments=true OnlyArgumentsInFormula=true
[2021-04-24 13:10:19,806 INFO  L141          MapEliminator]: Using MapEliminator with SimplificationTechnique=SIMPLIFY_DDA XnfConversionTechnique=BOTTOM_UP_WITH_LOCAL_SIMPLIFICATION AddInequalities=false OnlyTrivialImplicationsArrayWrite=true OnlyTrivialImplicationsForModifiedArguments=true OnlyArgumentsInFormula=true
[2021-04-24 13:10:19,808 INFO  L141          MapEliminator]: Using MapEliminator with SimplificationTechnique=SIMPLIFY_DDA XnfConversionTechnique=BOTTOM_UP_WITH_LOCAL_SIMPLIFICATION AddInequalities=false OnlyTrivialImplicationsArrayWrite=true OnlyTrivialImplicationsForModifiedArguments=true OnlyArgumentsInFormula=true
[2021-04-24 13:10:19,809 INFO  L141          MapEliminator]: Using MapEliminator with SimplificationTechnique=SIMPLIFY_DDA XnfConversionTechnique=BOTTOM_UP_WITH_LOCAL_SIMPLIFICATION AddInequalities=false OnlyTrivialImplicationsArrayWrite=true OnlyTrivialImplicationsForModifiedArguments=true OnlyArgumentsInFormula=true
[2021-04-24 13:10:19,852 INFO  L292          LassoAnalysis]: Preprocessing complete.
[2021-04-24 13:10:19,852 INFO  L404          LassoAnalysis]: Checking for nontermination...
No working directory specified, using /home/singularity/UAutomizer-linux/z3
Starting monitored process 6 with z3 SMTLIB2_COMPLIANT=true -memory:1024 -smt2 -in -t:12000 (exit command is (exit), workingDir is null)
Waiting until toolchain timeout for monitored process 6 with z3 SMTLIB2_COMPLIANT=true -memory:1024 -smt2 -in -t:12000
[2021-04-24 13:10:19,857 INFO  L148   nArgumentSynthesizer]: Nontermination analysis: NONLINEAR Allow bounded executions: true Number of generalized eigenvectors: 0 Nilpotent components: true
[2021-04-24 13:10:19,858 INFO  L160   nArgumentSynthesizer]: Using integer mode.
[2021-04-24 13:10:19,862 INFO  L437          LassoAnalysis]: Proved nontermination for one component.
[2021-04-24 13:10:19,862 INFO  L440          LassoAnalysis]: Non-Termination argument consisting of: Initial state: {ULTIMATE.start_main_#t~nondet0=0} Honda state: {ULTIMATE.start_main_#t~nondet0=0} Generalized eigenvectors: [] Lambdas: [] Nus: []
No working directory specified, using /home/singularity/UAutomizer-linux/z3
Starting monitored process 7 with z3 SMTLIB2_COMPLIANT=true -memory:1024 -smt2 -in -t:12000 (exit command is (exit), workingDir is null)
Waiting until toolchain timeout for monitored process 7 with z3 SMTLIB2_COMPLIANT=true -memory:1024 -smt2 -in -t:12000
[2021-04-24 13:10:19,868 INFO  L148   nArgumentSynthesizer]: Nontermination analysis: NONLINEAR Allow bounded executions: true Number of generalized eigenvectors: 0 Nilpotent components: true
[2021-04-24 13:10:19,868 INFO  L160   nArgumentSynthesizer]: Using integer mode.
[2021-04-24 13:10:19,871 INFO  L437          LassoAnalysis]: Proved nontermination for one component.
[2021-04-24 13:10:19,872 INFO  L440          LassoAnalysis]: Non-Termination argument consisting of: Initial state: {v_rep~unnamed0~0~false_2=0} Honda state: {v_rep~unnamed0~0~false_2=0} Generalized eigenvectors: [] Lambdas: [] Nus: []
No working directory specified, using /home/singularity/UAutomizer-linux/z3
Starting monitored process 8 with z3 SMTLIB2_COMPLIANT=true -memory:1024 -smt2 -in -t:12000 (exit command is (exit), workingDir is null)
Waiting until toolchain timeout for monitored process 8 with z3 SMTLIB2_COMPLIANT=true -memory:1024 -smt2 -in -t:12000
[2021-04-24 13:10:19,877 INFO  L148   nArgumentSynthesizer]: Nontermination analysis: NONLINEAR Allow bounded executions: true Number of generalized eigenvectors: 0 Nilpotent components: true
[2021-04-24 13:10:19,877 INFO  L160   nArgumentSynthesizer]: Using integer mode.
No working directory specified, using /home/singularity/UAutomizer-linux/z3
Starting monitored process 9 with z3 SMTLIB2_COMPLIANT=true -memory:1024 -smt2 -in -t:12000 (exit command is (exit), workingDir is null)
Waiting until toolchain timeout for monitored process 9 with z3 SMTLIB2_COMPLIANT=true -memory:1024 -smt2 -in -t:12000
[2021-04-24 13:10:19,885 INFO  L148   nArgumentSynthesizer]: Nontermination analysis: NONLINEAR Allow bounded executions: true Number of generalized eigenvectors: 3 Nilpotent components: true
[2021-04-24 13:10:19,885 INFO  L160   nArgumentSynthesizer]: Using integer mode.
[2021-04-24 13:10:19,927 INFO  L437          LassoAnalysis]: Proved nontermination for one component.
[2021-04-24 13:10:19,927 INFO  L440          LassoAnalysis]: Non-Termination argument consisting of: Initial state: {ULTIMATE.start_main_~y~0=0, ULTIMATE.start_main_~x~0=0} Honda state: {ULTIMATE.start_main_~y~0=-1, ULTIMATE.start_main_~x~0=6} Generalized eigenvectors: [{ULTIMATE.start_main_~y~0=-1, ULTIMATE.start_main_~x~0=3}, {ULTIMATE.start_main_~y~0=0, ULTIMATE.start_main_~x~0=2}, {ULTIMATE.start_main_~y~0=0, ULTIMATE.start_main_~x~0=0}] Lambdas: [1, 2, 7] Nus: [1, 0]
No working directory specified, using /home/singularity/UAutomizer-linux/z3
Starting monitored process 10 with z3 SMTLIB2_COMPLIANT=true -memory:1024 -smt2 -in -t:12000 (exit command is (exit), workingDir is null)
Waiting until toolchain timeout for monitored process 10 with z3 SMTLIB2_COMPLIANT=true -memory:1024 -smt2 -in -t:12000
[2021-04-24 13:10:19,931 INFO  L148   nArgumentSynthesizer]: Nontermination analysis: NONLINEAR Allow bounded executions: true Number of generalized eigenvectors: 0 Nilpotent components: true
[2021-04-24 13:10:19,931 INFO  L160   nArgumentSynthesizer]: Using integer mode.
[2021-04-24 13:10:19,934 INFO  L437          LassoAnalysis]: Proved nontermination for one component.
[2021-04-24 13:10:19,934 INFO  L440          LassoAnalysis]: Non-Termination argument consisting of: Initial state: {ULTIMATE.start_main_#t~nondet1=0} Honda state: {ULTIMATE.start_main_#t~nondet1=0} Generalized eigenvectors: [] Lambdas: [] Nus: []
No working directory specified, using /home/singularity/UAutomizer-linux/z3
Starting monitored process 11 with z3 SMTLIB2_COMPLIANT=true -memory:1024 -smt2 -in -t:12000 (exit command is (exit), workingDir is null)
Waiting until toolchain timeout for monitored process 11 with z3 SMTLIB2_COMPLIANT=true -memory:1024 -smt2 -in -t:12000
[2021-04-24 13:10:19,938 INFO  L148   nArgumentSynthesizer]: Nontermination analysis: NONLINEAR Allow bounded executions: true Number of generalized eigenvectors: 0 Nilpotent components: true
[2021-04-24 13:10:19,938 INFO  L160   nArgumentSynthesizer]: Using integer mode.
[2021-04-24 13:10:19,940 INFO  L437          LassoAnalysis]: Proved nontermination for one component.
[2021-04-24 13:10:19,940 INFO  L440          LassoAnalysis]: Non-Termination argument consisting of: Initial state: {ULTIMATE.start_main_#res=0} Honda state: {ULTIMATE.start_main_#res=0} Generalized eigenvectors: [] Lambdas: [] Nus: []
No working directory specified, using /home/singularity/UAutomizer-linux/z3
Starting monitored process 12 with z3 SMTLIB2_COMPLIANT=true -memory:1024 -smt2 -in -t:12000 (exit command is (exit), workingDir is null)
Waiting until toolchain timeout for monitored process 12 with z3 SMTLIB2_COMPLIANT=true -memory:1024 -smt2 -in -t:12000
[2021-04-24 13:10:19,945 INFO  L148   nArgumentSynthesizer]: Nontermination analysis: NONLINEAR Allow bounded executions: true Number of generalized eigenvectors: 0 Nilpotent components: true
[2021-04-24 13:10:19,945 INFO  L160   nArgumentSynthesizer]: Using integer mode.
[2021-04-24 13:10:19,948 INFO  L437          LassoAnalysis]: Proved nontermination for one component.
[2021-04-24 13:10:19,948 INFO  L440          LassoAnalysis]: Non-Termination argument consisting of: Initial state: {v_rep~unnamed0~0~true_2=1} Honda state: {v_rep~unnamed0~0~true_2=1} Generalized eigenvectors: [] Lambdas: [] Nus: []
[2021-04-24 13:10:19,959 WARN  L417   cessorBacktranslator]: Unfinished backtranslation: Declaration ConstDeclaration not handled for expression ~unnamed0~0~true
[2021-04-24 13:10:19,960 WARN  L417   cessorBacktranslator]: Unfinished backtranslation: Declaration ConstDeclaration not handled for expression ~unnamed0~0~false
[2021-04-24 13:10:19,961 WARN  L417   cessorBacktranslator]: Unfinished backtranslation: Declaration ConstDeclaration not handled for expression ~unnamed0~0~true
[2021-04-24 13:10:19,961 WARN  L417   cessorBacktranslator]: Unfinished backtranslation: Declaration ConstDeclaration not handled for expression ~unnamed0~0~false
[2021-04-24 13:10:19,965 WARN  L417   cessorBacktranslator]: Unfinished backtranslation: Declaration ConstDeclaration not handled for expression ~unnamed0~0~true
[2021-04-24 13:10:19,965 WARN  L417   cessorBacktranslator]: Unfinished backtranslation: Declaration ConstDeclaration not handled for expression ~unnamed0~0~false
[2021-04-24 13:10:19,972 INFO  L202        PluginConnector]: Adding new model de.uni_freiburg.informatik.ultimate.plugins.generator.buchiautomizer CFG 24.04 01:10:19 BoogieIcfgContainer
[2021-04-24 13:10:19,972 INFO  L132        PluginConnector]: ------------------------ END BuchiAutomizer----------------------------
[2021-04-24 13:10:19,972 INFO  L113        PluginConnector]: ------------------------Witness Printer----------------------------
[2021-04-24 13:10:19,972 INFO  L271        PluginConnector]: Initializing Witness Printer...
[2021-04-24 13:10:19,973 INFO  L275        PluginConnector]: Witness Printer initialized
[2021-04-24 13:10:19,973 INFO  L185        PluginConnector]: Executing the observer RCFGCatcher from plugin Witness Printer for "de.uni_freiburg.informatik.ultimate.plugins.generator.rcfgbuilder CFG 24.04 01:10:19" (3/4) ...
[2021-04-24 13:10:19,975 INFO  L134         WitnessPrinter]: Generating witness for non-termination counterexample
[2021-04-24 13:10:20,005 INFO  L141         WitnessManager]: Wrote witness to /home/magnago/benchmarks/software_nontermination/C/C_Integer/Ton_Chanh_15/Singapore_v1_false-termination.c-witness.graphml
[2021-04-24 13:10:20,005 INFO  L132        PluginConnector]: ------------------------ END Witness Printer----------------------------
[2021-04-24 13:10:20,006 INFO  L168              Benchmark]: Toolchain (without parser) took 1135.41 ms. Allocated memory is still 545.3 MB. Free memory was 492.6 MB in the beginning and 448.2 MB in the end (delta: 44.4 MB). Peak memory consumption was 46.1 MB. Max. memory is 21.5 GB.
[2021-04-24 13:10:20,006 INFO  L168              Benchmark]: CDTParser took 0.12 ms. Allocated memory is still 545.3 MB. Free memory is still 510.0 MB. There was no memory consumed. Max. memory is 21.5 GB.
[2021-04-24 13:10:20,007 INFO  L168              Benchmark]: CACSL2BoogieTranslator took 180.50 ms. Allocated memory is still 545.3 MB. Free memory was 492.3 MB in the beginning and 521.9 MB in the end (delta: -29.6 MB). Peak memory consumption was 16.8 MB. Max. memory is 21.5 GB.
[2021-04-24 13:10:20,007 INFO  L168              Benchmark]: Boogie Procedure Inliner took 18.08 ms. Allocated memory is still 545.3 MB. Free memory was 521.9 MB in the beginning and 520.7 MB in the end (delta: 1.2 MB). There was no memory consumed. Max. memory is 21.5 GB.
[2021-04-24 13:10:20,007 INFO  L168              Benchmark]: Boogie Preprocessor took 9.11 ms. Allocated memory is still 545.3 MB. Free memory was 520.7 MB in the beginning and 519.8 MB in the end (delta: 877.5 kB). There was no memory consumed. Max. memory is 21.5 GB.
[2021-04-24 13:10:20,008 INFO  L168              Benchmark]: RCFGBuilder took 293.04 ms. Allocated memory is still 545.3 MB. Free memory was 519.5 MB in the beginning and 510.1 MB in the end (delta: 9.4 MB). Peak memory consumption was 8.4 MB. Max. memory is 21.5 GB.
[2021-04-24 13:10:20,008 INFO  L168              Benchmark]: BuchiAutomizer took 595.96 ms. Allocated memory is still 545.3 MB. Free memory was 509.8 MB in the beginning and 449.9 MB in the end (delta: 60.0 MB). Peak memory consumption was 58.7 MB. Max. memory is 21.5 GB.
[2021-04-24 13:10:20,009 INFO  L168              Benchmark]: Witness Printer took 32.45 ms. Allocated memory is still 545.3 MB. Free memory was 449.9 MB in the beginning and 448.2 MB in the end (delta: 1.6 MB). Peak memory consumption was 4.2 MB. Max. memory is 21.5 GB.
[2021-04-24 13:10:20,011 INFO  L339   ainManager$Toolchain]: #######################  End [Toolchain 1] #######################
 --- Results ---
 * Results from de.uni_freiburg.informatik.ultimate.core:
  - StatisticsResult: Toolchain Benchmarks
    Benchmark results are:
 * CDTParser took 0.12 ms. Allocated memory is still 545.3 MB. Free memory is still 510.0 MB. There was no memory consumed. Max. memory is 21.5 GB.
 * CACSL2BoogieTranslator took 180.50 ms. Allocated memory is still 545.3 MB. Free memory was 492.3 MB in the beginning and 521.9 MB in the end (delta: -29.6 MB). Peak memory consumption was 16.8 MB. Max. memory is 21.5 GB.
 * Boogie Procedure Inliner took 18.08 ms. Allocated memory is still 545.3 MB. Free memory was 521.9 MB in the beginning and 520.7 MB in the end (delta: 1.2 MB). There was no memory consumed. Max. memory is 21.5 GB.
 * Boogie Preprocessor took 9.11 ms. Allocated memory is still 545.3 MB. Free memory was 520.7 MB in the beginning and 519.8 MB in the end (delta: 877.5 kB). There was no memory consumed. Max. memory is 21.5 GB.
 * RCFGBuilder took 293.04 ms. Allocated memory is still 545.3 MB. Free memory was 519.5 MB in the beginning and 510.1 MB in the end (delta: 9.4 MB). Peak memory consumption was 8.4 MB. Max. memory is 21.5 GB.
 * BuchiAutomizer took 595.96 ms. Allocated memory is still 545.3 MB. Free memory was 509.8 MB in the beginning and 449.9 MB in the end (delta: 60.0 MB). Peak memory consumption was 58.7 MB. Max. memory is 21.5 GB.
 * Witness Printer took 32.45 ms. Allocated memory is still 545.3 MB. Free memory was 449.9 MB in the beginning and 448.2 MB in the end (delta: 1.6 MB). Peak memory consumption was 4.2 MB. Max. memory is 21.5 GB.
 * Results from de.uni_freiburg.informatik.ultimate.boogie.preprocessor:
  - GenericResult: Unfinished Backtranslation
    Unfinished backtranslation: Declaration ConstDeclaration not handled for expression ~unnamed0~0~true
  - GenericResult: Unfinished Backtranslation
    Unfinished backtranslation: Declaration ConstDeclaration not handled for expression ~unnamed0~0~false
  - GenericResult: Unfinished Backtranslation
    Unfinished backtranslation: Declaration ConstDeclaration not handled for expression ~unnamed0~0~true
  - GenericResult: Unfinished Backtranslation
    Unfinished backtranslation: Declaration ConstDeclaration not handled for expression ~unnamed0~0~false
  - GenericResult: Unfinished Backtranslation
    Unfinished backtranslation: Declaration ConstDeclaration not handled for expression ~unnamed0~0~true
  - GenericResult: Unfinished Backtranslation
    Unfinished backtranslation: Declaration ConstDeclaration not handled for expression ~unnamed0~0~false
 * Results from de.uni_freiburg.informatik.ultimate.plugins.generator.traceabstraction:
  - StatisticsResult: Constructed decomposition of program
    Trivial decomposition into one nonterminating module.
  - StatisticsResult: Timing statistics
    B?chiAutomizer plugin needed 0.5s and 1 iterations.  TraceHistogramMax:1. Analysis of lassos took 0.5s. Construction of modules took 0.0s. B?chi inclusion checks took 0.0s. Highest rank in rank-based complementation 0. Minimization of det autom 0. Minimization of nondet autom 0. Automata minimization No data available. Non-live state removal took 0.0s Buchi closure took 0.0s. Biggest automaton had -1 states and ocurred in iteration -1.	Nontrivial modules had stage [0, 0, 0, 0, 0].	InterpolantCoveringCapabilityFinite: 0/0	InterpolantCoveringCapabilityBuchi: 0/0	HoareTripleCheckerStatistics: No data available	LassoAnalysisResults: nont1 unkn0 SFLI0 SFLT0 conc0 concLT0 SILN0 SILU0 SILI0 SILT0 lasso0 LassoPreprocessingBenchmarks:   Lassos: inital19 mio100 ax166 hnf100 lsp60 ukn100 mio100 lsp100 div100 bol100 ite100 ukn100 eq174 hnf93 smp100 dnf100 smp100 tf103 neg100 sie109 LassoTerminationAnalysisBenchmarks: not availableLassoTerminationAnalysisBenchmarks: LassoNonterminationAnalysisSatFixpoint: 7	LassoNonterminationAnalysisSatUnbounded: 2	LassoNonterminationAnalysisUnsat: 0	LassoNonterminationAnalysisUnknown: 0	LassoNonterminationAnalysisTime: 0.1s	
  - TerminationAnalysisResult: Nontermination possible
    Buchi Automizer proved that your program is nonterminating for some inputs
  - GeometricNonTerminationArgumentResult [Line: 17]: Nontermination argument in form of an infinite program execution.
[2021-04-24 13:10:20,016 WARN  L417   cessorBacktranslator]: Unfinished backtranslation: Declaration ConstDeclaration not handled for expression ~unnamed0~0~true
[2021-04-24 13:10:20,016 WARN  L417   cessorBacktranslator]: Unfinished backtranslation: Declaration ConstDeclaration not handled for expression ~unnamed0~0~false
[2021-04-24 13:10:20,016 WARN  L417   cessorBacktranslator]: Unfinished backtranslation: Declaration ConstDeclaration not handled for expression ~unnamed0~0~true
[2021-04-24 13:10:20,017 WARN  L417   cessorBacktranslator]: Unfinished backtranslation: Declaration ConstDeclaration not handled for expression ~unnamed0~0~false
[2021-04-24 13:10:20,017 WARN  L417   cessorBacktranslator]: Unfinished backtranslation: Declaration ConstDeclaration not handled for expression ~unnamed0~0~true
[2021-04-24 13:10:20,017 WARN  L417   cessorBacktranslator]: Unfinished backtranslation: Declaration ConstDeclaration not handled for expression ~unnamed0~0~false
[2021-04-24 13:10:20,017 WARN  L417   cessorBacktranslator]: Unfinished backtranslation: Declaration ConstDeclaration not handled for expression ~unnamed0~0~true
[2021-04-24 13:10:20,017 WARN  L417   cessorBacktranslator]: Unfinished backtranslation: Declaration ConstDeclaration not handled for expression ~unnamed0~0~false
[2021-04-24 13:10:20,018 WARN  L417   cessorBacktranslator]: Unfinished backtranslation: Declaration ConstDeclaration not handled for expression ~unnamed0~0~true
[2021-04-24 13:10:20,018 WARN  L417   cessorBacktranslator]: Unfinished backtranslation: Declaration ConstDeclaration not handled for expression ~unnamed0~0~false
[2021-04-24 13:10:20,018 WARN  L417   cessorBacktranslator]: Unfinished backtranslation: Declaration ConstDeclaration not handled for expression ~unnamed0~0~true
[2021-04-24 13:10:20,018 WARN  L417   cessorBacktranslator]: Unfinished backtranslation: Declaration ConstDeclaration not handled for expression ~unnamed0~0~false
    Nontermination argument in form of an infinite execution
State at position 0 is
{org.eclipse.cdt.internal.core.dom.parser.c.CASTFunctionCallExpression@6f6afcd8=0, \result=0, ~unnamed0~0~true=1, org.eclipse.cdt.internal.core.dom.parser.c.CASTFunctionCallExpression@2c2cf907=0, ~unnamed0~0~false=0, x=0, y=0}
State at position 1 is
{org.eclipse.cdt.internal.core.dom.parser.c.CASTFunctionCallExpression@6f6afcd8=0, \result=0, ~unnamed0~0~true=1, org.eclipse.cdt.internal.core.dom.parser.c.CASTFunctionCallExpression@2c2cf907=0, ~unnamed0~0~false=0, x=6, y=-1}
For i>1, the state at position i is
{org.eclipse.cdt.internal.core.dom.parser.c.CASTFunctionCallExpression@6f6afcd8=0 + sum_{k=0}^i 0, \result=0 + sum_{k=0}^i 0, ~unnamed0~0~true=1 + sum_{k=0}^i 0, org.eclipse.cdt.internal.core.dom.parser.c.CASTFunctionCallExpression@2c2cf907=0 + sum_{k=0}^i 0, ~unnamed0~0~false=0 + sum_{k=0}^i 0, x=6 + sum_{k=0}^i 3 + 2*2^k + 2*k, y=-1 + sum_{k=0}^i -1}
  - StatisticsResult: NonterminationArgumentStatistics
    Unbounded Execution 2GEVs Lambdas: [1, 2, 7] Mus: [1, 0]
  - NonterminatingLassoResult [Line: 17]: Nonterminating execution
    Found a nonterminating execution for the following lasso shaped sequence of statements.
Stem:
[L12]             int x;
[L13]             int y;
[L14]             x = __VERIFIER_nondet_int()
[L15]             y = __VERIFIER_nondet_int()
[L16]  COND TRUE  x + y > 0
Loop:
[L17]  COND TRUE  x > 0
[L18]             x = x + x + y
[L19]             y = y - 1
End of lasso representation.
RESULT: Ultimate proved your program to be incorrect!
Received shutdown request...
