Creating empty 100MiB image file: /home/magnago/overlay/Singapore_plus_false-termination.c.ext3
Formatting image with ext3 file system
Image is done: /home/magnago/overlay/Singapore_plus_false-termination.c.ext3
This is Ultimate 0.2.1-54a68f4
[2021-04-24 13:10:18,093 INFO  L177        SettingsManager]: Resetting all preferences to default values...
[2021-04-24 13:10:18,096 INFO  L181        SettingsManager]: Resetting UltimateCore preferences to default values
[2021-04-24 13:10:18,145 INFO  L184        SettingsManager]: Ultimate Commandline Interface provides no preferences, ignoring...
[2021-04-24 13:10:18,145 INFO  L181        SettingsManager]: Resetting Boogie Preprocessor preferences to default values
[2021-04-24 13:10:18,146 INFO  L181        SettingsManager]: Resetting Boogie Procedure Inliner preferences to default values
[2021-04-24 13:10:18,148 INFO  L181        SettingsManager]: Resetting Abstract Interpretation preferences to default values
[2021-04-24 13:10:18,150 INFO  L181        SettingsManager]: Resetting LassoRanker preferences to default values
[2021-04-24 13:10:18,151 INFO  L181        SettingsManager]: Resetting Reaching Definitions preferences to default values
[2021-04-24 13:10:18,152 INFO  L181        SettingsManager]: Resetting SyntaxChecker preferences to default values
[2021-04-24 13:10:18,153 INFO  L181        SettingsManager]: Resetting Sifa preferences to default values
[2021-04-24 13:10:18,154 INFO  L184        SettingsManager]: B?chi Program Product provides no preferences, ignoring...
[2021-04-24 13:10:18,155 INFO  L181        SettingsManager]: Resetting LTL2Aut preferences to default values
[2021-04-24 13:10:18,156 INFO  L181        SettingsManager]: Resetting PEA to Boogie preferences to default values
[2021-04-24 13:10:18,157 INFO  L181        SettingsManager]: Resetting BlockEncodingV2 preferences to default values
[2021-04-24 13:10:18,158 INFO  L181        SettingsManager]: Resetting ChcToBoogie preferences to default values
[2021-04-24 13:10:18,159 INFO  L181        SettingsManager]: Resetting AutomataScriptInterpreter preferences to default values
[2021-04-24 13:10:18,160 INFO  L181        SettingsManager]: Resetting BuchiAutomizer preferences to default values
[2021-04-24 13:10:18,162 INFO  L181        SettingsManager]: Resetting CACSL2BoogieTranslator preferences to default values
[2021-04-24 13:10:18,164 INFO  L181        SettingsManager]: Resetting CodeCheck preferences to default values
[2021-04-24 13:10:18,165 INFO  L181        SettingsManager]: Resetting InvariantSynthesis preferences to default values
[2021-04-24 13:10:18,167 INFO  L181        SettingsManager]: Resetting RCFGBuilder preferences to default values
[2021-04-24 13:10:18,168 INFO  L181        SettingsManager]: Resetting Referee preferences to default values
[2021-04-24 13:10:18,169 INFO  L181        SettingsManager]: Resetting TraceAbstraction preferences to default values
[2021-04-24 13:10:18,171 INFO  L184        SettingsManager]: TraceAbstractionConcurrent provides no preferences, ignoring...
[2021-04-24 13:10:18,171 INFO  L184        SettingsManager]: TraceAbstractionWithAFAs provides no preferences, ignoring...
[2021-04-24 13:10:18,172 INFO  L181        SettingsManager]: Resetting TreeAutomizer preferences to default values
[2021-04-24 13:10:18,172 INFO  L181        SettingsManager]: Resetting IcfgToChc preferences to default values
[2021-04-24 13:10:18,173 INFO  L181        SettingsManager]: Resetting IcfgTransformer preferences to default values
[2021-04-24 13:10:18,174 INFO  L184        SettingsManager]: ReqToTest provides no preferences, ignoring...
[2021-04-24 13:10:18,174 INFO  L181        SettingsManager]: Resetting Boogie Printer preferences to default values
[2021-04-24 13:10:18,175 INFO  L181        SettingsManager]: Resetting ChcSmtPrinter preferences to default values
[2021-04-24 13:10:18,175 INFO  L181        SettingsManager]: Resetting ReqPrinter preferences to default values
[2021-04-24 13:10:18,176 INFO  L181        SettingsManager]: Resetting Witness Printer preferences to default values
[2021-04-24 13:10:18,177 INFO  L184        SettingsManager]: Boogie PL CUP Parser provides no preferences, ignoring...
[2021-04-24 13:10:18,177 INFO  L181        SettingsManager]: Resetting CDTParser preferences to default values
[2021-04-24 13:10:18,177 INFO  L184        SettingsManager]: AutomataScriptParser provides no preferences, ignoring...
[2021-04-24 13:10:18,177 INFO  L184        SettingsManager]: ReqParser provides no preferences, ignoring...
[2021-04-24 13:10:18,178 INFO  L181        SettingsManager]: Resetting SmtParser preferences to default values
[2021-04-24 13:10:18,178 INFO  L181        SettingsManager]: Resetting Witness Parser preferences to default values
[2021-04-24 13:10:18,179 INFO  L188        SettingsManager]: Finished resetting all preferences to default values...
[2021-04-24 13:10:18,180 INFO  L101        SettingsManager]: Beginning loading settings from /home/singularity/UAutomizer-linux/config/svcomp-Termination-64bit-Automizer_Default.epf
[2021-04-24 13:10:18,195 INFO  L113        SettingsManager]: Loading preferences was successful
[2021-04-24 13:10:18,196 INFO  L115        SettingsManager]: Preferences different from defaults after loading the file:
[2021-04-24 13:10:18,197 INFO  L136        SettingsManager]: Preferences of BlockEncodingV2 differ from their defaults:
[2021-04-24 13:10:18,197 INFO  L138        SettingsManager]:  * Create parallel compositions if possible=false
[2021-04-24 13:10:18,197 INFO  L138        SettingsManager]:  * Use SBE=true
[2021-04-24 13:10:18,197 INFO  L136        SettingsManager]: Preferences of BuchiAutomizer differ from their defaults:
[2021-04-24 13:10:18,197 INFO  L138        SettingsManager]:  * NCSB implementation=INTSET_LAZY3
[2021-04-24 13:10:18,197 INFO  L138        SettingsManager]:  * Use old map elimination=false
[2021-04-24 13:10:18,197 INFO  L138        SettingsManager]:  * Use external solver (rank synthesis)=false
[2021-04-24 13:10:18,197 INFO  L138        SettingsManager]:  * Use only trivial implications for array writes=true
[2021-04-24 13:10:18,198 INFO  L138        SettingsManager]:  * Rank analysis=LINEAR_WITH_GUESSES
[2021-04-24 13:10:18,198 INFO  L136        SettingsManager]: Preferences of CACSL2BoogieTranslator differ from their defaults:
[2021-04-24 13:10:18,198 INFO  L138        SettingsManager]:  * Check unreachability of error function in SV-COMP mode=false
[2021-04-24 13:10:18,198 INFO  L138        SettingsManager]:  * Overapproximate operations on floating types=true
[2021-04-24 13:10:18,198 INFO  L138        SettingsManager]:  * Check division by zero=IGNORE
[2021-04-24 13:10:18,198 INFO  L138        SettingsManager]:  * Pointer to allocated memory at dereference=ASSUME
[2021-04-24 13:10:18,198 INFO  L138        SettingsManager]:  * If two pointers are subtracted or compared they have the same base address=ASSUME
[2021-04-24 13:10:18,198 INFO  L138        SettingsManager]:  * Check array bounds for arrays that are off heap=ASSUME
[2021-04-24 13:10:18,199 INFO  L138        SettingsManager]:  * Check if freed pointer was valid=false
[2021-04-24 13:10:18,199 INFO  L138        SettingsManager]:  * Assume nondeterminstic values are in range=false
[2021-04-24 13:10:18,199 INFO  L138        SettingsManager]:  * Use constant arrays=true
[2021-04-24 13:10:18,199 INFO  L138        SettingsManager]:  * Pointer base address is valid at dereference=ASSUME
[2021-04-24 13:10:18,199 INFO  L136        SettingsManager]: Preferences of RCFGBuilder differ from their defaults:
[2021-04-24 13:10:18,199 INFO  L138        SettingsManager]:  * Size of a code block=SequenceOfStatements
[2021-04-24 13:10:18,199 INFO  L136        SettingsManager]: Preferences of TraceAbstraction differ from their defaults:
[2021-04-24 13:10:18,199 INFO  L138        SettingsManager]:  * Trace refinement strategy=CAMEL
[2021-04-24 13:10:18,199 INFO  L138        SettingsManager]:  * Trace refinement exception blacklist=NONE
[2021-04-24 13:10:18,200 INFO  L136        SettingsManager]: Preferences of IcfgTransformer differ from their defaults:
[2021-04-24 13:10:18,200 INFO  L138        SettingsManager]:  * TransformationType=MODULO_NEIGHBOR
[2021-04-24 13:10:18,399 INFO  L75    nceAwareModelManager]: Repository-Root is: /tmp
[2021-04-24 13:10:18,427 INFO  L261   ainManager$Toolchain]: [Toolchain 1]: Applicable parser(s) successfully (re)initialized
[2021-04-24 13:10:18,429 INFO  L217   ainManager$Toolchain]: [Toolchain 1]: Toolchain selected.
[2021-04-24 13:10:18,430 INFO  L271        PluginConnector]: Initializing CDTParser...
[2021-04-24 13:10:18,430 INFO  L275        PluginConnector]: CDTParser initialized
[2021-04-24 13:10:18,431 INFO  L432   ainManager$Toolchain]: [Toolchain 1]: Parsing single file: /home/magnago/benchmarks/software_nontermination/C/C_Integer/Ton_Chanh_15/Singapore_plus_false-termination.c
[2021-04-24 13:10:18,477 INFO  L220              CDTParser]: Created temporary CDT project at /home/singularity/81d59f7bb0c44115944eadaed4d0f46a/FLAGde5fbed40
[2021-04-24 13:10:18,822 INFO  L306              CDTParser]: Found 1 translation units.
[2021-04-24 13:10:18,823 INFO  L160              CDTParser]: Scanning /home/magnago/benchmarks/software_nontermination/C/C_Integer/Ton_Chanh_15/Singapore_plus_false-termination.c
[2021-04-24 13:10:18,827 INFO  L349              CDTParser]: About to delete temporary CDT project at /home/singularity/81d59f7bb0c44115944eadaed4d0f46a/FLAGde5fbed40
[2021-04-24 13:10:19,252 INFO  L357              CDTParser]: Successfully deleted /home/singularity/81d59f7bb0c44115944eadaed4d0f46a
[2021-04-24 13:10:19,254 INFO  L299   ainManager$Toolchain]: ####################### [Toolchain 1] #######################
[2021-04-24 13:10:19,256 INFO  L131        ToolchainWalker]: Walking toolchain with 6 elements.
[2021-04-24 13:10:19,258 INFO  L113        PluginConnector]: ------------------------CACSL2BoogieTranslator----------------------------
[2021-04-24 13:10:19,258 INFO  L271        PluginConnector]: Initializing CACSL2BoogieTranslator...
[2021-04-24 13:10:19,260 INFO  L275        PluginConnector]: CACSL2BoogieTranslator initialized
[2021-04-24 13:10:19,261 INFO  L185        PluginConnector]: Executing the observer ACSLObjectContainerObserver from plugin CACSL2BoogieTranslator for "CDTParser AST 24.04 01:10:19" (1/1) ...
[2021-04-24 13:10:19,263 INFO  L205        PluginConnector]: Invalid model from CACSL2BoogieTranslator for observer de.uni_freiburg.informatik.ultimate.plugins.generator.cacsl2boogietranslator.ACSLObjectContainerObserver@5f9597c and model type de.uni_freiburg.informatik.ultimate.plugins.generator.cacsl2boogietranslator AST 24.04 01:10:19, skipping insertion in model container
[2021-04-24 13:10:19,263 INFO  L185        PluginConnector]: Executing the observer CACSL2BoogieTranslatorObserver from plugin CACSL2BoogieTranslator for "CDTParser AST 24.04 01:10:19" (1/1) ...
[2021-04-24 13:10:19,269 INFO  L145         MainTranslator]: Starting translation in SV-COMP mode 
[2021-04-24 13:10:19,277 INFO  L178         MainTranslator]: Built tables and reachable declarations
[2021-04-24 13:10:19,389 INFO  L206          PostProcessor]: Analyzing one entry point: main
[2021-04-24 13:10:19,393 INFO  L203         MainTranslator]: Completed pre-run
[2021-04-24 13:10:19,407 INFO  L206          PostProcessor]: Analyzing one entry point: main
[2021-04-24 13:10:19,416 INFO  L208         MainTranslator]: Completed translation
[2021-04-24 13:10:19,416 INFO  L202        PluginConnector]: Adding new model de.uni_freiburg.informatik.ultimate.plugins.generator.cacsl2boogietranslator AST 24.04 01:10:19 WrapperNode
[2021-04-24 13:10:19,417 INFO  L132        PluginConnector]: ------------------------ END CACSL2BoogieTranslator----------------------------
[2021-04-24 13:10:19,417 INFO  L113        PluginConnector]: ------------------------Boogie Procedure Inliner----------------------------
[2021-04-24 13:10:19,418 INFO  L271        PluginConnector]: Initializing Boogie Procedure Inliner...
[2021-04-24 13:10:19,418 INFO  L275        PluginConnector]: Boogie Procedure Inliner initialized
[2021-04-24 13:10:19,423 INFO  L185        PluginConnector]: Executing the observer TypeChecker from plugin Boogie Procedure Inliner for "de.uni_freiburg.informatik.ultimate.plugins.generator.cacsl2boogietranslator AST 24.04 01:10:19" (1/1) ...
[2021-04-24 13:10:19,427 INFO  L185        PluginConnector]: Executing the observer Inliner from plugin Boogie Procedure Inliner for "de.uni_freiburg.informatik.ultimate.plugins.generator.cacsl2boogietranslator AST 24.04 01:10:19" (1/1) ...
[2021-04-24 13:10:19,438 INFO  L132        PluginConnector]: ------------------------ END Boogie Procedure Inliner----------------------------
[2021-04-24 13:10:19,438 INFO  L113        PluginConnector]: ------------------------Boogie Preprocessor----------------------------
[2021-04-24 13:10:19,438 INFO  L271        PluginConnector]: Initializing Boogie Preprocessor...
[2021-04-24 13:10:19,438 INFO  L275        PluginConnector]: Boogie Preprocessor initialized
[2021-04-24 13:10:19,444 INFO  L185        PluginConnector]: Executing the observer EnsureBoogieModelObserver from plugin Boogie Preprocessor for "de.uni_freiburg.informatik.ultimate.plugins.generator.cacsl2boogietranslator AST 24.04 01:10:19" (1/1) ...
[2021-04-24 13:10:19,444 INFO  L185        PluginConnector]: Executing the observer TypeChecker from plugin Boogie Preprocessor for "de.uni_freiburg.informatik.ultimate.plugins.generator.cacsl2boogietranslator AST 24.04 01:10:19" (1/1) ...
[2021-04-24 13:10:19,445 INFO  L185        PluginConnector]: Executing the observer ConstExpander from plugin Boogie Preprocessor for "de.uni_freiburg.informatik.ultimate.plugins.generator.cacsl2boogietranslator AST 24.04 01:10:19" (1/1) ...
[2021-04-24 13:10:19,445 INFO  L185        PluginConnector]: Executing the observer StructExpander from plugin Boogie Preprocessor for "de.uni_freiburg.informatik.ultimate.plugins.generator.cacsl2boogietranslator AST 24.04 01:10:19" (1/1) ...
[2021-04-24 13:10:19,446 INFO  L185        PluginConnector]: Executing the observer UnstructureCode from plugin Boogie Preprocessor for "de.uni_freiburg.informatik.ultimate.plugins.generator.cacsl2boogietranslator AST 24.04 01:10:19" (1/1) ...
[2021-04-24 13:10:19,449 INFO  L185        PluginConnector]: Executing the observer FunctionInliner from plugin Boogie Preprocessor for "de.uni_freiburg.informatik.ultimate.plugins.generator.cacsl2boogietranslator AST 24.04 01:10:19" (1/1) ...
[2021-04-24 13:10:19,449 INFO  L185        PluginConnector]: Executing the observer BoogieSymbolTableConstructor from plugin Boogie Preprocessor for "de.uni_freiburg.informatik.ultimate.plugins.generator.cacsl2boogietranslator AST 24.04 01:10:19" (1/1) ...
[2021-04-24 13:10:19,450 INFO  L132        PluginConnector]: ------------------------ END Boogie Preprocessor----------------------------
[2021-04-24 13:10:19,451 INFO  L113        PluginConnector]: ------------------------RCFGBuilder----------------------------
[2021-04-24 13:10:19,451 INFO  L271        PluginConnector]: Initializing RCFGBuilder...
[2021-04-24 13:10:19,451 INFO  L275        PluginConnector]: RCFGBuilder initialized
[2021-04-24 13:10:19,451 INFO  L185        PluginConnector]: Executing the observer RCFGBuilderObserver from plugin RCFGBuilder for "de.uni_freiburg.informatik.ultimate.plugins.generator.cacsl2boogietranslator AST 24.04 01:10:19" (1/1) ...
No working directory specified, using /home/singularity/UAutomizer-linux/z3
Starting monitored process 1 with z3 SMTLIB2_COMPLIANT=true -memory:1024 -smt2 -in -t:12000 (exit command is (exit), workingDir is null)
Waiting until toolchain timeout for monitored process 1 with z3 SMTLIB2_COMPLIANT=true -memory:1024 -smt2 -in -t:12000
[2021-04-24 13:10:19,568 INFO  L130     BoogieDeclarations]: Found specification of procedure ULTIMATE.start
[2021-04-24 13:10:19,568 INFO  L138     BoogieDeclarations]: Found implementation of procedure ULTIMATE.start
[2021-04-24 13:10:19,812 INFO  L294             CfgBuilder]: Using the 1 location(s) as analysis (start of procedure ULTIMATE.start)
[2021-04-24 13:10:19,812 INFO  L299             CfgBuilder]: Removed 5 assume(true) statements.
[2021-04-24 13:10:19,814 INFO  L202        PluginConnector]: Adding new model de.uni_freiburg.informatik.ultimate.plugins.generator.rcfgbuilder CFG 24.04 01:10:19 BoogieIcfgContainer
[2021-04-24 13:10:19,814 INFO  L132        PluginConnector]: ------------------------ END RCFGBuilder----------------------------
[2021-04-24 13:10:19,814 INFO  L113        PluginConnector]: ------------------------BuchiAutomizer----------------------------
[2021-04-24 13:10:19,815 INFO  L271        PluginConnector]: Initializing BuchiAutomizer...
[2021-04-24 13:10:19,817 INFO  L275        PluginConnector]: BuchiAutomizer initialized
[2021-04-24 13:10:19,818 INFO  L99          BuchiAutomizer]: Safety of program was proven or not checked, starting termination analysis
[2021-04-24 13:10:19,818 INFO  L185        PluginConnector]: Executing the observer BuchiAutomizerObserver from plugin BuchiAutomizer for "CDTParser AST 24.04 01:10:19" (1/3) ...
[2021-04-24 13:10:19,819 INFO  L205        PluginConnector]: Invalid model from BuchiAutomizer for observer de.uni_freiburg.informatik.ultimate.plugins.generator.buchiautomizer.BuchiAutomizerObserver@46508393 and model type de.uni_freiburg.informatik.ultimate.plugins.generator.buchiautomizer AST 24.04 01:10:19, skipping insertion in model container
[2021-04-24 13:10:19,819 INFO  L99          BuchiAutomizer]: Safety of program was proven or not checked, starting termination analysis
[2021-04-24 13:10:19,819 INFO  L185        PluginConnector]: Executing the observer BuchiAutomizerObserver from plugin BuchiAutomizer for "de.uni_freiburg.informatik.ultimate.plugins.generator.cacsl2boogietranslator AST 24.04 01:10:19" (2/3) ...
[2021-04-24 13:10:19,819 INFO  L205        PluginConnector]: Invalid model from BuchiAutomizer for observer de.uni_freiburg.informatik.ultimate.plugins.generator.buchiautomizer.BuchiAutomizerObserver@46508393 and model type de.uni_freiburg.informatik.ultimate.plugins.generator.buchiautomizer AST 24.04 01:10:19, skipping insertion in model container
[2021-04-24 13:10:19,819 INFO  L99          BuchiAutomizer]: Safety of program was proven or not checked, starting termination analysis
[2021-04-24 13:10:19,820 INFO  L185        PluginConnector]: Executing the observer BuchiAutomizerObserver from plugin BuchiAutomizer for "de.uni_freiburg.informatik.ultimate.plugins.generator.rcfgbuilder CFG 24.04 01:10:19" (3/3) ...
[2021-04-24 13:10:19,821 INFO  L389   chiAutomizerObserver]: Analyzing ICFG Singapore_plus_false-termination.c
[2021-04-24 13:10:19,867 INFO  L359         BuchiCegarLoop]: Interprodecural is true
[2021-04-24 13:10:19,868 INFO  L360         BuchiCegarLoop]: Hoare is false
[2021-04-24 13:10:19,868 INFO  L361         BuchiCegarLoop]: Compute interpolants for ForwardPredicates
[2021-04-24 13:10:19,868 INFO  L362         BuchiCegarLoop]: Backedges is STRAIGHT_LINE
[2021-04-24 13:10:19,868 INFO  L363         BuchiCegarLoop]: Determinization is PREDICATE_ABSTRACTION
[2021-04-24 13:10:19,868 INFO  L364         BuchiCegarLoop]: Difference is false
[2021-04-24 13:10:19,868 INFO  L365         BuchiCegarLoop]: Minimize is MINIMIZE_SEVPA
[2021-04-24 13:10:19,868 INFO  L368         BuchiCegarLoop]: ======== Iteration 0==of CEGAR loop == BuchiCegarLoop========
[2021-04-24 13:10:19,879 INFO  L72            BuchiIsEmpty]: Start buchiIsEmpty. Operand 7 states.
[2021-04-24 13:10:19,892 INFO  L131   ngComponentsAnalysis]: Automaton has 1 accepting balls. 1
[2021-04-24 13:10:19,892 INFO  L87            BuchiIsEmpty]: Finished buchiIsEmpty Result is false
[2021-04-24 13:10:19,892 INFO  L119           BuchiIsEmpty]: Starting construction of run
[2021-04-24 13:10:19,896 INFO  L853         BuchiCegarLoop]: Counterexample stem histogram [1, 1]
[2021-04-24 13:10:19,896 INFO  L854         BuchiCegarLoop]: Counterexample loop histogram [1]
[2021-04-24 13:10:19,896 INFO  L427         BuchiCegarLoop]: ======== Iteration 1============
[2021-04-24 13:10:19,896 INFO  L72            BuchiIsEmpty]: Start buchiIsEmpty. Operand 7 states.
[2021-04-24 13:10:19,897 INFO  L131   ngComponentsAnalysis]: Automaton has 1 accepting balls. 1
[2021-04-24 13:10:19,897 INFO  L87            BuchiIsEmpty]: Finished buchiIsEmpty Result is false
[2021-04-24 13:10:19,897 INFO  L119           BuchiIsEmpty]: Starting construction of run
[2021-04-24 13:10:19,897 INFO  L853         BuchiCegarLoop]: Counterexample stem histogram [1, 1]
[2021-04-24 13:10:19,897 INFO  L854         BuchiCegarLoop]: Counterexample loop histogram [1]
[2021-04-24 13:10:19,902 INFO  L794   eck$LassoCheckResult]: Stem: 5#ULTIMATE.startENTRYtrue havoc main_#res;havoc main_#t~nondet0, main_#t~nondet1, main_~x~0, main_~y~0;havoc main_~x~0;havoc main_~y~0;main_~x~0 := main_#t~nondet0;havoc main_#t~nondet0;main_~y~0 := main_#t~nondet1;havoc main_#t~nondet1; 6#L16true assume main_~x~0 + main_~y~0 >= 0; 3#L17-2true 
[2021-04-24 13:10:19,903 INFO  L796   eck$LassoCheckResult]: Loop: 3#L17-2true assume !!(main_~x~0 > 0);main_~x~0 := main_~x~0 + main_~x~0 + main_~y~0;main_~y~0 := 1 + main_~y~0; 3#L17-2true 
[2021-04-24 13:10:19,907 INFO  L144       PredicateUnifier]: Initialized classic predicate unifier
[2021-04-24 13:10:19,907 INFO  L82        PathProgramCache]: Analyzing trace with hash 996, now seen corresponding path program 1 times
[2021-04-24 13:10:19,914 INFO  L162   FreeRefinementEngine]: Executing refinement strategy CAMEL
[2021-04-24 13:10:19,914 INFO  L353   FreeRefinementEngine]: Using trace check IpTcStrategyModuleSmtInterpolCraig [66106189]
[2021-04-24 13:10:19,914 INFO  L95    rtionOrderModulation]: Keeping assertion order NOT_INCREMENTALLY
[2021-04-24 13:10:19,984 INFO  L136    AnnotateAndAsserter]: Conjunction of SSA is sat
[2021-04-24 13:10:19,985 INFO  L221             TraceCheck]: Trace is feasible, we will do another trace check, this time with branch encoders.
[2021-04-24 13:10:19,988 INFO  L136    AnnotateAndAsserter]: Conjunction of SSA is sat
[2021-04-24 13:10:19,988 INFO  L221             TraceCheck]: Trace is feasible, we will do another trace check, this time with branch encoders.
[2021-04-24 13:10:19,999 INFO  L173   FreeRefinementEngine]: Strategy CAMEL found a feasible trace
[2021-04-24 13:10:20,001 INFO  L144       PredicateUnifier]: Initialized classic predicate unifier
[2021-04-24 13:10:20,001 INFO  L82        PathProgramCache]: Analyzing trace with hash 44, now seen corresponding path program 1 times
[2021-04-24 13:10:20,001 INFO  L162   FreeRefinementEngine]: Executing refinement strategy CAMEL
[2021-04-24 13:10:20,001 INFO  L353   FreeRefinementEngine]: Using trace check IpTcStrategyModuleSmtInterpolCraig [895752120]
[2021-04-24 13:10:20,001 INFO  L95    rtionOrderModulation]: Keeping assertion order NOT_INCREMENTALLY
[2021-04-24 13:10:20,007 INFO  L136    AnnotateAndAsserter]: Conjunction of SSA is sat
[2021-04-24 13:10:20,007 INFO  L221             TraceCheck]: Trace is feasible, we will do another trace check, this time with branch encoders.
[2021-04-24 13:10:20,011 INFO  L136    AnnotateAndAsserter]: Conjunction of SSA is sat
[2021-04-24 13:10:20,011 INFO  L221             TraceCheck]: Trace is feasible, we will do another trace check, this time with branch encoders.
[2021-04-24 13:10:20,012 INFO  L173   FreeRefinementEngine]: Strategy CAMEL found a feasible trace
[2021-04-24 13:10:20,013 INFO  L144       PredicateUnifier]: Initialized classic predicate unifier
[2021-04-24 13:10:20,013 INFO  L82        PathProgramCache]: Analyzing trace with hash 30889, now seen corresponding path program 1 times
[2021-04-24 13:10:20,013 INFO  L162   FreeRefinementEngine]: Executing refinement strategy CAMEL
[2021-04-24 13:10:20,014 INFO  L353   FreeRefinementEngine]: Using trace check IpTcStrategyModuleSmtInterpolCraig [1522802091]
[2021-04-24 13:10:20,014 INFO  L95    rtionOrderModulation]: Keeping assertion order NOT_INCREMENTALLY
[2021-04-24 13:10:20,019 INFO  L136    AnnotateAndAsserter]: Conjunction of SSA is sat
[2021-04-24 13:10:20,019 INFO  L221             TraceCheck]: Trace is feasible, we will do another trace check, this time with branch encoders.
[2021-04-24 13:10:20,022 INFO  L136    AnnotateAndAsserter]: Conjunction of SSA is sat
[2021-04-24 13:10:20,022 INFO  L221             TraceCheck]: Trace is feasible, we will do another trace check, this time with branch encoders.
[2021-04-24 13:10:20,024 INFO  L173   FreeRefinementEngine]: Strategy CAMEL found a feasible trace
[2021-04-24 13:10:20,066 INFO  L210          LassoAnalysis]: Preferences:
[2021-04-24 13:10:20,067 INFO  L126   ssoRankerPreferences]: Compute integeral hull: false
[2021-04-24 13:10:20,067 INFO  L127   ssoRankerPreferences]: Enable LassoPartitioneer: true
[2021-04-24 13:10:20,067 INFO  L128   ssoRankerPreferences]: Term annotations enabled: false
[2021-04-24 13:10:20,067 INFO  L129   ssoRankerPreferences]: Use exernal solver: true
[2021-04-24 13:10:20,067 INFO  L130   ssoRankerPreferences]: SMT solver command: z3 SMTLIB2_COMPLIANT=true -memory:1024 -smt2 -in -t:12000
[2021-04-24 13:10:20,067 INFO  L131   ssoRankerPreferences]: Dump SMT script to file: false
[2021-04-24 13:10:20,067 INFO  L132   ssoRankerPreferences]: Path of dumped script: 
[2021-04-24 13:10:20,067 INFO  L133   ssoRankerPreferences]: Filename of dumped script: Singapore_plus_false-termination.c_Iteration1_Loop
[2021-04-24 13:10:20,067 INFO  L134   ssoRankerPreferences]: MapElimAlgo: Frank
[2021-04-24 13:10:20,068 INFO  L274          LassoAnalysis]: Starting lasso preprocessing...
[2021-04-24 13:10:20,082 INFO  L141          MapEliminator]: Using MapEliminator with SimplificationTechnique=SIMPLIFY_DDA XnfConversionTechnique=BOTTOM_UP_WITH_LOCAL_SIMPLIFICATION AddInequalities=false OnlyTrivialImplicationsArrayWrite=true OnlyTrivialImplicationsForModifiedArguments=true OnlyArgumentsInFormula=true
[2021-04-24 13:10:20,088 INFO  L141          MapEliminator]: Using MapEliminator with SimplificationTechnique=SIMPLIFY_DDA XnfConversionTechnique=BOTTOM_UP_WITH_LOCAL_SIMPLIFICATION AddInequalities=false OnlyTrivialImplicationsArrayWrite=true OnlyTrivialImplicationsForModifiedArguments=true OnlyArgumentsInFormula=true
[2021-04-24 13:10:20,091 INFO  L141          MapEliminator]: Using MapEliminator with SimplificationTechnique=SIMPLIFY_DDA XnfConversionTechnique=BOTTOM_UP_WITH_LOCAL_SIMPLIFICATION AddInequalities=false OnlyTrivialImplicationsArrayWrite=true OnlyTrivialImplicationsForModifiedArguments=true OnlyArgumentsInFormula=true
[2021-04-24 13:10:20,151 INFO  L292          LassoAnalysis]: Preprocessing complete.
[2021-04-24 13:10:20,151 INFO  L404          LassoAnalysis]: Checking for nontermination...
No working directory specified, using /home/singularity/UAutomizer-linux/z3
Starting monitored process 2 with z3 SMTLIB2_COMPLIANT=true -memory:1024 -smt2 -in -t:12000 (exit command is (exit), workingDir is null)
Waiting until toolchain timeout for monitored process 2 with z3 SMTLIB2_COMPLIANT=true -memory:1024 -smt2 -in -t:12000
[2021-04-24 13:10:20,158 INFO  L148   nArgumentSynthesizer]: Nontermination analysis: NONLINEAR Allow bounded executions: true Number of generalized eigenvectors: 0 Nilpotent components: true
[2021-04-24 13:10:20,158 INFO  L160   nArgumentSynthesizer]: Using integer mode.
[2021-04-24 13:10:20,172 INFO  L437          LassoAnalysis]: Proved nontermination for one component.
[2021-04-24 13:10:20,173 INFO  L440          LassoAnalysis]: Non-Termination argument consisting of: Initial state: {v_rep~unnamed0~0~false_1=0} Honda state: {v_rep~unnamed0~0~false_1=0} Generalized eigenvectors: [] Lambdas: [] Nus: []
No working directory specified, using /home/singularity/UAutomizer-linux/z3
Starting monitored process 3 with z3 SMTLIB2_COMPLIANT=true -memory:1024 -smt2 -in -t:12000 (exit command is (exit), workingDir is null)
Waiting until toolchain timeout for monitored process 3 with z3 SMTLIB2_COMPLIANT=true -memory:1024 -smt2 -in -t:12000
[2021-04-24 13:10:20,192 INFO  L148   nArgumentSynthesizer]: Nontermination analysis: NONLINEAR Allow bounded executions: true Number of generalized eigenvectors: 0 Nilpotent components: true
[2021-04-24 13:10:20,192 INFO  L160   nArgumentSynthesizer]: Using integer mode.
[2021-04-24 13:10:20,198 INFO  L437          LassoAnalysis]: Proved nontermination for one component.
[2021-04-24 13:10:20,198 INFO  L440          LassoAnalysis]: Non-Termination argument consisting of: Initial state: {v_rep~unnamed0~0~true_1=1} Honda state: {v_rep~unnamed0~0~true_1=1} Generalized eigenvectors: [] Lambdas: [] Nus: []
No working directory specified, using /home/singularity/UAutomizer-linux/z3
Starting monitored process 4 with z3 SMTLIB2_COMPLIANT=true -memory:1024 -smt2 -in -t:12000 (exit command is (exit), workingDir is null)
Waiting until toolchain timeout for monitored process 4 with z3 SMTLIB2_COMPLIANT=true -memory:1024 -smt2 -in -t:12000
[2021-04-24 13:10:20,204 INFO  L148   nArgumentSynthesizer]: Nontermination analysis: NONLINEAR Allow bounded executions: true Number of generalized eigenvectors: 0 Nilpotent components: true
[2021-04-24 13:10:20,204 INFO  L160   nArgumentSynthesizer]: Using integer mode.
No working directory specified, using /home/singularity/UAutomizer-linux/z3
Starting monitored process 5 with z3 SMTLIB2_COMPLIANT=true -memory:1024 -smt2 -in -t:12000 (exit command is (exit), workingDir is null)
Waiting until toolchain timeout for monitored process 5 with z3 SMTLIB2_COMPLIANT=true -memory:1024 -smt2 -in -t:12000
[2021-04-24 13:10:20,216 INFO  L148   nArgumentSynthesizer]: Nontermination analysis: NONLINEAR Allow bounded executions: true Number of generalized eigenvectors: 3 Nilpotent components: true
[2021-04-24 13:10:20,216 INFO  L160   nArgumentSynthesizer]: Using integer mode.
[2021-04-24 13:10:20,270 INFO  L437          LassoAnalysis]: Proved nontermination for one component.
[2021-04-24 13:10:20,270 INFO  L440          LassoAnalysis]: Non-Termination argument consisting of: Initial state: {ULTIMATE.start_main_~y~0=0, ULTIMATE.start_main_~x~0=9} Honda state: {ULTIMATE.start_main_~y~0=0, ULTIMATE.start_main_~x~0=9} Generalized eigenvectors: [{ULTIMATE.start_main_~y~0=-3, ULTIMATE.start_main_~x~0=3}, {ULTIMATE.start_main_~y~0=4, ULTIMATE.start_main_~x~0=1}, {ULTIMATE.start_main_~y~0=0, ULTIMATE.start_main_~x~0=5}] Lambdas: [1, 1, 2] Nus: [0, 1]
[2021-04-24 13:10:20,291 INFO  L210          LassoAnalysis]: Preferences:
[2021-04-24 13:10:20,292 INFO  L126   ssoRankerPreferences]: Compute integeral hull: false
[2021-04-24 13:10:20,292 INFO  L127   ssoRankerPreferences]: Enable LassoPartitioneer: true
[2021-04-24 13:10:20,292 INFO  L128   ssoRankerPreferences]: Term annotations enabled: false
[2021-04-24 13:10:20,292 INFO  L129   ssoRankerPreferences]: Use exernal solver: true
[2021-04-24 13:10:20,292 INFO  L130   ssoRankerPreferences]: SMT solver command: z3 SMTLIB2_COMPLIANT=true -memory:1024 -smt2 -in -t:12000
[2021-04-24 13:10:20,292 INFO  L131   ssoRankerPreferences]: Dump SMT script to file: false
[2021-04-24 13:10:20,292 INFO  L132   ssoRankerPreferences]: Path of dumped script: 
[2021-04-24 13:10:20,292 INFO  L133   ssoRankerPreferences]: Filename of dumped script: Singapore_plus_false-termination.c_Iteration1_Lasso
[2021-04-24 13:10:20,292 INFO  L134   ssoRankerPreferences]: MapElimAlgo: Frank
[2021-04-24 13:10:20,293 INFO  L274          LassoAnalysis]: Starting lasso preprocessing...
[2021-04-24 13:10:20,295 INFO  L141          MapEliminator]: Using MapEliminator with SimplificationTechnique=SIMPLIFY_DDA XnfConversionTechnique=BOTTOM_UP_WITH_LOCAL_SIMPLIFICATION AddInequalities=false OnlyTrivialImplicationsArrayWrite=true OnlyTrivialImplicationsForModifiedArguments=true OnlyArgumentsInFormula=true
[2021-04-24 13:10:20,297 INFO  L141          MapEliminator]: Using MapEliminator with SimplificationTechnique=SIMPLIFY_DDA XnfConversionTechnique=BOTTOM_UP_WITH_LOCAL_SIMPLIFICATION AddInequalities=false OnlyTrivialImplicationsArrayWrite=true OnlyTrivialImplicationsForModifiedArguments=true OnlyArgumentsInFormula=true
[2021-04-24 13:10:20,301 INFO  L141          MapEliminator]: Using MapEliminator with SimplificationTechnique=SIMPLIFY_DDA XnfConversionTechnique=BOTTOM_UP_WITH_LOCAL_SIMPLIFICATION AddInequalities=false OnlyTrivialImplicationsArrayWrite=true OnlyTrivialImplicationsForModifiedArguments=true OnlyArgumentsInFormula=true
[2021-04-24 13:10:20,311 INFO  L141          MapEliminator]: Using MapEliminator with SimplificationTechnique=SIMPLIFY_DDA XnfConversionTechnique=BOTTOM_UP_WITH_LOCAL_SIMPLIFICATION AddInequalities=false OnlyTrivialImplicationsArrayWrite=true OnlyTrivialImplicationsForModifiedArguments=true OnlyArgumentsInFormula=true
[2021-04-24 13:10:20,313 INFO  L141          MapEliminator]: Using MapEliminator with SimplificationTechnique=SIMPLIFY_DDA XnfConversionTechnique=BOTTOM_UP_WITH_LOCAL_SIMPLIFICATION AddInequalities=false OnlyTrivialImplicationsArrayWrite=true OnlyTrivialImplicationsForModifiedArguments=true OnlyArgumentsInFormula=true
[2021-04-24 13:10:20,315 INFO  L141          MapEliminator]: Using MapEliminator with SimplificationTechnique=SIMPLIFY_DDA XnfConversionTechnique=BOTTOM_UP_WITH_LOCAL_SIMPLIFICATION AddInequalities=false OnlyTrivialImplicationsArrayWrite=true OnlyTrivialImplicationsForModifiedArguments=true OnlyArgumentsInFormula=true
[2021-04-24 13:10:20,362 INFO  L292          LassoAnalysis]: Preprocessing complete.
[2021-04-24 13:10:20,362 INFO  L404          LassoAnalysis]: Checking for nontermination...
No working directory specified, using /home/singularity/UAutomizer-linux/z3
Starting monitored process 6 with z3 SMTLIB2_COMPLIANT=true -memory:1024 -smt2 -in -t:12000 (exit command is (exit), workingDir is null)
Waiting until toolchain timeout for monitored process 6 with z3 SMTLIB2_COMPLIANT=true -memory:1024 -smt2 -in -t:12000
[2021-04-24 13:10:20,367 INFO  L148   nArgumentSynthesizer]: Nontermination analysis: NONLINEAR Allow bounded executions: true Number of generalized eigenvectors: 0 Nilpotent components: true
[2021-04-24 13:10:20,367 INFO  L160   nArgumentSynthesizer]: Using integer mode.
[2021-04-24 13:10:20,371 INFO  L437          LassoAnalysis]: Proved nontermination for one component.
[2021-04-24 13:10:20,371 INFO  L440          LassoAnalysis]: Non-Termination argument consisting of: Initial state: {ULTIMATE.start_main_#t~nondet0=0} Honda state: {ULTIMATE.start_main_#t~nondet0=0} Generalized eigenvectors: [] Lambdas: [] Nus: []
No working directory specified, using /home/singularity/UAutomizer-linux/z3
Starting monitored process 7 with z3 SMTLIB2_COMPLIANT=true -memory:1024 -smt2 -in -t:12000 (exit command is (exit), workingDir is null)
Waiting until toolchain timeout for monitored process 7 with z3 SMTLIB2_COMPLIANT=true -memory:1024 -smt2 -in -t:12000
[2021-04-24 13:10:20,376 INFO  L148   nArgumentSynthesizer]: Nontermination analysis: NONLINEAR Allow bounded executions: true Number of generalized eigenvectors: 0 Nilpotent components: true
[2021-04-24 13:10:20,376 INFO  L160   nArgumentSynthesizer]: Using integer mode.
[2021-04-24 13:10:20,380 INFO  L437          LassoAnalysis]: Proved nontermination for one component.
[2021-04-24 13:10:20,380 INFO  L440          LassoAnalysis]: Non-Termination argument consisting of: Initial state: {v_rep~unnamed0~0~false_2=0} Honda state: {v_rep~unnamed0~0~false_2=0} Generalized eigenvectors: [] Lambdas: [] Nus: []
No working directory specified, using /home/singularity/UAutomizer-linux/z3
Starting monitored process 8 with z3 SMTLIB2_COMPLIANT=true -memory:1024 -smt2 -in -t:12000 (exit command is (exit), workingDir is null)
Waiting until toolchain timeout for monitored process 8 with z3 SMTLIB2_COMPLIANT=true -memory:1024 -smt2 -in -t:12000
[2021-04-24 13:10:20,385 INFO  L148   nArgumentSynthesizer]: Nontermination analysis: NONLINEAR Allow bounded executions: true Number of generalized eigenvectors: 0 Nilpotent components: true
[2021-04-24 13:10:20,385 INFO  L160   nArgumentSynthesizer]: Using integer mode.
No working directory specified, using /home/singularity/UAutomizer-linux/z3
Starting monitored process 9 with z3 SMTLIB2_COMPLIANT=true -memory:1024 -smt2 -in -t:12000 (exit command is (exit), workingDir is null)
Waiting until toolchain timeout for monitored process 9 with z3 SMTLIB2_COMPLIANT=true -memory:1024 -smt2 -in -t:12000
[2021-04-24 13:10:20,394 INFO  L148   nArgumentSynthesizer]: Nontermination analysis: NONLINEAR Allow bounded executions: true Number of generalized eigenvectors: 3 Nilpotent components: true
[2021-04-24 13:10:20,394 INFO  L160   nArgumentSynthesizer]: Using integer mode.
[2021-04-24 13:10:20,450 INFO  L437          LassoAnalysis]: Proved nontermination for one component.
[2021-04-24 13:10:20,450 INFO  L440          LassoAnalysis]: Non-Termination argument consisting of: Initial state: {ULTIMATE.start_main_~y~0=0, ULTIMATE.start_main_~x~0=0} Honda state: {ULTIMATE.start_main_~y~0=1, ULTIMATE.start_main_~x~0=16} Generalized eigenvectors: [{ULTIMATE.start_main_~y~0=1, ULTIMATE.start_main_~x~0=8}, {ULTIMATE.start_main_~y~0=0, ULTIMATE.start_main_~x~0=9}, {ULTIMATE.start_main_~y~0=0, ULTIMATE.start_main_~x~0=0}] Lambdas: [1, 2, 7] Nus: [1, 1]
No working directory specified, using /home/singularity/UAutomizer-linux/z3
Starting monitored process 10 with z3 SMTLIB2_COMPLIANT=true -memory:1024 -smt2 -in -t:12000 (exit command is (exit), workingDir is null)
Waiting until toolchain timeout for monitored process 10 with z3 SMTLIB2_COMPLIANT=true -memory:1024 -smt2 -in -t:12000
[2021-04-24 13:10:20,458 INFO  L148   nArgumentSynthesizer]: Nontermination analysis: NONLINEAR Allow bounded executions: true Number of generalized eigenvectors: 0 Nilpotent components: true
[2021-04-24 13:10:20,458 INFO  L160   nArgumentSynthesizer]: Using integer mode.
[2021-04-24 13:10:20,462 INFO  L437          LassoAnalysis]: Proved nontermination for one component.
[2021-04-24 13:10:20,462 INFO  L440          LassoAnalysis]: Non-Termination argument consisting of: Initial state: {ULTIMATE.start_main_#t~nondet1=0} Honda state: {ULTIMATE.start_main_#t~nondet1=0} Generalized eigenvectors: [] Lambdas: [] Nus: []
No working directory specified, using /home/singularity/UAutomizer-linux/z3
Starting monitored process 11 with z3 SMTLIB2_COMPLIANT=true -memory:1024 -smt2 -in -t:12000 (exit command is (exit), workingDir is null)
Waiting until toolchain timeout for monitored process 11 with z3 SMTLIB2_COMPLIANT=true -memory:1024 -smt2 -in -t:12000
[2021-04-24 13:10:20,468 INFO  L148   nArgumentSynthesizer]: Nontermination analysis: NONLINEAR Allow bounded executions: true Number of generalized eigenvectors: 0 Nilpotent components: true
[2021-04-24 13:10:20,468 INFO  L160   nArgumentSynthesizer]: Using integer mode.
[2021-04-24 13:10:20,471 INFO  L437          LassoAnalysis]: Proved nontermination for one component.
[2021-04-24 13:10:20,472 INFO  L440          LassoAnalysis]: Non-Termination argument consisting of: Initial state: {ULTIMATE.start_main_#res=0} Honda state: {ULTIMATE.start_main_#res=0} Generalized eigenvectors: [] Lambdas: [] Nus: []
No working directory specified, using /home/singularity/UAutomizer-linux/z3
Starting monitored process 12 with z3 SMTLIB2_COMPLIANT=true -memory:1024 -smt2 -in -t:12000 (exit command is (exit), workingDir is null)
Waiting until toolchain timeout for monitored process 12 with z3 SMTLIB2_COMPLIANT=true -memory:1024 -smt2 -in -t:12000
[2021-04-24 13:10:20,477 INFO  L148   nArgumentSynthesizer]: Nontermination analysis: NONLINEAR Allow bounded executions: true Number of generalized eigenvectors: 0 Nilpotent components: true
[2021-04-24 13:10:20,477 INFO  L160   nArgumentSynthesizer]: Using integer mode.
[2021-04-24 13:10:20,480 INFO  L437          LassoAnalysis]: Proved nontermination for one component.
[2021-04-24 13:10:20,480 INFO  L440          LassoAnalysis]: Non-Termination argument consisting of: Initial state: {v_rep~unnamed0~0~true_2=1} Honda state: {v_rep~unnamed0~0~true_2=1} Generalized eigenvectors: [] Lambdas: [] Nus: []
[2021-04-24 13:10:20,491 WARN  L417   cessorBacktranslator]: Unfinished backtranslation: Declaration ConstDeclaration not handled for expression ~unnamed0~0~true
[2021-04-24 13:10:20,492 WARN  L417   cessorBacktranslator]: Unfinished backtranslation: Declaration ConstDeclaration not handled for expression ~unnamed0~0~false
[2021-04-24 13:10:20,492 WARN  L417   cessorBacktranslator]: Unfinished backtranslation: Declaration ConstDeclaration not handled for expression ~unnamed0~0~true
[2021-04-24 13:10:20,492 WARN  L417   cessorBacktranslator]: Unfinished backtranslation: Declaration ConstDeclaration not handled for expression ~unnamed0~0~false
[2021-04-24 13:10:20,493 WARN  L417   cessorBacktranslator]: Unfinished backtranslation: Declaration ConstDeclaration not handled for expression ~unnamed0~0~true
[2021-04-24 13:10:20,493 WARN  L417   cessorBacktranslator]: Unfinished backtranslation: Declaration ConstDeclaration not handled for expression ~unnamed0~0~false
[2021-04-24 13:10:20,500 INFO  L202        PluginConnector]: Adding new model de.uni_freiburg.informatik.ultimate.plugins.generator.buchiautomizer CFG 24.04 01:10:20 BoogieIcfgContainer
[2021-04-24 13:10:20,500 INFO  L132        PluginConnector]: ------------------------ END BuchiAutomizer----------------------------
[2021-04-24 13:10:20,501 INFO  L113        PluginConnector]: ------------------------Witness Printer----------------------------
[2021-04-24 13:10:20,501 INFO  L271        PluginConnector]: Initializing Witness Printer...
[2021-04-24 13:10:20,501 INFO  L275        PluginConnector]: Witness Printer initialized
[2021-04-24 13:10:20,501 INFO  L185        PluginConnector]: Executing the observer RCFGCatcher from plugin Witness Printer for "de.uni_freiburg.informatik.ultimate.plugins.generator.rcfgbuilder CFG 24.04 01:10:19" (3/4) ...
[2021-04-24 13:10:20,503 INFO  L134         WitnessPrinter]: Generating witness for non-termination counterexample
[2021-04-24 13:10:20,533 INFO  L141         WitnessManager]: Wrote witness to /home/magnago/benchmarks/software_nontermination/C/C_Integer/Ton_Chanh_15/Singapore_plus_false-termination.c-witness.graphml
[2021-04-24 13:10:20,533 INFO  L132        PluginConnector]: ------------------------ END Witness Printer----------------------------
[2021-04-24 13:10:20,534 INFO  L168              Benchmark]: Toolchain (without parser) took 1278.14 ms. Allocated memory is still 545.3 MB. Free memory was 492.6 MB in the beginning and 447.5 MB in the end (delta: 45.1 MB). Peak memory consumption was 40.9 MB. Max. memory is 21.5 GB.
[2021-04-24 13:10:20,534 INFO  L168              Benchmark]: CDTParser took 0.11 ms. Allocated memory is still 545.3 MB. Free memory is still 509.1 MB. There was no memory consumed. Max. memory is 21.5 GB.
[2021-04-24 13:10:20,535 INFO  L168              Benchmark]: CACSL2BoogieTranslator took 159.10 ms. Allocated memory is still 545.3 MB. Free memory was 492.3 MB in the beginning and 521.4 MB in the end (delta: -29.1 MB). Peak memory consumption was 19.9 MB. Max. memory is 21.5 GB.
[2021-04-24 13:10:20,535 INFO  L168              Benchmark]: Boogie Procedure Inliner took 20.30 ms. Allocated memory is still 545.3 MB. Free memory was 521.4 MB in the beginning and 520.0 MB in the end (delta: 1.4 MB). There was no memory consumed. Max. memory is 21.5 GB.
[2021-04-24 13:10:20,535 INFO  L168              Benchmark]: Boogie Preprocessor took 11.82 ms. Allocated memory is still 545.3 MB. Free memory was 520.0 MB in the beginning and 519.2 MB in the end (delta: 783.8 kB). There was no memory consumed. Max. memory is 21.5 GB.
[2021-04-24 13:10:20,536 INFO  L168              Benchmark]: RCFGBuilder took 363.26 ms. Allocated memory is still 545.3 MB. Free memory was 519.2 MB in the beginning and 509.9 MB in the end (delta: 9.2 MB). Peak memory consumption was 8.4 MB. Max. memory is 21.5 GB.
[2021-04-24 13:10:20,536 INFO  L168              Benchmark]: BuchiAutomizer took 685.69 ms. Allocated memory is still 545.3 MB. Free memory was 509.6 MB in the beginning and 449.1 MB in the end (delta: 60.5 MB). Peak memory consumption was 62.9 MB. Max. memory is 21.5 GB.
[2021-04-24 13:10:20,536 INFO  L168              Benchmark]: Witness Printer took 32.15 ms. Allocated memory is still 545.3 MB. Free memory was 449.1 MB in the beginning and 447.5 MB in the end (delta: 1.6 MB). There was no memory consumed. Max. memory is 21.5 GB.
[2021-04-24 13:10:20,538 INFO  L339   ainManager$Toolchain]: #######################  End [Toolchain 1] #######################
 --- Results ---
 * Results from de.uni_freiburg.informatik.ultimate.core:
  - StatisticsResult: Toolchain Benchmarks
    Benchmark results are:
 * CDTParser took 0.11 ms. Allocated memory is still 545.3 MB. Free memory is still 509.1 MB. There was no memory consumed. Max. memory is 21.5 GB.
 * CACSL2BoogieTranslator took 159.10 ms. Allocated memory is still 545.3 MB. Free memory was 492.3 MB in the beginning and 521.4 MB in the end (delta: -29.1 MB). Peak memory consumption was 19.9 MB. Max. memory is 21.5 GB.
 * Boogie Procedure Inliner took 20.30 ms. Allocated memory is still 545.3 MB. Free memory was 521.4 MB in the beginning and 520.0 MB in the end (delta: 1.4 MB). There was no memory consumed. Max. memory is 21.5 GB.
 * Boogie Preprocessor took 11.82 ms. Allocated memory is still 545.3 MB. Free memory was 520.0 MB in the beginning and 519.2 MB in the end (delta: 783.8 kB). There was no memory consumed. Max. memory is 21.5 GB.
 * RCFGBuilder took 363.26 ms. Allocated memory is still 545.3 MB. Free memory was 519.2 MB in the beginning and 509.9 MB in the end (delta: 9.2 MB). Peak memory consumption was 8.4 MB. Max. memory is 21.5 GB.
 * BuchiAutomizer took 685.69 ms. Allocated memory is still 545.3 MB. Free memory was 509.6 MB in the beginning and 449.1 MB in the end (delta: 60.5 MB). Peak memory consumption was 62.9 MB. Max. memory is 21.5 GB.
 * Witness Printer took 32.15 ms. Allocated memory is still 545.3 MB. Free memory was 449.1 MB in the beginning and 447.5 MB in the end (delta: 1.6 MB). There was no memory consumed. Max. memory is 21.5 GB.
 * Results from de.uni_freiburg.informatik.ultimate.boogie.preprocessor:
  - GenericResult: Unfinished Backtranslation
    Unfinished backtranslation: Declaration ConstDeclaration not handled for expression ~unnamed0~0~true
  - GenericResult: Unfinished Backtranslation
    Unfinished backtranslation: Declaration ConstDeclaration not handled for expression ~unnamed0~0~false
  - GenericResult: Unfinished Backtranslation
    Unfinished backtranslation: Declaration ConstDeclaration not handled for expression ~unnamed0~0~true
  - GenericResult: Unfinished Backtranslation
    Unfinished backtranslation: Declaration ConstDeclaration not handled for expression ~unnamed0~0~false
  - GenericResult: Unfinished Backtranslation
    Unfinished backtranslation: Declaration ConstDeclaration not handled for expression ~unnamed0~0~true
  - GenericResult: Unfinished Backtranslation
    Unfinished backtranslation: Declaration ConstDeclaration not handled for expression ~unnamed0~0~false
 * Results from de.uni_freiburg.informatik.ultimate.plugins.generator.traceabstraction:
  - StatisticsResult: Constructed decomposition of program
    Trivial decomposition into one nonterminating module.
  - StatisticsResult: Timing statistics
    B?chiAutomizer plugin needed 0.6s and 1 iterations.  TraceHistogramMax:1. Analysis of lassos took 0.5s. Construction of modules took 0.0s. B?chi inclusion checks took 0.0s. Highest rank in rank-based complementation 0. Minimization of det autom 0. Minimization of nondet autom 0. Automata minimization No data available. Non-live state removal took 0.0s Buchi closure took 0.0s. Biggest automaton had -1 states and ocurred in iteration -1.	Nontrivial modules had stage [0, 0, 0, 0, 0].	InterpolantCoveringCapabilityFinite: 0/0	InterpolantCoveringCapabilityBuchi: 0/0	HoareTripleCheckerStatistics: No data available	LassoAnalysisResults: nont1 unkn0 SFLI0 SFLT0 conc0 concLT0 SILN0 SILU0 SILI0 SILT0 lasso0 LassoPreprocessingBenchmarks:   Lassos: inital19 mio100 ax166 hnf100 lsp60 ukn100 mio100 lsp100 div100 bol100 ite100 ukn100 eq174 hnf93 smp100 dnf100 smp100 tf103 neg100 sie106 LassoTerminationAnalysisBenchmarks: not availableLassoTerminationAnalysisBenchmarks: LassoNonterminationAnalysisSatFixpoint: 7	LassoNonterminationAnalysisSatUnbounded: 2	LassoNonterminationAnalysisUnsat: 0	LassoNonterminationAnalysisUnknown: 0	LassoNonterminationAnalysisTime: 0.2s	
  - TerminationAnalysisResult: Nontermination possible
    Buchi Automizer proved that your program is nonterminating for some inputs
  - GeometricNonTerminationArgumentResult [Line: 17]: Nontermination argument in form of an infinite program execution.
[2021-04-24 13:10:20,543 WARN  L417   cessorBacktranslator]: Unfinished backtranslation: Declaration ConstDeclaration not handled for expression ~unnamed0~0~true
[2021-04-24 13:10:20,543 WARN  L417   cessorBacktranslator]: Unfinished backtranslation: Declaration ConstDeclaration not handled for expression ~unnamed0~0~false
[2021-04-24 13:10:20,544 WARN  L417   cessorBacktranslator]: Unfinished backtranslation: Declaration ConstDeclaration not handled for expression ~unnamed0~0~true
[2021-04-24 13:10:20,544 WARN  L417   cessorBacktranslator]: Unfinished backtranslation: Declaration ConstDeclaration not handled for expression ~unnamed0~0~false
[2021-04-24 13:10:20,544 WARN  L417   cessorBacktranslator]: Unfinished backtranslation: Declaration ConstDeclaration not handled for expression ~unnamed0~0~true
[2021-04-24 13:10:20,544 WARN  L417   cessorBacktranslator]: Unfinished backtranslation: Declaration ConstDeclaration not handled for expression ~unnamed0~0~false
[2021-04-24 13:10:20,544 WARN  L417   cessorBacktranslator]: Unfinished backtranslation: Declaration ConstDeclaration not handled for expression ~unnamed0~0~true
[2021-04-24 13:10:20,545 WARN  L417   cessorBacktranslator]: Unfinished backtranslation: Declaration ConstDeclaration not handled for expression ~unnamed0~0~false
[2021-04-24 13:10:20,545 WARN  L417   cessorBacktranslator]: Unfinished backtranslation: Declaration ConstDeclaration not handled for expression ~unnamed0~0~true
[2021-04-24 13:10:20,545 WARN  L417   cessorBacktranslator]: Unfinished backtranslation: Declaration ConstDeclaration not handled for expression ~unnamed0~0~false
[2021-04-24 13:10:20,545 WARN  L417   cessorBacktranslator]: Unfinished backtranslation: Declaration ConstDeclaration not handled for expression ~unnamed0~0~true
[2021-04-24 13:10:20,546 WARN  L417   cessorBacktranslator]: Unfinished backtranslation: Declaration ConstDeclaration not handled for expression ~unnamed0~0~false
    Nontermination argument in form of an infinite execution
State at position 0 is
{org.eclipse.cdt.internal.core.dom.parser.c.CASTFunctionCallExpression@e7abc08=0, \result=0, ~unnamed0~0~true=1, org.eclipse.cdt.internal.core.dom.parser.c.CASTFunctionCallExpression@61733c1c=0, x=0, ~unnamed0~0~false=0, y=0}
State at position 1 is
{org.eclipse.cdt.internal.core.dom.parser.c.CASTFunctionCallExpression@e7abc08=0, \result=0, ~unnamed0~0~true=1, org.eclipse.cdt.internal.core.dom.parser.c.CASTFunctionCallExpression@61733c1c=0, x=16, ~unnamed0~0~false=0, y=1}
For i>1, the state at position i is
{org.eclipse.cdt.internal.core.dom.parser.c.CASTFunctionCallExpression@e7abc08=0 + sum_{k=0}^i 0, \result=0 + sum_{k=0}^i 0, ~unnamed0~0~true=1 + sum_{k=0}^i 0, org.eclipse.cdt.internal.core.dom.parser.c.CASTFunctionCallExpression@61733c1c=0 + sum_{k=0}^i 0, x=16 + sum_{k=0}^i 8 + 9*2^k + 9*k, ~unnamed0~0~false=0 + sum_{k=0}^i 0, y=1 + sum_{k=0}^i 1}
  - StatisticsResult: NonterminationArgumentStatistics
    Unbounded Execution 2GEVs Lambdas: [1, 2, 7] Mus: [1, 1]
  - NonterminatingLassoResult [Line: 17]: Nonterminating execution
    Found a nonterminating execution for the following lasso shaped sequence of statements.
Stem:
[L12]             int x;
[L13]             int y;
[L14]             x = __VERIFIER_nondet_int()
[L15]             y = __VERIFIER_nondet_int()
[L16]  COND TRUE  x + y >= 0
Loop:
[L17]  COND TRUE  x > 0
[L18]             x = x + x + y
[L19]             y = y + 1
End of lasso representation.
RESULT: Ultimate proved your program to be incorrect!
Received shutdown request...
