Creating empty 100MiB image file: /home/magnago/overlay/Division_false-termination.c.ext3
Formatting image with ext3 file system
Image is done: /home/magnago/overlay/Division_false-termination.c.ext3
This is Ultimate 0.2.1-54a68f4
[2021-04-24 13:09:54,923 INFO  L177        SettingsManager]: Resetting all preferences to default values...
[2021-04-24 13:09:54,926 INFO  L181        SettingsManager]: Resetting UltimateCore preferences to default values
[2021-04-24 13:09:54,974 INFO  L184        SettingsManager]: Ultimate Commandline Interface provides no preferences, ignoring...
[2021-04-24 13:09:54,974 INFO  L181        SettingsManager]: Resetting Boogie Preprocessor preferences to default values
[2021-04-24 13:09:54,975 INFO  L181        SettingsManager]: Resetting Boogie Procedure Inliner preferences to default values
[2021-04-24 13:09:54,977 INFO  L181        SettingsManager]: Resetting Abstract Interpretation preferences to default values
[2021-04-24 13:09:54,978 INFO  L181        SettingsManager]: Resetting LassoRanker preferences to default values
[2021-04-24 13:09:54,979 INFO  L181        SettingsManager]: Resetting Reaching Definitions preferences to default values
[2021-04-24 13:09:54,980 INFO  L181        SettingsManager]: Resetting SyntaxChecker preferences to default values
[2021-04-24 13:09:54,980 INFO  L181        SettingsManager]: Resetting Sifa preferences to default values
[2021-04-24 13:09:54,981 INFO  L184        SettingsManager]: B?chi Program Product provides no preferences, ignoring...
[2021-04-24 13:09:54,981 INFO  L181        SettingsManager]: Resetting LTL2Aut preferences to default values
[2021-04-24 13:09:54,982 INFO  L181        SettingsManager]: Resetting PEA to Boogie preferences to default values
[2021-04-24 13:09:54,983 INFO  L181        SettingsManager]: Resetting BlockEncodingV2 preferences to default values
[2021-04-24 13:09:54,984 INFO  L181        SettingsManager]: Resetting ChcToBoogie preferences to default values
[2021-04-24 13:09:54,985 INFO  L181        SettingsManager]: Resetting AutomataScriptInterpreter preferences to default values
[2021-04-24 13:09:54,985 INFO  L181        SettingsManager]: Resetting BuchiAutomizer preferences to default values
[2021-04-24 13:09:54,986 INFO  L181        SettingsManager]: Resetting CACSL2BoogieTranslator preferences to default values
[2021-04-24 13:09:54,988 INFO  L181        SettingsManager]: Resetting CodeCheck preferences to default values
[2021-04-24 13:09:54,989 INFO  L181        SettingsManager]: Resetting InvariantSynthesis preferences to default values
[2021-04-24 13:09:54,990 INFO  L181        SettingsManager]: Resetting RCFGBuilder preferences to default values
[2021-04-24 13:09:54,991 INFO  L181        SettingsManager]: Resetting Referee preferences to default values
[2021-04-24 13:09:54,991 INFO  L181        SettingsManager]: Resetting TraceAbstraction preferences to default values
[2021-04-24 13:09:54,993 INFO  L184        SettingsManager]: TraceAbstractionConcurrent provides no preferences, ignoring...
[2021-04-24 13:09:54,993 INFO  L184        SettingsManager]: TraceAbstractionWithAFAs provides no preferences, ignoring...
[2021-04-24 13:09:54,994 INFO  L181        SettingsManager]: Resetting TreeAutomizer preferences to default values
[2021-04-24 13:09:54,994 INFO  L181        SettingsManager]: Resetting IcfgToChc preferences to default values
[2021-04-24 13:09:54,995 INFO  L181        SettingsManager]: Resetting IcfgTransformer preferences to default values
[2021-04-24 13:09:54,995 INFO  L184        SettingsManager]: ReqToTest provides no preferences, ignoring...
[2021-04-24 13:09:54,995 INFO  L181        SettingsManager]: Resetting Boogie Printer preferences to default values
[2021-04-24 13:09:54,996 INFO  L181        SettingsManager]: Resetting ChcSmtPrinter preferences to default values
[2021-04-24 13:09:54,997 INFO  L181        SettingsManager]: Resetting ReqPrinter preferences to default values
[2021-04-24 13:09:54,997 INFO  L181        SettingsManager]: Resetting Witness Printer preferences to default values
[2021-04-24 13:09:54,998 INFO  L184        SettingsManager]: Boogie PL CUP Parser provides no preferences, ignoring...
[2021-04-24 13:09:54,998 INFO  L181        SettingsManager]: Resetting CDTParser preferences to default values
[2021-04-24 13:09:54,999 INFO  L184        SettingsManager]: AutomataScriptParser provides no preferences, ignoring...
[2021-04-24 13:09:54,999 INFO  L184        SettingsManager]: ReqParser provides no preferences, ignoring...
[2021-04-24 13:09:54,999 INFO  L181        SettingsManager]: Resetting SmtParser preferences to default values
[2021-04-24 13:09:55,000 INFO  L181        SettingsManager]: Resetting Witness Parser preferences to default values
[2021-04-24 13:09:55,000 INFO  L188        SettingsManager]: Finished resetting all preferences to default values...
[2021-04-24 13:09:55,001 INFO  L101        SettingsManager]: Beginning loading settings from /home/singularity/UAutomizer-linux/config/svcomp-Termination-64bit-Automizer_Default.epf
[2021-04-24 13:09:55,018 INFO  L113        SettingsManager]: Loading preferences was successful
[2021-04-24 13:09:55,018 INFO  L115        SettingsManager]: Preferences different from defaults after loading the file:
[2021-04-24 13:09:55,019 INFO  L136        SettingsManager]: Preferences of BlockEncodingV2 differ from their defaults:
[2021-04-24 13:09:55,019 INFO  L138        SettingsManager]:  * Create parallel compositions if possible=false
[2021-04-24 13:09:55,019 INFO  L138        SettingsManager]:  * Use SBE=true
[2021-04-24 13:09:55,020 INFO  L136        SettingsManager]: Preferences of BuchiAutomizer differ from their defaults:
[2021-04-24 13:09:55,020 INFO  L138        SettingsManager]:  * NCSB implementation=INTSET_LAZY3
[2021-04-24 13:09:55,020 INFO  L138        SettingsManager]:  * Use old map elimination=false
[2021-04-24 13:09:55,020 INFO  L138        SettingsManager]:  * Use external solver (rank synthesis)=false
[2021-04-24 13:09:55,020 INFO  L138        SettingsManager]:  * Use only trivial implications for array writes=true
[2021-04-24 13:09:55,020 INFO  L138        SettingsManager]:  * Rank analysis=LINEAR_WITH_GUESSES
[2021-04-24 13:09:55,020 INFO  L136        SettingsManager]: Preferences of CACSL2BoogieTranslator differ from their defaults:
[2021-04-24 13:09:55,020 INFO  L138        SettingsManager]:  * Check unreachability of error function in SV-COMP mode=false
[2021-04-24 13:09:55,020 INFO  L138        SettingsManager]:  * Overapproximate operations on floating types=true
[2021-04-24 13:09:55,021 INFO  L138        SettingsManager]:  * Check division by zero=IGNORE
[2021-04-24 13:09:55,021 INFO  L138        SettingsManager]:  * Pointer to allocated memory at dereference=ASSUME
[2021-04-24 13:09:55,021 INFO  L138        SettingsManager]:  * If two pointers are subtracted or compared they have the same base address=ASSUME
[2021-04-24 13:09:55,021 INFO  L138        SettingsManager]:  * Check array bounds for arrays that are off heap=ASSUME
[2021-04-24 13:09:55,021 INFO  L138        SettingsManager]:  * Check if freed pointer was valid=false
[2021-04-24 13:09:55,021 INFO  L138        SettingsManager]:  * Assume nondeterminstic values are in range=false
[2021-04-24 13:09:55,021 INFO  L138        SettingsManager]:  * Use constant arrays=true
[2021-04-24 13:09:55,021 INFO  L138        SettingsManager]:  * Pointer base address is valid at dereference=ASSUME
[2021-04-24 13:09:55,021 INFO  L136        SettingsManager]: Preferences of RCFGBuilder differ from their defaults:
[2021-04-24 13:09:55,022 INFO  L138        SettingsManager]:  * Size of a code block=SequenceOfStatements
[2021-04-24 13:09:55,022 INFO  L136        SettingsManager]: Preferences of TraceAbstraction differ from their defaults:
[2021-04-24 13:09:55,022 INFO  L138        SettingsManager]:  * Trace refinement strategy=CAMEL
[2021-04-24 13:09:55,022 INFO  L138        SettingsManager]:  * Trace refinement exception blacklist=NONE
[2021-04-24 13:09:55,023 INFO  L136        SettingsManager]: Preferences of IcfgTransformer differ from their defaults:
[2021-04-24 13:09:55,023 INFO  L138        SettingsManager]:  * TransformationType=MODULO_NEIGHBOR
[2021-04-24 13:09:55,222 INFO  L75    nceAwareModelManager]: Repository-Root is: /tmp
[2021-04-24 13:09:55,256 INFO  L261   ainManager$Toolchain]: [Toolchain 1]: Applicable parser(s) successfully (re)initialized
[2021-04-24 13:09:55,260 INFO  L217   ainManager$Toolchain]: [Toolchain 1]: Toolchain selected.
[2021-04-24 13:09:55,261 INFO  L271        PluginConnector]: Initializing CDTParser...
[2021-04-24 13:09:55,262 INFO  L275        PluginConnector]: CDTParser initialized
[2021-04-24 13:09:55,263 INFO  L432   ainManager$Toolchain]: [Toolchain 1]: Parsing single file: /home/magnago/benchmarks/software_nontermination/C/C/Ultimate/Division_false-termination.c
[2021-04-24 13:09:55,311 INFO  L220              CDTParser]: Created temporary CDT project at /home/singularity/5590053488414a549be0290b85ccedeb/FLAGe60d2e213
[2021-04-24 13:09:55,626 INFO  L306              CDTParser]: Found 1 translation units.
[2021-04-24 13:09:55,627 INFO  L160              CDTParser]: Scanning /home/magnago/benchmarks/software_nontermination/C/C/Ultimate/Division_false-termination.c
[2021-04-24 13:09:55,632 INFO  L349              CDTParser]: About to delete temporary CDT project at /home/singularity/5590053488414a549be0290b85ccedeb/FLAGe60d2e213
[2021-04-24 13:09:56,056 INFO  L357              CDTParser]: Successfully deleted /home/singularity/5590053488414a549be0290b85ccedeb
[2021-04-24 13:09:56,059 INFO  L299   ainManager$Toolchain]: ####################### [Toolchain 1] #######################
[2021-04-24 13:09:56,062 INFO  L131        ToolchainWalker]: Walking toolchain with 6 elements.
[2021-04-24 13:09:56,064 INFO  L113        PluginConnector]: ------------------------CACSL2BoogieTranslator----------------------------
[2021-04-24 13:09:56,064 INFO  L271        PluginConnector]: Initializing CACSL2BoogieTranslator...
[2021-04-24 13:09:56,069 INFO  L275        PluginConnector]: CACSL2BoogieTranslator initialized
[2021-04-24 13:09:56,070 INFO  L185        PluginConnector]: Executing the observer ACSLObjectContainerObserver from plugin CACSL2BoogieTranslator for "CDTParser AST 24.04 01:09:56" (1/1) ...
[2021-04-24 13:09:56,073 INFO  L205        PluginConnector]: Invalid model from CACSL2BoogieTranslator for observer de.uni_freiburg.informatik.ultimate.plugins.generator.cacsl2boogietranslator.ACSLObjectContainerObserver@fe20fc4 and model type de.uni_freiburg.informatik.ultimate.plugins.generator.cacsl2boogietranslator AST 24.04 01:09:56, skipping insertion in model container
[2021-04-24 13:09:56,073 INFO  L185        PluginConnector]: Executing the observer CACSL2BoogieTranslatorObserver from plugin CACSL2BoogieTranslator for "CDTParser AST 24.04 01:09:56" (1/1) ...
[2021-04-24 13:09:56,080 INFO  L145         MainTranslator]: Starting translation in SV-COMP mode 
[2021-04-24 13:09:56,088 INFO  L178         MainTranslator]: Built tables and reachable declarations
[2021-04-24 13:09:56,203 INFO  L206          PostProcessor]: Analyzing one entry point: main
[2021-04-24 13:09:56,206 INFO  L203         MainTranslator]: Completed pre-run
[2021-04-24 13:09:56,220 INFO  L206          PostProcessor]: Analyzing one entry point: main
[2021-04-24 13:09:56,229 INFO  L208         MainTranslator]: Completed translation
[2021-04-24 13:09:56,230 INFO  L202        PluginConnector]: Adding new model de.uni_freiburg.informatik.ultimate.plugins.generator.cacsl2boogietranslator AST 24.04 01:09:56 WrapperNode
[2021-04-24 13:09:56,230 INFO  L132        PluginConnector]: ------------------------ END CACSL2BoogieTranslator----------------------------
[2021-04-24 13:09:56,231 INFO  L113        PluginConnector]: ------------------------Boogie Procedure Inliner----------------------------
[2021-04-24 13:09:56,231 INFO  L271        PluginConnector]: Initializing Boogie Procedure Inliner...
[2021-04-24 13:09:56,231 INFO  L275        PluginConnector]: Boogie Procedure Inliner initialized
[2021-04-24 13:09:56,236 INFO  L185        PluginConnector]: Executing the observer TypeChecker from plugin Boogie Procedure Inliner for "de.uni_freiburg.informatik.ultimate.plugins.generator.cacsl2boogietranslator AST 24.04 01:09:56" (1/1) ...
[2021-04-24 13:09:56,241 INFO  L185        PluginConnector]: Executing the observer Inliner from plugin Boogie Procedure Inliner for "de.uni_freiburg.informatik.ultimate.plugins.generator.cacsl2boogietranslator AST 24.04 01:09:56" (1/1) ...
[2021-04-24 13:09:56,254 INFO  L132        PluginConnector]: ------------------------ END Boogie Procedure Inliner----------------------------
[2021-04-24 13:09:56,254 INFO  L113        PluginConnector]: ------------------------Boogie Preprocessor----------------------------
[2021-04-24 13:09:56,254 INFO  L271        PluginConnector]: Initializing Boogie Preprocessor...
[2021-04-24 13:09:56,254 INFO  L275        PluginConnector]: Boogie Preprocessor initialized
[2021-04-24 13:09:56,260 INFO  L185        PluginConnector]: Executing the observer EnsureBoogieModelObserver from plugin Boogie Preprocessor for "de.uni_freiburg.informatik.ultimate.plugins.generator.cacsl2boogietranslator AST 24.04 01:09:56" (1/1) ...
[2021-04-24 13:09:56,261 INFO  L185        PluginConnector]: Executing the observer TypeChecker from plugin Boogie Preprocessor for "de.uni_freiburg.informatik.ultimate.plugins.generator.cacsl2boogietranslator AST 24.04 01:09:56" (1/1) ...
[2021-04-24 13:09:56,261 INFO  L185        PluginConnector]: Executing the observer ConstExpander from plugin Boogie Preprocessor for "de.uni_freiburg.informatik.ultimate.plugins.generator.cacsl2boogietranslator AST 24.04 01:09:56" (1/1) ...
[2021-04-24 13:09:56,261 INFO  L185        PluginConnector]: Executing the observer StructExpander from plugin Boogie Preprocessor for "de.uni_freiburg.informatik.ultimate.plugins.generator.cacsl2boogietranslator AST 24.04 01:09:56" (1/1) ...
[2021-04-24 13:09:56,262 INFO  L185        PluginConnector]: Executing the observer UnstructureCode from plugin Boogie Preprocessor for "de.uni_freiburg.informatik.ultimate.plugins.generator.cacsl2boogietranslator AST 24.04 01:09:56" (1/1) ...
[2021-04-24 13:09:56,265 INFO  L185        PluginConnector]: Executing the observer FunctionInliner from plugin Boogie Preprocessor for "de.uni_freiburg.informatik.ultimate.plugins.generator.cacsl2boogietranslator AST 24.04 01:09:56" (1/1) ...
[2021-04-24 13:09:56,265 INFO  L185        PluginConnector]: Executing the observer BoogieSymbolTableConstructor from plugin Boogie Preprocessor for "de.uni_freiburg.informatik.ultimate.plugins.generator.cacsl2boogietranslator AST 24.04 01:09:56" (1/1) ...
[2021-04-24 13:09:56,266 INFO  L132        PluginConnector]: ------------------------ END Boogie Preprocessor----------------------------
[2021-04-24 13:09:56,267 INFO  L113        PluginConnector]: ------------------------RCFGBuilder----------------------------
[2021-04-24 13:09:56,267 INFO  L271        PluginConnector]: Initializing RCFGBuilder...
[2021-04-24 13:09:56,267 INFO  L275        PluginConnector]: RCFGBuilder initialized
[2021-04-24 13:09:56,267 INFO  L185        PluginConnector]: Executing the observer RCFGBuilderObserver from plugin RCFGBuilder for "de.uni_freiburg.informatik.ultimate.plugins.generator.cacsl2boogietranslator AST 24.04 01:09:56" (1/1) ...
No working directory specified, using /home/singularity/UAutomizer-linux/z3
Starting monitored process 1 with z3 SMTLIB2_COMPLIANT=true -memory:1024 -smt2 -in -t:12000 (exit command is (exit), workingDir is null)
Waiting until toolchain timeout for monitored process 1 with z3 SMTLIB2_COMPLIANT=true -memory:1024 -smt2 -in -t:12000
[2021-04-24 13:09:56,379 INFO  L130     BoogieDeclarations]: Found specification of procedure ULTIMATE.start
[2021-04-24 13:09:56,379 INFO  L138     BoogieDeclarations]: Found implementation of procedure ULTIMATE.start
[2021-04-24 13:09:56,625 INFO  L294             CfgBuilder]: Using the 1 location(s) as analysis (start of procedure ULTIMATE.start)
[2021-04-24 13:09:56,625 INFO  L299             CfgBuilder]: Removed 5 assume(true) statements.
[2021-04-24 13:09:56,627 INFO  L202        PluginConnector]: Adding new model de.uni_freiburg.informatik.ultimate.plugins.generator.rcfgbuilder CFG 24.04 01:09:56 BoogieIcfgContainer
[2021-04-24 13:09:56,627 INFO  L132        PluginConnector]: ------------------------ END RCFGBuilder----------------------------
[2021-04-24 13:09:56,628 INFO  L113        PluginConnector]: ------------------------BuchiAutomizer----------------------------
[2021-04-24 13:09:56,628 INFO  L271        PluginConnector]: Initializing BuchiAutomizer...
[2021-04-24 13:09:56,633 INFO  L275        PluginConnector]: BuchiAutomizer initialized
[2021-04-24 13:09:56,634 INFO  L99          BuchiAutomizer]: Safety of program was proven or not checked, starting termination analysis
[2021-04-24 13:09:56,635 INFO  L185        PluginConnector]: Executing the observer BuchiAutomizerObserver from plugin BuchiAutomizer for "CDTParser AST 24.04 01:09:56" (1/3) ...
[2021-04-24 13:09:56,637 INFO  L205        PluginConnector]: Invalid model from BuchiAutomizer for observer de.uni_freiburg.informatik.ultimate.plugins.generator.buchiautomizer.BuchiAutomizerObserver@466b370a and model type de.uni_freiburg.informatik.ultimate.plugins.generator.buchiautomizer AST 24.04 01:09:56, skipping insertion in model container
[2021-04-24 13:09:56,637 INFO  L99          BuchiAutomizer]: Safety of program was proven or not checked, starting termination analysis
[2021-04-24 13:09:56,637 INFO  L185        PluginConnector]: Executing the observer BuchiAutomizerObserver from plugin BuchiAutomizer for "de.uni_freiburg.informatik.ultimate.plugins.generator.cacsl2boogietranslator AST 24.04 01:09:56" (2/3) ...
[2021-04-24 13:09:56,638 INFO  L205        PluginConnector]: Invalid model from BuchiAutomizer for observer de.uni_freiburg.informatik.ultimate.plugins.generator.buchiautomizer.BuchiAutomizerObserver@466b370a and model type de.uni_freiburg.informatik.ultimate.plugins.generator.buchiautomizer AST 24.04 01:09:56, skipping insertion in model container
[2021-04-24 13:09:56,638 INFO  L99          BuchiAutomizer]: Safety of program was proven or not checked, starting termination analysis
[2021-04-24 13:09:56,638 INFO  L185        PluginConnector]: Executing the observer BuchiAutomizerObserver from plugin BuchiAutomizer for "de.uni_freiburg.informatik.ultimate.plugins.generator.rcfgbuilder CFG 24.04 01:09:56" (3/3) ...
[2021-04-24 13:09:56,641 INFO  L389   chiAutomizerObserver]: Analyzing ICFG Division_false-termination.c
[2021-04-24 13:09:56,691 INFO  L359         BuchiCegarLoop]: Interprodecural is true
[2021-04-24 13:09:56,691 INFO  L360         BuchiCegarLoop]: Hoare is false
[2021-04-24 13:09:56,691 INFO  L361         BuchiCegarLoop]: Compute interpolants for ForwardPredicates
[2021-04-24 13:09:56,691 INFO  L362         BuchiCegarLoop]: Backedges is STRAIGHT_LINE
[2021-04-24 13:09:56,691 INFO  L363         BuchiCegarLoop]: Determinization is PREDICATE_ABSTRACTION
[2021-04-24 13:09:56,691 INFO  L364         BuchiCegarLoop]: Difference is false
[2021-04-24 13:09:56,692 INFO  L365         BuchiCegarLoop]: Minimize is MINIMIZE_SEVPA
[2021-04-24 13:09:56,692 INFO  L368         BuchiCegarLoop]: ======== Iteration 0==of CEGAR loop == BuchiCegarLoop========
[2021-04-24 13:09:56,704 INFO  L72            BuchiIsEmpty]: Start buchiIsEmpty. Operand 6 states.
[2021-04-24 13:09:56,717 INFO  L131   ngComponentsAnalysis]: Automaton has 1 accepting balls. 1
[2021-04-24 13:09:56,717 INFO  L87            BuchiIsEmpty]: Finished buchiIsEmpty Result is false
[2021-04-24 13:09:56,717 INFO  L119           BuchiIsEmpty]: Starting construction of run
[2021-04-24 13:09:56,721 INFO  L853         BuchiCegarLoop]: Counterexample stem histogram [1]
[2021-04-24 13:09:56,721 INFO  L854         BuchiCegarLoop]: Counterexample loop histogram [1]
[2021-04-24 13:09:56,721 INFO  L427         BuchiCegarLoop]: ======== Iteration 1============
[2021-04-24 13:09:56,722 INFO  L72            BuchiIsEmpty]: Start buchiIsEmpty. Operand 6 states.
[2021-04-24 13:09:56,722 INFO  L131   ngComponentsAnalysis]: Automaton has 1 accepting balls. 1
[2021-04-24 13:09:56,722 INFO  L87            BuchiIsEmpty]: Finished buchiIsEmpty Result is false
[2021-04-24 13:09:56,722 INFO  L119           BuchiIsEmpty]: Starting construction of run
[2021-04-24 13:09:56,722 INFO  L853         BuchiCegarLoop]: Counterexample stem histogram [1]
[2021-04-24 13:09:56,722 INFO  L854         BuchiCegarLoop]: Counterexample loop histogram [1]
[2021-04-24 13:09:56,728 INFO  L794   eck$LassoCheckResult]: Stem: 3#ULTIMATE.startENTRYtrue havoc main_#res;havoc main_#t~nondet0, main_~y~0;main_~y~0 := main_#t~nondet0;havoc main_#t~nondet0; 6#L14-2true 
[2021-04-24 13:09:56,728 INFO  L796   eck$LassoCheckResult]: Loop: 6#L14-2true assume !!(main_~y~0 >= 0 && main_~y~0 <= 10);main_~y~0 := (if 1 + 2 * main_~y~0 < 0 && 0 != (1 + 2 * main_~y~0) % 2 then 1 + (1 + 2 * main_~y~0) / 2 else (1 + 2 * main_~y~0) / 2); 6#L14-2true 
[2021-04-24 13:09:56,732 INFO  L144       PredicateUnifier]: Initialized classic predicate unifier
[2021-04-24 13:09:56,733 INFO  L82        PathProgramCache]: Analyzing trace with hash 32, now seen corresponding path program 1 times
[2021-04-24 13:09:56,740 INFO  L162   FreeRefinementEngine]: Executing refinement strategy CAMEL
[2021-04-24 13:09:56,740 INFO  L353   FreeRefinementEngine]: Using trace check IpTcStrategyModuleSmtInterpolCraig [842419953]
[2021-04-24 13:09:56,740 INFO  L95    rtionOrderModulation]: Keeping assertion order NOT_INCREMENTALLY
[2021-04-24 13:09:56,798 INFO  L136    AnnotateAndAsserter]: Conjunction of SSA is sat
[2021-04-24 13:09:56,798 INFO  L221             TraceCheck]: Trace is feasible, we will do another trace check, this time with branch encoders.
[2021-04-24 13:09:56,801 INFO  L136    AnnotateAndAsserter]: Conjunction of SSA is sat
[2021-04-24 13:09:56,801 INFO  L221             TraceCheck]: Trace is feasible, we will do another trace check, this time with branch encoders.
[2021-04-24 13:09:56,813 INFO  L173   FreeRefinementEngine]: Strategy CAMEL found a feasible trace
[2021-04-24 13:09:56,814 INFO  L144       PredicateUnifier]: Initialized classic predicate unifier
[2021-04-24 13:09:56,815 INFO  L82        PathProgramCache]: Analyzing trace with hash 41, now seen corresponding path program 1 times
[2021-04-24 13:09:56,815 INFO  L162   FreeRefinementEngine]: Executing refinement strategy CAMEL
[2021-04-24 13:09:56,815 INFO  L353   FreeRefinementEngine]: Using trace check IpTcStrategyModuleSmtInterpolCraig [1198090552]
[2021-04-24 13:09:56,815 INFO  L95    rtionOrderModulation]: Keeping assertion order NOT_INCREMENTALLY
[2021-04-24 13:09:56,828 INFO  L136    AnnotateAndAsserter]: Conjunction of SSA is sat
[2021-04-24 13:09:56,829 INFO  L221             TraceCheck]: Trace is feasible, we will do another trace check, this time with branch encoders.
[2021-04-24 13:09:56,833 INFO  L136    AnnotateAndAsserter]: Conjunction of SSA is sat
[2021-04-24 13:09:56,833 INFO  L221             TraceCheck]: Trace is feasible, we will do another trace check, this time with branch encoders.
[2021-04-24 13:09:56,834 INFO  L173   FreeRefinementEngine]: Strategy CAMEL found a feasible trace
[2021-04-24 13:09:56,835 INFO  L144       PredicateUnifier]: Initialized classic predicate unifier
[2021-04-24 13:09:56,835 INFO  L82        PathProgramCache]: Analyzing trace with hash 1002, now seen corresponding path program 1 times
[2021-04-24 13:09:56,836 INFO  L162   FreeRefinementEngine]: Executing refinement strategy CAMEL
[2021-04-24 13:09:56,836 INFO  L353   FreeRefinementEngine]: Using trace check IpTcStrategyModuleSmtInterpolCraig [119017846]
[2021-04-24 13:09:56,836 INFO  L95    rtionOrderModulation]: Keeping assertion order NOT_INCREMENTALLY
[2021-04-24 13:09:56,841 INFO  L136    AnnotateAndAsserter]: Conjunction of SSA is sat
[2021-04-24 13:09:56,841 INFO  L221             TraceCheck]: Trace is feasible, we will do another trace check, this time with branch encoders.
[2021-04-24 13:09:56,845 INFO  L136    AnnotateAndAsserter]: Conjunction of SSA is sat
[2021-04-24 13:09:56,846 INFO  L221             TraceCheck]: Trace is feasible, we will do another trace check, this time with branch encoders.
[2021-04-24 13:09:56,847 INFO  L173   FreeRefinementEngine]: Strategy CAMEL found a feasible trace
[2021-04-24 13:09:56,934 INFO  L202        PluginConnector]: Adding new model de.uni_freiburg.informatik.ultimate.plugins.generator.buchiautomizer CFG 24.04 01:09:56 BoogieIcfgContainer
[2021-04-24 13:09:56,934 INFO  L132        PluginConnector]: ------------------------ END BuchiAutomizer----------------------------
[2021-04-24 13:09:56,935 INFO  L113        PluginConnector]: ------------------------Witness Printer----------------------------
[2021-04-24 13:09:56,935 INFO  L271        PluginConnector]: Initializing Witness Printer...
[2021-04-24 13:09:56,935 INFO  L275        PluginConnector]: Witness Printer initialized
[2021-04-24 13:09:56,936 INFO  L185        PluginConnector]: Executing the observer RCFGCatcher from plugin Witness Printer for "de.uni_freiburg.informatik.ultimate.plugins.generator.rcfgbuilder CFG 24.04 01:09:56" (3/4) ...
[2021-04-24 13:09:56,938 INFO  L134         WitnessPrinter]: Generating witness for non-termination counterexample
[2021-04-24 13:09:56,971 INFO  L141         WitnessManager]: Wrote witness to /home/magnago/benchmarks/software_nontermination/C/C/Ultimate/Division_false-termination.c-witness.graphml
[2021-04-24 13:09:56,971 INFO  L132        PluginConnector]: ------------------------ END Witness Printer----------------------------
[2021-04-24 13:09:56,973 INFO  L168              Benchmark]: Toolchain (without parser) took 911.55 ms. Allocated memory is still 545.3 MB. Free memory was 492.1 MB in the beginning and 488.1 MB in the end (delta: 4.1 MB). There was no memory consumed. Max. memory is 21.5 GB.
[2021-04-24 13:09:56,973 INFO  L168              Benchmark]: CDTParser took 0.12 ms. Allocated memory is still 545.3 MB. Free memory is still 508.8 MB. There was no memory consumed. Max. memory is 21.5 GB.
[2021-04-24 13:09:56,974 INFO  L168              Benchmark]: CACSL2BoogieTranslator took 166.49 ms. Allocated memory is still 545.3 MB. Free memory was 491.8 MB in the beginning and 521.6 MB in the end (delta: -29.8 MB). Peak memory consumption was 19.7 MB. Max. memory is 21.5 GB.
[2021-04-24 13:09:56,974 INFO  L168              Benchmark]: Boogie Procedure Inliner took 23.26 ms. Allocated memory is still 545.3 MB. Free memory was 521.6 MB in the beginning and 520.5 MB in the end (delta: 1.0 MB). There was no memory consumed. Max. memory is 21.5 GB.
[2021-04-24 13:09:56,975 INFO  L168              Benchmark]: Boogie Preprocessor took 11.77 ms. Allocated memory is still 545.3 MB. Free memory was 520.5 MB in the beginning and 519.3 MB in the end (delta: 1.2 MB). There was no memory consumed. Max. memory is 21.5 GB.
[2021-04-24 13:09:56,975 INFO  L168              Benchmark]: RCFGBuilder took 360.50 ms. Allocated memory is still 545.3 MB. Free memory was 519.3 MB in the beginning and 510.6 MB in the end (delta: 8.7 MB). Peak memory consumption was 8.4 MB. Max. memory is 21.5 GB.
[2021-04-24 13:09:56,975 INFO  L168              Benchmark]: BuchiAutomizer took 306.56 ms. Allocated memory is still 545.3 MB. Free memory was 510.6 MB in the beginning and 489.6 MB in the end (delta: 21.0 MB). Peak memory consumption was 21.0 MB. Max. memory is 21.5 GB.
[2021-04-24 13:09:56,976 INFO  L168              Benchmark]: Witness Printer took 36.42 ms. Allocated memory is still 545.3 MB. Free memory was 489.2 MB in the beginning and 488.1 MB in the end (delta: 1.2 MB). There was no memory consumed. Max. memory is 21.5 GB.
[2021-04-24 13:09:56,979 INFO  L339   ainManager$Toolchain]: #######################  End [Toolchain 1] #######################
 --- Results ---
 * Results from de.uni_freiburg.informatik.ultimate.core:
  - StatisticsResult: Toolchain Benchmarks
    Benchmark results are:
 * CDTParser took 0.12 ms. Allocated memory is still 545.3 MB. Free memory is still 508.8 MB. There was no memory consumed. Max. memory is 21.5 GB.
 * CACSL2BoogieTranslator took 166.49 ms. Allocated memory is still 545.3 MB. Free memory was 491.8 MB in the beginning and 521.6 MB in the end (delta: -29.8 MB). Peak memory consumption was 19.7 MB. Max. memory is 21.5 GB.
 * Boogie Procedure Inliner took 23.26 ms. Allocated memory is still 545.3 MB. Free memory was 521.6 MB in the beginning and 520.5 MB in the end (delta: 1.0 MB). There was no memory consumed. Max. memory is 21.5 GB.
 * Boogie Preprocessor took 11.77 ms. Allocated memory is still 545.3 MB. Free memory was 520.5 MB in the beginning and 519.3 MB in the end (delta: 1.2 MB). There was no memory consumed. Max. memory is 21.5 GB.
 * RCFGBuilder took 360.50 ms. Allocated memory is still 545.3 MB. Free memory was 519.3 MB in the beginning and 510.6 MB in the end (delta: 8.7 MB). Peak memory consumption was 8.4 MB. Max. memory is 21.5 GB.
 * BuchiAutomizer took 306.56 ms. Allocated memory is still 545.3 MB. Free memory was 510.6 MB in the beginning and 489.6 MB in the end (delta: 21.0 MB). Peak memory consumption was 21.0 MB. Max. memory is 21.5 GB.
 * Witness Printer took 36.42 ms. Allocated memory is still 545.3 MB. Free memory was 489.2 MB in the beginning and 488.1 MB in the end (delta: 1.2 MB). There was no memory consumed. Max. memory is 21.5 GB.
 * Results from de.uni_freiburg.informatik.ultimate.plugins.generator.traceabstraction:
  - StatisticsResult: Constructed decomposition of program
    Trivial decomposition into one nonterminating module.
  - StatisticsResult: Timing statistics
    B?chiAutomizer plugin needed 0.2s and 1 iterations.  TraceHistogramMax:1. Analysis of lassos took 0.2s. Construction of modules took 0.0s. B?chi inclusion checks took 0.0s. Highest rank in rank-based complementation 0. Minimization of det autom 0. Minimization of nondet autom 0. Automata minimization No data available. Non-live state removal took 0.0s Buchi closure took 0.0s. Biggest automaton had -1 states and ocurred in iteration -1.	Nontrivial modules had stage [0, 0, 0, 0, 0].	InterpolantCoveringCapabilityFinite: 0/0	InterpolantCoveringCapabilityBuchi: 0/0	HoareTripleCheckerStatistics: No data available	LassoAnalysisResults: nont1 unkn0 SFLI0 SFLT0 conc0 concLT0 SILN0 SILU0 SILI0 SILT0 lasso0 LassoPreprocessingBenchmarks: LassoTerminationAnalysisBenchmarks: not availableLassoTerminationAnalysisBenchmarks: LassoNonterminationAnalysisSatFixpoint: 0	LassoNonterminationAnalysisSatUnbounded: 0	LassoNonterminationAnalysisUnsat: 0	LassoNonterminationAnalysisUnknown: 0	LassoNonterminationAnalysisTime: 0.0s	
  - TerminationAnalysisResult: Nontermination possible
    Buchi Automizer proved that your program is nonterminating for some inputs
  - FixpointNonTerminationResult [Line: 14]: Nontermination argument in form of an infinite program execution.
    Nontermination argument in form of an infinite execution
State at position 0 is
{}
State at position 1 is
{org.eclipse.cdt.internal.core.dom.parser.c.CASTFunctionCallExpression@1c95a4ad=0, \result=0, y=0}
  - StatisticsResult: NonterminationArgumentStatistics
    Fixpoint
  - NonterminatingLassoResult [Line: 14]: Nonterminating execution
    Found a nonterminating execution for the following lasso shaped sequence of statements.
Stem:
[L13]        int y = __VERIFIER_nondet_int();
Loop:
[L14]  COND TRUE  y >= 0 && y <= 10
[L15]             y = (2*y + 1) / 2
End of lasso representation.
RESULT: Ultimate proved your program to be incorrect!
Received shutdown request...
