Creating empty 100MiB image file: /home/magnago/overlay/Madrid_false-termination.c.ext3
Formatting image with ext3 file system
Image is done: /home/magnago/overlay/Madrid_false-termination.c.ext3
This is Ultimate 0.2.1-54a68f4
[2021-04-24 13:09:54,964 INFO  L177        SettingsManager]: Resetting all preferences to default values...
[2021-04-24 13:09:54,966 INFO  L181        SettingsManager]: Resetting UltimateCore preferences to default values
[2021-04-24 13:09:55,016 INFO  L184        SettingsManager]: Ultimate Commandline Interface provides no preferences, ignoring...
[2021-04-24 13:09:55,016 INFO  L181        SettingsManager]: Resetting Boogie Preprocessor preferences to default values
[2021-04-24 13:09:55,017 INFO  L181        SettingsManager]: Resetting Boogie Procedure Inliner preferences to default values
[2021-04-24 13:09:55,018 INFO  L181        SettingsManager]: Resetting Abstract Interpretation preferences to default values
[2021-04-24 13:09:55,019 INFO  L181        SettingsManager]: Resetting LassoRanker preferences to default values
[2021-04-24 13:09:55,021 INFO  L181        SettingsManager]: Resetting Reaching Definitions preferences to default values
[2021-04-24 13:09:55,022 INFO  L181        SettingsManager]: Resetting SyntaxChecker preferences to default values
[2021-04-24 13:09:55,023 INFO  L181        SettingsManager]: Resetting Sifa preferences to default values
[2021-04-24 13:09:55,024 INFO  L184        SettingsManager]: B?chi Program Product provides no preferences, ignoring...
[2021-04-24 13:09:55,025 INFO  L181        SettingsManager]: Resetting LTL2Aut preferences to default values
[2021-04-24 13:09:55,025 INFO  L181        SettingsManager]: Resetting PEA to Boogie preferences to default values
[2021-04-24 13:09:55,026 INFO  L181        SettingsManager]: Resetting BlockEncodingV2 preferences to default values
[2021-04-24 13:09:55,027 INFO  L181        SettingsManager]: Resetting ChcToBoogie preferences to default values
[2021-04-24 13:09:55,028 INFO  L181        SettingsManager]: Resetting AutomataScriptInterpreter preferences to default values
[2021-04-24 13:09:55,029 INFO  L181        SettingsManager]: Resetting BuchiAutomizer preferences to default values
[2021-04-24 13:09:55,030 INFO  L181        SettingsManager]: Resetting CACSL2BoogieTranslator preferences to default values
[2021-04-24 13:09:55,032 INFO  L181        SettingsManager]: Resetting CodeCheck preferences to default values
[2021-04-24 13:09:55,034 INFO  L181        SettingsManager]: Resetting InvariantSynthesis preferences to default values
[2021-04-24 13:09:55,035 INFO  L181        SettingsManager]: Resetting RCFGBuilder preferences to default values
[2021-04-24 13:09:55,037 INFO  L181        SettingsManager]: Resetting Referee preferences to default values
[2021-04-24 13:09:55,037 INFO  L181        SettingsManager]: Resetting TraceAbstraction preferences to default values
[2021-04-24 13:09:55,040 INFO  L184        SettingsManager]: TraceAbstractionConcurrent provides no preferences, ignoring...
[2021-04-24 13:09:55,040 INFO  L184        SettingsManager]: TraceAbstractionWithAFAs provides no preferences, ignoring...
[2021-04-24 13:09:55,040 INFO  L181        SettingsManager]: Resetting TreeAutomizer preferences to default values
[2021-04-24 13:09:55,041 INFO  L181        SettingsManager]: Resetting IcfgToChc preferences to default values
[2021-04-24 13:09:55,042 INFO  L181        SettingsManager]: Resetting IcfgTransformer preferences to default values
[2021-04-24 13:09:55,043 INFO  L184        SettingsManager]: ReqToTest provides no preferences, ignoring...
[2021-04-24 13:09:55,043 INFO  L181        SettingsManager]: Resetting Boogie Printer preferences to default values
[2021-04-24 13:09:55,043 INFO  L181        SettingsManager]: Resetting ChcSmtPrinter preferences to default values
[2021-04-24 13:09:55,044 INFO  L181        SettingsManager]: Resetting ReqPrinter preferences to default values
[2021-04-24 13:09:55,044 INFO  L181        SettingsManager]: Resetting Witness Printer preferences to default values
[2021-04-24 13:09:55,045 INFO  L184        SettingsManager]: Boogie PL CUP Parser provides no preferences, ignoring...
[2021-04-24 13:09:55,045 INFO  L181        SettingsManager]: Resetting CDTParser preferences to default values
[2021-04-24 13:09:55,046 INFO  L184        SettingsManager]: AutomataScriptParser provides no preferences, ignoring...
[2021-04-24 13:09:55,046 INFO  L184        SettingsManager]: ReqParser provides no preferences, ignoring...
[2021-04-24 13:09:55,046 INFO  L181        SettingsManager]: Resetting SmtParser preferences to default values
[2021-04-24 13:09:55,047 INFO  L181        SettingsManager]: Resetting Witness Parser preferences to default values
[2021-04-24 13:09:55,047 INFO  L188        SettingsManager]: Finished resetting all preferences to default values...
[2021-04-24 13:09:55,048 INFO  L101        SettingsManager]: Beginning loading settings from /home/singularity/UAutomizer-linux/config/svcomp-Termination-64bit-Automizer_Default.epf
[2021-04-24 13:09:55,064 INFO  L113        SettingsManager]: Loading preferences was successful
[2021-04-24 13:09:55,064 INFO  L115        SettingsManager]: Preferences different from defaults after loading the file:
[2021-04-24 13:09:55,065 INFO  L136        SettingsManager]: Preferences of BlockEncodingV2 differ from their defaults:
[2021-04-24 13:09:55,065 INFO  L138        SettingsManager]:  * Create parallel compositions if possible=false
[2021-04-24 13:09:55,065 INFO  L138        SettingsManager]:  * Use SBE=true
[2021-04-24 13:09:55,065 INFO  L136        SettingsManager]: Preferences of BuchiAutomizer differ from their defaults:
[2021-04-24 13:09:55,066 INFO  L138        SettingsManager]:  * NCSB implementation=INTSET_LAZY3
[2021-04-24 13:09:55,066 INFO  L138        SettingsManager]:  * Use old map elimination=false
[2021-04-24 13:09:55,066 INFO  L138        SettingsManager]:  * Use external solver (rank synthesis)=false
[2021-04-24 13:09:55,066 INFO  L138        SettingsManager]:  * Use only trivial implications for array writes=true
[2021-04-24 13:09:55,066 INFO  L138        SettingsManager]:  * Rank analysis=LINEAR_WITH_GUESSES
[2021-04-24 13:09:55,066 INFO  L136        SettingsManager]: Preferences of CACSL2BoogieTranslator differ from their defaults:
[2021-04-24 13:09:55,066 INFO  L138        SettingsManager]:  * Check unreachability of error function in SV-COMP mode=false
[2021-04-24 13:09:55,066 INFO  L138        SettingsManager]:  * Overapproximate operations on floating types=true
[2021-04-24 13:09:55,066 INFO  L138        SettingsManager]:  * Check division by zero=IGNORE
[2021-04-24 13:09:55,067 INFO  L138        SettingsManager]:  * Pointer to allocated memory at dereference=ASSUME
[2021-04-24 13:09:55,067 INFO  L138        SettingsManager]:  * If two pointers are subtracted or compared they have the same base address=ASSUME
[2021-04-24 13:09:55,067 INFO  L138        SettingsManager]:  * Check array bounds for arrays that are off heap=ASSUME
[2021-04-24 13:09:55,067 INFO  L138        SettingsManager]:  * Check if freed pointer was valid=false
[2021-04-24 13:09:55,067 INFO  L138        SettingsManager]:  * Assume nondeterminstic values are in range=false
[2021-04-24 13:09:55,067 INFO  L138        SettingsManager]:  * Use constant arrays=true
[2021-04-24 13:09:55,067 INFO  L138        SettingsManager]:  * Pointer base address is valid at dereference=ASSUME
[2021-04-24 13:09:55,067 INFO  L136        SettingsManager]: Preferences of RCFGBuilder differ from their defaults:
[2021-04-24 13:09:55,067 INFO  L138        SettingsManager]:  * Size of a code block=SequenceOfStatements
[2021-04-24 13:09:55,068 INFO  L136        SettingsManager]: Preferences of TraceAbstraction differ from their defaults:
[2021-04-24 13:09:55,068 INFO  L138        SettingsManager]:  * Trace refinement strategy=CAMEL
[2021-04-24 13:09:55,068 INFO  L138        SettingsManager]:  * Trace refinement exception blacklist=NONE
[2021-04-24 13:09:55,068 INFO  L136        SettingsManager]: Preferences of IcfgTransformer differ from their defaults:
[2021-04-24 13:09:55,069 INFO  L138        SettingsManager]:  * TransformationType=MODULO_NEIGHBOR
[2021-04-24 13:09:55,271 INFO  L75    nceAwareModelManager]: Repository-Root is: /tmp
[2021-04-24 13:09:55,299 INFO  L261   ainManager$Toolchain]: [Toolchain 1]: Applicable parser(s) successfully (re)initialized
[2021-04-24 13:09:55,301 INFO  L217   ainManager$Toolchain]: [Toolchain 1]: Toolchain selected.
[2021-04-24 13:09:55,302 INFO  L271        PluginConnector]: Initializing CDTParser...
[2021-04-24 13:09:55,303 INFO  L275        PluginConnector]: CDTParser initialized
[2021-04-24 13:09:55,303 INFO  L432   ainManager$Toolchain]: [Toolchain 1]: Parsing single file: /home/magnago/benchmarks/software_nontermination/C/C/Ultimate/Madrid_false-termination.c
[2021-04-24 13:09:55,350 INFO  L220              CDTParser]: Created temporary CDT project at /home/singularity/534010a3777d48548a5427d20f2a1e8c/FLAGfecb46ac3
[2021-04-24 13:09:55,670 INFO  L306              CDTParser]: Found 1 translation units.
[2021-04-24 13:09:55,670 INFO  L160              CDTParser]: Scanning /home/magnago/benchmarks/software_nontermination/C/C/Ultimate/Madrid_false-termination.c
[2021-04-24 13:09:55,676 INFO  L349              CDTParser]: About to delete temporary CDT project at /home/singularity/534010a3777d48548a5427d20f2a1e8c/FLAGfecb46ac3
[2021-04-24 13:09:56,093 INFO  L357              CDTParser]: Successfully deleted /home/singularity/534010a3777d48548a5427d20f2a1e8c
[2021-04-24 13:09:56,095 INFO  L299   ainManager$Toolchain]: ####################### [Toolchain 1] #######################
[2021-04-24 13:09:56,097 INFO  L131        ToolchainWalker]: Walking toolchain with 6 elements.
[2021-04-24 13:09:56,099 INFO  L113        PluginConnector]: ------------------------CACSL2BoogieTranslator----------------------------
[2021-04-24 13:09:56,099 INFO  L271        PluginConnector]: Initializing CACSL2BoogieTranslator...
[2021-04-24 13:09:56,104 INFO  L275        PluginConnector]: CACSL2BoogieTranslator initialized
[2021-04-24 13:09:56,105 INFO  L185        PluginConnector]: Executing the observer ACSLObjectContainerObserver from plugin CACSL2BoogieTranslator for "CDTParser AST 24.04 01:09:56" (1/1) ...
[2021-04-24 13:09:56,108 INFO  L205        PluginConnector]: Invalid model from CACSL2BoogieTranslator for observer de.uni_freiburg.informatik.ultimate.plugins.generator.cacsl2boogietranslator.ACSLObjectContainerObserver@79bc5a6a and model type de.uni_freiburg.informatik.ultimate.plugins.generator.cacsl2boogietranslator AST 24.04 01:09:56, skipping insertion in model container
[2021-04-24 13:09:56,108 INFO  L185        PluginConnector]: Executing the observer CACSL2BoogieTranslatorObserver from plugin CACSL2BoogieTranslator for "CDTParser AST 24.04 01:09:56" (1/1) ...
[2021-04-24 13:09:56,115 INFO  L145         MainTranslator]: Starting translation in SV-COMP mode 
[2021-04-24 13:09:56,121 INFO  L178         MainTranslator]: Built tables and reachable declarations
[2021-04-24 13:09:56,219 INFO  L206          PostProcessor]: Analyzing one entry point: main
[2021-04-24 13:09:56,222 INFO  L203         MainTranslator]: Completed pre-run
[2021-04-24 13:09:56,246 INFO  L206          PostProcessor]: Analyzing one entry point: main
[2021-04-24 13:09:56,259 INFO  L208         MainTranslator]: Completed translation
[2021-04-24 13:09:56,260 INFO  L202        PluginConnector]: Adding new model de.uni_freiburg.informatik.ultimate.plugins.generator.cacsl2boogietranslator AST 24.04 01:09:56 WrapperNode
[2021-04-24 13:09:56,260 INFO  L132        PluginConnector]: ------------------------ END CACSL2BoogieTranslator----------------------------
[2021-04-24 13:09:56,261 INFO  L113        PluginConnector]: ------------------------Boogie Procedure Inliner----------------------------
[2021-04-24 13:09:56,261 INFO  L271        PluginConnector]: Initializing Boogie Procedure Inliner...
[2021-04-24 13:09:56,261 INFO  L275        PluginConnector]: Boogie Procedure Inliner initialized
[2021-04-24 13:09:56,267 INFO  L185        PluginConnector]: Executing the observer TypeChecker from plugin Boogie Procedure Inliner for "de.uni_freiburg.informatik.ultimate.plugins.generator.cacsl2boogietranslator AST 24.04 01:09:56" (1/1) ...
[2021-04-24 13:09:56,270 INFO  L185        PluginConnector]: Executing the observer Inliner from plugin Boogie Procedure Inliner for "de.uni_freiburg.informatik.ultimate.plugins.generator.cacsl2boogietranslator AST 24.04 01:09:56" (1/1) ...
[2021-04-24 13:09:56,284 INFO  L132        PluginConnector]: ------------------------ END Boogie Procedure Inliner----------------------------
[2021-04-24 13:09:56,285 INFO  L113        PluginConnector]: ------------------------Boogie Preprocessor----------------------------
[2021-04-24 13:09:56,285 INFO  L271        PluginConnector]: Initializing Boogie Preprocessor...
[2021-04-24 13:09:56,285 INFO  L275        PluginConnector]: Boogie Preprocessor initialized
[2021-04-24 13:09:56,294 INFO  L185        PluginConnector]: Executing the observer EnsureBoogieModelObserver from plugin Boogie Preprocessor for "de.uni_freiburg.informatik.ultimate.plugins.generator.cacsl2boogietranslator AST 24.04 01:09:56" (1/1) ...
[2021-04-24 13:09:56,295 INFO  L185        PluginConnector]: Executing the observer TypeChecker from plugin Boogie Preprocessor for "de.uni_freiburg.informatik.ultimate.plugins.generator.cacsl2boogietranslator AST 24.04 01:09:56" (1/1) ...
[2021-04-24 13:09:56,295 INFO  L185        PluginConnector]: Executing the observer ConstExpander from plugin Boogie Preprocessor for "de.uni_freiburg.informatik.ultimate.plugins.generator.cacsl2boogietranslator AST 24.04 01:09:56" (1/1) ...
[2021-04-24 13:09:56,295 INFO  L185        PluginConnector]: Executing the observer StructExpander from plugin Boogie Preprocessor for "de.uni_freiburg.informatik.ultimate.plugins.generator.cacsl2boogietranslator AST 24.04 01:09:56" (1/1) ...
[2021-04-24 13:09:56,297 INFO  L185        PluginConnector]: Executing the observer UnstructureCode from plugin Boogie Preprocessor for "de.uni_freiburg.informatik.ultimate.plugins.generator.cacsl2boogietranslator AST 24.04 01:09:56" (1/1) ...
[2021-04-24 13:09:56,301 INFO  L185        PluginConnector]: Executing the observer FunctionInliner from plugin Boogie Preprocessor for "de.uni_freiburg.informatik.ultimate.plugins.generator.cacsl2boogietranslator AST 24.04 01:09:56" (1/1) ...
[2021-04-24 13:09:56,302 INFO  L185        PluginConnector]: Executing the observer BoogieSymbolTableConstructor from plugin Boogie Preprocessor for "de.uni_freiburg.informatik.ultimate.plugins.generator.cacsl2boogietranslator AST 24.04 01:09:56" (1/1) ...
[2021-04-24 13:09:56,303 INFO  L132        PluginConnector]: ------------------------ END Boogie Preprocessor----------------------------
[2021-04-24 13:09:56,304 INFO  L113        PluginConnector]: ------------------------RCFGBuilder----------------------------
[2021-04-24 13:09:56,304 INFO  L271        PluginConnector]: Initializing RCFGBuilder...
[2021-04-24 13:09:56,304 INFO  L275        PluginConnector]: RCFGBuilder initialized
[2021-04-24 13:09:56,305 INFO  L185        PluginConnector]: Executing the observer RCFGBuilderObserver from plugin RCFGBuilder for "de.uni_freiburg.informatik.ultimate.plugins.generator.cacsl2boogietranslator AST 24.04 01:09:56" (1/1) ...
No working directory specified, using /home/singularity/UAutomizer-linux/z3
Starting monitored process 1 with z3 SMTLIB2_COMPLIANT=true -memory:1024 -smt2 -in -t:12000 (exit command is (exit), workingDir is null)
Waiting until toolchain timeout for monitored process 1 with z3 SMTLIB2_COMPLIANT=true -memory:1024 -smt2 -in -t:12000
[2021-04-24 13:09:56,407 INFO  L130     BoogieDeclarations]: Found specification of procedure ULTIMATE.start
[2021-04-24 13:09:56,408 INFO  L138     BoogieDeclarations]: Found implementation of procedure ULTIMATE.start
[2021-04-24 13:09:56,615 INFO  L294             CfgBuilder]: Using the 1 location(s) as analysis (start of procedure ULTIMATE.start)
[2021-04-24 13:09:56,615 INFO  L299             CfgBuilder]: Removed 5 assume(true) statements.
[2021-04-24 13:09:56,616 INFO  L202        PluginConnector]: Adding new model de.uni_freiburg.informatik.ultimate.plugins.generator.rcfgbuilder CFG 24.04 01:09:56 BoogieIcfgContainer
[2021-04-24 13:09:56,616 INFO  L132        PluginConnector]: ------------------------ END RCFGBuilder----------------------------
[2021-04-24 13:09:56,617 INFO  L113        PluginConnector]: ------------------------BuchiAutomizer----------------------------
[2021-04-24 13:09:56,618 INFO  L271        PluginConnector]: Initializing BuchiAutomizer...
[2021-04-24 13:09:56,620 INFO  L275        PluginConnector]: BuchiAutomizer initialized
[2021-04-24 13:09:56,620 INFO  L99          BuchiAutomizer]: Safety of program was proven or not checked, starting termination analysis
[2021-04-24 13:09:56,621 INFO  L185        PluginConnector]: Executing the observer BuchiAutomizerObserver from plugin BuchiAutomizer for "CDTParser AST 24.04 01:09:56" (1/3) ...
[2021-04-24 13:09:56,622 INFO  L205        PluginConnector]: Invalid model from BuchiAutomizer for observer de.uni_freiburg.informatik.ultimate.plugins.generator.buchiautomizer.BuchiAutomizerObserver@4ae7311a and model type de.uni_freiburg.informatik.ultimate.plugins.generator.buchiautomizer AST 24.04 01:09:56, skipping insertion in model container
[2021-04-24 13:09:56,622 INFO  L99          BuchiAutomizer]: Safety of program was proven or not checked, starting termination analysis
[2021-04-24 13:09:56,622 INFO  L185        PluginConnector]: Executing the observer BuchiAutomizerObserver from plugin BuchiAutomizer for "de.uni_freiburg.informatik.ultimate.plugins.generator.cacsl2boogietranslator AST 24.04 01:09:56" (2/3) ...
[2021-04-24 13:09:56,623 INFO  L205        PluginConnector]: Invalid model from BuchiAutomizer for observer de.uni_freiburg.informatik.ultimate.plugins.generator.buchiautomizer.BuchiAutomizerObserver@4ae7311a and model type de.uni_freiburg.informatik.ultimate.plugins.generator.buchiautomizer AST 24.04 01:09:56, skipping insertion in model container
[2021-04-24 13:09:56,623 INFO  L99          BuchiAutomizer]: Safety of program was proven or not checked, starting termination analysis
[2021-04-24 13:09:56,623 INFO  L185        PluginConnector]: Executing the observer BuchiAutomizerObserver from plugin BuchiAutomizer for "de.uni_freiburg.informatik.ultimate.plugins.generator.rcfgbuilder CFG 24.04 01:09:56" (3/3) ...
[2021-04-24 13:09:56,624 INFO  L389   chiAutomizerObserver]: Analyzing ICFG Madrid_false-termination.c
[2021-04-24 13:09:56,667 INFO  L359         BuchiCegarLoop]: Interprodecural is true
[2021-04-24 13:09:56,667 INFO  L360         BuchiCegarLoop]: Hoare is false
[2021-04-24 13:09:56,667 INFO  L361         BuchiCegarLoop]: Compute interpolants for ForwardPredicates
[2021-04-24 13:09:56,667 INFO  L362         BuchiCegarLoop]: Backedges is STRAIGHT_LINE
[2021-04-24 13:09:56,667 INFO  L363         BuchiCegarLoop]: Determinization is PREDICATE_ABSTRACTION
[2021-04-24 13:09:56,667 INFO  L364         BuchiCegarLoop]: Difference is false
[2021-04-24 13:09:56,667 INFO  L365         BuchiCegarLoop]: Minimize is MINIMIZE_SEVPA
[2021-04-24 13:09:56,667 INFO  L368         BuchiCegarLoop]: ======== Iteration 0==of CEGAR loop == BuchiCegarLoop========
[2021-04-24 13:09:56,678 INFO  L72            BuchiIsEmpty]: Start buchiIsEmpty. Operand 6 states.
[2021-04-24 13:09:56,689 INFO  L131   ngComponentsAnalysis]: Automaton has 1 accepting balls. 1
[2021-04-24 13:09:56,689 INFO  L87            BuchiIsEmpty]: Finished buchiIsEmpty Result is false
[2021-04-24 13:09:56,689 INFO  L119           BuchiIsEmpty]: Starting construction of run
[2021-04-24 13:09:56,693 INFO  L853         BuchiCegarLoop]: Counterexample stem histogram [1]
[2021-04-24 13:09:56,693 INFO  L854         BuchiCegarLoop]: Counterexample loop histogram [1]
[2021-04-24 13:09:56,693 INFO  L427         BuchiCegarLoop]: ======== Iteration 1============
[2021-04-24 13:09:56,693 INFO  L72            BuchiIsEmpty]: Start buchiIsEmpty. Operand 6 states.
[2021-04-24 13:09:56,694 INFO  L131   ngComponentsAnalysis]: Automaton has 1 accepting balls. 1
[2021-04-24 13:09:56,694 INFO  L87            BuchiIsEmpty]: Finished buchiIsEmpty Result is false
[2021-04-24 13:09:56,694 INFO  L119           BuchiIsEmpty]: Starting construction of run
[2021-04-24 13:09:56,694 INFO  L853         BuchiCegarLoop]: Counterexample stem histogram [1]
[2021-04-24 13:09:56,694 INFO  L854         BuchiCegarLoop]: Counterexample loop histogram [1]
[2021-04-24 13:09:56,699 INFO  L794   eck$LassoCheckResult]: Stem: 3#ULTIMATE.startENTRYtrue havoc main_#res;havoc main_~x~0;main_~x~0 := 7; 7#L10-2true 
[2021-04-24 13:09:56,700 INFO  L796   eck$LassoCheckResult]: Loop: 7#L10-2true assume !false;main_~x~0 := 2; 7#L10-2true 
[2021-04-24 13:09:56,703 INFO  L144       PredicateUnifier]: Initialized classic predicate unifier
[2021-04-24 13:09:56,704 INFO  L82        PathProgramCache]: Analyzing trace with hash 32, now seen corresponding path program 1 times
[2021-04-24 13:09:56,710 INFO  L162   FreeRefinementEngine]: Executing refinement strategy CAMEL
[2021-04-24 13:09:56,710 INFO  L353   FreeRefinementEngine]: Using trace check IpTcStrategyModuleSmtInterpolCraig [115550939]
[2021-04-24 13:09:56,710 INFO  L95    rtionOrderModulation]: Keeping assertion order NOT_INCREMENTALLY
[2021-04-24 13:09:56,765 INFO  L136    AnnotateAndAsserter]: Conjunction of SSA is sat
[2021-04-24 13:09:56,765 INFO  L221             TraceCheck]: Trace is feasible, we will do another trace check, this time with branch encoders.
[2021-04-24 13:09:56,767 INFO  L136    AnnotateAndAsserter]: Conjunction of SSA is sat
[2021-04-24 13:09:56,767 INFO  L221             TraceCheck]: Trace is feasible, we will do another trace check, this time with branch encoders.
[2021-04-24 13:09:56,779 INFO  L173   FreeRefinementEngine]: Strategy CAMEL found a feasible trace
[2021-04-24 13:09:56,780 INFO  L144       PredicateUnifier]: Initialized classic predicate unifier
[2021-04-24 13:09:56,780 INFO  L82        PathProgramCache]: Analyzing trace with hash 41, now seen corresponding path program 1 times
[2021-04-24 13:09:56,780 INFO  L162   FreeRefinementEngine]: Executing refinement strategy CAMEL
[2021-04-24 13:09:56,780 INFO  L353   FreeRefinementEngine]: Using trace check IpTcStrategyModuleSmtInterpolCraig [2101489540]
[2021-04-24 13:09:56,780 INFO  L95    rtionOrderModulation]: Keeping assertion order NOT_INCREMENTALLY
[2021-04-24 13:09:56,783 INFO  L136    AnnotateAndAsserter]: Conjunction of SSA is sat
[2021-04-24 13:09:56,783 INFO  L221             TraceCheck]: Trace is feasible, we will do another trace check, this time with branch encoders.
[2021-04-24 13:09:56,784 INFO  L136    AnnotateAndAsserter]: Conjunction of SSA is sat
[2021-04-24 13:09:56,785 INFO  L221             TraceCheck]: Trace is feasible, we will do another trace check, this time with branch encoders.
[2021-04-24 13:09:56,785 INFO  L173   FreeRefinementEngine]: Strategy CAMEL found a feasible trace
[2021-04-24 13:09:56,787 INFO  L144       PredicateUnifier]: Initialized classic predicate unifier
[2021-04-24 13:09:56,787 INFO  L82        PathProgramCache]: Analyzing trace with hash 1002, now seen corresponding path program 1 times
[2021-04-24 13:09:56,787 INFO  L162   FreeRefinementEngine]: Executing refinement strategy CAMEL
[2021-04-24 13:09:56,787 INFO  L353   FreeRefinementEngine]: Using trace check IpTcStrategyModuleSmtInterpolCraig [1160842238]
[2021-04-24 13:09:56,787 INFO  L95    rtionOrderModulation]: Keeping assertion order NOT_INCREMENTALLY
[2021-04-24 13:09:56,790 INFO  L136    AnnotateAndAsserter]: Conjunction of SSA is sat
[2021-04-24 13:09:56,790 INFO  L221             TraceCheck]: Trace is feasible, we will do another trace check, this time with branch encoders.
[2021-04-24 13:09:56,792 INFO  L136    AnnotateAndAsserter]: Conjunction of SSA is sat
[2021-04-24 13:09:56,792 INFO  L221             TraceCheck]: Trace is feasible, we will do another trace check, this time with branch encoders.
[2021-04-24 13:09:56,793 INFO  L173   FreeRefinementEngine]: Strategy CAMEL found a feasible trace
[2021-04-24 13:09:56,821 INFO  L210          LassoAnalysis]: Preferences:
[2021-04-24 13:09:56,822 INFO  L126   ssoRankerPreferences]: Compute integeral hull: false
[2021-04-24 13:09:56,822 INFO  L127   ssoRankerPreferences]: Enable LassoPartitioneer: true
[2021-04-24 13:09:56,822 INFO  L128   ssoRankerPreferences]: Term annotations enabled: false
[2021-04-24 13:09:56,822 INFO  L129   ssoRankerPreferences]: Use exernal solver: true
[2021-04-24 13:09:56,822 INFO  L130   ssoRankerPreferences]: SMT solver command: z3 SMTLIB2_COMPLIANT=true -memory:1024 -smt2 -in -t:12000
[2021-04-24 13:09:56,822 INFO  L131   ssoRankerPreferences]: Dump SMT script to file: false
[2021-04-24 13:09:56,822 INFO  L132   ssoRankerPreferences]: Path of dumped script: 
[2021-04-24 13:09:56,822 INFO  L133   ssoRankerPreferences]: Filename of dumped script: Madrid_false-termination.c_Iteration1_Lasso
[2021-04-24 13:09:56,822 INFO  L134   ssoRankerPreferences]: MapElimAlgo: Frank
[2021-04-24 13:09:56,823 INFO  L274          LassoAnalysis]: Starting lasso preprocessing...
[2021-04-24 13:09:56,840 INFO  L141          MapEliminator]: Using MapEliminator with SimplificationTechnique=SIMPLIFY_DDA XnfConversionTechnique=BOTTOM_UP_WITH_LOCAL_SIMPLIFICATION AddInequalities=false OnlyTrivialImplicationsArrayWrite=true OnlyTrivialImplicationsForModifiedArguments=true OnlyArgumentsInFormula=true
[2021-04-24 13:09:56,845 INFO  L141          MapEliminator]: Using MapEliminator with SimplificationTechnique=SIMPLIFY_DDA XnfConversionTechnique=BOTTOM_UP_WITH_LOCAL_SIMPLIFICATION AddInequalities=false OnlyTrivialImplicationsArrayWrite=true OnlyTrivialImplicationsForModifiedArguments=true OnlyArgumentsInFormula=true
[2021-04-24 13:09:56,873 INFO  L292          LassoAnalysis]: Preprocessing complete.
[2021-04-24 13:09:56,873 INFO  L404          LassoAnalysis]: Checking for nontermination...
No working directory specified, using /home/singularity/UAutomizer-linux/z3
Starting monitored process 2 with z3 SMTLIB2_COMPLIANT=true -memory:1024 -smt2 -in -t:12000 (exit command is (exit), workingDir is null)
Waiting until toolchain timeout for monitored process 2 with z3 SMTLIB2_COMPLIANT=true -memory:1024 -smt2 -in -t:12000
[2021-04-24 13:09:56,879 INFO  L148   nArgumentSynthesizer]: Nontermination analysis: NONLINEAR Allow bounded executions: true Number of generalized eigenvectors: 0 Nilpotent components: true
[2021-04-24 13:09:56,879 INFO  L160   nArgumentSynthesizer]: Using integer mode.
[2021-04-24 13:09:56,885 INFO  L437          LassoAnalysis]: Proved nontermination for one component.
[2021-04-24 13:09:56,885 INFO  L440          LassoAnalysis]: Non-Termination argument consisting of: Initial state: {ULTIMATE.start_main_#res=0} Honda state: {ULTIMATE.start_main_#res=0} Generalized eigenvectors: [] Lambdas: [] Nus: []
No working directory specified, using /home/singularity/UAutomizer-linux/z3
Starting monitored process 3 with z3 SMTLIB2_COMPLIANT=true -memory:1024 -smt2 -in -t:12000 (exit command is (exit), workingDir is null)
Waiting until toolchain timeout for monitored process 3 with z3 SMTLIB2_COMPLIANT=true -memory:1024 -smt2 -in -t:12000
[2021-04-24 13:09:56,903 INFO  L148   nArgumentSynthesizer]: Nontermination analysis: NONLINEAR Allow bounded executions: true Number of generalized eigenvectors: 0 Nilpotent components: true
[2021-04-24 13:09:56,903 INFO  L160   nArgumentSynthesizer]: Using integer mode.
No working directory specified, using /home/singularity/UAutomizer-linux/z3
Starting monitored process 4 with z3 SMTLIB2_COMPLIANT=true -memory:1024 -smt2 -in -t:12000 (exit command is (exit), workingDir is null)
Waiting until toolchain timeout for monitored process 4 with z3 SMTLIB2_COMPLIANT=true -memory:1024 -smt2 -in -t:12000
[2021-04-24 13:09:56,919 INFO  L148   nArgumentSynthesizer]: Nontermination analysis: NONLINEAR Allow bounded executions: true Number of generalized eigenvectors: 3 Nilpotent components: true
[2021-04-24 13:09:56,919 INFO  L160   nArgumentSynthesizer]: Using integer mode.
[2021-04-24 13:09:56,947 INFO  L437          LassoAnalysis]: Proved nontermination for one component.
[2021-04-24 13:09:56,947 INFO  L440          LassoAnalysis]: Non-Termination argument consisting of: Initial state: {ULTIMATE.start_main_~x~0=0} Honda state: {ULTIMATE.start_main_~x~0=7} Generalized eigenvectors: [{ULTIMATE.start_main_~x~0=0}, {ULTIMATE.start_main_~x~0=-7}, {ULTIMATE.start_main_~x~0=2}] Lambdas: [10, 0, 0] Nus: [0, 0]
[2021-04-24 13:09:56,968 INFO  L202        PluginConnector]: Adding new model de.uni_freiburg.informatik.ultimate.plugins.generator.buchiautomizer CFG 24.04 01:09:56 BoogieIcfgContainer
[2021-04-24 13:09:56,968 INFO  L132        PluginConnector]: ------------------------ END BuchiAutomizer----------------------------
[2021-04-24 13:09:56,968 INFO  L113        PluginConnector]: ------------------------Witness Printer----------------------------
[2021-04-24 13:09:56,969 INFO  L271        PluginConnector]: Initializing Witness Printer...
[2021-04-24 13:09:56,969 INFO  L275        PluginConnector]: Witness Printer initialized
[2021-04-24 13:09:56,969 INFO  L185        PluginConnector]: Executing the observer RCFGCatcher from plugin Witness Printer for "de.uni_freiburg.informatik.ultimate.plugins.generator.rcfgbuilder CFG 24.04 01:09:56" (3/4) ...
[2021-04-24 13:09:56,971 INFO  L134         WitnessPrinter]: Generating witness for non-termination counterexample
[2021-04-24 13:09:56,995 INFO  L141         WitnessManager]: Wrote witness to /home/magnago/benchmarks/software_nontermination/C/C/Ultimate/Madrid_false-termination.c-witness.graphml
[2021-04-24 13:09:56,996 INFO  L132        PluginConnector]: ------------------------ END Witness Printer----------------------------
[2021-04-24 13:09:56,997 INFO  L168              Benchmark]: Toolchain (without parser) took 900.33 ms. Allocated memory is still 545.3 MB. Free memory was 492.0 MB in the beginning and 483.0 MB in the end (delta: 9.0 MB). Peak memory consumption was 7.3 MB. Max. memory is 21.5 GB.
[2021-04-24 13:09:56,998 INFO  L168              Benchmark]: CDTParser took 0.11 ms. Allocated memory is still 545.3 MB. Free memory is still 508.8 MB. There was no memory consumed. Max. memory is 21.5 GB.
[2021-04-24 13:09:56,998 INFO  L168              Benchmark]: CACSL2BoogieTranslator took 160.98 ms. Allocated memory is still 545.3 MB. Free memory was 491.7 MB in the beginning and 522.9 MB in the end (delta: -31.3 MB). Peak memory consumption was 19.9 MB. Max. memory is 21.5 GB.
[2021-04-24 13:09:56,999 INFO  L168              Benchmark]: Boogie Procedure Inliner took 23.62 ms. Allocated memory is still 545.3 MB. Free memory was 522.9 MB in the beginning and 521.7 MB in the end (delta: 1.2 MB). There was no memory consumed. Max. memory is 21.5 GB.
[2021-04-24 13:09:56,999 INFO  L168              Benchmark]: Boogie Preprocessor took 17.88 ms. Allocated memory is still 545.3 MB. Free memory was 521.7 MB in the beginning and 520.8 MB in the end (delta: 916.8 kB). There was no memory consumed. Max. memory is 21.5 GB.
[2021-04-24 13:09:56,999 INFO  L168              Benchmark]: RCFGBuilder took 312.94 ms. Allocated memory is still 545.3 MB. Free memory was 520.8 MB in the beginning and 512.4 MB in the end (delta: 8.4 MB). Peak memory consumption was 8.4 MB. Max. memory is 21.5 GB.
[2021-04-24 13:09:57,000 INFO  L168              Benchmark]: BuchiAutomizer took 350.62 ms. Allocated memory is still 545.3 MB. Free memory was 512.0 MB in the beginning and 484.4 MB in the end (delta: 27.6 MB). Peak memory consumption was 25.2 MB. Max. memory is 21.5 GB.
[2021-04-24 13:09:57,001 INFO  L168              Benchmark]: Witness Printer took 27.08 ms. Allocated memory is still 545.3 MB. Free memory was 484.4 MB in the beginning and 483.0 MB in the end (delta: 1.3 MB). Peak memory consumption was 4.2 MB. Max. memory is 21.5 GB.
[2021-04-24 13:09:57,005 INFO  L339   ainManager$Toolchain]: #######################  End [Toolchain 1] #######################
 --- Results ---
 * Results from de.uni_freiburg.informatik.ultimate.core:
  - StatisticsResult: Toolchain Benchmarks
    Benchmark results are:
 * CDTParser took 0.11 ms. Allocated memory is still 545.3 MB. Free memory is still 508.8 MB. There was no memory consumed. Max. memory is 21.5 GB.
 * CACSL2BoogieTranslator took 160.98 ms. Allocated memory is still 545.3 MB. Free memory was 491.7 MB in the beginning and 522.9 MB in the end (delta: -31.3 MB). Peak memory consumption was 19.9 MB. Max. memory is 21.5 GB.
 * Boogie Procedure Inliner took 23.62 ms. Allocated memory is still 545.3 MB. Free memory was 522.9 MB in the beginning and 521.7 MB in the end (delta: 1.2 MB). There was no memory consumed. Max. memory is 21.5 GB.
 * Boogie Preprocessor took 17.88 ms. Allocated memory is still 545.3 MB. Free memory was 521.7 MB in the beginning and 520.8 MB in the end (delta: 916.8 kB). There was no memory consumed. Max. memory is 21.5 GB.
 * RCFGBuilder took 312.94 ms. Allocated memory is still 545.3 MB. Free memory was 520.8 MB in the beginning and 512.4 MB in the end (delta: 8.4 MB). Peak memory consumption was 8.4 MB. Max. memory is 21.5 GB.
 * BuchiAutomizer took 350.62 ms. Allocated memory is still 545.3 MB. Free memory was 512.0 MB in the beginning and 484.4 MB in the end (delta: 27.6 MB). Peak memory consumption was 25.2 MB. Max. memory is 21.5 GB.
 * Witness Printer took 27.08 ms. Allocated memory is still 545.3 MB. Free memory was 484.4 MB in the beginning and 483.0 MB in the end (delta: 1.3 MB). Peak memory consumption was 4.2 MB. Max. memory is 21.5 GB.
 * Results from de.uni_freiburg.informatik.ultimate.plugins.generator.traceabstraction:
  - StatisticsResult: Constructed decomposition of program
    Trivial decomposition into one nonterminating module.
  - StatisticsResult: Timing statistics
    B?chiAutomizer plugin needed 0.2s and 1 iterations.  TraceHistogramMax:1. Analysis of lassos took 0.2s. Construction of modules took 0.0s. B?chi inclusion checks took 0.0s. Highest rank in rank-based complementation 0. Minimization of det autom 0. Minimization of nondet autom 0. Automata minimization No data available. Non-live state removal took 0.0s Buchi closure took 0.0s. Biggest automaton had -1 states and ocurred in iteration -1.	Nontrivial modules had stage [0, 0, 0, 0, 0].	InterpolantCoveringCapabilityFinite: 0/0	InterpolantCoveringCapabilityBuchi: 0/0	HoareTripleCheckerStatistics: No data available	LassoAnalysisResults: nont1 unkn0 SFLI0 SFLT0 conc0 concLT0 SILN0 SILU0 SILI0 SILT0 lasso0 LassoPreprocessingBenchmarks:   Lassos: inital6 mio100 ax100 hnf100 lsp100 ukn100 mio100 lsp100 div100 bol100 ite100 ukn100 eq233 hnf100 smp100 dnf100 smp100 tf100 neg100 sie100 LassoTerminationAnalysisBenchmarks: not availableLassoTerminationAnalysisBenchmarks: LassoNonterminationAnalysisSatFixpoint: 1	LassoNonterminationAnalysisSatUnbounded: 1	LassoNonterminationAnalysisUnsat: 0	LassoNonterminationAnalysisUnknown: 0	LassoNonterminationAnalysisTime: 0.0s	
  - TerminationAnalysisResult: Nontermination possible
    Buchi Automizer proved that your program is nonterminating for some inputs
  - GeometricNonTerminationArgumentResult [Line: 10]: Nontermination argument in form of an infinite program execution.
    Nontermination argument in form of an infinite execution
State at position 0 is
{\result=0, x=0}
State at position 1 is
{\result=0, x=7}
For i>1, the state at position i is
{\result=0 + sum_{k=0}^i 0, x=7 + sum_{k=0}^i -7*0^k + 2*0^k}
  - StatisticsResult: NonterminationArgumentStatistics
    Unbounded Execution 2GEVs Lambdas: [10, 0, 0] Mus: [0, 0]
  - NonterminatingLassoResult [Line: 10]: Nonterminating execution
    Found a nonterminating execution for the following lasso shaped sequence of statements.
Stem:
[L9]        int x = 7;
Loop:
[L10]  COND TRUE  1
[L11]             x = 2
End of lasso representation.
RESULT: Ultimate proved your program to be incorrect!
Received shutdown request...
