Creating empty 100MiB image file: /home/magnago/overlay/NonTermination2_false-termination.c.ext3
Formatting image with ext3 file system
Image is done: /home/magnago/overlay/NonTermination2_false-termination.c.ext3
This is Ultimate 0.2.1-54a68f4
[2021-04-24 13:09:54,793 INFO  L177        SettingsManager]: Resetting all preferences to default values...
[2021-04-24 13:09:54,795 INFO  L181        SettingsManager]: Resetting UltimateCore preferences to default values
[2021-04-24 13:09:54,835 INFO  L184        SettingsManager]: Ultimate Commandline Interface provides no preferences, ignoring...
[2021-04-24 13:09:54,835 INFO  L181        SettingsManager]: Resetting Boogie Preprocessor preferences to default values
[2021-04-24 13:09:54,836 INFO  L181        SettingsManager]: Resetting Boogie Procedure Inliner preferences to default values
[2021-04-24 13:09:54,837 INFO  L181        SettingsManager]: Resetting Abstract Interpretation preferences to default values
[2021-04-24 13:09:54,839 INFO  L181        SettingsManager]: Resetting LassoRanker preferences to default values
[2021-04-24 13:09:54,841 INFO  L181        SettingsManager]: Resetting Reaching Definitions preferences to default values
[2021-04-24 13:09:54,842 INFO  L181        SettingsManager]: Resetting SyntaxChecker preferences to default values
[2021-04-24 13:09:54,842 INFO  L181        SettingsManager]: Resetting Sifa preferences to default values
[2021-04-24 13:09:54,843 INFO  L184        SettingsManager]: B?chi Program Product provides no preferences, ignoring...
[2021-04-24 13:09:54,844 INFO  L181        SettingsManager]: Resetting LTL2Aut preferences to default values
[2021-04-24 13:09:54,845 INFO  L181        SettingsManager]: Resetting PEA to Boogie preferences to default values
[2021-04-24 13:09:54,845 INFO  L181        SettingsManager]: Resetting BlockEncodingV2 preferences to default values
[2021-04-24 13:09:54,846 INFO  L181        SettingsManager]: Resetting ChcToBoogie preferences to default values
[2021-04-24 13:09:54,847 INFO  L181        SettingsManager]: Resetting AutomataScriptInterpreter preferences to default values
[2021-04-24 13:09:54,848 INFO  L181        SettingsManager]: Resetting BuchiAutomizer preferences to default values
[2021-04-24 13:09:54,849 INFO  L181        SettingsManager]: Resetting CACSL2BoogieTranslator preferences to default values
[2021-04-24 13:09:54,851 INFO  L181        SettingsManager]: Resetting CodeCheck preferences to default values
[2021-04-24 13:09:54,852 INFO  L181        SettingsManager]: Resetting InvariantSynthesis preferences to default values
[2021-04-24 13:09:54,854 INFO  L181        SettingsManager]: Resetting RCFGBuilder preferences to default values
[2021-04-24 13:09:54,855 INFO  L181        SettingsManager]: Resetting Referee preferences to default values
[2021-04-24 13:09:54,856 INFO  L181        SettingsManager]: Resetting TraceAbstraction preferences to default values
[2021-04-24 13:09:54,858 INFO  L184        SettingsManager]: TraceAbstractionConcurrent provides no preferences, ignoring...
[2021-04-24 13:09:54,858 INFO  L184        SettingsManager]: TraceAbstractionWithAFAs provides no preferences, ignoring...
[2021-04-24 13:09:54,858 INFO  L181        SettingsManager]: Resetting TreeAutomizer preferences to default values
[2021-04-24 13:09:54,859 INFO  L181        SettingsManager]: Resetting IcfgToChc preferences to default values
[2021-04-24 13:09:54,859 INFO  L181        SettingsManager]: Resetting IcfgTransformer preferences to default values
[2021-04-24 13:09:54,860 INFO  L184        SettingsManager]: ReqToTest provides no preferences, ignoring...
[2021-04-24 13:09:54,861 INFO  L181        SettingsManager]: Resetting Boogie Printer preferences to default values
[2021-04-24 13:09:54,861 INFO  L181        SettingsManager]: Resetting ChcSmtPrinter preferences to default values
[2021-04-24 13:09:54,862 INFO  L181        SettingsManager]: Resetting ReqPrinter preferences to default values
[2021-04-24 13:09:54,863 INFO  L181        SettingsManager]: Resetting Witness Printer preferences to default values
[2021-04-24 13:09:54,864 INFO  L184        SettingsManager]: Boogie PL CUP Parser provides no preferences, ignoring...
[2021-04-24 13:09:54,864 INFO  L181        SettingsManager]: Resetting CDTParser preferences to default values
[2021-04-24 13:09:54,864 INFO  L184        SettingsManager]: AutomataScriptParser provides no preferences, ignoring...
[2021-04-24 13:09:54,865 INFO  L184        SettingsManager]: ReqParser provides no preferences, ignoring...
[2021-04-24 13:09:54,865 INFO  L181        SettingsManager]: Resetting SmtParser preferences to default values
[2021-04-24 13:09:54,866 INFO  L181        SettingsManager]: Resetting Witness Parser preferences to default values
[2021-04-24 13:09:54,866 INFO  L188        SettingsManager]: Finished resetting all preferences to default values...
[2021-04-24 13:09:54,867 INFO  L101        SettingsManager]: Beginning loading settings from /home/singularity/UAutomizer-linux/config/svcomp-Termination-64bit-Automizer_Default.epf
[2021-04-24 13:09:54,887 INFO  L113        SettingsManager]: Loading preferences was successful
[2021-04-24 13:09:54,887 INFO  L115        SettingsManager]: Preferences different from defaults after loading the file:
[2021-04-24 13:09:54,888 INFO  L136        SettingsManager]: Preferences of BlockEncodingV2 differ from their defaults:
[2021-04-24 13:09:54,888 INFO  L138        SettingsManager]:  * Create parallel compositions if possible=false
[2021-04-24 13:09:54,888 INFO  L138        SettingsManager]:  * Use SBE=true
[2021-04-24 13:09:54,889 INFO  L136        SettingsManager]: Preferences of BuchiAutomizer differ from their defaults:
[2021-04-24 13:09:54,889 INFO  L138        SettingsManager]:  * NCSB implementation=INTSET_LAZY3
[2021-04-24 13:09:54,889 INFO  L138        SettingsManager]:  * Use old map elimination=false
[2021-04-24 13:09:54,889 INFO  L138        SettingsManager]:  * Use external solver (rank synthesis)=false
[2021-04-24 13:09:54,889 INFO  L138        SettingsManager]:  * Use only trivial implications for array writes=true
[2021-04-24 13:09:54,889 INFO  L138        SettingsManager]:  * Rank analysis=LINEAR_WITH_GUESSES
[2021-04-24 13:09:54,890 INFO  L136        SettingsManager]: Preferences of CACSL2BoogieTranslator differ from their defaults:
[2021-04-24 13:09:54,890 INFO  L138        SettingsManager]:  * Check unreachability of error function in SV-COMP mode=false
[2021-04-24 13:09:54,890 INFO  L138        SettingsManager]:  * Overapproximate operations on floating types=true
[2021-04-24 13:09:54,890 INFO  L138        SettingsManager]:  * Check division by zero=IGNORE
[2021-04-24 13:09:54,890 INFO  L138        SettingsManager]:  * Pointer to allocated memory at dereference=ASSUME
[2021-04-24 13:09:54,890 INFO  L138        SettingsManager]:  * If two pointers are subtracted or compared they have the same base address=ASSUME
[2021-04-24 13:09:54,891 INFO  L138        SettingsManager]:  * Check array bounds for arrays that are off heap=ASSUME
[2021-04-24 13:09:54,891 INFO  L138        SettingsManager]:  * Check if freed pointer was valid=false
[2021-04-24 13:09:54,891 INFO  L138        SettingsManager]:  * Assume nondeterminstic values are in range=false
[2021-04-24 13:09:54,891 INFO  L138        SettingsManager]:  * Use constant arrays=true
[2021-04-24 13:09:54,891 INFO  L138        SettingsManager]:  * Pointer base address is valid at dereference=ASSUME
[2021-04-24 13:09:54,891 INFO  L136        SettingsManager]: Preferences of RCFGBuilder differ from their defaults:
[2021-04-24 13:09:54,892 INFO  L138        SettingsManager]:  * Size of a code block=SequenceOfStatements
[2021-04-24 13:09:54,892 INFO  L136        SettingsManager]: Preferences of TraceAbstraction differ from their defaults:
[2021-04-24 13:09:54,892 INFO  L138        SettingsManager]:  * Trace refinement strategy=CAMEL
[2021-04-24 13:09:54,892 INFO  L138        SettingsManager]:  * Trace refinement exception blacklist=NONE
[2021-04-24 13:09:54,893 INFO  L136        SettingsManager]: Preferences of IcfgTransformer differ from their defaults:
[2021-04-24 13:09:54,893 INFO  L138        SettingsManager]:  * TransformationType=MODULO_NEIGHBOR
[2021-04-24 13:09:55,081 INFO  L75    nceAwareModelManager]: Repository-Root is: /tmp
[2021-04-24 13:09:55,112 INFO  L261   ainManager$Toolchain]: [Toolchain 1]: Applicable parser(s) successfully (re)initialized
[2021-04-24 13:09:55,114 INFO  L217   ainManager$Toolchain]: [Toolchain 1]: Toolchain selected.
[2021-04-24 13:09:55,115 INFO  L271        PluginConnector]: Initializing CDTParser...
[2021-04-24 13:09:55,116 INFO  L275        PluginConnector]: CDTParser initialized
[2021-04-24 13:09:55,116 INFO  L432   ainManager$Toolchain]: [Toolchain 1]: Parsing single file: /home/magnago/benchmarks/software_nontermination/C/C/Ultimate/NonTermination2_false-termination.c
[2021-04-24 13:09:55,161 INFO  L220              CDTParser]: Created temporary CDT project at /home/singularity/bf3fe9a1649c46b280c10ffae9212293/FLAGa11ba7d23
!SESSION 2021-04-24 13:09:53.091 -----------------------------------------------
eclipse.buildId=unknown
java.version=11.0.10
java.vendor=Ubuntu
BootLoader constants: OS=linux, ARCH=x86_64, WS=gtk, NL=en_US
Framework arguments:  --console -tc /home/singularity/UAutomizer-linux/config/AutomizerTermination.xml -s /home/singularity/UAutomizer-linux/config/svcomp-Termination-64bit-Automizer_Default.epf -i /home/magnago/benchmarks/software_nontermination/C/C/Ultimate/NonTermination2_false-termination.c
Command-line arguments:  -os linux -ws gtk -arch x86_64 -consoleLog --console -data /home/singularity -tc /home/singularity/UAutomizer-linux/config/AutomizerTermination.xml -s /home/singularity/UAutomizer-linux/config/svcomp-Termination-64bit-Automizer_Default.epf -data /home/singularity -i /home/magnago/benchmarks/software_nontermination/C/C/Ultimate/NonTermination2_false-termination.c

!ENTRY org.eclipse.cdt.core 1 0 2021-04-24 13:09:55.399
!MESSAGE Indexed 'FLAGa11ba7d23' (0 sources, 0 headers) in 0.004 sec: 0 declarations; 0 references; 0 unresolved inclusions; 0 syntax errors; 0 unresolved names (0%)
[2021-04-24 13:09:55,548 INFO  L306              CDTParser]: Found 1 translation units.
[2021-04-24 13:09:55,548 INFO  L160              CDTParser]: Scanning /home/magnago/benchmarks/software_nontermination/C/C/Ultimate/NonTermination2_false-termination.c
[2021-04-24 13:09:55,553 INFO  L349              CDTParser]: About to delete temporary CDT project at /home/singularity/bf3fe9a1649c46b280c10ffae9212293/FLAGa11ba7d23
[2021-04-24 13:09:55,566 INFO  L357              CDTParser]: Successfully deleted /home/singularity/bf3fe9a1649c46b280c10ffae9212293
[2021-04-24 13:09:55,568 INFO  L299   ainManager$Toolchain]: ####################### [Toolchain 1] #######################
[2021-04-24 13:09:55,570 INFO  L131        ToolchainWalker]: Walking toolchain with 6 elements.
[2021-04-24 13:09:55,572 INFO  L113        PluginConnector]: ------------------------CACSL2BoogieTranslator----------------------------
[2021-04-24 13:09:55,572 INFO  L271        PluginConnector]: Initializing CACSL2BoogieTranslator...
[2021-04-24 13:09:55,574 INFO  L275        PluginConnector]: CACSL2BoogieTranslator initialized
[2021-04-24 13:09:55,574 INFO  L185        PluginConnector]: Executing the observer ACSLObjectContainerObserver from plugin CACSL2BoogieTranslator for "CDTParser AST 24.04 01:09:55" (1/1) ...
[2021-04-24 13:09:55,576 INFO  L205        PluginConnector]: Invalid model from CACSL2BoogieTranslator for observer de.uni_freiburg.informatik.ultimate.plugins.generator.cacsl2boogietranslator.ACSLObjectContainerObserver@28f527cf and model type de.uni_freiburg.informatik.ultimate.plugins.generator.cacsl2boogietranslator AST 24.04 01:09:55, skipping insertion in model container
[2021-04-24 13:09:55,576 INFO  L185        PluginConnector]: Executing the observer CACSL2BoogieTranslatorObserver from plugin CACSL2BoogieTranslator for "CDTParser AST 24.04 01:09:55" (1/1) ...
[2021-04-24 13:09:55,582 INFO  L145         MainTranslator]: Starting translation in SV-COMP mode 
[2021-04-24 13:09:55,590 INFO  L178         MainTranslator]: Built tables and reachable declarations
[2021-04-24 13:09:55,725 INFO  L206          PostProcessor]: Analyzing one entry point: main
[2021-04-24 13:09:55,728 INFO  L203         MainTranslator]: Completed pre-run
[2021-04-24 13:09:55,746 INFO  L206          PostProcessor]: Analyzing one entry point: main
[2021-04-24 13:09:55,755 INFO  L208         MainTranslator]: Completed translation
[2021-04-24 13:09:55,755 INFO  L202        PluginConnector]: Adding new model de.uni_freiburg.informatik.ultimate.plugins.generator.cacsl2boogietranslator AST 24.04 01:09:55 WrapperNode
[2021-04-24 13:09:55,755 INFO  L132        PluginConnector]: ------------------------ END CACSL2BoogieTranslator----------------------------
[2021-04-24 13:09:55,756 INFO  L113        PluginConnector]: ------------------------Boogie Procedure Inliner----------------------------
[2021-04-24 13:09:55,756 INFO  L271        PluginConnector]: Initializing Boogie Procedure Inliner...
[2021-04-24 13:09:55,756 INFO  L275        PluginConnector]: Boogie Procedure Inliner initialized
[2021-04-24 13:09:55,761 INFO  L185        PluginConnector]: Executing the observer TypeChecker from plugin Boogie Procedure Inliner for "de.uni_freiburg.informatik.ultimate.plugins.generator.cacsl2boogietranslator AST 24.04 01:09:55" (1/1) ...
[2021-04-24 13:09:55,765 INFO  L185        PluginConnector]: Executing the observer Inliner from plugin Boogie Procedure Inliner for "de.uni_freiburg.informatik.ultimate.plugins.generator.cacsl2boogietranslator AST 24.04 01:09:55" (1/1) ...
[2021-04-24 13:09:55,781 INFO  L132        PluginConnector]: ------------------------ END Boogie Procedure Inliner----------------------------
[2021-04-24 13:09:55,782 INFO  L113        PluginConnector]: ------------------------Boogie Preprocessor----------------------------
[2021-04-24 13:09:55,782 INFO  L271        PluginConnector]: Initializing Boogie Preprocessor...
[2021-04-24 13:09:55,782 INFO  L275        PluginConnector]: Boogie Preprocessor initialized
[2021-04-24 13:09:55,791 INFO  L185        PluginConnector]: Executing the observer EnsureBoogieModelObserver from plugin Boogie Preprocessor for "de.uni_freiburg.informatik.ultimate.plugins.generator.cacsl2boogietranslator AST 24.04 01:09:55" (1/1) ...
[2021-04-24 13:09:55,791 INFO  L185        PluginConnector]: Executing the observer TypeChecker from plugin Boogie Preprocessor for "de.uni_freiburg.informatik.ultimate.plugins.generator.cacsl2boogietranslator AST 24.04 01:09:55" (1/1) ...
[2021-04-24 13:09:55,792 INFO  L185        PluginConnector]: Executing the observer ConstExpander from plugin Boogie Preprocessor for "de.uni_freiburg.informatik.ultimate.plugins.generator.cacsl2boogietranslator AST 24.04 01:09:55" (1/1) ...
[2021-04-24 13:09:55,792 INFO  L185        PluginConnector]: Executing the observer StructExpander from plugin Boogie Preprocessor for "de.uni_freiburg.informatik.ultimate.plugins.generator.cacsl2boogietranslator AST 24.04 01:09:55" (1/1) ...
[2021-04-24 13:09:55,793 INFO  L185        PluginConnector]: Executing the observer UnstructureCode from plugin Boogie Preprocessor for "de.uni_freiburg.informatik.ultimate.plugins.generator.cacsl2boogietranslator AST 24.04 01:09:55" (1/1) ...
[2021-04-24 13:09:55,797 INFO  L185        PluginConnector]: Executing the observer FunctionInliner from plugin Boogie Preprocessor for "de.uni_freiburg.informatik.ultimate.plugins.generator.cacsl2boogietranslator AST 24.04 01:09:55" (1/1) ...
[2021-04-24 13:09:55,798 INFO  L185        PluginConnector]: Executing the observer BoogieSymbolTableConstructor from plugin Boogie Preprocessor for "de.uni_freiburg.informatik.ultimate.plugins.generator.cacsl2boogietranslator AST 24.04 01:09:55" (1/1) ...
[2021-04-24 13:09:55,799 INFO  L132        PluginConnector]: ------------------------ END Boogie Preprocessor----------------------------
[2021-04-24 13:09:55,800 INFO  L113        PluginConnector]: ------------------------RCFGBuilder----------------------------
[2021-04-24 13:09:55,800 INFO  L271        PluginConnector]: Initializing RCFGBuilder...
[2021-04-24 13:09:55,800 INFO  L275        PluginConnector]: RCFGBuilder initialized
[2021-04-24 13:09:55,801 INFO  L185        PluginConnector]: Executing the observer RCFGBuilderObserver from plugin RCFGBuilder for "de.uni_freiburg.informatik.ultimate.plugins.generator.cacsl2boogietranslator AST 24.04 01:09:55" (1/1) ...
No working directory specified, using /home/singularity/UAutomizer-linux/z3
Starting monitored process 1 with z3 SMTLIB2_COMPLIANT=true -memory:1024 -smt2 -in -t:12000 (exit command is (exit), workingDir is null)
Waiting until toolchain timeout for monitored process 1 with z3 SMTLIB2_COMPLIANT=true -memory:1024 -smt2 -in -t:12000
[2021-04-24 13:09:55,898 INFO  L130     BoogieDeclarations]: Found specification of procedure ULTIMATE.start
[2021-04-24 13:09:55,898 INFO  L138     BoogieDeclarations]: Found implementation of procedure ULTIMATE.start
[2021-04-24 13:09:56,121 INFO  L294             CfgBuilder]: Using the 1 location(s) as analysis (start of procedure ULTIMATE.start)
[2021-04-24 13:09:56,121 INFO  L299             CfgBuilder]: Removed 5 assume(true) statements.
[2021-04-24 13:09:56,122 INFO  L202        PluginConnector]: Adding new model de.uni_freiburg.informatik.ultimate.plugins.generator.rcfgbuilder CFG 24.04 01:09:56 BoogieIcfgContainer
[2021-04-24 13:09:56,123 INFO  L132        PluginConnector]: ------------------------ END RCFGBuilder----------------------------
[2021-04-24 13:09:56,124 INFO  L113        PluginConnector]: ------------------------BuchiAutomizer----------------------------
[2021-04-24 13:09:56,124 INFO  L271        PluginConnector]: Initializing BuchiAutomizer...
[2021-04-24 13:09:56,127 INFO  L275        PluginConnector]: BuchiAutomizer initialized
[2021-04-24 13:09:56,128 INFO  L99          BuchiAutomizer]: Safety of program was proven or not checked, starting termination analysis
[2021-04-24 13:09:56,128 INFO  L185        PluginConnector]: Executing the observer BuchiAutomizerObserver from plugin BuchiAutomizer for "CDTParser AST 24.04 01:09:55" (1/3) ...
[2021-04-24 13:09:56,129 INFO  L205        PluginConnector]: Invalid model from BuchiAutomizer for observer de.uni_freiburg.informatik.ultimate.plugins.generator.buchiautomizer.BuchiAutomizerObserver@8eb2131 and model type de.uni_freiburg.informatik.ultimate.plugins.generator.buchiautomizer AST 24.04 01:09:56, skipping insertion in model container
[2021-04-24 13:09:56,129 INFO  L99          BuchiAutomizer]: Safety of program was proven or not checked, starting termination analysis
[2021-04-24 13:09:56,129 INFO  L185        PluginConnector]: Executing the observer BuchiAutomizerObserver from plugin BuchiAutomizer for "de.uni_freiburg.informatik.ultimate.plugins.generator.cacsl2boogietranslator AST 24.04 01:09:55" (2/3) ...
[2021-04-24 13:09:56,130 INFO  L205        PluginConnector]: Invalid model from BuchiAutomizer for observer de.uni_freiburg.informatik.ultimate.plugins.generator.buchiautomizer.BuchiAutomizerObserver@8eb2131 and model type de.uni_freiburg.informatik.ultimate.plugins.generator.buchiautomizer AST 24.04 01:09:56, skipping insertion in model container
[2021-04-24 13:09:56,130 INFO  L99          BuchiAutomizer]: Safety of program was proven or not checked, starting termination analysis
[2021-04-24 13:09:56,130 INFO  L185        PluginConnector]: Executing the observer BuchiAutomizerObserver from plugin BuchiAutomizer for "de.uni_freiburg.informatik.ultimate.plugins.generator.rcfgbuilder CFG 24.04 01:09:56" (3/3) ...
[2021-04-24 13:09:56,131 INFO  L389   chiAutomizerObserver]: Analyzing ICFG NonTermination2_false-termination.c
[2021-04-24 13:09:56,189 INFO  L359         BuchiCegarLoop]: Interprodecural is true
[2021-04-24 13:09:56,189 INFO  L360         BuchiCegarLoop]: Hoare is false
[2021-04-24 13:09:56,189 INFO  L361         BuchiCegarLoop]: Compute interpolants for ForwardPredicates
[2021-04-24 13:09:56,189 INFO  L362         BuchiCegarLoop]: Backedges is STRAIGHT_LINE
[2021-04-24 13:09:56,189 INFO  L363         BuchiCegarLoop]: Determinization is PREDICATE_ABSTRACTION
[2021-04-24 13:09:56,189 INFO  L364         BuchiCegarLoop]: Difference is false
[2021-04-24 13:09:56,189 INFO  L365         BuchiCegarLoop]: Minimize is MINIMIZE_SEVPA
[2021-04-24 13:09:56,189 INFO  L368         BuchiCegarLoop]: ======== Iteration 0==of CEGAR loop == BuchiCegarLoop========
[2021-04-24 13:09:56,200 INFO  L72            BuchiIsEmpty]: Start buchiIsEmpty. Operand 7 states.
[2021-04-24 13:09:56,211 INFO  L131   ngComponentsAnalysis]: Automaton has 1 accepting balls. 2
[2021-04-24 13:09:56,211 INFO  L87            BuchiIsEmpty]: Finished buchiIsEmpty Result is false
[2021-04-24 13:09:56,211 INFO  L119           BuchiIsEmpty]: Starting construction of run
[2021-04-24 13:09:56,215 INFO  L853         BuchiCegarLoop]: Counterexample stem histogram [1]
[2021-04-24 13:09:56,215 INFO  L854         BuchiCegarLoop]: Counterexample loop histogram [1, 1]
[2021-04-24 13:09:56,215 INFO  L427         BuchiCegarLoop]: ======== Iteration 1============
[2021-04-24 13:09:56,215 INFO  L72            BuchiIsEmpty]: Start buchiIsEmpty. Operand 7 states.
[2021-04-24 13:09:56,215 INFO  L131   ngComponentsAnalysis]: Automaton has 1 accepting balls. 2
[2021-04-24 13:09:56,215 INFO  L87            BuchiIsEmpty]: Finished buchiIsEmpty Result is false
[2021-04-24 13:09:56,215 INFO  L119           BuchiIsEmpty]: Starting construction of run
[2021-04-24 13:09:56,216 INFO  L853         BuchiCegarLoop]: Counterexample stem histogram [1]
[2021-04-24 13:09:56,216 INFO  L854         BuchiCegarLoop]: Counterexample loop histogram [1, 1]
[2021-04-24 13:09:56,220 INFO  L794   eck$LassoCheckResult]: Stem: 3#ULTIMATE.startENTRYtrue havoc main_#res;havoc main_#t~nondet0, main_#t~nondet1, main_~old_x~0, main_~x~0;main_~x~0 := main_#t~nondet0;havoc main_#t~nondet0; 9#L11-2true 
[2021-04-24 13:09:56,220 INFO  L796   eck$LassoCheckResult]: Loop: 9#L11-2true assume !!(main_~x~0 > 1);main_~old_x~0 := main_~x~0;main_~x~0 := main_#t~nondet1;havoc main_#t~nondet1; 8#L14true assume !(main_~x~0 < 2 * main_~old_x~0); 9#L11-2true 
[2021-04-24 13:09:56,224 INFO  L144       PredicateUnifier]: Initialized classic predicate unifier
[2021-04-24 13:09:56,225 INFO  L82        PathProgramCache]: Analyzing trace with hash 32, now seen corresponding path program 1 times
[2021-04-24 13:09:56,231 INFO  L162   FreeRefinementEngine]: Executing refinement strategy CAMEL
[2021-04-24 13:09:56,231 INFO  L353   FreeRefinementEngine]: Using trace check IpTcStrategyModuleSmtInterpolCraig [937788635]
[2021-04-24 13:09:56,231 INFO  L95    rtionOrderModulation]: Keeping assertion order NOT_INCREMENTALLY
[2021-04-24 13:09:56,283 INFO  L136    AnnotateAndAsserter]: Conjunction of SSA is sat
[2021-04-24 13:09:56,283 INFO  L221             TraceCheck]: Trace is feasible, we will do another trace check, this time with branch encoders.
[2021-04-24 13:09:56,285 INFO  L136    AnnotateAndAsserter]: Conjunction of SSA is sat
[2021-04-24 13:09:56,286 INFO  L221             TraceCheck]: Trace is feasible, we will do another trace check, this time with branch encoders.
[2021-04-24 13:09:56,297 INFO  L173   FreeRefinementEngine]: Strategy CAMEL found a feasible trace
[2021-04-24 13:09:56,298 INFO  L144       PredicateUnifier]: Initialized classic predicate unifier
[2021-04-24 13:09:56,298 INFO  L82        PathProgramCache]: Analyzing trace with hash 1286, now seen corresponding path program 1 times
[2021-04-24 13:09:56,298 INFO  L162   FreeRefinementEngine]: Executing refinement strategy CAMEL
[2021-04-24 13:09:56,298 INFO  L353   FreeRefinementEngine]: Using trace check IpTcStrategyModuleSmtInterpolCraig [1137938125]
[2021-04-24 13:09:56,299 INFO  L95    rtionOrderModulation]: Keeping assertion order NOT_INCREMENTALLY
[2021-04-24 13:09:56,309 INFO  L136    AnnotateAndAsserter]: Conjunction of SSA is sat
[2021-04-24 13:09:56,309 INFO  L221             TraceCheck]: Trace is feasible, we will do another trace check, this time with branch encoders.
[2021-04-24 13:09:56,312 INFO  L136    AnnotateAndAsserter]: Conjunction of SSA is sat
[2021-04-24 13:09:56,312 INFO  L221             TraceCheck]: Trace is feasible, we will do another trace check, this time with branch encoders.
[2021-04-24 13:09:56,313 INFO  L173   FreeRefinementEngine]: Strategy CAMEL found a feasible trace
[2021-04-24 13:09:56,315 INFO  L144       PredicateUnifier]: Initialized classic predicate unifier
[2021-04-24 13:09:56,315 INFO  L82        PathProgramCache]: Analyzing trace with hash 31077, now seen corresponding path program 1 times
[2021-04-24 13:09:56,315 INFO  L162   FreeRefinementEngine]: Executing refinement strategy CAMEL
[2021-04-24 13:09:56,315 INFO  L353   FreeRefinementEngine]: Using trace check IpTcStrategyModuleSmtInterpolCraig [1868779963]
[2021-04-24 13:09:56,315 INFO  L95    rtionOrderModulation]: Keeping assertion order NOT_INCREMENTALLY
[2021-04-24 13:09:56,319 INFO  L136    AnnotateAndAsserter]: Conjunction of SSA is sat
[2021-04-24 13:09:56,319 INFO  L221             TraceCheck]: Trace is feasible, we will do another trace check, this time with branch encoders.
[2021-04-24 13:09:56,322 INFO  L136    AnnotateAndAsserter]: Conjunction of SSA is sat
[2021-04-24 13:09:56,323 INFO  L221             TraceCheck]: Trace is feasible, we will do another trace check, this time with branch encoders.
[2021-04-24 13:09:56,324 INFO  L173   FreeRefinementEngine]: Strategy CAMEL found a feasible trace
[2021-04-24 13:09:56,364 INFO  L210          LassoAnalysis]: Preferences:
[2021-04-24 13:09:56,364 INFO  L126   ssoRankerPreferences]: Compute integeral hull: false
[2021-04-24 13:09:56,365 INFO  L127   ssoRankerPreferences]: Enable LassoPartitioneer: true
[2021-04-24 13:09:56,365 INFO  L128   ssoRankerPreferences]: Term annotations enabled: false
[2021-04-24 13:09:56,365 INFO  L129   ssoRankerPreferences]: Use exernal solver: true
[2021-04-24 13:09:56,365 INFO  L130   ssoRankerPreferences]: SMT solver command: z3 SMTLIB2_COMPLIANT=true -memory:1024 -smt2 -in -t:12000
[2021-04-24 13:09:56,365 INFO  L131   ssoRankerPreferences]: Dump SMT script to file: false
[2021-04-24 13:09:56,365 INFO  L132   ssoRankerPreferences]: Path of dumped script: 
[2021-04-24 13:09:56,365 INFO  L133   ssoRankerPreferences]: Filename of dumped script: NonTermination2_false-termination.c_Iteration1_Loop
[2021-04-24 13:09:56,365 INFO  L134   ssoRankerPreferences]: MapElimAlgo: Frank
[2021-04-24 13:09:56,365 INFO  L274          LassoAnalysis]: Starting lasso preprocessing...
[2021-04-24 13:09:56,378 INFO  L141          MapEliminator]: Using MapEliminator with SimplificationTechnique=SIMPLIFY_DDA XnfConversionTechnique=BOTTOM_UP_WITH_LOCAL_SIMPLIFICATION AddInequalities=false OnlyTrivialImplicationsArrayWrite=true OnlyTrivialImplicationsForModifiedArguments=true OnlyArgumentsInFormula=true
[2021-04-24 13:09:56,422 INFO  L292          LassoAnalysis]: Preprocessing complete.
[2021-04-24 13:09:56,423 INFO  L404          LassoAnalysis]: Checking for nontermination...
No working directory specified, using /home/singularity/UAutomizer-linux/z3
Starting monitored process 2 with z3 SMTLIB2_COMPLIANT=true -memory:1024 -smt2 -in -t:12000 (exit command is (exit), workingDir is null)
Waiting until toolchain timeout for monitored process 2 with z3 SMTLIB2_COMPLIANT=true -memory:1024 -smt2 -in -t:12000
[2021-04-24 13:09:56,430 INFO  L148   nArgumentSynthesizer]: Nontermination analysis: NONLINEAR Allow bounded executions: true Number of generalized eigenvectors: 0 Nilpotent components: true
[2021-04-24 13:09:56,430 INFO  L160   nArgumentSynthesizer]: Using integer mode.
No working directory specified, using /home/singularity/UAutomizer-linux/z3
Starting monitored process 3 with z3 SMTLIB2_COMPLIANT=true -memory:1024 -smt2 -in -t:12000 (exit command is (exit), workingDir is null)
Waiting until toolchain timeout for monitored process 3 with z3 SMTLIB2_COMPLIANT=true -memory:1024 -smt2 -in -t:12000
[2021-04-24 13:09:56,462 INFO  L148   nArgumentSynthesizer]: Nontermination analysis: NONLINEAR Allow bounded executions: true Number of generalized eigenvectors: 3 Nilpotent components: true
[2021-04-24 13:09:56,462 INFO  L160   nArgumentSynthesizer]: Using integer mode.
[2021-04-24 13:09:56,543 INFO  L437          LassoAnalysis]: Proved nontermination for one component.
[2021-04-24 13:09:56,544 INFO  L440          LassoAnalysis]: Non-Termination argument consisting of: Initial state: {ULTIMATE.start_main_#t~nondet1=4, ULTIMATE.start_main_~old_x~0=1, ULTIMATE.start_main_~x~0=2} Honda state: {ULTIMATE.start_main_#t~nondet1=4, ULTIMATE.start_main_~old_x~0=1, ULTIMATE.start_main_~x~0=2} Generalized eigenvectors: [{ULTIMATE.start_main_#t~nondet1=4, ULTIMATE.start_main_~old_x~0=1, ULTIMATE.start_main_~x~0=2}, {ULTIMATE.start_main_#t~nondet1=0, ULTIMATE.start_main_~old_x~0=0, ULTIMATE.start_main_~x~0=0}, {ULTIMATE.start_main_#t~nondet1=0, ULTIMATE.start_main_~old_x~0=0, ULTIMATE.start_main_~x~0=0}] Lambdas: [2, 1, 15] Nus: [0, 0]
[2021-04-24 13:09:56,560 INFO  L210          LassoAnalysis]: Preferences:
[2021-04-24 13:09:56,560 INFO  L126   ssoRankerPreferences]: Compute integeral hull: false
[2021-04-24 13:09:56,560 INFO  L127   ssoRankerPreferences]: Enable LassoPartitioneer: true
[2021-04-24 13:09:56,561 INFO  L128   ssoRankerPreferences]: Term annotations enabled: false
[2021-04-24 13:09:56,561 INFO  L129   ssoRankerPreferences]: Use exernal solver: true
[2021-04-24 13:09:56,561 INFO  L130   ssoRankerPreferences]: SMT solver command: z3 SMTLIB2_COMPLIANT=true -memory:1024 -smt2 -in -t:12000
[2021-04-24 13:09:56,561 INFO  L131   ssoRankerPreferences]: Dump SMT script to file: false
[2021-04-24 13:09:56,561 INFO  L132   ssoRankerPreferences]: Path of dumped script: 
[2021-04-24 13:09:56,561 INFO  L133   ssoRankerPreferences]: Filename of dumped script: NonTermination2_false-termination.c_Iteration1_Lasso
[2021-04-24 13:09:56,561 INFO  L134   ssoRankerPreferences]: MapElimAlgo: Frank
[2021-04-24 13:09:56,561 INFO  L274          LassoAnalysis]: Starting lasso preprocessing...
[2021-04-24 13:09:56,562 INFO  L141          MapEliminator]: Using MapEliminator with SimplificationTechnique=SIMPLIFY_DDA XnfConversionTechnique=BOTTOM_UP_WITH_LOCAL_SIMPLIFICATION AddInequalities=false OnlyTrivialImplicationsArrayWrite=true OnlyTrivialImplicationsForModifiedArguments=true OnlyArgumentsInFormula=true
[2021-04-24 13:09:56,566 INFO  L141          MapEliminator]: Using MapEliminator with SimplificationTechnique=SIMPLIFY_DDA XnfConversionTechnique=BOTTOM_UP_WITH_LOCAL_SIMPLIFICATION AddInequalities=false OnlyTrivialImplicationsArrayWrite=true OnlyTrivialImplicationsForModifiedArguments=true OnlyArgumentsInFormula=true
[2021-04-24 13:09:56,581 INFO  L141          MapEliminator]: Using MapEliminator with SimplificationTechnique=SIMPLIFY_DDA XnfConversionTechnique=BOTTOM_UP_WITH_LOCAL_SIMPLIFICATION AddInequalities=false OnlyTrivialImplicationsArrayWrite=true OnlyTrivialImplicationsForModifiedArguments=true OnlyArgumentsInFormula=true
[2021-04-24 13:09:56,618 INFO  L292          LassoAnalysis]: Preprocessing complete.
[2021-04-24 13:09:56,619 INFO  L404          LassoAnalysis]: Checking for nontermination...
No working directory specified, using /home/singularity/UAutomizer-linux/z3
Starting monitored process 4 with z3 SMTLIB2_COMPLIANT=true -memory:1024 -smt2 -in -t:12000 (exit command is (exit), workingDir is null)
Waiting until toolchain timeout for monitored process 4 with z3 SMTLIB2_COMPLIANT=true -memory:1024 -smt2 -in -t:12000
[2021-04-24 13:09:56,623 INFO  L148   nArgumentSynthesizer]: Nontermination analysis: NONLINEAR Allow bounded executions: true Number of generalized eigenvectors: 0 Nilpotent components: true
[2021-04-24 13:09:56,623 INFO  L160   nArgumentSynthesizer]: Using integer mode.
[2021-04-24 13:09:56,627 INFO  L437          LassoAnalysis]: Proved nontermination for one component.
[2021-04-24 13:09:56,627 INFO  L440          LassoAnalysis]: Non-Termination argument consisting of: Initial state: {ULTIMATE.start_main_#t~nondet0=0} Honda state: {ULTIMATE.start_main_#t~nondet0=0} Generalized eigenvectors: [] Lambdas: [] Nus: []
No working directory specified, using /home/singularity/UAutomizer-linux/z3
Starting monitored process 5 with z3 SMTLIB2_COMPLIANT=true -memory:1024 -smt2 -in -t:12000 (exit command is (exit), workingDir is null)
Waiting until toolchain timeout for monitored process 5 with z3 SMTLIB2_COMPLIANT=true -memory:1024 -smt2 -in -t:12000
[2021-04-24 13:09:56,634 INFO  L148   nArgumentSynthesizer]: Nontermination analysis: NONLINEAR Allow bounded executions: true Number of generalized eigenvectors: 0 Nilpotent components: true
[2021-04-24 13:09:56,634 INFO  L160   nArgumentSynthesizer]: Using integer mode.
No working directory specified, using /home/singularity/UAutomizer-linux/z3
Starting monitored process 6 with z3 SMTLIB2_COMPLIANT=true -memory:1024 -smt2 -in -t:12000 (exit command is (exit), workingDir is null)
Waiting until toolchain timeout for monitored process 6 with z3 SMTLIB2_COMPLIANT=true -memory:1024 -smt2 -in -t:12000
[2021-04-24 13:09:56,644 INFO  L148   nArgumentSynthesizer]: Nontermination analysis: NONLINEAR Allow bounded executions: true Number of generalized eigenvectors: 3 Nilpotent components: true
[2021-04-24 13:09:56,645 INFO  L160   nArgumentSynthesizer]: Using integer mode.
[2021-04-24 13:09:56,718 INFO  L437          LassoAnalysis]: Proved nontermination for one component.
[2021-04-24 13:09:56,718 INFO  L440          LassoAnalysis]: Non-Termination argument consisting of: Initial state: {ULTIMATE.start_main_~old_x~0=1, ULTIMATE.start_main_#t~nondet1=4, ULTIMATE.start_main_~x~0=2} Honda state: {ULTIMATE.start_main_~old_x~0=1, ULTIMATE.start_main_#t~nondet1=4, ULTIMATE.start_main_~x~0=2} Generalized eigenvectors: [{ULTIMATE.start_main_~old_x~0=1, ULTIMATE.start_main_#t~nondet1=4, ULTIMATE.start_main_~x~0=2}, {ULTIMATE.start_main_~old_x~0=0, ULTIMATE.start_main_#t~nondet1=0, ULTIMATE.start_main_~x~0=0}, {ULTIMATE.start_main_~old_x~0=0, ULTIMATE.start_main_#t~nondet1=0, ULTIMATE.start_main_~x~0=0}] Lambdas: [2, 1, 15] Nus: [0, 0]
No working directory specified, using /home/singularity/UAutomizer-linux/z3
Starting monitored process 7 with z3 SMTLIB2_COMPLIANT=true -memory:1024 -smt2 -in -t:12000 (exit command is (exit), workingDir is null)
Waiting until toolchain timeout for monitored process 7 with z3 SMTLIB2_COMPLIANT=true -memory:1024 -smt2 -in -t:12000
[2021-04-24 13:09:56,723 INFO  L148   nArgumentSynthesizer]: Nontermination analysis: NONLINEAR Allow bounded executions: true Number of generalized eigenvectors: 0 Nilpotent components: true
[2021-04-24 13:09:56,724 INFO  L160   nArgumentSynthesizer]: Using integer mode.
[2021-04-24 13:09:56,727 INFO  L437          LassoAnalysis]: Proved nontermination for one component.
[2021-04-24 13:09:56,727 INFO  L440          LassoAnalysis]: Non-Termination argument consisting of: Initial state: {ULTIMATE.start_main_#res=0} Honda state: {ULTIMATE.start_main_#res=0} Generalized eigenvectors: [] Lambdas: [] Nus: []
[2021-04-24 13:09:56,743 INFO  L202        PluginConnector]: Adding new model de.uni_freiburg.informatik.ultimate.plugins.generator.buchiautomizer CFG 24.04 01:09:56 BoogieIcfgContainer
[2021-04-24 13:09:56,743 INFO  L132        PluginConnector]: ------------------------ END BuchiAutomizer----------------------------
[2021-04-24 13:09:56,744 INFO  L113        PluginConnector]: ------------------------Witness Printer----------------------------
[2021-04-24 13:09:56,744 INFO  L271        PluginConnector]: Initializing Witness Printer...
[2021-04-24 13:09:56,744 INFO  L275        PluginConnector]: Witness Printer initialized
[2021-04-24 13:09:56,744 INFO  L185        PluginConnector]: Executing the observer RCFGCatcher from plugin Witness Printer for "de.uni_freiburg.informatik.ultimate.plugins.generator.rcfgbuilder CFG 24.04 01:09:56" (3/4) ...
[2021-04-24 13:09:56,746 INFO  L134         WitnessPrinter]: Generating witness for non-termination counterexample
[2021-04-24 13:09:56,772 INFO  L141         WitnessManager]: Wrote witness to /home/magnago/benchmarks/software_nontermination/C/C/Ultimate/NonTermination2_false-termination.c-witness.graphml
[2021-04-24 13:09:56,772 INFO  L132        PluginConnector]: ------------------------ END Witness Printer----------------------------
[2021-04-24 13:09:56,773 INFO  L168              Benchmark]: Toolchain (without parser) took 1204.06 ms. Allocated memory is still 545.3 MB. Free memory was 492.3 MB in the beginning and 464.2 MB in the end (delta: 28.1 MB). Peak memory consumption was 23.9 MB. Max. memory is 21.5 GB.
[2021-04-24 13:09:56,774 INFO  L168              Benchmark]: CDTParser took 0.11 ms. Allocated memory is still 545.3 MB. Free memory is still 509.1 MB. There was no memory consumed. Max. memory is 21.5 GB.
[2021-04-24 13:09:56,774 INFO  L168              Benchmark]: CACSL2BoogieTranslator took 183.79 ms. Allocated memory is still 545.3 MB. Free memory was 491.9 MB in the beginning and 522.7 MB in the end (delta: -30.7 MB). Peak memory consumption was 19.7 MB. Max. memory is 21.5 GB.
[2021-04-24 13:09:56,774 INFO  L168              Benchmark]: Boogie Procedure Inliner took 25.34 ms. Allocated memory is still 545.3 MB. Free memory was 522.7 MB in the beginning and 521.4 MB in the end (delta: 1.3 MB). There was no memory consumed. Max. memory is 21.5 GB.
[2021-04-24 13:09:56,775 INFO  L168              Benchmark]: Boogie Preprocessor took 17.27 ms. Allocated memory is still 545.3 MB. Free memory was 521.4 MB in the beginning and 520.4 MB in the end (delta: 995.7 kB). There was no memory consumed. Max. memory is 21.5 GB.
[2021-04-24 13:09:56,775 INFO  L168              Benchmark]: RCFGBuilder took 322.91 ms. Allocated memory is still 545.3 MB. Free memory was 520.4 MB in the beginning and 510.5 MB in the end (delta: 9.9 MB). Peak memory consumption was 8.4 MB. Max. memory is 21.5 GB.
[2021-04-24 13:09:56,775 INFO  L168              Benchmark]: BuchiAutomizer took 619.40 ms. Allocated memory is still 545.3 MB. Free memory was 510.5 MB in the beginning and 465.4 MB in the end (delta: 45.1 MB). Peak memory consumption was 46.1 MB. Max. memory is 21.5 GB.
[2021-04-24 13:09:56,775 INFO  L168              Benchmark]: Witness Printer took 28.63 ms. Allocated memory is still 545.3 MB. Free memory was 465.4 MB in the beginning and 464.2 MB in the end (delta: 1.2 MB). There was no memory consumed. Max. memory is 21.5 GB.
[2021-04-24 13:09:56,777 INFO  L339   ainManager$Toolchain]: #######################  End [Toolchain 1] #######################
 --- Results ---
 * Results from de.uni_freiburg.informatik.ultimate.core:
  - StatisticsResult: Toolchain Benchmarks
    Benchmark results are:
 * CDTParser took 0.11 ms. Allocated memory is still 545.3 MB. Free memory is still 509.1 MB. There was no memory consumed. Max. memory is 21.5 GB.
 * CACSL2BoogieTranslator took 183.79 ms. Allocated memory is still 545.3 MB. Free memory was 491.9 MB in the beginning and 522.7 MB in the end (delta: -30.7 MB). Peak memory consumption was 19.7 MB. Max. memory is 21.5 GB.
 * Boogie Procedure Inliner took 25.34 ms. Allocated memory is still 545.3 MB. Free memory was 522.7 MB in the beginning and 521.4 MB in the end (delta: 1.3 MB). There was no memory consumed. Max. memory is 21.5 GB.
 * Boogie Preprocessor took 17.27 ms. Allocated memory is still 545.3 MB. Free memory was 521.4 MB in the beginning and 520.4 MB in the end (delta: 995.7 kB). There was no memory consumed. Max. memory is 21.5 GB.
 * RCFGBuilder took 322.91 ms. Allocated memory is still 545.3 MB. Free memory was 520.4 MB in the beginning and 510.5 MB in the end (delta: 9.9 MB). Peak memory consumption was 8.4 MB. Max. memory is 21.5 GB.
 * BuchiAutomizer took 619.40 ms. Allocated memory is still 545.3 MB. Free memory was 510.5 MB in the beginning and 465.4 MB in the end (delta: 45.1 MB). Peak memory consumption was 46.1 MB. Max. memory is 21.5 GB.
 * Witness Printer took 28.63 ms. Allocated memory is still 545.3 MB. Free memory was 465.4 MB in the beginning and 464.2 MB in the end (delta: 1.2 MB). There was no memory consumed. Max. memory is 21.5 GB.
 * Results from de.uni_freiburg.informatik.ultimate.plugins.generator.traceabstraction:
  - StatisticsResult: Constructed decomposition of program
    Trivial decomposition into one nonterminating module.
  - StatisticsResult: Timing statistics
    B?chiAutomizer plugin needed 0.5s and 1 iterations.  TraceHistogramMax:1. Analysis of lassos took 0.5s. Construction of modules took 0.0s. B?chi inclusion checks took 0.0s. Highest rank in rank-based complementation 0. Minimization of det autom 0. Minimization of nondet autom 0. Automata minimization No data available. Non-live state removal took 0.0s Buchi closure took 0.0s. Biggest automaton had -1 states and ocurred in iteration -1.	Nontrivial modules had stage [0, 0, 0, 0, 0].	InterpolantCoveringCapabilityFinite: 0/0	InterpolantCoveringCapabilityBuchi: 0/0	HoareTripleCheckerStatistics: No data available	LassoAnalysisResults: nont1 unkn0 SFLI0 SFLT0 conc0 concLT0 SILN0 SILU0 SILI0 SILT0 lasso0 LassoPreprocessingBenchmarks:   Lassos: inital16 mio100 ax100 hnf100 lsp100 ukn100 mio100 lsp100 div100 bol100 ite100 ukn100 eq150 hnf91 smp100 dnf100 smp100 tf109 neg100 sie108 LassoTerminationAnalysisBenchmarks: not availableLassoTerminationAnalysisBenchmarks: LassoNonterminationAnalysisSatFixpoint: 2	LassoNonterminationAnalysisSatUnbounded: 2	LassoNonterminationAnalysisUnsat: 0	LassoNonterminationAnalysisUnknown: 0	LassoNonterminationAnalysisTime: 0.2s	
  - TerminationAnalysisResult: Nontermination possible
    Buchi Automizer proved that your program is nonterminating for some inputs
  - GeometricNonTerminationArgumentResult [Line: 11]: Nontermination argument in form of an infinite program execution.
    Nontermination argument in form of an infinite execution
State at position 0 is
{org.eclipse.cdt.internal.core.dom.parser.c.CASTFunctionCallExpression@5e0dfc76=0, \result=0, org.eclipse.cdt.internal.core.dom.parser.c.CASTFunctionCallExpression@1a667387=4, old_x=1, x=2}
State at position 1 is
{org.eclipse.cdt.internal.core.dom.parser.c.CASTFunctionCallExpression@5e0dfc76=0, \result=0, org.eclipse.cdt.internal.core.dom.parser.c.CASTFunctionCallExpression@1a667387=4, old_x=1, x=2}
For i>1, the state at position i is
{org.eclipse.cdt.internal.core.dom.parser.c.CASTFunctionCallExpression@5e0dfc76=0 + sum_{k=0}^i 0, \result=0 + sum_{k=0}^i 0, org.eclipse.cdt.internal.core.dom.parser.c.CASTFunctionCallExpression@1a667387=4 + sum_{k=0}^i 4*2^k, old_x=1 + sum_{k=0}^i 1*2^k, x=2 + sum_{k=0}^i 2*2^k}
  - StatisticsResult: NonterminationArgumentStatistics
    Unbounded Execution 1GEVs Lambdas: [2, 1, 15] Mus: [0, 0]
  - NonterminatingLassoResult [Line: 11]: Nonterminating execution
    Found a nonterminating execution for the following lasso shaped sequence of statements.
Stem:
[L10]        int x = __VERIFIER_nondet_int();
Loop:
[L11]  COND TRUE   x > 1
[L12]              int old_x = x;
[L13]              x = __VERIFIER_nondet_int()
[L14]  COND FALSE  !(x < 2*old_x)
End of lasso representation.
RESULT: Ultimate proved your program to be incorrect!
Received shutdown request...
