F3 run `critical_region_0007`

	Found non-termination argument:
	State 1
		id = 6
		_J1753 = True
		_J1747 = True
		c_move = True
		_J1740 = True
		a1_l = False
		_J1731 = True
		pc2_l1 = False
		_J1725 = True
		pc2_l0 = False
		_EL_U_1692 = True
		pc2_l2 = False
		_EL_U_1694 = False
		pc6_evt1 = True
		_EL_U_1697 = False
		pc6_evt0 = True
		a5_l = False
		a6_evt1 = False
		a6_evt0 = True
		_EL_U_1699 = False
		_EL_U_1701 = True
		pc3_l1 = False
		pc3_l0 = False
		pc3_l2 = False
		pc5_evt1 = True
		pc5_evt0 = True
		a5_evt1 = False
		a2_l = False
		a5_evt0 = True
		pc4_l1 = False
		pc4_l0 = False
		pc4_l2 = False
		pc4_evt1 = True
		a6_l = False
		pc4_evt0 = True
		a4_evt1 = False
		a4_evt0 = True
		c_initial = True
		pc5_l1 = False
		pc3_evt1 = True
		pc5_l0 = False
		pc3_evt0 = True
		pc5_l2 = False
		a3_evt1 = False
		a3_evt0 = True
		a3_l = False
		pc2_evt1 = True
		pc2_evt0 = True
		pc6_l1 = False
		a2_evt1 = False
		pc6_l0 = False
		a2_evt0 = True
		pc6_l2 = False
		pc0_l1 = False
		pc0_l0 = False
		pc0_l2 = False
		a0_l = False
		pc1_evt1 = True
		pc1_evt0 = True
		a1_evt1 = False
		a1_evt0 = True
		a4_l = False
		pc1_l1 = False
		pc0_evt1 = True
		pc1_l0 = False
		pc0_evt0 = True
		pc1_l2 = False
		a0_evt1 = False
		a0_evt0 = True
		((-1.0 * pc3_x) < -50.0)
		((-1.0 * pc0_x) < -50.0)
		((-1.0 * pc2_x) < -50.0)
		((-1.0 * delta) <= -1.0)
		(((-1.0 * delta) + _diverge_delta) < 0.0)
		((-1.0 * pc4_x) < -50.0)
		((-1.0 * pc6_x) < -50.0)
		((-1.0 * pc1_x) < -50.0)
		((-1.0 * pc5_x) < -50.0)
		((-1.0 * _diverge_delta) <= -1.0)
	Trans 1 -- 2
		_x_pc4_x = (pc4_x + delta)
		_x__diverge_delta = delta
		_x_pc5_x = (delta + pc5_x)
		_x_pc3_x = (pc3_x + delta)
		_x_pc2_x = (pc2_x + delta)
		_x_pc0_x = (pc0_x + delta)
		_x_pc1_x = (pc1_x + delta)
		_x_pc6_x = (pc6_x + delta)
		_x_delta = (pc5_x + (-1.0 * _diverge_delta) + delta + pc2_x + pc4_x + pc1_x + pc6_x + pc0_x + pc3_x + -1.0)
	State 2
		id = 5
		_J1753 = False
		_J1747 = False
		c_move = True
		_J1740 = False
		a1_l = False
		_J1731 = False
		pc2_l1 = False
		_J1725 = False
		pc2_l0 = False
		_EL_U_1692 = True
		pc2_l2 = False
		_EL_U_1694 = False
		pc6_evt1 = True
		_EL_U_1697 = False
		pc6_evt0 = True
		a5_l = False
		a6_evt1 = False
		a6_evt0 = True
		_EL_U_1699 = False
		_EL_U_1701 = True
		pc3_l1 = False
		pc3_l0 = False
		pc3_l2 = False
		pc5_evt1 = True
		pc5_evt0 = True
		a5_evt1 = False
		a2_l = False
		a5_evt0 = True
		pc4_l1 = False
		pc4_l0 = False
		pc4_l2 = False
		pc4_evt1 = True
		a6_l = False
		pc4_evt0 = True
		a4_evt1 = False
		a4_evt0 = True
		c_initial = True
		pc5_l1 = False
		pc3_evt1 = True
		pc5_l0 = False
		pc3_evt0 = True
		pc5_l2 = False
		a3_evt1 = False
		a3_evt0 = False
		a3_l = False
		pc2_evt1 = True
		pc2_evt0 = False
		pc6_l1 = False
		a2_evt1 = False
		pc6_l0 = False
		a2_evt0 = True
		pc6_l2 = False
		pc0_l1 = False
		pc0_l0 = False
		pc0_l2 = False
		a0_l = False
		pc1_evt1 = True
		pc1_evt0 = True
		a1_evt1 = False
		a1_evt0 = True
		a4_l = False
		pc1_l1 = False
		pc0_evt1 = True
		pc1_l0 = False
		pc0_evt0 = False
		pc1_l2 = False
		a0_evt1 = False
		a0_evt0 = False
		(((-1.0 * pc5_x) + (-1.0 * delta)) < -50.0)
		((-1.0 * delta) <= -1.0)
		(((-1.0 * delta) + (-1.0 * pc3_x)) < -50.0)
		(((-1.0 * pc4_x) + (-1.0 * delta)) < -50.0)
		(((-1.0 * pc6_x) + (-1.0 * delta)) < -50.0)
		(((-1.0 * delta) + (-1.0 * pc0_x)) < -50.0)
		(((-1.0 * pc1_x) + (-1.0 * delta)) < -50.0)
		(((-1.0 * delta) + (-1.0 * pc2_x)) < -50.0)
	Trans 2 -- 3
		_x_pc4_x = (pc4_x + delta)
		_x__diverge_delta = delta
		_x_pc5_x = (delta + pc5_x)
		_x_pc3_x = (pc3_x + delta)
		_x_pc2_x = (pc2_x + delta)
		_x_pc0_x = (pc0_x + delta)
		_x_pc1_x = (pc1_x + delta)
		_x_pc6_x = (pc6_x + delta)
		_x_delta = (((pc5_x * 1/24) + (delta * 13/12) + (pc2_x * 5/24) + -1/24) - ((_diverge_delta * 1/24) + (pc4_x * 1/24) + (pc1_x * 1/24) + (pc6_x * 1/24) + (pc0_x * 1/24) + (pc3_x * 1/24)))
	starting from: _diverge_delta : 101/2, delta : 51.0, pc6_evt1 : True, pc6_evt0 : True, a6_evt1 : False, a6_evt0 : True, pc5_evt1 : True, pc5_evt0 : True, a5_evt1 : False, a5_evt0 : True, pc4_l1 : False, pc4_l0 : False, pc4_l2 : False, pc4_evt1 : True, pc4_evt0 : True, a4_evt1 : False, a4_evt0 : True, pc3_evt1 : True, pc3_evt0 : True, a3_evt1 : False, a3_evt0 : True, pc4_x : 101/2, pc2_evt1 : True, pc2_evt0 : True, a2_evt1 : False, a2_evt0 : True, pc1_evt1 : True, pc1_evt0 : True, a1_evt1 : False, a1_evt0 : True, pc1_l1 : False, pc0_evt1 : True, pc1_l0 : False, pc0_evt0 : True, pc1_l2 : False, a0_evt1 : False, a0_evt0 : True, _J1753 : True, _J1747 : True, c_move : True, _J1740 : True, _J1731 : True, _J1725 : True, _EL_U_1692 : True, _EL_U_1694 : False, pc1_x : 101/2, _EL_U_1697 : False, _EL_U_1699 : False, _EL_U_1701 : True, id : 6, c_initial : True, pc5_l1 : False, pc5_l0 : False, pc5_l2 : False, pc5_x : 101/2, a0_l : False, a1_l : False, pc2_l1 : False, pc2_l0 : False, pc2_l2 : False, pc2_x : 101/2, a2_l : False, a3_l : False, pc6_l1 : False, pc6_l0 : False, pc6_l2 : False, a4_l : False, pc6_x : 101/2, a5_l : False, pc3_l1 : False, pc3_l0 : False, pc3_l2 : False, a6_l : False, pc3_x : 101/2, pc0_l1 : False, pc0_l0 : False, pc0_l2 : False, pc0_x : 101/2

end of `critical_region_0007`: SUCCESS in 5.602469444274902s
