F3 run `critical_region_0024`

	Found non-termination argument:
	State 2
		pc4_l1 = False
		pc4_l0 = False
		pc4_l2 = False
		a12_l = False
		pc23_evt1 = False
		pc23_evt0 = False
		pc11_l1 = False
		pc11_l0 = False
		a23_evt1 = True
		pc11_l2 = False
		a23_evt0 = False
		pc18_l1 = False
		pc18_l0 = False
		pc22_evt1 = False
		pc18_l2 = False
		pc22_evt0 = False
		a22_evt1 = True
		a22_evt0 = False
		a13_l = False
		pc21_evt1 = False
		pc21_evt0 = False
		a21_evt1 = True
		a21_evt0 = False
		pc20_evt1 = False
		pc20_evt0 = False
		c_initial = True
		a20_evt1 = True
		a20_evt0 = False
		pc1_l1 = False
		pc1_l0 = False
		pc1_l2 = False
		pc19_evt1 = False
		a14_l = False
		pc19_evt0 = False
		pc8_l1 = False
		a19_evt1 = True
		pc8_l0 = False
		a19_evt0 = False
		pc8_l2 = False
		pc18_evt1 = False
		pc15_l1 = False
		pc18_evt0 = False
		pc15_l0 = False
		pc15_l2 = False
		a18_evt1 = True
		a18_evt0 = False
		a0_l = False
		pc22_l1 = False
		pc22_l0 = False
		pc22_l2 = False
		pc17_evt1 = False
		pc17_evt0 = False
		a15_l = False
		a17_evt1 = True
		a17_evt0 = False
		pc16_evt1 = False
		pc16_evt0 = False
		a16_evt1 = True
		a16_evt0 = False
		a1_l = False
		pc15_evt1 = False
		pc15_evt0 = False
		a15_evt1 = True
		a16_l = False
		a15_evt0 = False
		pc5_l1 = False
		pc5_l0 = False
		pc5_l2 = False
		pc14_evt1 = False
		pc14_evt0 = False
		pc12_l1 = False
		a14_evt1 = True
		pc12_l0 = False
		a14_evt0 = False
		pc12_l2 = False
		a2_l = False
		pc19_l1 = False
		pc13_evt1 = False
		pc19_l0 = False
		pc13_evt0 = False
		pc19_l2 = False
		a13_evt1 = True
		a13_evt0 = False
		a17_l = False
		pc12_evt1 = False
		pc12_evt0 = False
		a12_evt1 = True
		a12_evt0 = False
		a3_l = False
		pc11_evt1 = False
		pc11_evt0 = False
		a11_evt1 = True
		a11_evt0 = False
		pc2_l1 = False
		a18_l = False
		pc2_l0 = False
		pc10_evt1 = False
		pc2_l2 = False
		pc10_evt0 = False
		a10_evt1 = True
		a10_evt0 = False
		pc9_l1 = False
		pc9_l0 = False
		pc9_l2 = False
		pc9_evt1 = False
		pc9_evt0 = False
		a4_l = False
		pc16_l1 = False
		a9_evt1 = True
		pc16_l0 = False
		a9_evt0 = False
		pc16_l2 = False
		a19_l = False
		pc23_l1 = False
		pc8_evt1 = False
		pc23_l0 = False
		pc8_evt0 = False
		pc23_l2 = False
		a8_evt1 = True
		a8_evt0 = False
		pc7_evt1 = False
		pc7_evt0 = False
		a7_evt1 = True
		a5_l = False
		a7_evt0 = False
		pc6_evt1 = False
		pc6_evt0 = False
		a20_l = False
		a6_evt1 = True
		a6_evt0 = False
		pc6_l1 = False
		pc6_l0 = False
		pc6_l2 = False
		pc5_evt1 = False
		pc5_evt0 = False
		a5_evt1 = True
		a5_evt0 = False
		pc13_l1 = False
		a6_l = False
		pc13_l0 = False
		pc13_l2 = False
		pc4_evt1 = False
		pc4_evt0 = False
		pc20_l1 = False
		a4_evt1 = True
		pc20_l0 = False
		a21_l = False
		pc20_l2 = False
		a4_evt0 = False
		pc3_evt1 = False
		pc3_evt0 = False
		a3_evt1 = True
		a3_evt0 = False
		a7_l = False
		pc2_evt1 = False
		pc2_evt0 = False
		a2_evt1 = True
		a2_evt0 = False
		a22_l = False
		pc3_l1 = False
		pc1_evt1 = False
		pc3_l0 = False
		pc1_evt0 = False
		pc3_l2 = False
		a1_evt1 = True
		a1_evt0 = False
		pc10_l1 = False
		pc10_l0 = False
		a8_l = False
		pc10_l2 = False
		pc0_evt1 = False
		pc0_evt0 = False
		a0_evt1 = True
		a0_evt0 = False
		pc17_l1 = False
		pc17_l0 = False
		a23_l = False
		pc17_l2 = False
		_J5628 = True
		c_move = False
		_J5622 = True
		_J5615 = True
		_J5606 = True
		_J5600 = True
		_EL_U_5567 = True
		_EL_U_5569 = False
		_EL_U_5572 = False
		a9_l = False
		_EL_U_5574 = False
		_EL_U_5576 = True
		pc0_l1 = False
		pc0_l0 = False
		pc0_l2 = False
		pc7_l1 = False
		pc7_l0 = False
		pc7_l2 = False
		a10_l = False
		pc14_l1 = False
		pc14_l0 = False
		pc14_l2 = False
		pc21_l1 = False
		pc21_l0 = False
		pc21_l2 = False
		a11_l = False
		id = 23
		((-1.0 * pc0_x) < -50.0)
		((-1.0 * pc5_x) < -50.0)
		((-1.0 * pc14_x) < -50.0)
		((-1.0 * pc19_x) < -50.0)
		((-1.0 * pc22_x) < -50.0)
		((-1.0 * pc9_x) < -50.0)
		((-1.0 * delta) < 0.0)
		((-1.0 * pc20_x) < -50.0)
		((-1.0 * pc7_x) < -50.0)
		((-1.0 * pc21_x) < -50.0)
		((-1.0 * pc6_x) < -50.0)
		((-1.0 * pc8_x) < -50.0)
		((-1.0 * pc23_x) < -50.0)
		((-1.0 * pc10_x) < -50.0)
		((-1.0 * pc1_x) < -50.0)
		((-1.0 * pc15_x) < -50.0)
		((-1.0 * pc4_x) < -50.0)
		((-1.0 * pc2_x) < -50.0)
		((-1.0 * pc11_x) < -50.0)
		((-1.0 * pc16_x) < -50.0)
		((-1.0 * pc3_x) < -50.0)
		((-1.0 * pc12_x) < -50.0)
		((-1.0 * pc17_x) < -50.0)
		((-1.0 * _diverge_delta) <= -1.0)
		((-1.0 * delta) <= -1.0)
		((-1.0 * pc13_x) < -50.0)
		((-1.0 * pc18_x) < -50.0)
		((((pc2_x * 1/8) + (pc15_x * 1/2) + delta + pc3_x + (-1.0 * pc16_x) + (pc10_x * 1/2) + (-1.0 * pc17_x) + (pc11_x * 1/8) + (-1.0 * pc12_x) + (pc0_x * 1/4) + (pc19_x * 1/8) + (pc20_x * 1/8) + (-1.0 * pc8_x) + (pc21_x * 1/8) + 6324.0) - ((_diverge_delta * 1/4) + (pc9_x * 1/2) + (pc22_x * 1/2) + (pc23_x * 1/2) + (pc4_x * 1/2) + (pc5_x * 1/4) + (pc18_x * 1/8) + (pc6_x * 1/4) + (pc13_x * 1/2) + (pc7_x * 1/2) + (pc1_x * 1/4) + (pc14_x * 1/8))) <= 0.0)
	Trans 2 -- 3
		_x_pc8_x = (pc8_x + delta)
		_x_pc21_x = (pc21_x + delta)
		_x_pc7_x = (pc7_x + delta)
		_x_pc20_x = (pc20_x + delta)
		_x__diverge_delta = delta
		_x_pc6_x = (pc6_x + delta)
		_x_pc19_x = (pc19_x + delta)
		_x_pc14_x = (pc14_x + delta)
		_x_pc18_x = (pc18_x + delta)
		_x_pc0_x = (pc0_x + delta)
		_x_pc17_x = (pc17_x + delta)
		_x_pc5_x = (pc5_x + delta)
		_x_pc12_x = (pc12_x + delta)
		_x_pc13_x = (pc13_x + delta)
		_x_pc3_x = (pc3_x + delta)
		_x_pc4_x = (pc4_x + delta)
		_x_pc16_x = (pc16_x + delta)
		_x_pc10_x = (pc10_x + delta)
		_x_pc11_x = (pc11_x + delta)
		_x_pc1_x = (pc1_x + delta)
		_x_pc2_x = (delta + pc2_x)
		_x_pc23_x = (pc23_x + delta)
		_x_pc15_x = (delta + pc15_x)
		_x_pc9_x = (pc9_x + delta)
		_x_pc22_x = (pc22_x + delta)
		_x_delta = (pc2_x + _diverge_delta + (-1.0 * delta) + pc9_x + pc22_x + (-1.0 * pc3_x) + pc16_x + pc23_x + pc4_x + (pc17_x * 2.0) + pc11_x + pc5_x + pc18_x + (pc12_x * 2.0) + pc6_x + (pc0_x * 1/4) + pc13_x + pc7_x + pc20_x + pc1_x + pc14_x + pc8_x + pc21_x + 1/4)
	State 3
		pc4_l1 = False
		pc4_l0 = False
		pc4_l2 = False
		a12_l = False
		pc23_evt1 = False
		pc23_evt0 = False
		pc11_l1 = False
		pc11_l0 = False
		a23_evt1 = False
		pc11_l2 = False
		a23_evt0 = True
		pc18_l1 = False
		pc18_l0 = False
		pc22_evt1 = False
		pc18_l2 = False
		pc22_evt0 = False
		a22_evt1 = False
		a22_evt0 = False
		a13_l = False
		pc21_evt1 = True
		pc21_evt0 = False
		a21_evt1 = False
		a21_evt0 = True
		pc20_evt1 = False
		pc20_evt0 = False
		c_initial = True
		a20_evt1 = True
		a20_evt0 = False
		pc1_l1 = False
		pc1_l0 = False
		pc1_l2 = False
		pc19_evt1 = True
		a14_l = False
		pc19_evt0 = True
		pc8_l1 = False
		a19_evt1 = False
		pc8_l0 = False
		a19_evt0 = False
		pc8_l2 = False
		pc18_evt1 = False
		pc15_l1 = False
		pc18_evt0 = False
		pc15_l0 = False
		pc15_l2 = False
		a18_evt1 = False
		a18_evt0 = True
		a0_l = False
		pc22_l1 = False
		pc22_l0 = False
		pc22_l2 = False
		pc17_evt1 = False
		pc17_evt0 = True
		a15_l = False
		a17_evt1 = False
		a17_evt0 = True
		pc16_evt1 = True
		pc16_evt0 = True
		a16_evt1 = False
		a16_evt0 = True
		a1_l = False
		pc15_evt1 = False
		pc15_evt0 = False
		a15_evt1 = False
		a16_l = False
		a15_evt0 = False
		pc5_l1 = False
		pc5_l0 = False
		pc5_l2 = False
		pc14_evt1 = False
		pc14_evt0 = False
		pc12_l1 = False
		a14_evt1 = False
		pc12_l0 = False
		a14_evt0 = False
		pc12_l2 = False
		a2_l = False
		pc19_l1 = False
		pc13_evt1 = False
		pc19_l0 = False
		pc13_evt0 = False
		pc19_l2 = False
		a13_evt1 = False
		a13_evt0 = True
		a17_l = False
		pc12_evt1 = False
		pc12_evt0 = False
		a12_evt1 = True
		a12_evt0 = False
		a3_l = False
		pc11_evt1 = False
		pc11_evt0 = False
		a11_evt1 = False
		a11_evt0 = True
		pc2_l1 = False
		a18_l = False
		pc2_l0 = False
		pc10_evt1 = False
		pc2_l2 = False
		pc10_evt0 = False
		a10_evt1 = False
		a10_evt0 = True
		pc9_l1 = False
		pc9_l0 = False
		pc9_l2 = False
		pc9_evt1 = False
		pc9_evt0 = True
		a4_l = False
		pc16_l1 = False
		a9_evt1 = False
		pc16_l0 = False
		a9_evt0 = True
		pc16_l2 = False
		a19_l = False
		pc23_l1 = False
		pc8_evt1 = True
		pc23_l0 = False
		pc8_evt0 = True
		pc23_l2 = False
		a8_evt1 = False
		a8_evt0 = True
		pc7_evt1 = False
		pc7_evt0 = False
		a7_evt1 = False
		a5_l = False
		a7_evt0 = False
		pc6_evt1 = False
		pc6_evt0 = False
		a20_l = False
		a6_evt1 = False
		a6_evt0 = False
		pc6_l1 = False
		pc6_l0 = False
		pc6_l2 = False
		pc5_evt1 = False
		pc5_evt0 = False
		a5_evt1 = False
		a5_evt0 = True
		pc13_l1 = False
		a6_l = False
		pc13_l0 = False
		pc13_l2 = False
		pc4_evt1 = False
		pc4_evt0 = False
		pc20_l1 = False
		a4_evt1 = True
		pc20_l0 = False
		a21_l = False
		pc20_l2 = False
		a4_evt0 = False
		pc3_evt1 = False
		pc3_evt0 = False
		a3_evt1 = False
		a3_evt0 = True
		a7_l = False
		pc2_evt1 = False
		pc2_evt0 = False
		a2_evt1 = False
		a2_evt0 = True
		a22_l = False
		pc3_l1 = False
		pc1_evt1 = False
		pc3_l0 = False
		pc1_evt0 = True
		pc3_l2 = False
		a1_evt1 = True
		a1_evt0 = False
		pc10_l1 = False
		pc10_l0 = False
		a8_l = False
		pc10_l2 = False
		pc0_evt1 = True
		pc0_evt0 = True
		a0_evt1 = False
		a0_evt0 = False
		pc17_l1 = False
		pc17_l0 = False
		a23_l = False
		pc17_l2 = False
		_J5628 = False
		c_move = False
		_J5622 = False
		_J5615 = False
		_J5606 = False
		_J5600 = False
		_EL_U_5567 = True
		_EL_U_5569 = False
		_EL_U_5572 = False
		a9_l = False
		_EL_U_5574 = False
		_EL_U_5576 = True
		pc0_l1 = False
		pc0_l0 = False
		pc0_l2 = False
		pc7_l1 = False
		pc7_l0 = False
		pc7_l2 = False
		a10_l = False
		pc14_l1 = False
		pc14_l0 = False
		pc14_l2 = False
		pc21_l1 = False
		pc21_l0 = False
		pc21_l2 = False
		a11_l = False
		id = 23
		(((-1.0 * delta) + (-1.0 * pc4_x)) < -50.0)
		(((-1.0 * delta) + (-1.0 * pc22_x)) < -50.0)
		(((-1.0 * pc3_x) + (-1.0 * delta)) < -50.0)
		(((-1.0 * pc23_x) + (-1.0 * delta)) < -50.0)
		(((-1.0 * delta) + (-1.0 * pc13_x)) < -50.0)
		(((-1.0 * delta) + (-1.0 * pc9_x)) < -50.0)
		(((-1.0 * pc12_x) + (-1.0 * delta)) < -50.0)
		(((-1.0 * pc10_x) + (-1.0 * delta)) < -50.0)
		(((-1.0 * delta) + (-1.0 * pc18_x)) < -50.0)
		(((-1.0 * pc17_x) + (-1.0 * delta)) < -50.0)
		(((-1.0 * pc1_x) + (-1.0 * delta)) < -50.0)
		(((-1.0 * pc20_x) + (-1.0 * delta)) < -50.0)
		(((-1.0 * delta) + (-1.0 * pc0_x)) < -50.0)
		(((-1.0 * pc15_x) + (-1.0 * delta)) < -50.0)
		(((-1.0 * pc7_x) + (-1.0 * delta)) < -50.0)
		(((-1.0 * delta) + (-1.0 * pc5_x)) < -50.0)
		(((-1.0 * pc2_x) + (-1.0 * delta)) < -50.0)
		(((-1.0 * pc21_x) + (-1.0 * delta)) < -50.0)
		(((-1.0 * delta) + (-1.0 * pc14_x)) < -50.0)
		(((-1.0 * pc11_x) + (-1.0 * delta)) < -50.0)
		(((-1.0 * pc6_x) + (-1.0 * delta)) < -50.0)
		((-1.0 * delta) <= -1.0)
		(((-1.0 * delta) + (-1.0 * pc19_x)) < -50.0)
		(((-1.0 * pc16_x) + (-1.0 * delta)) < -50.0)
		(((-1.0 * pc8_x) + (-1.0 * delta)) < -50.0)
	Trans 3 -- 4
		_x_pc8_x = (pc8_x + delta)
		_x_pc21_x = (pc21_x + delta)
		_x_pc7_x = (pc7_x + delta)
		_x_pc20_x = (pc20_x + delta)
		_x__diverge_delta = delta
		_x_pc6_x = (pc6_x + delta)
		_x_pc19_x = (pc19_x + delta)
		_x_pc14_x = (pc14_x + delta)
		_x_pc18_x = (pc18_x + delta)
		_x_pc0_x = (pc0_x + delta)
		_x_pc17_x = (pc17_x + delta)
		_x_pc5_x = (pc5_x + delta)
		_x_pc12_x = (pc12_x + delta)
		_x_pc13_x = (pc13_x + delta)
		_x_pc3_x = (pc3_x + delta)
		_x_pc4_x = (pc4_x + delta)
		_x_pc16_x = (pc16_x + delta)
		_x_pc10_x = (pc10_x + delta)
		_x_pc11_x = (pc11_x + delta)
		_x_pc1_x = (pc1_x + delta)
		_x_pc2_x = (delta + pc2_x)
		_x_pc23_x = (pc23_x + delta)
		_x_pc15_x = (delta + pc15_x)
		_x_pc9_x = (pc9_x + delta)
		_x_pc22_x = (pc22_x + delta)
		_x_delta = (((delta * 1/8) + pc9_x + pc22_x + (pc16_x * 1/8) + pc23_x + pc4_x + pc17_x + pc12_x + pc13_x + pc7_x + (pc8_x * 1/8) + -1/2) - ((_diverge_delta * 4.0) + (pc3_x * 1/8)))
	starting from: _diverge_delta : 1205/2, delta : 1.0, pc4_l1 : False, pc4_l0 : False, pc4_l2 : False, a12_l : False, pc23_evt1 : False, pc23_evt0 : False, pc11_l1 : False, a23_evt1 : True, pc11_l0 : False, a23_evt0 : False, pc11_l2 : False, pc18_l1 : False, pc18_l0 : False, pc22_evt1 : False, pc18_l2 : False, pc22_evt0 : False, pc4_x : 1205.0, a22_evt1 : True, a22_evt0 : False, a13_l : False, pc11_x : 1205.0, pc21_evt1 : False, pc21_evt0 : False, a21_evt1 : True, a21_evt0 : False, pc18_x : 1205.0, pc20_evt1 : False, pc20_evt0 : False, c_initial : True, a20_evt1 : True, a20_evt0 : False, pc1_l1 : False, pc1_l0 : False, pc1_l2 : False, pc19_evt1 : False, a14_l : False, pc19_evt0 : False, pc8_l1 : False, a19_evt1 : True, pc8_l0 : False, a19_evt0 : False, pc8_l2 : False, pc18_evt1 : False, pc15_l1 : False, pc18_evt0 : False, pc15_l0 : False, pc15_l2 : False, a18_evt1 : True, pc1_x : 1205.0, a18_evt0 : False, a0_l : False, pc22_l1 : False, pc22_l0 : False, pc17_evt1 : False, pc22_l2 : False, pc8_x : 1205.0, pc17_evt0 : False, a15_l : False, a17_evt1 : True, a17_evt0 : False, pc15_x : 1205.0, pc16_evt1 : False, pc16_evt0 : False, a16_evt1 : True, a16_evt0 : False, a1_l : False, pc22_x : 1205.0, pc15_evt1 : False, pc15_evt0 : False, a15_evt1 : True, a16_l : False, a15_evt0 : False, pc5_l1 : False, pc5_l0 : False, pc5_l2 : False, pc14_evt1 : False, pc14_evt0 : False, pc12_l1 : False, a14_evt1 : True, pc12_l0 : False, a14_evt0 : False, pc12_l2 : False, a2_l : False, pc19_l1 : False, pc13_evt1 : False, pc19_l0 : False, pc13_evt0 : False, pc19_l2 : False, a13_evt1 : True, pc5_x : 1205.0, a13_evt0 : False, a17_l : False, pc12_evt1 : False, pc12_x : 1205.0, pc12_evt0 : False, a12_evt1 : True, a12_evt0 : False, pc19_x : 1205.0, a3_l : False, pc11_evt1 : False, pc11_evt0 : False, a11_evt1 : True, a11_evt0 : False, pc2_l1 : False, a18_l : False, pc2_l0 : False, pc10_evt1 : False, pc2_l2 : False, pc10_evt0 : False, a10_evt1 : True, a10_evt0 : False, pc9_l1 : False, pc9_l0 : False, pc9_l2 : False, pc9_evt1 : False, pc9_evt0 : False, a4_l : False, pc16_l1 : False, a9_evt1 : True, pc16_l0 : False, a9_evt0 : False, pc16_l2 : False, pc2_x : 1205.0, a19_l : False, pc23_l1 : False, pc8_evt1 : False, pc23_l0 : False, pc8_evt0 : False, pc23_l2 : False, a8_evt1 : True, pc9_x : 1205.0, a8_evt0 : False, pc7_evt1 : False, pc16_x : 1205.0, pc7_evt0 : False, a7_evt1 : True, a5_l : False, a7_evt0 : False, pc23_x : 1205.0, pc6_evt1 : False, pc6_evt0 : False, a20_l : False, a6_evt1 : True, a6_evt0 : False, pc6_l1 : False, pc6_l0 : False, pc6_l2 : False, pc5_evt1 : False, pc5_evt0 : False, a5_evt1 : True, a5_evt0 : False, pc13_l1 : False, a6_l : False, pc13_l0 : False, pc13_l2 : False, pc4_evt1 : False, pc4_evt0 : False, pc20_l1 : False, a4_evt1 : True, pc20_l0 : False, a21_l : False, pc20_l2 : False, a4_evt0 : False, pc6_x : 1205.0, pc3_evt1 : False, pc3_evt0 : False, a3_evt1 : True, pc13_x : 1205.0, a3_evt0 : False, a7_l : False, pc2_evt1 : False, pc20_x : 1205.0, pc2_evt0 : False, a2_evt1 : True, a2_evt0 : False, a22_l : False, pc3_l1 : False, pc1_evt1 : False, pc3_l0 : False, pc1_evt0 : False, pc3_l2 : False, a1_evt1 : True, a1_evt0 : False, pc10_l1 : False, pc10_l0 : False, a8_l : False, pc10_l2 : False, pc0_evt1 : False, pc0_evt0 : False, a0_evt1 : True, a0_evt0 : False, pc17_l1 : False, pc17_l0 : False, a23_l : False, pc17_l2 : False, pc3_x : 1205.0, _J5628 : True, c_move : False, _J5622 : True, _J5615 : True, _J5606 : True, _J5600 : True, pc10_x : 1205.0, _EL_U_5567 : True, _EL_U_5569 : False, _EL_U_5572 : False, a9_l : False, pc17_x : 1205.0, _EL_U_5574 : False, _EL_U_5576 : True, pc0_l1 : False, pc0_l0 : False, pc0_l2 : False, pc7_l1 : False, pc7_l0 : False, pc7_l2 : False, a10_l : False, pc14_l1 : False, pc0_x : 1205.0, pc14_l0 : False, pc14_l2 : False, pc21_l1 : False, pc21_l0 : False, pc21_l2 : False, pc7_x : 1205.0, a11_l : False, pc14_x : 1205.0, id : 23, pc21_x : 1205.0

end of `critical_region_0024`: SUCCESS in 199.77554631233215s
