F3 run `critical_region_0012`

	Found non-termination argument:
	State 1
		_EL_U_2832 = True
		pc0_l0 = False
		pc0_l2 = False
		_EL_U_2834 = False
		_EL_U_2837 = False
		a5_l = False
		_EL_U_2839 = False
		id = 6
		_EL_U_2841 = True
		pc7_l1 = False
		pc7_l0 = False
		pc7_l2 = False
		pc11_evt1 = True
		pc11_evt0 = True
		a11_evt1 = False
		a11_evt0 = True
		pc10_evt1 = True
		pc10_evt0 = True
		a10_evt1 = False
		pc2_l1 = False
		a6_l = False
		pc2_l0 = False
		a10_evt0 = True
		pc2_l2 = False
		c_initial = True
		pc9_evt1 = True
		pc9_l1 = False
		pc9_evt0 = True
		pc9_l0 = False
		a9_evt1 = False
		pc9_l2 = False
		a9_evt0 = True
		pc8_evt1 = True
		pc8_evt0 = True
		a8_evt1 = False
		a8_evt0 = True
		a7_l = False
		pc4_l1 = False
		pc4_l0 = False
		pc7_evt1 = True
		pc4_l2 = False
		pc7_evt0 = True
		a0_l = False
		a7_evt1 = False
		a7_evt0 = True
		pc11_l1 = False
		pc11_l0 = False
		pc11_l2 = False
		pc6_evt1 = True
		pc6_evt0 = True
		a6_evt1 = False
		a6_evt0 = True
		a8_l = False
		pc5_evt1 = True
		pc5_evt0 = True
		a5_evt1 = False
		pc6_l1 = False
		a5_evt0 = True
		pc6_l0 = False
		a1_l = False
		pc6_l2 = False
		pc4_evt1 = True
		pc4_evt0 = True
		a4_evt1 = False
		a4_evt0 = True
		a9_l = False
		pc3_evt1 = True
		pc1_l1 = False
		pc3_evt0 = True
		pc1_l0 = False
		a3_evt1 = False
		pc1_l2 = False
		a3_evt0 = True
		a2_l = False
		pc8_l1 = False
		pc8_l0 = False
		pc2_evt1 = True
		pc8_l2 = False
		pc2_evt0 = True
		a2_evt1 = False
		a2_evt0 = True
		pc1_evt1 = True
		a10_l = False
		pc1_evt0 = True
		a1_evt1 = False
		a1_evt0 = True
		pc3_l1 = False
		pc3_l0 = False
		a3_l = False
		pc3_l2 = False
		pc0_evt1 = True
		pc0_evt0 = True
		a0_evt1 = False
		pc10_l1 = False
		a0_evt0 = True
		pc10_l0 = False
		pc10_l2 = False
		c_move = True
		a11_l = False
		a4_l = False
		pc5_l1 = False
		pc5_l0 = False
		pc5_l2 = False
		_J2893 = True
		_J2887 = True
		_J2880 = True
		_J2871 = True
		_J2865 = True
		pc0_l1 = False
		((-1.0 * pc3_x) < -50.0)
		((-1.0 * pc2_x) < -50.0)
		((-1.0 * pc11_x) < -50.0)
		((-1.0 * delta) <= -1.0)
		((-1.0 * pc1_x) < -50.0)
		((-1.0 * _diverge_delta) <= -1.0)
		(((-1.0 * delta) + _diverge_delta) < 0.0)
		((-1.0 * pc8_x) < -50.0)
		((-1.0 * pc7_x) < -50.0)
		((-1.0 * pc6_x) < -50.0)
		((-1.0 * pc5_x) < -50.0)
		((-1.0 * pc10_x) < -50.0)
		((-1.0 * pc4_x) < -50.0)
		((-1.0 * pc0_x) < -50.0)
		((-1.0 * pc9_x) < -50.0)
	Trans 1 -- 2
		_x_pc7_x = (pc7_x + delta)
		_x_pc9_x = (pc9_x + delta)
		_x_pc1_x = (pc1_x + delta)
		_x_pc10_x = (pc10_x + delta)
		_x_pc5_x = (delta + pc5_x)
		_x_pc11_x = (delta + pc11_x)
		_x_pc2_x = (pc2_x + delta)
		_x_pc3_x = (pc3_x + delta)
		_x_pc6_x = (pc6_x + delta)
		_x_pc4_x = (pc4_x + delta)
		_x_pc8_x = (delta + pc8_x)
		_x__diverge_delta = delta
		_x_pc0_x = (pc0_x + delta)
		_x_delta = (pc8_x + pc5_x + (-1.0 * _diverge_delta) + pc11_x + delta + pc2_x + pc10_x + pc7_x + pc1_x + pc4_x + pc9_x + pc6_x + pc0_x + pc3_x + -1.0)
	State 2
		_EL_U_2832 = True
		pc0_l0 = False
		pc0_l2 = False
		_EL_U_2834 = False
		_EL_U_2837 = False
		a5_l = False
		_EL_U_2839 = False
		id = 5
		_EL_U_2841 = True
		pc7_l1 = False
		pc7_l0 = False
		pc7_l2 = False
		pc11_evt1 = False
		pc11_evt0 = True
		a11_evt1 = False
		a11_evt0 = True
		pc10_evt1 = True
		pc10_evt0 = True
		a10_evt1 = False
		pc2_l1 = False
		a6_l = False
		pc2_l0 = False
		a10_evt0 = True
		pc2_l2 = False
		c_initial = True
		pc9_evt1 = True
		pc9_l1 = False
		pc9_evt0 = True
		pc9_l0 = False
		a9_evt1 = False
		pc9_l2 = False
		a9_evt0 = False
		pc8_evt1 = True
		pc8_evt0 = True
		a8_evt1 = False
		a8_evt0 = True
		a7_l = False
		pc4_l1 = False
		pc4_l0 = False
		pc7_evt1 = False
		pc4_l2 = False
		pc7_evt0 = True
		a0_l = False
		a7_evt1 = False
		a7_evt0 = False
		pc11_l1 = False
		pc11_l0 = False
		pc11_l2 = False
		pc6_evt1 = True
		pc6_evt0 = True
		a6_evt1 = False
		a6_evt0 = True
		a8_l = False
		pc5_evt1 = False
		pc5_evt0 = True
		a5_evt1 = False
		pc6_l1 = False
		a5_evt0 = True
		pc6_l0 = False
		a1_l = False
		pc6_l2 = False
		pc4_evt1 = True
		pc4_evt0 = True
		a4_evt1 = False
		a4_evt0 = True
		a9_l = False
		pc3_evt1 = False
		pc1_l1 = False
		pc3_evt0 = True
		pc1_l0 = False
		a3_evt1 = False
		pc1_l2 = False
		a3_evt0 = True
		a2_l = False
		pc8_l1 = False
		pc8_l0 = False
		pc2_evt1 = True
		pc8_l2 = False
		pc2_evt0 = True
		a2_evt1 = False
		a2_evt0 = True
		pc1_evt1 = False
		a10_l = False
		pc1_evt0 = True
		a1_evt1 = False
		a1_evt0 = True
		pc3_l1 = False
		pc3_l0 = False
		a3_l = False
		pc3_l2 = False
		pc0_evt1 = True
		pc0_evt0 = True
		a0_evt1 = False
		pc10_l1 = False
		a0_evt0 = True
		pc10_l0 = False
		pc10_l2 = False
		c_move = True
		a11_l = False
		a4_l = False
		pc5_l1 = False
		pc5_l0 = False
		pc5_l2 = False
		_J2893 = False
		_J2887 = False
		_J2880 = False
		_J2871 = False
		_J2865 = False
		pc0_l1 = False
		(((-1.0 * delta) + (-1.0 * pc6_x)) < -50.0)
		((-1.0 * delta) <= -1.0)
		(((-1.0 * delta) + (-1.0 * pc1_x)) < -50.0)
		(((-1.0 * delta) + (-1.0 * pc2_x)) < -50.0)
		(((-1.0 * delta) + (-1.0 * pc0_x)) < -50.0)
		(((-1.0 * delta) + (-1.0 * pc5_x)) < -50.0)
		(((-1.0 * delta) + (-1.0 * pc8_x)) < -50.0)
		(((-1.0 * delta) + (-1.0 * pc11_x)) < -50.0)
		(((-1.0 * delta) + (-1.0 * pc9_x)) < -50.0)
		(((-1.0 * delta) + (-1.0 * pc10_x)) < -50.0)
		(((-1.0 * delta) + (-1.0 * pc7_x)) < -50.0)
		(((-1.0 * delta) + (-1.0 * pc3_x)) < -50.0)
		(((-1.0 * delta) + (-1.0 * pc4_x)) < -50.0)
	Trans 2 -- 3
		_x_pc7_x = (pc7_x + delta)
		_x_pc9_x = (pc9_x + delta)
		_x_pc1_x = (pc1_x + delta)
		_x_pc10_x = (pc10_x + delta)
		_x_pc5_x = (delta + pc5_x)
		_x_pc11_x = (delta + pc11_x)
		_x_pc2_x = (pc2_x + delta)
		_x_pc3_x = (pc3_x + delta)
		_x_pc6_x = (pc6_x + delta)
		_x_pc4_x = (pc4_x + delta)
		_x_pc8_x = (delta + pc8_x)
		_x__diverge_delta = delta
		_x_pc0_x = (pc0_x + delta)
		_x_delta = (((delta * 27/26) + (pc10_x * 3/13) + -1/52) - ((pc8_x * 1/52) + (pc5_x * 1/52) + (_diverge_delta * 1/52) + (pc11_x * 1/52) + (pc2_x * 1/52) + (pc7_x * 1/52) + (pc1_x * 1/52) + (pc4_x * 1/52) + (pc9_x * 1/52) + (pc6_x * 1/52) + (pc0_x * 1/52) + (pc3_x * 1/52)))
	starting from: pc5_x : 141302/2421, _diverge_delta : 141302/2421, a5_l : False, delta : 161554/2421, pc11_evt1 : True, pc11_evt0 : True, a11_evt1 : False, a11_evt0 : True, pc10_evt1 : True, pc10_evt0 : True, a10_evt1 : False, pc2_l1 : False, a6_l : False, pc2_l0 : False, a10_evt0 : True, pc2_l2 : False, pc9_evt1 : True, pc9_l1 : False, pc9_evt0 : True, pc9_l0 : False, a9_evt1 : False, pc9_l2 : False, a9_evt0 : True, pc8_evt1 : True, pc8_evt0 : True, pc2_x : 141302/2421, a8_evt1 : False, a8_evt0 : True, a7_l : False, pc9_x : 141302/2421, pc7_evt1 : True, pc7_evt0 : True, a7_evt1 : False, a7_evt0 : True, pc6_evt1 : True, pc6_evt0 : True, a6_evt1 : False, a6_evt0 : True, a8_l : False, pc5_evt1 : True, pc5_evt0 : True, a5_evt1 : False, pc6_l1 : False, a5_evt0 : True, pc6_l0 : False, pc6_l2 : False, pc4_evt1 : True, pc4_evt0 : True, a4_evt1 : False, a4_evt0 : True, a9_l : False, pc3_evt1 : True, pc3_evt0 : True, pc6_x : 141302/2421, a3_evt1 : False, a3_evt0 : True, pc2_evt1 : True, pc2_evt0 : True, a2_evt1 : False, a2_evt0 : True, pc1_evt1 : True, a10_l : False, pc1_evt0 : True, a1_evt1 : False, a1_evt0 : True, pc3_l1 : False, pc3_l0 : False, pc3_l2 : False, pc0_evt1 : True, pc0_evt0 : True, a0_evt1 : False, pc10_l1 : False, a0_evt0 : True, pc10_l0 : False, pc10_l2 : False, c_move : True, a11_l : False, pc3_x : 141302/2421, pc10_x : 141302/2421, _J2893 : True, _J2887 : True, _J2880 : True, _J2871 : True, _J2865 : True, pc0_l1 : False, _EL_U_2832 : True, pc0_l0 : False, pc0_l2 : False, _EL_U_2834 : False, _EL_U_2837 : False, _EL_U_2839 : False, id : 6, _EL_U_2841 : True, pc7_l1 : False, pc7_l0 : False, pc7_l2 : False, pc0_x : 141302/2421, pc7_x : 141302/2421, c_initial : True, pc4_l1 : False, pc4_l0 : False, pc4_l2 : False, a0_l : False, pc11_l1 : False, pc11_l0 : False, pc11_l2 : False, pc4_x : 141302/2421, a1_l : False, pc11_x : 141302/2421, pc1_l1 : False, pc1_l0 : False, pc1_l2 : False, a2_l : False, pc8_l1 : False, pc8_l0 : False, pc8_l2 : False, pc1_x : 141302/2421, pc8_x : 141302/2421, a3_l : False, a4_l : False, pc5_l1 : False, pc5_l0 : False, pc5_l2 : False

end of `critical_region_0012`: SUCCESS in 10.384541749954224s
