

run 1/1: `critical_region_0013`

	Found non-termination argument:
	State 1
		pc12_evt1 = True
		pc12_evt0 = True
		pc11_l1 = False
		pc11_l0 = False
		pc11_evt0 = True
		pc10_l0 = False
		pc10_evt1 = True
		pc10_evt0 = True
		pc9_l1 = False
		pc12_l2 = False
		pc9_l0 = False
		pc8_l1 = False
		pc11_l2 = False
		pc8_l0 = False
		pc8_evt1 = True
		pc8_evt0 = True
		pc7_evt1 = True
		pc7_evt0 = True
		pc6_l1 = False
		pc9_l2 = False
		pc6_l0 = False
		pc5_evt0 = True
		pc4_l1 = False
		pc7_l2 = False
		pc4_l0 = False
		pc2_l2 = False
		pc2_l1 = False
		pc11_evt1 = True
		a6_l = False
		pc6_l2 = False
		pc3_l0 = False
		a5_evt0 = False
		a4_evt0 = False
		pc3_evt1 = True
		pc0_evt0 = True
		pc5_l2 = False
		pc2_l0 = False
		a4_l = False
		pc5_evt1 = True
		a12_evt0 = False
		pc10_l2 = False
		pc7_l0 = False
		a3_evt1 = False
		pc10_l1 = False
		a3_evt0 = True
		a5_l = False
		a4_evt1 = True
		pc12_l0 = False
		pc0_evt1 = False
		pc6_evt0 = True
		id = 7
		pc7_l1 = False
		a0_l = False
		a9_l = False
		pc5_l1 = False
		a1_l = False
		a9_evt0 = False
		pc6_evt1 = True
		c_move = False
		pc3_evt0 = False
		c_initial = True
		a6_evt0 = False
		pc4_evt0 = True
		a0_evt0 = False
		a8_l = False
		a7_evt1 = False
		a2_evt0 = False
		a7_evt0 = True
		pc0_l2 = False
		pc4_evt1 = True
		a0_evt1 = True
		a9_evt1 = True
		pc1_l2 = False
		a3_l = False
		a11_evt0 = False
		a2_evt1 = True
		pc8_l2 = False
		pc5_l0 = False
		a12_l = False
		a7_l = False
		a6_evt1 = True
		a2_l = False
		pc9_evt0 = True
		a10_evt0 = True
		a8_evt0 = False
		a8_evt1 = True
		pc4_l2 = False
		pc1_l0 = False
		pc12_l1 = False
		a10_l = False
		pc1_evt1 = True
		pc9_evt1 = True
		a10_evt1 = False
		a11_evt1 = True
		pc3_l1 = False
		a5_evt1 = True
		pc0_l0 = False
		a11_l = False
		pc3_l2 = False
		pc0_l1 = False
		a1_evt0 = False
		a12_evt1 = True
		pc2_evt0 = True
		pc1_evt0 = True
		pc1_l1 = False
		a1_evt1 = True
		pc2_evt1 = True
		_J3093 = True
		_J3099 = True
		_J3108 = True
		_J3115 = True
		_J3121 = True
		_EL_U_3060 = True
		_EL_U_3062 = False
		_EL_U_3065 = False
		_EL_U_3067 = False
		_EL_U_3069 = True
		((-1.0 * _diverge_delta) <= -1.0)
		((-1.0 * pc12_x) < -50.0)
		((-1.0 * pc9_x) < -50.0)
		((-1.0 * pc4_x) < -50.0)
		((-1.0 * pc7_x) < -50.0)
		((-1.0 * pc5_x) < -50.0)
		((-1.0 * pc1_x) < -50.0)
		((-1.0 * pc0_x) <= -50.0)
		((-1.0 * pc10_x) < -50.0)
		((-1.0 * pc0_x) < -50.0)
		((-1.0 * pc6_x) < -50.0)
		((-1.0 * pc11_x) < -50.0)
		((-1.0 * delta) < 0.0)
		((-1.0 * pc8_x) < -50.0)
		((-1.0 * pc2_x) < -50.0)
		((-1.0 * delta) <= -1.0)
		((-1.0 * pc3_x) < -50.0)
	Trans 1 -- 2
		_x_pc6_x = (pc6_x + delta)
		_x_pc2_x = (pc2_x + delta)
		_x_pc7_x = (pc7_x + delta)
		_x_pc8_x = (pc8_x + delta)
		_x_delta = (pc6_x + pc2_x + pc7_x + pc8_x + delta + _diverge_delta + pc4_x + pc3_x + pc11_x + pc10_x + pc5_x + pc9_x + pc0_x + pc1_x + pc12_x + -1.0)
		_x__diverge_delta = delta
		_x_pc4_x = (pc4_x + delta)
		_x_pc3_x = (pc3_x + delta)
		_x_pc11_x = (pc11_x + delta)
		_x_pc10_x = (pc10_x + delta)
		_x_pc5_x = (pc5_x + delta)
		_x_pc9_x = (pc9_x + delta)
		_x_pc0_x = (pc0_x + delta)
		_x_pc1_x = (pc1_x + delta)
		_x_pc12_x = (pc12_x + delta)
	State 2
		pc12_evt1 = False
		pc12_evt0 = False
		pc11_l1 = False
		pc11_l0 = False
		pc11_evt0 = False
		pc10_l0 = False
		pc10_evt1 = False
		pc10_evt0 = False
		pc9_l1 = False
		pc12_l2 = False
		pc9_l0 = False
		pc8_l1 = False
		pc11_l2 = False
		pc8_l0 = False
		pc8_evt1 = False
		pc8_evt0 = False
		pc7_evt1 = False
		pc7_evt0 = False
		pc6_l1 = False
		pc9_l2 = False
		pc6_l0 = False
		pc5_evt0 = False
		pc4_l1 = False
		pc7_l2 = False
		pc4_l0 = False
		pc2_l2 = False
		pc2_l1 = False
		pc11_evt1 = False
		a6_l = False
		pc6_l2 = False
		pc3_l0 = False
		a5_evt0 = False
		a4_evt0 = False
		pc3_evt1 = False
		pc0_evt0 = False
		pc5_l2 = False
		pc2_l0 = False
		a4_l = False
		pc5_evt1 = False
		a12_evt0 = True
		pc10_l2 = False
		pc7_l0 = False
		a3_evt1 = False
		pc10_l1 = False
		a3_evt0 = True
		a5_l = False
		a4_evt1 = False
		pc12_l0 = False
		pc0_evt1 = False
		pc6_evt0 = False
		id = 2
		pc7_l1 = False
		a0_l = False
		a9_l = False
		pc5_l1 = False
		a1_l = False
		a9_evt0 = False
		pc6_evt1 = False
		c_move = False
		pc3_evt0 = False
		c_initial = True
		a6_evt0 = False
		pc4_evt0 = False
		a0_evt0 = False
		a8_l = False
		a7_evt1 = False
		a2_evt0 = False
		a7_evt0 = False
		pc0_l2 = False
		pc4_evt1 = False
		a0_evt1 = False
		a9_evt1 = False
		pc1_l2 = False
		a3_l = False
		a11_evt0 = False
		a2_evt1 = True
		pc8_l2 = False
		pc5_l0 = False
		a12_l = False
		a7_l = False
		a6_evt1 = False
		a2_l = False
		pc9_evt0 = False
		a10_evt0 = False
		a8_evt0 = False
		a8_evt1 = False
		pc4_l2 = False
		pc1_l0 = False
		pc12_l1 = False
		a10_l = False
		pc1_evt1 = False
		pc9_evt1 = False
		a10_evt1 = False
		a11_evt1 = False
		pc3_l1 = False
		a5_evt1 = True
		pc0_l0 = False
		a11_l = False
		pc3_l2 = False
		pc0_l1 = False
		a1_evt0 = False
		a12_evt1 = False
		pc2_evt0 = False
		pc1_evt0 = False
		pc1_l1 = False
		a1_evt1 = False
		pc2_evt1 = False
		_J3093 = False
		_J3099 = False
		_J3108 = False
		_J3115 = False
		_J3121 = False
		_EL_U_3060 = True
		_EL_U_3062 = False
		_EL_U_3065 = False
		_EL_U_3067 = False
		_EL_U_3069 = True
		(((-1.0 * delta) + (-1.0 * pc10_x)) < -50.0)
		(((-1.0 * delta) + (-1.0 * pc5_x)) < -50.0)
		(((-1.0 * pc8_x) + (-1.0 * delta)) < -50.0)
		(((-1.0 * delta) + (-1.0 * pc9_x)) < -50.0)
		(((-1.0 * delta) + (-1.0 * pc0_x)) < -50.0)
		(((-1.0 * delta) + (-1.0 * pc1_x)) < -50.0)
		(((-1.0 * pc2_x) + (-1.0 * delta)) < -50.0)
		(((-1.0 * delta) + (-1.0 * pc4_x)) < -50.0)
		((-1.0 * delta) <= -1.0)
		(((-1.0 * delta) + (-1.0 * pc6_x)) < -50.0)
		(((-1.0 * pc3_x) + (-1.0 * delta)) < -50.0)
		(((-1.0 * delta) + (-1.0 * pc0_x)) <= -50.0)
		(((-1.0 * delta) + (-1.0 * pc7_x)) < -50.0)
		(((-1.0 * delta) + (-1.0 * pc11_x)) < -50.0)
		(((-1.0 * delta) + (-1.0 * pc12_x)) < -50.0)
	Trans 2 -- 3
		_x_pc6_x = (pc6_x + delta)
		_x_pc2_x = (pc2_x + delta)
		_x_pc7_x = (pc7_x + delta)
		_x_pc8_x = (pc8_x + delta)
		_x_delta = ((pc2_x + pc7_x + pc8_x + delta + (pc4_x * 5/4) + (pc3_x * 5/4) + (pc11_x * 5/4) + (pc10_x * 5/4) + (pc5_x * 5/4) + (pc9_x * 5/4) + (pc0_x * 5/4) + (pc1_x * 5/4) + (pc12_x * 5/4) + -1/4) - (_diverge_delta * 1/4))
		_x__diverge_delta = delta
		_x_pc4_x = (pc4_x + delta)
		_x_pc3_x = (pc3_x + delta)
		_x_pc11_x = (pc11_x + delta)
		_x_pc10_x = (pc10_x + delta)
		_x_pc5_x = (pc5_x + delta)
		_x_pc9_x = (pc9_x + delta)
		_x_pc0_x = (pc0_x + delta)
		_x_pc1_x = (pc1_x + delta)
		_x_pc12_x = (pc12_x + delta)
	starting from: {delta: 1.0, _diverge_delta: 101/2, pc12_evt1: True, pc12_evt0: True, pc11_l1: False, pc11_l0: False, pc11_evt0: True, pc11_x: 101/2, pc10_l0: False, pc10_evt1: True, pc10_evt0: True, pc10_x: 101/2, pc9_l1: False, pc12_l2: False, pc9_l0: False, pc9_x: 101/2, pc8_l1: False, pc11_l2: False, pc8_l0: False, pc8_evt1: True, pc8_evt0: True, pc8_x: 101/2, pc7_evt1: True, pc7_evt0: True, pc6_l1: False, pc9_l2: False, pc6_l0: False, pc6_x: 101/2, pc5_evt0: True, pc4_l1: False, pc7_l2: False, pc4_l0: False, pc4_x: 101/2, pc3_x: 101/2, pc2_l2: False, pc2_l1: False, pc11_evt1: True, a6_l: False, pc6_l2: False, pc3_l0: False, a5_evt0: False, a4_evt0: False, pc3_evt1: True, pc0_evt0: True, pc5_l2: False, pc2_l0: False, a4_l: False, pc5_evt1: True, a12_evt0: False, pc10_l2: False, pc7_l0: False, a3_evt1: False, pc10_l1: False, a3_evt0: True, a5_l: False, a4_evt1: True, pc12_l0: False, pc0_evt1: False, pc6_evt0: True, id: 7, pc7_l1: False, a0_l: False, pc7_x: 101/2, a9_l: False, pc5_l1: False, a1_l: False, a9_evt0: False, pc6_evt1: True, c_move: False, pc3_evt0: False, c_initial: True, a6_evt0: False, pc4_evt0: True, a0_evt0: False, a8_l: False, a7_evt1: False, pc5_x: 101/2, a2_evt0: False, a7_evt0: True, pc0_l2: False, pc4_evt1: True, a0_evt1: True, a9_evt1: True, pc1_l2: False, a3_l: False, pc12_x: 101/2, a11_evt0: False, a2_evt1: True, pc8_l2: False, pc5_l0: False, a12_l: False, a7_l: False, pc2_x: 101/2, a6_evt1: True, a2_l: False, pc9_evt0: True, a10_evt0: True, a8_evt0: False, a8_evt1: True, pc4_l2: False, pc1_l0: False, pc12_l1: False, a10_l: False, pc1_evt1: True, pc9_evt1: True, a10_evt1: False, a11_evt1: True, pc3_l1: False, a5_evt1: True, pc0_l0: False, a11_l: False, pc0_x: 101/2, pc3_l2: False, pc0_l1: False, pc1_x: 101/2, a1_evt0: False, a12_evt1: True, pc2_evt0: True, pc1_evt0: True, pc1_l1: False, a1_evt1: True, pc2_evt1: True, _J3093: True, _J3099: True, _J3108: True, _J3115: True, _J3121: True, _EL_U_3060: True, _EL_U_3062: False, _EL_U_3065: False, _EL_U_3067: False, _EL_U_3069: True}

end of `critical_region_0013`: SUCCESS in 7.367710828781128s
