

run 1/1: `critical_region_0015`

	Found non-termination argument:
	State 2
		pc14_l1 = False
		pc14_evt1 = False
		pc14_evt0 = True
		pc13_l1 = False
		pc13_l0 = False
		pc13_evt1 = True
		pc0_l1 = False
		pc0_l0 = False
		a7_evt1 = False
		pc3_l1 = False
		a14_evt1 = True
		a3_evt0 = False
		a2_evt0 = False
		a12_evt1 = True
		a1_evt0 = False
		pc9_evt1 = True
		a11_evt1 = False
		pc1_l0 = False
		a13_l = False
		pc4_l2 = False
		a10_evt1 = True
		a8_evt1 = False
		a8_evt0 = True
		a11_l = False
		pc13_evt0 = True
		a1_evt1 = True
		a10_evt0 = False
		pc12_l0 = False
		a6_evt1 = False
		a7_l = False
		pc1_evt1 = True
		a12_l = False
		pc12_l1 = False
		a11_evt0 = True
		a3_l = False
		pc5_l1 = False
		a0_evt1 = True
		pc14_l2 = False
		pc8_evt0 = True
		a7_evt0 = True
		pc3_l0 = False
		pc0_evt1 = True
		pc6_l2 = False
		a8_l = False
		pc11_evt1 = True
		pc3_evt1 = True
		c_move = False
		pc10_evt0 = True
		pc0_l2 = False
		pc10_evt1 = True
		a1_l = False
		pc9_l0 = False
		pc6_evt0 = True
		a9_evt0 = True
		pc12_l2 = False
		a9_l = False
		pc11_l0 = False
		id = 2
		a14_l = False
		pc5_l0 = False
		pc2_evt0 = True
		pc8_l2 = False
		a4_evt1 = True
		pc3_l2 = False
		a3_evt1 = True
		a0_evt0 = False
		pc2_evt1 = False
		a12_evt0 = False
		pc9_evt0 = True
		a4_l = False
		a4_evt0 = False
		a5_evt0 = False
		pc10_l1 = False
		pc14_l0 = False
		a5_evt1 = True
		a13_evt0 = True
		pc7_l0 = False
		pc4_evt0 = True
		pc10_l2 = False
		a14_evt0 = False
		pc5_evt1 = True
		a6_l = False
		a2_l = False
		pc1_l1 = False
		a0_l = False
		pc2_l0 = False
		pc5_l2 = False
		pc2_l1 = False
		a10_l = False
		c_initial = True
		pc4_evt1 = True
		a2_evt1 = True
		pc4_l0 = False
		pc1_evt0 = True
		pc7_l2 = False
		pc4_l1 = False
		a9_evt1 = False
		pc6_evt1 = True
		pc6_l0 = False
		pc3_evt0 = True
		pc9_l2 = False
		pc0_evt0 = True
		pc6_l1 = False
		pc13_l2 = False
		pc7_evt0 = True
		pc7_evt1 = True
		a13_evt1 = False
		pc7_l1 = False
		pc8_evt1 = True
		pc8_l0 = False
		pc5_evt0 = True
		pc11_l2 = False
		pc8_l1 = False
		pc9_l1 = False
		pc1_l2 = False
		pc10_l0 = False
		a6_evt0 = True
		pc2_l2 = False
		pc11_evt0 = True
		a5_l = False
		pc11_l1 = False
		pc12_evt0 = True
		pc12_evt1 = True
		_J3549 = True
		_J3555 = True
		_J3564 = True
		_J3571 = True
		_J3577 = True
		_EL_U_3516 = True
		_EL_U_3518 = False
		_EL_U_3521 = False
		_EL_U_3523 = False
		_EL_U_3525 = True
		((-1.0 * pc3_x) < -50.0)
		((-1.0 * pc5_x) < -50.0)
		((-1.0 * pc11_x) < -50.0)
		((-1.0 * pc6_x) < -50.0)
		(((-1.0 * delta) + (-1.0 * _diverge_delta)) <= -1.0)
		((-1.0 * pc12_x) < -50.0)
		((-1.0 * pc7_x) < -50.0)
		((-1.0 * pc13_x) < -50.0)
		((-1.0 * pc8_x) < -50.0)
		(_diverge_delta < 1.0)
		((-1.0 * delta) < 0.0)
		((-1.0 * pc0_x) < -50.0)
		((-1.0 * pc14_x) < -50.0)
		((-1.0 * pc1_x) < -50.0)
		((-1.0 * pc9_x) < -50.0)
		((-1.0 * pc9_x) <= -50.0)
		((-1.0 * pc4_x) < -50.0)
		((-1.0 * pc2_x) < -50.0)
		((-1.0 * pc10_x) < -50.0)
	Trans 2 -- 3
		_x_delta = 5/6
		_x__diverge_delta = (_diverge_delta + delta)
		_x_pc10_x = (pc10_x + delta)
		_x_pc11_x = (pc11_x + delta)
		_x_pc12_x = (pc12_x + delta)
		_x_pc0_x = (pc0_x + delta)
		_x_pc1_x = (pc1_x + delta)
		_x_pc5_x = (pc5_x + delta)
		_x_pc13_x = (pc13_x + delta)
		_x_pc7_x = (pc7_x + delta)
		_x_pc2_x = (pc2_x + delta)
		_x_pc14_x = (pc14_x + delta)
		_x_pc3_x = (pc3_x + delta)
		_x_pc4_x = (pc4_x + delta)
		_x_pc9_x = (pc9_x + delta)
		_x_pc6_x = (pc6_x + delta)
		_x_pc8_x = (pc8_x + delta)
	State 3
		pc14_l1 = False
		pc14_evt1 = False
		pc14_evt0 = True
		pc13_l1 = False
		pc13_l0 = False
		pc13_evt1 = True
		pc0_l1 = False
		pc0_l0 = False
		a7_evt1 = False
		pc3_l1 = False
		a14_evt1 = True
		a3_evt0 = False
		a2_evt0 = False
		a12_evt1 = True
		a1_evt0 = True
		pc9_evt1 = True
		a11_evt1 = False
		pc1_l0 = False
		a13_l = False
		pc4_l2 = False
		a10_evt1 = True
		a8_evt1 = False
		a8_evt0 = True
		a11_l = False
		pc13_evt0 = True
		a1_evt1 = False
		a10_evt0 = False
		pc12_l0 = False
		a6_evt1 = False
		a7_l = False
		pc1_evt1 = True
		a12_l = False
		pc12_l1 = False
		a11_evt0 = True
		a3_l = False
		pc5_l1 = False
		a0_evt1 = True
		pc14_l2 = False
		pc8_evt0 = True
		a7_evt0 = True
		pc3_l0 = False
		pc0_evt1 = True
		pc6_l2 = False
		a8_l = False
		pc11_evt1 = True
		pc3_evt1 = True
		c_move = False
		pc10_evt0 = True
		pc0_l2 = False
		pc10_evt1 = True
		a1_l = False
		pc9_l0 = False
		pc6_evt0 = True
		a9_evt0 = True
		pc12_l2 = False
		a9_l = False
		pc11_l0 = False
		id = 12
		a14_l = False
		pc5_l0 = False
		pc2_evt0 = True
		pc8_l2 = False
		a4_evt1 = True
		pc3_l2 = False
		a3_evt1 = True
		a0_evt0 = False
		pc2_evt1 = False
		a12_evt0 = False
		pc9_evt0 = True
		a4_l = False
		a4_evt0 = False
		a5_evt0 = False
		pc10_l1 = False
		pc14_l0 = False
		a5_evt1 = True
		a13_evt0 = True
		pc7_l0 = False
		pc4_evt0 = True
		pc10_l2 = False
		a14_evt0 = False
		pc5_evt1 = True
		a6_l = False
		a2_l = False
		pc1_l1 = False
		a0_l = False
		pc2_l0 = False
		pc5_l2 = False
		pc2_l1 = False
		a10_l = False
		c_initial = True
		pc4_evt1 = True
		a2_evt1 = True
		pc4_l0 = False
		pc1_evt0 = True
		pc7_l2 = False
		pc4_l1 = False
		a9_evt1 = False
		pc6_evt1 = True
		pc6_l0 = False
		pc3_evt0 = True
		pc9_l2 = False
		pc0_evt0 = True
		pc6_l1 = False
		pc13_l2 = False
		pc7_evt0 = False
		pc7_evt1 = True
		a13_evt1 = False
		pc7_l1 = False
		pc8_evt1 = True
		pc8_l0 = False
		pc5_evt0 = True
		pc11_l2 = False
		pc8_l1 = False
		pc9_l1 = False
		pc1_l2 = False
		pc10_l0 = False
		a6_evt0 = True
		pc2_l2 = False
		pc11_evt0 = True
		a5_l = False
		pc11_l1 = False
		pc12_evt0 = True
		pc12_evt1 = True
		_J3549 = False
		_J3555 = False
		_J3564 = False
		_J3571 = False
		_J3577 = False
		_EL_U_3516 = True
		_EL_U_3518 = False
		_EL_U_3521 = False
		_EL_U_3523 = False
		_EL_U_3525 = True
		(((-1.0 * pc1_x) + (-1.0 * delta)) < -50.0)
		(((-1.0 * pc12_x) + (-1.0 * delta)) < -50.0)
		(((-1.0 * pc9_x) + (-1.0 * delta)) < -50.0)
		(((-1.0 * pc9_x) + (-1.0 * delta)) <= -50.0)
		(((-1.0 * pc7_x) + (-1.0 * delta)) < -50.0)
		(((-1.0 * pc4_x) + (-1.0 * delta)) < -50.0)
		(((-1.0 * pc13_x) + (-1.0 * delta)) < -50.0)
		(((-1.0 * pc2_x) + (-1.0 * delta)) < -50.0)
		(((-1.0 * pc8_x) + (-1.0 * delta)) < -50.0)
		(((-1.0 * pc3_x) + (-1.0 * delta)) < -50.0)
		(delta < 1.0)
		(((-1.0 * pc10_x) + (-1.0 * delta)) < -50.0)
		((-1.0 * delta) < 0.0)
		(((-1.0 * pc5_x) + (-1.0 * delta)) < -50.0)
		(((-1.0 * pc0_x) + (-1.0 * delta)) < -50.0)
		(((-1.0 * pc11_x) + (-1.0 * delta)) < -50.0)
		(((-1.0 * pc14_x) + (-1.0 * delta)) < -50.0)
		(((-1.0 * pc6_x) + (-1.0 * delta)) < -50.0)
	Trans 3 -- 4
		_x_delta = 7/6
		_x__diverge_delta = delta
		_x_pc10_x = (pc10_x + delta)
		_x_pc11_x = (pc11_x + delta)
		_x_pc12_x = (pc12_x + delta)
		_x_pc0_x = (pc0_x + delta)
		_x_pc1_x = (pc1_x + delta)
		_x_pc5_x = (pc5_x + delta)
		_x_pc13_x = (pc13_x + delta)
		_x_pc7_x = (pc7_x + delta)
		_x_pc2_x = (pc2_x + delta)
		_x_pc14_x = (pc14_x + delta)
		_x_pc3_x = (pc3_x + delta)
		_x_pc4_x = (pc4_x + delta)
		_x_pc9_x = (pc9_x + delta)
		_x_pc6_x = (pc6_x + delta)
		_x_pc8_x = (pc8_x + delta)
	starting from: {delta: 2.0, _diverge_delta: 0.0, pc14_l1: False, pc14_evt1: False, pc14_evt0: True, pc13_l1: False, pc13_l0: False, pc13_evt1: True, pc0_l1: False, pc0_x: 1624/27, pc0_l0: False, a7_evt1: False, pc3_l1: False, a14_evt1: True, pc1_x: 1624/27, a3_evt0: False, a2_evt0: False, a12_evt1: True, a1_evt0: False, pc9_evt1: True, a11_evt1: False, pc1_l0: False, pc13_x: 1624/27, a13_l: False, pc4_l2: False, a10_evt1: True, a8_evt1: False, a8_evt0: True, a11_l: False, pc7_x: 1624/27, pc13_evt0: True, a1_evt1: True, a10_evt0: False, pc12_l0: False, a6_evt1: False, a7_l: False, pc1_evt1: True, a12_l: False, pc12_l1: False, pc9_x: 1624/27, a11_evt0: True, a3_l: False, pc5_l1: False, a0_evt1: True, pc14_l2: False, pc8_evt0: True, a7_evt0: True, pc3_l0: False, pc0_evt1: True, pc6_l2: False, a8_l: False, pc11_evt1: True, pc3_evt1: True, c_move: False, pc10_evt0: True, pc0_l2: False, pc10_evt1: True, a1_l: False, pc9_l0: False, pc6_evt0: True, a9_evt0: True, pc12_l2: False, a9_l: False, pc11_l0: False, id: 2, a14_l: False, pc5_l0: False, pc2_evt0: True, pc8_l2: False, a4_evt1: True, pc3_l2: False, pc12_x: 1624/27, a3_evt1: True, a0_evt0: False, pc2_evt1: False, a12_evt0: False, pc9_evt0: True, a4_l: False, a4_evt0: False, pc5_x: 1624/27, a5_evt0: False, pc10_l1: False, pc14_l0: False, a5_evt1: True, a13_evt0: True, pc7_l0: False, pc4_evt0: True, pc10_l2: False, a14_evt0: False, pc5_evt1: True, a6_l: False, a2_l: False, pc1_l1: False, pc2_x: 1624/27, a0_l: False, pc2_l0: False, pc14_x: 1624/27, pc5_l2: False, pc2_l1: False, a10_l: False, c_initial: True, pc3_x: 1624/27, pc4_x: 1624/27, pc4_evt1: True, a2_evt1: True, pc4_l0: False, pc1_evt0: True, pc7_l2: False, pc4_l1: False, pc6_x: 1624/27, a9_evt1: False, pc6_evt1: True, pc6_l0: False, pc3_evt0: True, pc9_l2: False, pc0_evt0: True, pc6_l1: False, pc13_l2: False, pc7_evt0: True, pc7_evt1: True, a13_evt1: False, pc7_l1: False, pc8_x: 1624/27, pc8_evt1: True, pc8_l0: False, pc5_evt0: True, pc11_l2: False, pc8_l1: False, pc9_l1: False, pc1_l2: False, pc10_x: 1624/27, pc10_l0: False, a6_evt0: True, pc2_l2: False, pc11_x: 1624/27, pc11_evt0: True, a5_l: False, pc11_l1: False, pc12_evt0: True, pc12_evt1: True, _J3549: True, _J3555: True, _J3564: True, _J3571: True, _J3577: True, _EL_U_3516: True, _EL_U_3518: False, _EL_U_3521: False, _EL_U_3523: False, _EL_U_3525: True}

end of `critical_region_0015`: SUCCESS in 10.840973854064941s
