

run 1/1: `critical_region_0017`

	Found non-termination argument:
	Do states 1..2 while ((pc16_x + pc4_x + pc3_x + pc14_x + pc2_x + pc13_x + pc1_x + pc12_x + pc11_x + pc7_x + pc10_x + pc9_x + pc0_x + (pc15_x * 3/16) + delta + (pc6_x * 3/16) + (pc5_x * 3/16) + -4019/3) < 0.0)
	State 1
		_diverge_delta = 51.0
		pc16_l1 = False
		pc16_l0 = False
		pc15_l1 = False
		pc15_l0 = False
		pc15_evt1 = False
		pc15_evt0 = False
		pc14_l1 = False
		pc14_evt1 = False
		pc14_evt0 = False
		pc13_l1 = False
		pc13_l0 = False
		pc13_evt1 = False
		pc12_l1 = False
		pc12_l0 = False
		pc12_evt1 = False
		pc12_evt0 = True
		pc0_l0 = False
		a9_evt1 = False
		pc3_l1 = False
		a16_evt1 = True
		a4_evt0 = False
		pc16_evt1 = False
		a14_evt1 = False
		a3_evt0 = False
		pc9_evt1 = False
		a13_evt1 = False
		a2_evt0 = False
		a12_evt1 = True
		a1_evt0 = False
		a10_evt1 = False
		pc11_evt1 = False
		a8_evt1 = True
		pc3_evt1 = False
		a11_l = False
		a1_evt1 = False
		a10_evt0 = False
		a2_l = False
		a16_l = False
		pc5_l0 = False
		pc2_evt0 = False
		pc8_l2 = False
		a6_evt1 = False
		a2_evt1 = False
		pc9_l0 = False
		a0_evt1 = True
		a7_evt0 = False
		pc10_l1 = False
		pc14_l0 = False
		a7_evt1 = True
		a15_evt0 = False
		pc7_l0 = False
		pc4_evt0 = False
		pc10_l2 = False
		a16_evt0 = False
		pc5_evt1 = False
		a8_l = False
		a0_evt0 = False
		a6_evt0 = False
		a10_l = False
		c_initial = True
		c_move = False
		a9_evt0 = False
		pc3_l0 = False
		pc0_evt1 = False
		pc6_l2 = False
		a1_l = False
		pc4_evt1 = False
		a9_l = False
		a0_l = False
		a11_evt1 = True
		pc6_evt1 = False
		id = 8
		a14_l = False
		a13_evt0 = False
		a5_l = False
		pc5_l1 = False
		a13_l = False
		pc13_evt0 = False
		a3_evt1 = False
		pc12_l2 = False
		a11_evt0 = False
		pc6_evt0 = False
		a12_evt0 = False
		a5_evt1 = False
		pc2_evt1 = False
		pc16_evt0 = False
		a14_evt0 = False
		pc15_l2 = False
		pc9_evt0 = False
		a6_l = False
		pc0_l1 = False
		pc3_l2 = False
		pc0_l2 = False
		a5_evt0 = False
		pc1_evt1 = False
		pc1_l0 = False
		a15_l = False
		pc4_l2 = False
		a4_l = False
		pc1_l1 = False
		pc2_l0 = False
		pc5_l2 = False
		pc2_l1 = False
		a12_l = False
		a4_evt1 = True
		pc4_l0 = False
		pc1_evt0 = False
		pc7_l2 = False
		pc4_l1 = False
		pc6_l0 = False
		pc3_evt0 = False
		pc9_l2 = False
		pc0_evt0 = False
		pc6_l1 = False
		pc13_l2 = False
		pc7_evt0 = False
		pc7_evt1 = False
		a15_evt1 = False
		pc7_l1 = False
		pc14_l2 = False
		pc8_evt0 = False
		pc8_evt1 = False
		pc8_l0 = False
		pc5_evt0 = False
		pc11_l2 = False
		pc8_l1 = False
		pc9_l1 = False
		pc1_l2 = False
		pc16_l2 = False
		pc10_evt0 = False
		a3_l = False
		pc10_evt1 = False
		pc10_l0 = False
		a8_evt0 = False
		pc2_l2 = False
		pc11_evt0 = False
		pc11_l0 = False
		a7_l = False
		pc11_l1 = False
		_J4005 = True
		_J4011 = True
		_J4020 = True
		_J4027 = True
		_J4033 = True
		_EL_U_3972 = True
		_EL_U_3974 = False
		_EL_U_3977 = False
		_EL_U_3979 = False
		_EL_U_3981 = True
		((-1.0 * pc5_x) < -50.0)
		((-1.0 * pc12_x) < -50.0)
		((-1.0 * pc6_x) < -50.0)
		((-1.0 * pc7_x) < -50.0)
		((-1.0 * pc13_x) < -50.0)
		((-1.0 * pc8_x) < -50.0)
		((-1.0 * pc0_x) < -50.0)
		((-1.0 * pc1_x) < -50.0)
		((-1.0 * pc14_x) < -50.0)
		((-1.0 * pc9_x) < -50.0)
		((-1.0 * pc15_x) < -50.0)
		((-1.0 * pc10_x) < -50.0)
		((-1.0 * pc2_x) < -50.0)
		((-1.0 * pc16_x) < -50.0)
		((-1.0 * pc3_x) < -50.0)
		((-1.0 * pc11_x) < -50.0)
		(delta = 51.0)
		((-1.0 * delta) < 0.0)
		((-1.0 * pc4_x) < -50.0)
	Trans 1 -- 2
		_x_pc5_x : (pc5_x + delta)
		_x_pc6_x : (pc6_x + delta)
		_x_delta : 51.0
		_x_pc15_x : (pc15_x + delta)
		_x_pc0_x : (pc0_x + delta)
		_x_pc8_x : (pc8_x + delta)
		_x_pc9_x : (pc9_x + delta)
		_x_pc10_x : (pc10_x + delta)
		_x_pc7_x : (pc7_x + delta)
		_x_pc11_x : (pc11_x + delta)
		_x_pc12_x : (pc12_x + delta)
		_x_pc1_x : (pc1_x + delta)
		_x_pc13_x : (pc13_x + delta)
		_x_pc2_x : (pc2_x + delta)
		_x_pc14_x : (pc14_x + delta)
		_x_pc3_x : (pc3_x + delta)
		_x_pc4_x : (pc4_x + delta)
		_x_pc16_x : (pc16_x + delta)
	State 2
		_diverge_delta = 51.0
		pc16_l1 = False
		pc16_l0 = False
		pc15_l1 = False
		pc15_l0 = False
		pc15_evt1 = False
		pc15_evt0 = False
		pc14_l1 = False
		pc14_evt1 = False
		pc14_evt0 = False
		pc13_l1 = False
		pc13_l0 = False
		pc13_evt1 = False
		pc12_l1 = False
		pc12_l0 = False
		pc12_evt1 = False
		pc12_evt0 = False
		pc0_l0 = False
		a9_evt1 = False
		pc3_l1 = False
		a16_evt1 = False
		a4_evt0 = False
		pc16_evt1 = False
		a14_evt1 = True
		a3_evt0 = False
		pc9_evt1 = False
		a13_evt1 = True
		a2_evt0 = False
		a12_evt1 = False
		a1_evt0 = False
		a10_evt1 = False
		pc11_evt1 = False
		a8_evt1 = False
		pc3_evt1 = False
		a11_l = False
		a1_evt1 = False
		a10_evt0 = False
		a2_l = False
		a16_l = False
		pc5_l0 = False
		pc2_evt0 = False
		pc8_l2 = False
		a6_evt1 = True
		a2_evt1 = False
		pc9_l0 = False
		a0_evt1 = False
		a7_evt0 = False
		pc10_l1 = False
		pc14_l0 = False
		a7_evt1 = False
		a15_evt0 = False
		pc7_l0 = False
		pc4_evt0 = False
		pc10_l2 = False
		a16_evt0 = True
		pc5_evt1 = False
		a8_l = False
		a0_evt0 = False
		a6_evt0 = False
		a10_l = False
		c_initial = True
		c_move = False
		a9_evt0 = False
		pc3_l0 = False
		pc0_evt1 = False
		pc6_l2 = False
		a1_l = False
		pc4_evt1 = False
		a9_l = False
		a0_l = False
		a11_evt1 = False
		pc6_evt1 = False
		id = 6
		a14_l = False
		a13_evt0 = False
		a5_l = False
		pc5_l1 = False
		a13_l = False
		pc13_evt0 = False
		a3_evt1 = False
		pc12_l2 = False
		a11_evt0 = False
		pc6_evt0 = False
		a12_evt0 = False
		a5_evt1 = True
		pc2_evt1 = False
		pc16_evt0 = False
		a14_evt0 = False
		pc15_l2 = False
		pc9_evt0 = False
		a6_l = False
		pc0_l1 = False
		pc3_l2 = False
		pc0_l2 = False
		a5_evt0 = False
		pc1_evt1 = False
		pc1_l0 = False
		a15_l = False
		pc4_l2 = False
		a4_l = False
		pc1_l1 = False
		pc2_l0 = False
		pc5_l2 = False
		pc2_l1 = False
		a12_l = False
		a4_evt1 = False
		pc4_l0 = False
		pc1_evt0 = False
		pc7_l2 = False
		pc4_l1 = False
		pc6_l0 = False
		pc3_evt0 = False
		pc9_l2 = False
		pc0_evt0 = False
		pc6_l1 = False
		pc13_l2 = False
		pc7_evt0 = False
		pc7_evt1 = False
		a15_evt1 = False
		pc7_l1 = False
		pc14_l2 = False
		pc8_evt0 = False
		pc8_evt1 = False
		pc8_l0 = False
		pc5_evt0 = False
		pc11_l2 = False
		pc8_l1 = False
		pc9_l1 = False
		pc1_l2 = False
		pc16_l2 = False
		pc10_evt0 = False
		a3_l = False
		pc10_evt1 = False
		pc10_l0 = False
		a8_evt0 = False
		pc2_l2 = False
		pc11_evt0 = False
		pc11_l0 = False
		a7_l = False
		pc11_l1 = False
		_J4005 = False
		_J4011 = False
		_J4020 = False
		_J4027 = False
		_J4033 = False
		_EL_U_3972 = True
		_EL_U_3974 = False
		_EL_U_3977 = False
		_EL_U_3979 = False
		_EL_U_3981 = True
	Trans 2 -- 1
		_x_pc5_x : (pc5_x + delta)
		_x_pc6_x : (pc6_x + delta)
		_x_delta : 51.0
		_x_pc15_x : (pc15_x + delta)
		_x_pc0_x : (pc0_x + delta)
		_x_pc8_x : (pc8_x + delta)
		_x_pc9_x : (pc9_x + delta)
		_x_pc10_x : (pc10_x + delta)
		_x_pc7_x : (pc7_x + delta)
		_x_pc11_x : (pc11_x + delta)
		_x_pc12_x : (pc12_x + delta)
		_x_pc1_x : (pc1_x + delta)
		_x_pc13_x : (pc13_x + delta)
		_x_pc2_x : (pc2_x + delta)
		_x_pc14_x : (pc14_x + delta)
		_x_pc3_x : (pc3_x + delta)
		_x_pc4_x : (pc4_x + delta)
		_x_pc16_x : (pc16_x + delta)
	End do-while
	State 2
		_diverge_delta = 51.0
		pc16_l1 = False
		pc16_l0 = False
		pc15_l1 = False
		pc15_l0 = False
		pc15_evt1 = False
		pc15_evt0 = False
		pc14_l1 = False
		pc14_evt1 = False
		pc14_evt0 = False
		pc13_l1 = False
		pc13_l0 = False
		pc13_evt1 = False
		pc12_l1 = False
		pc12_l0 = False
		pc12_evt1 = False
		pc12_evt0 = False
		pc0_l0 = False
		a9_evt1 = False
		pc3_l1 = False
		a16_evt1 = False
		a4_evt0 = False
		pc16_evt1 = False
		a14_evt1 = True
		a3_evt0 = False
		pc9_evt1 = False
		a13_evt1 = True
		a2_evt0 = False
		a12_evt1 = False
		a1_evt0 = False
		a10_evt1 = False
		pc11_evt1 = False
		a8_evt1 = False
		pc3_evt1 = False
		a11_l = False
		a1_evt1 = False
		a10_evt0 = False
		a2_l = False
		a16_l = False
		pc5_l0 = False
		pc2_evt0 = False
		pc8_l2 = False
		a6_evt1 = True
		a2_evt1 = False
		pc9_l0 = False
		a0_evt1 = False
		a7_evt0 = False
		pc10_l1 = False
		pc14_l0 = False
		a7_evt1 = False
		a15_evt0 = False
		pc7_l0 = False
		pc4_evt0 = False
		pc10_l2 = False
		a16_evt0 = True
		pc5_evt1 = False
		a8_l = False
		a0_evt0 = False
		a6_evt0 = False
		a10_l = False
		c_initial = True
		c_move = False
		a9_evt0 = False
		pc3_l0 = False
		pc0_evt1 = False
		pc6_l2 = False
		a1_l = False
		pc4_evt1 = False
		a9_l = False
		a0_l = False
		a11_evt1 = False
		pc6_evt1 = False
		id = 6
		a14_l = False
		a13_evt0 = False
		a5_l = False
		pc5_l1 = False
		a13_l = False
		pc13_evt0 = False
		a3_evt1 = False
		pc12_l2 = False
		a11_evt0 = False
		pc6_evt0 = False
		a12_evt0 = False
		a5_evt1 = True
		pc2_evt1 = False
		pc16_evt0 = False
		a14_evt0 = False
		pc15_l2 = False
		pc9_evt0 = False
		a6_l = False
		pc0_l1 = False
		pc3_l2 = False
		pc0_l2 = False
		a5_evt0 = False
		pc1_evt1 = False
		pc1_l0 = False
		a15_l = False
		pc4_l2 = False
		a4_l = False
		pc1_l1 = False
		pc2_l0 = False
		pc5_l2 = False
		pc2_l1 = False
		a12_l = False
		a4_evt1 = False
		pc4_l0 = False
		pc1_evt0 = False
		pc7_l2 = False
		pc4_l1 = False
		pc6_l0 = False
		pc3_evt0 = False
		pc9_l2 = False
		pc0_evt0 = False
		pc6_l1 = False
		pc13_l2 = False
		pc7_evt0 = False
		pc7_evt1 = False
		a15_evt1 = False
		pc7_l1 = False
		pc14_l2 = False
		pc8_evt0 = False
		pc8_evt1 = False
		pc8_l0 = False
		pc5_evt0 = False
		pc11_l2 = False
		pc8_l1 = False
		pc9_l1 = False
		pc1_l2 = False
		pc16_l2 = False
		pc10_evt0 = False
		a3_l = False
		pc10_evt1 = False
		pc10_l0 = False
		a8_evt0 = False
		pc2_l2 = False
		pc11_evt0 = False
		pc11_l0 = False
		a7_l = False
		pc11_l1 = False
		_J4005 = False
		_J4011 = False
		_J4020 = False
		_J4027 = False
		_J4033 = False
		_EL_U_3972 = True
		_EL_U_3974 = False
		_EL_U_3977 = False
		_EL_U_3979 = False
		_EL_U_3981 = True
		(((-1.0 * pc0_x) + (-1.0 * delta)) < -50.0)
		(((-1.0 * pc3_x) + (-1.0 * delta)) < -50.0)
		(((-1.0 * pc1_x) + (-1.0 * delta)) < -50.0)
		(((-1.0 * pc5_x) + (-1.0 * delta)) < -50.0)
		((((-1.0 * delta) + (-1.0 * pc0_x) + (-1.0 * pc9_x) + (-1.0 * pc10_x) + (-1.0 * pc7_x) + (-1.0 * pc11_x) + (-1.0 * pc12_x) + (-1.0 * pc1_x) + (-1.0 * pc13_x) + (-1.0 * pc2_x) + (-1.0 * pc14_x) + (-1.0 * pc3_x) + (-1.0 * pc4_x) + (-1.0 * pc16_x) + 4019/3) - ((pc5_x * 3/16) + (pc6_x * 3/16) + (pc15_x * 3/16))) <= 0.0)
		(((-1.0 * pc11_x) + (-1.0 * delta)) < -50.0)
		(((-1.0 * pc14_x) + (-1.0 * delta)) < -50.0)
		(((-1.0 * pc12_x) + (-1.0 * delta)) < -50.0)
		(((-1.0 * pc9_x) + (-1.0 * delta)) < -50.0)
		(((-1.0 * pc6_x) + (-1.0 * delta)) < -50.0)
		(((-1.0 * pc4_x) + (-1.0 * delta)) < -50.0)
		(((-1.0 * pc15_x) + (-1.0 * delta)) < -50.0)
		(((-1.0 * pc7_x) + (-1.0 * delta)) < -50.0)
		(((-1.0 * pc10_x) + (-1.0 * delta)) < -50.0)
		(((-1.0 * pc13_x) + (-1.0 * delta)) < -50.0)
		(((-1.0 * pc2_x) + (-1.0 * delta)) < -50.0)
		(((-1.0 * pc8_x) + (-1.0 * delta)) < -50.0)
		(((-1.0 * pc16_x) + (-1.0 * delta)) < -50.0)
	Trans 2 -- 3
		_x_pc5_x = (pc5_x + delta)
		_x_pc6_x = (pc6_x + delta)
		_x_delta = 51.0
		_x_pc15_x = (pc15_x + delta)
		_x_pc0_x = (pc0_x + delta)
		_x_pc8_x = (pc8_x + delta)
		_x_pc9_x = (pc9_x + delta)
		_x_pc10_x = (pc10_x + delta)
		_x_pc7_x = (pc7_x + delta)
		_x_pc11_x = (pc11_x + delta)
		_x_pc12_x = (pc12_x + delta)
		_x_pc1_x = (pc1_x + delta)
		_x_pc13_x = (pc13_x + delta)
		_x_pc2_x = (pc2_x + delta)
		_x_pc14_x = (pc14_x + delta)
		_x_pc3_x = (pc3_x + delta)
		_x_pc4_x = (pc4_x + delta)
		_x_pc16_x = (pc16_x + delta)
	starting from: {delta: 51.0, _diverge_delta: 51.0, pc16_l1: False, pc16_l0: False, pc15_l1: False, pc15_l0: False, pc15_evt1: False, pc15_evt0: False, pc14_l1: False, pc14_evt1: False, pc14_evt0: False, pc13_l1: False, pc13_l0: False, pc13_evt1: False, pc12_l1: False, pc12_l0: False, pc12_evt1: False, pc12_evt0: True, pc0_l0: False, a9_evt1: False, pc3_l1: False, a16_evt1: True, a4_evt0: False, pc16_evt1: False, a14_evt1: False, a3_evt0: False, pc9_evt1: False, a13_evt1: False, a2_evt0: False, a12_evt1: True, a1_evt0: False, a10_evt1: False, pc11_evt1: False, a8_evt1: True, pc3_evt1: False, a11_l: False, a1_evt1: False, a10_evt0: False, a2_l: False, a16_l: False, pc5_l0: False, pc2_evt0: False, pc8_l2: False, a6_evt1: False, a2_evt1: False, pc9_l0: False, a0_evt1: True, a7_evt0: False, pc10_l1: False, pc14_l0: False, a7_evt1: True, a15_evt0: False, pc7_l0: False, pc4_evt0: False, pc10_l2: False, a16_evt0: False, pc5_evt1: False, a8_l: False, a0_evt0: False, a6_evt0: False, pc5_x: 51.0, a10_l: False, c_initial: True, c_move: False, a9_evt0: False, pc3_l0: False, pc15_x: 51.0, pc0_evt1: False, pc6_l2: False, pc0_x: 51.0, a1_l: False, pc4_evt1: False, a9_l: False, a0_l: False, a11_evt1: True, pc6_evt1: False, id: 8, a14_l: False, pc9_x: 51.0, a13_evt0: False, a5_l: False, pc5_l1: False, a13_l: False, pc7_x: 51.0, pc13_evt0: False, a3_evt1: False, pc12_l2: False, a11_evt0: False, pc6_evt0: False, a12_evt0: False, a5_evt1: False, pc2_evt1: False, pc16_evt0: False, a14_evt0: False, pc15_l2: False, pc9_evt0: False, a6_l: False, pc0_l1: False, pc12_x: 51.0, pc3_l2: False, pc0_l2: False, a5_evt0: False, pc1_x: 51.0, pc1_evt1: False, pc1_l0: False, pc13_x: 51.0, a15_l: False, pc4_l2: False, a4_l: False, pc1_l1: False, pc2_x: 51.0, pc2_l0: False, pc14_x: 51.0, pc5_l2: False, pc2_l1: False, a12_l: False, pc3_x: 51.0, pc4_x: 51.0, a4_evt1: True, pc4_l0: False, pc16_x: 51.0, pc1_evt0: False, pc7_l2: False, pc4_l1: False, pc6_x: 51.0, pc6_l0: False, pc3_evt0: False, pc9_l2: False, pc0_evt0: False, pc6_l1: False, pc13_l2: False, pc7_evt0: False, pc7_evt1: False, a15_evt1: False, pc7_l1: False, pc8_x: 51.0, pc14_l2: False, pc8_evt0: False, pc8_evt1: False, pc8_l0: False, pc5_evt0: False, pc11_l2: False, pc8_l1: False, pc9_l1: False, pc1_l2: False, pc10_x: 51.0, pc16_l2: False, pc10_evt0: False, a3_l: False, pc10_evt1: False, pc10_l0: False, a8_evt0: False, pc2_l2: False, pc11_x: 51.0, pc11_evt0: False, pc11_l0: False, a7_l: False, pc11_l1: False, _J4005: True, _J4011: True, _J4020: True, _J4027: True, _J4033: True, _EL_U_3972: True, _EL_U_3974: False, _EL_U_3977: False, _EL_U_3979: False, _EL_U_3981: True}

end of `critical_region_0017`: SUCCESS in 3.827885866165161s
