

run 1/1: `critical_region_0030`

	Found non-termination argument:
	Do states 1..2 while False
	State 1
		_diverge_delta = 51.0
		pc29_l2 = False
		pc29_l1 = False
		pc29_evt1 = False
		pc28_l1 = False
		pc28_l0 = False
		pc28_evt1 = False
		pc27_l2 = False
		pc27_l1 = False
		pc27_l0 = False
		pc27_evt1 = False
		pc4_l1 = False
		pc4_evt1 = False
		pc3_evt1 = False
		a13_evt1 = False
		a17_l = False
		pc1_l1 = False
		a0_l = False
		pc1_l0 = False
		pc0_l0 = False
		pc26_l0 = False
		a27_evt0 = False
		id = 15
		pc26_evt1 = True
		a29_evt1 = False
		pc18_l0 = False
		a29_evt0 = False
		a1_evt1 = False
		a28_evt1 = True
		a28_evt0 = False
		a27_evt1 = False
		c_move = False
		a26_evt1 = False
		pc8_l0 = False
		a26_evt0 = False
		a25_evt1 = False
		pc4_l2 = False
		pc17_evt0 = False
		pc23_l2 = False
		a25_evt0 = True
		pc23_l1 = False
		a24_evt0 = False
		pc6_evt1 = True
		pc6_l0 = False
		a23_evt0 = False
		pc24_l0 = False
		a23_l = False
		pc2_l2 = False
		pc15_evt0 = False
		pc21_l2 = False
		a6_evt1 = False
		pc3_l1 = False
		a22_evt0 = False
		a29_l = False
		pc15_l1 = False
		a21_evt0 = False
		a21_l = False
		pc11_evt0 = False
		pc17_l2 = False
		a20_evt0 = False
		pc5_evt0 = False
		a27_l = False
		pc10_l2 = False
		pc23_evt0 = False
		pc0_l1 = False
		a8_evt0 = False
		pc26_l1 = False
		a19_l = False
		a26_l = False
		pc5_l1 = False
		a18_evt0 = False
		a6_l = False
		a14_evt0 = False
		pc3_evt0 = False
		pc5_evt1 = False
		a13_evt0 = False
		a5_evt1 = False
		pc10_evt0 = False
		pc29_evt0 = False
		pc16_l2 = False
		a28_l = False
		a15_l = False
		a4_l = False
		pc25_l0 = False
		a23_evt1 = False
		pc24_l1 = False
		a12_evt0 = False
		a3_evt1 = False
		a5_l = False
		a20_l = False
		pc7_evt1 = False
		a24_evt1 = True
		pc1_evt0 = False
		a14_l = False
		pc4_evt0 = False
		a9_l = False
		a24_l = False
		pc8_l1 = False
		a25_l = False
		pc14_evt1 = True
		pc4_l0 = False
		a1_l = False
		pc15_l0 = False
		a20_evt1 = True
		pc14_l1 = False
		a9_evt0 = False
		pc14_l0 = False
		c_initial = True
		a10_l = False
		pc3_l0 = False
		a6_evt0 = False
		pc29_l0 = False
		pc0_l2 = False
		pc7_l2 = False
		pc20_evt0 = False
		pc26_l2 = False
		pc7_l0 = False
		a8_l = False
		pc17_evt1 = False
		a16_evt0 = False
		pc13_evt0 = False
		pc19_l2 = False
		a7_evt1 = False
		a18_evt1 = False
		a7_evt0 = False
		pc24_evt1 = False
		a0_evt1 = True
		pc7_l1 = False
		a9_evt1 = False
		pc11_l0 = False
		pc1_evt1 = False
		pc28_l2 = False
		a3_l = False
		a22_evt1 = False
		a11_evt0 = False
		pc2_evt1 = True
		a2_evt1 = False
		a12_l = False
		pc18_l1 = False
		pc2_l1 = False
		a7_l = False
		a16_l = False
		a2_l = False
		a10_evt0 = False
		a11_l = False
		pc23_evt1 = False
		pc2_l0 = False
		a18_l = False
		a10_evt1 = False
		a11_evt1 = False
		a1_evt0 = True
		pc15_evt1 = False
		a12_evt1 = True
		pc21_l0 = False
		pc2_evt0 = False
		a2_evt0 = False
		a17_evt0 = False
		pc6_l1 = False
		a3_evt0 = True
		a14_evt1 = False
		a4_evt0 = False
		pc25_evt1 = False
		a5_evt0 = True
		pc0_evt1 = False
		pc16_l1 = False
		a16_evt1 = True
		pc13_evt1 = False
		a13_l = False
		pc5_l0 = False
		pc6_evt0 = False
		pc7_evt0 = False
		pc26_evt0 = False
		pc13_l2 = False
		pc8_evt0 = False
		pc27_evt0 = False
		pc14_l2 = False
		pc8_evt1 = False
		a4_evt1 = True
		pc9_evt0 = False
		pc28_evt0 = False
		pc15_l2 = False
		pc9_evt1 = False
		pc9_l0 = False
		pc9_l1 = False
		pc10_evt1 = True
		a8_evt1 = True
		pc10_l0 = False
		pc10_l1 = False
		pc11_evt1 = False
		pc11_l1 = False
		a15_evt0 = False
		pc12_evt0 = False
		pc18_l2 = False
		a15_evt1 = False
		pc12_evt1 = False
		pc12_l0 = False
		pc12_l1 = False
		a19_evt0 = False
		pc13_l0 = False
		a19_evt1 = False
		pc13_l1 = False
		pc1_l2 = False
		a22_l = False
		pc14_evt0 = False
		pc20_l2 = False
		pc3_l2 = False
		pc16_evt0 = False
		pc22_l2 = False
		pc16_evt1 = True
		pc0_evt0 = False
		pc16_l0 = False
		pc17_l0 = False
		pc17_l1 = False
		pc5_l2 = False
		pc18_evt0 = False
		pc24_l2 = False
		pc18_evt1 = True
		a17_evt1 = False
		pc6_l2 = False
		pc19_evt0 = False
		pc25_l2 = False
		pc19_evt1 = False
		pc19_l0 = False
		pc19_l1 = False
		pc20_evt1 = False
		a21_evt1 = False
		pc20_l0 = False
		pc20_l1 = False
		pc8_l2 = False
		pc21_evt0 = False
		pc21_evt1 = False
		pc21_l1 = False
		pc9_l2 = False
		pc22_evt0 = False
		pc22_evt1 = True
		pc22_l0 = False
		pc22_l1 = False
		pc23_l0 = False
		pc11_l2 = False
		a0_evt0 = False
		pc24_evt0 = False
		pc12_l2 = False
		pc25_evt0 = False
		pc25_l1 = False
		_J6967 = True
		_J6973 = True
		_J6982 = True
		_J6989 = True
		_J6995 = True
		_EL_U_6934 = True
		_EL_U_6936 = False
		_EL_U_6939 = False
		_EL_U_6941 = False
		_EL_U_6943 = True
		(delta = 51.0)
		((-1.0 * pc8_x) < -50.0)
		((-1.0 * pc2_x) < -50.0)
		((-1.0 * delta) < 0.0)
		((-1.0 * pc22_x) < -50.0)
		((-1.0 * pc9_x) < -50.0)
		((-1.0 * pc23_x) < -50.0)
		((-1.0 * pc29_x) < -50.0)
		((-1.0 * pc16_x) < -50.0)
		((-1.0 * pc3_x) < -50.0)
		((-1.0 * pc17_x) < -50.0)
		((-1.0 * pc11_x) < -50.0)
		((-1.0 * pc4_x) < -50.0)
		((-1.0 * pc25_x) < -50.0)
		((-1.0 * pc18_x) < -50.0)
		((-1.0 * pc12_x) < -50.0)
		((-1.0 * pc5_x) < -50.0)
		((-1.0 * pc10_x) < -50.0)
		((-1.0 * pc24_x) < -50.0)
		((-1.0 * pc26_x) < -50.0)
		((-1.0 * pc19_x) < -50.0)
		((-1.0 * pc13_x) < -50.0)
		((-1.0 * pc6_x) < -50.0)
		((-1.0 * pc0_x) < -50.0)
		((-1.0 * pc20_x) < -50.0)
		((-1.0 * pc27_x) < -50.0)
		((-1.0 * pc14_x) < -50.0)
		((-1.0 * pc7_x) < -50.0)
		((-1.0 * pc1_x) < -50.0)
		((-1.0 * pc28_x) < -50.0)
		((-1.0 * pc21_x) < -50.0)
		((-1.0 * pc15_x) < -50.0)
	Trans 1 -- 2
		_x_pc14_x : (pc14_x + delta)
		_x_delta : 51.0
		_x_pc6_x : (pc6_x + delta)
		_x_pc21_x : (pc21_x + delta)
		_x_pc0_x : (pc0_x + delta)
		_x_pc7_x : (pc7_x + delta)
		_x_pc29_x : (pc29_x + delta)
		_x_pc26_x : (pc26_x + delta)
		_x_pc22_x : (pc22_x + delta)
		_x_pc28_x : (pc28_x + delta)
		_x_pc20_x : (pc20_x + delta)
		_x_pc23_x : (pc23_x + delta)
		_x_pc9_x : (pc9_x + delta)
		_x_pc3_x : (pc3_x + delta)
		_x_pc11_x : (pc11_x + delta)
		_x_pc17_x : (pc17_x + delta)
		_x_pc24_x : (pc24_x + delta)
		_x_pc10_x : (pc10_x + delta)
		_x_pc12_x : (pc12_x + delta)
		_x_pc13_x : (pc13_x + delta)
		_x_pc18_x : (pc18_x + delta)
		_x_pc1_x : (pc1_x + delta)
		_x_pc15_x : (pc15_x + delta)
		_x_pc25_x : (pc25_x + delta)
		_x_pc4_x : (pc4_x + delta)
		_x_pc27_x : (pc27_x + delta)
		_x_pc8_x : (pc8_x + delta)
		_x_pc19_x : (pc19_x + delta)
		_x_pc2_x : (pc2_x + delta)
		_x_pc16_x : (pc16_x + delta)
		_x_pc5_x : (pc5_x + delta)
	State 2
		_diverge_delta = 51.0
		pc29_l2 = False
		pc29_l1 = False
		pc29_evt1 = False
		pc28_l1 = False
		pc28_l0 = False
		pc28_evt1 = False
		pc27_l2 = False
		pc27_l1 = False
		pc27_l0 = False
		pc27_evt1 = False
		pc4_l1 = False
		pc4_evt1 = False
		pc3_evt1 = False
		a13_evt1 = False
		a17_l = False
		pc1_l1 = False
		a0_l = False
		pc1_l0 = False
		pc0_l0 = False
		pc26_l0 = False
		a27_evt0 = False
		id = 29
		pc26_evt1 = False
		a29_evt1 = False
		pc18_l0 = False
		a29_evt0 = False
		a1_evt1 = False
		a28_evt1 = True
		a28_evt0 = False
		a27_evt1 = True
		c_move = False
		a26_evt1 = False
		pc8_l0 = False
		a26_evt0 = False
		a25_evt1 = False
		pc4_l2 = False
		pc17_evt0 = False
		pc23_l2 = False
		a25_evt0 = False
		pc23_l1 = False
		a24_evt0 = False
		pc6_evt1 = False
		pc6_l0 = False
		a23_evt0 = False
		pc24_l0 = False
		a23_l = False
		pc2_l2 = False
		pc15_evt0 = False
		pc21_l2 = False
		a6_evt1 = False
		pc3_l1 = False
		a22_evt0 = False
		a29_l = False
		pc15_l1 = False
		a21_evt0 = False
		a21_l = False
		pc11_evt0 = False
		pc17_l2 = False
		a20_evt0 = False
		pc5_evt0 = False
		a27_l = False
		pc10_l2 = False
		pc23_evt0 = False
		pc0_l1 = False
		a8_evt0 = False
		pc26_l1 = False
		a19_l = False
		a26_l = False
		pc5_l1 = False
		a18_evt0 = False
		a6_l = False
		a14_evt0 = False
		pc3_evt0 = False
		pc5_evt1 = False
		a13_evt0 = False
		a5_evt1 = False
		pc10_evt0 = False
		pc29_evt0 = False
		pc16_l2 = False
		a28_l = False
		a15_l = False
		a4_l = False
		pc25_l0 = False
		a23_evt1 = True
		pc24_l1 = False
		a12_evt0 = False
		a3_evt1 = False
		a5_l = False
		a20_l = False
		pc7_evt1 = False
		a24_evt1 = True
		pc1_evt0 = False
		a14_l = False
		pc4_evt0 = True
		a9_l = False
		a24_l = False
		pc8_l1 = False
		a25_l = False
		pc14_evt1 = False
		pc4_l0 = False
		a1_l = False
		pc15_l0 = False
		a20_evt1 = False
		pc14_l1 = False
		a9_evt0 = False
		pc14_l0 = False
		c_initial = True
		a10_l = False
		pc3_l0 = False
		a6_evt0 = True
		pc29_l0 = False
		pc0_l2 = False
		pc7_l2 = False
		pc20_evt0 = True
		pc26_l2 = False
		pc7_l0 = False
		a8_l = False
		pc17_evt1 = False
		a16_evt0 = False
		pc13_evt0 = False
		pc19_l2 = False
		a7_evt1 = False
		a18_evt1 = False
		a7_evt0 = False
		pc24_evt1 = False
		a0_evt1 = True
		pc7_l1 = False
		a9_evt1 = False
		pc11_l0 = False
		pc1_evt1 = False
		pc28_l2 = False
		a3_l = False
		a22_evt1 = False
		a11_evt0 = False
		pc2_evt1 = False
		a2_evt1 = False
		a12_l = False
		pc18_l1 = False
		pc2_l1 = False
		a7_l = False
		a16_l = False
		a2_l = False
		a10_evt0 = False
		a11_l = False
		pc23_evt1 = False
		pc2_l0 = False
		a18_l = False
		a10_evt1 = False
		a11_evt1 = False
		a1_evt0 = True
		pc15_evt1 = False
		a12_evt1 = True
		pc21_l0 = False
		pc2_evt0 = False
		a2_evt0 = False
		a17_evt0 = False
		pc6_l1 = False
		a3_evt0 = False
		a14_evt1 = False
		a4_evt0 = False
		pc25_evt1 = False
		a5_evt0 = True
		pc0_evt1 = False
		pc16_l1 = False
		a16_evt1 = False
		pc13_evt1 = False
		a13_l = False
		pc5_l0 = False
		pc6_evt0 = False
		pc7_evt0 = False
		pc26_evt0 = False
		pc13_l2 = False
		pc8_evt0 = True
		pc27_evt0 = False
		pc14_l2 = False
		pc8_evt1 = False
		a4_evt1 = True
		pc9_evt0 = False
		pc28_evt0 = True
		pc15_l2 = False
		pc9_evt1 = False
		pc9_l0 = False
		pc9_l1 = False
		pc10_evt1 = False
		a8_evt1 = True
		pc10_l0 = False
		pc10_l1 = False
		pc11_evt1 = False
		pc11_l1 = False
		a15_evt0 = False
		pc12_evt0 = True
		pc18_l2 = False
		a15_evt1 = False
		pc12_evt1 = False
		pc12_l0 = False
		pc12_l1 = False
		a19_evt0 = False
		pc13_l0 = False
		a19_evt1 = False
		pc13_l1 = False
		pc1_l2 = False
		a22_l = False
		pc14_evt0 = False
		pc20_l2 = False
		pc3_l2 = False
		pc16_evt0 = True
		pc22_l2 = False
		pc16_evt1 = False
		pc0_evt0 = False
		pc16_l0 = False
		pc17_l0 = False
		pc17_l1 = False
		pc5_l2 = False
		pc18_evt0 = False
		pc24_l2 = False
		pc18_evt1 = False
		a17_evt1 = False
		pc6_l2 = False
		pc19_evt0 = False
		pc25_l2 = False
		pc19_evt1 = False
		pc19_l0 = False
		pc19_l1 = False
		pc20_evt1 = False
		a21_evt1 = False
		pc20_l0 = False
		pc20_l1 = False
		pc8_l2 = False
		pc21_evt0 = False
		pc21_evt1 = False
		pc21_l1 = False
		pc9_l2 = False
		pc22_evt0 = False
		pc22_evt1 = False
		pc22_l0 = False
		pc22_l1 = False
		pc23_l0 = False
		pc11_l2 = False
		a0_evt0 = False
		pc24_evt0 = True
		pc12_l2 = False
		pc25_evt0 = False
		pc25_l1 = False
		_J6967 = False
		_J6973 = False
		_J6982 = False
		_J6989 = False
		_J6995 = False
		_EL_U_6934 = True
		_EL_U_6936 = False
		_EL_U_6939 = False
		_EL_U_6941 = False
		_EL_U_6943 = True
	Trans 2 -- 1
		_x_pc14_x : (pc14_x + delta)
		_x_delta : 51.0
		_x_pc6_x : (pc6_x + delta)
		_x_pc21_x : (pc21_x + delta)
		_x_pc0_x : (pc0_x + delta)
		_x_pc7_x : (pc7_x + delta)
		_x_pc29_x : (pc29_x + delta)
		_x_pc26_x : (pc26_x + delta)
		_x_pc22_x : (pc22_x + delta)
		_x_pc28_x : (pc28_x + delta)
		_x_pc20_x : (pc20_x + delta)
		_x_pc23_x : (pc23_x + delta)
		_x_pc9_x : (pc9_x + delta)
		_x_pc3_x : (pc3_x + delta)
		_x_pc11_x : (pc11_x + delta)
		_x_pc17_x : (pc17_x + delta)
		_x_pc24_x : (pc24_x + delta)
		_x_pc10_x : (pc10_x + delta)
		_x_pc12_x : (pc12_x + delta)
		_x_pc13_x : (pc13_x + delta)
		_x_pc18_x : (pc18_x + delta)
		_x_pc1_x : (pc1_x + delta)
		_x_pc15_x : (pc15_x + delta)
		_x_pc25_x : (pc25_x + delta)
		_x_pc4_x : (pc4_x + delta)
		_x_pc27_x : (pc27_x + delta)
		_x_pc8_x : (pc8_x + delta)
		_x_pc19_x : (pc19_x + delta)
		_x_pc2_x : (pc2_x + delta)
		_x_pc16_x : (pc16_x + delta)
		_x_pc5_x : (pc5_x + delta)
	End do-while
	State 2
		_diverge_delta = 51.0
		pc29_l2 = False
		pc29_l1 = False
		pc29_evt1 = False
		pc28_l1 = False
		pc28_l0 = False
		pc28_evt1 = False
		pc27_l2 = False
		pc27_l1 = False
		pc27_l0 = False
		pc27_evt1 = False
		pc4_l1 = False
		pc4_evt1 = False
		pc3_evt1 = False
		a13_evt1 = False
		a17_l = False
		pc1_l1 = False
		a0_l = False
		pc1_l0 = False
		pc0_l0 = False
		pc26_l0 = False
		a27_evt0 = False
		id = 29
		pc26_evt1 = False
		a29_evt1 = False
		pc18_l0 = False
		a29_evt0 = False
		a1_evt1 = False
		a28_evt1 = True
		a28_evt0 = False
		a27_evt1 = True
		c_move = False
		a26_evt1 = False
		pc8_l0 = False
		a26_evt0 = False
		a25_evt1 = False
		pc4_l2 = False
		pc17_evt0 = False
		pc23_l2 = False
		a25_evt0 = False
		pc23_l1 = False
		a24_evt0 = False
		pc6_evt1 = False
		pc6_l0 = False
		a23_evt0 = False
		pc24_l0 = False
		a23_l = False
		pc2_l2 = False
		pc15_evt0 = False
		pc21_l2 = False
		a6_evt1 = False
		pc3_l1 = False
		a22_evt0 = False
		a29_l = False
		pc15_l1 = False
		a21_evt0 = False
		a21_l = False
		pc11_evt0 = False
		pc17_l2 = False
		a20_evt0 = False
		pc5_evt0 = False
		a27_l = False
		pc10_l2 = False
		pc23_evt0 = False
		pc0_l1 = False
		a8_evt0 = False
		pc26_l1 = False
		a19_l = False
		a26_l = False
		pc5_l1 = False
		a18_evt0 = False
		a6_l = False
		a14_evt0 = False
		pc3_evt0 = False
		pc5_evt1 = False
		a13_evt0 = False
		a5_evt1 = False
		pc10_evt0 = False
		pc29_evt0 = False
		pc16_l2 = False
		a28_l = False
		a15_l = False
		a4_l = False
		pc25_l0 = False
		a23_evt1 = True
		pc24_l1 = False
		a12_evt0 = False
		a3_evt1 = False
		a5_l = False
		a20_l = False
		pc7_evt1 = False
		a24_evt1 = True
		pc1_evt0 = False
		a14_l = False
		pc4_evt0 = True
		a9_l = False
		a24_l = False
		pc8_l1 = False
		a25_l = False
		pc14_evt1 = False
		pc4_l0 = False
		a1_l = False
		pc15_l0 = False
		a20_evt1 = False
		pc14_l1 = False
		a9_evt0 = False
		pc14_l0 = False
		c_initial = True
		a10_l = False
		pc3_l0 = False
		a6_evt0 = True
		pc29_l0 = False
		pc0_l2 = False
		pc7_l2 = False
		pc20_evt0 = True
		pc26_l2 = False
		pc7_l0 = False
		a8_l = False
		pc17_evt1 = False
		a16_evt0 = False
		pc13_evt0 = False
		pc19_l2 = False
		a7_evt1 = False
		a18_evt1 = False
		a7_evt0 = False
		pc24_evt1 = False
		a0_evt1 = True
		pc7_l1 = False
		a9_evt1 = False
		pc11_l0 = False
		pc1_evt1 = False
		pc28_l2 = False
		a3_l = False
		a22_evt1 = False
		a11_evt0 = False
		pc2_evt1 = False
		a2_evt1 = False
		a12_l = False
		pc18_l1 = False
		pc2_l1 = False
		a7_l = False
		a16_l = False
		a2_l = False
		a10_evt0 = False
		a11_l = False
		pc23_evt1 = False
		pc2_l0 = False
		a18_l = False
		a10_evt1 = False
		a11_evt1 = False
		a1_evt0 = True
		pc15_evt1 = False
		a12_evt1 = True
		pc21_l0 = False
		pc2_evt0 = False
		a2_evt0 = False
		a17_evt0 = False
		pc6_l1 = False
		a3_evt0 = False
		a14_evt1 = False
		a4_evt0 = False
		pc25_evt1 = False
		a5_evt0 = True
		pc0_evt1 = False
		pc16_l1 = False
		a16_evt1 = False
		pc13_evt1 = False
		a13_l = False
		pc5_l0 = False
		pc6_evt0 = False
		pc7_evt0 = False
		pc26_evt0 = False
		pc13_l2 = False
		pc8_evt0 = True
		pc27_evt0 = False
		pc14_l2 = False
		pc8_evt1 = False
		a4_evt1 = True
		pc9_evt0 = False
		pc28_evt0 = True
		pc15_l2 = False
		pc9_evt1 = False
		pc9_l0 = False
		pc9_l1 = False
		pc10_evt1 = False
		a8_evt1 = True
		pc10_l0 = False
		pc10_l1 = False
		pc11_evt1 = False
		pc11_l1 = False
		a15_evt0 = False
		pc12_evt0 = True
		pc18_l2 = False
		a15_evt1 = False
		pc12_evt1 = False
		pc12_l0 = False
		pc12_l1 = False
		a19_evt0 = False
		pc13_l0 = False
		a19_evt1 = False
		pc13_l1 = False
		pc1_l2 = False
		a22_l = False
		pc14_evt0 = False
		pc20_l2 = False
		pc3_l2 = False
		pc16_evt0 = True
		pc22_l2 = False
		pc16_evt1 = False
		pc0_evt0 = False
		pc16_l0 = False
		pc17_l0 = False
		pc17_l1 = False
		pc5_l2 = False
		pc18_evt0 = False
		pc24_l2 = False
		pc18_evt1 = False
		a17_evt1 = False
		pc6_l2 = False
		pc19_evt0 = False
		pc25_l2 = False
		pc19_evt1 = False
		pc19_l0 = False
		pc19_l1 = False
		pc20_evt1 = False
		a21_evt1 = False
		pc20_l0 = False
		pc20_l1 = False
		pc8_l2 = False
		pc21_evt0 = False
		pc21_evt1 = False
		pc21_l1 = False
		pc9_l2 = False
		pc22_evt0 = False
		pc22_evt1 = False
		pc22_l0 = False
		pc22_l1 = False
		pc23_l0 = False
		pc11_l2 = False
		a0_evt0 = False
		pc24_evt0 = True
		pc12_l2 = False
		pc25_evt0 = False
		pc25_l1 = False
		_J6967 = False
		_J6973 = False
		_J6982 = False
		_J6989 = False
		_J6995 = False
		_EL_U_6934 = True
		_EL_U_6936 = False
		_EL_U_6939 = False
		_EL_U_6941 = False
		_EL_U_6943 = True
		(((-1.0 * delta) + (-1.0 * pc2_x)) < -50.0)
		(((-1.0 * pc20_x) + (-1.0 * delta)) < -50.0)
		(((-1.0 * pc15_x) + (-1.0 * delta)) < -50.0)
		(((-1.0 * pc17_x) + (-1.0 * delta)) < -50.0)
		(((-1.0 * pc10_x) + (-1.0 * delta)) < -50.0)
		(((-1.0 * pc27_x) + (-1.0 * delta)) < -50.0)
		(((-1.0 * pc24_x) + (-1.0 * delta)) < -50.0)
		(((-1.0 * pc11_x) + (-1.0 * delta)) < -50.0)
		(((-1.0 * pc22_x) + (-1.0 * delta)) < -50.0)
		(((-1.0 * pc14_x) + (-1.0 * delta)) < -50.0)
		(((-1.0 * pc26_x) + (-1.0 * delta)) < -50.0)
		(((-1.0 * pc4_x) + (-1.0 * delta)) < -50.0)
		(((-1.0 * pc9_x) + (-1.0 * delta)) < -50.0)
		(((-1.0 * pc7_x) + (-1.0 * delta)) < -50.0)
		(((-1.0 * pc19_x) + (-1.0 * delta)) < -50.0)
		(((-1.0 * pc25_x) + (-1.0 * delta)) < -50.0)
		(((-1.0 * pc23_x) + (-1.0 * delta)) < -50.0)
		(((-1.0 * pc1_x) + (-1.0 * delta)) < -50.0)
		(((-1.0 * pc13_x) + (-1.0 * delta)) < -50.0)
		(((-1.0 * pc18_x) + (-1.0 * delta)) < -50.0)
		(((-1.0 * pc29_x) + (-1.0 * delta)) < -50.0)
		True
		(((-1.0 * pc28_x) + (-1.0 * delta)) < -50.0)
		(((-1.0 * pc6_x) + (-1.0 * delta)) < -50.0)
		(((-1.0 * pc12_x) + (-1.0 * delta)) < -50.0)
		(((-1.0 * pc16_x) + (-1.0 * delta)) < -50.0)
		(((-1.0 * delta) + (-1.0 * pc8_x)) < -50.0)
		(((-1.0 * pc21_x) + (-1.0 * delta)) < -50.0)
		(((-1.0 * pc0_x) + (-1.0 * delta)) < -50.0)
		(((-1.0 * pc5_x) + (-1.0 * delta)) < -50.0)
		(((-1.0 * pc3_x) + (-1.0 * delta)) < -50.0)
	Trans 2 -- 3
		_x_pc14_x = (pc14_x + delta)
		_x_delta = 51.0
		_x_pc6_x = (pc6_x + delta)
		_x_pc21_x = (pc21_x + delta)
		_x_pc0_x = (pc0_x + delta)
		_x_pc7_x = (pc7_x + delta)
		_x_pc29_x = (pc29_x + delta)
		_x_pc26_x = (pc26_x + delta)
		_x_pc22_x = (pc22_x + delta)
		_x_pc28_x = (pc28_x + delta)
		_x_pc20_x = (pc20_x + delta)
		_x_pc23_x = (pc23_x + delta)
		_x_pc9_x = (pc9_x + delta)
		_x_pc3_x = (pc3_x + delta)
		_x_pc11_x = (pc11_x + delta)
		_x_pc17_x = (pc17_x + delta)
		_x_pc24_x = (pc24_x + delta)
		_x_pc10_x = (pc10_x + delta)
		_x_pc12_x = (pc12_x + delta)
		_x_pc13_x = (pc13_x + delta)
		_x_pc18_x = (pc18_x + delta)
		_x_pc1_x = (pc1_x + delta)
		_x_pc15_x = (pc15_x + delta)
		_x_pc25_x = (pc25_x + delta)
		_x_pc4_x = (pc4_x + delta)
		_x_pc27_x = (pc27_x + delta)
		_x_pc8_x = (pc8_x + delta)
		_x_pc19_x = (pc19_x + delta)
		_x_pc2_x = (pc2_x + delta)
		_x_pc16_x = (pc16_x + delta)
		_x_pc5_x = (pc5_x + delta)
	starting from: {delta: 51.0, _diverge_delta: 51.0, pc29_l2: False, pc29_l1: False, pc29_evt1: False, pc29_x: 51.0, pc28_l1: False, pc28_l0: False, pc28_evt1: False, pc28_x: 51.0, pc27_l2: False, pc27_l1: False, pc27_l0: False, pc27_evt1: False, pc4_l1: False, pc4_evt1: False, pc3_evt1: False, a13_evt1: False, pc3_x: 51.0, pc11_x: 51.0, pc17_x: 51.0, a17_l: False, pc10_x: 51.0, pc1_l1: False, a0_l: False, pc13_x: 51.0, pc1_l0: False, pc1_x: 51.0, pc0_l0: False, pc26_l0: False, a27_evt0: False, id: 15, pc26_evt1: True, a29_evt1: False, pc18_l0: False, a29_evt0: False, a1_evt1: False, pc19_x: 51.0, a28_evt1: True, a28_evt0: False, a27_evt1: False, c_move: False, a26_evt1: False, pc8_l0: False, a26_evt0: False, a25_evt1: False, pc4_l2: False, pc17_evt0: False, pc23_l2: False, a25_evt0: True, pc23_l1: False, a24_evt0: False, pc6_evt1: True, pc6_l0: False, a23_evt0: False, pc24_l0: False, a23_l: False, pc2_l2: False, pc15_evt0: False, pc21_l2: False, a6_evt1: False, pc3_l1: False, a22_evt0: False, a29_l: False, pc15_l1: False, a21_evt0: False, a21_l: False, pc0_x: 51.0, pc11_evt0: False, pc17_l2: False, pc26_x: 51.0, a20_evt0: False, pc5_evt0: False, pc20_x: 51.0, a27_l: False, pc10_l2: False, pc23_evt0: False, pc0_l1: False, a8_evt0: False, pc26_l1: False, a19_l: False, a26_l: False, pc5_l1: False, a18_evt0: False, a6_l: False, a14_evt0: False, pc3_evt0: False, pc5_evt1: False, a13_evt0: False, pc18_x: 51.0, a5_evt1: False, pc10_evt0: False, pc29_evt0: False, pc16_l2: False, a28_l: False, pc25_x: 51.0, pc4_x: 51.0, a15_l: False, a4_l: False, pc25_l0: False, a23_evt1: False, pc24_l1: False, a12_evt0: False, a3_evt1: False, a5_l: False, a20_l: False, pc7_evt1: False, a24_evt1: True, pc1_evt0: False, pc16_x: 51.0, a14_l: False, pc4_evt0: False, a9_l: False, a24_l: False, pc8_l1: False, a25_l: False, pc14_evt1: True, pc4_l0: False, a1_l: False, pc15_l0: False, a20_evt1: True, pc14_l1: False, a9_evt0: False, pc14_l0: False, c_initial: True, a10_l: False, pc3_l0: False, a6_evt0: False, pc29_l0: False, pc0_l2: False, pc7_l2: False, pc20_evt0: False, pc26_l2: False, pc7_l0: False, a8_l: False, pc17_evt1: False, a16_evt0: False, pc13_evt0: False, pc19_l2: False, a7_evt1: False, a18_evt1: False, a7_evt0: False, pc24_evt1: False, a0_evt1: True, pc7_l1: False, a9_evt1: False, pc11_l0: False, pc1_evt1: False, pc28_l2: False, a3_l: False, pc12_x: 51.0, a22_evt1: False, a11_evt0: False, pc2_evt1: True, a2_evt1: False, pc15_x: 51.0, a12_l: False, pc18_l1: False, pc2_l1: False, a7_l: False, a16_l: False, a2_l: False, a10_evt0: False, pc8_x: 51.0, a11_l: False, pc2_x: 51.0, pc23_evt1: False, pc2_l0: False, a18_l: False, a10_evt1: False, a11_evt1: False, a1_evt0: True, pc15_evt1: False, a12_evt1: True, pc21_l0: False, pc2_evt0: False, a2_evt0: False, a17_evt0: False, pc6_l1: False, a3_evt0: True, pc5_x: 51.0, a14_evt1: False, a4_evt0: False, pc25_evt1: False, a5_evt0: True, pc0_evt1: False, pc16_l1: False, a16_evt1: True, pc13_evt1: False, a13_l: False, pc5_l0: False, pc14_x: 51.0, pc6_x: 51.0, pc6_evt0: False, pc21_x: 51.0, pc7_x: 51.0, pc7_evt0: False, pc26_evt0: False, pc13_l2: False, pc22_x: 51.0, pc8_evt0: False, pc27_evt0: False, pc14_l2: False, pc23_x: 51.0, pc8_evt1: False, pc9_x: 51.0, a4_evt1: True, pc9_evt0: False, pc28_evt0: False, pc15_l2: False, pc24_x: 51.0, pc9_evt1: False, pc9_l0: False, pc9_l1: False, pc10_evt1: True, a8_evt1: True, pc10_l0: False, pc10_l1: False, pc11_evt1: False, pc11_l1: False, a15_evt0: False, pc12_evt0: False, pc18_l2: False, pc27_x: 51.0, a15_evt1: False, pc12_evt1: False, pc12_l0: False, pc12_l1: False, a19_evt0: False, pc13_l0: False, a19_evt1: False, pc13_l1: False, pc1_l2: False, a22_l: False, pc14_evt0: False, pc20_l2: False, pc3_l2: False, pc16_evt0: False, pc22_l2: False, pc16_evt1: True, pc0_evt0: False, pc16_l0: False, pc17_l0: False, pc17_l1: False, pc5_l2: False, pc18_evt0: False, pc24_l2: False, pc18_evt1: True, a17_evt1: False, pc6_l2: False, pc19_evt0: False, pc25_l2: False, pc19_evt1: False, pc19_l0: False, pc19_l1: False, pc20_evt1: False, a21_evt1: False, pc20_l0: False, pc20_l1: False, pc8_l2: False, pc21_evt0: False, pc21_evt1: False, pc21_l1: False, pc9_l2: False, pc22_evt0: False, pc22_evt1: True, pc22_l0: False, pc22_l1: False, pc23_l0: False, pc11_l2: False, a0_evt0: False, pc24_evt0: False, pc12_l2: False, pc25_evt0: False, pc25_l1: False, _J6967: True, _J6973: True, _J6982: True, _J6989: True, _J6995: True, _EL_U_6934: True, _EL_U_6936: False, _EL_U_6939: False, _EL_U_6941: False, _EL_U_6943: True}

end of `critical_region_0030`: SUCCESS in 32.90099120140076s
