

run 1/1: `critical_region_0022`

	Found non-termination argument:
	State 1
		pc21_l0 = False
		pc21_evt1 = False
		pc21_evt0 = True
		pc20_l1 = False
		pc20_l0 = False
		pc20_evt0 = True
		pc19_l0 = False
		pc19_evt1 = True
		pc19_evt0 = True
		pc18_l1 = False
		pc18_evt0 = True
		pc17_l1 = False
		pc17_l0 = False
		pc17_evt1 = True
		pc17_evt0 = True
		pc16_l1 = False
		pc16_l0 = False
		pc15_l1 = False
		pc15_l0 = False
		pc15_evt1 = True
		pc21_l2 = False
		pc15_evt0 = True
		pc14_l1 = False
		pc14_evt1 = False
		pc20_l2 = False
		pc14_evt0 = True
		pc13_l1 = False
		pc13_l0 = False
		pc13_evt1 = True
		pc12_l1 = False
		pc12_l0 = False
		pc12_evt1 = True
		pc18_l2 = False
		pc12_evt0 = True
		pc11_l0 = False
		pc11_evt1 = True
		pc17_l2 = False
		pc11_evt0 = True
		pc10_l1 = False
		pc10_l0 = False
		pc16_l2 = False
		pc10_evt0 = True
		pc9_l0 = False
		pc9_l1 = False
		a5_evt0 = False
		a15_evt1 = False
		pc18_evt1 = True
		a4_evt0 = True
		a14_evt1 = False
		a3_evt0 = False
		pc0_l0 = False
		pc3_l1 = False
		a13_evt1 = False
		a2_evt0 = False
		pc14_l0 = False
		a12_evt1 = False
		a11_evt1 = False
		a10_evt1 = False
		pc2_evt1 = False
		pc5_l1 = False
		a18_l = False
		pc19_l2 = False
		pc13_evt0 = True
		a8_evt1 = False
		pc19_l1 = False
		a8_evt0 = True
		pc16_evt1 = True
		a19_evt1 = False
		pc9_evt1 = True
		pc20_evt1 = True
		a11_l = False
		a1_evt1 = False
		a21_evt1 = False
		a2_l = False
		a16_l = False
		a6_evt1 = False
		a15_evt0 = True
		a7_l = False
		pc11_l1 = False
		a12_l = False
		pc1_l2 = False
		a11_evt0 = True
		a3_l = False
		a7_evt0 = False
		a18_evt1 = False
		pc10_l2 = False
		pc4_evt0 = False
		a7_evt1 = True
		pc12_l2 = False
		pc6_evt0 = True
		a16_evt0 = True
		pc10_evt1 = False
		a8_l = False
		a6_evt0 = True
		a17_evt1 = False
		a10_l = False
		c_initial = True
		c_move = False
		a9_evt0 = False
		pc7_l1 = False
		a20_evt1 = False
		pc8_l0 = False
		a1_l = False
		a17_evt0 = True
		a0_evt1 = True
		pc0_l2 = False
		id = 0
		a14_l = False
		a4_evt1 = False
		a5_l = False
		a13_l = False
		a3_evt1 = True
		a0_evt0 = False
		pc0_l1 = False
		pc3_l2 = False
		a12_evt0 = True
		pc18_l0 = False
		a4_l = False
		pc14_l2 = False
		pc8_evt0 = True
		pc21_l1 = False
		a15_l = False
		a14_evt0 = True
		pc3_l0 = False
		pc4_evt1 = True
		a18_evt0 = True
		a19_l = False
		pc16_evt0 = True
		a19_evt0 = True
		pc15_l2 = False
		pc9_evt0 = True
		a6_l = False
		pc7_l0 = False
		a20_evt0 = True
		a21_l = False
		pc5_l0 = False
		pc2_evt0 = True
		pc8_l2 = False
		a21_evt0 = True
		pc5_evt1 = True
		pc3_evt1 = True
		pc6_l2 = False
		pc0_evt1 = True
		a10_evt0 = True
		pc1_evt1 = True
		pc1_l0 = False
		a20_l = False
		pc4_l2 = False
		a9_l = False
		pc1_l1 = False
		pc2_l0 = False
		pc5_l2 = False
		pc2_l1 = False
		a13_evt0 = True
		pc2_l2 = False
		a17_l = False
		pc9_l2 = False
		a5_evt1 = True
		pc3_evt0 = True
		a9_evt1 = True
		pc4_l0 = False
		pc1_evt0 = True
		pc7_l2 = False
		pc4_l1 = False
		pc11_l2 = False
		pc5_evt0 = True
		a0_l = False
		a16_evt1 = False
		pc6_evt1 = False
		pc6_l0 = False
		pc0_evt0 = True
		pc6_l1 = False
		pc13_l2 = False
		pc7_evt0 = True
		pc7_evt1 = True
		a2_evt1 = True
		a1_evt0 = True
		pc8_evt1 = True
		pc8_l1 = False
		_J5145 = True
		_J5151 = True
		_J5160 = True
		_J5167 = True
		_J5173 = True
		_EL_U_5112 = True
		_EL_U_5114 = False
		_EL_U_5117 = False
		_EL_U_5119 = False
		_EL_U_5121 = True
		((-1.0 * pc8_x) < -50.0)
		((-1.0 * pc19_x) < -50.0)
		((-1.0 * pc13_x) < -50.0)
		((-1.0 * pc5_x) < -50.0)
		((-1.0 * pc18_x) < -24.0)
		((-1.0 * delta) <= 0.0)
		((-1.0 * delta) <= -1.0)
		((-1.0 * pc19_x) <= -25.0)
		((-1.0 * delta) < 0.0)
		((-1.0 * pc4_x) < -50.0)
		((-1.0 * pc12_x) < -50.0)
		((-1.0 * pc21_x) < -50.0)
		((-1.0 * pc17_x) < -50.0)
		((-1.0 * pc11_x) < -50.0)
		((-1.0 * pc18_x) < -50.0)
		((-1.0 * _diverge_delta) <= -1.0)
		((-1.0 * pc6_x) < -50.0)
		((-1.0 * pc16_x) < -50.0)
		((-1.0 * pc3_x) < -50.0)
		((-1.0 * pc20_x) < -50.0)
		((-1.0 * pc2_x) < -50.0)
		((-1.0 * pc10_x) < -50.0)
		((-1.0 * pc15_x) < -50.0)
		((-1.0 * pc1_x) < -50.0)
		((-1.0 * pc9_x) < -50.0)
		((-1.0 * pc14_x) < -50.0)
		((-1.0 * pc7_x) < -50.0)
		((-1.0 * pc0_x) < -50.0)
	Trans 1 -- 2
		_x_pc6_x = (pc6_x + delta)
		_x_pc7_x = (pc7_x + delta)
		_x_delta = ((pc6_x * 17/16) + (pc7_x * 17/16) + (delta * 17/16) + (pc8_x * 17/16) + (pc0_x * 17/16) + (pc17_x * 17/16) + (pc10_x * 17/16) + (pc5_x * 17/16) + (pc9_x * 17/16) + (pc15_x * 17/16) + (pc19_x * 17/16) + (pc1_x * 17/16) + (pc21_x * 17/16) + (pc13_x * 17/16) + (pc2_x * 17/16) + (pc14_x * 17/16) + (pc11_x * 17/16) + _diverge_delta + (pc3_x * 17/16) + (pc18_x * 15/16) + (pc4_x * 17/16) + (pc16_x * 17/16) + (pc20_x * 17/16) + (pc12_x * 17/16) + -1.0)
		_x_pc8_x = (pc8_x + delta)
		_x_pc0_x = (pc0_x + delta)
		_x_pc17_x = (pc17_x + delta)
		_x_pc10_x = (pc10_x + delta)
		_x_pc5_x = (pc5_x + delta)
		_x_pc9_x = (pc9_x + delta)
		_x_pc15_x = (pc15_x + delta)
		_x_pc19_x = (pc19_x + delta)
		_x_pc1_x = (pc1_x + delta)
		_x_pc21_x = (pc21_x + delta)
		_x_pc13_x = (pc13_x + delta)
		_x_pc2_x = (pc2_x + delta)
		_x_pc14_x = (pc14_x + delta)
		_x_pc11_x = (pc11_x + delta)
		_x__diverge_delta = delta
		_x_pc3_x = (pc3_x + delta)
		_x_pc18_x = (pc18_x + delta)
		_x_pc4_x = (pc4_x + delta)
		_x_pc16_x = (pc16_x + delta)
		_x_pc20_x = (pc20_x + delta)
		_x_pc12_x = (pc12_x + delta)
	State 2
		pc21_l0 = False
		pc21_evt1 = False
		pc21_evt0 = False
		pc20_l1 = False
		pc20_l0 = False
		pc20_evt0 = False
		pc19_l0 = False
		pc19_evt1 = False
		pc19_evt0 = False
		pc18_l1 = False
		pc18_evt0 = False
		pc17_l1 = False
		pc17_l0 = False
		pc17_evt1 = False
		pc17_evt0 = False
		pc16_l1 = False
		pc16_l0 = False
		pc15_l1 = False
		pc15_l0 = False
		pc15_evt1 = False
		pc21_l2 = False
		pc15_evt0 = False
		pc14_l1 = False
		pc14_evt1 = False
		pc20_l2 = False
		pc14_evt0 = False
		pc13_l1 = False
		pc13_l0 = False
		pc13_evt1 = False
		pc12_l1 = False
		pc12_l0 = False
		pc12_evt1 = False
		pc18_l2 = False
		pc12_evt0 = False
		pc11_l0 = False
		pc11_evt1 = False
		pc17_l2 = False
		pc11_evt0 = False
		pc10_l1 = False
		pc10_l0 = False
		pc16_l2 = False
		pc10_evt0 = False
		pc9_l0 = False
		pc9_l1 = False
		a5_evt0 = False
		a15_evt1 = False
		pc18_evt1 = False
		a4_evt0 = False
		a14_evt1 = False
		a3_evt0 = False
		pc0_l0 = False
		pc3_l1 = False
		a13_evt1 = False
		a2_evt0 = False
		pc14_l0 = False
		a12_evt1 = False
		a11_evt1 = False
		a10_evt1 = False
		pc2_evt1 = False
		pc5_l1 = False
		a18_l = False
		pc19_l2 = False
		pc13_evt0 = False
		a8_evt1 = False
		pc19_l1 = False
		a8_evt0 = False
		pc16_evt1 = False
		a19_evt1 = False
		pc9_evt1 = False
		pc20_evt1 = False
		a11_l = False
		a1_evt1 = False
		a21_evt1 = False
		a2_l = False
		a16_l = False
		a6_evt1 = False
		a15_evt0 = False
		a7_l = False
		pc11_l1 = False
		a12_l = False
		pc1_l2 = False
		a11_evt0 = False
		a3_l = False
		a7_evt0 = False
		a18_evt1 = False
		pc10_l2 = False
		pc4_evt0 = False
		a7_evt1 = False
		pc12_l2 = False
		pc6_evt0 = False
		a16_evt0 = False
		pc10_evt1 = False
		a8_l = False
		a6_evt0 = False
		a17_evt1 = False
		a10_l = False
		c_initial = True
		c_move = True
		a9_evt0 = False
		pc7_l1 = False
		a20_evt1 = False
		pc8_l0 = False
		a1_l = False
		a17_evt0 = False
		a0_evt1 = False
		pc0_l2 = False
		id = 18
		a14_l = False
		a4_evt1 = False
		a5_l = False
		a13_l = False
		a3_evt1 = False
		a0_evt0 = False
		pc0_l1 = False
		pc3_l2 = False
		a12_evt0 = False
		pc18_l0 = False
		a4_l = False
		pc14_l2 = False
		pc8_evt0 = False
		pc21_l1 = False
		a15_l = False
		a14_evt0 = False
		pc3_l0 = False
		pc4_evt1 = False
		a18_evt0 = False
		a19_l = False
		pc16_evt0 = False
		a19_evt0 = False
		pc15_l2 = False
		pc9_evt0 = False
		a6_l = False
		pc7_l0 = False
		a20_evt0 = False
		a21_l = False
		pc5_l0 = False
		pc2_evt0 = False
		pc8_l2 = False
		a21_evt0 = False
		pc5_evt1 = False
		pc3_evt1 = False
		pc6_l2 = False
		pc0_evt1 = False
		a10_evt0 = False
		pc1_evt1 = False
		pc1_l0 = False
		a20_l = False
		pc4_l2 = False
		a9_l = False
		pc1_l1 = False
		pc2_l0 = False
		pc5_l2 = False
		pc2_l1 = False
		a13_evt0 = False
		pc2_l2 = False
		a17_l = False
		pc9_l2 = False
		a5_evt1 = False
		pc3_evt0 = False
		a9_evt1 = False
		pc4_l0 = False
		pc1_evt0 = False
		pc7_l2 = False
		pc4_l1 = False
		pc11_l2 = False
		pc5_evt0 = False
		a0_l = False
		a16_evt1 = False
		pc6_evt1 = False
		pc6_l0 = False
		pc0_evt0 = False
		pc6_l1 = False
		pc13_l2 = False
		pc7_evt0 = False
		pc7_evt1 = False
		a2_evt1 = False
		a1_evt0 = False
		pc8_evt1 = False
		pc8_l1 = False
		_J5145 = False
		_J5151 = False
		_J5160 = False
		_J5167 = False
		_J5173 = False
		_EL_U_5112 = True
		_EL_U_5114 = False
		_EL_U_5117 = False
		_EL_U_5119 = False
		_EL_U_5121 = True
		(((-1.0 * pc17_x) + (-1.0 * delta)) < -50.0)
		(((-1.0 * delta) + (-1.0 * pc13_x)) < -50.0)
		(((-1.0 * delta) + (-1.0 * pc7_x)) < -50.0)
		(((-1.0 * delta) + (-1.0 * pc2_x)) < -50.0)
		(((-1.0 * pc11_x) + (-1.0 * delta)) < -50.0)
		(((-1.0 * delta) + (-1.0 * pc0_x)) < -50.0)
		(((-1.0 * delta) + (-1.0 * pc5_x)) < -50.0)
		(((-1.0 * delta) + (-1.0 * pc18_x)) < -50.0)
		(((-1.0 * delta) + (-1.0 * pc10_x)) < -50.0)
		((-1.0 * delta) <= -1.0)
		(((-1.0 * delta) + (-1.0 * pc18_x)) < -24.0)
		(((-1.0 * delta) + (-1.0 * pc15_x)) < -50.0)
		(((-1.0 * delta) + (-1.0 * pc19_x)) <= -25.0)
		(((-1.0 * delta) + (-1.0 * pc6_x)) < -50.0)
		(((-1.0 * delta) + (-1.0 * pc1_x)) < -50.0)
		(((-1.0 * delta) + (-1.0 * pc19_x)) < -50.0)
		(((-1.0 * pc4_x) + (-1.0 * delta)) < -50.0)
		(((-1.0 * delta) + (-1.0 * pc16_x)) < -50.0)
		(((-1.0 * delta) + (-1.0 * pc9_x)) < -50.0)
		(((-1.0 * delta) + (-1.0 * pc8_x)) < -50.0)
		(((-1.0 * pc12_x) + (-1.0 * delta)) < -50.0)
		(((-1.0 * delta) + (-1.0 * pc3_x)) < -50.0)
		(((-1.0 * delta) + (-1.0 * pc14_x)) < -50.0)
		(((-1.0 * pc21_x) + (-1.0 * delta)) < -50.0)
		(((-1.0 * delta) + (-1.0 * pc20_x)) < -50.0)
	Trans 2 -- 3
		_x_pc6_x = (pc6_x + delta)
		_x_pc7_x = (pc7_x + delta)
		_x_delta = ((pc6_x + pc7_x + (delta * 2/17) + pc8_x + pc0_x + pc17_x + (pc10_x * 1/16) + (pc5_x * 1/16) + (pc9_x * 1/16) + pc15_x + pc19_x + pc1_x + pc21_x + (pc13_x * 1/16) + pc2_x + (pc11_x * 1/16) + pc3_x + (pc18_x * 17/16) + pc4_x + pc16_x + pc20_x + (pc12_x * 1/16) + 1.0) - (_diverge_delta * 17/16))
		_x_pc8_x = (pc8_x + delta)
		_x_pc0_x = (pc0_x + delta)
		_x_pc17_x = (pc17_x + delta)
		_x_pc10_x = (pc10_x + delta)
		_x_pc5_x = (pc5_x + delta)
		_x_pc9_x = (pc9_x + delta)
		_x_pc15_x = (pc15_x + delta)
		_x_pc19_x = (pc19_x + delta)
		_x_pc1_x = (pc1_x + delta)
		_x_pc21_x = (pc21_x + delta)
		_x_pc13_x = (pc13_x + delta)
		_x_pc2_x = (pc2_x + delta)
		_x_pc14_x = (pc14_x + delta)
		_x_pc11_x = (pc11_x + delta)
		_x__diverge_delta = delta
		_x_pc3_x = (pc3_x + delta)
		_x_pc18_x = (pc18_x + delta)
		_x_pc4_x = (pc4_x + delta)
		_x_pc16_x = (pc16_x + delta)
		_x_pc20_x = (pc20_x + delta)
		_x_pc12_x = (pc12_x + delta)
	starting from: {delta: 1.0, pc21_l0: False, pc21_evt1: False, pc21_evt0: True, pc20_l1: False, pc20_l0: False, pc20_evt0: True, pc19_l0: False, pc19_evt1: True, pc19_evt0: True, pc18_l1: False, pc18_evt0: True, pc17_l1: False, pc17_l0: False, pc17_evt1: True, pc17_evt0: True, pc16_l1: False, pc16_l0: False, pc15_l1: False, pc15_l0: False, pc15_evt1: True, pc21_l2: False, pc15_evt0: True, pc14_l1: False, pc14_evt1: False, pc20_l2: False, pc14_evt0: True, pc13_l1: False, pc13_l0: False, pc13_evt1: True, pc12_l1: False, pc12_l0: False, pc12_evt1: True, pc18_l2: False, pc12_evt0: True, pc11_l0: False, pc11_evt1: True, pc17_l2: False, pc11_evt0: True, pc10_l1: False, pc10_l0: False, pc16_l2: False, pc10_evt0: True, pc9_l0: False, pc9_l1: False, a5_evt0: False, a15_evt1: False, pc18_evt1: True, a4_evt0: True, a14_evt1: False, a3_evt0: False, pc0_l0: False, pc3_l1: False, a13_evt1: False, a2_evt0: False, pc14_l0: False, a12_evt1: False, a11_evt1: False, a10_evt1: False, pc2_evt1: False, pc5_l1: False, a18_l: False, pc7_x: 1519920/101, pc19_l2: False, pc13_evt0: True, a8_evt1: False, pc19_l1: False, a8_evt0: True, pc16_evt1: True, a19_evt1: False, pc9_evt1: True, pc20_evt1: True, a11_l: False, a1_evt1: False, a21_evt1: False, a2_l: False, a16_l: False, a6_evt1: False, a15_evt0: True, a7_l: False, pc11_l1: False, a12_l: False, pc10_x: 1519920/101, pc1_l2: False, a11_evt0: True, pc5_x: 1519920/101, a3_l: False, pc9_x: 1519920/101, a7_evt0: False, a18_evt1: False, pc19_x: 1519920/101, pc10_l2: False, pc4_evt0: False, a7_evt1: True, pc21_x: 1519920/101, pc12_l2: False, pc6_evt0: True, a16_evt0: True, pc10_evt1: False, a8_l: False, a6_evt0: True, a17_evt1: False, a10_l: False, c_initial: True, c_move: False, a9_evt0: False, _diverge_delta: 1519920/101, pc7_l1: False, a20_evt1: False, pc8_l0: False, a1_l: False, a17_evt0: True, a0_evt1: True, pc0_l2: False, id: 0, a14_l: False, a4_evt1: False, a5_l: False, a13_l: False, a3_evt1: True, a0_evt0: False, pc0_l1: False, pc12_x: 1519920/101, pc3_l2: False, a12_evt0: True, pc18_l0: False, a4_l: False, pc14_l2: False, pc8_evt0: True, pc21_l1: False, a15_l: False, a14_evt0: True, pc3_l0: False, pc4_evt1: True, a18_evt0: True, a19_l: False, pc16_evt0: True, a19_evt0: True, pc15_l2: False, pc9_evt0: True, a6_l: False, pc0_x: 1519920/101, pc7_l0: False, a20_evt0: True, a21_l: False, pc5_l0: False, pc17_x: 1519920/101, pc2_evt0: True, pc8_l2: False, a21_evt0: True, pc5_evt1: True, pc3_evt1: True, pc15_x: 1519920/101, pc6_l2: False, pc0_evt1: True, a10_evt0: True, pc1_x: 1519920/101, pc1_evt1: True, pc1_l0: False, pc13_x: 1519920/101, a20_l: False, pc4_l2: False, a9_l: False, pc1_l1: False, pc2_x: 1519920/101, pc2_l0: False, pc14_x: 1519920/101, pc5_l2: False, pc2_l1: False, pc11_x: 1519920/101, a13_evt0: True, pc2_l2: False, a17_l: False, pc3_x: 1519920/101, pc18_x: 1519920/101, pc9_l2: False, a5_evt1: True, pc3_evt0: True, pc4_x: 1519920/101, a9_evt1: True, pc4_l0: False, pc16_x: 1519920/101, pc1_evt0: True, pc7_l2: False, pc4_l1: False, pc20_x: 1519920/101, pc11_l2: False, pc5_evt0: True, a0_l: False, pc6_x: 1519920/101, a16_evt1: False, pc6_evt1: False, pc6_l0: False, pc0_evt0: True, pc6_l1: False, pc13_l2: False, pc7_evt0: True, pc7_evt1: True, a2_evt1: True, pc8_x: 1519920/101, a1_evt0: True, pc8_evt1: True, pc8_l1: False, _J5145: True, _J5151: True, _J5160: True, _J5167: True, _J5173: True, _EL_U_5112: True, _EL_U_5114: False, _EL_U_5117: False, _EL_U_5119: False, _EL_U_5121: True}

end of `critical_region_0022`: SUCCESS in 66.44270396232605s
