

run 1/1: `critical_region_0016`

	Found non-termination argument:
	Do states 1..2 while ((pc15_x + pc6_x + pc7_x + pc4_x + pc3_x + pc14_x + pc2_x + pc13_x + pc12_x + pc1_x + pc5_x + pc0_x + pc11_x + pc9_x + pc10_x + _diverge_delta + pc8_x + -3245/4) < 0.0)
	State 1
		delta = 1.0
		pc15_l1 = False
		pc15_l0 = False
		pc15_evt1 = True
		pc15_evt0 = True
		pc14_l1 = False
		pc14_evt1 = True
		pc14_evt0 = True
		pc13_l1 = False
		pc13_l0 = False
		pc13_evt1 = True
		pc12_l1 = False
		pc12_l0 = False
		pc0_l1 = False
		pc0_l0 = False
		a8_evt1 = False
		pc3_l1 = False
		a15_evt1 = False
		a4_evt0 = False
		a3_evt0 = True
		a13_evt1 = False
		a2_evt0 = False
		pc9_evt1 = True
		a12_evt1 = False
		a1_evt0 = False
		a11_evt1 = False
		a8_evt0 = True
		pc3_l0 = False
		a1_evt1 = True
		pc0_l2 = False
		pc9_l0 = False
		pc14_l0 = False
		a6_evt1 = False
		pc4_evt0 = True
		pc10_l2 = False
		a15_evt0 = True
		pc5_evt1 = True
		a7_l = False
		a12_l = False
		pc13_evt0 = True
		a2_evt1 = True
		pc12_l2 = False
		a10_evt0 = False
		pc6_evt0 = True
		a11_evt0 = True
		a9_evt1 = False
		a0_evt1 = False
		pc6_l2 = False
		pc0_evt1 = True
		a7_evt1 = False
		a8_l = False
		a0_evt0 = True
		a6_evt0 = True
		pc10_l1 = False
		a10_l = False
		c_initial = True
		pc3_evt1 = True
		c_move = False
		a9_evt0 = True
		a1_l = False
		a9_l = False
		pc11_evt1 = True
		a4_evt1 = True
		pc2_evt1 = True
		a13_evt0 = True
		pc15_l2 = False
		pc9_evt0 = True
		a5_l = False
		a13_l = False
		a12_evt0 = True
		a4_l = False
		pc5_l1 = False
		a5_evt0 = False
		a15_l = False
		pc5_l0 = False
		pc2_evt0 = True
		pc8_l2 = False
		a5_evt1 = True
		pc7_l0 = False
		a14_evt0 = False
		pc3_l2 = False
		pc1_evt1 = True
		pc1_l0 = False
		a14_l = False
		pc4_l2 = False
		a3_l = False
		pc1_l1 = False
		pc2_l0 = False
		pc5_l2 = False
		pc2_l1 = False
		a11_l = False
		pc4_evt1 = True
		a3_evt1 = False
		pc4_l0 = False
		pc1_evt0 = True
		pc7_l2 = False
		pc4_l1 = False
		a10_evt1 = True
		pc6_evt1 = True
		pc6_l0 = False
		id = 4
		pc3_evt0 = True
		pc9_l2 = False
		pc0_evt0 = True
		pc6_l1 = False
		pc13_l2 = False
		pc7_evt0 = True
		pc7_evt1 = True
		a14_evt1 = True
		pc7_l1 = False
		pc14_l2 = False
		pc8_evt0 = True
		pc8_evt1 = True
		pc8_l0 = False
		pc5_evt0 = True
		pc11_l2 = False
		pc8_l1 = False
		pc9_l1 = False
		pc1_l2 = False
		pc10_evt0 = True
		a2_l = False
		pc10_evt1 = False
		pc10_l0 = False
		a7_evt0 = True
		pc2_l2 = False
		_EL_U_3744 = True
		a0_l = False
		pc11_evt0 = True
		pc11_l0 = False
		a6_l = False
		pc11_l1 = False
		pc12_evt0 = True
		pc12_evt1 = True
		_J3777 = True
		_J3783 = True
		_J3792 = True
		_J3799 = True
		_J3805 = True
		_EL_U_3751 = False
		_EL_U_3753 = True
		_EL_U_3746 = False
		_EL_U_3749 = False
		((-1.0 * pc3_x) < -50.0)
		True
		((-1.0 * pc15_x) < -50.0)
		((-1.0 * pc2_x) < -50.0)
		((-1.0 * pc10_x) < -50.0)
		((-1.0 * pc8_x) < -50.0)
		((-1.0 * pc1_x) < -50.0)
		((-1.0 * pc9_x) < -50.0)
		((-1.0 * pc14_x) < -50.0)
		((-1.0 * pc0_x) < -50.0)
		((-1.0 * _diverge_delta) <= -1.0)
		((-1.0 * pc13_x) < -50.0)
		((-1.0 * pc6_x) < -50.0)
		((-1.0 * pc7_x) < -50.0)
		((-1.0 * pc12_x) < -50.0)
		((-1.0 * pc5_x) < -50.0)
		((-1.0 * pc4_x) < -50.0)
		((-1.0 * pc11_x) < -50.0)
	Trans 1 -- 2
		_x_pc8_x : (pc8_x + 1.0)
		_x__diverge_delta : 1.0
		_x_pc10_x : (pc10_x + 1.0)
		_x_pc9_x : (pc9_x + 1.0)
		_x_pc11_x : (pc11_x + 1.0)
		_x_pc0_x : (pc0_x + 1.0)
		_x_pc5_x : (pc5_x + 1.0)
		_x_pc1_x : (pc1_x + 1.0)
		_x_pc12_x : (pc12_x + 1.0)
		_x_pc13_x : (pc13_x + 1.0)
		_x_pc2_x : (pc2_x + 1.0)
		_x_pc14_x : (pc14_x + 1.0)
		_x_pc3_x : (pc3_x + 1.0)
		_x_pc4_x : (pc4_x + 1.0)
		_x_pc7_x : (pc7_x + 1.0)
		_x_pc6_x : (pc6_x + 1.0)
		_x_pc15_x : (pc15_x + 1.0)
	State 2
		delta = 1.0
		pc15_l1 = False
		pc15_l0 = False
		pc15_evt1 = False
		pc15_evt0 = False
		pc14_l1 = False
		pc14_evt1 = False
		pc14_evt0 = False
		pc13_l1 = False
		pc13_l0 = False
		pc13_evt1 = False
		pc12_l1 = False
		pc12_l0 = False
		pc0_l1 = False
		pc0_l0 = False
		a8_evt1 = False
		pc3_l1 = False
		a15_evt1 = False
		a4_evt0 = False
		a3_evt0 = False
		a13_evt1 = False
		a2_evt0 = False
		pc9_evt1 = False
		a12_evt1 = False
		a1_evt0 = False
		a11_evt1 = False
		a8_evt0 = False
		pc3_l0 = False
		a1_evt1 = False
		pc0_l2 = False
		pc9_l0 = False
		pc14_l0 = False
		a6_evt1 = False
		pc4_evt0 = False
		pc10_l2 = False
		a15_evt0 = False
		pc5_evt1 = False
		a7_l = False
		a12_l = False
		pc13_evt0 = False
		a2_evt1 = False
		pc12_l2 = False
		a10_evt0 = False
		pc6_evt0 = False
		a11_evt0 = False
		a9_evt1 = False
		a0_evt1 = False
		pc6_l2 = False
		pc0_evt1 = False
		a7_evt1 = False
		a8_l = False
		a0_evt0 = False
		a6_evt0 = False
		pc10_l1 = False
		a10_l = False
		c_initial = True
		pc3_evt1 = False
		c_move = True
		a9_evt0 = False
		a1_l = False
		a9_l = False
		pc11_evt1 = False
		a4_evt1 = False
		pc2_evt1 = False
		a13_evt0 = False
		pc15_l2 = False
		pc9_evt0 = False
		a5_l = False
		a13_l = False
		a12_evt0 = False
		a4_l = False
		pc5_l1 = False
		a5_evt0 = False
		a15_l = False
		pc5_l0 = False
		pc2_evt0 = False
		pc8_l2 = False
		a5_evt1 = False
		pc7_l0 = False
		a14_evt0 = False
		pc3_l2 = False
		pc1_evt1 = False
		pc1_l0 = False
		a14_l = False
		pc4_l2 = False
		a3_l = False
		pc1_l1 = False
		pc2_l0 = False
		pc5_l2 = False
		pc2_l1 = False
		a11_l = False
		pc4_evt1 = False
		a3_evt1 = False
		pc4_l0 = False
		pc1_evt0 = False
		pc7_l2 = False
		pc4_l1 = False
		a10_evt1 = False
		pc6_evt1 = False
		pc6_l0 = False
		id = 14
		pc3_evt0 = False
		pc9_l2 = False
		pc0_evt0 = False
		pc6_l1 = False
		pc13_l2 = False
		pc7_evt0 = False
		pc7_evt1 = False
		a14_evt1 = False
		pc7_l1 = False
		pc14_l2 = False
		pc8_evt0 = False
		pc8_evt1 = False
		pc8_l0 = False
		pc5_evt0 = False
		pc11_l2 = False
		pc8_l1 = False
		pc9_l1 = False
		pc1_l2 = False
		pc10_evt0 = False
		a2_l = False
		pc10_evt1 = False
		pc10_l0 = False
		a7_evt0 = False
		pc2_l2 = False
		_EL_U_3744 = True
		a0_l = False
		pc11_evt0 = False
		pc11_l0 = False
		a6_l = False
		pc11_l1 = False
		pc12_evt0 = False
		pc12_evt1 = False
		_J3777 = False
		_J3783 = False
		_J3792 = False
		_J3799 = False
		_J3805 = False
		_EL_U_3751 = False
		_EL_U_3753 = True
		_EL_U_3746 = False
		_EL_U_3749 = False
	Trans 2 -- 1
		_x_pc8_x : (pc8_x + 1.0)
		_x__diverge_delta : 1.0
		_x_pc10_x : (pc10_x + 1.0)
		_x_pc9_x : (pc9_x + 1.0)
		_x_pc11_x : (pc11_x + 1.0)
		_x_pc0_x : (pc0_x + 1.0)
		_x_pc5_x : (pc5_x + 1.0)
		_x_pc1_x : (pc1_x + 1.0)
		_x_pc12_x : (pc12_x + 1.0)
		_x_pc13_x : (pc13_x + 1.0)
		_x_pc2_x : (pc2_x + 1.0)
		_x_pc14_x : (pc14_x + 1.0)
		_x_pc3_x : (pc3_x + 1.0)
		_x_pc4_x : (pc4_x + 1.0)
		_x_pc7_x : (pc7_x + 1.0)
		_x_pc6_x : (pc6_x + 1.0)
		_x_pc15_x : (pc15_x + 1.0)
	End do-while
	State 2
		delta = 1.0
		pc15_l1 = False
		pc15_l0 = False
		pc15_evt1 = False
		pc15_evt0 = False
		pc14_l1 = False
		pc14_evt1 = False
		pc14_evt0 = False
		pc13_l1 = False
		pc13_l0 = False
		pc13_evt1 = False
		pc12_l1 = False
		pc12_l0 = False
		pc0_l1 = False
		pc0_l0 = False
		a8_evt1 = False
		pc3_l1 = False
		a15_evt1 = False
		a4_evt0 = False
		a3_evt0 = False
		a13_evt1 = False
		a2_evt0 = False
		pc9_evt1 = False
		a12_evt1 = False
		a1_evt0 = False
		a11_evt1 = False
		a8_evt0 = False
		pc3_l0 = False
		a1_evt1 = False
		pc0_l2 = False
		pc9_l0 = False
		pc14_l0 = False
		a6_evt1 = False
		pc4_evt0 = False
		pc10_l2 = False
		a15_evt0 = False
		pc5_evt1 = False
		a7_l = False
		a12_l = False
		pc13_evt0 = False
		a2_evt1 = False
		pc12_l2 = False
		a10_evt0 = False
		pc6_evt0 = False
		a11_evt0 = False
		a9_evt1 = False
		a0_evt1 = False
		pc6_l2 = False
		pc0_evt1 = False
		a7_evt1 = False
		a8_l = False
		a0_evt0 = False
		a6_evt0 = False
		pc10_l1 = False
		a10_l = False
		c_initial = True
		pc3_evt1 = False
		c_move = True
		a9_evt0 = False
		a1_l = False
		a9_l = False
		pc11_evt1 = False
		a4_evt1 = False
		pc2_evt1 = False
		a13_evt0 = False
		pc15_l2 = False
		pc9_evt0 = False
		a5_l = False
		a13_l = False
		a12_evt0 = False
		a4_l = False
		pc5_l1 = False
		a5_evt0 = False
		a15_l = False
		pc5_l0 = False
		pc2_evt0 = False
		pc8_l2 = False
		a5_evt1 = False
		pc7_l0 = False
		a14_evt0 = False
		pc3_l2 = False
		pc1_evt1 = False
		pc1_l0 = False
		a14_l = False
		pc4_l2 = False
		a3_l = False
		pc1_l1 = False
		pc2_l0 = False
		pc5_l2 = False
		pc2_l1 = False
		a11_l = False
		pc4_evt1 = False
		a3_evt1 = False
		pc4_l0 = False
		pc1_evt0 = False
		pc7_l2 = False
		pc4_l1 = False
		a10_evt1 = False
		pc6_evt1 = False
		pc6_l0 = False
		id = 14
		pc3_evt0 = False
		pc9_l2 = False
		pc0_evt0 = False
		pc6_l1 = False
		pc13_l2 = False
		pc7_evt0 = False
		pc7_evt1 = False
		a14_evt1 = False
		pc7_l1 = False
		pc14_l2 = False
		pc8_evt0 = False
		pc8_evt1 = False
		pc8_l0 = False
		pc5_evt0 = False
		pc11_l2 = False
		pc8_l1 = False
		pc9_l1 = False
		pc1_l2 = False
		pc10_evt0 = False
		a2_l = False
		pc10_evt1 = False
		pc10_l0 = False
		a7_evt0 = False
		pc2_l2 = False
		_EL_U_3744 = True
		a0_l = False
		pc11_evt0 = False
		pc11_l0 = False
		a6_l = False
		pc11_l1 = False
		pc12_evt0 = False
		pc12_evt1 = False
		_J3777 = False
		_J3783 = False
		_J3792 = False
		_J3799 = False
		_J3805 = False
		_EL_U_3751 = False
		_EL_U_3753 = True
		_EL_U_3746 = False
		_EL_U_3749 = False
		((-1.0 * pc15_x) < -49.0)
		((-1.0 * pc13_x) < -49.0)
		((-1.0 * pc2_x) < -49.0)
		((-1.0 * pc6_x) < -49.0)
		((-1.0 * pc10_x) < -49.0)
		((-1.0 * pc7_x) < -49.0)
		((-1.0 * pc8_x) < -49.0)
		((-1.0 * pc12_x) < -49.0)
		((-1.0 * pc1_x) < -49.0)
		((-1.0 * pc5_x) < -49.0)
		((-1.0 * _diverge_delta) <= -1.0)
		((-1.0 * pc9_x) < -49.0)
		((-1.0 * pc4_x) < -49.0)
		(((-1.0 * pc8_x) + (-1.0 * _diverge_delta) + (-1.0 * pc10_x) + (-1.0 * pc9_x) + (-1.0 * pc11_x) + (-1.0 * pc0_x) + (-1.0 * pc5_x) + (-1.0 * pc1_x) + (-1.0 * pc12_x) + (-1.0 * pc13_x) + (-1.0 * pc2_x) + (-1.0 * pc14_x) + (-1.0 * pc3_x) + (-1.0 * pc4_x) + (-1.0 * pc7_x) + (-1.0 * pc6_x) + (-1.0 * pc15_x) + 3245/4) <= 0.0)
		((-1.0 * pc14_x) < -49.0)
		((-1.0 * pc11_x) < -49.0)
		((-1.0 * pc3_x) < -49.0)
		((-1.0 * pc0_x) < -49.0)
	Trans 2 -- 3
		_x_pc8_x = (pc8_x + 1.0)
		_x__diverge_delta = 1.0
		_x_pc10_x = (pc10_x + 1.0)
		_x_pc9_x = (pc9_x + 1.0)
		_x_pc11_x = (pc11_x + 1.0)
		_x_pc0_x = (pc0_x + 1.0)
		_x_pc5_x = (pc5_x + 1.0)
		_x_pc1_x = (pc1_x + 1.0)
		_x_pc12_x = (pc12_x + 1.0)
		_x_pc13_x = (pc13_x + 1.0)
		_x_pc2_x = (pc2_x + 1.0)
		_x_pc14_x = (pc14_x + 1.0)
		_x_pc3_x = (pc3_x + 1.0)
		_x_pc4_x = (pc4_x + 1.0)
		_x_pc7_x = (pc7_x + 1.0)
		_x_pc6_x = (pc6_x + 1.0)
		_x_pc15_x = (pc15_x + 1.0)
	starting from: {delta: 1.0, _diverge_delta: 127.0, pc15_l1: False, pc15_l0: False, pc15_evt1: True, pc15_evt0: True, pc14_l1: False, pc14_evt1: True, pc14_evt0: True, pc13_l1: False, pc13_l0: False, pc13_evt1: True, pc12_l1: False, pc12_l0: False, pc0_l1: False, pc0_x: 127.0, pc0_l0: False, a8_evt1: False, pc3_l1: False, a15_evt1: False, pc1_x: 127.0, a4_evt0: False, a3_evt0: True, a13_evt1: False, a2_evt0: False, pc9_evt1: True, a12_evt1: False, a1_evt0: False, a11_evt1: False, a8_evt0: True, pc3_l0: False, a1_evt1: True, pc0_l2: False, pc9_l0: False, pc14_l0: False, a6_evt1: False, pc4_evt0: True, pc10_l2: False, a15_evt0: True, pc5_evt1: True, a7_l: False, a12_l: False, pc7_x: 127.0, pc13_evt0: True, a2_evt1: True, pc12_l2: False, a10_evt0: False, pc6_evt0: True, a11_evt0: True, a9_evt1: False, a0_evt1: False, pc15_x: 127.0, pc6_l2: False, pc0_evt1: True, a7_evt1: False, a8_l: False, a0_evt0: True, a6_evt0: True, pc10_l1: False, a10_l: False, c_initial: True, pc3_evt1: True, c_move: False, a9_evt0: True, a1_l: False, a9_l: False, pc11_evt1: True, a4_evt1: True, pc2_evt1: True, a13_evt0: True, pc15_l2: False, pc9_evt0: True, a5_l: False, a13_l: False, pc9_x: 127.0, a12_evt0: True, a4_l: False, pc5_l1: False, a5_evt0: False, pc5_x: 127.0, a15_l: False, pc5_l0: False, pc2_evt0: True, pc8_l2: False, a5_evt1: True, pc7_l0: False, a14_evt0: False, pc3_l2: False, pc12_x: 127.0, pc1_evt1: True, pc1_l0: False, pc13_x: 127.0, a14_l: False, pc4_l2: False, a3_l: False, pc1_l1: False, pc2_x: 127.0, pc2_l0: False, pc14_x: 127.0, pc5_l2: False, pc2_l1: False, a11_l: False, pc3_x: 127.0, pc4_x: 127.0, pc4_evt1: True, a3_evt1: False, pc4_l0: False, pc1_evt0: True, pc7_l2: False, pc4_l1: False, pc6_x: 127.0, a10_evt1: True, pc6_evt1: True, pc6_l0: False, id: 4, pc3_evt0: True, pc9_l2: False, pc0_evt0: True, pc6_l1: False, pc13_l2: False, pc7_evt0: True, pc7_evt1: True, a14_evt1: True, pc7_l1: False, pc8_x: 127.0, pc14_l2: False, pc8_evt0: True, pc8_evt1: True, pc8_l0: False, pc5_evt0: True, pc11_l2: False, pc8_l1: False, pc9_l1: False, pc1_l2: False, pc10_x: 127.0, pc10_evt0: True, a2_l: False, pc10_evt1: False, pc10_l0: False, a7_evt0: True, pc2_l2: False, pc11_x: 127.0, a0_l: False, pc11_evt0: True, pc11_l0: False, a6_l: False, pc11_l1: False, pc12_evt0: True, pc12_evt1: True, _J3777: True, _J3783: True, _J3792: True, _J3799: True, _J3805: True, _EL_U_3751: False, _EL_U_3753: True, _EL_U_3744: True, _EL_U_3746: False, _EL_U_3749: False}

end of `critical_region_0016`: SUCCESS in 6.2031090259552s
