F3 run `critical_region_0003`

	Found non-termination argument:
	State 1
		_J822 = True
		_J816 = True
		_EL_U_783 = True
		_EL_U_785 = False
		_EL_U_788 = False
		a0_l = False
		pc1_l1 = False
		_EL_U_790 = False
		pc1_l0 = False
		pc1_l2 = False
		_EL_U_792 = True
		pc2_evt1 = True
		pc2_evt0 = True
		a2_evt1 = False
		a2_evt0 = True
		pc2_l1 = False
		pc2_l0 = False
		pc2_l2 = False
		pc1_evt1 = True
		pc1_evt0 = True
		a1_evt1 = False
		a1_evt0 = True
		a1_l = False
		pc0_evt1 = True
		pc0_evt0 = True
		a0_evt1 = False
		a0_evt0 = True
		c_move = True
		a2_l = False
		id = 2
		c_initial = True
		pc0_l1 = False
		pc0_l0 = False
		pc0_l2 = False
		_J844 = True
		_J838 = True
		_J831 = True
		((-1.0 * pc0_x) < -50.0)
		((-1.0 * pc2_x) < -50.0)
		((-1.0 * _diverge_delta) <= -1.0)
		((-1.0 * delta) <= -1.0)
		((-1.0 * delta) <= 0.0)
		((-1.0 * delta) < 0.0)
		((-1.0 * pc1_x) < -50.0)
	Trans 1 -- 2
		_x_pc1_x = (pc1_x + delta)
		_x_pc2_x = (delta + pc2_x)
		_x_pc0_x = (pc0_x + delta)
		_x__diverge_delta = delta
		_x_delta = ((pc2_x * 5/4) + (_diverge_delta * 1/4) + (delta * 7/2) + (pc1_x * 5/4) + (pc0_x * 5/4) + 1/4)
	State 2
		_J822 = False
		_J816 = False
		_EL_U_783 = True
		_EL_U_785 = False
		_EL_U_788 = False
		a0_l = False
		pc1_l1 = False
		_EL_U_790 = False
		pc1_l0 = False
		pc1_l2 = False
		_EL_U_792 = True
		pc2_evt1 = False
		pc2_evt0 = False
		a2_evt1 = False
		a2_evt0 = False
		pc2_l1 = False
		pc2_l0 = False
		pc2_l2 = False
		pc1_evt1 = False
		pc1_evt0 = False
		a1_evt1 = False
		a1_evt0 = False
		a1_l = False
		pc0_evt1 = False
		pc0_evt0 = False
		a0_evt1 = False
		a0_evt0 = False
		c_move = True
		a2_l = False
		id = 0
		c_initial = True
		pc0_l1 = False
		pc0_l0 = False
		pc0_l2 = False
		_J844 = False
		_J838 = False
		_J831 = False
		(((-1.0 * pc2_x) + (-1.0 * delta)) < -50.0)
		(((-1.0 * pc1_x) + (-1.0 * delta)) < -50.0)
		((-1.0 * delta) <= -1.0)
		((-1.0 * delta) <= 0.0)
		(((-1.0 * pc0_x) + (-1.0 * delta)) < -50.0)
	Trans 2 -- 3
		_x_pc1_x = (pc1_x + delta)
		_x_pc2_x = (delta + pc2_x)
		_x_pc0_x = (pc0_x + delta)
		_x__diverge_delta = delta
		_x_delta = (((-1.0 * pc2_x) + (-1.0 * _diverge_delta) + delta + (-1.0 * pc0_x) + -1.0) - (pc1_x * 1/4))
	starting from: _J822 : True, _J816 : True, _EL_U_783 : True, _diverge_delta : 8054/155, _EL_U_785 : False, delta : 1.0, a0_l : False, _EL_U_788 : False, pc1_l1 : False, _EL_U_790 : False, pc1_l0 : False, pc1_l2 : False, pc0_x : 8054/155, _EL_U_792 : True, pc2_evt1 : True, pc2_evt0 : True, a2_evt1 : False, a2_evt0 : True, pc2_l1 : False, pc2_l0 : False, pc2_l2 : False, pc1_evt1 : True, pc1_evt0 : True, a1_evt1 : False, pc1_x : 8054/155, a1_evt0 : True, a1_l : False, pc0_evt1 : True, pc0_evt0 : True, a0_evt1 : False, a0_evt0 : True, pc2_x : 8054/155, c_move : True, a2_l : False, id : 2, c_initial : True, pc0_l1 : False, pc0_l0 : False, pc0_l2 : False, _J844 : True, _J838 : True, _J831 : True

end of `critical_region_0003`: SUCCESS in 6.135208368301392s
