F3 run `ChenFlurMukhopadhyay-SAS2012-Ex3.06_false-termination`

	Found non-termination argument:
	State 0
		pc = 0
		((z + x) < 0)
		(x < 0)
		(((z + x) - (y * 2)) < 0)
		(((-1 * y) + -1) <= 0)
	Trans 0 -- 1
		_x_z = z
		_x_x = x
		_x_y = y
	State 1
		pc = 1
	Trans 1 -- 2
		_x_z = z
		_x_x = (z + x)
		_x_y = y
	State 2
		pc = 2
	Trans 2 -- 3
		_x_x = x
		_x_z = (y * -2)
		_x_y = y
	State 3
		pc = 3
	Trans 3 -- 4
		_x_z = z
		_x_x = x
		_x_y = (y + 1)
	starting from: z : 0, pc : 0, x : -1, y : 0

end of `ChenFlurMukhopadhyay-SAS2012-Ex3.06_false-termination`: SUCCESS in 4.280113458633423s
