

run 1/1: `LeikeHeizmann-WST2014-Ex6_false-termination`

	Found non-termination argument:
	Do states 0..2 while ((ToReal(a) + ToReal(b) + 15/4) < 0.0)
	State 0
		pc = 0
		((-1 * a) <= -1)
		((a * -2) <= -1)
		((-1 * b) <= -1)
		((b * -3) <= -1)
	Trans 0 -- 1
		_x_a : a
		_x_b : b
	State 1
		pc = 1
	Trans 1 -- 2
		_x_a : (a * 2)
		_x_b : b
	State 2
		pc = 2
	Trans 2 -- 0
		_x_a : a
		_x_b : (b * 3)
	End do-while
	State 2
		pc = 2
		((-1 * a) <= -1)
		(((-1.0 * ToReal(b)) + (-1.0 * ToReal(a)) + -15/4) <= 0.0)
		((b * -3) <= -1)
	Trans 2 -- 3
		_x_a = a
		_x_b = (b * 3)
	starting from: {pc: 0, a: 1, b: 1}

end of `LeikeHeizmann-WST2014-Ex6_false-termination`: SUCCESS in 0.5700831413269043s
