Creating empty 100MiB image file: /home/magnago/overlay/fischer_0002.c.ext3
Formatting image with ext3 file system
Image is done: /home/magnago/overlay/fischer_0002.c.ext3
This is Ultimate 0.2.1-origin.dev-f91880a
[2021-04-24 15:22:30,193 INFO  L177        SettingsManager]: Resetting all preferences to default values...
[2021-04-24 15:22:30,196 INFO  L181        SettingsManager]: Resetting UltimateCore preferences to default values
[2021-04-24 15:22:30,242 INFO  L184        SettingsManager]: Ultimate Commandline Interface provides no preferences, ignoring...
[2021-04-24 15:22:30,242 INFO  L181        SettingsManager]: Resetting Boogie Preprocessor preferences to default values
[2021-04-24 15:22:30,243 INFO  L181        SettingsManager]: Resetting Boogie Procedure Inliner preferences to default values
[2021-04-24 15:22:30,244 INFO  L181        SettingsManager]: Resetting Abstract Interpretation preferences to default values
[2021-04-24 15:22:30,245 INFO  L181        SettingsManager]: Resetting LassoRanker preferences to default values
[2021-04-24 15:22:30,247 INFO  L181        SettingsManager]: Resetting Reaching Definitions preferences to default values
[2021-04-24 15:22:30,247 INFO  L181        SettingsManager]: Resetting SyntaxChecker preferences to default values
[2021-04-24 15:22:30,248 INFO  L181        SettingsManager]: Resetting Sifa preferences to default values
[2021-04-24 15:22:30,249 INFO  L184        SettingsManager]: B?chi Program Product provides no preferences, ignoring...
[2021-04-24 15:22:30,249 INFO  L181        SettingsManager]: Resetting LTL2Aut preferences to default values
[2021-04-24 15:22:30,250 INFO  L181        SettingsManager]: Resetting PEA to Boogie preferences to default values
[2021-04-24 15:22:30,251 INFO  L181        SettingsManager]: Resetting BlockEncodingV2 preferences to default values
[2021-04-24 15:22:30,251 INFO  L181        SettingsManager]: Resetting ChcToBoogie preferences to default values
[2021-04-24 15:22:30,252 INFO  L181        SettingsManager]: Resetting AutomataScriptInterpreter preferences to default values
[2021-04-24 15:22:30,253 INFO  L181        SettingsManager]: Resetting BuchiAutomizer preferences to default values
[2021-04-24 15:22:30,254 INFO  L181        SettingsManager]: Resetting CACSL2BoogieTranslator preferences to default values
[2021-04-24 15:22:30,255 INFO  L181        SettingsManager]: Resetting CodeCheck preferences to default values
[2021-04-24 15:22:30,256 INFO  L181        SettingsManager]: Resetting InvariantSynthesis preferences to default values
[2021-04-24 15:22:30,257 INFO  L181        SettingsManager]: Resetting RCFGBuilder preferences to default values
[2021-04-24 15:22:30,258 INFO  L181        SettingsManager]: Resetting Referee preferences to default values
[2021-04-24 15:22:30,259 INFO  L181        SettingsManager]: Resetting TraceAbstraction preferences to default values
[2021-04-24 15:22:30,260 INFO  L184        SettingsManager]: TraceAbstractionConcurrent provides no preferences, ignoring...
[2021-04-24 15:22:30,261 INFO  L184        SettingsManager]: TraceAbstractionWithAFAs provides no preferences, ignoring...
[2021-04-24 15:22:30,261 INFO  L181        SettingsManager]: Resetting TreeAutomizer preferences to default values
[2021-04-24 15:22:30,261 INFO  L181        SettingsManager]: Resetting IcfgToChc preferences to default values
[2021-04-24 15:22:30,262 INFO  L181        SettingsManager]: Resetting IcfgTransformer preferences to default values
[2021-04-24 15:22:30,262 INFO  L184        SettingsManager]: ReqToTest provides no preferences, ignoring...
[2021-04-24 15:22:30,263 INFO  L181        SettingsManager]: Resetting Boogie Printer preferences to default values
[2021-04-24 15:22:30,263 INFO  L181        SettingsManager]: Resetting ChcSmtPrinter preferences to default values
[2021-04-24 15:22:30,264 INFO  L181        SettingsManager]: Resetting ReqPrinter preferences to default values
[2021-04-24 15:22:30,264 INFO  L181        SettingsManager]: Resetting Witness Printer preferences to default values
[2021-04-24 15:22:30,265 INFO  L184        SettingsManager]: Boogie PL CUP Parser provides no preferences, ignoring...
[2021-04-24 15:22:30,265 INFO  L181        SettingsManager]: Resetting CDTParser preferences to default values
[2021-04-24 15:22:30,266 INFO  L184        SettingsManager]: AutomataScriptParser provides no preferences, ignoring...
[2021-04-24 15:22:30,266 INFO  L184        SettingsManager]: ReqParser provides no preferences, ignoring...
[2021-04-24 15:22:30,266 INFO  L181        SettingsManager]: Resetting SmtParser preferences to default values
[2021-04-24 15:22:30,267 INFO  L181        SettingsManager]: Resetting Witness Parser preferences to default values
[2021-04-24 15:22:30,267 INFO  L188        SettingsManager]: Finished resetting all preferences to default values...
[2021-04-24 15:22:30,268 INFO  L101        SettingsManager]: Beginning loading settings from /home/singularity/UAutomizer-linux/config/svcomp-LTL-64bit-Automizer_Default.epf
[2021-04-24 15:22:30,282 INFO  L113        SettingsManager]: Loading preferences was successful
[2021-04-24 15:22:30,282 INFO  L115        SettingsManager]: Preferences different from defaults after loading the file:
[2021-04-24 15:22:30,283 INFO  L136        SettingsManager]: Preferences of BlockEncodingV2 differ from their defaults:
[2021-04-24 15:22:30,283 INFO  L138        SettingsManager]:  * Minimize states even if more edges are added than removed.=true
[2021-04-24 15:22:30,284 INFO  L138        SettingsManager]:  * Rewrite not-equals=true
[2021-04-24 15:22:30,284 INFO  L138        SettingsManager]:  * Create parallel compositions if possible=false
[2021-04-24 15:22:30,284 INFO  L138        SettingsManager]:  * Minimize states using LBE with the strategy=NONE
[2021-04-24 15:22:30,284 INFO  L138        SettingsManager]:  * Use SBE=true
[2021-04-24 15:22:30,284 INFO  L136        SettingsManager]: Preferences of BuchiAutomizer differ from their defaults:
[2021-04-24 15:22:30,284 INFO  L138        SettingsManager]:  * Compute Interpolants along a Counterexample=Craig_TreeInterpolation
[2021-04-24 15:22:30,284 INFO  L138        SettingsManager]:  * Use old map elimination=false
[2021-04-24 15:22:30,284 INFO  L138        SettingsManager]:  * Try twofold refinement=false
[2021-04-24 15:22:30,285 INFO  L136        SettingsManager]: Preferences of CACSL2BoogieTranslator differ from their defaults:
[2021-04-24 15:22:30,285 INFO  L138        SettingsManager]:  * Check unreachability of error function in SV-COMP mode=false
[2021-04-24 15:22:30,285 INFO  L138        SettingsManager]:  * Overapproximate operations on floating types=true
[2021-04-24 15:22:30,285 INFO  L138        SettingsManager]:  * Check division by zero=IGNORE
[2021-04-24 15:22:30,285 INFO  L138        SettingsManager]:  * Pointer to allocated memory at dereference=ASSUME
[2021-04-24 15:22:30,285 INFO  L138        SettingsManager]:  * If two pointers are subtracted or compared they have the same base address=ASSUME
[2021-04-24 15:22:30,285 INFO  L138        SettingsManager]:  * Check array bounds for arrays that are off heap=ASSUME
[2021-04-24 15:22:30,285 INFO  L138        SettingsManager]:  * Check if freed pointer was valid=false
[2021-04-24 15:22:30,286 INFO  L138        SettingsManager]:  * Use constant arrays=true
[2021-04-24 15:22:30,286 INFO  L138        SettingsManager]:  * Pointer base address is valid at dereference=ASSUME
[2021-04-24 15:22:30,286 INFO  L136        SettingsManager]: Preferences of RCFGBuilder differ from their defaults:
[2021-04-24 15:22:30,286 INFO  L138        SettingsManager]:  * Size of a code block=SingleStatement
[2021-04-24 15:22:30,286 INFO  L138        SettingsManager]:  * SMT solver=Internal_SMTInterpol
Applying setting for plugin de.uni_freiburg.informatik.ultimate.plugins.generator.cacsl2boogietranslator: Overapproximate operations on floating types -> false
Applying setting for plugin de.uni_freiburg.informatik.ultimate.plugins.generator.cacsl2boogietranslator: Assume nondeterminstic values are in range -> false
[2021-04-24 15:22:30,476 INFO  L75    nceAwareModelManager]: Repository-Root is: /tmp
[2021-04-24 15:22:30,502 INFO  L261   ainManager$Toolchain]: [Toolchain 1]: Applicable parser(s) successfully (re)initialized
[2021-04-24 15:22:30,504 INFO  L217   ainManager$Toolchain]: [Toolchain 1]: Toolchain selected.
[2021-04-24 15:22:30,505 INFO  L271        PluginConnector]: Initializing CDTParser...
[2021-04-24 15:22:30,506 INFO  L275        PluginConnector]: CDTParser initialized
[2021-04-24 15:22:30,506 INFO  L432   ainManager$Toolchain]: [Toolchain 1]: Parsing single file: /home/magnago/benchmarks/ltl_timed_automata/fischer/ultimate/fischer_0002.c
[2021-04-24 15:22:30,550 INFO  L220              CDTParser]: Created temporary CDT project at /home/singularity/b9424532c6b6455a8273bf1ab261a040/FLAGd0caa5fd8
[2021-04-24 15:22:30,881 INFO  L306              CDTParser]: Found 1 translation units.
[2021-04-24 15:22:30,882 INFO  L160              CDTParser]: Scanning /home/magnago/benchmarks/ltl_timed_automata/fischer/ultimate/fischer_0002.c
[2021-04-24 15:22:30,916 INFO  L349              CDTParser]: About to delete temporary CDT project at /home/singularity/b9424532c6b6455a8273bf1ab261a040/FLAGd0caa5fd8
[2021-04-24 15:22:31,287 INFO  L357              CDTParser]: Successfully deleted /home/singularity/b9424532c6b6455a8273bf1ab261a040
[2021-04-24 15:22:31,289 INFO  L299   ainManager$Toolchain]: ####################### [Toolchain 1] #######################
[2021-04-24 15:22:31,290 INFO  L131        ToolchainWalker]: Walking toolchain with 7 elements.
[2021-04-24 15:22:31,292 INFO  L113        PluginConnector]: ------------------------CACSL2BoogieTranslator----------------------------
[2021-04-24 15:22:31,292 INFO  L271        PluginConnector]: Initializing CACSL2BoogieTranslator...
[2021-04-24 15:22:31,294 INFO  L275        PluginConnector]: CACSL2BoogieTranslator initialized
[2021-04-24 15:22:31,294 INFO  L185        PluginConnector]: Executing the observer ACSLObjectContainerObserver from plugin CACSL2BoogieTranslator for "CDTParser AST 24.04 03:22:31" (1/1) ...
[2021-04-24 15:22:31,295 INFO  L205        PluginConnector]: Invalid model from CACSL2BoogieTranslator for observer de.uni_freiburg.informatik.ultimate.plugins.generator.cacsl2boogietranslator.ACSLObjectContainerObserver@4e681625 and model type de.uni_freiburg.informatik.ultimate.plugins.generator.cacsl2boogietranslator AST 24.04 03:22:31, skipping insertion in model container
[2021-04-24 15:22:31,295 INFO  L185        PluginConnector]: Executing the observer CACSL2BoogieTranslatorObserver from plugin CACSL2BoogieTranslator for "CDTParser AST 24.04 03:22:31" (1/1) ...
[2021-04-24 15:22:31,301 INFO  L145         MainTranslator]: Starting translation in SV-COMP mode 
[2021-04-24 15:22:31,315 INFO  L178         MainTranslator]: Built tables and reachable declarations
[2021-04-24 15:22:31,466 INFO  L206          PostProcessor]: Analyzing one entry point: main
[2021-04-24 15:22:31,470 INFO  L203         MainTranslator]: Completed pre-run
[2021-04-24 15:22:31,506 INFO  L206          PostProcessor]: Analyzing one entry point: main
[2021-04-24 15:22:31,525 INFO  L208         MainTranslator]: Completed translation
[2021-04-24 15:22:31,526 INFO  L202        PluginConnector]: Adding new model de.uni_freiburg.informatik.ultimate.plugins.generator.cacsl2boogietranslator AST 24.04 03:22:31 WrapperNode
[2021-04-24 15:22:31,526 INFO  L132        PluginConnector]: ------------------------ END CACSL2BoogieTranslator----------------------------
[2021-04-24 15:22:31,527 INFO  L113        PluginConnector]: ------------------------Boogie Preprocessor----------------------------
[2021-04-24 15:22:31,527 INFO  L271        PluginConnector]: Initializing Boogie Preprocessor...
[2021-04-24 15:22:31,528 INFO  L275        PluginConnector]: Boogie Preprocessor initialized
[2021-04-24 15:22:31,544 INFO  L185        PluginConnector]: Executing the observer EnsureBoogieModelObserver from plugin Boogie Preprocessor for "de.uni_freiburg.informatik.ultimate.plugins.generator.cacsl2boogietranslator AST 24.04 03:22:31" (1/1) ...
[2021-04-24 15:22:31,545 INFO  L185        PluginConnector]: Executing the observer TypeChecker from plugin Boogie Preprocessor for "de.uni_freiburg.informatik.ultimate.plugins.generator.cacsl2boogietranslator AST 24.04 03:22:31" (1/1) ...
[2021-04-24 15:22:31,553 INFO  L185        PluginConnector]: Executing the observer ConstExpander from plugin Boogie Preprocessor for "de.uni_freiburg.informatik.ultimate.plugins.generator.cacsl2boogietranslator AST 24.04 03:22:31" (1/1) ...
[2021-04-24 15:22:31,553 INFO  L185        PluginConnector]: Executing the observer StructExpander from plugin Boogie Preprocessor for "de.uni_freiburg.informatik.ultimate.plugins.generator.cacsl2boogietranslator AST 24.04 03:22:31" (1/1) ...
[2021-04-24 15:22:31,564 INFO  L185        PluginConnector]: Executing the observer UnstructureCode from plugin Boogie Preprocessor for "de.uni_freiburg.informatik.ultimate.plugins.generator.cacsl2boogietranslator AST 24.04 03:22:31" (1/1) ...
[2021-04-24 15:22:31,570 INFO  L185        PluginConnector]: Executing the observer FunctionInliner from plugin Boogie Preprocessor for "de.uni_freiburg.informatik.ultimate.plugins.generator.cacsl2boogietranslator AST 24.04 03:22:31" (1/1) ...
[2021-04-24 15:22:31,572 INFO  L185        PluginConnector]: Executing the observer BoogieSymbolTableConstructor from plugin Boogie Preprocessor for "de.uni_freiburg.informatik.ultimate.plugins.generator.cacsl2boogietranslator AST 24.04 03:22:31" (1/1) ...
[2021-04-24 15:22:31,575 INFO  L132        PluginConnector]: ------------------------ END Boogie Preprocessor----------------------------
[2021-04-24 15:22:31,576 INFO  L113        PluginConnector]: ------------------------RCFGBuilder----------------------------
[2021-04-24 15:22:31,576 INFO  L271        PluginConnector]: Initializing RCFGBuilder...
[2021-04-24 15:22:31,576 INFO  L275        PluginConnector]: RCFGBuilder initialized
[2021-04-24 15:22:31,577 INFO  L185        PluginConnector]: Executing the observer RCFGBuilderObserver from plugin RCFGBuilder for "de.uni_freiburg.informatik.ultimate.plugins.generator.cacsl2boogietranslator AST 24.04 03:22:31" (1/1) ...
[2021-04-24 15:22:31,642 INFO  L138     BoogieDeclarations]: Found implementation of procedure ULTIMATE.init
[2021-04-24 15:22:31,642 INFO  L138     BoogieDeclarations]: Found implementation of procedure ULTIMATE.start
[2021-04-24 15:22:31,643 INFO  L138     BoogieDeclarations]: Found implementation of procedure __VERIFIER_nondet_bool
[2021-04-24 15:22:31,643 INFO  L138     BoogieDeclarations]: Found implementation of procedure main
[2021-04-24 15:22:31,643 INFO  L130     BoogieDeclarations]: Found specification of procedure __VERIFIER_nondet_float
[2021-04-24 15:22:31,643 INFO  L130     BoogieDeclarations]: Found specification of procedure __VERIFIER_nondet_int
[2021-04-24 15:22:31,643 INFO  L130     BoogieDeclarations]: Found specification of procedure __VERIFIER_nondet_bool
[2021-04-24 15:22:31,643 INFO  L130     BoogieDeclarations]: Found specification of procedure main
[2021-04-24 15:22:31,643 INFO  L130     BoogieDeclarations]: Found specification of procedure ULTIMATE.init
[2021-04-24 15:22:31,643 INFO  L130     BoogieDeclarations]: Found specification of procedure ULTIMATE.start
[2021-04-24 15:22:31,799 INFO  L294             CfgBuilder]: Using the 1 location(s) as analysis (start of procedure ULTIMATE.start)
[2021-04-24 15:22:31,800 INFO  L299             CfgBuilder]: Removed 1 assume(true) statements.
[2021-04-24 15:22:31,801 INFO  L202        PluginConnector]: Adding new model de.uni_freiburg.informatik.ultimate.plugins.generator.rcfgbuilder CFG 24.04 03:22:31 BoogieIcfgContainer
[2021-04-24 15:22:31,801 INFO  L132        PluginConnector]: ------------------------ END RCFGBuilder----------------------------
[2021-04-24 15:22:31,802 INFO  L113        PluginConnector]: ------------------------LTL2Aut----------------------------
[2021-04-24 15:22:31,802 INFO  L271        PluginConnector]: Initializing LTL2Aut...
[2021-04-24 15:22:31,804 INFO  L275        PluginConnector]: LTL2Aut initialized
[2021-04-24 15:22:31,805 INFO  L185        PluginConnector]: Executing the observer LTL2autObserver from plugin LTL2Aut for "de.uni_freiburg.informatik.ultimate.plugins.generator.cacsl2boogietranslator AST 24.04 03:22:31" (2/3) ...
No working directory specified, using /usr/bin/ltl2ba
Starting monitored process 1 with ltl2ba -f ! ( ( ( [] ( <> ( a ) ) || ! ( [] ( <> ( b ) ) ) ) || ! ( [] ( <> ( c ) ) ) ) )  (exit command is null, workingDir is null)
[2021-04-24 15:22:31,840 INFO  L125        LTL2autObserver]: LTL Property is: ((G(F((0 != ~p0_l0~0 && 0 != ~p0_l1~0))) || !(G(F((0 != ~p0_l0~0 && !(0 != ~p0_l1~0)))))) || !(G(F((1.0 <= ~_diverge_delta~0)))))
[2021-04-24 15:22:31,841 INFO  L202        PluginConnector]: Adding new model Hardcoded de.uni_freiburg.informatik.ultimate.ltl2aut AST 24.04 03:22:31 NWAContainer
[2021-04-24 15:22:31,841 INFO  L132        PluginConnector]: ------------------------ END LTL2Aut----------------------------
[2021-04-24 15:22:31,842 INFO  L113        PluginConnector]: ------------------------B?chi Program Product----------------------------
[2021-04-24 15:22:31,842 INFO  L271        PluginConnector]: Initializing B?chi Program Product...
[2021-04-24 15:22:31,843 INFO  L275        PluginConnector]: B?chi Program Product initialized
[2021-04-24 15:22:31,844 INFO  L185        PluginConnector]: Executing the observer BuchiProductObserver from plugin B?chi Program Product for "de.uni_freiburg.informatik.ultimate.plugins.generator.rcfgbuilder CFG 24.04 03:22:31" (3/4) ...
[2021-04-24 15:22:31,845 INFO  L205        PluginConnector]: Invalid model from B?chi Program Product for observer de.uni_freiburg.informatik.ultimate.buchiprogramproduct.BuchiProductObserver@3805cdd5 and model type LTL+Program Product de.uni_freiburg.informatik.ultimate.buchiprogramproduct OTHER 24.04 03:22:31, skipping insertion in model container
[2021-04-24 15:22:31,845 INFO  L185        PluginConnector]: Executing the observer BuchiProductObserver from plugin B?chi Program Product for "Hardcoded de.uni_freiburg.informatik.ultimate.ltl2aut AST 24.04 03:22:31" (4/4) ...
[2021-04-24 15:22:31,848 INFO  L104   BuchiProductObserver]: Initial property automaton 4 locations, 10 edges
[2021-04-24 15:22:31,850 INFO  L110   BuchiProductObserver]: Initial RCFG 93 locations, 111 edges
[2021-04-24 15:22:31,850 INFO  L93    BuchiProductObserver]: Beginning generation of product automaton
[2021-04-24 15:22:31,854 INFO  L132       ProductGenerator]: The program has no step specification, so we assume maximum atomicity
[2021-04-24 15:22:32,225 INFO  L97    BuchiProductObserver]: Finished generation of product automaton successfully
[2021-04-24 15:22:32,226 INFO  L110   BuchiProductObserver]: BuchiProgram size 355 locations, 881 edges
[2021-04-24 15:22:32,226 INFO  L202        PluginConnector]: Adding new model LTL+Program Product de.uni_freiburg.informatik.ultimate.buchiprogramproduct OTHER 24.04 03:22:32 BoogieIcfgContainer
[2021-04-24 15:22:32,226 INFO  L132        PluginConnector]: ------------------------ END B?chi Program Product----------------------------
[2021-04-24 15:22:32,227 INFO  L113        PluginConnector]: ------------------------BlockEncodingV2----------------------------
[2021-04-24 15:22:32,227 INFO  L271        PluginConnector]: Initializing BlockEncodingV2...
[2021-04-24 15:22:32,229 INFO  L275        PluginConnector]: BlockEncodingV2 initialized
[2021-04-24 15:22:32,229 INFO  L185        PluginConnector]: Executing the observer BlockEncodingObserver from plugin BlockEncodingV2 for "LTL+Program Product de.uni_freiburg.informatik.ultimate.buchiprogramproduct OTHER 24.04 03:22:32" (1/1) ...
[2021-04-24 15:22:32,253 INFO  L313           BlockEncoder]: Initial Icfg 355 locations, 881 edges
[2021-04-24 15:22:32,254 INFO  L258           BlockEncoder]: Using Remove infeasible edges
[2021-04-24 15:22:32,254 INFO  L263           BlockEncoder]: Using Maximize final states
[2021-04-24 15:22:32,254 INFO  L270           BlockEncoder]: Using Minimize states even if more edges are added than removed.=true
[2021-04-24 15:22:32,255 INFO  L296           BlockEncoder]: Using Remove sink states
[2021-04-24 15:22:32,255 INFO  L171           BlockEncoder]: Using Apply optimizations until nothing changes=true
[2021-04-24 15:22:32,255 INFO  L179           BlockEncoder]: Using Rewrite not-equals
[2021-04-24 15:22:35,078 INFO  L185           BlockEncoder]: Using Use SBE
[2021-04-24 15:22:35,353 WARN  L177   XnfTransformerHelper]: Simplifying disjunction of 8640 conjuctions. This might take some time...
[2021-04-24 15:22:39,734 INFO  L193   XnfTransformerHelper]: Simplified to disjunction of 8640 conjuctions. 
[2021-04-24 15:22:39,755 WARN  L138   XnfTransformerHelper]: expecting exponential blowup for input size 21
[2021-04-24 15:26:40,027 FATAL L?                        ?]: The Plugin de.uni_freiburg.informatik.ultimate.plugins.blockencoding has thrown an exception:
java.lang.OutOfMemoryError: Java heap space
	at java.base/java.util.HashMap.resize(HashMap.java:699)
	at java.base/java.util.HashMap.putVal(HashMap.java:624)
	at java.base/java.util.HashMap.put(HashMap.java:607)
	at java.base/java.util.HashSet.add(HashSet.java:220)
	at java.base/java.util.AbstractCollection.addAll(AbstractCollection.java:352)
	at java.base/java.util.HashSet.<init>(HashSet.java:120)
	at de.uni_freiburg.informatik.ultimate.lib.smtlibutils.normalforms.XnfTransformer$XnfTransformerHelper$ResultInnerJunctions.processOneOuterJunction(XnfTransformer.java:272)
	at de.uni_freiburg.informatik.ultimate.lib.smtlibutils.normalforms.XnfTransformer$XnfTransformerHelper.applyDistributivityAndOr(XnfTransformer.java:150)
	at de.uni_freiburg.informatik.ultimate.lib.smtlibutils.normalforms.XnfTransformer$XnfTransformerHelper.convertApplicationTerm(XnfTransformer.java:99)
	at de.uni_freiburg.informatik.ultimate.logic.TermTransformer$BuildApplicationTerm.walk(TermTransformer.java:339)
	at de.uni_freiburg.informatik.ultimate.logic.NonRecursive.run(NonRecursive.java:115)
	at de.uni_freiburg.informatik.ultimate.logic.NonRecursive.run(NonRecursive.java:106)
	at de.uni_freiburg.informatik.ultimate.logic.TermTransformer.transform(TermTransformer.java:272)
	at de.uni_freiburg.informatik.ultimate.lib.smtlibutils.normalforms.NnfTransformer.transform(NnfTransformer.java:137)
	at de.uni_freiburg.informatik.ultimate.plugins.blockencoding.encoding.SmallBlockEncoder.processLocation(SmallBlockEncoder.java:139)
	at de.uni_freiburg.informatik.ultimate.plugins.blockencoding.encoding.SmallBlockEncoder.createResult(SmallBlockEncoder.java:113)
	at de.uni_freiburg.informatik.ultimate.plugins.blockencoding.encoding.BaseBlockEncoder.getResult(BaseBlockEncoder.java:80)
	at de.uni_freiburg.informatik.ultimate.plugins.blockencoding.BlockEncoder.processIcfg(BlockEncoder.java:189)
	at de.uni_freiburg.informatik.ultimate.plugins.blockencoding.BlockEncoder.<init>(BlockEncoder.java:114)
	at de.uni_freiburg.informatik.ultimate.plugins.blockencoding.BlockEncodingObserver.process(BlockEncodingObserver.java:99)
	at de.uni_freiburg.informatik.ultimate.core.coreplugin.modelwalker.DFSTreeWalker.runObserver(DFSTreeWalker.java:65)
	at de.uni_freiburg.informatik.ultimate.core.coreplugin.modelwalker.BaseWalker.runObserver(BaseWalker.java:93)
	at de.uni_freiburg.informatik.ultimate.core.coreplugin.modelwalker.BaseWalker.run(BaseWalker.java:86)
	at de.uni_freiburg.informatik.ultimate.core.coreplugin.PluginConnector.runObserver(PluginConnector.java:167)
	at de.uni_freiburg.informatik.ultimate.core.coreplugin.PluginConnector.runTool(PluginConnector.java:151)
	at de.uni_freiburg.informatik.ultimate.core.coreplugin.PluginConnector.run(PluginConnector.java:128)
	at de.uni_freiburg.informatik.ultimate.core.coreplugin.ToolchainWalker.executePluginConnector(ToolchainWalker.java:232)
	at de.uni_freiburg.informatik.ultimate.core.coreplugin.ToolchainWalker.processPlugin(ToolchainWalker.java:226)
	at de.uni_freiburg.informatik.ultimate.core.coreplugin.ToolchainWalker.walkUnprotected(ToolchainWalker.java:142)
	at de.uni_freiburg.informatik.ultimate.core.coreplugin.ToolchainWalker.walk(ToolchainWalker.java:104)
	at de.uni_freiburg.informatik.ultimate.core.coreplugin.ToolchainManager$Toolchain.processToolchain(ToolchainManager.java:320)
	at de.uni_freiburg.informatik.ultimate.core.coreplugin.toolchain.DefaultToolchainJob.run(DefaultToolchainJob.java:145)
[2021-04-24 15:26:40,031 INFO  L168              Benchmark]: Toolchain (without parser) took 248740.45 ms. Allocated memory was 541.1 MB in the beginning and 536.9 MB in the end (delta: -4.2 MB). Free memory was 487.2 MB in the beginning and 473.1 MB in the end (delta: 14.1 MB). Peak memory consumption was 14.3 GB. Max. memory is 12.9 GB.
[2021-04-24 15:26:40,032 INFO  L168              Benchmark]: CDTParser took 0.15 ms. Allocated memory is still 541.1 MB. Free memory is still 506.2 MB. There was no memory consumed. Max. memory is 12.9 GB.
[2021-04-24 15:26:40,032 INFO  L168              Benchmark]: CACSL2BoogieTranslator took 234.80 ms. Allocated memory is still 541.1 MB. Free memory was 486.8 MB in the beginning and 513.7 MB in the end (delta: -26.9 MB). Peak memory consumption was 18.1 MB. Max. memory is 12.9 GB.
[2021-04-24 15:26:40,033 INFO  L168              Benchmark]: Boogie Preprocessor took 47.68 ms. Allocated memory is still 541.1 MB. Free memory was 513.7 MB in the beginning and 511.8 MB in the end (delta: 1.9 MB). Peak memory consumption was 2.1 MB. Max. memory is 12.9 GB.
[2021-04-24 15:26:40,034 INFO  L168              Benchmark]: RCFGBuilder took 224.82 ms. Allocated memory is still 541.1 MB. Free memory was 511.8 MB in the beginning and 498.2 MB in the end (delta: 13.6 MB). Peak memory consumption was 12.6 MB. Max. memory is 12.9 GB.
[2021-04-24 15:26:40,034 INFO  L168              Benchmark]: LTL2Aut took 38.93 ms. Allocated memory is still 541.1 MB. Free memory was 498.2 MB in the beginning and 494.8 MB in the end (delta: 3.4 MB). Peak memory consumption was 4.2 MB. Max. memory is 12.9 GB.
[2021-04-24 15:26:40,035 INFO  L168              Benchmark]: B?chi Program Product took 384.89 ms. Allocated memory is still 541.1 MB. Free memory was 494.8 MB in the beginning and 421.5 MB in the end (delta: 73.3 MB). Peak memory consumption was 73.4 MB. Max. memory is 12.9 GB.
[2021-04-24 15:26:40,035 INFO  L168              Benchmark]: BlockEncodingV2 took 247802.20 ms. Allocated memory was 541.1 MB in the beginning and 536.9 MB in the end (delta: -4.2 MB). Free memory was 421.5 MB in the beginning and 473.1 MB in the end (delta: -51.6 MB). Peak memory consumption was 14.2 GB. Max. memory is 12.9 GB.
[2021-04-24 15:26:40,038 INFO  L339   ainManager$Toolchain]: #######################  End [Toolchain 1] #######################
 --- Results ---
 * Results from de.uni_freiburg.informatik.ultimate.plugins.blockencoding:
  - StatisticsResult: Initial Icfg
    355 locations, 881 edges
  - ExceptionOrErrorResult: OutOfMemoryError: Java heap space
    de.uni_freiburg.informatik.ultimate.plugins.blockencoding: OutOfMemoryError: Java heap space: java.base/java.util.HashMap.resize(HashMap.java:699)
 * Results from de.uni_freiburg.informatik.ultimate.core:
  - StatisticsResult: Toolchain Benchmarks
    Benchmark results are:
 * CDTParser took 0.15 ms. Allocated memory is still 541.1 MB. Free memory is still 506.2 MB. There was no memory consumed. Max. memory is 12.9 GB.
 * CACSL2BoogieTranslator took 234.80 ms. Allocated memory is still 541.1 MB. Free memory was 486.8 MB in the beginning and 513.7 MB in the end (delta: -26.9 MB). Peak memory consumption was 18.1 MB. Max. memory is 12.9 GB.
 * Boogie Preprocessor took 47.68 ms. Allocated memory is still 541.1 MB. Free memory was 513.7 MB in the beginning and 511.8 MB in the end (delta: 1.9 MB). Peak memory consumption was 2.1 MB. Max. memory is 12.9 GB.
 * RCFGBuilder took 224.82 ms. Allocated memory is still 541.1 MB. Free memory was 511.8 MB in the beginning and 498.2 MB in the end (delta: 13.6 MB). Peak memory consumption was 12.6 MB. Max. memory is 12.9 GB.
 * LTL2Aut took 38.93 ms. Allocated memory is still 541.1 MB. Free memory was 498.2 MB in the beginning and 494.8 MB in the end (delta: 3.4 MB). Peak memory consumption was 4.2 MB. Max. memory is 12.9 GB.
 * B?chi Program Product took 384.89 ms. Allocated memory is still 541.1 MB. Free memory was 494.8 MB in the beginning and 421.5 MB in the end (delta: 73.3 MB). Peak memory consumption was 73.4 MB. Max. memory is 12.9 GB.
 * BlockEncodingV2 took 247802.20 ms. Allocated memory was 541.1 MB in the beginning and 536.9 MB in the end (delta: -4.2 MB). Free memory was 421.5 MB in the beginning and 473.1 MB in the end (delta: -51.6 MB). Peak memory consumption was 14.2 GB. Max. memory is 12.9 GB.
 * Results from de.uni_freiburg.informatik.ultimate.buchiprogramproduct:
  - StatisticsResult: Initial property automaton
    4 locations, 10 edges
  - StatisticsResult: Initial RCFG
    93 locations, 111 edges
  - StatisticsResult: BuchiProgram size
    355 locations, 881 edges
RESULT: Ultimate could not prove your program: Toolchain returned no result.
Received shutdown request...
