Creating empty 100MiB image file: /home/magnago/overlay/csma_0009.c.ext3
Formatting image with ext3 file system
Image is done: /home/magnago/overlay/csma_0009.c.ext3
This is Ultimate 0.2.1-origin.dev-f91880a
[2021-04-24 14:37:14,743 INFO  L177        SettingsManager]: Resetting all preferences to default values...
[2021-04-24 14:37:14,746 INFO  L181        SettingsManager]: Resetting UltimateCore preferences to default values
[2021-04-24 14:37:14,791 INFO  L184        SettingsManager]: Ultimate Commandline Interface provides no preferences, ignoring...
[2021-04-24 14:37:14,791 INFO  L181        SettingsManager]: Resetting Boogie Preprocessor preferences to default values
[2021-04-24 14:37:14,793 INFO  L181        SettingsManager]: Resetting Boogie Procedure Inliner preferences to default values
[2021-04-24 14:37:14,794 INFO  L181        SettingsManager]: Resetting Abstract Interpretation preferences to default values
[2021-04-24 14:37:14,795 INFO  L181        SettingsManager]: Resetting LassoRanker preferences to default values
[2021-04-24 14:37:14,797 INFO  L181        SettingsManager]: Resetting Reaching Definitions preferences to default values
[2021-04-24 14:37:14,797 INFO  L181        SettingsManager]: Resetting SyntaxChecker preferences to default values
[2021-04-24 14:37:14,798 INFO  L181        SettingsManager]: Resetting Sifa preferences to default values
[2021-04-24 14:37:14,799 INFO  L184        SettingsManager]: B?chi Program Product provides no preferences, ignoring...
[2021-04-24 14:37:14,800 INFO  L181        SettingsManager]: Resetting LTL2Aut preferences to default values
[2021-04-24 14:37:14,801 INFO  L181        SettingsManager]: Resetting PEA to Boogie preferences to default values
[2021-04-24 14:37:14,802 INFO  L181        SettingsManager]: Resetting BlockEncodingV2 preferences to default values
[2021-04-24 14:37:14,803 INFO  L181        SettingsManager]: Resetting ChcToBoogie preferences to default values
[2021-04-24 14:37:14,803 INFO  L181        SettingsManager]: Resetting AutomataScriptInterpreter preferences to default values
[2021-04-24 14:37:14,804 INFO  L181        SettingsManager]: Resetting BuchiAutomizer preferences to default values
[2021-04-24 14:37:14,806 INFO  L181        SettingsManager]: Resetting CACSL2BoogieTranslator preferences to default values
[2021-04-24 14:37:14,807 INFO  L181        SettingsManager]: Resetting CodeCheck preferences to default values
[2021-04-24 14:37:14,809 INFO  L181        SettingsManager]: Resetting InvariantSynthesis preferences to default values
[2021-04-24 14:37:14,810 INFO  L181        SettingsManager]: Resetting RCFGBuilder preferences to default values
[2021-04-24 14:37:14,811 INFO  L181        SettingsManager]: Resetting Referee preferences to default values
[2021-04-24 14:37:14,812 INFO  L181        SettingsManager]: Resetting TraceAbstraction preferences to default values
[2021-04-24 14:37:14,814 INFO  L184        SettingsManager]: TraceAbstractionConcurrent provides no preferences, ignoring...
[2021-04-24 14:37:14,814 INFO  L184        SettingsManager]: TraceAbstractionWithAFAs provides no preferences, ignoring...
[2021-04-24 14:37:14,814 INFO  L181        SettingsManager]: Resetting TreeAutomizer preferences to default values
[2021-04-24 14:37:14,815 INFO  L181        SettingsManager]: Resetting IcfgToChc preferences to default values
[2021-04-24 14:37:14,816 INFO  L181        SettingsManager]: Resetting IcfgTransformer preferences to default values
[2021-04-24 14:37:14,817 INFO  L184        SettingsManager]: ReqToTest provides no preferences, ignoring...
[2021-04-24 14:37:14,817 INFO  L181        SettingsManager]: Resetting Boogie Printer preferences to default values
[2021-04-24 14:37:14,817 INFO  L181        SettingsManager]: Resetting ChcSmtPrinter preferences to default values
[2021-04-24 14:37:14,818 INFO  L181        SettingsManager]: Resetting ReqPrinter preferences to default values
[2021-04-24 14:37:14,819 INFO  L181        SettingsManager]: Resetting Witness Printer preferences to default values
[2021-04-24 14:37:14,820 INFO  L184        SettingsManager]: Boogie PL CUP Parser provides no preferences, ignoring...
[2021-04-24 14:37:14,820 INFO  L181        SettingsManager]: Resetting CDTParser preferences to default values
[2021-04-24 14:37:14,821 INFO  L184        SettingsManager]: AutomataScriptParser provides no preferences, ignoring...
[2021-04-24 14:37:14,821 INFO  L184        SettingsManager]: ReqParser provides no preferences, ignoring...
[2021-04-24 14:37:14,821 INFO  L181        SettingsManager]: Resetting SmtParser preferences to default values
[2021-04-24 14:37:14,822 INFO  L181        SettingsManager]: Resetting Witness Parser preferences to default values
[2021-04-24 14:37:14,822 INFO  L188        SettingsManager]: Finished resetting all preferences to default values...
[2021-04-24 14:37:14,823 INFO  L101        SettingsManager]: Beginning loading settings from /home/singularity/UAutomizer-linux/config/svcomp-LTL-64bit-Automizer_Default.epf
[2021-04-24 14:37:14,842 INFO  L113        SettingsManager]: Loading preferences was successful
[2021-04-24 14:37:14,843 INFO  L115        SettingsManager]: Preferences different from defaults after loading the file:
[2021-04-24 14:37:14,844 INFO  L136        SettingsManager]: Preferences of BlockEncodingV2 differ from their defaults:
[2021-04-24 14:37:14,844 INFO  L138        SettingsManager]:  * Minimize states even if more edges are added than removed.=true
[2021-04-24 14:37:14,844 INFO  L138        SettingsManager]:  * Rewrite not-equals=true
[2021-04-24 14:37:14,844 INFO  L138        SettingsManager]:  * Create parallel compositions if possible=false
[2021-04-24 14:37:14,845 INFO  L138        SettingsManager]:  * Minimize states using LBE with the strategy=NONE
[2021-04-24 14:37:14,845 INFO  L138        SettingsManager]:  * Use SBE=true
[2021-04-24 14:37:14,845 INFO  L136        SettingsManager]: Preferences of BuchiAutomizer differ from their defaults:
[2021-04-24 14:37:14,845 INFO  L138        SettingsManager]:  * Compute Interpolants along a Counterexample=Craig_TreeInterpolation
[2021-04-24 14:37:14,845 INFO  L138        SettingsManager]:  * Use old map elimination=false
[2021-04-24 14:37:14,845 INFO  L138        SettingsManager]:  * Try twofold refinement=false
[2021-04-24 14:37:14,845 INFO  L136        SettingsManager]: Preferences of CACSL2BoogieTranslator differ from their defaults:
[2021-04-24 14:37:14,846 INFO  L138        SettingsManager]:  * Check unreachability of error function in SV-COMP mode=false
[2021-04-24 14:37:14,846 INFO  L138        SettingsManager]:  * Overapproximate operations on floating types=true
[2021-04-24 14:37:14,846 INFO  L138        SettingsManager]:  * Check division by zero=IGNORE
[2021-04-24 14:37:14,846 INFO  L138        SettingsManager]:  * Pointer to allocated memory at dereference=ASSUME
[2021-04-24 14:37:14,846 INFO  L138        SettingsManager]:  * If two pointers are subtracted or compared they have the same base address=ASSUME
[2021-04-24 14:37:14,846 INFO  L138        SettingsManager]:  * Check array bounds for arrays that are off heap=ASSUME
[2021-04-24 14:37:14,847 INFO  L138        SettingsManager]:  * Check if freed pointer was valid=false
[2021-04-24 14:37:14,847 INFO  L138        SettingsManager]:  * Use constant arrays=true
[2021-04-24 14:37:14,847 INFO  L138        SettingsManager]:  * Pointer base address is valid at dereference=ASSUME
[2021-04-24 14:37:14,847 INFO  L136        SettingsManager]: Preferences of RCFGBuilder differ from their defaults:
[2021-04-24 14:37:14,847 INFO  L138        SettingsManager]:  * Size of a code block=SingleStatement
[2021-04-24 14:37:14,847 INFO  L138        SettingsManager]:  * SMT solver=Internal_SMTInterpol
Applying setting for plugin de.uni_freiburg.informatik.ultimate.plugins.generator.cacsl2boogietranslator: Overapproximate operations on floating types -> false
Applying setting for plugin de.uni_freiburg.informatik.ultimate.plugins.generator.cacsl2boogietranslator: Assume nondeterminstic values are in range -> false
[2021-04-24 14:37:15,044 INFO  L75    nceAwareModelManager]: Repository-Root is: /tmp
[2021-04-24 14:37:15,071 INFO  L261   ainManager$Toolchain]: [Toolchain 1]: Applicable parser(s) successfully (re)initialized
[2021-04-24 14:37:15,073 INFO  L217   ainManager$Toolchain]: [Toolchain 1]: Toolchain selected.
[2021-04-24 14:37:15,074 INFO  L271        PluginConnector]: Initializing CDTParser...
[2021-04-24 14:37:15,075 INFO  L275        PluginConnector]: CDTParser initialized
[2021-04-24 14:37:15,076 INFO  L432   ainManager$Toolchain]: [Toolchain 1]: Parsing single file: /home/magnago/benchmarks/ltl_timed_automata/csma-cd/ultimate/csma_0009.c
[2021-04-24 14:37:15,134 INFO  L220              CDTParser]: Created temporary CDT project at /home/singularity/7e9b3d2bb1f942a88256e62e11ba936e/FLAG5ce30eeb5
[2021-04-24 14:37:15,539 INFO  L306              CDTParser]: Found 1 translation units.
[2021-04-24 14:37:15,539 INFO  L160              CDTParser]: Scanning /home/magnago/benchmarks/ltl_timed_automata/csma-cd/ultimate/csma_0009.c
[2021-04-24 14:37:15,569 INFO  L349              CDTParser]: About to delete temporary CDT project at /home/singularity/7e9b3d2bb1f942a88256e62e11ba936e/FLAG5ce30eeb5
[2021-04-24 14:37:15,874 INFO  L357              CDTParser]: Successfully deleted /home/singularity/7e9b3d2bb1f942a88256e62e11ba936e
[2021-04-24 14:37:15,876 INFO  L299   ainManager$Toolchain]: ####################### [Toolchain 1] #######################
[2021-04-24 14:37:15,879 INFO  L131        ToolchainWalker]: Walking toolchain with 7 elements.
[2021-04-24 14:37:15,880 INFO  L113        PluginConnector]: ------------------------CACSL2BoogieTranslator----------------------------
[2021-04-24 14:37:15,880 INFO  L271        PluginConnector]: Initializing CACSL2BoogieTranslator...
[2021-04-24 14:37:15,883 INFO  L275        PluginConnector]: CACSL2BoogieTranslator initialized
[2021-04-24 14:37:15,883 INFO  L185        PluginConnector]: Executing the observer ACSLObjectContainerObserver from plugin CACSL2BoogieTranslator for "CDTParser AST 24.04 02:37:15" (1/1) ...
[2021-04-24 14:37:15,884 INFO  L205        PluginConnector]: Invalid model from CACSL2BoogieTranslator for observer de.uni_freiburg.informatik.ultimate.plugins.generator.cacsl2boogietranslator.ACSLObjectContainerObserver@75358b9 and model type de.uni_freiburg.informatik.ultimate.plugins.generator.cacsl2boogietranslator AST 24.04 02:37:15, skipping insertion in model container
[2021-04-24 14:37:15,884 INFO  L185        PluginConnector]: Executing the observer CACSL2BoogieTranslatorObserver from plugin CACSL2BoogieTranslator for "CDTParser AST 24.04 02:37:15" (1/1) ...
[2021-04-24 14:37:15,891 INFO  L145         MainTranslator]: Starting translation in SV-COMP mode 
[2021-04-24 14:37:15,943 INFO  L178         MainTranslator]: Built tables and reachable declarations
[2021-04-24 14:37:16,317 INFO  L206          PostProcessor]: Analyzing one entry point: main
[2021-04-24 14:37:16,322 INFO  L203         MainTranslator]: Completed pre-run
[2021-04-24 14:37:16,461 INFO  L206          PostProcessor]: Analyzing one entry point: main
[2021-04-24 14:37:16,475 INFO  L208         MainTranslator]: Completed translation
[2021-04-24 14:37:16,475 INFO  L202        PluginConnector]: Adding new model de.uni_freiburg.informatik.ultimate.plugins.generator.cacsl2boogietranslator AST 24.04 02:37:16 WrapperNode
[2021-04-24 14:37:16,475 INFO  L132        PluginConnector]: ------------------------ END CACSL2BoogieTranslator----------------------------
[2021-04-24 14:37:16,476 INFO  L113        PluginConnector]: ------------------------Boogie Preprocessor----------------------------
[2021-04-24 14:37:16,476 INFO  L271        PluginConnector]: Initializing Boogie Preprocessor...
[2021-04-24 14:37:16,477 INFO  L275        PluginConnector]: Boogie Preprocessor initialized
[2021-04-24 14:37:16,485 INFO  L185        PluginConnector]: Executing the observer EnsureBoogieModelObserver from plugin Boogie Preprocessor for "de.uni_freiburg.informatik.ultimate.plugins.generator.cacsl2boogietranslator AST 24.04 02:37:16" (1/1) ...
[2021-04-24 14:37:16,485 INFO  L185        PluginConnector]: Executing the observer TypeChecker from plugin Boogie Preprocessor for "de.uni_freiburg.informatik.ultimate.plugins.generator.cacsl2boogietranslator AST 24.04 02:37:16" (1/1) ...
[2021-04-24 14:37:16,501 INFO  L185        PluginConnector]: Executing the observer ConstExpander from plugin Boogie Preprocessor for "de.uni_freiburg.informatik.ultimate.plugins.generator.cacsl2boogietranslator AST 24.04 02:37:16" (1/1) ...
[2021-04-24 14:37:16,501 INFO  L185        PluginConnector]: Executing the observer StructExpander from plugin Boogie Preprocessor for "de.uni_freiburg.informatik.ultimate.plugins.generator.cacsl2boogietranslator AST 24.04 02:37:16" (1/1) ...
[2021-04-24 14:37:16,529 INFO  L185        PluginConnector]: Executing the observer UnstructureCode from plugin Boogie Preprocessor for "de.uni_freiburg.informatik.ultimate.plugins.generator.cacsl2boogietranslator AST 24.04 02:37:16" (1/1) ...
[2021-04-24 14:37:16,532 INFO  L185        PluginConnector]: Executing the observer FunctionInliner from plugin Boogie Preprocessor for "de.uni_freiburg.informatik.ultimate.plugins.generator.cacsl2boogietranslator AST 24.04 02:37:16" (1/1) ...
[2021-04-24 14:37:16,539 INFO  L185        PluginConnector]: Executing the observer BoogieSymbolTableConstructor from plugin Boogie Preprocessor for "de.uni_freiburg.informatik.ultimate.plugins.generator.cacsl2boogietranslator AST 24.04 02:37:16" (1/1) ...
[2021-04-24 14:37:16,546 INFO  L132        PluginConnector]: ------------------------ END Boogie Preprocessor----------------------------
[2021-04-24 14:37:16,547 INFO  L113        PluginConnector]: ------------------------RCFGBuilder----------------------------
[2021-04-24 14:37:16,547 INFO  L271        PluginConnector]: Initializing RCFGBuilder...
[2021-04-24 14:37:16,547 INFO  L275        PluginConnector]: RCFGBuilder initialized
[2021-04-24 14:37:16,547 INFO  L185        PluginConnector]: Executing the observer RCFGBuilderObserver from plugin RCFGBuilder for "de.uni_freiburg.informatik.ultimate.plugins.generator.cacsl2boogietranslator AST 24.04 02:37:16" (1/1) ...
[2021-04-24 14:37:16,603 INFO  L138     BoogieDeclarations]: Found implementation of procedure ULTIMATE.init
[2021-04-24 14:37:16,603 INFO  L138     BoogieDeclarations]: Found implementation of procedure ULTIMATE.start
[2021-04-24 14:37:16,603 INFO  L138     BoogieDeclarations]: Found implementation of procedure __VERIFIER_nondet_bool
[2021-04-24 14:37:16,603 INFO  L138     BoogieDeclarations]: Found implementation of procedure main
[2021-04-24 14:37:16,603 INFO  L130     BoogieDeclarations]: Found specification of procedure __VERIFIER_nondet_float
[2021-04-24 14:37:16,603 INFO  L130     BoogieDeclarations]: Found specification of procedure __VERIFIER_nondet_int
[2021-04-24 14:37:16,604 INFO  L130     BoogieDeclarations]: Found specification of procedure __VERIFIER_nondet_bool
[2021-04-24 14:37:16,604 INFO  L130     BoogieDeclarations]: Found specification of procedure main
[2021-04-24 14:37:16,604 INFO  L130     BoogieDeclarations]: Found specification of procedure ULTIMATE.init
[2021-04-24 14:37:16,604 INFO  L130     BoogieDeclarations]: Found specification of procedure ULTIMATE.start
[2021-04-24 14:37:16,992 INFO  L294             CfgBuilder]: Using the 1 location(s) as analysis (start of procedure ULTIMATE.start)
[2021-04-24 14:37:16,992 INFO  L299             CfgBuilder]: Removed 1 assume(true) statements.
[2021-04-24 14:37:16,994 INFO  L202        PluginConnector]: Adding new model de.uni_freiburg.informatik.ultimate.plugins.generator.rcfgbuilder CFG 24.04 02:37:16 BoogieIcfgContainer
[2021-04-24 14:37:16,994 INFO  L132        PluginConnector]: ------------------------ END RCFGBuilder----------------------------
[2021-04-24 14:37:16,995 INFO  L113        PluginConnector]: ------------------------LTL2Aut----------------------------
[2021-04-24 14:37:16,995 INFO  L271        PluginConnector]: Initializing LTL2Aut...
[2021-04-24 14:37:16,996 INFO  L275        PluginConnector]: LTL2Aut initialized
[2021-04-24 14:37:16,997 INFO  L185        PluginConnector]: Executing the observer LTL2autObserver from plugin LTL2Aut for "de.uni_freiburg.informatik.ultimate.plugins.generator.cacsl2boogietranslator AST 24.04 02:37:16" (2/3) ...
No working directory specified, using /usr/bin/ltl2ba
Starting monitored process 1 with ltl2ba -f ! ( ( [] ( ( a || <> ( b ) ) ) || ! ( [] ( <> ( c ) ) ) ) )  (exit command is null, workingDir is null)
[2021-04-24 14:37:17,033 INFO  L125        LTL2autObserver]: LTL Property is: (G(((!(0 != ~s0_l1~0 && !(0 != ~s0_l0~0))) || F((!(0 != ~s0_l0~0) && !(0 != ~s0_l1~0))))) || !(G(F((1.0 <= ~_diverge_delta~0)))))
[2021-04-24 14:37:17,034 INFO  L202        PluginConnector]: Adding new model Hardcoded de.uni_freiburg.informatik.ultimate.ltl2aut AST 24.04 02:37:17 NWAContainer
[2021-04-24 14:37:17,034 INFO  L132        PluginConnector]: ------------------------ END LTL2Aut----------------------------
[2021-04-24 14:37:17,035 INFO  L113        PluginConnector]: ------------------------B?chi Program Product----------------------------
[2021-04-24 14:37:17,035 INFO  L271        PluginConnector]: Initializing B?chi Program Product...
[2021-04-24 14:37:17,036 INFO  L275        PluginConnector]: B?chi Program Product initialized
[2021-04-24 14:37:17,036 INFO  L185        PluginConnector]: Executing the observer BuchiProductObserver from plugin B?chi Program Product for "de.uni_freiburg.informatik.ultimate.plugins.generator.rcfgbuilder CFG 24.04 02:37:16" (3/4) ...
[2021-04-24 14:37:17,037 INFO  L205        PluginConnector]: Invalid model from B?chi Program Product for observer de.uni_freiburg.informatik.ultimate.buchiprogramproduct.BuchiProductObserver@2b491922 and model type LTL+Program Product de.uni_freiburg.informatik.ultimate.buchiprogramproduct OTHER 24.04 02:37:17, skipping insertion in model container
[2021-04-24 14:37:17,037 INFO  L185        PluginConnector]: Executing the observer BuchiProductObserver from plugin B?chi Program Product for "Hardcoded de.uni_freiburg.informatik.ultimate.ltl2aut AST 24.04 02:37:17" (4/4) ...
[2021-04-24 14:37:17,039 INFO  L104   BuchiProductObserver]: Initial property automaton 3 locations, 6 edges
[2021-04-24 14:37:17,040 INFO  L110   BuchiProductObserver]: Initial RCFG 563 locations, 765 edges
[2021-04-24 14:37:17,041 INFO  L93    BuchiProductObserver]: Beginning generation of product automaton
[2021-04-24 14:37:17,046 INFO  L132       ProductGenerator]: The program has no step specification, so we assume maximum atomicity
[2021-04-24 14:37:18,023 INFO  L97    BuchiProductObserver]: Finished generation of product automaton successfully
[2021-04-24 14:37:18,027 INFO  L110   BuchiProductObserver]: BuchiProgram size 2018 locations, 4206 edges
[2021-04-24 14:37:18,027 INFO  L202        PluginConnector]: Adding new model LTL+Program Product de.uni_freiburg.informatik.ultimate.buchiprogramproduct OTHER 24.04 02:37:18 BoogieIcfgContainer
[2021-04-24 14:37:18,027 INFO  L132        PluginConnector]: ------------------------ END B?chi Program Product----------------------------
[2021-04-24 14:37:18,028 INFO  L113        PluginConnector]: ------------------------BlockEncodingV2----------------------------
[2021-04-24 14:37:18,028 INFO  L271        PluginConnector]: Initializing BlockEncodingV2...
[2021-04-24 14:37:18,029 INFO  L275        PluginConnector]: BlockEncodingV2 initialized
[2021-04-24 14:37:18,030 INFO  L185        PluginConnector]: Executing the observer BlockEncodingObserver from plugin BlockEncodingV2 for "LTL+Program Product de.uni_freiburg.informatik.ultimate.buchiprogramproduct OTHER 24.04 02:37:18" (1/1) ...
[2021-04-24 14:37:18,102 WARN  L208         IcfgDuplicator]: Creating raw copy for unreachable call because return is reachable in graph view: call #t~ret1 := __VERIFIER_nondet_bool();
[2021-04-24 14:37:18,103 WARN  L208         IcfgDuplicator]: Creating raw copy for unreachable call because return is reachable in graph view: call #t~ret1 := __VERIFIER_nondet_bool();
[2021-04-24 14:37:18,114 INFO  L313           BlockEncoder]: Initial Icfg 2018 locations, 4206 edges
[2021-04-24 14:37:18,115 INFO  L258           BlockEncoder]: Using Remove infeasible edges
[2021-04-24 14:37:18,115 INFO  L263           BlockEncoder]: Using Maximize final states
[2021-04-24 14:37:18,115 INFO  L270           BlockEncoder]: Using Minimize states even if more edges are added than removed.=true
[2021-04-24 14:37:18,116 INFO  L296           BlockEncoder]: Using Remove sink states
[2021-04-24 14:37:18,116 INFO  L171           BlockEncoder]: Using Apply optimizations until nothing changes=true
[2021-04-24 14:37:18,116 INFO  L179           BlockEncoder]: Using Rewrite not-equals
Received shutdown request...
