Creating empty 100MiB image file: /home/magnago/overlay/csma_0016.c.ext3
Formatting image with ext3 file system
Image is done: /home/magnago/overlay/csma_0016.c.ext3
This is Ultimate 0.2.1-origin.dev-f91880a
[2021-04-24 14:43:37,592 INFO  L177        SettingsManager]: Resetting all preferences to default values...
[2021-04-24 14:43:37,594 INFO  L181        SettingsManager]: Resetting UltimateCore preferences to default values
[2021-04-24 14:43:37,639 INFO  L184        SettingsManager]: Ultimate Commandline Interface provides no preferences, ignoring...
[2021-04-24 14:43:37,640 INFO  L181        SettingsManager]: Resetting Boogie Preprocessor preferences to default values
[2021-04-24 14:43:37,641 INFO  L181        SettingsManager]: Resetting Boogie Procedure Inliner preferences to default values
[2021-04-24 14:43:37,642 INFO  L181        SettingsManager]: Resetting Abstract Interpretation preferences to default values
[2021-04-24 14:43:37,643 INFO  L181        SettingsManager]: Resetting LassoRanker preferences to default values
[2021-04-24 14:43:37,645 INFO  L181        SettingsManager]: Resetting Reaching Definitions preferences to default values
[2021-04-24 14:43:37,646 INFO  L181        SettingsManager]: Resetting SyntaxChecker preferences to default values
[2021-04-24 14:43:37,646 INFO  L181        SettingsManager]: Resetting Sifa preferences to default values
[2021-04-24 14:43:37,647 INFO  L184        SettingsManager]: B?chi Program Product provides no preferences, ignoring...
[2021-04-24 14:43:37,648 INFO  L181        SettingsManager]: Resetting LTL2Aut preferences to default values
[2021-04-24 14:43:37,649 INFO  L181        SettingsManager]: Resetting PEA to Boogie preferences to default values
[2021-04-24 14:43:37,650 INFO  L181        SettingsManager]: Resetting BlockEncodingV2 preferences to default values
[2021-04-24 14:43:37,651 INFO  L181        SettingsManager]: Resetting ChcToBoogie preferences to default values
[2021-04-24 14:43:37,651 INFO  L181        SettingsManager]: Resetting AutomataScriptInterpreter preferences to default values
[2021-04-24 14:43:37,652 INFO  L181        SettingsManager]: Resetting BuchiAutomizer preferences to default values
[2021-04-24 14:43:37,654 INFO  L181        SettingsManager]: Resetting CACSL2BoogieTranslator preferences to default values
[2021-04-24 14:43:37,655 INFO  L181        SettingsManager]: Resetting CodeCheck preferences to default values
[2021-04-24 14:43:37,657 INFO  L181        SettingsManager]: Resetting InvariantSynthesis preferences to default values
[2021-04-24 14:43:37,658 INFO  L181        SettingsManager]: Resetting RCFGBuilder preferences to default values
[2021-04-24 14:43:37,659 INFO  L181        SettingsManager]: Resetting Referee preferences to default values
[2021-04-24 14:43:37,660 INFO  L181        SettingsManager]: Resetting TraceAbstraction preferences to default values
[2021-04-24 14:43:37,662 INFO  L184        SettingsManager]: TraceAbstractionConcurrent provides no preferences, ignoring...
[2021-04-24 14:43:37,662 INFO  L184        SettingsManager]: TraceAbstractionWithAFAs provides no preferences, ignoring...
[2021-04-24 14:43:37,663 INFO  L181        SettingsManager]: Resetting TreeAutomizer preferences to default values
[2021-04-24 14:43:37,663 INFO  L181        SettingsManager]: Resetting IcfgToChc preferences to default values
[2021-04-24 14:43:37,664 INFO  L181        SettingsManager]: Resetting IcfgTransformer preferences to default values
[2021-04-24 14:43:37,664 INFO  L184        SettingsManager]: ReqToTest provides no preferences, ignoring...
[2021-04-24 14:43:37,665 INFO  L181        SettingsManager]: Resetting Boogie Printer preferences to default values
[2021-04-24 14:43:37,665 INFO  L181        SettingsManager]: Resetting ChcSmtPrinter preferences to default values
[2021-04-24 14:43:37,666 INFO  L181        SettingsManager]: Resetting ReqPrinter preferences to default values
[2021-04-24 14:43:37,666 INFO  L181        SettingsManager]: Resetting Witness Printer preferences to default values
[2021-04-24 14:43:37,667 INFO  L184        SettingsManager]: Boogie PL CUP Parser provides no preferences, ignoring...
[2021-04-24 14:43:37,667 INFO  L181        SettingsManager]: Resetting CDTParser preferences to default values
[2021-04-24 14:43:37,668 INFO  L184        SettingsManager]: AutomataScriptParser provides no preferences, ignoring...
[2021-04-24 14:43:37,668 INFO  L184        SettingsManager]: ReqParser provides no preferences, ignoring...
[2021-04-24 14:43:37,668 INFO  L181        SettingsManager]: Resetting SmtParser preferences to default values
[2021-04-24 14:43:37,669 INFO  L181        SettingsManager]: Resetting Witness Parser preferences to default values
[2021-04-24 14:43:37,669 INFO  L188        SettingsManager]: Finished resetting all preferences to default values...
[2021-04-24 14:43:37,670 INFO  L101        SettingsManager]: Beginning loading settings from /home/singularity/UAutomizer-linux/config/svcomp-LTL-64bit-Automizer_Default.epf
[2021-04-24 14:43:37,687 INFO  L113        SettingsManager]: Loading preferences was successful
[2021-04-24 14:43:37,687 INFO  L115        SettingsManager]: Preferences different from defaults after loading the file:
[2021-04-24 14:43:37,688 INFO  L136        SettingsManager]: Preferences of BlockEncodingV2 differ from their defaults:
[2021-04-24 14:43:37,688 INFO  L138        SettingsManager]:  * Minimize states even if more edges are added than removed.=true
[2021-04-24 14:43:37,689 INFO  L138        SettingsManager]:  * Rewrite not-equals=true
[2021-04-24 14:43:37,689 INFO  L138        SettingsManager]:  * Create parallel compositions if possible=false
[2021-04-24 14:43:37,689 INFO  L138        SettingsManager]:  * Minimize states using LBE with the strategy=NONE
[2021-04-24 14:43:37,689 INFO  L138        SettingsManager]:  * Use SBE=true
[2021-04-24 14:43:37,689 INFO  L136        SettingsManager]: Preferences of BuchiAutomizer differ from their defaults:
[2021-04-24 14:43:37,689 INFO  L138        SettingsManager]:  * Compute Interpolants along a Counterexample=Craig_TreeInterpolation
[2021-04-24 14:43:37,689 INFO  L138        SettingsManager]:  * Use old map elimination=false
[2021-04-24 14:43:37,689 INFO  L138        SettingsManager]:  * Try twofold refinement=false
[2021-04-24 14:43:37,690 INFO  L136        SettingsManager]: Preferences of CACSL2BoogieTranslator differ from their defaults:
[2021-04-24 14:43:37,690 INFO  L138        SettingsManager]:  * Check unreachability of error function in SV-COMP mode=false
[2021-04-24 14:43:37,690 INFO  L138        SettingsManager]:  * Overapproximate operations on floating types=true
[2021-04-24 14:43:37,690 INFO  L138        SettingsManager]:  * Check division by zero=IGNORE
[2021-04-24 14:43:37,690 INFO  L138        SettingsManager]:  * Pointer to allocated memory at dereference=ASSUME
[2021-04-24 14:43:37,690 INFO  L138        SettingsManager]:  * If two pointers are subtracted or compared they have the same base address=ASSUME
[2021-04-24 14:43:37,690 INFO  L138        SettingsManager]:  * Check array bounds for arrays that are off heap=ASSUME
[2021-04-24 14:43:37,690 INFO  L138        SettingsManager]:  * Check if freed pointer was valid=false
[2021-04-24 14:43:37,690 INFO  L138        SettingsManager]:  * Use constant arrays=true
[2021-04-24 14:43:37,691 INFO  L138        SettingsManager]:  * Pointer base address is valid at dereference=ASSUME
[2021-04-24 14:43:37,691 INFO  L136        SettingsManager]: Preferences of RCFGBuilder differ from their defaults:
[2021-04-24 14:43:37,691 INFO  L138        SettingsManager]:  * Size of a code block=SingleStatement
[2021-04-24 14:43:37,691 INFO  L138        SettingsManager]:  * SMT solver=Internal_SMTInterpol
Applying setting for plugin de.uni_freiburg.informatik.ultimate.plugins.generator.cacsl2boogietranslator: Overapproximate operations on floating types -> false
Applying setting for plugin de.uni_freiburg.informatik.ultimate.plugins.generator.cacsl2boogietranslator: Assume nondeterminstic values are in range -> false
[2021-04-24 14:43:37,894 INFO  L75    nceAwareModelManager]: Repository-Root is: /tmp
[2021-04-24 14:43:37,920 INFO  L261   ainManager$Toolchain]: [Toolchain 1]: Applicable parser(s) successfully (re)initialized
[2021-04-24 14:43:37,922 INFO  L217   ainManager$Toolchain]: [Toolchain 1]: Toolchain selected.
[2021-04-24 14:43:37,923 INFO  L271        PluginConnector]: Initializing CDTParser...
[2021-04-24 14:43:37,924 INFO  L275        PluginConnector]: CDTParser initialized
[2021-04-24 14:43:37,924 INFO  L432   ainManager$Toolchain]: [Toolchain 1]: Parsing single file: /home/magnago/benchmarks/ltl_timed_automata/csma-cd/ultimate/csma_0016.c
[2021-04-24 14:43:37,979 INFO  L220              CDTParser]: Created temporary CDT project at /home/singularity/587d779aec1e4a5e9d7304316bfceba5/FLAG553aed5fc
[2021-04-24 14:43:38,485 INFO  L306              CDTParser]: Found 1 translation units.
[2021-04-24 14:43:38,485 INFO  L160              CDTParser]: Scanning /home/magnago/benchmarks/ltl_timed_automata/csma-cd/ultimate/csma_0016.c
[2021-04-24 14:43:38,522 INFO  L349              CDTParser]: About to delete temporary CDT project at /home/singularity/587d779aec1e4a5e9d7304316bfceba5/FLAG553aed5fc
[2021-04-24 14:43:38,728 INFO  L357              CDTParser]: Successfully deleted /home/singularity/587d779aec1e4a5e9d7304316bfceba5
[2021-04-24 14:43:38,731 INFO  L299   ainManager$Toolchain]: ####################### [Toolchain 1] #######################
[2021-04-24 14:43:38,733 INFO  L131        ToolchainWalker]: Walking toolchain with 7 elements.
[2021-04-24 14:43:38,736 INFO  L113        PluginConnector]: ------------------------CACSL2BoogieTranslator----------------------------
[2021-04-24 14:43:38,736 INFO  L271        PluginConnector]: Initializing CACSL2BoogieTranslator...
[2021-04-24 14:43:38,738 INFO  L275        PluginConnector]: CACSL2BoogieTranslator initialized
[2021-04-24 14:43:38,739 INFO  L185        PluginConnector]: Executing the observer ACSLObjectContainerObserver from plugin CACSL2BoogieTranslator for "CDTParser AST 24.04 02:43:38" (1/1) ...
[2021-04-24 14:43:38,740 INFO  L205        PluginConnector]: Invalid model from CACSL2BoogieTranslator for observer de.uni_freiburg.informatik.ultimate.plugins.generator.cacsl2boogietranslator.ACSLObjectContainerObserver@7c743115 and model type de.uni_freiburg.informatik.ultimate.plugins.generator.cacsl2boogietranslator AST 24.04 02:43:38, skipping insertion in model container
[2021-04-24 14:43:38,740 INFO  L185        PluginConnector]: Executing the observer CACSL2BoogieTranslatorObserver from plugin CACSL2BoogieTranslator for "CDTParser AST 24.04 02:43:38" (1/1) ...
[2021-04-24 14:43:38,747 INFO  L145         MainTranslator]: Starting translation in SV-COMP mode 
[2021-04-24 14:43:38,816 INFO  L178         MainTranslator]: Built tables and reachable declarations
[2021-04-24 14:43:39,525 INFO  L206          PostProcessor]: Analyzing one entry point: main
[2021-04-24 14:43:39,530 INFO  L203         MainTranslator]: Completed pre-run
[2021-04-24 14:43:39,949 INFO  L206          PostProcessor]: Analyzing one entry point: main
[2021-04-24 14:43:39,964 INFO  L208         MainTranslator]: Completed translation
[2021-04-24 14:43:39,964 INFO  L202        PluginConnector]: Adding new model de.uni_freiburg.informatik.ultimate.plugins.generator.cacsl2boogietranslator AST 24.04 02:43:39 WrapperNode
[2021-04-24 14:43:39,964 INFO  L132        PluginConnector]: ------------------------ END CACSL2BoogieTranslator----------------------------
[2021-04-24 14:43:39,965 INFO  L113        PluginConnector]: ------------------------Boogie Preprocessor----------------------------
[2021-04-24 14:43:39,965 INFO  L271        PluginConnector]: Initializing Boogie Preprocessor...
[2021-04-24 14:43:39,965 INFO  L275        PluginConnector]: Boogie Preprocessor initialized
[2021-04-24 14:43:39,973 INFO  L185        PluginConnector]: Executing the observer EnsureBoogieModelObserver from plugin Boogie Preprocessor for "de.uni_freiburg.informatik.ultimate.plugins.generator.cacsl2boogietranslator AST 24.04 02:43:39" (1/1) ...
[2021-04-24 14:43:39,974 INFO  L185        PluginConnector]: Executing the observer TypeChecker from plugin Boogie Preprocessor for "de.uni_freiburg.informatik.ultimate.plugins.generator.cacsl2boogietranslator AST 24.04 02:43:39" (1/1) ...
[2021-04-24 14:43:39,995 INFO  L185        PluginConnector]: Executing the observer ConstExpander from plugin Boogie Preprocessor for "de.uni_freiburg.informatik.ultimate.plugins.generator.cacsl2boogietranslator AST 24.04 02:43:39" (1/1) ...
[2021-04-24 14:43:39,995 INFO  L185        PluginConnector]: Executing the observer StructExpander from plugin Boogie Preprocessor for "de.uni_freiburg.informatik.ultimate.plugins.generator.cacsl2boogietranslator AST 24.04 02:43:39" (1/1) ...
[2021-04-24 14:43:40,035 INFO  L185        PluginConnector]: Executing the observer UnstructureCode from plugin Boogie Preprocessor for "de.uni_freiburg.informatik.ultimate.plugins.generator.cacsl2boogietranslator AST 24.04 02:43:39" (1/1) ...
[2021-04-24 14:43:40,039 INFO  L185        PluginConnector]: Executing the observer FunctionInliner from plugin Boogie Preprocessor for "de.uni_freiburg.informatik.ultimate.plugins.generator.cacsl2boogietranslator AST 24.04 02:43:39" (1/1) ...
[2021-04-24 14:43:40,051 INFO  L185        PluginConnector]: Executing the observer BoogieSymbolTableConstructor from plugin Boogie Preprocessor for "de.uni_freiburg.informatik.ultimate.plugins.generator.cacsl2boogietranslator AST 24.04 02:43:39" (1/1) ...
[2021-04-24 14:43:40,064 INFO  L132        PluginConnector]: ------------------------ END Boogie Preprocessor----------------------------
[2021-04-24 14:43:40,065 INFO  L113        PluginConnector]: ------------------------RCFGBuilder----------------------------
[2021-04-24 14:43:40,065 INFO  L271        PluginConnector]: Initializing RCFGBuilder...
[2021-04-24 14:43:40,065 INFO  L275        PluginConnector]: RCFGBuilder initialized
[2021-04-24 14:43:40,066 INFO  L185        PluginConnector]: Executing the observer RCFGBuilderObserver from plugin RCFGBuilder for "de.uni_freiburg.informatik.ultimate.plugins.generator.cacsl2boogietranslator AST 24.04 02:43:39" (1/1) ...
[2021-04-24 14:43:40,137 INFO  L138     BoogieDeclarations]: Found implementation of procedure ULTIMATE.init
[2021-04-24 14:43:40,138 INFO  L138     BoogieDeclarations]: Found implementation of procedure ULTIMATE.start
[2021-04-24 14:43:40,138 INFO  L138     BoogieDeclarations]: Found implementation of procedure __VERIFIER_nondet_bool
[2021-04-24 14:43:40,138 INFO  L138     BoogieDeclarations]: Found implementation of procedure main
[2021-04-24 14:43:40,138 INFO  L130     BoogieDeclarations]: Found specification of procedure __VERIFIER_nondet_float
[2021-04-24 14:43:40,138 INFO  L130     BoogieDeclarations]: Found specification of procedure __VERIFIER_nondet_int
[2021-04-24 14:43:40,138 INFO  L130     BoogieDeclarations]: Found specification of procedure __VERIFIER_nondet_bool
[2021-04-24 14:43:40,138 INFO  L130     BoogieDeclarations]: Found specification of procedure main
[2021-04-24 14:43:40,138 INFO  L130     BoogieDeclarations]: Found specification of procedure ULTIMATE.init
[2021-04-24 14:43:40,138 INFO  L130     BoogieDeclarations]: Found specification of procedure ULTIMATE.start
[2021-04-24 14:43:40,693 INFO  L294             CfgBuilder]: Using the 1 location(s) as analysis (start of procedure ULTIMATE.start)
[2021-04-24 14:43:40,693 INFO  L299             CfgBuilder]: Removed 1 assume(true) statements.
[2021-04-24 14:43:40,695 INFO  L202        PluginConnector]: Adding new model de.uni_freiburg.informatik.ultimate.plugins.generator.rcfgbuilder CFG 24.04 02:43:40 BoogieIcfgContainer
[2021-04-24 14:43:40,695 INFO  L132        PluginConnector]: ------------------------ END RCFGBuilder----------------------------
[2021-04-24 14:43:40,695 INFO  L113        PluginConnector]: ------------------------LTL2Aut----------------------------
[2021-04-24 14:43:40,695 INFO  L271        PluginConnector]: Initializing LTL2Aut...
[2021-04-24 14:43:40,697 INFO  L275        PluginConnector]: LTL2Aut initialized
[2021-04-24 14:43:40,698 INFO  L185        PluginConnector]: Executing the observer LTL2autObserver from plugin LTL2Aut for "de.uni_freiburg.informatik.ultimate.plugins.generator.cacsl2boogietranslator AST 24.04 02:43:39" (2/3) ...
No working directory specified, using /usr/bin/ltl2ba
Starting monitored process 1 with ltl2ba -f ! ( ( [] ( ( a || <> ( b ) ) ) || ! ( [] ( <> ( c ) ) ) ) )  (exit command is null, workingDir is null)
[2021-04-24 14:43:40,738 INFO  L125        LTL2autObserver]: LTL Property is: (G(((!(0 != ~s0_l1~0 && !(0 != ~s0_l0~0))) || F((!(0 != ~s0_l0~0) && !(0 != ~s0_l1~0))))) || !(G(F((1.0 <= ~_diverge_delta~0)))))
[2021-04-24 14:43:40,739 INFO  L202        PluginConnector]: Adding new model Hardcoded de.uni_freiburg.informatik.ultimate.ltl2aut AST 24.04 02:43:40 NWAContainer
[2021-04-24 14:43:40,739 INFO  L132        PluginConnector]: ------------------------ END LTL2Aut----------------------------
[2021-04-24 14:43:40,740 INFO  L113        PluginConnector]: ------------------------B?chi Program Product----------------------------
[2021-04-24 14:43:40,740 INFO  L271        PluginConnector]: Initializing B?chi Program Product...
[2021-04-24 14:43:40,741 INFO  L275        PluginConnector]: B?chi Program Product initialized
[2021-04-24 14:43:40,741 INFO  L185        PluginConnector]: Executing the observer BuchiProductObserver from plugin B?chi Program Product for "de.uni_freiburg.informatik.ultimate.plugins.generator.rcfgbuilder CFG 24.04 02:43:40" (3/4) ...
[2021-04-24 14:43:40,742 INFO  L205        PluginConnector]: Invalid model from B?chi Program Product for observer de.uni_freiburg.informatik.ultimate.buchiprogramproduct.BuchiProductObserver@35388e83 and model type LTL+Program Product de.uni_freiburg.informatik.ultimate.buchiprogramproduct OTHER 24.04 02:43:40, skipping insertion in model container
[2021-04-24 14:43:40,742 INFO  L185        PluginConnector]: Executing the observer BuchiProductObserver from plugin B?chi Program Product for "Hardcoded de.uni_freiburg.informatik.ultimate.ltl2aut AST 24.04 02:43:40" (4/4) ...
[2021-04-24 14:43:40,744 INFO  L104   BuchiProductObserver]: Initial property automaton 3 locations, 6 edges
[2021-04-24 14:43:40,746 INFO  L110   BuchiProductObserver]: Initial RCFG 927 locations, 1269 edges
[2021-04-24 14:43:40,746 INFO  L93    BuchiProductObserver]: Beginning generation of product automaton
[2021-04-24 14:43:40,752 INFO  L132       ProductGenerator]: The program has no step specification, so we assume maximum atomicity
[2021-04-24 14:43:42,324 INFO  L97    BuchiProductObserver]: Finished generation of product automaton successfully
[2021-04-24 14:43:42,330 INFO  L110   BuchiProductObserver]: BuchiProgram size 3363 locations, 7020 edges
[2021-04-24 14:43:42,330 INFO  L202        PluginConnector]: Adding new model LTL+Program Product de.uni_freiburg.informatik.ultimate.buchiprogramproduct OTHER 24.04 02:43:42 BoogieIcfgContainer
[2021-04-24 14:43:42,330 INFO  L132        PluginConnector]: ------------------------ END B?chi Program Product----------------------------
[2021-04-24 14:43:42,331 INFO  L113        PluginConnector]: ------------------------BlockEncodingV2----------------------------
[2021-04-24 14:43:42,331 INFO  L271        PluginConnector]: Initializing BlockEncodingV2...
[2021-04-24 14:43:42,333 INFO  L275        PluginConnector]: BlockEncodingV2 initialized
[2021-04-24 14:43:42,333 INFO  L185        PluginConnector]: Executing the observer BlockEncodingObserver from plugin BlockEncodingV2 for "LTL+Program Product de.uni_freiburg.informatik.ultimate.buchiprogramproduct OTHER 24.04 02:43:42" (1/1) ...
[2021-04-24 14:43:42,479 INFO  L313           BlockEncoder]: Initial Icfg 3363 locations, 7020 edges
[2021-04-24 14:43:42,479 INFO  L258           BlockEncoder]: Using Remove infeasible edges
[2021-04-24 14:43:42,479 INFO  L263           BlockEncoder]: Using Maximize final states
[2021-04-24 14:43:42,480 INFO  L270           BlockEncoder]: Using Minimize states even if more edges are added than removed.=true
[2021-04-24 14:43:42,480 INFO  L296           BlockEncoder]: Using Remove sink states
[2021-04-24 14:43:42,480 INFO  L171           BlockEncoder]: Using Apply optimizations until nothing changes=true
[2021-04-24 14:43:42,481 INFO  L179           BlockEncoder]: Using Rewrite not-equals
Received shutdown request...
