Creating empty 100MiB image file: /home/magnago/overlay/csma_0020.c.ext3
Formatting image with ext3 file system
Image is done: /home/magnago/overlay/csma_0020.c.ext3
This is Ultimate 0.2.1-origin.dev-f91880a
[2021-04-24 14:45:14,043 INFO  L177        SettingsManager]: Resetting all preferences to default values...
[2021-04-24 14:45:14,062 INFO  L181        SettingsManager]: Resetting UltimateCore preferences to default values
[2021-04-24 14:45:14,097 INFO  L184        SettingsManager]: Ultimate Commandline Interface provides no preferences, ignoring...
[2021-04-24 14:45:14,098 INFO  L181        SettingsManager]: Resetting Boogie Preprocessor preferences to default values
[2021-04-24 14:45:14,099 INFO  L181        SettingsManager]: Resetting Boogie Procedure Inliner preferences to default values
[2021-04-24 14:45:14,100 INFO  L181        SettingsManager]: Resetting Abstract Interpretation preferences to default values
[2021-04-24 14:45:14,102 INFO  L181        SettingsManager]: Resetting LassoRanker preferences to default values
[2021-04-24 14:45:14,104 INFO  L181        SettingsManager]: Resetting Reaching Definitions preferences to default values
[2021-04-24 14:45:14,105 INFO  L181        SettingsManager]: Resetting SyntaxChecker preferences to default values
[2021-04-24 14:45:14,106 INFO  L181        SettingsManager]: Resetting Sifa preferences to default values
[2021-04-24 14:45:14,107 INFO  L184        SettingsManager]: B?chi Program Product provides no preferences, ignoring...
[2021-04-24 14:45:14,107 INFO  L181        SettingsManager]: Resetting LTL2Aut preferences to default values
[2021-04-24 14:45:14,109 INFO  L181        SettingsManager]: Resetting PEA to Boogie preferences to default values
[2021-04-24 14:45:14,110 INFO  L181        SettingsManager]: Resetting BlockEncodingV2 preferences to default values
[2021-04-24 14:45:14,111 INFO  L181        SettingsManager]: Resetting ChcToBoogie preferences to default values
[2021-04-24 14:45:14,112 INFO  L181        SettingsManager]: Resetting AutomataScriptInterpreter preferences to default values
[2021-04-24 14:45:14,113 INFO  L181        SettingsManager]: Resetting BuchiAutomizer preferences to default values
[2021-04-24 14:45:14,115 INFO  L181        SettingsManager]: Resetting CACSL2BoogieTranslator preferences to default values
[2021-04-24 14:45:14,117 INFO  L181        SettingsManager]: Resetting CodeCheck preferences to default values
[2021-04-24 14:45:14,118 INFO  L181        SettingsManager]: Resetting InvariantSynthesis preferences to default values
[2021-04-24 14:45:14,120 INFO  L181        SettingsManager]: Resetting RCFGBuilder preferences to default values
[2021-04-24 14:45:14,121 INFO  L181        SettingsManager]: Resetting Referee preferences to default values
[2021-04-24 14:45:14,122 INFO  L181        SettingsManager]: Resetting TraceAbstraction preferences to default values
[2021-04-24 14:45:14,125 INFO  L184        SettingsManager]: TraceAbstractionConcurrent provides no preferences, ignoring...
[2021-04-24 14:45:14,125 INFO  L184        SettingsManager]: TraceAbstractionWithAFAs provides no preferences, ignoring...
[2021-04-24 14:45:14,125 INFO  L181        SettingsManager]: Resetting TreeAutomizer preferences to default values
[2021-04-24 14:45:14,126 INFO  L181        SettingsManager]: Resetting IcfgToChc preferences to default values
[2021-04-24 14:45:14,127 INFO  L181        SettingsManager]: Resetting IcfgTransformer preferences to default values
[2021-04-24 14:45:14,128 INFO  L184        SettingsManager]: ReqToTest provides no preferences, ignoring...
[2021-04-24 14:45:14,128 INFO  L181        SettingsManager]: Resetting Boogie Printer preferences to default values
[2021-04-24 14:45:14,128 INFO  L181        SettingsManager]: Resetting ChcSmtPrinter preferences to default values
[2021-04-24 14:45:14,129 INFO  L181        SettingsManager]: Resetting ReqPrinter preferences to default values
[2021-04-24 14:45:14,130 INFO  L181        SettingsManager]: Resetting Witness Printer preferences to default values
[2021-04-24 14:45:14,131 INFO  L184        SettingsManager]: Boogie PL CUP Parser provides no preferences, ignoring...
[2021-04-24 14:45:14,131 INFO  L181        SettingsManager]: Resetting CDTParser preferences to default values
[2021-04-24 14:45:14,131 INFO  L184        SettingsManager]: AutomataScriptParser provides no preferences, ignoring...
[2021-04-24 14:45:14,132 INFO  L184        SettingsManager]: ReqParser provides no preferences, ignoring...
[2021-04-24 14:45:14,132 INFO  L181        SettingsManager]: Resetting SmtParser preferences to default values
[2021-04-24 14:45:14,132 INFO  L181        SettingsManager]: Resetting Witness Parser preferences to default values
[2021-04-24 14:45:14,133 INFO  L188        SettingsManager]: Finished resetting all preferences to default values...
[2021-04-24 14:45:14,134 INFO  L101        SettingsManager]: Beginning loading settings from /home/singularity/UAutomizer-linux/config/svcomp-LTL-64bit-Automizer_Default.epf
[2021-04-24 14:45:14,154 INFO  L113        SettingsManager]: Loading preferences was successful
[2021-04-24 14:45:14,154 INFO  L115        SettingsManager]: Preferences different from defaults after loading the file:
[2021-04-24 14:45:14,155 INFO  L136        SettingsManager]: Preferences of BlockEncodingV2 differ from their defaults:
[2021-04-24 14:45:14,155 INFO  L138        SettingsManager]:  * Minimize states even if more edges are added than removed.=true
[2021-04-24 14:45:14,155 INFO  L138        SettingsManager]:  * Rewrite not-equals=true
[2021-04-24 14:45:14,155 INFO  L138        SettingsManager]:  * Create parallel compositions if possible=false
[2021-04-24 14:45:14,155 INFO  L138        SettingsManager]:  * Minimize states using LBE with the strategy=NONE
[2021-04-24 14:45:14,156 INFO  L138        SettingsManager]:  * Use SBE=true
[2021-04-24 14:45:14,156 INFO  L136        SettingsManager]: Preferences of BuchiAutomizer differ from their defaults:
[2021-04-24 14:45:14,156 INFO  L138        SettingsManager]:  * Compute Interpolants along a Counterexample=Craig_TreeInterpolation
[2021-04-24 14:45:14,156 INFO  L138        SettingsManager]:  * Use old map elimination=false
[2021-04-24 14:45:14,156 INFO  L138        SettingsManager]:  * Try twofold refinement=false
[2021-04-24 14:45:14,156 INFO  L136        SettingsManager]: Preferences of CACSL2BoogieTranslator differ from their defaults:
[2021-04-24 14:45:14,156 INFO  L138        SettingsManager]:  * Check unreachability of error function in SV-COMP mode=false
[2021-04-24 14:45:14,157 INFO  L138        SettingsManager]:  * Overapproximate operations on floating types=true
[2021-04-24 14:45:14,157 INFO  L138        SettingsManager]:  * Check division by zero=IGNORE
[2021-04-24 14:45:14,157 INFO  L138        SettingsManager]:  * Pointer to allocated memory at dereference=ASSUME
[2021-04-24 14:45:14,157 INFO  L138        SettingsManager]:  * If two pointers are subtracted or compared they have the same base address=ASSUME
[2021-04-24 14:45:14,157 INFO  L138        SettingsManager]:  * Check array bounds for arrays that are off heap=ASSUME
[2021-04-24 14:45:14,157 INFO  L138        SettingsManager]:  * Check if freed pointer was valid=false
[2021-04-24 14:45:14,157 INFO  L138        SettingsManager]:  * Use constant arrays=true
[2021-04-24 14:45:14,158 INFO  L138        SettingsManager]:  * Pointer base address is valid at dereference=ASSUME
[2021-04-24 14:45:14,158 INFO  L136        SettingsManager]: Preferences of RCFGBuilder differ from their defaults:
[2021-04-24 14:45:14,158 INFO  L138        SettingsManager]:  * Size of a code block=SingleStatement
[2021-04-24 14:45:14,158 INFO  L138        SettingsManager]:  * SMT solver=Internal_SMTInterpol
Applying setting for plugin de.uni_freiburg.informatik.ultimate.plugins.generator.cacsl2boogietranslator: Overapproximate operations on floating types -> false
Applying setting for plugin de.uni_freiburg.informatik.ultimate.plugins.generator.cacsl2boogietranslator: Assume nondeterminstic values are in range -> false
[2021-04-24 14:45:14,367 INFO  L75    nceAwareModelManager]: Repository-Root is: /tmp
[2021-04-24 14:45:14,393 INFO  L261   ainManager$Toolchain]: [Toolchain 1]: Applicable parser(s) successfully (re)initialized
[2021-04-24 14:45:14,395 INFO  L217   ainManager$Toolchain]: [Toolchain 1]: Toolchain selected.
[2021-04-24 14:45:14,395 INFO  L271        PluginConnector]: Initializing CDTParser...
[2021-04-24 14:45:14,396 INFO  L275        PluginConnector]: CDTParser initialized
[2021-04-24 14:45:14,397 INFO  L432   ainManager$Toolchain]: [Toolchain 1]: Parsing single file: /home/magnago/benchmarks/ltl_timed_automata/csma-cd/ultimate/csma_0020.c
[2021-04-24 14:45:14,443 INFO  L220              CDTParser]: Created temporary CDT project at /home/singularity/b2763bfa19df4a0baae48028e83aa358/FLAG91c140625
!SESSION 2021-04-24 14:45:12.358 -----------------------------------------------
eclipse.buildId=unknown
java.version=11.0.10
java.vendor=Ubuntu
BootLoader constants: OS=linux, ARCH=x86_64, WS=gtk, NL=en_US
Framework arguments:  --console -tc /home/singularity/UAutomizer-linux/config/AutomizerLTL.xml -s /home/singularity/UAutomizer-linux/config/svcomp-LTL-64bit-Automizer_Default.epf --cacsl2boogietranslator.overapproximate.operations.on.floating.types=false --cacsl2boogietranslator.assume.nondeterminstic.values.are.in.range false -i /home/magnago/benchmarks/ltl_timed_automata/csma-cd/ultimate/csma_0020.c
Command-line arguments:  -os linux -ws gtk -arch x86_64 -consoleLog --console -data @user.home/.ultimate -tc /home/singularity/UAutomizer-linux/config/AutomizerLTL.xml -s /home/singularity/UAutomizer-linux/config/svcomp-LTL-64bit-Automizer_Default.epf -data /home/singularity --cacsl2boogietranslator.overapproximate.operations.on.floating.types=false --cacsl2boogietranslator.assume.nondeterminstic.values.are.in.range false -i /home/magnago/benchmarks/ltl_timed_automata/csma-cd/ultimate/csma_0020.c

!ENTRY org.eclipse.cdt.core 1 0 2021-04-24 14:45:14.718
!MESSAGE Indexed 'FLAG91c140625' (0 sources, 0 headers) in 0.007 sec: 0 declarations; 0 references; 0 unresolved inclusions; 0 syntax errors; 0 unresolved names (0%)
[2021-04-24 14:45:15,114 INFO  L306              CDTParser]: Found 1 translation units.
[2021-04-24 14:45:15,115 INFO  L160              CDTParser]: Scanning /home/magnago/benchmarks/ltl_timed_automata/csma-cd/ultimate/csma_0020.c
[2021-04-24 14:45:15,158 INFO  L349              CDTParser]: About to delete temporary CDT project at /home/singularity/b2763bfa19df4a0baae48028e83aa358/FLAG91c140625
[2021-04-24 14:45:15,474 INFO  L357              CDTParser]: Successfully deleted /home/singularity/b2763bfa19df4a0baae48028e83aa358
[2021-04-24 14:45:15,477 INFO  L299   ainManager$Toolchain]: ####################### [Toolchain 1] #######################
[2021-04-24 14:45:15,480 INFO  L131        ToolchainWalker]: Walking toolchain with 7 elements.
[2021-04-24 14:45:15,481 INFO  L113        PluginConnector]: ------------------------CACSL2BoogieTranslator----------------------------
[2021-04-24 14:45:15,482 INFO  L271        PluginConnector]: Initializing CACSL2BoogieTranslator...
[2021-04-24 14:45:15,484 INFO  L275        PluginConnector]: CACSL2BoogieTranslator initialized
[2021-04-24 14:45:15,484 INFO  L185        PluginConnector]: Executing the observer ACSLObjectContainerObserver from plugin CACSL2BoogieTranslator for "CDTParser AST 24.04 02:45:15" (1/1) ...
[2021-04-24 14:45:15,485 INFO  L205        PluginConnector]: Invalid model from CACSL2BoogieTranslator for observer de.uni_freiburg.informatik.ultimate.plugins.generator.cacsl2boogietranslator.ACSLObjectContainerObserver@4dd03150 and model type de.uni_freiburg.informatik.ultimate.plugins.generator.cacsl2boogietranslator AST 24.04 02:45:15, skipping insertion in model container
[2021-04-24 14:45:15,485 INFO  L185        PluginConnector]: Executing the observer CACSL2BoogieTranslatorObserver from plugin CACSL2BoogieTranslator for "CDTParser AST 24.04 02:45:15" (1/1) ...
[2021-04-24 14:45:15,492 INFO  L145         MainTranslator]: Starting translation in SV-COMP mode 
[2021-04-24 14:45:15,581 INFO  L178         MainTranslator]: Built tables and reachable declarations
[2021-04-24 14:45:16,709 INFO  L206          PostProcessor]: Analyzing one entry point: main
[2021-04-24 14:45:16,715 INFO  L203         MainTranslator]: Completed pre-run
[2021-04-24 14:45:17,436 INFO  L206          PostProcessor]: Analyzing one entry point: main
[2021-04-24 14:45:17,451 INFO  L208         MainTranslator]: Completed translation
[2021-04-24 14:45:17,452 INFO  L202        PluginConnector]: Adding new model de.uni_freiburg.informatik.ultimate.plugins.generator.cacsl2boogietranslator AST 24.04 02:45:17 WrapperNode
[2021-04-24 14:45:17,452 INFO  L132        PluginConnector]: ------------------------ END CACSL2BoogieTranslator----------------------------
[2021-04-24 14:45:17,453 INFO  L113        PluginConnector]: ------------------------Boogie Preprocessor----------------------------
[2021-04-24 14:45:17,453 INFO  L271        PluginConnector]: Initializing Boogie Preprocessor...
[2021-04-24 14:45:17,453 INFO  L275        PluginConnector]: Boogie Preprocessor initialized
[2021-04-24 14:45:17,461 INFO  L185        PluginConnector]: Executing the observer EnsureBoogieModelObserver from plugin Boogie Preprocessor for "de.uni_freiburg.informatik.ultimate.plugins.generator.cacsl2boogietranslator AST 24.04 02:45:17" (1/1) ...
[2021-04-24 14:45:17,461 INFO  L185        PluginConnector]: Executing the observer TypeChecker from plugin Boogie Preprocessor for "de.uni_freiburg.informatik.ultimate.plugins.generator.cacsl2boogietranslator AST 24.04 02:45:17" (1/1) ...
[2021-04-24 14:45:17,483 INFO  L185        PluginConnector]: Executing the observer ConstExpander from plugin Boogie Preprocessor for "de.uni_freiburg.informatik.ultimate.plugins.generator.cacsl2boogietranslator AST 24.04 02:45:17" (1/1) ...
[2021-04-24 14:45:17,483 INFO  L185        PluginConnector]: Executing the observer StructExpander from plugin Boogie Preprocessor for "de.uni_freiburg.informatik.ultimate.plugins.generator.cacsl2boogietranslator AST 24.04 02:45:17" (1/1) ...
[2021-04-24 14:45:17,528 INFO  L185        PluginConnector]: Executing the observer UnstructureCode from plugin Boogie Preprocessor for "de.uni_freiburg.informatik.ultimate.plugins.generator.cacsl2boogietranslator AST 24.04 02:45:17" (1/1) ...
[2021-04-24 14:45:17,532 INFO  L185        PluginConnector]: Executing the observer FunctionInliner from plugin Boogie Preprocessor for "de.uni_freiburg.informatik.ultimate.plugins.generator.cacsl2boogietranslator AST 24.04 02:45:17" (1/1) ...
[2021-04-24 14:45:17,548 INFO  L185        PluginConnector]: Executing the observer BoogieSymbolTableConstructor from plugin Boogie Preprocessor for "de.uni_freiburg.informatik.ultimate.plugins.generator.cacsl2boogietranslator AST 24.04 02:45:17" (1/1) ...
[2021-04-24 14:45:17,564 INFO  L132        PluginConnector]: ------------------------ END Boogie Preprocessor----------------------------
[2021-04-24 14:45:17,564 INFO  L113        PluginConnector]: ------------------------RCFGBuilder----------------------------
[2021-04-24 14:45:17,565 INFO  L271        PluginConnector]: Initializing RCFGBuilder...
[2021-04-24 14:45:17,565 INFO  L275        PluginConnector]: RCFGBuilder initialized
[2021-04-24 14:45:17,565 INFO  L185        PluginConnector]: Executing the observer RCFGBuilderObserver from plugin RCFGBuilder for "de.uni_freiburg.informatik.ultimate.plugins.generator.cacsl2boogietranslator AST 24.04 02:45:17" (1/1) ...
[2021-04-24 14:45:17,645 INFO  L138     BoogieDeclarations]: Found implementation of procedure ULTIMATE.init
[2021-04-24 14:45:17,645 INFO  L138     BoogieDeclarations]: Found implementation of procedure ULTIMATE.start
[2021-04-24 14:45:17,646 INFO  L138     BoogieDeclarations]: Found implementation of procedure __VERIFIER_nondet_bool
[2021-04-24 14:45:17,646 INFO  L138     BoogieDeclarations]: Found implementation of procedure main
[2021-04-24 14:45:17,646 INFO  L130     BoogieDeclarations]: Found specification of procedure __VERIFIER_nondet_float
[2021-04-24 14:45:17,646 INFO  L130     BoogieDeclarations]: Found specification of procedure __VERIFIER_nondet_int
[2021-04-24 14:45:17,646 INFO  L130     BoogieDeclarations]: Found specification of procedure __VERIFIER_nondet_bool
[2021-04-24 14:45:17,646 INFO  L130     BoogieDeclarations]: Found specification of procedure main
[2021-04-24 14:45:17,646 INFO  L130     BoogieDeclarations]: Found specification of procedure ULTIMATE.init
[2021-04-24 14:45:17,646 INFO  L130     BoogieDeclarations]: Found specification of procedure ULTIMATE.start
[2021-04-24 14:45:18,325 INFO  L294             CfgBuilder]: Using the 1 location(s) as analysis (start of procedure ULTIMATE.start)
[2021-04-24 14:45:18,325 INFO  L299             CfgBuilder]: Removed 1 assume(true) statements.
[2021-04-24 14:45:18,327 INFO  L202        PluginConnector]: Adding new model de.uni_freiburg.informatik.ultimate.plugins.generator.rcfgbuilder CFG 24.04 02:45:18 BoogieIcfgContainer
[2021-04-24 14:45:18,327 INFO  L132        PluginConnector]: ------------------------ END RCFGBuilder----------------------------
[2021-04-24 14:45:18,328 INFO  L113        PluginConnector]: ------------------------LTL2Aut----------------------------
[2021-04-24 14:45:18,328 INFO  L271        PluginConnector]: Initializing LTL2Aut...
[2021-04-24 14:45:18,329 INFO  L275        PluginConnector]: LTL2Aut initialized
[2021-04-24 14:45:18,331 INFO  L185        PluginConnector]: Executing the observer LTL2autObserver from plugin LTL2Aut for "de.uni_freiburg.informatik.ultimate.plugins.generator.cacsl2boogietranslator AST 24.04 02:45:17" (2/3) ...
No working directory specified, using /usr/bin/ltl2ba
Starting monitored process 1 with ltl2ba -f ! ( ( [] ( ( a || <> ( b ) ) ) || ! ( [] ( <> ( c ) ) ) ) )  (exit command is null, workingDir is null)
[2021-04-24 14:45:18,371 INFO  L125        LTL2autObserver]: LTL Property is: (G(((!(0 != ~s0_l1~0 && !(0 != ~s0_l0~0))) || F((!(0 != ~s0_l0~0) && !(0 != ~s0_l1~0))))) || !(G(F((1.0 <= ~_diverge_delta~0)))))
[2021-04-24 14:45:18,372 INFO  L202        PluginConnector]: Adding new model Hardcoded de.uni_freiburg.informatik.ultimate.ltl2aut AST 24.04 02:45:18 NWAContainer
[2021-04-24 14:45:18,372 INFO  L132        PluginConnector]: ------------------------ END LTL2Aut----------------------------
[2021-04-24 14:45:18,372 INFO  L113        PluginConnector]: ------------------------B?chi Program Product----------------------------
[2021-04-24 14:45:18,373 INFO  L271        PluginConnector]: Initializing B?chi Program Product...
[2021-04-24 14:45:18,373 INFO  L275        PluginConnector]: B?chi Program Product initialized
[2021-04-24 14:45:18,374 INFO  L185        PluginConnector]: Executing the observer BuchiProductObserver from plugin B?chi Program Product for "de.uni_freiburg.informatik.ultimate.plugins.generator.rcfgbuilder CFG 24.04 02:45:18" (3/4) ...
[2021-04-24 14:45:18,375 INFO  L205        PluginConnector]: Invalid model from B?chi Program Product for observer de.uni_freiburg.informatik.ultimate.buchiprogramproduct.BuchiProductObserver@10ea6f68 and model type LTL+Program Product de.uni_freiburg.informatik.ultimate.buchiprogramproduct OTHER 24.04 02:45:18, skipping insertion in model container
[2021-04-24 14:45:18,375 INFO  L185        PluginConnector]: Executing the observer BuchiProductObserver from plugin B?chi Program Product for "Hardcoded de.uni_freiburg.informatik.ultimate.ltl2aut AST 24.04 02:45:18" (4/4) ...
[2021-04-24 14:45:18,377 INFO  L104   BuchiProductObserver]: Initial property automaton 3 locations, 6 edges
[2021-04-24 14:45:18,380 INFO  L110   BuchiProductObserver]: Initial RCFG 1135 locations, 1557 edges
[2021-04-24 14:45:18,380 INFO  L93    BuchiProductObserver]: Beginning generation of product automaton
[2021-04-24 14:45:18,386 INFO  L132       ProductGenerator]: The program has no step specification, so we assume maximum atomicity
[2021-04-24 14:45:20,461 INFO  L97    BuchiProductObserver]: Finished generation of product automaton successfully
[2021-04-24 14:45:20,468 INFO  L110   BuchiProductObserver]: BuchiProgram size 4131 locations, 8628 edges
[2021-04-24 14:45:20,469 INFO  L202        PluginConnector]: Adding new model LTL+Program Product de.uni_freiburg.informatik.ultimate.buchiprogramproduct OTHER 24.04 02:45:20 BoogieIcfgContainer
[2021-04-24 14:45:20,469 INFO  L132        PluginConnector]: ------------------------ END B?chi Program Product----------------------------
[2021-04-24 14:45:20,470 INFO  L113        PluginConnector]: ------------------------BlockEncodingV2----------------------------
[2021-04-24 14:45:20,470 INFO  L271        PluginConnector]: Initializing BlockEncodingV2...
[2021-04-24 14:45:20,471 INFO  L275        PluginConnector]: BlockEncodingV2 initialized
[2021-04-24 14:45:20,472 INFO  L185        PluginConnector]: Executing the observer BlockEncodingObserver from plugin BlockEncodingV2 for "LTL+Program Product de.uni_freiburg.informatik.ultimate.buchiprogramproduct OTHER 24.04 02:45:20" (1/1) ...
[2021-04-24 14:45:20,677 INFO  L313           BlockEncoder]: Initial Icfg 4131 locations, 8628 edges
[2021-04-24 14:45:20,677 INFO  L258           BlockEncoder]: Using Remove infeasible edges
[2021-04-24 14:45:20,677 INFO  L263           BlockEncoder]: Using Maximize final states
[2021-04-24 14:45:20,678 INFO  L270           BlockEncoder]: Using Minimize states even if more edges are added than removed.=true
[2021-04-24 14:45:20,678 INFO  L296           BlockEncoder]: Using Remove sink states
[2021-04-24 14:45:20,678 INFO  L171           BlockEncoder]: Using Apply optimizations until nothing changes=true
[2021-04-24 14:45:20,678 INFO  L179           BlockEncoder]: Using Rewrite not-equals
