Property 0 [36;1m(FALSE SR ((pc0.l != error) | (pc1.l != error))) -> (FALSE SR (TRUE SU (id = 0)))[0m ..... [31;1mdoes not hold[0m 
>>> Index:         0          1          loop  2          3          4        
>>> Type:          |          (-)        loop  |          (-)        |        
---------------------------------------> loop <-------------------------------
+0-obligation-0    F          T          loop  T          T          T        
+0-subexp-0        T          F          loop  F          F          F        
+1-subexp-0        F          F          loop  F          F          F        
+2-subexp-0        T          T          loop  T          T          T        
---------------------------------------> loop <-------------------------------
+3-subexp-0        T          T          loop  F          F          F        
+4-subexp-0        T          T          loop  T          T          T        
+5-subexp-0        F          T          loop  F          F          F        
+6-obligation-0    F          T          loop  T          T          T        
---------------------------------------> loop <-------------------------------
+6-subexp-0        F          T          loop  F          F          F        
+7-subexp-0        F          F          loop  F          F          F        
+8-subexp-0        T          T          loop  T          T          T        
-fair-0-0          T          T          loop  T          T          F        
---------------------------------------> loop <-------------------------------
-loop-0            F          F          loop  T          F          F        
-loop-elapse-0     T          T          loop  T          T          F        
-ok-pc0.x-0        T          T          loop  T          T          F        
-ok-pc1.x-0        T          T          loop  T          T          F        
---------------------------------------> loop <-------------------------------
-ok-pc10.x-0       T          T          loop  T          T          F        
-ok-pc11.x-0       T          T          loop  T          T          F        
-ok-pc12.x-0       T          T          loop  T          T          F        
-ok-pc2.x-0        T          T          loop  T          T          F        
---------------------------------------> loop <-------------------------------
-ok-pc3.x-0        T          T          loop  T          T          F        
-ok-pc4.x-0        T          T          loop  T          T          F        
-ok-pc5.x-0        T          T          loop  T          T          F        
-ok-pc6.x-0        T          T          loop  T          T          F        
---------------------------------------> loop <-------------------------------
-ok-pc7.x-0        T          T          loop  T          T          F        
-ok-pc8.x-0        T          T          loop  T          T          F        
-ok-pc9.x-0        T          T          loop  T          T          F        
-smaller-exists-0  F          F          loop  F          T          T        
---------------------------------------> loop <-------------------------------
@delta-0           0          154/3      loop  0          4/3        0        
@open-0            F          T          loop  F          T          F        
a0.evt-0           stutter    stutter    loop  stutter    stutter    stutter  
a0.l-0             s1         s1         loop  s1         s1         s1       
---------------------------------------> loop <-------------------------------
a1.evt-0           stutter    stutter    loop  stutter    stutter    stutter  
a1.l-0             s1         s1         loop  s1         s1         s1       
a10.evt-0          enter      enter      loop  enter      enter      enter    
a10.l-0            s1         s1         loop  s1         s1         s1       
---------------------------------------> loop <-------------------------------
a11.evt-0          enter      enter      loop  enter      enter      enter    
a11.l-0            s1         s1         loop  s1         s1         s1       
a12.evt-0          stutter    stutter    loop  stutter    stutter    stutter  
a12.l-0            s1         s1         loop  s1         s1         s1       
---------------------------------------> loop <-------------------------------
a2.evt-0           exit       exit       loop  exit       exit       exit     
a2.l-0             s1         s1         loop  s1         s1         s1       
a3.evt-0           exit       exit       loop  exit       exit       exit     
a3.l-0             s1         s1         loop  s1         s1         s1       
---------------------------------------> loop <-------------------------------
a4.evt-0           exit       exit       loop  exit       exit       exit     
a4.l-0             s1         s1         loop  s1         s1         s1       
a5.evt-0           exit       exit       loop  exit       exit       exit     
a5.l-0             s1         s1         loop  s1         s1         s1       
---------------------------------------> loop <-------------------------------
a6.evt-0           exit       exit       loop  exit       exit       exit     
a6.l-0             s1         s1         loop  s1         s1         s1       
a7.evt-0           enter      enter      loop  enter      enter      enter    
a7.l-0             s1         s1         loop  s1         s1         s1       
---------------------------------------> loop <-------------------------------
a8.evt-0           exit       exit       loop  exit       exit       exit     
a8.l-0             s1         s1         loop  s1         s1         s1       
a9.evt-0           exit       exit       loop  exit       exit       exit     
a9.l-0             s1         s1         loop  s1         s1         s1       
---------------------------------------> loop <-------------------------------
c.evt-0            move       move       loop  move       move       move     
c.l-0              initial    initial    loop  initial    initial    initial  
id-0               3          3          loop  3          3          3        
pc0.evt-0          move       move       loop  move       move       move     
---------------------------------------> loop <-------------------------------
pc0.l-0            not_ready  not_ready  loop  not_ready  not_ready  not_ready
pc0.x-0            0          0          loop  154/3      154/3      158/3    
pc1.evt-0          move       move       loop  move       move       move     
pc1.l-0            not_ready  not_ready  loop  not_ready  not_ready  not_ready
---------------------------------------> loop <-------------------------------
pc1.x-0            0          0          loop  154/3      154/3      158/3    
pc10.evt-0         exit       exit       loop  exit       exit       exit     
pc10.l-0           not_ready  not_ready  loop  not_ready  not_ready  not_ready
pc10.x-0           0          0          loop  154/3      154/3      158/3    
---------------------------------------> loop <-------------------------------
pc11.evt-0         exit       exit       loop  exit       exit       exit     
pc11.l-0           not_ready  not_ready  loop  not_ready  not_ready  not_ready
pc11.x-0           0          0          loop  154/3      154/3      158/3    
pc12.evt-0         move       move       loop  move       move       move     
---------------------------------------> loop <-------------------------------
pc12.l-0           not_ready  not_ready  loop  not_ready  not_ready  not_ready
pc12.x-0           0          0          loop  154/3      154/3      158/3    
pc2.evt-0          exit       exit       loop  exit       exit       exit     
pc2.l-0            not_ready  not_ready  loop  not_ready  not_ready  not_ready
---------------------------------------> loop <-------------------------------
pc2.x-0            0          0          loop  154/3      154/3      158/3    
pc3.evt-0          move       move       loop  move       move       move     
pc3.l-0            not_ready  not_ready  loop  not_ready  not_ready  not_ready
pc3.x-0            0          0          loop  154/3      154/3      158/3    
---------------------------------------> loop <-------------------------------
pc4.evt-0          enter      enter      loop  enter      enter      enter    
pc4.l-0            not_ready  not_ready  loop  not_ready  not_ready  not_ready
pc4.x-0            0          0          loop  154/3      154/3      158/3    
pc5.evt-0          stutter    stutter    loop  stutter    stutter    stutter  
---------------------------------------> loop <-------------------------------
pc5.l-0            not_ready  not_ready  loop  not_ready  not_ready  not_ready
pc5.x-0            0          0          loop  154/3      154/3      158/3    
pc6.evt-0          enter      enter      loop  enter      enter      enter    
pc6.l-0            not_ready  not_ready  loop  not_ready  not_ready  not_ready
---------------------------------------> loop <-------------------------------
pc6.x-0            0          0          loop  154/3      154/3      158/3    
pc7.evt-0          enter      enter      loop  enter      enter      enter    
pc7.l-0            not_ready  not_ready  loop  not_ready  not_ready  not_ready
pc7.x-0            0          0          loop  154/3      154/3      158/3    
---------------------------------------> loop <-------------------------------
pc8.evt-0          enter      enter      loop  enter      enter      enter    
pc8.l-0            not_ready  not_ready  loop  not_ready  not_ready  not_ready
pc8.x-0            0          0          loop  154/3      154/3      158/3    
pc9.evt-0          enter      enter      loop  enter      enter      enter    
---------------------------------------> loop <-------------------------------
pc9.l-0            not_ready  not_ready  loop  not_ready  not_ready  not_ready
pc9.x-0            0          0          loop  154/3      154/3      158/3    
