Property 0 [36;1m(FALSE SR ((pc0.l != error) | (pc1.l != error))) -> (FALSE SR (TRUE SU (id = 0)))[0m ..... [31;1mdoes not hold[0m 
>>> Index:         0          1          loop  2          3          4        
>>> Type:          |          (-)        loop  |          (-)        |        
---------------------------------------> loop <-------------------------------
+0-obligation-0    F          T          loop  T          T          T        
+0-subexp-0        T          F          loop  T          F          T        
+1-subexp-0        F          F          loop  F          F          F        
+2-subexp-0        T          T          loop  T          T          T        
---------------------------------------> loop <-------------------------------
+3-subexp-0        T          T          loop  T          T          T        
+4-subexp-0        T          T          loop  T          T          T        
+5-subexp-0        F          F          loop  F          T          F        
+6-obligation-0    F          F          loop  T          T          T        
---------------------------------------> loop <-------------------------------
+6-subexp-0        F          F          loop  F          T          F        
+7-subexp-0        F          F          loop  F          F          F        
+8-subexp-0        T          T          loop  T          T          T        
-fair-0-0          T          T          loop  T          T          F        
---------------------------------------> loop <-------------------------------
-loop-0            F          F          loop  T          F          F        
-loop-elapse-0     T          T          loop  T          T          F        
-ok-pc0.x-0        T          T          loop  T          T          F        
-ok-pc1.x-0        T          T          loop  T          T          F        
---------------------------------------> loop <-------------------------------
-ok-pc10.x-0       T          T          loop  T          T          F        
-ok-pc11.x-0       T          T          loop  T          T          F        
-ok-pc12.x-0       T          T          loop  T          T          F        
-ok-pc13.x-0       T          T          loop  T          T          F        
---------------------------------------> loop <-------------------------------
-ok-pc14.x-0       T          T          loop  T          T          F        
-ok-pc15.x-0       T          T          loop  T          T          F        
-ok-pc16.x-0       T          T          loop  T          T          F        
-ok-pc17.x-0       T          T          loop  T          T          F        
---------------------------------------> loop <-------------------------------
-ok-pc18.x-0       T          T          loop  T          T          F        
-ok-pc19.x-0       T          T          loop  T          T          F        
-ok-pc2.x-0        T          T          loop  T          T          F        
-ok-pc20.x-0       T          T          loop  T          T          F        
---------------------------------------> loop <-------------------------------
-ok-pc21.x-0       T          T          loop  T          T          F        
-ok-pc3.x-0        T          T          loop  T          T          F        
-ok-pc4.x-0        T          T          loop  T          T          F        
-ok-pc5.x-0        T          T          loop  T          T          F        
---------------------------------------> loop <-------------------------------
-ok-pc6.x-0        T          T          loop  T          T          F        
-ok-pc7.x-0        T          T          loop  T          T          F        
-ok-pc8.x-0        T          T          loop  T          T          F        
-ok-pc9.x-0        T          T          loop  T          T          F        
---------------------------------------> loop <-------------------------------
-smaller-exists-0  F          F          loop  F          T          T        
@delta-0           0          154/3      loop  0          4/3        0        
@open-0            F          T          loop  F          T          F        
a0.evt-0           exit       exit       loop  exit       exit       exit     
---------------------------------------> loop <-------------------------------
a0.l-0             s1         s1         loop  s1         s1         s1       
a1.evt-0           exit       exit       loop  exit       exit       exit     
a1.l-0             s1         s1         loop  s1         s1         s1       
a10.evt-0          enter      enter      loop  enter      enter      enter    
---------------------------------------> loop <-------------------------------
a10.l-0            s1         s1         loop  s1         s1         s1       
a11.evt-0          enter      enter      loop  enter      enter      enter    
a11.l-0            s1         s1         loop  s1         s1         s1       
a12.evt-0          exit       exit       loop  exit       exit       exit     
---------------------------------------> loop <-------------------------------
a12.l-0            s1         s1         loop  s1         s1         s1       
a13.evt-0          exit       exit       loop  exit       exit       exit     
a13.l-0            s1         s1         loop  s1         s1         s1       
a14.evt-0          exit       exit       loop  exit       exit       exit     
---------------------------------------> loop <-------------------------------
a14.l-0            s1         s1         loop  s1         s1         s1       
a15.evt-0          exit       exit       loop  exit       exit       exit     
a15.l-0            s1         s1         loop  s1         s1         s1       
a16.evt-0          exit       exit       loop  exit       exit       exit     
---------------------------------------> loop <-------------------------------
a16.l-0            s1         s1         loop  s1         s1         s1       
a17.evt-0          exit       exit       loop  exit       exit       exit     
a17.l-0            s1         s1         loop  s1         s1         s1       
a18.evt-0          exit       exit       loop  exit       exit       exit     
---------------------------------------> loop <-------------------------------
a18.l-0            s1         s1         loop  s1         s1         s1       
a19.evt-0          exit       exit       loop  exit       exit       exit     
a19.l-0            s1         s1         loop  s1         s1         s1       
a2.evt-0           enter      enter      loop  enter      enter      enter    
---------------------------------------> loop <-------------------------------
a2.l-0             s1         s1         loop  s1         s1         s1       
a20.evt-0          exit       exit       loop  exit       exit       exit     
a20.l-0            s1         s1         loop  s1         s1         s1       
a21.evt-0          enter      enter      loop  enter      enter      enter    
---------------------------------------> loop <-------------------------------
a21.l-0            s1         s1         loop  s1         s1         s1       
a3.evt-0           exit       exit       loop  exit       exit       exit     
a3.l-0             s1         s1         loop  s1         s1         s1       
a4.evt-0           exit       exit       loop  exit       exit       exit     
---------------------------------------> loop <-------------------------------
a4.l-0             s1         s1         loop  s1         s1         s1       
a5.evt-0           enter      enter      loop  enter      enter      enter    
a5.l-0             s1         s1         loop  s1         s1         s1       
a6.evt-0           exit       exit       loop  exit       exit       exit     
---------------------------------------> loop <-------------------------------
a6.l-0             s1         s1         loop  s1         s1         s1       
a7.evt-0           exit       exit       loop  exit       exit       exit     
a7.l-0             s1         s1         loop  s1         s1         s1       
a8.evt-0           exit       exit       loop  exit       exit       exit     
---------------------------------------> loop <-------------------------------
a8.l-0             s1         s1         loop  s1         s1         s1       
a9.evt-0           stutter    stutter    loop  stutter    stutter    stutter  
a9.l-0             s1         s1         loop  s1         s1         s1       
c.evt-0            move       move       loop  move       move       move     
---------------------------------------> loop <-------------------------------
c.l-0              initial    initial    loop  initial    initial    initial  
id-0               1          1          loop  1          1          1        
pc0.evt-0          exit       exit       loop  exit       exit       exit     
pc0.l-0            not_ready  not_ready  loop  not_ready  not_ready  not_ready
---------------------------------------> loop <-------------------------------
pc0.x-0            0          0          loop  154/3      154/3      158/3    
pc1.evt-0          exit       exit       loop  exit       exit       exit     
pc1.l-0            not_ready  not_ready  loop  not_ready  not_ready  not_ready
pc1.x-0            0          0          loop  154/3      154/3      158/3    
---------------------------------------> loop <-------------------------------
pc10.evt-0         exit       exit       loop  exit       exit       exit     
pc10.l-0           not_ready  not_ready  loop  not_ready  not_ready  not_ready
pc10.x-0           0          0          loop  154/3      154/3      158/3    
pc11.evt-0         exit       exit       loop  exit       exit       exit     
---------------------------------------> loop <-------------------------------
pc11.l-0           not_ready  not_ready  loop  not_ready  not_ready  not_ready
pc11.x-0           0          0          loop  154/3      154/3      158/3    
pc12.evt-0         enter      enter      loop  enter      enter      enter    
pc12.l-0           not_ready  not_ready  loop  not_ready  not_ready  not_ready
---------------------------------------> loop <-------------------------------
pc12.x-0           0          0          loop  154/3      154/3      158/3    
pc13.evt-0         exit       exit       loop  exit       exit       exit     
pc13.l-0           not_ready  not_ready  loop  not_ready  not_ready  not_ready
pc13.x-0           0          0          loop  154/3      154/3      158/3    
---------------------------------------> loop <-------------------------------
pc14.evt-0         exit       exit       loop  exit       exit       exit     
pc14.l-0           not_ready  not_ready  loop  not_ready  not_ready  not_ready
pc14.x-0           0          0          loop  154/3      154/3      158/3    
pc15.evt-0         exit       exit       loop  exit       exit       exit     
---------------------------------------> loop <-------------------------------
pc15.l-0           not_ready  not_ready  loop  not_ready  not_ready  not_ready
pc15.x-0           0          0          loop  154/3      154/3      158/3    
pc16.evt-0         enter      enter      loop  enter      enter      enter    
pc16.l-0           not_ready  not_ready  loop  not_ready  not_ready  not_ready
---------------------------------------> loop <-------------------------------
pc16.x-0           0          0          loop  154/3      154/3      158/3    
pc17.evt-0         move       move       loop  move       move       move     
pc17.l-0           not_ready  not_ready  loop  not_ready  not_ready  not_ready
pc17.x-0           0          0          loop  154/3      154/3      158/3    
---------------------------------------> loop <-------------------------------
pc18.evt-0         enter      enter      loop  enter      enter      enter    
pc18.l-0           not_ready  not_ready  loop  not_ready  not_ready  not_ready
pc18.x-0           0          0          loop  154/3      154/3      158/3    
pc19.evt-0         enter      enter      loop  enter      enter      enter    
---------------------------------------> loop <-------------------------------
pc19.l-0           not_ready  not_ready  loop  not_ready  not_ready  not_ready
pc19.x-0           0          0          loop  154/3      154/3      158/3    
pc2.evt-0          exit       exit       loop  exit       exit       exit     
pc2.l-0            not_ready  not_ready  loop  not_ready  not_ready  not_ready
---------------------------------------> loop <-------------------------------
pc2.x-0            0          0          loop  154/3      154/3      158/3    
pc20.evt-0         enter      enter      loop  enter      enter      enter    
pc20.l-0           not_ready  not_ready  loop  not_ready  not_ready  not_ready
pc20.x-0           0          0          loop  154/3      154/3      158/3    
---------------------------------------> loop <-------------------------------
pc21.evt-0         exit       exit       loop  exit       exit       exit     
pc21.l-0           not_ready  not_ready  loop  not_ready  not_ready  not_ready
pc21.x-0           0          0          loop  154/3      154/3      158/3    
pc3.evt-0          enter      enter      loop  enter      enter      enter    
---------------------------------------> loop <-------------------------------
pc3.l-0            not_ready  not_ready  loop  not_ready  not_ready  not_ready
pc3.x-0            0          0          loop  154/3      154/3      158/3    
pc4.evt-0          move       move       loop  move       move       move     
pc4.l-0            not_ready  not_ready  loop  not_ready  not_ready  not_ready
---------------------------------------> loop <-------------------------------
pc4.x-0            0          0          loop  154/3      154/3      158/3    
pc5.evt-0          exit       exit       loop  exit       exit       exit     
pc5.l-0            not_ready  not_ready  loop  not_ready  not_ready  not_ready
pc5.x-0            0          0          loop  154/3      154/3      158/3    
---------------------------------------> loop <-------------------------------
pc6.evt-0          exit       exit       loop  exit       exit       exit     
pc6.l-0            not_ready  not_ready  loop  not_ready  not_ready  not_ready
pc6.x-0            0          0          loop  154/3      154/3      158/3    
pc7.evt-0          exit       exit       loop  exit       exit       exit     
---------------------------------------> loop <-------------------------------
pc7.l-0            not_ready  not_ready  loop  not_ready  not_ready  not_ready
pc7.x-0            0          0          loop  154/3      154/3      158/3    
pc8.evt-0          exit       exit       loop  exit       exit       exit     
pc8.l-0            not_ready  not_ready  loop  not_ready  not_ready  not_ready
---------------------------------------> loop <-------------------------------
pc8.x-0            0          0          loop  154/3      154/3      158/3    
pc9.evt-0          exit       exit       loop  exit       exit       exit     
pc9.l-0            not_ready  not_ready  loop  not_ready  not_ready  not_ready
pc9.x-0            0          0          loop  154/3      154/3      158/3    
