Property 0 [36;1m(FALSE SR ((pc0.l != error) | (pc1.l != error))) -> (FALSE SR (TRUE SU (id = 0)))[0m ..... [31;1mdoes not hold[0m 
>>> Index:         0          1          loop  2          3          4        
>>> Type:          |          (-)        loop  |          (-)        |        
---------------------------------------> loop <-------------------------------
+0-obligation-0    F          T          loop  T          T          T        
+0-subexp-0        T          F          loop  F          F          F        
+1-subexp-0        F          F          loop  F          F          F        
+2-subexp-0        T          T          loop  T          T          T        
---------------------------------------> loop <-------------------------------
+3-subexp-0        T          T          loop  F          F          F        
+4-subexp-0        T          T          loop  T          T          T        
+5-subexp-0        T          T          loop  F          F          F        
+6-obligation-0    F          T          loop  T          T          T        
---------------------------------------> loop <-------------------------------
+6-subexp-0        T          T          loop  F          F          F        
+7-subexp-0        F          F          loop  F          F          F        
+8-subexp-0        T          T          loop  T          T          T        
-fair-0-0          T          T          loop  T          T          F        
---------------------------------------> loop <-------------------------------
-loop-0            F          F          loop  T          F          F        
-loop-elapse-0     T          T          loop  T          T          F        
-ok-pc0.x-0        T          T          loop  T          T          F        
-ok-pc1.x-0        T          T          loop  T          T          F        
---------------------------------------> loop <-------------------------------
-ok-pc2.x-0        T          T          loop  T          T          F        
-ok-pc3.x-0        T          T          loop  T          T          F        
-ok-pc4.x-0        T          T          loop  T          T          F        
-ok-pc5.x-0        T          T          loop  T          T          F        
---------------------------------------> loop <-------------------------------
-ok-pc6.x-0        T          T          loop  T          T          F        
-ok-pc7.x-0        T          T          loop  T          T          F        
-ok-pc8.x-0        T          T          loop  T          T          F        
-smaller-exists-0  F          F          loop  F          T          T        
---------------------------------------> loop <-------------------------------
@delta-0           0          155/3      loop  0          5/3        0        
@open-0            F          T          loop  F          T          F        
a0.evt-0           enter      enter      loop  enter      enter      enter    
a0.l-0             s1         s1         loop  s1         s1         s1       
---------------------------------------> loop <-------------------------------
a1.evt-0           stutter    stutter    loop  stutter    stutter    stutter  
a1.l-0             s1         s1         loop  s1         s1         s1       
a2.evt-0           stutter    stutter    loop  stutter    stutter    stutter  
a2.l-0             s1         s1         loop  s1         s1         s1       
---------------------------------------> loop <-------------------------------
a3.evt-0           enter      enter      loop  enter      enter      enter    
a3.l-0             s1         s1         loop  s1         s1         s1       
a4.evt-0           stutter    stutter    loop  stutter    stutter    stutter  
a4.l-0             s1         s1         loop  s1         s1         s1       
---------------------------------------> loop <-------------------------------
a5.evt-0           stutter    stutter    loop  stutter    stutter    stutter  
a5.l-0             s1         s1         loop  s1         s1         s1       
a6.evt-0           exit       exit       loop  exit       exit       exit     
a6.l-0             s1         s1         loop  s1         s1         s1       
---------------------------------------> loop <-------------------------------
a7.evt-0           enter      enter      loop  enter      enter      enter    
a7.l-0             s1         s1         loop  s1         s1         s1       
a8.evt-0           exit       exit       loop  exit       exit       exit     
a8.l-0             s1         s1         loop  s1         s1         s1       
---------------------------------------> loop <-------------------------------
c.evt-0            move       move       loop  move       move       move     
c.l-0              initial    initial    loop  initial    initial    initial  
id-0               9          9          loop  9          9          9        
pc0.evt-0          move       move       loop  move       move       move     
---------------------------------------> loop <-------------------------------
pc0.l-0            not_ready  not_ready  loop  not_ready  not_ready  not_ready
pc0.x-0            0          0          loop  155/3      155/3      160/3    
pc1.evt-0          move       move       loop  move       move       move     
pc1.l-0            not_ready  not_ready  loop  not_ready  not_ready  not_ready
---------------------------------------> loop <-------------------------------
pc1.x-0            0          0          loop  155/3      155/3      160/3    
pc2.evt-0          move       move       loop  move       move       move     
pc2.l-0            not_ready  not_ready  loop  not_ready  not_ready  not_ready
pc2.x-0            0          0          loop  155/3      155/3      160/3    
---------------------------------------> loop <-------------------------------
pc3.evt-0          move       move       loop  move       move       move     
pc3.l-0            not_ready  not_ready  loop  not_ready  not_ready  not_ready
pc3.x-0            0          0          loop  155/3      155/3      160/3    
pc4.evt-0          move       move       loop  move       move       move     
---------------------------------------> loop <-------------------------------
pc4.l-0            not_ready  not_ready  loop  not_ready  not_ready  not_ready
pc4.x-0            0          0          loop  155/3      155/3      160/3    
pc5.evt-0          move       move       loop  move       move       move     
pc5.l-0            not_ready  not_ready  loop  not_ready  not_ready  not_ready
---------------------------------------> loop <-------------------------------
pc5.x-0            0          0          loop  155/3      155/3      160/3    
pc6.evt-0          move       move       loop  move       move       move     
pc6.l-0            not_ready  not_ready  loop  not_ready  not_ready  not_ready
pc6.x-0            0          0          loop  155/3      155/3      160/3    
---------------------------------------> loop <-------------------------------
pc7.evt-0          move       move       loop  move       move       move     
pc7.l-0            not_ready  not_ready  loop  not_ready  not_ready  not_ready
pc7.x-0            0          0          loop  155/3      155/3      160/3    
pc8.evt-0          move       move       loop  move       move       move     
---------------------------------------> loop <-------------------------------
pc8.l-0            not_ready  not_ready  loop  not_ready  not_ready  not_ready
pc8.x-0            0          0          loop  155/3      155/3      160/3    
