Property 0 [36;1m(FALSE SR ((pc0.l != error) | (pc1.l != error))) -> (FALSE SR (TRUE SU (id = 0)))[0m ..... [31;1mdoes not hold[0m 
>>> Index:         loop  0          1        2        3        4        
>>> Type:          loop  |          |        (-)      |        |        
-----------------> loop <-----------------------------------------------
+0-obligation-0    loop  T          T        T        T        T        
+0-subexp-0        loop  T          F        F        F        T        
+1-subexp-0        loop  F          F        F        F        F        
+2-subexp-0        loop  T          T        T        T        T        
-----------------> loop <-----------------------------------------------
+3-subexp-0        loop  T          F        T        T        T        
+4-subexp-0        loop  T          T        T        T        T        
+5-subexp-0        loop  F          T        F        F        F        
+6-obligation-0    loop  T          T        T        T        T        
-----------------> loop <-----------------------------------------------
+6-subexp-0        loop  F          T        F        F        F        
+7-subexp-0        loop  F          F        F        F        F        
+8-subexp-0        loop  T          T        T        T        T        
-fair-0-0          loop  T          T        F        F        F        
-----------------> loop <-----------------------------------------------
-loop-0            loop  T          F        F        F        F        
-loop-elapse-0     loop  T          T        T        F        F        
-ok-pc0.x-0        loop  T          T        T        F        F        
-ok-pc1.x-0        loop  T          T        T        F        F        
-----------------> loop <-----------------------------------------------
-ok-pc10.x-0       loop  T          T        T        F        F        
-ok-pc11.x-0       loop  T          T        T        F        F        
-ok-pc12.x-0       loop  T          T        T        F        F        
-ok-pc13.x-0       loop  T          T        T        F        F        
-----------------> loop <-----------------------------------------------
-ok-pc2.x-0        loop  T          T        T        F        F        
-ok-pc3.x-0        loop  T          T        T        F        F        
-ok-pc4.x-0        loop  T          T        T        F        F        
-ok-pc5.x-0        loop  T          T        T        F        F        
-----------------> loop <-----------------------------------------------
-ok-pc6.x-0        loop  T          T        T        F        F        
-ok-pc7.x-0        loop  T          T        T        F        F        
-ok-pc8.x-0        loop  T          T        T        F        F        
-ok-pc9.x-0        loop  T          T        T        F        F        
-----------------> loop <-----------------------------------------------
-smaller-exists-0  loop  F          T        T        T        T        
@delta-0           loop  0          0        25       0        0        
@open-0            loop  F          F        T        F        F        
a0.evt-0           loop  stutter    stutter  stutter  stutter  stutter  
-----------------> loop <-----------------------------------------------
a0.l-0             loop  s1         s1       s1       s1       s1       
a1.evt-0           loop  stutter    stutter  stutter  stutter  stutter  
a1.l-0             loop  s1         s1       s1       s1       s1       
a10.evt-0          loop  stutter    stutter  stutter  stutter  stutter  
-----------------> loop <-----------------------------------------------
a10.l-0            loop  s1         s1       s1       s1       s1       
a11.evt-0          loop  stutter    stutter  stutter  stutter  stutter  
a11.l-0            loop  s1         s1       s1       s1       s1       
a12.evt-0          loop  stutter    stutter  stutter  stutter  stutter  
-----------------> loop <-----------------------------------------------
a12.l-0            loop  s1         s1       s1       s1       s1       
a13.evt-0          loop  stutter    stutter  stutter  stutter  stutter  
a13.l-0            loop  s1         s1       s1       s1       s1       
a2.evt-0           loop  stutter    stutter  stutter  stutter  stutter  
-----------------> loop <-----------------------------------------------
a2.l-0             loop  s1         s1       s1       s1       s1       
a3.evt-0           loop  stutter    stutter  stutter  stutter  stutter  
a3.l-0             loop  s1         s1       s1       s1       s1       
a4.evt-0           loop  stutter    stutter  stutter  stutter  stutter  
-----------------> loop <-----------------------------------------------
a4.l-0             loop  s1         s1       s1       s1       s1       
a5.evt-0           loop  stutter    stutter  stutter  stutter  stutter  
a5.l-0             loop  s1         s1       s1       s1       s1       
a6.evt-0           loop  stutter    stutter  stutter  stutter  stutter  
-----------------> loop <-----------------------------------------------
a6.l-0             loop  s1         s1       s1       s1       s1       
a7.evt-0           loop  stutter    stutter  stutter  stutter  stutter  
a7.l-0             loop  s1         s1       s1       s1       s1       
a8.evt-0           loop  stutter    stutter  stutter  stutter  stutter  
-----------------> loop <-----------------------------------------------
a8.l-0             loop  s1         s1       s1       s1       s1       
a9.evt-0           loop  stutter    stutter  stutter  stutter  stutter  
a9.l-0             loop  s1         s1       s1       s1       s1       
c.evt-0            loop  stutter    stutter  stutter  stutter  stutter  
-----------------> loop <-----------------------------------------------
c.l-0              loop  initial    initial  initial  initial  initial  
id-0               loop  1          1        1        1        1        
pc0.evt-0          loop  move       move     move     move     move     
pc0.l-0            loop  not_ready  testing  testing  testing  not_ready
-----------------> loop <-----------------------------------------------
pc0.x-0            loop  0          0        0        25       0        
pc1.evt-0          loop  move       move     move     move     move     
pc1.l-0            loop  not_ready  testing  testing  testing  not_ready
pc1.x-0            loop  0          0        0        25       0        
-----------------> loop <-----------------------------------------------
pc10.evt-0         loop  move       move     move     move     move     
pc10.l-0           loop  not_ready  testing  testing  testing  not_ready
pc10.x-0           loop  0          0        0        25       0        
pc11.evt-0         loop  move       move     move     move     move     
-----------------> loop <-----------------------------------------------
pc11.l-0           loop  not_ready  testing  testing  testing  not_ready
pc11.x-0           loop  0          0        0        25       0        
pc12.evt-0         loop  move       move     move     move     move     
pc12.l-0           loop  not_ready  testing  testing  testing  not_ready
-----------------> loop <-----------------------------------------------
pc12.x-0           loop  0          0        0        25       0        
pc13.evt-0         loop  move       move     move     move     move     
pc13.l-0           loop  not_ready  testing  testing  testing  not_ready
pc13.x-0           loop  0          0        0        25       0        
-----------------> loop <-----------------------------------------------
pc2.evt-0          loop  move       move     move     move     move     
pc2.l-0            loop  not_ready  testing  testing  testing  not_ready
pc2.x-0            loop  0          0        0        25       0        
pc3.evt-0          loop  move       move     move     move     move     
-----------------> loop <-----------------------------------------------
pc3.l-0            loop  not_ready  testing  testing  testing  not_ready
pc3.x-0            loop  0          0        0        25       0        
pc4.evt-0          loop  move       move     move     move     move     
pc4.l-0            loop  not_ready  testing  testing  testing  not_ready
-----------------> loop <-----------------------------------------------
pc4.x-0            loop  0          0        0        25       0        
pc5.evt-0          loop  move       move     move     move     move     
pc5.l-0            loop  not_ready  testing  testing  testing  not_ready
pc5.x-0            loop  0          0        0        25       0        
-----------------> loop <-----------------------------------------------
pc6.evt-0          loop  move       move     move     move     move     
pc6.l-0            loop  not_ready  testing  testing  testing  not_ready
pc6.x-0            loop  0          0        0        25       0        
pc7.evt-0          loop  move       move     move     move     move     
-----------------> loop <-----------------------------------------------
pc7.l-0            loop  not_ready  testing  testing  testing  not_ready
pc7.x-0            loop  0          0        0        25       0        
pc8.evt-0          loop  move       move     move     move     move     
pc8.l-0            loop  not_ready  testing  testing  testing  not_ready
-----------------> loop <-----------------------------------------------
pc8.x-0            loop  0          0        0        25       0        
pc9.evt-0          loop  move       move     move     move     move     
pc9.l-0            loop  not_ready  testing  testing  testing  not_ready
pc9.x-0            loop  0          0        0        25       0        
