*** This is nuXmv 2.0.0 (compiled on Sun Mar 14 22:37:19 2021)
*** Copyright (c) 2014-2021, Fondazione Bruno Kessler
*** For more information on nuXmv see https://nuxmv.fbk.eu
*** or email to <nuxmv@list.fbk.eu>.
*** Please report bugs at https://nuxmv.fbk.eu/bugs
*** (click on "Login Anonymously" to access)
*** Alternatively write to <nuxmv@list.fbk.eu>.

*** This version of nuXmv is linked to NuSMV 2.6.0.
*** For more information on NuSMV see <http://nusmv.fbk.eu>
*** or email to <nusmv-users@list.fbk.eu>.
*** Copyright (C) 2010-2021, Fondazione Bruno Kessler

*** This version of nuXmv is linked to the CUDD library version 2.4.1
*** Copyright (c) 1995-2004, Regents of the University of Colorado

*** This version of nuXmv is linked to the MiniSat SAT solver. 
*** See http://minisat.se/MiniSat.html
*** Copyright (c) 2003-2006, Niklas Een, Niklas Sorensson
*** Copyright (c) 2007-2010, Niklas Sorensson

*** This version of nuXmv is linked to MathSAT
*** Copyright (C) 2009-2019 by Fondazione Bruno Kessler
*** Copyright (C) 2009-2019 by University of Trento and others
*** See http://mathsat.fbk.eu

-- no proof or counterexample found with bound 0
-- no proof or counterexample found with bound 1
-- no proof or counterexample found with bound 2
-- no proof or counterexample found with bound 3
-- no proof or counterexample found with bound 4
-- no proof or counterexample found with bound 5
-- LTL specification  G (s0.l = transm ->  F s0.l = wait)  is false
-- as demonstrated by the following execution sequence
Trace Description: IC3 smt counterexample 
Trace Type: Counterexample 
  -> State: 1.1 <-
    bus.x = 0.0
    s0.x = 0.0
    s1.x = 0.0
    bus.j = 0
    bus.l = idle
    s0.l = wait
    s1.l = wait
    SIGMA = 13
    LAMBDA = 404
    bus.N = 1
  -> Input: 1.2 <-
    bus.event = begin
    bus.cd_id = 0
    s0.event = begin
    s1.event = stutter
    bus.evt_cd = FALSE
    bus.evt_busy = FALSE
    bus.evt_end = FALSE
    bus.evt_begin = TRUE
    bus.evt_stutter = FALSE
    s0.evt_cd = FALSE
    s0.evt_busy = FALSE
    s0.evt_end = FALSE
    s0.evt_begin = TRUE
    s0.evt_stutter = FALSE
    s1.evt_cd = FALSE
    s1.evt_busy = FALSE
    s1.evt_end = FALSE
    s1.evt_begin = FALSE
    s1.evt_stutter = TRUE
  -- [ discrete transition ] --
  -> State: 1.2 <-
    bus.l = active
    s0.l = transm
  -> Input: 1.3 <-
    s0.event = stutter
    s1.event = begin
    s0.evt_begin = FALSE
    s0.evt_stutter = TRUE
    s1.evt_begin = TRUE
    s1.evt_stutter = FALSE
  -- [ discrete transition ] --
  -> State: 1.3 <-
    bus.l = collision
    s1.l = transm
  -- Loop starts here
  -- [ time elapse: time = diverging; delta = f'11/3 ] --
  -> State: 1.4 <-
    bus.x = f'11/3
    s0.x = f'11/3
    s1.x = f'11/3
  -- [ time elapse: time = diverging; delta = f'17/3 ] --
  -> State: 1.5 <-
    bus.x = f'28/3
    s0.x = f'28/3
    s1.x = f'28/3
  -> Input: 1.6 <-
    bus.event = cd
    s0.event = cd
    s1.event = stutter
    bus.evt_cd = TRUE
    bus.evt_begin = FALSE
    s0.evt_cd = TRUE
    s0.evt_stutter = FALSE
    s1.evt_begin = FALSE
    s1.evt_stutter = TRUE
  -- [ discrete transition ] --
  -> State: 1.6 <-
    bus.x = 0.0
    s0.x = 0.0
    bus.j = 1
    bus.l = transmit
    s0.l = retry
  -> Input: 1.7 <-
    bus.cd_id = 1
    s0.event = stutter
    s1.event = cd
    s0.evt_cd = FALSE
    s0.evt_stutter = TRUE
    s1.evt_cd = TRUE
    s1.evt_stutter = FALSE
  -- [ discrete transition ] --
  -> State: 1.7 <-
    s1.x = 0.0
    bus.j = 0
    bus.l = idle
    s1.l = retry
  -> Input: 1.8 <-
    bus.event = begin
    s0.event = begin
    s1.event = stutter
    bus.evt_cd = FALSE
    bus.evt_begin = TRUE
    s0.evt_begin = TRUE
    s0.evt_stutter = FALSE
    s1.evt_cd = FALSE
    s1.evt_stutter = TRUE
  -- [ discrete transition ] --
  -> State: 1.8 <-
    bus.l = active
    s0.l = transm
  -> Input: 1.9 <-
    bus.cd_id = 0
    s0.event = stutter
    s1.event = begin
    s0.evt_begin = FALSE
    s0.evt_stutter = TRUE
    s1.evt_begin = TRUE
    s1.evt_stutter = FALSE
  -- [ discrete transition ] --
  -> State: 1.9 <-
    bus.l = collision
    s1.l = transm
  -- [ time elapse: time = diverging; delta = f'11/3 ] --
  -> State: 1.10 <-
    bus.x = f'11/3
    s0.x = f'11/3
    s1.x = f'11/3
SUCCESS 
