Creating empty 100MiB image file: /home/magnago/overlay/lynch_protocol_0016.c.ext3
Formatting image with ext3 file system
Image is done: /home/magnago/overlay/lynch_protocol_0016.c.ext3
This is Ultimate 0.2.1-origin.dev-f91880a
[2021-04-24 15:51:19,955 INFO  L177        SettingsManager]: Resetting all preferences to default values...
[2021-04-24 15:51:19,958 INFO  L181        SettingsManager]: Resetting UltimateCore preferences to default values
[2021-04-24 15:51:20,009 INFO  L184        SettingsManager]: Ultimate Commandline Interface provides no preferences, ignoring...
[2021-04-24 15:51:20,010 INFO  L181        SettingsManager]: Resetting Boogie Preprocessor preferences to default values
[2021-04-24 15:51:20,011 INFO  L181        SettingsManager]: Resetting Boogie Procedure Inliner preferences to default values
[2021-04-24 15:51:20,012 INFO  L181        SettingsManager]: Resetting Abstract Interpretation preferences to default values
[2021-04-24 15:51:20,013 INFO  L181        SettingsManager]: Resetting LassoRanker preferences to default values
[2021-04-24 15:51:20,014 INFO  L181        SettingsManager]: Resetting Reaching Definitions preferences to default values
[2021-04-24 15:51:20,015 INFO  L181        SettingsManager]: Resetting SyntaxChecker preferences to default values
[2021-04-24 15:51:20,016 INFO  L181        SettingsManager]: Resetting Sifa preferences to default values
[2021-04-24 15:51:20,017 INFO  L184        SettingsManager]: B?chi Program Product provides no preferences, ignoring...
[2021-04-24 15:51:20,017 INFO  L181        SettingsManager]: Resetting LTL2Aut preferences to default values
[2021-04-24 15:51:20,018 INFO  L181        SettingsManager]: Resetting PEA to Boogie preferences to default values
[2021-04-24 15:51:20,019 INFO  L181        SettingsManager]: Resetting BlockEncodingV2 preferences to default values
[2021-04-24 15:51:20,020 INFO  L181        SettingsManager]: Resetting ChcToBoogie preferences to default values
[2021-04-24 15:51:20,020 INFO  L181        SettingsManager]: Resetting AutomataScriptInterpreter preferences to default values
[2021-04-24 15:51:20,021 INFO  L181        SettingsManager]: Resetting BuchiAutomizer preferences to default values
[2021-04-24 15:51:20,022 INFO  L181        SettingsManager]: Resetting CACSL2BoogieTranslator preferences to default values
[2021-04-24 15:51:20,024 INFO  L181        SettingsManager]: Resetting CodeCheck preferences to default values
[2021-04-24 15:51:20,025 INFO  L181        SettingsManager]: Resetting InvariantSynthesis preferences to default values
[2021-04-24 15:51:20,026 INFO  L181        SettingsManager]: Resetting RCFGBuilder preferences to default values
[2021-04-24 15:51:20,027 INFO  L181        SettingsManager]: Resetting Referee preferences to default values
[2021-04-24 15:51:20,027 INFO  L181        SettingsManager]: Resetting TraceAbstraction preferences to default values
[2021-04-24 15:51:20,029 INFO  L184        SettingsManager]: TraceAbstractionConcurrent provides no preferences, ignoring...
[2021-04-24 15:51:20,029 INFO  L184        SettingsManager]: TraceAbstractionWithAFAs provides no preferences, ignoring...
[2021-04-24 15:51:20,030 INFO  L181        SettingsManager]: Resetting TreeAutomizer preferences to default values
[2021-04-24 15:51:20,030 INFO  L181        SettingsManager]: Resetting IcfgToChc preferences to default values
[2021-04-24 15:51:20,031 INFO  L181        SettingsManager]: Resetting IcfgTransformer preferences to default values
[2021-04-24 15:51:20,031 INFO  L184        SettingsManager]: ReqToTest provides no preferences, ignoring...
[2021-04-24 15:51:20,032 INFO  L181        SettingsManager]: Resetting Boogie Printer preferences to default values
[2021-04-24 15:51:20,032 INFO  L181        SettingsManager]: Resetting ChcSmtPrinter preferences to default values
[2021-04-24 15:51:20,033 INFO  L181        SettingsManager]: Resetting ReqPrinter preferences to default values
[2021-04-24 15:51:20,034 INFO  L181        SettingsManager]: Resetting Witness Printer preferences to default values
[2021-04-24 15:51:20,034 INFO  L184        SettingsManager]: Boogie PL CUP Parser provides no preferences, ignoring...
[2021-04-24 15:51:20,035 INFO  L181        SettingsManager]: Resetting CDTParser preferences to default values
[2021-04-24 15:51:20,035 INFO  L184        SettingsManager]: AutomataScriptParser provides no preferences, ignoring...
[2021-04-24 15:51:20,035 INFO  L184        SettingsManager]: ReqParser provides no preferences, ignoring...
[2021-04-24 15:51:20,036 INFO  L181        SettingsManager]: Resetting SmtParser preferences to default values
[2021-04-24 15:51:20,036 INFO  L181        SettingsManager]: Resetting Witness Parser preferences to default values
[2021-04-24 15:51:20,037 INFO  L188        SettingsManager]: Finished resetting all preferences to default values...
[2021-04-24 15:51:20,038 INFO  L101        SettingsManager]: Beginning loading settings from /home/singularity/UAutomizer-linux/config/svcomp-LTL-64bit-Automizer_Default.epf
[2021-04-24 15:51:20,051 INFO  L113        SettingsManager]: Loading preferences was successful
[2021-04-24 15:51:20,052 INFO  L115        SettingsManager]: Preferences different from defaults after loading the file:
[2021-04-24 15:51:20,053 INFO  L136        SettingsManager]: Preferences of BlockEncodingV2 differ from their defaults:
[2021-04-24 15:51:20,053 INFO  L138        SettingsManager]:  * Minimize states even if more edges are added than removed.=true
[2021-04-24 15:51:20,053 INFO  L138        SettingsManager]:  * Rewrite not-equals=true
[2021-04-24 15:51:20,053 INFO  L138        SettingsManager]:  * Create parallel compositions if possible=false
[2021-04-24 15:51:20,053 INFO  L138        SettingsManager]:  * Minimize states using LBE with the strategy=NONE
[2021-04-24 15:51:20,053 INFO  L138        SettingsManager]:  * Use SBE=true
[2021-04-24 15:51:20,053 INFO  L136        SettingsManager]: Preferences of BuchiAutomizer differ from their defaults:
[2021-04-24 15:51:20,054 INFO  L138        SettingsManager]:  * Compute Interpolants along a Counterexample=Craig_TreeInterpolation
[2021-04-24 15:51:20,054 INFO  L138        SettingsManager]:  * Use old map elimination=false
[2021-04-24 15:51:20,054 INFO  L138        SettingsManager]:  * Try twofold refinement=false
[2021-04-24 15:51:20,054 INFO  L136        SettingsManager]: Preferences of CACSL2BoogieTranslator differ from their defaults:
[2021-04-24 15:51:20,054 INFO  L138        SettingsManager]:  * Check unreachability of error function in SV-COMP mode=false
[2021-04-24 15:51:20,054 INFO  L138        SettingsManager]:  * Overapproximate operations on floating types=true
[2021-04-24 15:51:20,054 INFO  L138        SettingsManager]:  * Check division by zero=IGNORE
[2021-04-24 15:51:20,054 INFO  L138        SettingsManager]:  * Pointer to allocated memory at dereference=ASSUME
[2021-04-24 15:51:20,055 INFO  L138        SettingsManager]:  * If two pointers are subtracted or compared they have the same base address=ASSUME
[2021-04-24 15:51:20,055 INFO  L138        SettingsManager]:  * Check array bounds for arrays that are off heap=ASSUME
[2021-04-24 15:51:20,055 INFO  L138        SettingsManager]:  * Check if freed pointer was valid=false
[2021-04-24 15:51:20,055 INFO  L138        SettingsManager]:  * Use constant arrays=true
[2021-04-24 15:51:20,055 INFO  L138        SettingsManager]:  * Pointer base address is valid at dereference=ASSUME
[2021-04-24 15:51:20,055 INFO  L136        SettingsManager]: Preferences of RCFGBuilder differ from their defaults:
[2021-04-24 15:51:20,055 INFO  L138        SettingsManager]:  * Size of a code block=SingleStatement
[2021-04-24 15:51:20,055 INFO  L138        SettingsManager]:  * SMT solver=Internal_SMTInterpol
Applying setting for plugin de.uni_freiburg.informatik.ultimate.plugins.generator.cacsl2boogietranslator: Overapproximate operations on floating types -> false
Applying setting for plugin de.uni_freiburg.informatik.ultimate.plugins.generator.cacsl2boogietranslator: Assume nondeterminstic values are in range -> false
[2021-04-24 15:51:20,253 INFO  L75    nceAwareModelManager]: Repository-Root is: /tmp
[2021-04-24 15:51:20,279 INFO  L261   ainManager$Toolchain]: [Toolchain 1]: Applicable parser(s) successfully (re)initialized
[2021-04-24 15:51:20,281 INFO  L217   ainManager$Toolchain]: [Toolchain 1]: Toolchain selected.
[2021-04-24 15:51:20,281 INFO  L271        PluginConnector]: Initializing CDTParser...
[2021-04-24 15:51:20,282 INFO  L275        PluginConnector]: CDTParser initialized
[2021-04-24 15:51:20,282 INFO  L432   ainManager$Toolchain]: [Toolchain 1]: Parsing single file: /home/magnago/benchmarks/ltl_timed_automata/lynch/ultimate/lynch_protocol_0016.c
[2021-04-24 15:51:20,334 INFO  L220              CDTParser]: Created temporary CDT project at /home/singularity/687e1912970542b8af099ece28c4ade0/FLAGf595687de
[2021-04-24 15:51:20,784 INFO  L306              CDTParser]: Found 1 translation units.
[2021-04-24 15:51:20,784 INFO  L160              CDTParser]: Scanning /home/magnago/benchmarks/ltl_timed_automata/lynch/ultimate/lynch_protocol_0016.c
[2021-04-24 15:51:20,824 INFO  L349              CDTParser]: About to delete temporary CDT project at /home/singularity/687e1912970542b8af099ece28c4ade0/FLAGf595687de
[2021-04-24 15:51:21,072 INFO  L357              CDTParser]: Successfully deleted /home/singularity/687e1912970542b8af099ece28c4ade0
[2021-04-24 15:51:21,073 INFO  L299   ainManager$Toolchain]: ####################### [Toolchain 1] #######################
[2021-04-24 15:51:21,075 INFO  L131        ToolchainWalker]: Walking toolchain with 7 elements.
[2021-04-24 15:51:21,077 INFO  L113        PluginConnector]: ------------------------CACSL2BoogieTranslator----------------------------
[2021-04-24 15:51:21,077 INFO  L271        PluginConnector]: Initializing CACSL2BoogieTranslator...
[2021-04-24 15:51:21,079 INFO  L275        PluginConnector]: CACSL2BoogieTranslator initialized
[2021-04-24 15:51:21,079 INFO  L185        PluginConnector]: Executing the observer ACSLObjectContainerObserver from plugin CACSL2BoogieTranslator for "CDTParser AST 24.04 03:51:21" (1/1) ...
[2021-04-24 15:51:21,080 INFO  L205        PluginConnector]: Invalid model from CACSL2BoogieTranslator for observer de.uni_freiburg.informatik.ultimate.plugins.generator.cacsl2boogietranslator.ACSLObjectContainerObserver@1cc5dfe1 and model type de.uni_freiburg.informatik.ultimate.plugins.generator.cacsl2boogietranslator AST 24.04 03:51:21, skipping insertion in model container
[2021-04-24 15:51:21,080 INFO  L185        PluginConnector]: Executing the observer CACSL2BoogieTranslatorObserver from plugin CACSL2BoogieTranslator for "CDTParser AST 24.04 03:51:21" (1/1) ...
[2021-04-24 15:51:21,086 INFO  L145         MainTranslator]: Starting translation in SV-COMP mode 
[2021-04-24 15:51:21,150 INFO  L178         MainTranslator]: Built tables and reachable declarations
[2021-04-24 15:51:21,562 INFO  L206          PostProcessor]: Analyzing one entry point: main
[2021-04-24 15:51:21,566 INFO  L203         MainTranslator]: Completed pre-run
[2021-04-24 15:51:21,745 INFO  L206          PostProcessor]: Analyzing one entry point: main
[2021-04-24 15:51:21,759 INFO  L208         MainTranslator]: Completed translation
[2021-04-24 15:51:21,759 INFO  L202        PluginConnector]: Adding new model de.uni_freiburg.informatik.ultimate.plugins.generator.cacsl2boogietranslator AST 24.04 03:51:21 WrapperNode
[2021-04-24 15:51:21,760 INFO  L132        PluginConnector]: ------------------------ END CACSL2BoogieTranslator----------------------------
[2021-04-24 15:51:21,760 INFO  L113        PluginConnector]: ------------------------Boogie Preprocessor----------------------------
[2021-04-24 15:51:21,760 INFO  L271        PluginConnector]: Initializing Boogie Preprocessor...
[2021-04-24 15:51:21,761 INFO  L275        PluginConnector]: Boogie Preprocessor initialized
[2021-04-24 15:51:21,770 INFO  L185        PluginConnector]: Executing the observer EnsureBoogieModelObserver from plugin Boogie Preprocessor for "de.uni_freiburg.informatik.ultimate.plugins.generator.cacsl2boogietranslator AST 24.04 03:51:21" (1/1) ...
[2021-04-24 15:51:21,771 INFO  L185        PluginConnector]: Executing the observer TypeChecker from plugin Boogie Preprocessor for "de.uni_freiburg.informatik.ultimate.plugins.generator.cacsl2boogietranslator AST 24.04 03:51:21" (1/1) ...
[2021-04-24 15:51:21,796 INFO  L185        PluginConnector]: Executing the observer ConstExpander from plugin Boogie Preprocessor for "de.uni_freiburg.informatik.ultimate.plugins.generator.cacsl2boogietranslator AST 24.04 03:51:21" (1/1) ...
[2021-04-24 15:51:21,796 INFO  L185        PluginConnector]: Executing the observer StructExpander from plugin Boogie Preprocessor for "de.uni_freiburg.informatik.ultimate.plugins.generator.cacsl2boogietranslator AST 24.04 03:51:21" (1/1) ...
[2021-04-24 15:51:21,831 INFO  L185        PluginConnector]: Executing the observer UnstructureCode from plugin Boogie Preprocessor for "de.uni_freiburg.informatik.ultimate.plugins.generator.cacsl2boogietranslator AST 24.04 03:51:21" (1/1) ...
[2021-04-24 15:51:21,834 INFO  L185        PluginConnector]: Executing the observer FunctionInliner from plugin Boogie Preprocessor for "de.uni_freiburg.informatik.ultimate.plugins.generator.cacsl2boogietranslator AST 24.04 03:51:21" (1/1) ...
[2021-04-24 15:51:21,848 INFO  L185        PluginConnector]: Executing the observer BoogieSymbolTableConstructor from plugin Boogie Preprocessor for "de.uni_freiburg.informatik.ultimate.plugins.generator.cacsl2boogietranslator AST 24.04 03:51:21" (1/1) ...
[2021-04-24 15:51:21,862 INFO  L132        PluginConnector]: ------------------------ END Boogie Preprocessor----------------------------
[2021-04-24 15:51:21,863 INFO  L113        PluginConnector]: ------------------------RCFGBuilder----------------------------
[2021-04-24 15:51:21,863 INFO  L271        PluginConnector]: Initializing RCFGBuilder...
[2021-04-24 15:51:21,863 INFO  L275        PluginConnector]: RCFGBuilder initialized
[2021-04-24 15:51:21,864 INFO  L185        PluginConnector]: Executing the observer RCFGBuilderObserver from plugin RCFGBuilder for "de.uni_freiburg.informatik.ultimate.plugins.generator.cacsl2boogietranslator AST 24.04 03:51:21" (1/1) ...
[2021-04-24 15:51:21,931 INFO  L138     BoogieDeclarations]: Found implementation of procedure ULTIMATE.init
[2021-04-24 15:51:21,931 INFO  L138     BoogieDeclarations]: Found implementation of procedure ULTIMATE.start
[2021-04-24 15:51:21,931 INFO  L138     BoogieDeclarations]: Found implementation of procedure __VERIFIER_nondet_bool
[2021-04-24 15:51:21,931 INFO  L138     BoogieDeclarations]: Found implementation of procedure main
[2021-04-24 15:51:21,931 INFO  L130     BoogieDeclarations]: Found specification of procedure __VERIFIER_nondet_float
[2021-04-24 15:51:21,931 INFO  L130     BoogieDeclarations]: Found specification of procedure __VERIFIER_nondet_int
[2021-04-24 15:51:21,931 INFO  L130     BoogieDeclarations]: Found specification of procedure __VERIFIER_nondet_bool
[2021-04-24 15:51:21,931 INFO  L130     BoogieDeclarations]: Found specification of procedure main
[2021-04-24 15:51:21,931 INFO  L130     BoogieDeclarations]: Found specification of procedure ULTIMATE.init
[2021-04-24 15:51:21,931 INFO  L130     BoogieDeclarations]: Found specification of procedure ULTIMATE.start
[2021-04-24 15:51:22,531 INFO  L294             CfgBuilder]: Using the 1 location(s) as analysis (start of procedure ULTIMATE.start)
[2021-04-24 15:51:22,531 INFO  L299             CfgBuilder]: Removed 1 assume(true) statements.
[2021-04-24 15:51:22,533 INFO  L202        PluginConnector]: Adding new model de.uni_freiburg.informatik.ultimate.plugins.generator.rcfgbuilder CFG 24.04 03:51:22 BoogieIcfgContainer
[2021-04-24 15:51:22,533 INFO  L132        PluginConnector]: ------------------------ END RCFGBuilder----------------------------
[2021-04-24 15:51:22,533 INFO  L113        PluginConnector]: ------------------------LTL2Aut----------------------------
[2021-04-24 15:51:22,533 INFO  L271        PluginConnector]: Initializing LTL2Aut...
[2021-04-24 15:51:22,535 INFO  L275        PluginConnector]: LTL2Aut initialized
[2021-04-24 15:51:22,537 INFO  L185        PluginConnector]: Executing the observer LTL2autObserver from plugin LTL2Aut for "de.uni_freiburg.informatik.ultimate.plugins.generator.cacsl2boogietranslator AST 24.04 03:51:21" (2/3) ...
No working directory specified, using /usr/bin/ltl2ba
Starting monitored process 1 with ltl2ba -f ! ( ( ( [] ( <> ( a ) ) || ! ( [] ( <> ( b ) ) ) ) || ! ( [] ( <> ( c ) ) ) ) )  (exit command is null, workingDir is null)
[2021-04-24 15:51:22,581 INFO  L125        LTL2autObserver]: LTL Property is: ((G(F((!(0 != ~p0_l3~0) && 0 != ~p0_l2~0 && 0 != ~p0_l1~0 && !(0 != ~p0_l0~0)))) || !(G(F((1 == ~v1~0))))) || !(G(F((1.0 <= ~_diverge_delta~0)))))
[2021-04-24 15:51:22,581 INFO  L202        PluginConnector]: Adding new model Hardcoded de.uni_freiburg.informatik.ultimate.ltl2aut AST 24.04 03:51:22 NWAContainer
[2021-04-24 15:51:22,582 INFO  L132        PluginConnector]: ------------------------ END LTL2Aut----------------------------
[2021-04-24 15:51:22,582 INFO  L113        PluginConnector]: ------------------------B?chi Program Product----------------------------
[2021-04-24 15:51:22,582 INFO  L271        PluginConnector]: Initializing B?chi Program Product...
[2021-04-24 15:51:22,583 INFO  L275        PluginConnector]: B?chi Program Product initialized
[2021-04-24 15:51:22,584 INFO  L185        PluginConnector]: Executing the observer BuchiProductObserver from plugin B?chi Program Product for "de.uni_freiburg.informatik.ultimate.plugins.generator.rcfgbuilder CFG 24.04 03:51:22" (3/4) ...
[2021-04-24 15:51:22,584 INFO  L205        PluginConnector]: Invalid model from B?chi Program Product for observer de.uni_freiburg.informatik.ultimate.buchiprogramproduct.BuchiProductObserver@6672552 and model type LTL+Program Product de.uni_freiburg.informatik.ultimate.buchiprogramproduct OTHER 24.04 03:51:22, skipping insertion in model container
[2021-04-24 15:51:22,585 INFO  L185        PluginConnector]: Executing the observer BuchiProductObserver from plugin B?chi Program Product for "Hardcoded de.uni_freiburg.informatik.ultimate.ltl2aut AST 24.04 03:51:22" (4/4) ...
[2021-04-24 15:51:22,587 INFO  L104   BuchiProductObserver]: Initial property automaton 4 locations, 10 edges
[2021-04-24 15:51:22,589 INFO  L110   BuchiProductObserver]: Initial RCFG 877 locations, 1203 edges
[2021-04-24 15:51:22,589 INFO  L93    BuchiProductObserver]: Beginning generation of product automaton
[2021-04-24 15:51:22,596 INFO  L132       ProductGenerator]: The program has no step specification, so we assume maximum atomicity
[2021-04-24 15:51:25,318 INFO  L97    BuchiProductObserver]: Finished generation of product automaton successfully
[2021-04-24 15:51:25,328 INFO  L110   BuchiProductObserver]: BuchiProgram size 4183 locations, 10797 edges
[2021-04-24 15:51:25,328 INFO  L202        PluginConnector]: Adding new model LTL+Program Product de.uni_freiburg.informatik.ultimate.buchiprogramproduct OTHER 24.04 03:51:25 BoogieIcfgContainer
[2021-04-24 15:51:25,329 INFO  L132        PluginConnector]: ------------------------ END B?chi Program Product----------------------------
[2021-04-24 15:51:25,329 INFO  L113        PluginConnector]: ------------------------BlockEncodingV2----------------------------
[2021-04-24 15:51:25,329 INFO  L271        PluginConnector]: Initializing BlockEncodingV2...
[2021-04-24 15:51:25,331 INFO  L275        PluginConnector]: BlockEncodingV2 initialized
[2021-04-24 15:51:25,331 INFO  L185        PluginConnector]: Executing the observer BlockEncodingObserver from plugin BlockEncodingV2 for "LTL+Program Product de.uni_freiburg.informatik.ultimate.buchiprogramproduct OTHER 24.04 03:51:25" (1/1) ...
[2021-04-24 15:51:25,549 INFO  L313           BlockEncoder]: Initial Icfg 4183 locations, 10797 edges
[2021-04-24 15:51:25,549 INFO  L258           BlockEncoder]: Using Remove infeasible edges
[2021-04-24 15:51:25,549 INFO  L263           BlockEncoder]: Using Maximize final states
[2021-04-24 15:51:25,550 INFO  L270           BlockEncoder]: Using Minimize states even if more edges are added than removed.=true
[2021-04-24 15:51:25,550 INFO  L296           BlockEncoder]: Using Remove sink states
[2021-04-24 15:51:25,550 INFO  L171           BlockEncoder]: Using Apply optimizations until nothing changes=true
[2021-04-24 15:51:25,551 INFO  L179           BlockEncoder]: Using Rewrite not-equals
Received shutdown request...
