Creating empty 100MiB image file: /home/magnago/overlay/lynch_protocol_0026.c.ext3
Formatting image with ext3 file system
Image is done: /home/magnago/overlay/lynch_protocol_0026.c.ext3
This is Ultimate 0.2.1-origin.dev-f91880a
[2021-04-24 15:57:56,171 INFO  L177        SettingsManager]: Resetting all preferences to default values...
[2021-04-24 15:57:56,173 INFO  L181        SettingsManager]: Resetting UltimateCore preferences to default values
[2021-04-24 15:57:56,220 INFO  L184        SettingsManager]: Ultimate Commandline Interface provides no preferences, ignoring...
[2021-04-24 15:57:56,221 INFO  L181        SettingsManager]: Resetting Boogie Preprocessor preferences to default values
[2021-04-24 15:57:56,222 INFO  L181        SettingsManager]: Resetting Boogie Procedure Inliner preferences to default values
[2021-04-24 15:57:56,223 INFO  L181        SettingsManager]: Resetting Abstract Interpretation preferences to default values
[2021-04-24 15:57:56,224 INFO  L181        SettingsManager]: Resetting LassoRanker preferences to default values
[2021-04-24 15:57:56,225 INFO  L181        SettingsManager]: Resetting Reaching Definitions preferences to default values
[2021-04-24 15:57:56,226 INFO  L181        SettingsManager]: Resetting SyntaxChecker preferences to default values
[2021-04-24 15:57:56,226 INFO  L181        SettingsManager]: Resetting Sifa preferences to default values
[2021-04-24 15:57:56,227 INFO  L184        SettingsManager]: B?chi Program Product provides no preferences, ignoring...
[2021-04-24 15:57:56,227 INFO  L181        SettingsManager]: Resetting LTL2Aut preferences to default values
[2021-04-24 15:57:56,228 INFO  L181        SettingsManager]: Resetting PEA to Boogie preferences to default values
[2021-04-24 15:57:56,229 INFO  L181        SettingsManager]: Resetting BlockEncodingV2 preferences to default values
[2021-04-24 15:57:56,230 INFO  L181        SettingsManager]: Resetting ChcToBoogie preferences to default values
[2021-04-24 15:57:56,230 INFO  L181        SettingsManager]: Resetting AutomataScriptInterpreter preferences to default values
[2021-04-24 15:57:56,231 INFO  L181        SettingsManager]: Resetting BuchiAutomizer preferences to default values
[2021-04-24 15:57:56,232 INFO  L181        SettingsManager]: Resetting CACSL2BoogieTranslator preferences to default values
[2021-04-24 15:57:56,233 INFO  L181        SettingsManager]: Resetting CodeCheck preferences to default values
[2021-04-24 15:57:56,234 INFO  L181        SettingsManager]: Resetting InvariantSynthesis preferences to default values
[2021-04-24 15:57:56,235 INFO  L181        SettingsManager]: Resetting RCFGBuilder preferences to default values
[2021-04-24 15:57:56,236 INFO  L181        SettingsManager]: Resetting Referee preferences to default values
[2021-04-24 15:57:56,237 INFO  L181        SettingsManager]: Resetting TraceAbstraction preferences to default values
[2021-04-24 15:57:56,238 INFO  L184        SettingsManager]: TraceAbstractionConcurrent provides no preferences, ignoring...
[2021-04-24 15:57:56,239 INFO  L184        SettingsManager]: TraceAbstractionWithAFAs provides no preferences, ignoring...
[2021-04-24 15:57:56,239 INFO  L181        SettingsManager]: Resetting TreeAutomizer preferences to default values
[2021-04-24 15:57:56,239 INFO  L181        SettingsManager]: Resetting IcfgToChc preferences to default values
[2021-04-24 15:57:56,240 INFO  L181        SettingsManager]: Resetting IcfgTransformer preferences to default values
[2021-04-24 15:57:56,240 INFO  L184        SettingsManager]: ReqToTest provides no preferences, ignoring...
[2021-04-24 15:57:56,241 INFO  L181        SettingsManager]: Resetting Boogie Printer preferences to default values
[2021-04-24 15:57:56,241 INFO  L181        SettingsManager]: Resetting ChcSmtPrinter preferences to default values
[2021-04-24 15:57:56,242 INFO  L181        SettingsManager]: Resetting ReqPrinter preferences to default values
[2021-04-24 15:57:56,242 INFO  L181        SettingsManager]: Resetting Witness Printer preferences to default values
[2021-04-24 15:57:56,243 INFO  L184        SettingsManager]: Boogie PL CUP Parser provides no preferences, ignoring...
[2021-04-24 15:57:56,243 INFO  L181        SettingsManager]: Resetting CDTParser preferences to default values
[2021-04-24 15:57:56,244 INFO  L184        SettingsManager]: AutomataScriptParser provides no preferences, ignoring...
[2021-04-24 15:57:56,244 INFO  L184        SettingsManager]: ReqParser provides no preferences, ignoring...
[2021-04-24 15:57:56,244 INFO  L181        SettingsManager]: Resetting SmtParser preferences to default values
[2021-04-24 15:57:56,245 INFO  L181        SettingsManager]: Resetting Witness Parser preferences to default values
[2021-04-24 15:57:56,245 INFO  L188        SettingsManager]: Finished resetting all preferences to default values...
[2021-04-24 15:57:56,246 INFO  L101        SettingsManager]: Beginning loading settings from /home/singularity/UAutomizer-linux/config/svcomp-LTL-64bit-Automizer_Default.epf
[2021-04-24 15:57:56,259 INFO  L113        SettingsManager]: Loading preferences was successful
[2021-04-24 15:57:56,259 INFO  L115        SettingsManager]: Preferences different from defaults after loading the file:
[2021-04-24 15:57:56,260 INFO  L136        SettingsManager]: Preferences of BlockEncodingV2 differ from their defaults:
[2021-04-24 15:57:56,260 INFO  L138        SettingsManager]:  * Minimize states even if more edges are added than removed.=true
[2021-04-24 15:57:56,260 INFO  L138        SettingsManager]:  * Rewrite not-equals=true
[2021-04-24 15:57:56,260 INFO  L138        SettingsManager]:  * Create parallel compositions if possible=false
[2021-04-24 15:57:56,261 INFO  L138        SettingsManager]:  * Minimize states using LBE with the strategy=NONE
[2021-04-24 15:57:56,261 INFO  L138        SettingsManager]:  * Use SBE=true
[2021-04-24 15:57:56,261 INFO  L136        SettingsManager]: Preferences of BuchiAutomizer differ from their defaults:
[2021-04-24 15:57:56,261 INFO  L138        SettingsManager]:  * Compute Interpolants along a Counterexample=Craig_TreeInterpolation
[2021-04-24 15:57:56,261 INFO  L138        SettingsManager]:  * Use old map elimination=false
[2021-04-24 15:57:56,261 INFO  L138        SettingsManager]:  * Try twofold refinement=false
[2021-04-24 15:57:56,261 INFO  L136        SettingsManager]: Preferences of CACSL2BoogieTranslator differ from their defaults:
[2021-04-24 15:57:56,261 INFO  L138        SettingsManager]:  * Check unreachability of error function in SV-COMP mode=false
[2021-04-24 15:57:56,261 INFO  L138        SettingsManager]:  * Overapproximate operations on floating types=true
[2021-04-24 15:57:56,262 INFO  L138        SettingsManager]:  * Check division by zero=IGNORE
[2021-04-24 15:57:56,262 INFO  L138        SettingsManager]:  * Pointer to allocated memory at dereference=ASSUME
[2021-04-24 15:57:56,262 INFO  L138        SettingsManager]:  * If two pointers are subtracted or compared they have the same base address=ASSUME
[2021-04-24 15:57:56,262 INFO  L138        SettingsManager]:  * Check array bounds for arrays that are off heap=ASSUME
[2021-04-24 15:57:56,262 INFO  L138        SettingsManager]:  * Check if freed pointer was valid=false
[2021-04-24 15:57:56,262 INFO  L138        SettingsManager]:  * Use constant arrays=true
[2021-04-24 15:57:56,262 INFO  L138        SettingsManager]:  * Pointer base address is valid at dereference=ASSUME
[2021-04-24 15:57:56,262 INFO  L136        SettingsManager]: Preferences of RCFGBuilder differ from their defaults:
[2021-04-24 15:57:56,262 INFO  L138        SettingsManager]:  * Size of a code block=SingleStatement
[2021-04-24 15:57:56,263 INFO  L138        SettingsManager]:  * SMT solver=Internal_SMTInterpol
Applying setting for plugin de.uni_freiburg.informatik.ultimate.plugins.generator.cacsl2boogietranslator: Overapproximate operations on floating types -> false
Applying setting for plugin de.uni_freiburg.informatik.ultimate.plugins.generator.cacsl2boogietranslator: Assume nondeterminstic values are in range -> false
[2021-04-24 15:57:56,492 INFO  L75    nceAwareModelManager]: Repository-Root is: /tmp
[2021-04-24 15:57:56,521 INFO  L261   ainManager$Toolchain]: [Toolchain 1]: Applicable parser(s) successfully (re)initialized
[2021-04-24 15:57:56,523 INFO  L217   ainManager$Toolchain]: [Toolchain 1]: Toolchain selected.
[2021-04-24 15:57:56,524 INFO  L271        PluginConnector]: Initializing CDTParser...
[2021-04-24 15:57:56,525 INFO  L275        PluginConnector]: CDTParser initialized
[2021-04-24 15:57:56,525 INFO  L432   ainManager$Toolchain]: [Toolchain 1]: Parsing single file: /home/magnago/benchmarks/ltl_timed_automata/lynch/ultimate/lynch_protocol_0026.c
[2021-04-24 15:57:56,570 INFO  L220              CDTParser]: Created temporary CDT project at /home/singularity/d8737fdfb17a484ca8d94d42d06aacc9/FLAG031417142
[2021-04-24 15:57:57,118 INFO  L306              CDTParser]: Found 1 translation units.
[2021-04-24 15:57:57,118 INFO  L160              CDTParser]: Scanning /home/magnago/benchmarks/ltl_timed_automata/lynch/ultimate/lynch_protocol_0026.c
[2021-04-24 15:57:57,166 INFO  L349              CDTParser]: About to delete temporary CDT project at /home/singularity/d8737fdfb17a484ca8d94d42d06aacc9/FLAG031417142
[2021-04-24 15:57:57,324 INFO  L357              CDTParser]: Successfully deleted /home/singularity/d8737fdfb17a484ca8d94d42d06aacc9
[2021-04-24 15:57:57,326 INFO  L299   ainManager$Toolchain]: ####################### [Toolchain 1] #######################
[2021-04-24 15:57:57,328 INFO  L131        ToolchainWalker]: Walking toolchain with 7 elements.
[2021-04-24 15:57:57,329 INFO  L113        PluginConnector]: ------------------------CACSL2BoogieTranslator----------------------------
[2021-04-24 15:57:57,329 INFO  L271        PluginConnector]: Initializing CACSL2BoogieTranslator...
[2021-04-24 15:57:57,331 INFO  L275        PluginConnector]: CACSL2BoogieTranslator initialized
[2021-04-24 15:57:57,332 INFO  L185        PluginConnector]: Executing the observer ACSLObjectContainerObserver from plugin CACSL2BoogieTranslator for "CDTParser AST 24.04 03:57:57" (1/1) ...
[2021-04-24 15:57:57,333 INFO  L205        PluginConnector]: Invalid model from CACSL2BoogieTranslator for observer de.uni_freiburg.informatik.ultimate.plugins.generator.cacsl2boogietranslator.ACSLObjectContainerObserver@53ad8066 and model type de.uni_freiburg.informatik.ultimate.plugins.generator.cacsl2boogietranslator AST 24.04 03:57:57, skipping insertion in model container
[2021-04-24 15:57:57,333 INFO  L185        PluginConnector]: Executing the observer CACSL2BoogieTranslatorObserver from plugin CACSL2BoogieTranslator for "CDTParser AST 24.04 03:57:57" (1/1) ...
[2021-04-24 15:57:57,339 INFO  L145         MainTranslator]: Starting translation in SV-COMP mode 
[2021-04-24 15:57:57,429 INFO  L178         MainTranslator]: Built tables and reachable declarations
[2021-04-24 15:57:58,036 INFO  L206          PostProcessor]: Analyzing one entry point: main
[2021-04-24 15:57:58,042 INFO  L203         MainTranslator]: Completed pre-run
[2021-04-24 15:57:58,342 INFO  L206          PostProcessor]: Analyzing one entry point: main
[2021-04-24 15:57:58,363 INFO  L208         MainTranslator]: Completed translation
[2021-04-24 15:57:58,363 INFO  L202        PluginConnector]: Adding new model de.uni_freiburg.informatik.ultimate.plugins.generator.cacsl2boogietranslator AST 24.04 03:57:58 WrapperNode
[2021-04-24 15:57:58,363 INFO  L132        PluginConnector]: ------------------------ END CACSL2BoogieTranslator----------------------------
[2021-04-24 15:57:58,364 INFO  L113        PluginConnector]: ------------------------Boogie Preprocessor----------------------------
[2021-04-24 15:57:58,364 INFO  L271        PluginConnector]: Initializing Boogie Preprocessor...
[2021-04-24 15:57:58,364 INFO  L275        PluginConnector]: Boogie Preprocessor initialized
[2021-04-24 15:57:58,372 INFO  L185        PluginConnector]: Executing the observer EnsureBoogieModelObserver from plugin Boogie Preprocessor for "de.uni_freiburg.informatik.ultimate.plugins.generator.cacsl2boogietranslator AST 24.04 03:57:58" (1/1) ...
[2021-04-24 15:57:58,372 INFO  L185        PluginConnector]: Executing the observer TypeChecker from plugin Boogie Preprocessor for "de.uni_freiburg.informatik.ultimate.plugins.generator.cacsl2boogietranslator AST 24.04 03:57:58" (1/1) ...
[2021-04-24 15:57:58,404 INFO  L185        PluginConnector]: Executing the observer ConstExpander from plugin Boogie Preprocessor for "de.uni_freiburg.informatik.ultimate.plugins.generator.cacsl2boogietranslator AST 24.04 03:57:58" (1/1) ...
[2021-04-24 15:57:58,404 INFO  L185        PluginConnector]: Executing the observer StructExpander from plugin Boogie Preprocessor for "de.uni_freiburg.informatik.ultimate.plugins.generator.cacsl2boogietranslator AST 24.04 03:57:58" (1/1) ...
[2021-04-24 15:57:58,482 INFO  L185        PluginConnector]: Executing the observer UnstructureCode from plugin Boogie Preprocessor for "de.uni_freiburg.informatik.ultimate.plugins.generator.cacsl2boogietranslator AST 24.04 03:57:58" (1/1) ...
[2021-04-24 15:57:58,488 INFO  L185        PluginConnector]: Executing the observer FunctionInliner from plugin Boogie Preprocessor for "de.uni_freiburg.informatik.ultimate.plugins.generator.cacsl2boogietranslator AST 24.04 03:57:58" (1/1) ...
[2021-04-24 15:57:58,513 INFO  L185        PluginConnector]: Executing the observer BoogieSymbolTableConstructor from plugin Boogie Preprocessor for "de.uni_freiburg.informatik.ultimate.plugins.generator.cacsl2boogietranslator AST 24.04 03:57:58" (1/1) ...
[2021-04-24 15:57:58,531 INFO  L132        PluginConnector]: ------------------------ END Boogie Preprocessor----------------------------
[2021-04-24 15:57:58,532 INFO  L113        PluginConnector]: ------------------------RCFGBuilder----------------------------
[2021-04-24 15:57:58,532 INFO  L271        PluginConnector]: Initializing RCFGBuilder...
[2021-04-24 15:57:58,532 INFO  L275        PluginConnector]: RCFGBuilder initialized
[2021-04-24 15:57:58,533 INFO  L185        PluginConnector]: Executing the observer RCFGBuilderObserver from plugin RCFGBuilder for "de.uni_freiburg.informatik.ultimate.plugins.generator.cacsl2boogietranslator AST 24.04 03:57:58" (1/1) ...
[2021-04-24 15:57:58,595 INFO  L138     BoogieDeclarations]: Found implementation of procedure ULTIMATE.init
[2021-04-24 15:57:58,595 INFO  L138     BoogieDeclarations]: Found implementation of procedure ULTIMATE.start
[2021-04-24 15:57:58,595 INFO  L138     BoogieDeclarations]: Found implementation of procedure __VERIFIER_nondet_bool
[2021-04-24 15:57:58,595 INFO  L138     BoogieDeclarations]: Found implementation of procedure main
[2021-04-24 15:57:58,595 INFO  L130     BoogieDeclarations]: Found specification of procedure __VERIFIER_nondet_float
[2021-04-24 15:57:58,595 INFO  L130     BoogieDeclarations]: Found specification of procedure __VERIFIER_nondet_int
[2021-04-24 15:57:58,595 INFO  L130     BoogieDeclarations]: Found specification of procedure __VERIFIER_nondet_bool
[2021-04-24 15:57:58,595 INFO  L130     BoogieDeclarations]: Found specification of procedure main
[2021-04-24 15:57:58,595 INFO  L130     BoogieDeclarations]: Found specification of procedure ULTIMATE.init
[2021-04-24 15:57:58,596 INFO  L130     BoogieDeclarations]: Found specification of procedure ULTIMATE.start
[2021-04-24 15:57:59,471 INFO  L294             CfgBuilder]: Using the 1 location(s) as analysis (start of procedure ULTIMATE.start)
[2021-04-24 15:57:59,472 INFO  L299             CfgBuilder]: Removed 1 assume(true) statements.
[2021-04-24 15:57:59,474 INFO  L202        PluginConnector]: Adding new model de.uni_freiburg.informatik.ultimate.plugins.generator.rcfgbuilder CFG 24.04 03:57:59 BoogieIcfgContainer
[2021-04-24 15:57:59,474 INFO  L132        PluginConnector]: ------------------------ END RCFGBuilder----------------------------
[2021-04-24 15:57:59,474 INFO  L113        PluginConnector]: ------------------------LTL2Aut----------------------------
[2021-04-24 15:57:59,474 INFO  L271        PluginConnector]: Initializing LTL2Aut...
[2021-04-24 15:57:59,476 INFO  L275        PluginConnector]: LTL2Aut initialized
[2021-04-24 15:57:59,477 INFO  L185        PluginConnector]: Executing the observer LTL2autObserver from plugin LTL2Aut for "de.uni_freiburg.informatik.ultimate.plugins.generator.cacsl2boogietranslator AST 24.04 03:57:58" (2/3) ...
No working directory specified, using /usr/bin/ltl2ba
Starting monitored process 1 with ltl2ba -f ! ( ( ( [] ( <> ( a ) ) || ! ( [] ( <> ( b ) ) ) ) || ! ( [] ( <> ( c ) ) ) ) )  (exit command is null, workingDir is null)
[2021-04-24 15:57:59,523 INFO  L125        LTL2autObserver]: LTL Property is: ((G(F((!(0 != ~p0_l3~0) && 0 != ~p0_l2~0 && 0 != ~p0_l1~0 && !(0 != ~p0_l0~0)))) || !(G(F((1 == ~v1~0))))) || !(G(F((1.0 <= ~_diverge_delta~0)))))
[2021-04-24 15:57:59,523 INFO  L202        PluginConnector]: Adding new model Hardcoded de.uni_freiburg.informatik.ultimate.ltl2aut AST 24.04 03:57:59 NWAContainer
[2021-04-24 15:57:59,524 INFO  L132        PluginConnector]: ------------------------ END LTL2Aut----------------------------
[2021-04-24 15:57:59,524 INFO  L113        PluginConnector]: ------------------------B?chi Program Product----------------------------
[2021-04-24 15:57:59,524 INFO  L271        PluginConnector]: Initializing B?chi Program Product...
[2021-04-24 15:57:59,525 INFO  L275        PluginConnector]: B?chi Program Product initialized
[2021-04-24 15:57:59,526 INFO  L185        PluginConnector]: Executing the observer BuchiProductObserver from plugin B?chi Program Product for "de.uni_freiburg.informatik.ultimate.plugins.generator.rcfgbuilder CFG 24.04 03:57:59" (3/4) ...
[2021-04-24 15:57:59,527 INFO  L205        PluginConnector]: Invalid model from B?chi Program Product for observer de.uni_freiburg.informatik.ultimate.buchiprogramproduct.BuchiProductObserver@3e365e3d and model type LTL+Program Product de.uni_freiburg.informatik.ultimate.buchiprogramproduct OTHER 24.04 03:57:59, skipping insertion in model container
[2021-04-24 15:57:59,527 INFO  L185        PluginConnector]: Executing the observer BuchiProductObserver from plugin B?chi Program Product for "Hardcoded de.uni_freiburg.informatik.ultimate.ltl2aut AST 24.04 03:57:59" (4/4) ...
[2021-04-24 15:57:59,530 INFO  L104   BuchiProductObserver]: Initial property automaton 4 locations, 10 edges
[2021-04-24 15:57:59,534 INFO  L110   BuchiProductObserver]: Initial RCFG 1397 locations, 1923 edges
[2021-04-24 15:57:59,535 INFO  L93    BuchiProductObserver]: Beginning generation of product automaton
[2021-04-24 15:57:59,545 INFO  L132       ProductGenerator]: The program has no step specification, so we assume maximum atomicity
[2021-04-24 15:58:03,795 INFO  L97    BuchiProductObserver]: Finished generation of product automaton successfully
[2021-04-24 15:58:03,809 INFO  L110   BuchiProductObserver]: BuchiProgram size 6703 locations, 17317 edges
[2021-04-24 15:58:03,810 INFO  L202        PluginConnector]: Adding new model LTL+Program Product de.uni_freiburg.informatik.ultimate.buchiprogramproduct OTHER 24.04 03:58:03 BoogieIcfgContainer
[2021-04-24 15:58:03,810 INFO  L132        PluginConnector]: ------------------------ END B?chi Program Product----------------------------
[2021-04-24 15:58:03,810 INFO  L113        PluginConnector]: ------------------------BlockEncodingV2----------------------------
[2021-04-24 15:58:03,811 INFO  L271        PluginConnector]: Initializing BlockEncodingV2...
[2021-04-24 15:58:03,812 INFO  L275        PluginConnector]: BlockEncodingV2 initialized
[2021-04-24 15:58:03,813 INFO  L185        PluginConnector]: Executing the observer BlockEncodingObserver from plugin BlockEncodingV2 for "LTL+Program Product de.uni_freiburg.informatik.ultimate.buchiprogramproduct OTHER 24.04 03:58:03" (1/1) ...
[2021-04-24 15:58:04,079 INFO  L313           BlockEncoder]: Initial Icfg 6703 locations, 17317 edges
[2021-04-24 15:58:04,079 INFO  L258           BlockEncoder]: Using Remove infeasible edges
[2021-04-24 15:58:04,080 INFO  L263           BlockEncoder]: Using Maximize final states
[2021-04-24 15:58:04,080 INFO  L270           BlockEncoder]: Using Minimize states even if more edges are added than removed.=true
[2021-04-24 15:58:04,080 INFO  L296           BlockEncoder]: Using Remove sink states
[2021-04-24 15:58:04,081 INFO  L171           BlockEncoder]: Using Apply optimizations until nothing changes=true
[2021-04-24 15:58:04,081 INFO  L179           BlockEncoder]: Using Rewrite not-equals
Received shutdown request...
