Property 0 [36;1mFALSE SR (((gate.l = g0) & (gate.x_l = g1)) -> (TRUE SU ((gate.l = g2) & (gate.x_l = g3))))[0m ..... [31;1mdoes not hold[0m 
>>> Index:          0         1         loop  2         3         4       
>>> Type:           |         (-)       loop  |         (-)       |       
--------------------------------------> loop <----------------------------
+0-subexp-0         T         T         loop  F         F         F       
+1-subexp-0         T         T         loop  T         T         T       
+2-subexp-0         T         T         loop  F         F         F       
+3-obligation-0     F         T         loop  T         T         T       
--------------------------------------> loop <----------------------------
+3-subexp-0         T         T         loop  F         F         F       
+4-subexp-0         F         F         loop  F         F         F       
+5-subexp-0         T         T         loop  T         T         T       
-fair-0-0           T         T         loop  T         T         F       
--------------------------------------> loop <----------------------------
-loop-0             F         F         loop  T         F         F       
-loop-elapse-0      T         T         loop  T         T         F       
-ok-controller.z-0  T         T         loop  T         T         F       
-ok-gate.y-0        T         T         loop  T         T         F       
--------------------------------------> loop <----------------------------
-ok-train0.x-0      T         T         loop  T         T         F       
-ok-train1.x-0      T         T         loop  T         T         F       
-ok-train10.x-0     T         T         loop  T         T         F       
-ok-train11.x-0     T         T         loop  T         T         F       
--------------------------------------> loop <----------------------------
-ok-train12.x-0     T         T         loop  T         T         F       
-ok-train13.x-0     T         T         loop  T         T         F       
-ok-train14.x-0     T         T         loop  T         T         F       
-ok-train15.x-0     T         T         loop  T         T         F       
--------------------------------------> loop <----------------------------
-ok-train16.x-0     T         T         loop  T         T         F       
-ok-train17.x-0     T         T         loop  T         T         F       
-ok-train18.x-0     T         T         loop  T         T         F       
-ok-train19.x-0     T         T         loop  T         T         F       
--------------------------------------> loop <----------------------------
-ok-train2.x-0      T         T         loop  T         T         F       
-ok-train20.x-0     T         T         loop  T         T         F       
-ok-train21.x-0     T         T         loop  T         T         F       
-ok-train22.x-0     T         T         loop  T         T         F       
--------------------------------------> loop <----------------------------
-ok-train23.x-0     T         T         loop  T         T         F       
-ok-train24.x-0     T         T         loop  T         T         F       
-ok-train25.x-0     T         T         loop  T         T         F       
-ok-train26.x-0     T         T         loop  T         T         F       
--------------------------------------> loop <----------------------------
-ok-train27.x-0     T         T         loop  T         T         F       
-ok-train3.x-0      T         T         loop  T         T         F       
-ok-train4.x-0      T         T         loop  T         T         F       
-ok-train5.x-0      T         T         loop  T         T         F       
--------------------------------------> loop <----------------------------
-ok-train6.x-0      T         T         loop  T         T         F       
-ok-train7.x-0      T         T         loop  T         T         F       
-ok-train8.x-0      T         T         loop  T         T         F       
-ok-train9.x-0      T         T         loop  T         T         F       
--------------------------------------> loop <----------------------------
-smaller-exists-0   F         F         loop  F         T         T       
@delta-0            0         19/3      loop  0         4/3       0       
@open-0             F         T         loop  F         T         F       
controller.cnt-0    2         2         loop  2         2         2       
--------------------------------------> loop <----------------------------
controller.evt-0    lower     lower     loop  lower     lower     lower   
controller.l-0      c0        c0        loop  c0        c0        c0      
controller.z-0      0         0         loop  19/3      19/3      23/3    
gate.evt-0          rise      rise      loop  rise      rise      rise    
--------------------------------------> loop <----------------------------
gate.l-0            g0        g0        loop  g0        g0        g0      
gate.x_l-0          g1        g1        loop  g1        g1        g1      
gate.y-0            0         0         loop  19/3      19/3      23/3    
train0.evt-0        move      move      loop  move      move      move    
--------------------------------------> loop <----------------------------
train0.l-0          t0        t0        loop  t0        t0        t0      
train0.x-0          0         0         loop  19/3      19/3      23/3    
train1.evt-0        exit      exit      loop  exit      exit      exit    
train1.l-0          t0        t0        loop  t0        t0        t0      
--------------------------------------> loop <----------------------------
train1.x-0          0         0         loop  19/3      19/3      23/3    
train10.evt-0       exit      exit      loop  exit      exit      exit    
train10.l-0         t0        t0        loop  t0        t0        t0      
train10.x-0         0         0         loop  19/3      19/3      23/3    
--------------------------------------> loop <----------------------------
train11.evt-0       exit      exit      loop  exit      exit      exit    
train11.l-0         t0        t0        loop  t0        t0        t0      
train11.x-0         0         0         loop  19/3      19/3      23/3    
train12.evt-0       exit      exit      loop  exit      exit      exit    
--------------------------------------> loop <----------------------------
train12.l-0         t0        t0        loop  t0        t0        t0      
train12.x-0         0         0         loop  19/3      19/3      23/3    
train13.evt-0       move      move      loop  move      move      move    
train13.l-0         t0        t0        loop  t0        t0        t0      
--------------------------------------> loop <----------------------------
train13.x-0         0         0         loop  19/3      19/3      23/3    
train14.evt-0       exit      exit      loop  exit      exit      exit    
train14.l-0         t0        t0        loop  t0        t0        t0      
train14.x-0         0         0         loop  19/3      19/3      23/3    
--------------------------------------> loop <----------------------------
train15.evt-0       move      move      loop  move      move      move    
train15.l-0         t0        t0        loop  t0        t0        t0      
train15.x-0         0         0         loop  19/3      19/3      23/3    
train16.evt-0       exit      exit      loop  exit      exit      exit    
--------------------------------------> loop <----------------------------
train16.l-0         t0        t0        loop  t0        t0        t0      
train16.x-0         0         0         loop  19/3      19/3      23/3    
train17.evt-0       exit      exit      loop  exit      exit      exit    
train17.l-0         t0        t0        loop  t0        t0        t0      
--------------------------------------> loop <----------------------------
train17.x-0         0         0         loop  19/3      19/3      23/3    
train18.evt-0       exit      exit      loop  exit      exit      exit    
train18.l-0         t0        t0        loop  t0        t0        t0      
train18.x-0         0         0         loop  19/3      19/3      23/3    
--------------------------------------> loop <----------------------------
train19.evt-0       move      move      loop  move      move      move    
train19.l-0         t0        t0        loop  t0        t0        t0      
train19.x-0         0         0         loop  19/3      19/3      23/3    
train2.evt-0        exit      exit      loop  exit      exit      exit    
--------------------------------------> loop <----------------------------
train2.l-0          t0        t0        loop  t0        t0        t0      
train2.x-0          0         0         loop  19/3      19/3      23/3    
train20.evt-0       exit      exit      loop  exit      exit      exit    
train20.l-0         t0        t0        loop  t0        t0        t0      
--------------------------------------> loop <----------------------------
train20.x-0         0         0         loop  19/3      19/3      23/3    
train21.evt-0       exit      exit      loop  exit      exit      exit    
train21.l-0         t0        t0        loop  t0        t0        t0      
train21.x-0         0         0         loop  19/3      19/3      23/3    
--------------------------------------> loop <----------------------------
train22.evt-0       exit      exit      loop  exit      exit      exit    
train22.l-0         t0        t0        loop  t0        t0        t0      
train22.x-0         0         0         loop  19/3      19/3      23/3    
train23.evt-0       exit      exit      loop  exit      exit      exit    
--------------------------------------> loop <----------------------------
train23.l-0         t0        t0        loop  t0        t0        t0      
train23.x-0         0         0         loop  19/3      19/3      23/3    
train24.evt-0       exit      exit      loop  exit      exit      exit    
train24.l-0         t0        t0        loop  t0        t0        t0      
--------------------------------------> loop <----------------------------
train24.x-0         0         0         loop  19/3      19/3      23/3    
train25.evt-0       exit      exit      loop  exit      exit      exit    
train25.l-0         t0        t0        loop  t0        t0        t0      
train25.x-0         0         0         loop  19/3      19/3      23/3    
--------------------------------------> loop <----------------------------
train26.evt-0       approach  approach  loop  approach  approach  approach
train26.l-0         t0        t0        loop  t0        t0        t0      
train26.x-0         0         0         loop  19/3      19/3      23/3    
train27.evt-0       exit      exit      loop  exit      exit      exit    
--------------------------------------> loop <----------------------------
train27.l-0         t0        t0        loop  t0        t0        t0      
train27.x-0         0         0         loop  19/3      19/3      23/3    
train3.evt-0        exit      exit      loop  exit      exit      exit    
train3.l-0          t0        t0        loop  t0        t0        t0      
--------------------------------------> loop <----------------------------
train3.x-0          0         0         loop  19/3      19/3      23/3    
train4.evt-0        exit      exit      loop  exit      exit      exit    
train4.l-0          t0        t0        loop  t0        t0        t0      
train4.x-0          0         0         loop  19/3      19/3      23/3    
--------------------------------------> loop <----------------------------
train5.evt-0        move      move      loop  move      move      move    
train5.l-0          t0        t0        loop  t0        t0        t0      
train5.x-0          0         0         loop  19/3      19/3      23/3    
train6.evt-0        move      move      loop  move      move      move    
--------------------------------------> loop <----------------------------
train6.l-0          t0        t0        loop  t0        t0        t0      
train6.x-0          0         0         loop  19/3      19/3      23/3    
train7.evt-0        exit      exit      loop  exit      exit      exit    
train7.l-0          t0        t0        loop  t0        t0        t0      
--------------------------------------> loop <----------------------------
train7.x-0          0         0         loop  19/3      19/3      23/3    
train8.evt-0        move      move      loop  move      move      move    
train8.l-0          t0        t0        loop  t0        t0        t0      
train8.x-0          0         0         loop  19/3      19/3      23/3    
--------------------------------------> loop <----------------------------
train9.evt-0        exit      exit      loop  exit      exit      exit    
train9.l-0          t0        t0        loop  t0        t0        t0      
train9.x-0          0         0         loop  19/3      19/3      23/3    
