Property 0 [36;1mFALSE SR (((gate.l = g0) & (gate.x_l = g1)) -> (TRUE SU ((gate.l = g2) & (gate.x_l = g3))))[0m ..... [31;1mdoes not hold[0m 
>>> Index:          0        1        loop  2        3        4      
>>> Type:           |        (-)      loop  |        (-)      |      
------------------------------------> loop <-------------------------
+0-subexp-0         T        T        loop  F        F        F      
+1-subexp-0         T        T        loop  T        T        T      
+2-subexp-0         F        T        loop  F        F        F      
+3-obligation-0     F        T        loop  T        T        T      
------------------------------------> loop <-------------------------
+3-subexp-0         F        T        loop  F        F        F      
+4-subexp-0         F        F        loop  F        F        F      
+5-subexp-0         T        T        loop  T        T        T      
-fair-0-0           T        T        loop  T        T        F      
------------------------------------> loop <-------------------------
-loop-0             F        F        loop  T        F        F      
-loop-elapse-0      T        T        loop  T        T        F      
-ok-controller.z-0  T        T        loop  T        T        F      
-ok-gate.y-0        T        T        loop  T        T        F      
------------------------------------> loop <-------------------------
-ok-train0.x-0      T        T        loop  T        T        F      
-ok-train1.x-0      T        T        loop  T        T        F      
-ok-train2.x-0      T        T        loop  T        T        F      
-ok-train3.x-0      T        T        loop  T        T        F      
------------------------------------> loop <-------------------------
-ok-train4.x-0      T        T        loop  T        T        F      
-ok-train5.x-0      T        T        loop  T        T        F      
-ok-train6.x-0      T        T        loop  T        T        F      
-ok-train7.x-0      T        T        loop  T        T        F      
------------------------------------> loop <-------------------------
-ok-train8.x-0      T        T        loop  T        T        F      
-smaller-exists-0   F        F        loop  F        T        T      
@delta-0            0        19/3     loop  0        4/3      0      
@open-0             F        T        loop  F        T        F      
------------------------------------> loop <-------------------------
controller.cnt-0    0        0        loop  0        0        0      
controller.evt-0    stutter  stutter  loop  stutter  stutter  stutter
controller.l-0      c0       c0       loop  c0       c0       c0     
controller.z-0      0        0        loop  19/3     19/3     23/3   
------------------------------------> loop <-------------------------
gate.evt-0          stutter  stutter  loop  stutter  stutter  stutter
gate.l-0            g0       g0       loop  g0       g0       g0     
gate.x_l-0          g1       g1       loop  g1       g1       g1     
gate.y-0            0        0        loop  19/3     19/3     23/3   
------------------------------------> loop <-------------------------
train0.evt-0        exit     exit     loop  exit     exit     exit   
train0.l-0          t0       t0       loop  t0       t0       t0     
train0.x-0          0        0        loop  19/3     19/3     23/3   
train1.evt-0        exit     exit     loop  exit     exit     exit   
------------------------------------> loop <-------------------------
train1.l-0          t0       t0       loop  t0       t0       t0     
train1.x-0          0        0        loop  19/3     19/3     23/3   
train2.evt-0        exit     exit     loop  exit     exit     exit   
train2.l-0          t0       t0       loop  t0       t0       t0     
------------------------------------> loop <-------------------------
train2.x-0          0        0        loop  19/3     19/3     23/3   
train3.evt-0        exit     exit     loop  exit     exit     exit   
train3.l-0          t0       t0       loop  t0       t0       t0     
train3.x-0          0        0        loop  19/3     19/3     23/3   
------------------------------------> loop <-------------------------
train4.evt-0        exit     exit     loop  exit     exit     exit   
train4.l-0          t0       t0       loop  t0       t0       t0     
train4.x-0          0        0        loop  19/3     19/3     23/3   
train5.evt-0        exit     exit     loop  exit     exit     exit   
------------------------------------> loop <-------------------------
train5.l-0          t0       t0       loop  t0       t0       t0     
train5.x-0          0        0        loop  19/3     19/3     23/3   
train6.evt-0        exit     exit     loop  exit     exit     exit   
train6.l-0          t0       t0       loop  t0       t0       t0     
------------------------------------> loop <-------------------------
train6.x-0          0        0        loop  19/3     19/3     23/3   
train7.evt-0        exit     exit     loop  exit     exit     exit   
train7.l-0          t0       t0       loop  t0       t0       t0     
train7.x-0          0        0        loop  19/3     19/3     23/3   
------------------------------------> loop <-------------------------
train8.evt-0        exit     exit     loop  exit     exit     exit   
train8.l-0          t0       t0       loop  t0       t0       t0     
train8.x-0          0        0        loop  19/3     19/3     23/3   
