*** This is nuXmv 2.0.0 (compiled on Sun Mar 14 22:37:19 2021)
*** Copyright (c) 2014-2021, Fondazione Bruno Kessler
*** For more information on nuXmv see https://nuxmv.fbk.eu
*** or email to <nuxmv@list.fbk.eu>.
*** Please report bugs at https://nuxmv.fbk.eu/bugs
*** (click on "Login Anonymously" to access)
*** Alternatively write to <nuxmv@list.fbk.eu>.

*** This version of nuXmv is linked to NuSMV 2.6.0.
*** For more information on NuSMV see <http://nusmv.fbk.eu>
*** or email to <nusmv-users@list.fbk.eu>.
*** Copyright (C) 2010-2021, Fondazione Bruno Kessler

*** This version of nuXmv is linked to the CUDD library version 2.4.1
*** Copyright (c) 1995-2004, Regents of the University of Colorado

*** This version of nuXmv is linked to the MiniSat SAT solver. 
*** See http://minisat.se/MiniSat.html
*** Copyright (c) 2003-2006, Niklas Een, Niklas Sorensson
*** Copyright (c) 2007-2010, Niklas Sorensson

*** This version of nuXmv is linked to MathSAT
*** Copyright (C) 2009-2019 by Fondazione Bruno Kessler
*** Copyright (C) 2009-2019 by University of Trento and others
*** See http://mathsat.fbk.eu

-- no counterexample found with bound 0
-- no counterexample found with bound 1
-- no counterexample found with bound 2
-- specification  F pc = end  is false
-- as demonstrated by the following execution sequence
Trace Description: MSAT BMC counterexample 
Trace Type: Counterexample 
  -> State: 1.1 <-
    pc = l0
    k = 0
    i = 2
    same = TRUE
    same_i = TRUE
    same_k = TRUE
  -- Loop starts here
  -> State: 1.2 <-
    pc = l2
  -> State: 1.3 <-
    pc = l3
  -> State: 1.4 <-
    pc = l2
SUCCESS 
