F3 run `train_gate_0028`

	Found non-termination argument:
	State 14
		_diverge_delta = 0.0
		t10_l1 = False
		t10_l0 = False
		controller_cnt = 1
		t1_evt0 = False
		t1_evt1 = False
		t0_evt0 = False
		t0_evt1 = False
		t2_evt0 = False
		t2_evt1 = False
		t4_l1 = False
		t4_l0 = False
		t3_evt0 = False
		t23_l1 = False
		t23_l0 = False
		t3_evt1 = False
		t4_evt0 = False
		t4_evt1 = False
		t5_evt0 = False
		t5_evt1 = False
		t6_evt0 = False
		t6_evt1 = False
		t7_evt0 = False
		t7_evt1 = False
		t8_evt0 = False
		t8_evt1 = False
		t17_l1 = False
		t17_l0 = False
		t9_evt0 = False
		t9_evt1 = False
		t10_evt0 = False
		t10_evt1 = False
		t11_evt0 = False
		t11_evt1 = False
		t12_evt0 = False
		t12_evt1 = False
		t13_evt0 = False
		t13_evt1 = False
		t14_evt0 = False
		t11_l1 = False
		t14_evt1 = False
		t11_l0 = False
		t15_evt0 = False
		t15_evt1 = False
		t16_evt0 = False
		t16_evt1 = True
		t17_evt0 = False
		t17_evt1 = False
		t18_evt0 = False
		t18_evt1 = False
		t19_evt0 = True
		t5_l1 = False
		t19_evt1 = False
		t5_l0 = False
		t24_l1 = False
		t24_l0 = False
		t20_evt0 = True
		t20_evt1 = True
		t21_evt0 = True
		t21_evt1 = False
		t22_evt0 = True
		t22_evt1 = True
		t23_evt0 = False
		t23_evt1 = False
		t24_evt0 = False
		t24_evt1 = False
		t25_evt0 = False
		t18_l1 = False
		t25_evt1 = False
		t18_l0 = False
		t26_evt0 = False
		t26_evt1 = False
		t27_evt0 = False
		t27_evt1 = False
		controller_evt0 = True
		controller_evt1 = True
		controller_evt2 = False
		t12_l1 = False
		t12_l0 = False
		t6_l1 = False
		t6_l0 = False
		t25_l1 = False
		t25_l0 = False
		t0_l1 = False
		t0_l0 = False
		t19_l1 = False
		t19_l0 = False
		t13_l1 = False
		t13_l0 = False
		gate_evt0 = True
		gate_evt1 = False
		t7_l1 = False
		t7_l0 = False
		t26_l1 = False
		t26_l0 = False
		t1_l1 = False
		t1_l0 = False
		t20_l1 = False
		t20_l0 = False
		t14_l1 = False
		t14_l0 = False
		t8_l1 = False
		t8_l0 = False
		t27_l1 = False
		t27_l0 = False
		t2_l1 = False
		t2_l0 = False
		t21_l1 = False
		t21_l0 = False
		t15_l1 = False
		t15_l0 = False
		gate_l1 = True
		gate_l0 = False
		_J3671 = True
		_J3665 = True
		_J3659 = True
		_J3642 = True
		_EL_U_3605 = True
		_EL_U_3607 = False
		_EL_X_3573 = True
		_EL_X_3575 = False
		t9_l1 = False
		t9_l0 = False
		_EL_U_3609 = False
		_EL_U_3612 = False
		t3_l1 = False
		t3_l0 = False
		t22_l1 = False
		t22_l0 = False
		t16_l1 = False
		t16_l0 = False
		controller_l1 = True
		controller_l0 = False
		(((-1.0 * t27_x) + (-1.0 * delta)) < -5.0)
		(((-1.0 * t13_x) + (-1.0 * delta)) < 697567042160/9553102731)
		(((-1.0 * t21_x) + (-1.0 * delta)) < -5.0)
		(((-1.0 * t12_x) + (-1.0 * delta)) < 697567042160/9553102731)
		(((-1.0 * t3_x) + (-1.0 * delta)) < -5.0)
		(((-1.0 * t18_x) + (-1.0 * delta)) < 697567042160/9553102731)
		(((-1.0 * t17_x) + (-1.0 * delta)) < -5.0)
		(((-1.0 * t10_x) + (-1.0 * delta)) < 697567042160/9553102731)
		(((-1.0 * t24_x) + (-1.0 * delta)) < 726226350353/9553102731)
		(((-1.0 * t24_x) + (-1.0 * delta)) < -5.0)
		(((-1.0 * t0_x) + (-1.0 * delta)) < 697567042160/9553102731)
		(((-1.0 * t18_x) + (-1.0 * delta)) < -5.0)
		(((-1.0 * t16_x) + (-1.0 * delta)) < 697567042160/9553102731)
		(((-1.0 * t16_x) + (-1.0 * delta)) < -5.0)
		(((-1.0 * t19_x) + (-1.0 * delta)) < 697567042160/9553102731)
		(((-1.0 * t5_x) + (-1.0 * delta)) < -5.0)
		(((-1.0 * t7_x) + (-1.0 * delta)) < 697567042160/9553102731)
		(((-1.0 * t20_x) + (-1.0 * delta)) < -5.0)
		(((-1.0 * t14_x) + (-1.0 * delta)) < 697567042160/9553102731)
		(((-1.0 * t15_x) + (-1.0 * delta)) < -5.0)
		(((-1.0 * t2_x) + (-1.0 * delta)) < -5.0)
		(((-1.0 * t5_x) + (-1.0 * delta)) < 697567042160/9553102731)
		(((-1.0 * t27_x) + (-1.0 * delta)) < 697567042160/9553102731)
		(((-1.0 * t9_x) + (-1.0 * delta)) < -5.0)
		(((-1.0 * controller_z) + (-1.0 * delta)) < 735779453084/9553102731)
		(((-1.0 * t12_x) + (-1.0 * delta)) < -5.0)
		(((-1.0 * t24_x) + (-1.0 * delta)) < -2.0)
		(((-1.0 * t1_x) + (-1.0 * delta)) < 697567042160/9553102731)
		(((-1.0 * t7_x) + (-1.0 * delta)) < -5.0)
		(((-1.0 * t20_x) + (-1.0 * delta)) < 697567042160/9553102731)
		(((-1.0 * controller_z) + (-1.0 * delta)) < -1.0)
		(((-1.0 * t21_x) + (-1.0 * delta)) < 697567042160/9553102731)
		(((-1.0 * t4_x) + (-1.0 * delta)) < 697567042160/9553102731)
		(((-1.0 * t25_x) + (-1.0 * delta)) < -5.0)
		(((-1.0 * t8_x) + (-1.0 * delta)) < 697567042160/9553102731)
		(((-1.0 * t26_x) + (-1.0 * delta)) < -5.0)
		(((-1.0 * t25_x) + (-1.0 * delta)) < 697567042160/9553102731)
		(((-1.0 * t6_x) + (-1.0 * delta)) < -5.0)
		(((-1.0 * t15_x) + (-1.0 * delta)) < 697567042160/9553102731)
		(((-1.0 * t13_x) + (-1.0 * delta)) < -5.0)
		(((-1.0 * t3_x) + (-1.0 * delta)) < 697567042160/9553102731)
		(delta = 745332555815/9553102731)
		(((-1.0 * t0_x) + (-1.0 * delta)) < -5.0)
		((-1.0 * delta) <= 0.0)
		(((-1.0 * t23_x) + (-1.0 * delta)) < 697567042160/9553102731)
		((-1.0 * t4_x) < -5.0)
		(((-1.0 * t14_x) + (-1.0 * delta)) < -5.0)
		((-1.0 * t23_x) < -5.0)
		(((-1.0 * t22_x) + (-1.0 * delta)) < 697567042160/9553102731)
		((-1.0 * t11_x) < -5.0)
		((-1.0 * gate_y) < -2.0)
		(((-1.0 * t1_x) + (-1.0 * delta)) < -5.0)
		((-1.0 * t10_x) < -5.0)
		(((-1.0 * t26_x) + (-1.0 * delta)) < 697567042160/9553102731)
		((-1.0 * t19_x) < -5.0)
		((-1.0 * t27_x) < -5.0)
		((-1.0 * t21_x) < -5.0)
		(((-1.0 * t4_x) + (-1.0 * delta)) < -5.0)
		((-1.0 * t3_x) < -5.0)
		(((-1.0 * t8_x) + (-1.0 * delta)) < -5.0)
		((-1.0 * t17_x) < -5.0)
		(((-1.0 * t2_x) + (-1.0 * delta)) < 697567042160/9553102731)
		((-1.0 * t24_x) < -5.0)
		((-1.0 * t18_x) < -5.0)
		(((-1.0 * t23_x) + (-1.0 * delta)) < -5.0)
		((-1.0 * t16_x) < -5.0)
		(((-1.0 * t22_x) + (-1.0 * delta)) < -5.0)
		((-1.0 * t5_x) < -5.0)
		(((-1.0 * t17_x) + (-1.0 * delta)) < 697567042160/9553102731)
		((-1.0 * t20_x) < -5.0)
		((-1.0 * t15_x) < -5.0)
		(((-1.0 * t11_x) + (-1.0 * delta)) < 697567042160/9553102731)
		((-1.0 * t2_x) < -5.0)
		(((-1.0 * t11_x) + (-1.0 * delta)) < -5.0)
		((-1.0 * t9_x) < -5.0)
		((-1.0 * t12_x) < -5.0)
		((-1.0 * t24_x) < -2.0)
		((-1.0 * t7_x) < -5.0)
		(((-1.0 * t6_x) + (-1.0 * delta)) < 697567042160/9553102731)
		((-1.0 * controller_z) < -1.0)
		(((-1.0 * gate_y) + (-1.0 * delta)) < -2.0)
		((-1.0 * delta) < 0.0)
		((-1.0 * t25_x) < -5.0)
		((-1.0 * t26_x) < -5.0)
		(((-1.0 * t9_x) + (-1.0 * delta)) < 697567042160/9553102731)
		((-1.0 * t6_x) < -5.0)
		(((-1.0 * t10_x) + (-1.0 * delta)) < -5.0)
		((-1.0 * t13_x) < -5.0)
		(((-1.0 * t19_x) + (-1.0 * delta)) < -5.0)
		((-1.0 * t0_x) < -5.0)
		((-1.0 * t14_x) < -5.0)
		(((-1.0 * t24_x) + (-1.0 * delta)) < 697567042160/9553102731)
		((-1.0 * t1_x) < -5.0)
		((-1.0 * t8_x) < -5.0)
		((-1.0 * t22_x) < -5.0)
		(((-1.0 * gate_y) + (-1.0 * delta)) < 726226350353/9553102731)
		((1/4 - (t13_x * 9553102731/3134179866956)) <= 0.0)
	Trans 14 -- 15
		_x_t27_x = (t27_x + delta)
		_x_t12_x = (t12_x + delta)
		_x_controller_z = (controller_z + delta)
		_x_gate_y = (gate_y + delta)
		_x_t16_x = (t16_x + delta)
		_x_t1_x = (t1_x + delta)
		_x_t0_x = (t0_x + delta)
		_x_t18_x = (t18_x + delta)
		_x_t20_x = (t20_x + delta)
		_x_t9_x = (t9_x + delta)
		_x_t11_x = (t11_x + delta)
		_x_t13_x = (delta + t13_x)
		_x_t2_x = (delta + t2_x)
		_x_t4_x = (t4_x + delta)
		_x_t6_x = (t6_x + delta)
		_x_t22_x = (t22_x + delta)
		_x_t24_x = (t24_x + delta)
		_x_t26_x = (t26_x + delta)
		_x_t3_x = (t3_x + delta)
		_x_t17_x = (t17_x + delta)
		_x_t15_x = (t15_x + delta)
		_x_t21_x = (t21_x + delta)
		_x_t5_x = (t5_x + delta)
		_x_t19_x = (t19_x + delta)
		_x_t7_x = (t7_x + delta)
		_x_t10_x = (t10_x + delta)
		_x_t23_x = (t23_x + delta)
		_x_t8_x = (t8_x + delta)
		_x_t25_x = (t25_x + delta)
		_x_t14_x = (t14_x + delta)
		_x_delta = 0.0
	State 15
		_diverge_delta = 745332555815/9553102731
		t10_l1 = False
		t10_l0 = False
		controller_cnt = 1
		t1_evt0 = False
		t1_evt1 = False
		t0_evt0 = False
		t0_evt1 = False
		t2_evt0 = False
		t2_evt1 = False
		t4_l1 = False
		t4_l0 = False
		t3_evt0 = False
		t23_l1 = False
		t23_l0 = False
		t3_evt1 = False
		t4_evt0 = False
		t4_evt1 = False
		t5_evt0 = False
		t5_evt1 = False
		t6_evt0 = False
		t6_evt1 = False
		t7_evt0 = False
		t7_evt1 = False
		t8_evt0 = False
		t8_evt1 = False
		t17_l1 = False
		t17_l0 = False
		t9_evt0 = False
		t9_evt1 = False
		t10_evt0 = False
		t10_evt1 = False
		t11_evt0 = False
		t11_evt1 = False
		t12_evt0 = False
		t12_evt1 = False
		t13_evt0 = False
		t13_evt1 = False
		t14_evt0 = False
		t11_l1 = False
		t14_evt1 = False
		t11_l0 = False
		t15_evt0 = False
		t15_evt1 = False
		t16_evt0 = False
		t16_evt1 = False
		t17_evt0 = False
		t17_evt1 = False
		t18_evt0 = False
		t18_evt1 = False
		t19_evt0 = False
		t5_l1 = False
		t19_evt1 = False
		t5_l0 = False
		t24_l1 = False
		t24_l0 = False
		t20_evt0 = False
		t20_evt1 = False
		t21_evt0 = False
		t21_evt1 = False
		t22_evt0 = False
		t22_evt1 = False
		t23_evt0 = False
		t23_evt1 = False
		t24_evt0 = False
		t24_evt1 = False
		t25_evt0 = False
		t18_l1 = False
		t25_evt1 = False
		t18_l0 = False
		t26_evt0 = False
		t26_evt1 = False
		t27_evt0 = False
		t27_evt1 = False
		controller_evt0 = False
		controller_evt1 = False
		controller_evt2 = False
		t12_l1 = False
		t12_l0 = False
		t6_l1 = False
		t6_l0 = False
		t25_l1 = False
		t25_l0 = False
		t0_l1 = False
		t0_l0 = False
		t19_l1 = False
		t19_l0 = False
		t13_l1 = False
		t13_l0 = False
		gate_evt0 = False
		gate_evt1 = False
		t7_l1 = False
		t7_l0 = False
		t26_l1 = False
		t26_l0 = False
		t1_l1 = False
		t1_l0 = False
		t20_l1 = False
		t20_l0 = False
		t14_l1 = False
		t14_l0 = False
		t8_l1 = False
		t8_l0 = False
		t27_l1 = False
		t27_l0 = False
		t2_l1 = False
		t2_l0 = False
		t21_l1 = False
		t21_l0 = False
		t15_l1 = False
		t15_l0 = False
		gate_l1 = True
		gate_l0 = False
		_J3671 = False
		_J3665 = False
		_J3659 = False
		_J3642 = False
		_EL_U_3605 = True
		_EL_U_3607 = False
		_EL_X_3573 = True
		_EL_X_3575 = False
		t9_l1 = False
		t9_l0 = False
		_EL_U_3609 = False
		_EL_U_3612 = False
		t3_l1 = False
		t3_l0 = False
		t22_l1 = False
		t22_l0 = False
		t16_l1 = False
		t16_l0 = False
		controller_l1 = True
		controller_l0 = False
	Trans 15 -- 16
		_x_t27_x = (t27_x + delta)
		_x_t12_x = (t12_x + delta)
		_x_controller_z = (controller_z + delta)
		_x_gate_y = (gate_y + delta)
		_x_t16_x = (t16_x + delta)
		_x_t1_x = (t1_x + delta)
		_x_t0_x = (t0_x + delta)
		_x_t18_x = (t18_x + delta)
		_x_t20_x = (t20_x + delta)
		_x_t9_x = (t9_x + delta)
		_x_t11_x = (t11_x + delta)
		_x_t13_x = (delta + t13_x)
		_x_t2_x = (delta + t2_x)
		_x_t4_x = (t4_x + delta)
		_x_t6_x = (t6_x + delta)
		_x_t22_x = (t22_x + delta)
		_x_t24_x = (t24_x + delta)
		_x_t26_x = (t26_x + delta)
		_x_t3_x = (t3_x + delta)
		_x_t17_x = (t17_x + delta)
		_x_t15_x = (t15_x + delta)
		_x_t21_x = (t21_x + delta)
		_x_t5_x = (t5_x + delta)
		_x_t19_x = (t19_x + delta)
		_x_t7_x = (t7_x + delta)
		_x_t10_x = (t10_x + delta)
		_x_t23_x = (t23_x + delta)
		_x_t8_x = (t8_x + delta)
		_x_t25_x = (t25_x + delta)
		_x_t14_x = (t14_x + delta)
		_x_delta = 745332555815/9553102731
	starting from: _diverge_delta : 0.0, delta : 745332555815/9553102731, t10_l1 : False, t10_l0 : False, controller_z : 793098069470/9553102731, t10_x : 793098069470/9553102731, controller_cnt : 1, t1_evt0 : False, t1_evt1 : False, t0_evt0 : False, t0_evt1 : False, t2_evt0 : False, t2_evt1 : False, t4_l1 : False, t4_l0 : False, t3_evt0 : False, t23_l1 : False, t23_l0 : False, t3_evt1 : False, t4_evt0 : False, t4_x : 793098069470/9553102731, t4_evt1 : False, t23_x : 793098069470/9553102731, t5_evt0 : False, t5_evt1 : False, t6_evt0 : False, t6_evt1 : False, t7_evt0 : False, t7_evt1 : False, t8_evt0 : False, t8_evt1 : False, t17_l1 : False, t17_l0 : False, t9_evt0 : False, t9_evt1 : False, t17_x : 793098069470/9553102731, t10_evt0 : False, t10_evt1 : False, t11_evt0 : False, t11_evt1 : False, t12_evt0 : False, t12_evt1 : False, t13_evt0 : False, t13_evt1 : False, t14_evt0 : False, t11_l1 : False, t14_evt1 : False, t11_l0 : False, t15_evt0 : False, t11_x : 793098069470/9553102731, t15_evt1 : False, t16_evt0 : False, t16_evt1 : True, t17_evt0 : False, t17_evt1 : False, t18_evt0 : False, t18_evt1 : False, t19_evt0 : True, t5_l1 : False, t19_evt1 : False, t5_l0 : False, t24_l1 : False, t20_evt0 : True, t24_l0 : False, t5_x : 793098069470/9553102731, t20_evt1 : True, t21_evt0 : True, t24_x : 783544966739/9553102731, t21_evt1 : False, t22_evt0 : True, t22_evt1 : True, t23_evt0 : False, t23_evt1 : False, t24_evt0 : False, t24_evt1 : False, t25_evt0 : False, t18_l1 : False, t25_evt1 : False, t18_l0 : False, t26_evt0 : False, t18_x : 783544966739/9553102731, t26_evt1 : False, t27_evt0 : False, t27_evt1 : False, controller_evt0 : True, controller_evt1 : True, controller_evt2 : False, t12_l1 : False, t12_l0 : False, t12_x : 783544966739/9553102731, t6_l1 : False, t6_l0 : False, t25_l1 : False, t25_l0 : False, t6_x : 783544966739/9553102731, t25_x : 793098069470/9553102731, t0_l1 : False, t0_l0 : False, t19_l1 : False, t19_l0 : False, t0_x : 783544966739/9553102731, t19_x : 783544966739/9553102731, t13_l1 : False, t13_l0 : False, t13_x : 783544966739/9553102731, gate_evt0 : True, gate_evt1 : False, t7_l1 : False, t7_l0 : False, t26_l1 : False, t26_l0 : False, t7_x : 793098069470/9553102731, t26_x : 793098069470/9553102731, t1_l1 : False, t1_l0 : False, t20_l1 : False, t20_l0 : False, t1_x : 793098069470/9553102731, t20_x : 793098069470/9553102731, t14_l1 : False, t14_l0 : False, t14_x : 793098069470/9553102731, t8_l1 : False, t8_l0 : False, t27_l1 : False, t27_l0 : False, t8_x : 793098069470/9553102731, t27_x : 793098069470/9553102731, t2_l1 : False, t2_l0 : False, t21_l1 : False, t21_l0 : False, t2_x : 783544966739/9553102731, t21_x : 793098069470/9553102731, t15_l1 : False, t15_l0 : False, gate_l1 : True, gate_l0 : False, t15_x : 793098069470/9553102731, _J3671 : True, gate_y : 783544966739/9553102731, _J3665 : True, _J3659 : True, _J3642 : True, _EL_U_3605 : True, _EL_U_3607 : False, _EL_X_3573 : True, _EL_X_3575 : False, t9_l1 : False, t9_l0 : False, _EL_U_3609 : False, t9_x : 793098069470/9553102731, _EL_U_3612 : False, t3_l1 : False, t3_l0 : False, t22_l1 : False, t22_l0 : False, t3_x : 793098069470/9553102731, t22_x : 783544966739/9553102731, t16_l1 : False, t16_l0 : False, t16_x : 793098069470/9553102731, controller_l1 : True, controller_l0 : False

end of `train_gate_0028`: SUCCESS in 728.3389148712158s
