

run 1/1: `train_gate_0012`

	Found non-termination argument:
	Do states 7..12 while ((t6_x + t1_x + t5_x + t2_x + t4_x + gate_y + t10_x + t9_x + t11_x + (-1.0 * t8_x) + t3_x + t7_x + -233/4) < 0.0)
	State 7
		delta = 0.0
		t11_l1 = False
		t11_l0 = False
		t11_evt1 = False
		t11_evt0 = False
		t10_l0 = False
		t10_evt0 = False
		t9_l1 = False
		t9_l0 = False
		t9_evt1 = False
		t9_evt0 = False
		t2_l1 = False
		t3_evt0 = False
		t2_l0 = False
		t2_evt0 = False
		t1_l1 = False
		t1_evt1 = False
		t1_evt0 = False
		t0_l1 = True
		controller_evt2 = False
		t0_l0 = False
		t0_evt1 = True
		controller_l1 = True
		controller_evt1 = False
		t1_l0 = False
		t10_l1 = False
		gate_l0 = False
		t2_evt1 = False
		_diverge_delta = 0.0
		_EL_U_1749 = True
		t0_evt0 = True
		controller_l0 = False
		t10_evt1 = False
		gate_evt0 = False
		t0_x = 5.0
		controller_evt0 = False
		_EL_U_1751 = False
		t3_l0 = False
		controller_z = 5.0
		controller_cnt = 1
		t3_evt1 = False
		_EL_X_1719 = False
		t3_l1 = False
		t4_evt0 = False
		t4_evt1 = False
		gate_evt1 = False
		_EL_U_1753 = False
		t4_l0 = False
		t4_l1 = False
		gate_l1 = True
		t5_evt0 = False
		t5_evt1 = False
		t5_l0 = False
		t5_l1 = False
		t6_evt0 = False
		t6_evt1 = False
		t6_l0 = False
		t6_l1 = False
		t7_evt0 = False
		t7_evt1 = False
		t7_l0 = False
		t7_l1 = False
		t8_evt0 = False
		t8_evt1 = False
		t8_l0 = False
		t8_l1 = False
		_J1786 = True
		_J1803 = True
		_J1809 = True
		_J1815 = True
		_EL_U_1756 = False
		_EL_X_1717 = True
		((-1.0 * t8_x) < -5.0)
		((-1.0 * t2_x) < -5.0)
		((-1.0 * t3_x) < -5.0)
		((-1.0 * t10_x) < -5.0)
		((-1.0 * t6_x) < -5.0)
		((-1.0 * t9_x) < -5.0)
		((-1.0 * t4_x) < -5.0)
		((-1.0 * t11_x) < -5.0)
		((-1.0 * t7_x) < -5.0)
		((-1.0 * t1_x) < -5.0)
		((-1.0 * t5_x) < -5.0)
		((-1.0 * gate_y) < -2.0)
	Trans 7 -- 8
		_x_t7_x : t7_x
		_x_t3_x : t3_x
		_x_t8_x : t8_x
		_x_t11_x : t11_x
		_x_t9_x : t9_x
		_x_t10_x : t10_x
		_x_gate_y : gate_y
		_x_t4_x : t4_x
		_x_t2_x : t2_x
		_x_t5_x : t5_x
		_x_t1_x : t1_x
		_x_t6_x : t6_x
	State 8
		delta = 0.0
		t11_l1 = False
		t11_l0 = False
		t11_evt1 = False
		t11_evt0 = False
		t10_l0 = False
		t10_evt0 = False
		t9_l1 = False
		t9_l0 = False
		t9_evt1 = False
		t9_evt0 = False
		t2_l1 = False
		t3_evt0 = False
		t2_l0 = False
		t2_evt0 = False
		t1_l1 = False
		t1_evt1 = False
		t1_evt0 = False
		t0_l1 = True
		controller_evt2 = False
		t0_l0 = True
		t0_evt1 = True
		controller_l1 = True
		controller_evt1 = True
		t1_l0 = False
		t10_l1 = False
		gate_l0 = False
		t2_evt1 = False
		_diverge_delta = 0.0
		_EL_U_1749 = True
		t0_evt0 = False
		controller_l0 = False
		t10_evt1 = False
		gate_evt0 = False
		t0_x = 5.0
		controller_evt0 = False
		_EL_U_1751 = False
		t3_l0 = False
		controller_z = 5.0
		controller_cnt = 1
		t3_evt1 = False
		_EL_X_1719 = False
		t3_l1 = False
		t4_evt0 = False
		t4_evt1 = False
		gate_evt1 = False
		_EL_U_1753 = False
		t4_l0 = False
		t4_l1 = False
		gate_l1 = True
		t5_evt0 = False
		t5_evt1 = False
		t5_l0 = False
		t5_l1 = False
		t6_evt0 = False
		t6_evt1 = False
		t6_l0 = False
		t6_l1 = False
		t7_evt0 = False
		t7_evt1 = False
		t7_l0 = False
		t7_l1 = False
		t8_evt0 = False
		t8_evt1 = False
		t8_l0 = False
		t8_l1 = False
		_J1786 = False
		_J1803 = False
		_J1809 = False
		_J1815 = False
		_EL_U_1756 = False
		_EL_X_1717 = True
	Trans 8 -- 9
		_x_t7_x : t7_x
		_x_t3_x : t3_x
		_x_t8_x : t8_x
		_x_t11_x : t11_x
		_x_t9_x : t9_x
		_x_t10_x : t10_x
		_x_gate_y : gate_y
		_x_t4_x : t4_x
		_x_t2_x : t2_x
		_x_t5_x : t5_x
		_x_t1_x : t1_x
		_x_t6_x : t6_x
	State 9
		delta = 0.0
		t11_l1 = False
		t11_l0 = False
		t11_evt1 = False
		t11_evt0 = False
		t10_l0 = False
		t10_evt0 = False
		t9_l1 = False
		t9_l0 = False
		t9_evt1 = False
		t9_evt0 = False
		t2_l1 = False
		t3_evt0 = False
		t2_l0 = False
		t2_evt0 = False
		t1_l1 = False
		t1_evt1 = False
		t1_evt0 = False
		t0_l1 = False
		controller_evt2 = False
		t0_l0 = False
		t0_evt1 = False
		controller_l1 = True
		controller_evt1 = False
		t1_l0 = False
		t10_l1 = False
		gate_l0 = False
		t2_evt1 = False
		_diverge_delta = 0.0
		_EL_U_1749 = True
		t0_evt0 = True
		controller_l0 = True
		t10_evt1 = False
		gate_evt0 = False
		t0_x = 5.0
		controller_evt0 = True
		_EL_U_1751 = False
		t3_l0 = False
		controller_z = 0.0
		controller_cnt = 0
		t3_evt1 = False
		_EL_X_1719 = False
		t3_l1 = False
		t4_evt0 = False
		t4_evt1 = False
		gate_evt1 = False
		_EL_U_1753 = False
		t4_l0 = False
		t4_l1 = False
		gate_l1 = True
		t5_evt0 = False
		t5_evt1 = False
		t5_l0 = False
		t5_l1 = False
		t6_evt0 = False
		t6_evt1 = False
		t6_l0 = False
		t6_l1 = False
		t7_evt0 = False
		t7_evt1 = False
		t7_l0 = False
		t7_l1 = False
		t8_evt0 = False
		t8_evt1 = False
		t8_l0 = False
		t8_l1 = False
		_J1786 = True
		_J1803 = True
		_J1809 = False
		_J1815 = True
		_EL_U_1756 = False
		_EL_X_1717 = True
	Trans 9 -- 10
		_x_t7_x : t7_x
		_x_t3_x : t3_x
		_x_t8_x : t8_x
		_x_t11_x : t11_x
		_x_t9_x : t9_x
		_x_t10_x : t10_x
		_x_gate_y : gate_y
		_x_t4_x : t4_x
		_x_t2_x : t2_x
		_x_t5_x : t5_x
		_x_t1_x : t1_x
		_x_t6_x : t6_x
	State 10
		delta = 0.0
		t11_l1 = False
		t11_l0 = False
		t11_evt1 = False
		t11_evt0 = False
		t10_l0 = False
		t10_evt0 = False
		t9_l1 = False
		t9_l0 = False
		t9_evt1 = False
		t9_evt0 = False
		t2_l1 = False
		t3_evt0 = False
		t2_l0 = False
		t2_evt0 = False
		t1_l1 = False
		t1_evt1 = False
		t1_evt0 = False
		t0_l1 = False
		controller_evt2 = False
		t0_l0 = True
		t0_evt1 = False
		controller_l1 = True
		controller_evt1 = False
		t1_l0 = False
		t10_l1 = False
		gate_l0 = False
		t2_evt1 = False
		_diverge_delta = 0.0
		_EL_U_1749 = True
		t0_evt0 = False
		controller_l0 = False
		t10_evt1 = False
		gate_evt0 = False
		t0_x = 0.0
		controller_evt0 = False
		_EL_U_1751 = False
		t3_l0 = False
		controller_z = 0.0
		controller_cnt = 1
		t3_evt1 = False
		_EL_X_1719 = False
		t3_l1 = False
		t4_evt0 = False
		t4_evt1 = False
		gate_evt1 = False
		_EL_U_1753 = False
		t4_l0 = False
		t4_l1 = False
		gate_l1 = True
		t5_evt0 = False
		t5_evt1 = False
		t5_l0 = False
		t5_l1 = False
		t6_evt0 = False
		t6_evt1 = False
		t6_l0 = False
		t6_l1 = False
		t7_evt0 = False
		t7_evt1 = False
		t7_l0 = False
		t7_l1 = False
		t8_evt0 = False
		t8_evt1 = False
		t8_l0 = False
		t8_l1 = False
		_J1786 = True
		_J1803 = True
		_J1809 = False
		_J1815 = True
		_EL_U_1756 = False
		_EL_X_1717 = True
	Trans 10 -- 11
		_x_t7_x : t7_x
		_x_t3_x : t3_x
		_x_t8_x : t8_x
		_x_t11_x : t11_x
		_x_t9_x : t9_x
		_x_t10_x : t10_x
		_x_gate_y : gate_y
		_x_t4_x : t4_x
		_x_t2_x : t2_x
		_x_t5_x : t5_x
		_x_t1_x : t1_x
		_x_t6_x : t6_x
	State 11
		delta = 5.0
		t11_l1 = False
		t11_l0 = False
		t11_evt1 = False
		t11_evt0 = True
		t10_l0 = False
		t10_evt0 = False
		t9_l1 = False
		t9_l0 = False
		t9_evt1 = False
		t9_evt0 = False
		t2_l1 = False
		t3_evt0 = False
		t2_l0 = False
		t2_evt0 = False
		t1_l1 = False
		t1_evt1 = False
		t1_evt0 = False
		t0_l1 = False
		controller_evt2 = True
		t0_l0 = True
		t0_evt1 = False
		controller_l1 = True
		controller_evt1 = False
		t1_l0 = False
		t10_l1 = False
		gate_l0 = False
		t2_evt1 = False
		_diverge_delta = 0.0
		_EL_U_1749 = True
		t0_evt0 = False
		controller_l0 = False
		t10_evt1 = False
		gate_evt0 = True
		t0_x = 0.0
		controller_evt0 = False
		_EL_U_1751 = False
		t3_l0 = False
		controller_z = 0.0
		controller_cnt = 1
		t3_evt1 = False
		_EL_X_1719 = False
		t3_l1 = False
		t4_evt0 = True
		t4_evt1 = False
		gate_evt1 = False
		_EL_U_1753 = False
		t4_l0 = False
		t4_l1 = False
		gate_l1 = True
		t5_evt0 = False
		t5_evt1 = False
		t5_l0 = False
		t5_l1 = False
		t6_evt0 = False
		t6_evt1 = False
		t6_l0 = False
		t6_l1 = False
		t7_evt0 = False
		t7_evt1 = False
		t7_l0 = False
		t7_l1 = False
		t8_evt0 = False
		t8_evt1 = False
		t8_l0 = False
		t8_l1 = False
		_J1786 = True
		_J1803 = True
		_J1809 = False
		_J1815 = True
		_EL_U_1756 = False
		_EL_X_1717 = True
	Trans 11 -- 12
		_x_t7_x : (t7_x + 5.0)
		_x_t3_x : (t3_x + 5.0)
		_x_t8_x : (t8_x + 5.0)
		_x_t11_x : (t11_x + 5.0)
		_x_t9_x : (t9_x + 5.0)
		_x_t10_x : (t10_x + 5.0)
		_x_gate_y : (gate_y + 5.0)
		_x_t4_x : (t4_x + 5.0)
		_x_t2_x : (t2_x + 5.0)
		_x_t5_x : (t5_x + 5.0)
		_x_t1_x : (t1_x + 5.0)
		_x_t6_x : (t6_x + 5.0)
	State 12
		delta = 0.0
		t11_l1 = False
		t11_l0 = False
		t11_evt1 = False
		t11_evt0 = False
		t10_l0 = False
		t10_evt0 = False
		t9_l1 = False
		t9_l0 = False
		t9_evt1 = False
		t9_evt0 = False
		t2_l1 = False
		t3_evt0 = False
		t2_l0 = False
		t2_evt0 = False
		t1_l1 = False
		t1_evt1 = False
		t1_evt0 = False
		t0_l1 = False
		controller_evt2 = False
		t0_l0 = True
		t0_evt1 = True
		controller_l1 = True
		controller_evt1 = False
		t1_l0 = False
		t10_l1 = False
		gate_l0 = False
		t2_evt1 = False
		_diverge_delta = 5.0
		_EL_U_1749 = True
		t0_evt0 = True
		controller_l0 = False
		t10_evt1 = False
		gate_evt0 = False
		t0_x = 5.0
		controller_evt0 = False
		_EL_U_1751 = False
		t3_l0 = False
		controller_z = 5.0
		controller_cnt = 1
		t3_evt1 = False
		_EL_X_1719 = False
		t3_l1 = False
		t4_evt0 = False
		t4_evt1 = False
		gate_evt1 = False
		_EL_U_1753 = False
		t4_l0 = False
		t4_l1 = False
		gate_l1 = True
		t5_evt0 = False
		t5_evt1 = False
		t5_l0 = False
		t5_l1 = False
		t6_evt0 = False
		t6_evt1 = False
		t6_l0 = False
		t6_l1 = False
		t7_evt0 = False
		t7_evt1 = False
		t7_l0 = False
		t7_l1 = False
		t8_evt0 = False
		t8_evt1 = False
		t8_l0 = False
		t8_l1 = False
		_J1786 = True
		_J1803 = True
		_J1809 = False
		_J1815 = True
		_EL_U_1756 = False
		_EL_X_1717 = True
	Trans 12 -- 7
		_x_t7_x : t7_x
		_x_t3_x : t3_x
		_x_t8_x : t8_x
		_x_t11_x : t11_x
		_x_t9_x : t9_x
		_x_t10_x : t10_x
		_x_gate_y : gate_y
		_x_t4_x : t4_x
		_x_t2_x : t2_x
		_x_t5_x : t5_x
		_x_t1_x : t1_x
		_x_t6_x : t6_x
	End do-while
	State 12
		delta = 0.0
		t11_l1 = False
		t11_l0 = False
		t11_evt1 = False
		t11_evt0 = False
		t10_l0 = False
		t10_evt0 = False
		t9_l1 = False
		t9_l0 = False
		t9_evt1 = False
		t9_evt0 = False
		t2_l1 = False
		t3_evt0 = False
		t2_l0 = False
		t2_evt0 = False
		t1_l1 = False
		t1_evt1 = False
		t1_evt0 = False
		t0_l1 = False
		controller_evt2 = False
		t0_l0 = True
		t0_evt1 = True
		controller_l1 = True
		controller_evt1 = False
		t1_l0 = False
		t10_l1 = False
		gate_l0 = False
		t2_evt1 = False
		_diverge_delta = 5.0
		_EL_U_1749 = True
		t0_evt0 = True
		controller_l0 = False
		t10_evt1 = False
		gate_evt0 = False
		t0_x = 5.0
		controller_evt0 = False
		_EL_U_1751 = False
		t3_l0 = False
		controller_z = 5.0
		controller_cnt = 1
		t3_evt1 = False
		_EL_X_1719 = False
		t3_l1 = False
		t4_evt0 = False
		t4_evt1 = False
		gate_evt1 = False
		_EL_U_1753 = False
		t4_l0 = False
		t4_l1 = False
		gate_l1 = True
		t5_evt0 = False
		t5_evt1 = False
		t5_l0 = False
		t5_l1 = False
		t6_evt0 = False
		t6_evt1 = False
		t6_l0 = False
		t6_l1 = False
		t7_evt0 = False
		t7_evt1 = False
		t7_l0 = False
		t7_l1 = False
		t8_evt0 = False
		t8_evt1 = False
		t8_l0 = False
		t8_l1 = False
		_J1786 = True
		_J1803 = True
		_J1809 = False
		_J1815 = True
		_EL_U_1756 = False
		_EL_X_1717 = True
		((-1.0 * t8_x) < -5.0)
		((-1.0 * t2_x) < -5.0)
		((-1.0 * t3_x) < -5.0)
		((-1.0 * t10_x) < -5.0)
		((-1.0 * t6_x) < -5.0)
		((-1.0 * t9_x) < -5.0)
		((-1.0 * t4_x) < -5.0)
		((-1.0 * t11_x) < -5.0)
		(((-1.0 * t7_x) + (-1.0 * t3_x) + t8_x + (-1.0 * t11_x) + (-1.0 * t9_x) + (-1.0 * t10_x) + (-1.0 * gate_y) + (-1.0 * t4_x) + (-1.0 * t2_x) + (-1.0 * t5_x) + (-1.0 * t1_x) + (-1.0 * t6_x) + 233/4) <= 0.0)
		((-1.0 * t7_x) < -5.0)
		((-1.0 * t1_x) < -5.0)
		((-1.0 * t5_x) < -5.0)
		((-1.0 * gate_y) < -2.0)
	Trans 12 -- 13
		_x_t7_x = t7_x
		_x_t3_x = t3_x
		_x_t8_x = t8_x
		_x_t11_x = t11_x
		_x_t9_x = t9_x
		_x_t10_x = t10_x
		_x_gate_y = gate_y
		_x_t4_x = t4_x
		_x_t2_x = t2_x
		_x_t5_x = t5_x
		_x_t1_x = t1_x
		_x_t6_x = t6_x
	starting from: {delta: 0.0, t11_l1: False, t11_l0: False, t11_evt1: False, t11_evt0: False, t11_x: 9.0, t10_l0: False, t10_evt0: False, t10_x: 9.0, t9_l1: False, t9_l0: False, t9_evt1: False, t9_evt0: False, t2_l1: False, t3_evt0: False, t2_l0: False, t2_evt0: False, t1_l1: False, t2_x: 9.0, t1_evt1: False, t1_evt0: False, t0_l1: True, t1_x: 9.0, controller_evt2: False, t0_l0: False, t0_evt1: True, controller_l1: True, controller_evt1: False, t1_l0: False, t10_l1: False, gate_l0: False, t2_evt1: False, _diverge_delta: 0.0, t3_x: 9.0, t0_evt0: True, controller_l0: False, t10_evt1: False, gate_evt0: False, t0_x: 5.0, controller_evt0: False, gate_y: 4.0, t3_l0: False, controller_z: 5.0, controller_cnt: 1, t3_evt1: False, t4_x: 9.0, t3_l1: False, t4_evt0: False, t4_evt1: False, gate_evt1: False, t5_x: 9.0, t4_l0: False, t4_l1: False, gate_l1: True, t5_evt0: False, t5_evt1: False, t6_x: 9.0, t5_l0: False, t5_l1: False, t6_evt0: False, t6_evt1: False, t7_x: 9.0, t6_l0: False, t6_l1: False, t7_evt0: False, t7_evt1: False, t8_x: 9.0, t7_l0: False, t7_l1: False, t8_evt0: False, t8_evt1: False, t9_x: 9.0, t8_l0: False, t8_l1: False, _J1786: True, _J1803: True, _J1809: True, _J1815: True, _EL_U_1749: True, _EL_U_1751: False, _EL_X_1717: True, _EL_X_1719: False, _EL_U_1753: False, _EL_U_1756: False}

end of `train_gate_0012`: SUCCESS in 305.8994903564453s
