F3 run `train_gate_0010`

	Found non-termination argument:
	Do states 7..7 while (((t9_x + t1_x + t8_x + (delta * 1/2) + t4_x + (-1.0 * t2_x) + _diverge_delta + t0_x + gate_y + controller_z + 24.0) - ((t7_x * 1/4) + (t5_x * 1/4) + (t3_x * 7.0) + (t6_x * 1/4))) < 0.0)
	State 7
		t4_l1 = False
		t4_l0 = False
		t1_l1 = False
		t1_l0 = False
		controller_l1 = True
		controller_l0 = False
		t1_evt0 = False
		t1_evt1 = False
		t9_l1 = False
		t9_l0 = False
		t0_evt0 = True
		t0_evt1 = True
		t2_evt0 = True
		t2_evt1 = True
		t3_evt0 = True
		t3_evt1 = True
		t6_l1 = False
		t6_l0 = True
		t4_evt0 = False
		controller_cnt = 2
		t4_evt1 = False
		t5_evt0 = True
		t5_evt1 = True
		t6_evt0 = True
		t3_l1 = False
		t6_evt1 = True
		t3_l0 = True
		_J1583 = True
		t7_evt0 = True
		_J1577 = False
		t7_evt1 = True
		gate_l1 = True
		gate_l0 = False
		t8_evt0 = True
		_J1571 = True
		t8_evt1 = True
		_J1554 = True
		_EL_U_1517 = True
		t9_evt0 = False
		t0_l0 = True
		t9_evt1 = False
		_EL_X_1487 = False
		t0_l1 = False
		controller_evt0 = False
		t8_l1 = False
		t8_l0 = True
		controller_evt1 = False
		controller_evt2 = False
		_EL_U_1521 = False
		_EL_U_1524 = False
		t5_l1 = False
		t5_l0 = True
		gate_evt1 = False
		t2_l1 = False
		t2_l0 = True
		_EL_U_1519 = False
		gate_evt0 = False
		t7_l1 = False
		t7_l0 = True
		_EL_X_1485 = True
		((delta + t2_x) <= 5.0)
		((t6_x + delta) <= 5.0)
		(((-1.0 * gate_y) + (-1.0 * delta)) < -2.0)
		((t8_x + delta) <= 5.0)
		((t3_x + delta) <= 5.0)
		((t5_x + delta) <= 5.0)
		(((-1.0 * t4_x) + (-1.0 * delta)) < -5.0)
		(((-1.0 * t1_x) + (-1.0 * delta)) < -5.0)
		(((-1.0 * _diverge_delta) + (-1.0 * delta)) <= -1.0)
		(t0_x <= 5.0)
		(_diverge_delta < 1.0)
		(((-1.0 * t9_x) + (-1.0 * delta)) < -5.0)
		(((-1.0 * t5_x) + (-1.0 * delta)) < -2.0)
		(t6_x <= 5.0)
		(((-1.0 * t0_x) + (-1.0 * delta)) < 0.0)
		(t3_x <= 5.0)
		((-1.0 * delta) < 0.0)
		(((-1.0 * t7_x) + (-1.0 * delta)) < -2.0)
		(((-1.0 * t3_x) + (-1.0 * delta)) < -2.0)
		(((-1.0 * t8_x) + (-1.0 * delta)) < -2.0)
		((t7_x + delta) <= 5.0)
		(((-1.0 * controller_z) + (-1.0 * delta)) < -1.0)
		((delta + t0_x) <= 5.0)
	Trans 7 -- 7
		_x__diverge_delta : (delta + _diverge_delta)	
		_x_gate_y : (delta + gate_y)	
		_x_t3_x : (t3_x + delta)	
		_x_t9_x : (t9_x + delta)	
		_x_t8_x : (t8_x + delta)	
		_x_delta : 0.0	
		_x_t7_x : (t7_x + delta)	
		_x_t2_x : (delta + t2_x)	
		_x_t0_x : (delta + t0_x)	
		_x_t1_x : (t1_x + delta)	
		_x_t5_x : (t5_x + delta)	
		_x_t6_x : (t6_x + delta)	
		_x_t4_x : (delta + t4_x)	
		_x_controller_z : (delta + controller_z)	
	End do-while
	State 7
		t4_l1 = False
		t4_l0 = False
		t1_l1 = False
		t1_l0 = False
		controller_l1 = True
		controller_l0 = False
		t1_evt0 = False
		t1_evt1 = False
		t9_l1 = False
		t9_l0 = False
		t0_evt0 = True
		t0_evt1 = True
		t2_evt0 = True
		t2_evt1 = True
		t3_evt0 = True
		t3_evt1 = True
		t6_l1 = False
		t6_l0 = True
		t4_evt0 = False
		controller_cnt = 2
		t4_evt1 = False
		t5_evt0 = True
		t5_evt1 = True
		t6_evt0 = True
		t3_l1 = False
		t6_evt1 = True
		t3_l0 = True
		_J1583 = True
		t7_evt0 = True
		_J1577 = False
		t7_evt1 = True
		gate_l1 = True
		gate_l0 = False
		t8_evt0 = True
		_J1571 = True
		t8_evt1 = True
		_J1554 = True
		_EL_U_1517 = True
		t9_evt0 = False
		t0_l0 = True
		t9_evt1 = False
		_EL_X_1487 = False
		t0_l1 = False
		controller_evt0 = False
		t8_l1 = False
		t8_l0 = True
		controller_evt1 = False
		controller_evt2 = False
		_EL_U_1521 = False
		_EL_U_1524 = False
		t5_l1 = False
		t5_l0 = True
		gate_evt1 = False
		t2_l1 = False
		t2_l0 = True
		_EL_U_1519 = False
		gate_evt0 = False
		t7_l1 = False
		t7_l0 = True
		_EL_X_1485 = True
		((delta + t2_x) <= 5.0)
		(((-1.0 * gate_y) + (-1.0 * delta)) < -2.0)
		((t6_x + delta) <= 5.0)
		((t8_x + delta) <= 5.0)
		((t3_x + delta) <= 5.0)
		((t5_x + delta) <= 5.0)
		(((-1.0 * t4_x) + (-1.0 * delta)) < -5.0)
		(((-1.0 * t1_x) + (-1.0 * delta)) < -5.0)
		(((-1.0 * _diverge_delta) + (-1.0 * delta)) <= -1.0)
		(t0_x <= 5.0)
		(_diverge_delta < 1.0)
		(((-1.0 * t9_x) + (-1.0 * delta)) < -5.0)
		(((-1.0 * t5_x) + (-1.0 * delta)) < -2.0)
		(t6_x <= 5.0)
		(((-1.0 * t0_x) + (-1.0 * delta)) < 0.0)
		(t3_x <= 5.0)
		((-1.0 * delta) < 0.0)
		((((-1.0 * controller_z) + (-1.0 * gate_y) + (-1.0 * t0_x) + (-1.0 * _diverge_delta) + t2_x + (-1.0 * t4_x) + (t6_x * 1/4) + (-1.0 * t8_x) + (-1.0 * t1_x) + (t3_x * 7.0) + (t5_x * 1/4) + (t7_x * 1/4) + (-1.0 * t9_x) + -24.0) - (delta * 1/2)) <= 0.0)
		(((-1.0 * t7_x) + (-1.0 * delta)) < -2.0)
		(((-1.0 * t3_x) + (-1.0 * delta)) < -2.0)
		(((-1.0 * t8_x) + (-1.0 * delta)) < -2.0)
		((t7_x + delta) <= 5.0)
		(((-1.0 * controller_z) + (-1.0 * delta)) < -1.0)
		((delta + t0_x) <= 5.0)
	Trans 7 -- 8
		_x__diverge_delta = (delta + _diverge_delta)
		_x_gate_y = (delta + gate_y)
		_x_t3_x = (t3_x + delta)
		_x_t9_x = (t9_x + delta)
		_x_t8_x = (t8_x + delta)
		_x_delta = 0.0
		_x_t7_x = (t7_x + delta)
		_x_t2_x = (delta + t2_x)
		_x_t0_x = (delta + t0_x)
		_x_t1_x = (t1_x + delta)
		_x_t5_x = (t5_x + delta)
		_x_t6_x = (t6_x + delta)
		_x_t4_x = (delta + t4_x)
		_x_controller_z = (delta + controller_z)
	State 8
		t4_l1 = False
		t4_l0 = False
		t1_l1 = False
		t1_l0 = False
		controller_l1 = True
		controller_l0 = False
		t1_evt0 = False
		t1_evt1 = False
		t9_l1 = False
		t9_l0 = False
		t0_evt0 = True
		t0_evt1 = True
		t2_evt0 = True
		t2_evt1 = True
		t3_evt0 = True
		t3_evt1 = True
		t6_l1 = False
		t6_l0 = True
		t4_evt0 = False
		controller_cnt = 2
		t4_evt1 = False
		t5_evt0 = True
		t5_evt1 = True
		t6_evt0 = True
		t3_l1 = False
		t6_evt1 = True
		t3_l0 = True
		_J1583 = True
		t7_evt0 = True
		_J1577 = False
		t7_evt1 = True
		gate_l1 = True
		gate_l0 = False
		t8_evt0 = True
		_J1571 = True
		t8_evt1 = True
		_J1554 = True
		_EL_U_1517 = True
		t9_evt0 = False
		t0_l0 = True
		t9_evt1 = False
		_EL_X_1487 = False
		t0_l1 = False
		controller_evt0 = False
		t8_l1 = False
		t8_l0 = True
		controller_evt1 = False
		controller_evt2 = False
		_EL_U_1521 = False
		_EL_U_1524 = False
		t5_l1 = False
		t5_l0 = True
		gate_evt1 = False
		t2_l1 = False
		t2_l0 = True
		_EL_U_1519 = False
		gate_evt0 = False
		t7_l1 = False
		t7_l0 = True
		_EL_X_1485 = True
	Trans 8 -- 9
		_x_delta = 0.0
		_x_t5_x = t5_x
		_x_t3_x = t3_x
		_x_gate_y = (delta + gate_y)
		_x_t6_x = t6_x
		_x_t8_x = t8_x
		_x__diverge_delta = delta
		_x_t9_x = (t9_x + delta)
		_x_t7_x = t7_x
		_x_t1_x = (t1_x + delta)
		_x_t2_x = t2_x
		_x_t0_x = t0_x
		_x_t4_x = (delta + t4_x)
		_x_controller_z = (delta + controller_z)
	State 9
		t4_l1 = False
		t4_l0 = False
		t1_l1 = False
		t1_l0 = False
		controller_l1 = True
		controller_l0 = False
		t1_evt0 = False
		t1_evt1 = False
		t9_l1 = False
		t9_l0 = False
		t0_evt0 = True
		t0_evt1 = True
		t2_evt0 = True
		t2_evt1 = True
		t3_evt0 = True
		t3_evt1 = True
		t6_l1 = True
		t6_l0 = False
		t4_evt0 = False
		controller_cnt = 2
		t4_evt1 = False
		t5_evt0 = True
		t5_evt1 = True
		t6_evt0 = True
		t3_l1 = True
		t6_evt1 = True
		t3_l0 = False
		_J1583 = True
		t7_evt0 = True
		_J1577 = True
		t7_evt1 = True
		gate_l1 = True
		gate_l0 = False
		t8_evt0 = True
		_J1571 = True
		t8_evt1 = True
		_J1554 = True
		_EL_U_1517 = True
		t9_evt0 = False
		t0_l0 = False
		t9_evt1 = False
		_EL_X_1487 = False
		t0_l1 = True
		controller_evt0 = False
		t8_l1 = True
		t8_l0 = False
		controller_evt1 = False
		controller_evt2 = False
		_EL_U_1521 = False
		_EL_U_1524 = False
		t5_l1 = True
		t5_l0 = False
		gate_evt1 = False
		t2_l1 = True
		t2_l0 = False
		_EL_U_1519 = False
		gate_evt0 = False
		t7_l1 = True
		t7_l0 = False
		_EL_X_1485 = True
	Trans 9 -- 10
		_x__diverge_delta = (delta + _diverge_delta)
		_x_t5_x = t5_x
		_x_t3_x = t3_x
		_x_delta = 0.0
		_x_gate_y = (delta + gate_y)
		_x_t6_x = t6_x
		_x_t8_x = t8_x
		_x_t9_x = (t9_x + delta)
		_x_t7_x = t7_x
		_x_t1_x = (t1_x + delta)
		_x_t2_x = t2_x
		_x_t0_x = t0_x
		_x_t4_x = (delta + t4_x)
		_x_controller_z = (delta + controller_z)
	State 10
		t4_l1 = False
		t4_l0 = False
		t1_l1 = False
		t1_l0 = False
		controller_l1 = True
		controller_l0 = False
		t1_evt0 = False
		t1_evt1 = False
		t9_l1 = False
		t9_l0 = False
		t0_evt0 = False
		t0_evt1 = True
		t2_evt0 = False
		t2_evt1 = True
		t3_evt0 = False
		t3_evt1 = True
		t6_l1 = True
		t6_l0 = True
		t4_evt0 = False
		controller_cnt = 2
		t4_evt1 = False
		t5_evt0 = False
		t5_evt1 = True
		t6_evt0 = False
		t3_l1 = True
		t6_evt1 = True
		t3_l0 = True
		_J1583 = False
		t7_evt0 = False
		_J1577 = False
		t7_evt1 = True
		gate_l1 = True
		gate_l0 = False
		t8_evt0 = False
		_J1571 = False
		t8_evt1 = True
		_J1554 = False
		_EL_U_1517 = True
		t9_evt0 = False
		t0_l0 = True
		t9_evt1 = False
		_EL_X_1487 = False
		t0_l1 = True
		controller_evt0 = False
		t8_l1 = True
		t8_l0 = True
		controller_evt1 = True
		controller_evt2 = False
		_EL_U_1521 = False
		_EL_U_1524 = False
		t5_l1 = True
		t5_l0 = True
		gate_evt1 = False
		t2_l1 = True
		t2_l0 = True
		_EL_U_1519 = False
		gate_evt0 = False
		t7_l1 = True
		t7_l0 = True
		_EL_X_1485 = True
	Trans 10 -- 11
		_x__diverge_delta = (delta + _diverge_delta)
		_x_controller_z = controller_z
		_x_t3_x = t3_x
		_x_delta = 0.0
		_x_gate_y = (delta + gate_y)
		_x_t6_x = t6_x
		_x_t8_x = t8_x
		_x_t9_x = (t9_x + delta)
		_x_t7_x = t7_x
		_x_t5_x = t5_x
		_x_t1_x = (t1_x + delta)
		_x_t2_x = t2_x
		_x_t0_x = t0_x
		_x_t4_x = (delta + t4_x)
	State 11
		t4_l1 = False
		t4_l0 = False
		t1_l1 = False
		t1_l0 = False
		controller_l1 = True
		controller_l0 = False
		t1_evt0 = False
		t1_evt1 = False
		t9_l1 = False
		t9_l0 = False
		t0_evt0 = True
		t0_evt1 = False
		t2_evt0 = True
		t2_evt1 = False
		t3_evt0 = True
		t3_evt1 = False
		t6_l1 = False
		t6_l0 = False
		t4_evt0 = False
		controller_cnt = 1
		t4_evt1 = False
		t5_evt0 = True
		t5_evt1 = False
		t6_evt0 = True
		t3_l1 = False
		t6_evt1 = False
		t3_l0 = False
		_J1583 = True
		t7_evt0 = True
		_J1577 = False
		t7_evt1 = False
		gate_l1 = True
		gate_l0 = False
		t8_evt0 = True
		_J1571 = True
		t8_evt1 = False
		_J1554 = True
		_EL_U_1517 = True
		t9_evt0 = False
		t0_l0 = False
		t9_evt1 = False
		_EL_X_1487 = False
		t0_l1 = False
		controller_evt0 = True
		t8_l1 = False
		t8_l0 = False
		controller_evt1 = False
		controller_evt2 = False
		_EL_U_1521 = False
		_EL_U_1524 = False
		t5_l1 = False
		t5_l0 = False
		gate_evt1 = False
		t2_l1 = False
		t2_l0 = False
		_EL_U_1519 = False
		gate_evt0 = False
		t7_l1 = False
		t7_l0 = False
		_EL_X_1485 = True
	Trans 11 -- 12
		_x_t5_x = 0.0
		_x_controller_z = controller_z
		_x_t3_x = 0.0
		_x__diverge_delta = (delta + _diverge_delta)
		_x_gate_y = (delta + gate_y)
		_x_t9_x = (t9_x + delta)
		_x_t8_x = 0.0
		_x_t6_x = 0.0
		_x_t1_x = (t1_x + delta)
		_x_t2_x = 0.0
		_x_t0_x = 0.0
		_x_t4_x = (delta + t4_x)
		_x_t7_x = 0.0
		_x_delta = t3_x
	starting from: t4_l1 : False, t4_l0 : False, _diverge_delta : 0.0, _EL_X_1487 : False, t4_x : 1146/223, delta : 109830/49729, t1_l1 : False, t1_l0 : False, controller_l1 : True, controller_l0 : False, t1_evt0 : False, t1_x : 1146/223, t1_evt1 : False, t9_l1 : False, t0_evt0 : True, t9_l0 : False, t0_evt1 : True, t2_evt0 : True, t9_x : 1146/223, t2_evt1 : True, controller_z : 923/223, t3_evt0 : True, t3_evt1 : True, controller_cnt : 2, t6_l1 : False, t4_evt0 : False, t6_l0 : True, t4_evt1 : False, t6_x : 0.0, t5_evt0 : True, t5_evt1 : True, t6_evt0 : True, t3_l1 : False, t6_evt1 : True, t3_l0 : True, _J1583 : True, t7_evt0 : True, _J1577 : False, t7_evt1 : True, t3_x : 0.0, gate_l1 : True, t8_evt0 : True, gate_l0 : False, t8_evt1 : True, _J1571 : True, _J1554 : True, t9_evt0 : False, _EL_U_1517 : True, t9_evt1 : False, gate_y : 700/223, t0_l0 : True, controller_evt0 : False, t8_l1 : False, t8_l0 : True, controller_evt1 : False, controller_evt2 : False, t0_l1 : False, t0_x : 0.0, t8_x : 0.0, _EL_U_1521 : False, _EL_U_1524 : False, t5_l1 : False, t5_l0 : True, t7_l0 : True, t5_x : 0.0, t2_l1 : False, t2_l0 : True, t2_x : 0.0, _EL_U_1519 : False, gate_evt0 : False, t7_l1 : False, gate_evt1 : False, t7_x : 0.0, _EL_X_1485 : True

end of `train_gate_0010`: SUCCESS in 1017.7794930934906s
