F3 run `train_gate_0015`

	Found non-termination argument:
	State 9
		delta = 0.0
		_EL_U_2101 = False
		t3_l1 = False
		_EL_U_2104 = False
		t3_l0 = False
		t0_l1 = False
		t0_l0 = True
		t1_evt0 = True
		t1_evt1 = True
		t0_evt0 = True
		t0_evt1 = True
		t2_evt0 = True
		t2_evt1 = True
		_EL_X_2067 = False
		t3_evt0 = False
		t3_evt1 = False
		t4_evt0 = True
		t4_evt1 = True
		t13_l1 = False
		t13_l0 = True
		t5_evt0 = True
		t5_evt1 = True
		t6_evt0 = False
		t6_evt1 = False
		t7_evt0 = False
		t7_evt1 = False
		t10_l1 = False
		t10_l0 = False
		t8_evt0 = False
		t8_evt1 = False
		t9_evt0 = True
		t9_evt1 = True
		t10_evt0 = False
		t7_l1 = False
		t10_evt1 = False
		t7_l0 = False
		t11_evt0 = True
		t11_evt1 = True
		t12_evt0 = False
		t12_evt1 = False
		t4_l1 = False
		t4_l0 = True
		t13_evt0 = True
		controller_l1 = True
		t13_evt1 = True
		controller_l0 = False
		t14_evt0 = False
		t14_evt1 = False
		controller_evt0 = False
		t1_l1 = False
		t1_l0 = True
		controller_evt1 = False
		controller_evt2 = False
		controller_cnt = 3
		t14_l1 = False
		t14_l0 = False
		t11_l1 = False
		t11_l0 = True
		t8_l1 = False
		t8_l0 = False
		gate_evt0 = False
		gate_evt1 = False
		t5_l1 = False
		t5_l0 = True
		t2_l1 = False
		t2_l0 = True
		t12_l1 = False
		t12_l0 = False
		t9_l1 = False
		t9_l0 = True
		_J2163 = True
		_J2157 = True
		_J2151 = True
		_J2134 = True
		_EL_U_2097 = True
		t6_l1 = False
		t6_l0 = False
		_EL_X_2065 = True
		_EL_U_2099 = False
		gate_l1 = True
		gate_l0 = False
		((-1.0 * t14_x) < -3797963483/7578879336)
		((-1.0 * t9_x) < -2.0)
		((-1.0 * t13_x) < -2.0)
		(t11_x <= 5.0)
		((-1.0 * t3_x) < -3797963483/7578879336)
		(t0_x <= 5.0)
		(t4_x <= 5.0)
		((-1.0 * _diverge_delta) <= -1.0)
		((-1.0 * t8_x) < -3797963483/7578879336)
		((-1.0 * t0_x) < -2.0)
		(t1_x <= 5.0)
		(t5_x <= 5.0)
		(t9_x <= 5.0)
		((-1.0 * t12_x) < -3797963483/7578879336)
		((-1.0 * t4_x) < -2.0)
		(t13_x <= 5.0)
		((-1.0 * t11_x) < -2.0)
		((-1.0 * t12_x) < 15149234857/3789439668)
		((-1.0 * t1_x) < -2.0)
		(t2_x <= 5.0)
		((-1.0 * t10_x) < 15149234857/3789439668)
		((-1.0 * t5_x) < -2.0)
		((-1.0 * gate_y) < 26517553861/3789439668)
		((-1.0 * t10_x) < -5.0)
		((-1.0 * controller_z) < 30306993529/3789439668)
		((-1.0 * t14_x) < -5.0)
		((-1.0 * controller_z) < -1.0)
		((-1.0 * _diverge_delta) < 0.0)
		((-1.0 * t3_x) < 15149234857/3789439668)
		((-1.0 * t14_x) < 15149234857/3789439668)
		((-1.0 * t8_x) < -5.0)
		((-1.0 * t6_x) < -5.0)
		((-1.0 * t6_x) < 15149234857/3789439668)
		((-1.0 * t12_x) < -5.0)
		((-1.0 * t7_x) < 15149234857/3789439668)
		((-1.0 * gate_y) < -2.0)
		((-1.0 * t3_x) < -5.0)
		((-1.0 * t8_x) < 15149234857/3789439668)
		((-1.0 * t7_x) < -5.0)
		((-1.0 * t10_x) < -3797963483/7578879336)
		((-1.0 * controller_z) < 26517553861/7578879336)
		((-1.0 * t7_x) < -3797963483/7578879336)
		((-1.0 * t6_x) < -3797963483/7578879336)
		((-1.0 * gate_y) < 18938674525/7578879336)
		((-1.0 * t2_x) < -2.0)
		(((-1.0 * gate_y) + (-1.0 * t10_x) + (-1.0 * t14_x) + (-1.0 * _diverge_delta) + (-1.0 * t3_x) + (-1.0 * t7_x) + (-1.0 * t11_x) + (-1.0 * t0_x) + (-1.0 * t4_x) + (-1.0 * t8_x) + (-1.0 * controller_z) + (-1.0 * t12_x) + (-1.0 * t1_x) + (-1.0 * t5_x) + (-1.0 * t9_x) + (-1.0 * t13_x) + (-1.0 * t2_x) + (-1.0 * t6_x) + 181/2) <= 0.0)
	Trans 9 -- 10
		_x_t8_x = t8_x
		_x_controller_z = controller_z
		_x_t1_x = t1_x
		_x_t14_x = t14_x
		_x_t11_x = t11_x
		_x_t4_x = t4_x
		_x_t0_x = t0_x
		_x_t7_x = t7_x
		_x_t13_x = t13_x
		_x_t9_x = t9_x
		_x_gate_y = gate_y
		_x_t2_x = t2_x
		_x_t5_x = t5_x
		_x_t10_x = t10_x
		_x_t3_x = t3_x
		_x_t6_x = t6_x
		_x_t12_x = t12_x
		_x__diverge_delta = 0.0
	State 10
		delta = 0.0
		_EL_U_2101 = False
		t3_l1 = False
		_EL_U_2104 = False
		t3_l0 = False
		t0_l1 = True
		t0_l0 = False
		t1_evt0 = True
		t1_evt1 = True
		t0_evt0 = True
		t0_evt1 = True
		t2_evt0 = True
		t2_evt1 = True
		_EL_X_2067 = False
		t3_evt0 = False
		t3_evt1 = False
		t4_evt0 = True
		t4_evt1 = True
		t13_l1 = True
		t13_l0 = False
		t5_evt0 = True
		t5_evt1 = True
		t6_evt0 = False
		t6_evt1 = False
		t7_evt0 = False
		t7_evt1 = False
		t10_l1 = False
		t10_l0 = False
		t8_evt0 = False
		t8_evt1 = False
		t9_evt0 = True
		t9_evt1 = True
		t10_evt0 = False
		t7_l1 = False
		t10_evt1 = False
		t7_l0 = False
		t11_evt0 = True
		t11_evt1 = True
		t12_evt0 = False
		t12_evt1 = False
		t4_l1 = True
		t4_l0 = False
		t13_evt0 = True
		controller_l1 = True
		t13_evt1 = True
		controller_l0 = False
		t14_evt0 = False
		t14_evt1 = False
		controller_evt0 = False
		t1_l1 = True
		t1_l0 = False
		controller_evt1 = False
		controller_evt2 = False
		controller_cnt = 3
		t14_l1 = False
		t14_l0 = False
		t11_l1 = True
		t11_l0 = False
		t8_l1 = False
		t8_l0 = False
		gate_evt0 = False
		gate_evt1 = False
		t5_l1 = True
		t5_l0 = False
		t2_l1 = True
		t2_l0 = False
		t12_l1 = False
		t12_l0 = False
		t9_l1 = True
		t9_l0 = False
		_J2163 = False
		_J2157 = False
		_J2151 = False
		_J2134 = False
		_EL_U_2097 = True
		t6_l1 = False
		t6_l0 = False
		_EL_X_2065 = True
		_EL_U_2099 = False
		gate_l1 = True
		gate_l0 = False
	Trans 10 -- 11
		_x__diverge_delta = _diverge_delta
		_x_t8_x = t8_x
		_x_controller_z = controller_z
		_x_t1_x = t1_x
		_x_t14_x = t14_x
		_x_t11_x = t11_x
		_x_t4_x = t4_x
		_x_t0_x = t0_x
		_x_t7_x = t7_x
		_x_t13_x = t13_x
		_x_t9_x = t9_x
		_x_gate_y = gate_y
		_x_t2_x = t2_x
		_x_t5_x = t5_x
		_x_t10_x = t10_x
		_x_t3_x = t3_x
		_x_t6_x = t6_x
		_x_t12_x = t12_x
	State 11
		delta = 0.0
		_EL_U_2101 = False
		t3_l1 = False
		_EL_U_2104 = False
		t3_l0 = False
		t0_l1 = True
		t0_l0 = True
		t1_evt0 = False
		t1_evt1 = True
		t0_evt0 = False
		t0_evt1 = True
		t2_evt0 = False
		t2_evt1 = True
		_EL_X_2067 = False
		t3_evt0 = False
		t3_evt1 = False
		t4_evt0 = False
		t4_evt1 = True
		t13_l1 = True
		t13_l0 = True
		t5_evt0 = False
		t5_evt1 = True
		t6_evt0 = False
		t6_evt1 = False
		t7_evt0 = False
		t7_evt1 = False
		t10_l1 = False
		t10_l0 = False
		t8_evt0 = False
		t8_evt1 = False
		t9_evt0 = False
		t9_evt1 = True
		t10_evt0 = False
		t7_l1 = False
		t10_evt1 = False
		t7_l0 = False
		t11_evt0 = False
		t11_evt1 = True
		t12_evt0 = False
		t12_evt1 = False
		t4_l1 = True
		t4_l0 = True
		t13_evt0 = False
		controller_l1 = True
		t13_evt1 = True
		controller_l0 = False
		t14_evt0 = False
		t14_evt1 = False
		controller_evt0 = False
		t1_l1 = True
		t1_l0 = True
		controller_evt1 = True
		controller_evt2 = False
		controller_cnt = 3
		t14_l1 = False
		t14_l0 = False
		t11_l1 = True
		t11_l0 = True
		t8_l1 = False
		t8_l0 = False
		gate_evt0 = False
		gate_evt1 = False
		t5_l1 = True
		t5_l0 = True
		t2_l1 = True
		t2_l0 = True
		t12_l1 = False
		t12_l0 = False
		t9_l1 = True
		t9_l0 = True
		_J2163 = True
		_J2157 = False
		_J2151 = True
		_J2134 = True
		_EL_U_2097 = True
		t6_l1 = False
		t6_l0 = False
		_EL_X_2065 = True
		_EL_U_2099 = False
		gate_l1 = True
		gate_l0 = False
	Trans 11 -- 12
		_x__diverge_delta = _diverge_delta
		_x_t8_x = t8_x
		_x_controller_z = controller_z
		_x_t1_x = t1_x
		_x_t14_x = t14_x
		_x_t11_x = t11_x
		_x_t4_x = t4_x
		_x_t0_x = t0_x
		_x_t7_x = t7_x
		_x_t13_x = t13_x
		_x_t9_x = t9_x
		_x_gate_y = gate_y
		_x_t2_x = t2_x
		_x_t5_x = t5_x
		_x_t10_x = t10_x
		_x_t3_x = t3_x
		_x_t6_x = t6_x
		_x_t12_x = t12_x
	State 12
		delta = 2314524479/947359917
		_EL_U_2101 = False
		t3_l1 = False
		_EL_U_2104 = False
		t3_l0 = False
		t0_l1 = False
		t0_l0 = False
		t1_evt0 = True
		t1_evt1 = True
		t0_evt0 = True
		t0_evt1 = True
		t2_evt0 = False
		t2_evt1 = False
		_EL_X_2067 = False
		t3_evt0 = False
		t3_evt1 = False
		t4_evt0 = True
		t4_evt1 = True
		t13_l1 = False
		t13_l0 = False
		t5_evt0 = False
		t5_evt1 = False
		t6_evt0 = True
		t6_evt1 = True
		t7_evt0 = True
		t7_evt1 = True
		t10_l1 = False
		t10_l0 = False
		t8_evt0 = False
		t8_evt1 = False
		t9_evt0 = False
		t9_evt1 = False
		t10_evt0 = True
		t7_l1 = False
		t10_evt1 = False
		t7_l0 = False
		t11_evt0 = False
		t11_evt1 = False
		t12_evt0 = False
		t12_evt1 = False
		t4_l1 = False
		t4_l0 = False
		t13_evt0 = False
		controller_l1 = True
		t13_evt1 = False
		controller_l0 = False
		t14_evt0 = False
		t14_evt1 = False
		controller_evt0 = True
		t1_l1 = False
		t1_l0 = False
		controller_evt1 = False
		controller_evt2 = False
		controller_cnt = 2
		t14_l1 = False
		t14_l0 = False
		t11_l1 = False
		t11_l0 = False
		t8_l1 = False
		t8_l0 = False
		gate_evt0 = True
		gate_evt1 = False
		t5_l1 = False
		t5_l0 = False
		t2_l1 = False
		t2_l0 = False
		t12_l1 = False
		t12_l0 = False
		t9_l1 = False
		t9_l0 = False
		_J2163 = True
		_J2157 = False
		_J2151 = True
		_J2134 = True
		_EL_U_2097 = True
		t6_l1 = False
		t6_l0 = False
		_EL_X_2065 = True
		_EL_U_2099 = False
		gate_l1 = True
		gate_l0 = False
	Trans 12 -- 13
		_x_gate_y = (gate_y + 2314524479/947359917)
		_x_t11_x = (t11_x + 2314524479/947359917)
		_x_t10_x = (t10_x + 2314524479/947359917)
		_x_controller_z = (controller_z + 2314524479/947359917)
		_x_t13_x = (t13_x + 2314524479/947359917)
		_x_t5_x = (t5_x + 2314524479/947359917)
		_x_t3_x = (t3_x + 2314524479/947359917)
		_x_t8_x = (t8_x + 2314524479/947359917)
		_x_t6_x = (t6_x + 2314524479/947359917)
		_x_t1_x = (t1_x + 2314524479/947359917)
		_x_t9_x = (t9_x + 2314524479/947359917)
		_x_t14_x = (t14_x + 2314524479/947359917)
		_x_t2_x = (t2_x + 2314524479/947359917)
		_x_t4_x = (t4_x + 2314524479/947359917)
		_x_t12_x = (t12_x + 2314524479/947359917)
		_x_t7_x = (t7_x + 2314524479/947359917)
		_x__diverge_delta = (_diverge_delta + 2314524479/947359917)
		_x_t0_x = (t0_x + 2314524479/947359917)
	State 13
		delta = 0.0
		_EL_U_2101 = False
		t3_l1 = False
		_EL_U_2104 = False
		t3_l0 = False
		t0_l1 = False
		t0_l0 = False
		t1_evt0 = True
		t1_evt1 = False
		t0_evt0 = True
		t0_evt1 = False
		t2_evt0 = True
		t2_evt1 = False
		_EL_X_2067 = False
		t3_evt0 = False
		t3_evt1 = False
		t4_evt0 = True
		t4_evt1 = False
		t13_l1 = False
		t13_l0 = False
		t5_evt0 = True
		t5_evt1 = False
		t6_evt0 = False
		t6_evt1 = False
		t7_evt0 = False
		t7_evt1 = False
		t10_l1 = False
		t10_l0 = False
		t8_evt0 = False
		t8_evt1 = False
		t9_evt0 = True
		t9_evt1 = False
		t10_evt0 = False
		t7_l1 = False
		t10_evt1 = False
		t7_l0 = False
		t11_evt0 = True
		t11_evt1 = False
		t12_evt0 = False
		t12_evt1 = False
		t4_l1 = False
		t4_l0 = False
		t13_evt0 = True
		controller_l1 = True
		t13_evt1 = False
		controller_l0 = False
		t14_evt0 = False
		t14_evt1 = False
		controller_evt0 = True
		t1_l1 = False
		t1_l0 = False
		controller_evt1 = False
		controller_evt2 = False
		controller_cnt = 2
		t14_l1 = False
		t14_l0 = False
		t11_l1 = False
		t11_l0 = False
		t8_l1 = False
		t8_l0 = False
		gate_evt0 = False
		gate_evt1 = False
		t5_l1 = False
		t5_l0 = False
		t2_l1 = False
		t2_l0 = False
		t12_l1 = False
		t12_l0 = False
		t9_l1 = False
		t9_l0 = False
		_J2163 = True
		_J2157 = False
		_J2151 = True
		_J2134 = True
		_EL_U_2097 = True
		t6_l1 = False
		t6_l0 = False
		_EL_X_2065 = True
		_EL_U_2099 = False
		gate_l1 = True
		gate_l0 = False
	Trans 13 -- 14
		_x_t4_x = 0.0
		_x_t0_x = 0.0
		_x_controller_z = controller_z
		_x_t8_x = t8_x
		_x_t11_x = 0.0
		_x_t14_x = t14_x
		_x_t7_x = t7_x
		_x_gate_y = gate_y
		_x_t10_x = t10_x
		_x_t3_x = t3_x
		_x_t2_x = 0.0
		_x_t6_x = t6_x
		_x_t13_x = 0.0
		_x_t9_x = 0.0
		_x_t12_x = t12_x
		_x_t5_x = 0.0
		_x__diverge_delta = 0.0
		_x_t1_x = 0.0
	State 14
		delta = 1.0
		_EL_U_2101 = False
		t3_l1 = False
		_EL_U_2104 = False
		t3_l0 = False
		t0_l1 = False
		t0_l0 = True
		t1_evt0 = True
		t1_evt1 = True
		t0_evt0 = False
		t0_evt1 = False
		t2_evt0 = True
		t2_evt1 = True
		_EL_X_2067 = False
		t3_evt0 = False
		t3_evt1 = False
		t4_evt0 = True
		t4_evt1 = True
		t13_l1 = False
		t13_l0 = True
		t5_evt0 = True
		t5_evt1 = True
		t6_evt0 = False
		t6_evt1 = False
		t7_evt0 = False
		t7_evt1 = False
		t10_l1 = False
		t10_l0 = False
		t8_evt0 = False
		t8_evt1 = False
		t9_evt0 = True
		t9_evt1 = True
		t10_evt0 = False
		t7_l1 = False
		t10_evt1 = False
		t7_l0 = False
		t11_evt0 = True
		t11_evt1 = True
		t12_evt0 = False
		t12_evt1 = False
		t4_l1 = False
		t4_l0 = True
		t13_evt0 = True
		controller_l1 = True
		t13_evt1 = False
		controller_l0 = False
		t14_evt0 = False
		t14_evt1 = False
		controller_evt0 = False
		t1_l1 = False
		t1_l0 = True
		controller_evt1 = False
		controller_evt2 = False
		controller_cnt = 3
		t14_l1 = False
		t14_l0 = False
		t11_l1 = False
		t11_l0 = True
		t8_l1 = False
		t8_l0 = False
		gate_evt0 = True
		gate_evt1 = False
		t5_l1 = False
		t5_l0 = True
		t2_l1 = False
		t2_l0 = True
		t12_l1 = False
		t12_l0 = False
		t9_l1 = False
		t9_l0 = True
		_J2163 = True
		_J2157 = True
		_J2151 = True
		_J2134 = True
		_EL_U_2097 = True
		t6_l1 = False
		t6_l0 = False
		_EL_X_2065 = True
		_EL_U_2099 = False
		gate_l1 = True
		gate_l0 = False
	Trans 14 -- 15
		_x_gate_y = (gate_y + 1.0)
		_x_t11_x = (t11_x + 1.0)
		_x_t10_x = (t10_x + 1.0)
		_x_controller_z = (controller_z + 1.0)
		_x_t13_x = (t13_x + 1.0)
		_x_t5_x = (t5_x + 1.0)
		_x_t3_x = (t3_x + 1.0)
		_x_t8_x = (t8_x + 1.0)
		_x_t6_x = (t6_x + 1.0)
		_x_t1_x = (t1_x + 1.0)
		_x_t9_x = (t9_x + 1.0)
		_x_t14_x = (t14_x + 1.0)
		_x_t2_x = (t2_x + 1.0)
		_x_t4_x = (t4_x + 1.0)
		_x_t12_x = (t12_x + 1.0)
		_x_t7_x = (t7_x + 1.0)
		_x__diverge_delta = (_diverge_delta + 1.0)
		_x_t0_x = (t0_x + 1.0)
	State 15
		delta = 1186969/1124296
		_EL_U_2101 = False
		t3_l1 = False
		_EL_U_2104 = False
		t3_l0 = False
		t0_l1 = False
		t0_l0 = True
		t1_evt0 = True
		t1_evt1 = True
		t0_evt0 = False
		t0_evt1 = False
		t2_evt0 = False
		t2_evt1 = False
		_EL_X_2067 = False
		t3_evt0 = False
		t3_evt1 = False
		t4_evt0 = False
		t4_evt1 = False
		t13_l1 = False
		t13_l0 = True
		t5_evt0 = False
		t5_evt1 = False
		t6_evt0 = False
		t6_evt1 = False
		t7_evt0 = False
		t7_evt1 = False
		t10_l1 = False
		t10_l0 = False
		t8_evt0 = False
		t8_evt1 = False
		t9_evt0 = False
		t9_evt1 = False
		t10_evt0 = False
		t7_l1 = False
		t10_evt1 = False
		t7_l0 = False
		t11_evt0 = False
		t11_evt1 = False
		t12_evt0 = True
		t12_evt1 = False
		t4_l1 = False
		t4_l0 = True
		t13_evt0 = False
		controller_l1 = True
		t13_evt1 = False
		controller_l0 = False
		t14_evt0 = False
		t14_evt1 = False
		controller_evt0 = True
		t1_l1 = False
		t1_l0 = True
		controller_evt1 = False
		controller_evt2 = False
		controller_cnt = 3
		t14_l1 = False
		t14_l0 = False
		t11_l1 = False
		t11_l0 = True
		t8_l1 = False
		t8_l0 = False
		gate_evt0 = True
		gate_evt1 = False
		t5_l1 = False
		t5_l0 = True
		t2_l1 = False
		t2_l0 = True
		t12_l1 = False
		t12_l0 = False
		t9_l1 = False
		t9_l0 = True
		_J2163 = False
		_J2157 = False
		_J2151 = False
		_J2134 = False
		_EL_U_2097 = True
		t6_l1 = False
		t6_l0 = False
		_EL_X_2065 = True
		_EL_U_2099 = False
		gate_l1 = True
		gate_l0 = False
	Trans 15 -- 16
		_x__diverge_delta = 1186969/1124296
		_x_t0_x = (t0_x + 1186969/1124296)
		_x_gate_y = (gate_y + 1186969/1124296)
		_x_t11_x = (t11_x + 1186969/1124296)
		_x_t10_x = (t10_x + 1186969/1124296)
		_x_controller_z = (controller_z + 1186969/1124296)
		_x_t13_x = (t13_x + 1186969/1124296)
		_x_t5_x = (t5_x + 1186969/1124296)
		_x_t3_x = (t3_x + 1186969/1124296)
		_x_t8_x = (t8_x + 1186969/1124296)
		_x_t6_x = (t6_x + 1186969/1124296)
		_x_t1_x = (t1_x + 1186969/1124296)
		_x_t9_x = (t9_x + 1186969/1124296)
		_x_t14_x = (t14_x + 1186969/1124296)
		_x_t2_x = (t2_x + 1186969/1124296)
		_x_t4_x = (t4_x + 1186969/1124296)
		_x_t12_x = (t12_x + 1186969/1124296)
		_x_t7_x = (t7_x + 1186969/1124296)
	starting from: _EL_U_2101 : False, _EL_U_2104 : False, _diverge_delta : 3/2, delta : 0.0, t0_l1 : False, t0_l0 : True, t0_x : 3.0, t1_evt0 : True, t1_evt1 : True, t0_evt0 : True, t0_evt1 : True, t2_evt0 : True, t2_evt1 : True, t3_evt0 : False, t3_evt1 : False, t4_evt0 : True, t4_evt1 : True, t13_l1 : False, t13_l0 : True, t5_evt0 : True, t5_evt1 : True, t13_x : 3.0, t6_evt0 : False, t6_evt1 : False, t7_evt0 : False, t7_evt1 : False, t8_evt0 : False, t8_evt1 : False, t9_evt0 : True, t9_evt1 : True, t10_evt0 : False, t7_l1 : False, t10_evt1 : False, t7_l0 : False, t11_evt0 : True, t7_x : 8.0, t11_evt1 : True, t12_evt0 : False, t12_evt1 : False, t13_evt0 : True, t13_evt1 : True, t14_evt0 : False, t14_evt1 : False, controller_evt0 : False, t1_l1 : False, t1_l0 : True, controller_evt1 : False, controller_evt2 : False, t1_x : 4.0, t14_l1 : False, t14_l0 : False, t14_x : 8.0, t8_l1 : False, t8_l0 : False, t8_x : 8.0, gate_evt0 : False, gate_evt1 : False, t2_l1 : False, t2_l0 : True, t2_x : 3.0, t9_l1 : False, t9_l0 : True, t9_x : 3.0, gate_l1 : True, gate_l0 : False, gate_y : 3.0, t3_l1 : False, t3_l0 : False, t3_x : 8.0, t10_l1 : False, t10_l0 : False, t10_x : 8.0, t4_l1 : False, t4_l0 : True, controller_l1 : True, controller_l0 : False, t4_x : 3.0, controller_z : 4.0, controller_cnt : 3, t11_l1 : False, t11_l0 : True, t11_x : 4.0, t5_l1 : False, t5_l0 : True, t5_x : 3.0, t12_l1 : False, t12_l0 : False, t12_x : 8.0, _J2163 : True, _J2157 : True, _J2151 : True, _J2134 : True, _EL_U_2097 : True, t6_l1 : False, t6_l0 : False, _EL_X_2065 : True, _EL_U_2099 : False, _EL_X_2067 : False, t6_x : 8.0

end of `train_gate_0015`: SUCCESS in 621.0965492725372s
