F3 run `train_gate_0021`

	Found non-termination argument:
	State 10
		_diverge_delta = 0.0
		t18_x = 24761215/6766809
		delta = 0.0
		t7_x = 24761215/6766809
		t15_x = 24761215/6766809
		t5_l1 = False
		t5_l0 = False
		t2_l1 = True
		t2_l0 = False
		t1_evt0 = False
		t1_evt1 = False
		t0_evt0 = True
		t0_evt1 = True
		t2_evt0 = True
		t2_evt1 = True
		t18_l1 = True
		t18_l0 = False
		t3_evt0 = True
		t3_evt1 = True
		t4_evt0 = True
		t4_evt1 = True
		t5_evt0 = False
		t15_l1 = True
		t5_evt1 = False
		t15_l0 = False
		t6_evt0 = False
		t6_evt1 = False
		t7_evt0 = True
		t7_evt1 = True
		t12_l1 = True
		t12_l0 = False
		t8_evt0 = True
		t8_evt1 = True
		t9_evt0 = True
		t9_evt1 = True
		t10_evt0 = True
		gate_l1 = True
		t10_evt1 = True
		t9_l1 = True
		t9_l0 = False
		t11_evt0 = True
		gate_l0 = False
		t11_evt1 = True
		t12_evt0 = True
		t12_evt1 = True
		t13_evt0 = True
		t6_l1 = False
		t13_evt1 = True
		t6_l0 = False
		t14_evt0 = False
		t14_evt1 = False
		t15_evt0 = True
		t15_evt1 = True
		t3_l1 = True
		t3_l0 = False
		t16_evt0 = False
		t16_evt1 = False
		t17_evt0 = False
		t17_evt1 = False
		t18_evt0 = True
		t0_l1 = True
		t18_evt1 = True
		t0_l0 = False
		t19_l1 = True
		t19_l0 = False
		t19_evt0 = True
		t19_evt1 = True
		t20_evt0 = False
		t20_evt1 = False
		controller_evt0 = False
		controller_evt1 = False
		t16_l1 = False
		controller_evt2 = False
		t16_l0 = False
		t13_l1 = True
		t13_l0 = False
		_J2859 = True
		_J2853 = True
		_J2847 = True
		_J2830 = True
		_EL_U_2793 = True
		t10_l1 = True
		t10_l0 = False
		_EL_U_2795 = False
		_EL_X_2761 = True
		_EL_X_2763 = False
		controller_l1 = True
		controller_l0 = False
		_EL_U_2797 = False
		t7_l1 = True
		t7_l0 = False
		_EL_U_2800 = False
		t4_l1 = True
		t4_l0 = False
		controller_cnt = 3
		t1_l1 = False
		t1_l0 = False
		t20_l1 = False
		t20_l0 = False
		gate_evt0 = False
		gate_evt1 = False
		t17_l1 = False
		t17_l0 = False
		t14_l1 = False
		t14_l0 = False
		t11_l1 = True
		t11_l0 = False
		t8_l1 = True
		t8_l0 = False
		((-1.0 * t20_x) < 29222003/6766809)
		((-1.0 * t16_x) < -2306021/6766809)
		((-1.0 * t6_x) < 29222003/6766809)
		((-1.0 * t14_x) < 29222003/6766809)
		((-1.0 * t17_x) < -2306021/6766809)
		((-1.0 * t16_x) < 29222003/6766809)
		((-1.0 * t17_x) < 29222003/6766809)
		((-1.0 * t1_x) < -2306021/6766809)
		((-1.0 * t1_x) < 29222003/6766809)
		(t8_x <= 5.0)
		((-1.0 * gate_y) < 49522430/6766809)
		(t10_x <= 5.0)
		(t12_x <= 5.0)
		(t3_x <= 5.0)
		(t9_x <= 5.0)
		(t11_x <= 5.0)
		(t13_x <= 5.0)
		(t0_x <= 5.0)
		(t2_x <= 5.0)
		(t19_x <= 5.0)
		(t4_x <= 5.0)
		((-1.0 * t5_x) < -2306021/6766809)
		((-1.0 * t5_x) < 29222003/6766809)
		((-1.0 * controller_z) < 24761215/6766809)
		((-1.0 * controller_z) < 56289239/6766809)
		((-1.0 * t17_x) < -5.0)
		((-1.0 * t20_x) < -2306021/6766809)
		((-1.0 * gate_y) < -2.0)
		((-1.0 * controller_z) < -1.0)
		((-1.0 * t6_x) < -5.0)
		((-1.0 * t6_x) < -2306021/6766809)
		((-1.0 * t14_x) < -5.0)
		((-1.0 * t16_x) < -5.0)
		((-1.0 * t1_x) < -5.0)
		((-1.0 * t14_x) < -2306021/6766809)
		((-1.0 * t5_x) < -5.0)
		((-1.0 * t20_x) < -5.0)
		((-1.0 * gate_y) < 17994406/6766809)
		True
	Trans 10 -- 11
		_x_t19_x = t19_x
		_x_t10_x = t10_x
		_x_t11_x = t11_x
		_x_t3_x = t3_x
		_x_t4_x = t4_x
		_x_t12_x = t12_x
		_x_t1_x = t1_x
		_x_t20_x = t20_x
		_x_t17_x = t17_x
		_x_controller_z = controller_z
		_x_t16_x = t16_x
		_x_t5_x = t5_x
		_x_gate_y = gate_y
		_x_t9_x = t9_x
		_x_t2_x = t2_x
		_x_t14_x = t14_x
		_x_t0_x = t0_x
		_x_t8_x = t8_x
		_x_t13_x = t13_x
		_x_t6_x = t6_x
	State 11
		_diverge_delta = 0.0
		t18_x = 24761215/6766809
		delta = 0.0
		t7_x = 24761215/6766809
		t15_x = 24761215/6766809
		t5_l1 = False
		t5_l0 = False
		t2_l1 = True
		t2_l0 = True
		t1_evt0 = False
		t1_evt1 = False
		t0_evt0 = False
		t0_evt1 = True
		t2_evt0 = False
		t2_evt1 = True
		t18_l1 = True
		t18_l0 = True
		t3_evt0 = False
		t3_evt1 = True
		t4_evt0 = False
		t4_evt1 = True
		t5_evt0 = False
		t15_l1 = True
		t5_evt1 = False
		t15_l0 = True
		t6_evt0 = False
		t6_evt1 = False
		t7_evt0 = False
		t7_evt1 = True
		t12_l1 = True
		t12_l0 = True
		t8_evt0 = False
		t8_evt1 = True
		t9_evt0 = False
		t9_evt1 = True
		t10_evt0 = False
		gate_l1 = True
		t10_evt1 = True
		t9_l1 = True
		t9_l0 = True
		t11_evt0 = False
		gate_l0 = False
		t11_evt1 = True
		t12_evt0 = False
		t12_evt1 = True
		t13_evt0 = False
		t6_l1 = False
		t13_evt1 = True
		t6_l0 = False
		t14_evt0 = False
		t14_evt1 = False
		t15_evt0 = False
		t15_evt1 = True
		t3_l1 = True
		t3_l0 = True
		t16_evt0 = False
		t16_evt1 = False
		t17_evt0 = False
		t17_evt1 = False
		t18_evt0 = False
		t0_l1 = True
		t18_evt1 = True
		t0_l0 = True
		t19_l1 = True
		t19_l0 = True
		t19_evt0 = False
		t19_evt1 = True
		t20_evt0 = False
		t20_evt1 = False
		controller_evt0 = False
		controller_evt1 = True
		t16_l1 = False
		controller_evt2 = False
		t16_l0 = False
		t13_l1 = True
		t13_l0 = True
		_J2859 = False
		_J2853 = False
		_J2847 = False
		_J2830 = False
		_EL_U_2793 = True
		t10_l1 = True
		t10_l0 = True
		_EL_U_2795 = False
		_EL_X_2761 = True
		_EL_X_2763 = False
		controller_l1 = True
		controller_l0 = False
		_EL_U_2797 = False
		t7_l1 = True
		t7_l0 = True
		_EL_U_2800 = False
		t4_l1 = True
		t4_l0 = True
		controller_cnt = 3
		t1_l1 = False
		t1_l0 = False
		t20_l1 = False
		t20_l0 = False
		gate_evt0 = False
		gate_evt1 = False
		t17_l1 = False
		t17_l0 = False
		t14_l1 = False
		t14_l0 = False
		t11_l1 = True
		t11_l0 = True
		t8_l1 = True
		t8_l0 = True
	Trans 11 -- 12
		_x_t19_x = t19_x
		_x_t10_x = t10_x
		_x_t11_x = t11_x
		_x_t3_x = t3_x
		_x_t4_x = t4_x
		_x_t12_x = t12_x
		_x_t1_x = t1_x
		_x_t20_x = t20_x
		_x_t17_x = t17_x
		_x_controller_z = controller_z
		_x_t16_x = t16_x
		_x_t5_x = t5_x
		_x_gate_y = gate_y
		_x_t9_x = t9_x
		_x_t2_x = t2_x
		_x_t14_x = t14_x
		_x_t0_x = t0_x
		_x_t8_x = t8_x
		_x_t13_x = t13_x
		_x_t6_x = t6_x
	State 12
		_diverge_delta = 0.0
		t18_x = 24761215/6766809
		delta = 1.0
		t7_x = 24761215/6766809
		t15_x = 24761215/6766809
		t5_l1 = False
		t5_l0 = False
		t2_l1 = False
		t2_l0 = False
		t1_evt0 = False
		t1_evt1 = False
		t0_evt0 = False
		t0_evt1 = False
		t2_evt0 = False
		t2_evt1 = False
		t18_l1 = False
		t18_l0 = False
		t3_evt0 = False
		t3_evt1 = False
		t4_evt0 = False
		t4_evt1 = False
		t5_evt0 = False
		t15_l1 = False
		t5_evt1 = False
		t15_l0 = False
		t6_evt0 = False
		t6_evt1 = False
		t7_evt0 = False
		t7_evt1 = False
		t12_l1 = False
		t12_l0 = False
		t8_evt0 = False
		t8_evt1 = False
		t9_evt0 = False
		t9_evt1 = True
		t10_evt0 = False
		gate_l1 = True
		t10_evt1 = False
		t9_l1 = False
		t9_l0 = False
		t11_evt0 = False
		gate_l0 = False
		t11_evt1 = False
		t12_evt0 = False
		t12_evt1 = False
		t13_evt0 = False
		t6_l1 = False
		t13_evt1 = True
		t6_l0 = False
		t14_evt0 = False
		t14_evt1 = False
		t15_evt0 = True
		t15_evt1 = True
		t3_l1 = False
		t3_l0 = False
		t16_evt0 = False
		t16_evt1 = False
		t17_evt0 = False
		t17_evt1 = False
		t18_evt0 = False
		t0_l1 = False
		t18_evt1 = False
		t0_l0 = False
		t19_l1 = False
		t19_l0 = False
		t19_evt0 = False
		t19_evt1 = False
		t20_evt0 = False
		t20_evt1 = False
		controller_evt0 = True
		controller_evt1 = True
		t16_l1 = False
		controller_evt2 = False
		t16_l0 = False
		t13_l1 = False
		t13_l0 = False
		_J2859 = True
		_J2853 = False
		_J2847 = True
		_J2830 = True
		_EL_U_2793 = True
		t10_l1 = False
		t10_l0 = False
		_EL_U_2795 = False
		_EL_X_2761 = True
		_EL_X_2763 = False
		controller_l1 = True
		controller_l0 = False
		_EL_U_2797 = False
		t7_l1 = False
		t7_l0 = False
		_EL_U_2800 = False
		t4_l1 = False
		t4_l0 = False
		controller_cnt = 2
		t1_l1 = False
		t1_l0 = False
		t20_l1 = False
		t20_l0 = False
		gate_evt0 = True
		gate_evt1 = False
		t17_l1 = False
		t17_l0 = False
		t14_l1 = False
		t14_l0 = False
		t11_l1 = False
		t11_l0 = False
		t8_l1 = False
		t8_l0 = False
	Trans 12 -- 13
		_x_t14_x = (t14_x + 1.0)
		_x_t12_x = (t12_x + 1.0)
		_x_t20_x = (t20_x + 1.0)
		_x_controller_z = (controller_z + 1.0)
		_x_t16_x = (t16_x + 1.0)
		_x_t1_x = (t1_x + 1.0)
		_x_t13_x = (t13_x + 1.0)
		_x_t9_x = (t9_x + 1.0)
		_x_t17_x = (t17_x + 1.0)
		_x_t2_x = (t2_x + 1.0)
		_x_t6_x = (t6_x + 1.0)
		_x_t11_x = (t11_x + 1.0)
		_x_t10_x = (t10_x + 1.0)
		_x_t0_x = (t0_x + 1.0)
		_x_gate_y = (gate_y + 1.0)
		_x_t3_x = (t3_x + 1.0)
		_x_t4_x = (t4_x + 1.0)
		_x_t5_x = (t5_x + 1.0)
		_x_t19_x = (t19_x + 1.0)
		_x_t8_x = (t8_x + 1.0)
	State 13
		_diverge_delta = 1.0
		t18_x = 31528024/6766809
		delta = 0.0
		t7_x = 31528024/6766809
		t15_x = 31528024/6766809
		t5_l1 = False
		t5_l0 = False
		t2_l1 = False
		t2_l0 = False
		t1_evt0 = False
		t1_evt1 = False
		t0_evt0 = True
		t0_evt1 = False
		t2_evt0 = True
		t2_evt1 = False
		t18_l1 = False
		t18_l0 = False
		t3_evt0 = True
		t3_evt1 = False
		t4_evt0 = True
		t4_evt1 = False
		t5_evt0 = False
		t15_l1 = False
		t5_evt1 = False
		t15_l0 = False
		t6_evt0 = False
		t6_evt1 = False
		t7_evt0 = True
		t7_evt1 = False
		t12_l1 = False
		t12_l0 = False
		t8_evt0 = True
		t8_evt1 = False
		t9_evt0 = True
		t9_evt1 = False
		t10_evt0 = True
		gate_l1 = True
		t10_evt1 = False
		t9_l1 = False
		t9_l0 = False
		t11_evt0 = True
		gate_l0 = False
		t11_evt1 = False
		t12_evt0 = True
		t12_evt1 = False
		t13_evt0 = True
		t6_l1 = False
		t13_evt1 = False
		t6_l0 = False
		t14_evt0 = False
		t14_evt1 = False
		t15_evt0 = True
		t15_evt1 = False
		t3_l1 = False
		t3_l0 = False
		t16_evt0 = False
		t16_evt1 = False
		t17_evt0 = False
		t17_evt1 = False
		t18_evt0 = True
		t0_l1 = False
		t18_evt1 = False
		t0_l0 = False
		t19_l1 = False
		t19_l0 = False
		t19_evt0 = True
		t19_evt1 = False
		t20_evt0 = False
		t20_evt1 = False
		controller_evt0 = True
		controller_evt1 = False
		t16_l1 = False
		controller_evt2 = False
		t16_l0 = False
		t13_l1 = False
		t13_l0 = False
		_J2859 = True
		_J2853 = False
		_J2847 = True
		_J2830 = True
		_EL_U_2793 = True
		t10_l1 = False
		t10_l0 = False
		_EL_U_2795 = False
		_EL_X_2761 = True
		_EL_X_2763 = False
		controller_l1 = True
		controller_l0 = False
		_EL_U_2797 = False
		t7_l1 = False
		t7_l0 = False
		_EL_U_2800 = False
		t4_l1 = False
		t4_l0 = False
		controller_cnt = 2
		t1_l1 = False
		t1_l0 = False
		t20_l1 = False
		t20_l0 = False
		gate_evt0 = False
		gate_evt1 = False
		t17_l1 = False
		t17_l0 = False
		t14_l1 = False
		t14_l0 = False
		t11_l1 = False
		t11_l0 = False
		t8_l1 = False
		t8_l0 = False
	Trans 13 -- 14
		_x_t2_x = 0.0
		_x_t1_x = t1_x
		_x_t13_x = 0.0
		_x_t9_x = 0.0
		_x_t12_x = 0.0
		_x_t20_x = t20_x
		_x_t8_x = 0.0
		_x_t4_x = 0.0
		_x_t19_x = 0.0
		_x_t17_x = t17_x
		_x_controller_z = controller_z
		_x_t0_x = 0.0
		_x_t16_x = t16_x
		_x_t5_x = t5_x
		_x_t11_x = 0.0
		_x_gate_y = gate_y
		_x_t14_x = t14_x
		_x_t3_x = 0.0
		_x_t10_x = 0.0
		_x_t6_x = t6_x
	State 14
		_diverge_delta = 0.0
		t18_x = 0.0
		delta = 24761215/6766809
		t7_x = 0.0
		t15_x = 0.0
		t5_l1 = False
		t5_l0 = False
		t2_l1 = False
		t2_l0 = True
		t1_evt0 = False
		t1_evt1 = False
		t0_evt0 = True
		t0_evt1 = True
		t2_evt0 = False
		t2_evt1 = False
		t18_l1 = False
		t18_l0 = True
		t3_evt0 = False
		t3_evt1 = False
		t4_evt0 = True
		t4_evt1 = True
		t5_evt0 = False
		t15_l1 = False
		t5_evt1 = False
		t15_l0 = True
		t6_evt0 = False
		t6_evt1 = False
		t7_evt0 = True
		t7_evt1 = True
		t12_l1 = False
		t12_l0 = True
		t8_evt0 = True
		t8_evt1 = True
		t9_evt0 = True
		t9_evt1 = True
		t10_evt0 = True
		gate_l1 = True
		t10_evt1 = True
		t9_l1 = False
		t9_l0 = True
		t11_evt0 = True
		gate_l0 = False
		t11_evt1 = True
		t12_evt0 = True
		t12_evt1 = True
		t13_evt0 = True
		t6_l1 = False
		t13_evt1 = True
		t6_l0 = False
		t14_evt0 = False
		t14_evt1 = False
		t15_evt0 = True
		t15_evt1 = True
		t3_l1 = False
		t3_l0 = True
		t16_evt0 = False
		t16_evt1 = False
		t17_evt0 = False
		t17_evt1 = False
		t18_evt0 = True
		t0_l1 = False
		t18_evt1 = True
		t0_l0 = True
		t19_l1 = False
		t19_l0 = True
		t19_evt0 = True
		t19_evt1 = True
		t20_evt0 = False
		t20_evt1 = False
		controller_evt0 = False
		controller_evt1 = False
		t16_l1 = False
		controller_evt2 = False
		t16_l0 = False
		t13_l1 = False
		t13_l0 = True
		_J2859 = True
		_J2853 = True
		_J2847 = True
		_J2830 = True
		_EL_U_2793 = True
		t10_l1 = False
		t10_l0 = True
		_EL_U_2795 = False
		_EL_X_2761 = True
		_EL_X_2763 = False
		controller_l1 = True
		controller_l0 = False
		_EL_U_2797 = False
		t7_l1 = False
		t7_l0 = True
		_EL_U_2800 = False
		t4_l1 = False
		t4_l0 = True
		controller_cnt = 3
		t1_l1 = False
		t1_l0 = False
		t20_l1 = False
		t20_l0 = False
		gate_evt0 = False
		gate_evt1 = False
		t17_l1 = False
		t17_l0 = False
		t14_l1 = False
		t14_l0 = False
		t11_l1 = False
		t11_l0 = True
		t8_l1 = False
		t8_l0 = True
	Trans 14 -- 15
		_x_t2_x = (t2_x + 24761215/6766809)
		_x_t6_x = (t6_x + 24761215/6766809)
		_x_t11_x = (t11_x + 24761215/6766809)
		_x_t10_x = (t10_x + 24761215/6766809)
		_x_t0_x = (t0_x + 24761215/6766809)
		_x_gate_y = (gate_y + 24761215/6766809)
		_x_t3_x = (t3_x + 24761215/6766809)
		_x_t4_x = (t4_x + 24761215/6766809)
		_x_t5_x = (t5_x + 24761215/6766809)
		_x_t19_x = (t19_x + 24761215/6766809)
		_x_t8_x = (t8_x + 24761215/6766809)
		_x_t12_x = (t12_x + 24761215/6766809)
		_x_t14_x = (t14_x + 24761215/6766809)
		_x_t20_x = (t20_x + 24761215/6766809)
		_x_t16_x = (t16_x + 24761215/6766809)
		_x_controller_z = (controller_z + 24761215/6766809)
		_x_t1_x = (t1_x + 24761215/6766809)
		_x_t13_x = (t13_x + 24761215/6766809)
		_x_t9_x = (t9_x + 24761215/6766809)
		_x_t17_x = (t17_x + 24761215/6766809)
	State 15
		_diverge_delta = 24761215/6766809
		t18_x = 24761215/6766809
		delta = 0.0
		t7_x = 24761215/6766809
		t15_x = 24761215/6766809
		t5_l1 = False
		t5_l0 = False
		t2_l1 = False
		t2_l0 = True
		t1_evt0 = False
		t1_evt1 = False
		t0_evt0 = True
		t0_evt1 = True
		t2_evt0 = True
		t2_evt1 = True
		t18_l1 = False
		t18_l0 = True
		t3_evt0 = True
		t3_evt1 = True
		t4_evt0 = True
		t4_evt1 = True
		t5_evt0 = False
		t15_l1 = False
		t5_evt1 = False
		t15_l0 = True
		t6_evt0 = False
		t6_evt1 = False
		t7_evt0 = True
		t7_evt1 = True
		t12_l1 = False
		t12_l0 = True
		t8_evt0 = True
		t8_evt1 = True
		t9_evt0 = True
		t9_evt1 = True
		t10_evt0 = True
		gate_l1 = True
		t10_evt1 = True
		t9_l1 = False
		t9_l0 = True
		t11_evt0 = True
		gate_l0 = False
		t11_evt1 = True
		t12_evt0 = True
		t12_evt1 = True
		t13_evt0 = True
		t6_l1 = False
		t13_evt1 = True
		t6_l0 = False
		t14_evt0 = False
		t14_evt1 = False
		t15_evt0 = True
		t15_evt1 = True
		t3_l1 = False
		t3_l0 = True
		t16_evt0 = False
		t16_evt1 = False
		t17_evt0 = False
		t17_evt1 = False
		t18_evt0 = True
		t0_l1 = False
		t18_evt1 = True
		t0_l0 = True
		t19_l1 = False
		t19_l0 = True
		t19_evt0 = True
		t19_evt1 = True
		t20_evt0 = False
		t20_evt1 = False
		controller_evt0 = False
		controller_evt1 = False
		t16_l1 = False
		controller_evt2 = False
		t16_l0 = False
		t13_l1 = False
		t13_l0 = True
		_J2859 = False
		_J2853 = False
		_J2847 = False
		_J2830 = False
		_EL_U_2793 = True
		t10_l1 = False
		t10_l0 = True
		_EL_U_2795 = False
		_EL_X_2761 = True
		_EL_X_2763 = False
		controller_l1 = True
		controller_l0 = False
		_EL_U_2797 = False
		t7_l1 = False
		t7_l0 = True
		_EL_U_2800 = False
		t4_l1 = False
		t4_l0 = True
		controller_cnt = 3
		t1_l1 = False
		t1_l0 = False
		t20_l1 = False
		t20_l0 = False
		gate_evt0 = False
		gate_evt1 = False
		t17_l1 = False
		t17_l0 = False
		t14_l1 = False
		t14_l0 = False
		t11_l1 = False
		t11_l0 = True
		t8_l1 = False
		t8_l0 = True
	Trans 15 -- 16
		_x_t19_x = t19_x
		_x_t10_x = t10_x
		_x_t11_x = t11_x
		_x_t3_x = t3_x
		_x_t4_x = t4_x
		_x_t12_x = t12_x
		_x_t1_x = t1_x
		_x_t20_x = t20_x
		_x_t17_x = t17_x
		_x_controller_z = controller_z
		_x_t16_x = t16_x
		_x_t5_x = t5_x
		_x_gate_y = gate_y
		_x_t9_x = t9_x
		_x_t2_x = t2_x
		_x_t14_x = t14_x
		_x_t0_x = t0_x
		_x_t8_x = t8_x
		_x_t13_x = t13_x
		_x_t6_x = t6_x
	starting from: t5_l1 : False, t5_l0 : False, _diverge_delta : 0.0, delta : 0.0, t5_x : 5446454/966687, t1_evt0 : False, t1_evt1 : False, t0_evt0 : True, t0_evt1 : True, t2_evt0 : True, t2_evt1 : True, t18_l1 : True, t18_l0 : False, t3_evt0 : True, t3_evt1 : True, t18_x : 24761215/6766809, t4_evt0 : True, t4_evt1 : True, t5_evt0 : False, t5_evt1 : False, t6_evt0 : False, t6_evt1 : False, t7_evt0 : True, t7_evt1 : True, t12_l1 : True, t12_l0 : False, t8_evt0 : True, t8_evt1 : True, t12_x : 31528024/6766809, t9_evt0 : True, t9_evt1 : True, t10_evt0 : True, t10_evt1 : True, t11_evt0 : True, t11_evt1 : True, t12_evt0 : True, t12_evt1 : True, t13_evt0 : True, t6_l1 : False, t13_evt1 : True, t6_l0 : False, t14_evt0 : False, t6_x : 5446454/966687, t14_evt1 : False, t15_evt0 : True, t15_evt1 : True, t16_evt0 : False, t16_evt1 : False, t17_evt0 : False, t17_evt1 : False, t18_evt0 : True, t0_l1 : True, t18_evt1 : True, t0_l0 : False, t19_l1 : True, t19_l0 : False, t19_evt0 : True, t19_evt1 : True, t0_x : 31528024/6766809, t19_x : 31528024/6766809, t20_evt0 : False, t20_evt1 : False, controller_evt0 : False, controller_evt1 : False, controller_evt2 : False, t13_l1 : True, t13_l0 : False, _J2859 : True, t13_x : 31528024/6766809, _J2853 : True, _J2847 : True, _J2830 : True, _EL_U_2793 : True, _EL_U_2795 : False, _EL_X_2761 : True, _EL_X_2763 : False, _EL_U_2797 : False, t7_l1 : True, t7_l0 : False, _EL_U_2800 : False, t7_x : 24761215/6766809, t1_l1 : False, t1_l0 : False, t20_l1 : False, t20_l0 : False, t1_x : 5446454/966687, t20_x : 5446454/966687, gate_evt0 : False, gate_evt1 : False, t14_l1 : False, t14_l0 : False, t14_x : 5446454/966687, t8_l1 : True, t8_l0 : False, t8_x : 31528024/6766809, t2_l1 : True, t2_l0 : False, t2_x : 31528024/6766809, t15_l1 : True, t15_l0 : False, t15_x : 24761215/6766809, gate_l1 : True, t9_l1 : True, t9_l0 : False, gate_l0 : False, gate_y : 24761215/6766809, t9_x : 31528024/6766809, t3_l1 : True, t3_l0 : False, t3_x : 31528024/6766809, t16_l1 : False, t16_l0 : False, t16_x : 5446454/966687, t10_l1 : True, t10_l0 : False, t10_x : 31528024/6766809, controller_l1 : True, controller_l0 : False, controller_z : 31528024/6766809, t4_l1 : True, t4_l0 : False, controller_cnt : 3, t4_x : 31528024/6766809, t17_l1 : False, t17_l0 : False, t17_x : 5446454/966687, t11_l1 : True, t11_l0 : False, t11_x : 31528024/6766809

end of `train_gate_0021`: SUCCESS in 606.7132613658905s
