F3 run `train_gate_0025`

	Found non-termination argument:
	State 7
		_diverge_delta = 0.0
		controller_cnt = 4
		delta = 0.0
		t24_x = 0.0
		t17_l1 = False
		t17_l0 = True
		t1_evt0 = True
		t1_evt1 = True
		t0_evt0 = True
		t0_evt1 = True
		t2_evt0 = True
		t2_evt1 = True
		t3_evt0 = True
		t3_evt1 = True
		t4_evt0 = True
		t11_l1 = False
		t11_l0 = True
		t4_evt1 = True
		t5_evt0 = True
		t5_evt1 = True
		t6_evt0 = True
		t6_evt1 = True
		t7_evt0 = True
		t7_evt1 = True
		t8_evt0 = True
		t8_evt1 = True
		t9_evt0 = True
		t9_evt1 = True
		t5_l1 = False
		t5_l0 = True
		t10_evt0 = True
		t24_l1 = False
		t24_l0 = True
		t10_evt1 = True
		t11_evt0 = True
		t11_evt1 = True
		t12_evt0 = True
		t12_evt1 = True
		_J3323 = True
		t13_evt0 = True
		_J3317 = True
		t13_evt1 = True
		_J3311 = True
		t14_evt0 = True
		_J3294 = True
		t14_evt1 = True
		_EL_U_3257 = True
		t15_evt0 = True
		_EL_U_3259 = False
		t18_l1 = False
		t18_l0 = True
		t15_evt1 = True
		t16_evt0 = True
		_EL_X_3225 = True
		t16_evt1 = True
		_EL_X_3227 = False
		t17_evt0 = True
		_EL_U_3261 = False
		t17_evt1 = True
		_EL_U_3264 = False
		t18_evt0 = True
		t18_evt1 = True
		t19_evt0 = True
		t19_evt1 = True
		t20_evt0 = True
		t20_evt1 = True
		t12_l1 = False
		t12_l0 = True
		t21_evt0 = True
		t21_evt1 = True
		t22_evt0 = True
		t22_evt1 = True
		t23_evt0 = True
		t23_evt1 = True
		t24_evt0 = False
		t24_evt1 = False
		controller_evt0 = False
		controller_evt1 = False
		t6_l1 = False
		t6_l0 = True
		controller_evt2 = False
		t0_l1 = False
		t0_l0 = True
		t19_l1 = False
		t19_l0 = True
		t13_l1 = False
		t13_l0 = True
		t7_l1 = False
		t7_l0 = True
		gate_evt0 = False
		gate_evt1 = False
		t1_l1 = False
		t1_l0 = True
		t20_l1 = False
		t20_l0 = True
		t14_l1 = False
		t14_l0 = True
		t8_l1 = False
		t8_l0 = True
		t2_l1 = False
		t2_l0 = True
		t21_l1 = False
		t21_l0 = True
		t15_l1 = False
		t15_l0 = True
		gate_l1 = True
		gate_l0 = False
		t9_l1 = False
		t9_l0 = True
		t3_l1 = False
		t3_l0 = True
		t22_l1 = False
		t22_l0 = True
		t16_l1 = False
		t16_l0 = True
		controller_l1 = True
		controller_l0 = False
		t10_l1 = False
		t10_l0 = True
		t4_l1 = False
		t4_l0 = True
		t23_l1 = False
		t23_l0 = True
		((-1.0 * gate_y) < 47/21)
		(t23_x <= 5.0)
		(t12_x <= 5.0)
		(t1_x <= 5.0)
		((-1.0 * t12_x) < -2.0)
		(t20_x <= 5.0)
		((-1.0 * controller_z) < 68/21)
		((-1.0 * t10_x) < -2.0)
		(t9_x <= 5.0)
		((-1.0 * t19_x) < -2.0)
		((-1.0 * t15_x) < -2.0)
		((-1.0 * t17_x) < -2.0)
		((-1.0 * t1_x) < -2.0)
		(t17_x <= 5.0)
		((-1.0 * t6_x) < -2.0)
		((-1.0 * t22_x) < -2.0)
		(t6_x <= 5.0)
		((-1.0 * t13_x) < -2.0)
		((-1.0 * t2_x) < -2.0)
		((-1.0 * gate_y) < 136/21)
		((-1.0 * t20_x) < -2.0)
		((-1.0 * t4_x) < -2.0)
		(t14_x <= 5.0)
		((-1.0 * controller_z) < 157/21)
		((-1.0 * t9_x) < -2.0)
		(t3_x <= 5.0)
		(t22_x <= 5.0)
		((-1.0 * t0_x) < -2.0)
		((-1.0 * t3_x) < -2.0)
		(t11_x <= 5.0)
		((-1.0 * t11_x) < -2.0)
		((-1.0 * t7_x) < -2.0)
		((-1.0 * t16_x) < -2.0)
		(t0_x <= 5.0)
		(t19_x <= 5.0)
		((-1.0 * t18_x) < -2.0)
		((-1.0 * t14_x) < -2.0)
		(t8_x <= 5.0)
		((-1.0 * t8_x) < -2.0)
		((-1.0 * t21_x) < -2.0)
		((-1.0 * t23_x) < -2.0)
		((-1.0 * t5_x) < -2.0)
		(t16_x <= 5.0)
		(t5_x <= 5.0)
		(t13_x <= 5.0)
		(t2_x <= 5.0)
		(t21_x <= 5.0)
		(t10_x <= 5.0)
		(t18_x <= 5.0)
		(t7_x <= 5.0)
		(t15_x <= 5.0)
		(t4_x <= 5.0)
		((-1.0 * gate_y) < -2.0)
		((-1.0 * controller_z) < -1.0)
		True
	Trans 7 -- 8
		_x_gate_y = gate_y
		_x_controller_z = controller_z
		_x_t5_x = t5_x
		_x_t14_x = t14_x
		_x_t7_x = t7_x
		_x_t18_x = t18_x
		_x_t9_x = t9_x
		_x_t11_x = t11_x
		_x_t0_x = t0_x
		_x_t16_x = t16_x
		_x_t2_x = t2_x
		_x_t20_x = t20_x
		_x_t4_x = t4_x
		_x_t22_x = t22_x
		_x_t13_x = t13_x
		_x_t15_x = t15_x
		_x_t17_x = t17_x
		_x_t6_x = t6_x
		_x_t8_x = t8_x
		_x_t10_x = t10_x
		_x_t19_x = t19_x
		_x_t3_x = t3_x
		_x_t1_x = t1_x
		_x_t12_x = t12_x
		_x_t21_x = t21_x
		_x_t23_x = t23_x
	State 8
		_diverge_delta = 0.0
		controller_cnt = 4
		delta = 0.0
		t24_x = 0.0
		t17_l1 = True
		t17_l0 = False
		t1_evt0 = True
		t1_evt1 = True
		t0_evt0 = True
		t0_evt1 = True
		t2_evt0 = True
		t2_evt1 = True
		t3_evt0 = True
		t3_evt1 = True
		t4_evt0 = True
		t11_l1 = True
		t11_l0 = False
		t4_evt1 = True
		t5_evt0 = True
		t5_evt1 = True
		t6_evt0 = True
		t6_evt1 = True
		t7_evt0 = True
		t7_evt1 = True
		t8_evt0 = True
		t8_evt1 = True
		t9_evt0 = True
		t9_evt1 = True
		t5_l1 = True
		t5_l0 = False
		t10_evt0 = True
		t24_l1 = False
		t24_l0 = True
		t10_evt1 = True
		t11_evt0 = True
		t11_evt1 = True
		t12_evt0 = True
		t12_evt1 = True
		_J3323 = False
		t13_evt0 = True
		_J3317 = False
		t13_evt1 = True
		_J3311 = False
		t14_evt0 = True
		_J3294 = False
		t14_evt1 = True
		_EL_U_3257 = True
		t15_evt0 = True
		_EL_U_3259 = False
		t18_l1 = True
		t18_l0 = False
		t15_evt1 = True
		t16_evt0 = True
		_EL_X_3225 = True
		t16_evt1 = True
		_EL_X_3227 = False
		t17_evt0 = True
		_EL_U_3261 = False
		t17_evt1 = True
		_EL_U_3264 = False
		t18_evt0 = True
		t18_evt1 = True
		t19_evt0 = True
		t19_evt1 = True
		t20_evt0 = True
		t20_evt1 = True
		t12_l1 = True
		t12_l0 = False
		t21_evt0 = True
		t21_evt1 = True
		t22_evt0 = True
		t22_evt1 = True
		t23_evt0 = True
		t23_evt1 = True
		t24_evt0 = False
		t24_evt1 = False
		controller_evt0 = False
		controller_evt1 = False
		t6_l1 = True
		t6_l0 = False
		controller_evt2 = False
		t0_l1 = True
		t0_l0 = False
		t19_l1 = True
		t19_l0 = False
		t13_l1 = True
		t13_l0 = False
		t7_l1 = True
		t7_l0 = False
		gate_evt0 = False
		gate_evt1 = False
		t1_l1 = True
		t1_l0 = False
		t20_l1 = True
		t20_l0 = False
		t14_l1 = True
		t14_l0 = False
		t8_l1 = True
		t8_l0 = False
		t2_l1 = True
		t2_l0 = False
		t21_l1 = True
		t21_l0 = False
		t15_l1 = True
		t15_l0 = False
		gate_l1 = True
		gate_l0 = False
		t9_l1 = True
		t9_l0 = False
		t3_l1 = True
		t3_l0 = False
		t22_l1 = True
		t22_l0 = False
		t16_l1 = True
		t16_l0 = False
		controller_l1 = True
		controller_l0 = False
		t10_l1 = True
		t10_l0 = False
		t4_l1 = True
		t4_l0 = False
		t23_l1 = True
		t23_l0 = False
	Trans 8 -- 9
		_x_gate_y = gate_y
		_x_controller_z = controller_z
		_x_t5_x = t5_x
		_x_t14_x = t14_x
		_x_t7_x = t7_x
		_x_t18_x = t18_x
		_x_t9_x = t9_x
		_x_t11_x = t11_x
		_x_t0_x = t0_x
		_x_t16_x = t16_x
		_x_t2_x = t2_x
		_x_t20_x = t20_x
		_x_t4_x = t4_x
		_x_t22_x = t22_x
		_x_t13_x = t13_x
		_x_t15_x = t15_x
		_x_t17_x = t17_x
		_x_t6_x = t6_x
		_x_t8_x = t8_x
		_x_t10_x = t10_x
		_x_t19_x = t19_x
		_x_t3_x = t3_x
		_x_t1_x = t1_x
		_x_t12_x = t12_x
		_x_t21_x = t21_x
		_x_t23_x = t23_x
	State 9
		_diverge_delta = 0.0
		controller_cnt = 4
		delta = 0.0
		t24_x = 0.0
		t17_l1 = True
		t17_l0 = True
		t1_evt0 = False
		t1_evt1 = True
		t0_evt0 = False
		t0_evt1 = True
		t2_evt0 = False
		t2_evt1 = True
		t3_evt0 = False
		t3_evt1 = True
		t4_evt0 = False
		t11_l1 = True
		t11_l0 = True
		t4_evt1 = True
		t5_evt0 = False
		t5_evt1 = True
		t6_evt0 = False
		t6_evt1 = True
		t7_evt0 = False
		t7_evt1 = True
		t8_evt0 = False
		t8_evt1 = True
		t9_evt0 = False
		t9_evt1 = True
		t5_l1 = True
		t5_l0 = True
		t10_evt0 = False
		t24_l1 = False
		t24_l0 = True
		t10_evt1 = True
		t11_evt0 = False
		t11_evt1 = True
		t12_evt0 = False
		t12_evt1 = True
		_J3323 = True
		t13_evt0 = False
		_J3317 = False
		t13_evt1 = True
		_J3311 = True
		t14_evt0 = False
		_J3294 = True
		t14_evt1 = True
		_EL_U_3257 = True
		t15_evt0 = False
		_EL_U_3259 = False
		t18_l1 = True
		t18_l0 = True
		t15_evt1 = True
		t16_evt0 = False
		_EL_X_3225 = True
		t16_evt1 = True
		_EL_X_3227 = False
		t17_evt0 = False
		_EL_U_3261 = False
		t17_evt1 = True
		_EL_U_3264 = False
		t18_evt0 = False
		t18_evt1 = True
		t19_evt0 = False
		t19_evt1 = True
		t20_evt0 = False
		t20_evt1 = True
		t12_l1 = True
		t12_l0 = True
		t21_evt0 = False
		t21_evt1 = True
		t22_evt0 = False
		t22_evt1 = True
		t23_evt0 = False
		t23_evt1 = True
		t24_evt0 = False
		t24_evt1 = False
		controller_evt0 = False
		controller_evt1 = True
		t6_l1 = True
		t6_l0 = True
		controller_evt2 = False
		t0_l1 = True
		t0_l0 = True
		t19_l1 = True
		t19_l0 = True
		t13_l1 = True
		t13_l0 = True
		t7_l1 = True
		t7_l0 = True
		gate_evt0 = False
		gate_evt1 = False
		t1_l1 = True
		t1_l0 = True
		t20_l1 = True
		t20_l0 = True
		t14_l1 = True
		t14_l0 = True
		t8_l1 = True
		t8_l0 = True
		t2_l1 = True
		t2_l0 = True
		t21_l1 = True
		t21_l0 = True
		t15_l1 = True
		t15_l0 = True
		gate_l1 = True
		gate_l0 = False
		t9_l1 = True
		t9_l0 = True
		t3_l1 = True
		t3_l0 = True
		t22_l1 = True
		t22_l0 = True
		t16_l1 = True
		t16_l0 = True
		controller_l1 = True
		controller_l0 = False
		t10_l1 = True
		t10_l0 = True
		t4_l1 = True
		t4_l0 = True
		t23_l1 = True
		t23_l0 = True
	Trans 9 -- 10
		_x_gate_y = gate_y
		_x_controller_z = controller_z
		_x_t5_x = t5_x
		_x_t14_x = t14_x
		_x_t7_x = t7_x
		_x_t18_x = t18_x
		_x_t9_x = t9_x
		_x_t11_x = t11_x
		_x_t0_x = t0_x
		_x_t16_x = t16_x
		_x_t2_x = t2_x
		_x_t20_x = t20_x
		_x_t4_x = t4_x
		_x_t22_x = t22_x
		_x_t13_x = t13_x
		_x_t15_x = t15_x
		_x_t17_x = t17_x
		_x_t6_x = t6_x
		_x_t8_x = t8_x
		_x_t10_x = t10_x
		_x_t19_x = t19_x
		_x_t3_x = t3_x
		_x_t1_x = t1_x
		_x_t12_x = t12_x
		_x_t21_x = t21_x
		_x_t23_x = t23_x
	State 10
		_diverge_delta = 0.0
		controller_cnt = 3
		delta = 0.0
		t24_x = 0.0
		t17_l1 = False
		t17_l0 = False
		t1_evt0 = True
		t1_evt1 = False
		t0_evt0 = True
		t0_evt1 = False
		t2_evt0 = True
		t2_evt1 = False
		t3_evt0 = True
		t3_evt1 = False
		t4_evt0 = True
		t11_l1 = False
		t11_l0 = False
		t4_evt1 = False
		t5_evt0 = True
		t5_evt1 = False
		t6_evt0 = True
		t6_evt1 = False
		t7_evt0 = True
		t7_evt1 = False
		t8_evt0 = True
		t8_evt1 = False
		t9_evt0 = True
		t9_evt1 = False
		t5_l1 = False
		t5_l0 = False
		t10_evt0 = True
		t24_l1 = False
		t24_l0 = True
		t10_evt1 = False
		t11_evt0 = True
		t11_evt1 = False
		t12_evt0 = True
		t12_evt1 = False
		_J3323 = True
		t13_evt0 = True
		_J3317 = False
		t13_evt1 = False
		_J3311 = True
		t14_evt0 = True
		_J3294 = True
		t14_evt1 = False
		_EL_U_3257 = True
		t15_evt0 = True
		_EL_U_3259 = False
		t18_l1 = False
		t18_l0 = False
		t15_evt1 = False
		t16_evt0 = True
		_EL_X_3225 = True
		t16_evt1 = False
		_EL_X_3227 = False
		t17_evt0 = True
		_EL_U_3261 = False
		t17_evt1 = False
		_EL_U_3264 = False
		t18_evt0 = True
		t18_evt1 = False
		t19_evt0 = True
		t19_evt1 = False
		t20_evt0 = True
		t20_evt1 = False
		t12_l1 = False
		t12_l0 = False
		t21_evt0 = True
		t21_evt1 = False
		t22_evt0 = True
		t22_evt1 = False
		t23_evt0 = True
		t23_evt1 = False
		t24_evt0 = False
		t24_evt1 = False
		controller_evt0 = True
		controller_evt1 = False
		t6_l1 = False
		t6_l0 = False
		controller_evt2 = False
		t0_l1 = False
		t0_l0 = False
		t19_l1 = False
		t19_l0 = False
		t13_l1 = False
		t13_l0 = False
		t7_l1 = False
		t7_l0 = False
		gate_evt0 = False
		gate_evt1 = False
		t1_l1 = False
		t1_l0 = False
		t20_l1 = False
		t20_l0 = False
		t14_l1 = False
		t14_l0 = False
		t8_l1 = False
		t8_l0 = False
		t2_l1 = False
		t2_l0 = False
		t21_l1 = False
		t21_l0 = False
		t15_l1 = False
		t15_l0 = False
		gate_l1 = True
		gate_l0 = False
		t9_l1 = False
		t9_l0 = False
		t3_l1 = False
		t3_l0 = False
		t22_l1 = False
		t22_l0 = False
		t16_l1 = False
		t16_l0 = False
		controller_l1 = True
		controller_l0 = False
		t10_l1 = False
		t10_l0 = False
		t4_l1 = False
		t4_l0 = False
		t23_l1 = False
		t23_l0 = False
	Trans 10 -- 11
		_x_t6_x = 0.0
		_x_t21_x = 0.0
		_x_controller_z = controller_z
		_x_t17_x = 0.0
		_x_t13_x = 0.0
		_x_t9_x = 0.0
		_x_t5_x = 0.0
		_x_t20_x = 0.0
		_x_t1_x = 0.0
		_x_t16_x = 0.0
		_x_t12_x = 0.0
		_x_t8_x = 0.0
		_x_t23_x = 0.0
		_x_t4_x = 0.0
		_x_t19_x = 0.0
		_x_t0_x = 0.0
		_x_t15_x = 0.0
		_x_gate_y = gate_y
		_x_t11_x = 0.0
		_x_t7_x = 0.0
		_x_t22_x = 0.0
		_x_t3_x = 0.0
		_x_t18_x = 0.0
		_x_t14_x = 0.0
		_x_t2_x = 0.0
		_x_t10_x = 0.0
	State 11
		_diverge_delta = 0.0
		controller_cnt = 4
		delta = 47/21
		t24_x = 0.0
		t17_l1 = False
		t17_l0 = True
		t1_evt0 = False
		t1_evt1 = False
		t0_evt0 = False
		t0_evt1 = False
		t2_evt0 = False
		t2_evt1 = False
		t3_evt0 = False
		t3_evt1 = False
		t4_evt0 = False
		t11_l1 = False
		t11_l0 = True
		t4_evt1 = False
		t5_evt0 = False
		t5_evt1 = False
		t6_evt0 = False
		t6_evt1 = False
		t7_evt0 = False
		t7_evt1 = False
		t8_evt0 = True
		t8_evt1 = False
		t9_evt0 = False
		t9_evt1 = False
		t5_l1 = False
		t5_l0 = True
		t10_evt0 = False
		t24_l1 = False
		t24_l0 = True
		t10_evt1 = False
		t11_evt0 = False
		t11_evt1 = False
		t12_evt0 = False
		t12_evt1 = False
		_J3323 = True
		t13_evt0 = False
		_J3317 = False
		t13_evt1 = False
		_J3311 = True
		t14_evt0 = False
		_J3294 = True
		t14_evt1 = False
		_EL_U_3257 = True
		t15_evt0 = False
		_EL_U_3259 = False
		t18_l1 = False
		t18_l0 = True
		t15_evt1 = False
		t16_evt0 = False
		_EL_X_3225 = True
		t16_evt1 = False
		_EL_X_3227 = False
		t17_evt0 = False
		_EL_U_3261 = False
		t17_evt1 = False
		_EL_U_3264 = False
		t18_evt0 = False
		t18_evt1 = False
		t19_evt0 = False
		t19_evt1 = False
		t20_evt0 = False
		t20_evt1 = False
		t12_l1 = False
		t12_l0 = True
		t21_evt0 = False
		t21_evt1 = False
		t22_evt0 = False
		t22_evt1 = False
		t23_evt0 = False
		t23_evt1 = False
		t24_evt0 = False
		t24_evt1 = False
		controller_evt0 = True
		controller_evt1 = False
		t6_l1 = False
		t6_l0 = True
		controller_evt2 = False
		t0_l1 = False
		t0_l0 = True
		t19_l1 = False
		t19_l0 = True
		t13_l1 = False
		t13_l0 = True
		t7_l1 = False
		t7_l0 = True
		gate_evt0 = False
		gate_evt1 = False
		t1_l1 = False
		t1_l0 = True
		t20_l1 = False
		t20_l0 = True
		t14_l1 = False
		t14_l0 = True
		t8_l1 = False
		t8_l0 = True
		t2_l1 = False
		t2_l0 = True
		t21_l1 = False
		t21_l0 = True
		t15_l1 = False
		t15_l0 = True
		gate_l1 = True
		gate_l0 = False
		t9_l1 = False
		t9_l0 = True
		t3_l1 = False
		t3_l0 = True
		t22_l1 = False
		t22_l0 = True
		t16_l1 = False
		t16_l0 = True
		controller_l1 = True
		controller_l0 = False
		t10_l1 = False
		t10_l0 = True
		t4_l1 = False
		t4_l0 = True
		t23_l1 = False
		t23_l0 = True
	Trans 11 -- 12
		_x_t10_x = (t10_x + 47/21)
		_x_t16_x = (t16_x + 47/21)
		_x_t15_x = (t15_x + 47/21)
		_x_controller_z = (controller_z + 47/21)
		_x_t17_x = (t17_x + 47/21)
		_x_t21_x = (t21_x + 47/21)
		_x_t7_x = (t7_x + 47/21)
		_x_t1_x = (t1_x + 47/21)
		_x_t18_x = (t18_x + 47/21)
		_x_t3_x = (t3_x + 47/21)
		_x_t8_x = (t8_x + 47/21)
		_x_t9_x = (t9_x + 47/21)
		_x_t19_x = (t19_x + 47/21)
		_x_t20_x = (t20_x + 47/21)
		_x_t12_x = (t12_x + 47/21)
		_x_t11_x = (t11_x + 47/21)
		_x_t6_x = (t6_x + 47/21)
		_x_t23_x = (t23_x + 47/21)
		_x_t2_x = (t2_x + 47/21)
		_x_t13_x = (t13_x + 47/21)
		_x_t14_x = (t14_x + 47/21)
		_x_t0_x = (t0_x + 47/21)
		_x_t22_x = (t22_x + 47/21)
		_x_gate_y = (gate_y + 47/21)
		_x_t4_x = (t4_x + 47/21)
		_x_t5_x = (t5_x + 47/21)
	State 12
		_diverge_delta = 47/21
		controller_cnt = 4
		delta = 0.0
		t24_x = 47/21
		t17_l1 = False
		t17_l0 = True
		t1_evt0 = False
		t1_evt1 = False
		t0_evt0 = False
		t0_evt1 = False
		t2_evt0 = False
		t2_evt1 = False
		t3_evt0 = False
		t3_evt1 = False
		t4_evt0 = False
		t11_l1 = False
		t11_l0 = True
		t4_evt1 = False
		t5_evt0 = False
		t5_evt1 = False
		t6_evt0 = False
		t6_evt1 = False
		t7_evt0 = False
		t7_evt1 = False
		t8_evt0 = False
		t8_evt1 = False
		t9_evt0 = False
		t9_evt1 = False
		t5_l1 = False
		t5_l0 = True
		t10_evt0 = False
		t24_l1 = False
		t24_l0 = True
		t10_evt1 = False
		t11_evt0 = False
		t11_evt1 = False
		t12_evt0 = False
		t12_evt1 = False
		_J3323 = True
		t13_evt0 = False
		_J3317 = False
		t13_evt1 = False
		_J3311 = True
		t14_evt0 = False
		_J3294 = True
		t14_evt1 = False
		_EL_U_3257 = True
		t15_evt0 = False
		_EL_U_3259 = False
		t18_l1 = False
		t18_l0 = True
		t15_evt1 = False
		t16_evt0 = False
		_EL_X_3225 = True
		t16_evt1 = False
		_EL_X_3227 = False
		t17_evt0 = False
		_EL_U_3261 = False
		t17_evt1 = False
		_EL_U_3264 = False
		t18_evt0 = False
		t18_evt1 = False
		t19_evt0 = False
		t19_evt1 = False
		t20_evt0 = False
		t20_evt1 = False
		t12_l1 = False
		t12_l0 = True
		t21_evt0 = False
		t21_evt1 = False
		t22_evt0 = False
		t22_evt1 = False
		t23_evt0 = False
		t23_evt1 = False
		t24_evt0 = True
		t24_evt1 = True
		controller_evt0 = False
		controller_evt1 = False
		t6_l1 = False
		t6_l0 = True
		controller_evt2 = False
		t0_l1 = False
		t0_l0 = True
		t19_l1 = False
		t19_l0 = True
		t13_l1 = False
		t13_l0 = True
		t7_l1 = False
		t7_l0 = True
		gate_evt0 = False
		gate_evt1 = False
		t1_l1 = False
		t1_l0 = True
		t20_l1 = False
		t20_l0 = True
		t14_l1 = False
		t14_l0 = True
		t8_l1 = False
		t8_l0 = True
		t2_l1 = False
		t2_l0 = True
		t21_l1 = False
		t21_l0 = True
		t15_l1 = False
		t15_l0 = True
		gate_l1 = True
		gate_l0 = False
		t9_l1 = False
		t9_l0 = True
		t3_l1 = False
		t3_l0 = True
		t22_l1 = False
		t22_l0 = True
		t16_l1 = False
		t16_l0 = True
		controller_l1 = True
		controller_l0 = False
		t10_l1 = False
		t10_l0 = True
		t4_l1 = False
		t4_l0 = True
		t23_l1 = False
		t23_l0 = True
	Trans 12 -- 13
		_x_gate_y = gate_y
		_x_controller_z = controller_z
		_x_t5_x = t5_x
		_x_t14_x = t14_x
		_x_t7_x = t7_x
		_x_t18_x = t18_x
		_x_t9_x = t9_x
		_x_t11_x = t11_x
		_x_t0_x = t0_x
		_x_t16_x = t16_x
		_x_t2_x = t2_x
		_x_t20_x = t20_x
		_x_t4_x = t4_x
		_x_t22_x = t22_x
		_x_t13_x = t13_x
		_x_t15_x = t15_x
		_x_t17_x = t17_x
		_x_t6_x = t6_x
		_x_t8_x = t8_x
		_x_t10_x = t10_x
		_x_t19_x = t19_x
		_x_t3_x = t3_x
		_x_t1_x = t1_x
		_x_t12_x = t12_x
		_x_t21_x = t21_x
		_x_t23_x = t23_x
	State 13
		_diverge_delta = 0.0
		controller_cnt = 4
		delta = 1.0
		t24_x = 47/21
		t17_l1 = False
		t17_l0 = True
		t1_evt0 = False
		t1_evt1 = False
		t0_evt0 = False
		t0_evt1 = False
		t2_evt0 = False
		t2_evt1 = False
		t3_evt0 = False
		t3_evt1 = False
		t4_evt0 = False
		t11_l1 = False
		t11_l0 = True
		t4_evt1 = False
		t5_evt0 = False
		t5_evt1 = False
		t6_evt0 = False
		t6_evt1 = False
		t7_evt0 = False
		t7_evt1 = False
		t8_evt0 = False
		t8_evt1 = False
		t9_evt0 = False
		t9_evt1 = False
		t5_l1 = False
		t5_l0 = True
		t10_evt0 = False
		t24_l1 = True
		t24_l0 = False
		t10_evt1 = False
		t11_evt0 = False
		t11_evt1 = False
		t12_evt0 = False
		t12_evt1 = False
		_J3323 = True
		t13_evt0 = False
		_J3317 = True
		t13_evt1 = False
		_J3311 = True
		t14_evt0 = False
		_J3294 = True
		t14_evt1 = False
		_EL_U_3257 = True
		t15_evt0 = False
		_EL_U_3259 = False
		t18_l1 = False
		t18_l0 = True
		t15_evt1 = False
		t16_evt0 = False
		_EL_X_3225 = True
		t16_evt1 = False
		_EL_X_3227 = False
		t17_evt0 = False
		_EL_U_3261 = False
		t17_evt1 = False
		_EL_U_3264 = False
		t18_evt0 = False
		t18_evt1 = False
		t19_evt0 = False
		t19_evt1 = False
		t20_evt0 = False
		t20_evt1 = False
		t12_l1 = False
		t12_l0 = True
		t21_evt0 = False
		t21_evt1 = False
		t22_evt0 = False
		t22_evt1 = False
		t23_evt0 = False
		t23_evt1 = False
		t24_evt0 = True
		t24_evt1 = False
		controller_evt0 = True
		controller_evt1 = False
		t6_l1 = False
		t6_l0 = True
		controller_evt2 = False
		t0_l1 = False
		t0_l0 = True
		t19_l1 = False
		t19_l0 = True
		t13_l1 = False
		t13_l0 = True
		t7_l1 = False
		t7_l0 = True
		gate_evt0 = False
		gate_evt1 = False
		t1_l1 = False
		t1_l0 = True
		t20_l1 = False
		t20_l0 = True
		t14_l1 = False
		t14_l0 = True
		t8_l1 = False
		t8_l0 = True
		t2_l1 = False
		t2_l0 = True
		t21_l1 = False
		t21_l0 = True
		t15_l1 = False
		t15_l0 = True
		gate_l1 = True
		gate_l0 = False
		t9_l1 = False
		t9_l0 = True
		t3_l1 = False
		t3_l0 = True
		t22_l1 = False
		t22_l0 = True
		t16_l1 = False
		t16_l0 = True
		controller_l1 = True
		controller_l0 = False
		t10_l1 = False
		t10_l0 = True
		t4_l1 = False
		t4_l0 = True
		t23_l1 = False
		t23_l0 = True
	Trans 13 -- 14
		_x_t4_x = (t4_x + 1.0)
		_x_t5_x = (t5_x + 1.0)
		_x_gate_y = (gate_y + 1.0)
		_x_t20_x = (t20_x + 1.0)
		_x_t16_x = (t16_x + 1.0)
		_x_t10_x = (t10_x + 1.0)
		_x_t22_x = (t22_x + 1.0)
		_x_controller_z = (controller_z + 1.0)
		_x_t15_x = (t15_x + 1.0)
		_x_t17_x = (t17_x + 1.0)
		_x_t7_x = (t7_x + 1.0)
		_x_t21_x = (t21_x + 1.0)
		_x_t18_x = (t18_x + 1.0)
		_x_t1_x = (t1_x + 1.0)
		_x_t3_x = (t3_x + 1.0)
		_x_t9_x = (t9_x + 1.0)
		_x_t8_x = (t8_x + 1.0)
		_x_t19_x = (t19_x + 1.0)
		_x_t11_x = (t11_x + 1.0)
		_x_t12_x = (t12_x + 1.0)
		_x_t6_x = (t6_x + 1.0)
		_x_t2_x = (t2_x + 1.0)
		_x_t23_x = (t23_x + 1.0)
		_x_t13_x = (t13_x + 1.0)
		_x_t0_x = (t0_x + 1.0)
		_x_t14_x = (t14_x + 1.0)
	State 14
		_diverge_delta = 1.0
		controller_cnt = 4
		delta = 0.0
		t24_x = 68/21
		t17_l1 = False
		t17_l0 = True
		t1_evt0 = False
		t1_evt1 = False
		t0_evt0 = False
		t0_evt1 = False
		t2_evt0 = False
		t2_evt1 = False
		t3_evt0 = False
		t3_evt1 = False
		t4_evt0 = False
		t11_l1 = False
		t11_l0 = True
		t4_evt1 = False
		t5_evt0 = False
		t5_evt1 = False
		t6_evt0 = False
		t6_evt1 = False
		t7_evt0 = False
		t7_evt1 = False
		t8_evt0 = False
		t8_evt1 = False
		t9_evt0 = False
		t9_evt1 = False
		t5_l1 = False
		t5_l0 = True
		t10_evt0 = False
		t24_l1 = True
		t24_l0 = False
		t10_evt1 = False
		t11_evt0 = False
		t11_evt1 = False
		t12_evt0 = False
		t12_evt1 = False
		_J3323 = False
		t13_evt0 = False
		_J3317 = False
		t13_evt1 = False
		_J3311 = False
		t14_evt0 = False
		_J3294 = False
		t14_evt1 = False
		_EL_U_3257 = True
		t15_evt0 = False
		_EL_U_3259 = False
		t18_l1 = False
		t18_l0 = True
		t15_evt1 = False
		t16_evt0 = False
		_EL_X_3225 = True
		t16_evt1 = False
		_EL_X_3227 = False
		t17_evt0 = False
		_EL_U_3261 = False
		t17_evt1 = False
		_EL_U_3264 = False
		t18_evt0 = False
		t18_evt1 = False
		t19_evt0 = False
		t19_evt1 = False
		t20_evt0 = False
		t20_evt1 = False
		t12_l1 = False
		t12_l0 = True
		t21_evt0 = False
		t21_evt1 = False
		t22_evt0 = False
		t22_evt1 = False
		t23_evt0 = False
		t23_evt1 = False
		t24_evt0 = True
		t24_evt1 = True
		controller_evt0 = False
		controller_evt1 = False
		t6_l1 = False
		t6_l0 = True
		controller_evt2 = False
		t0_l1 = False
		t0_l0 = True
		t19_l1 = False
		t19_l0 = True
		t13_l1 = False
		t13_l0 = True
		t7_l1 = False
		t7_l0 = True
		gate_evt0 = False
		gate_evt1 = False
		t1_l1 = False
		t1_l0 = True
		t20_l1 = False
		t20_l0 = True
		t14_l1 = False
		t14_l0 = True
		t8_l1 = False
		t8_l0 = True
		t2_l1 = False
		t2_l0 = True
		t21_l1 = False
		t21_l0 = True
		t15_l1 = False
		t15_l0 = True
		gate_l1 = True
		gate_l0 = False
		t9_l1 = False
		t9_l0 = True
		t3_l1 = False
		t3_l0 = True
		t22_l1 = False
		t22_l0 = True
		t16_l1 = False
		t16_l0 = True
		controller_l1 = True
		controller_l0 = False
		t10_l1 = False
		t10_l0 = True
		t4_l1 = False
		t4_l0 = True
		t23_l1 = False
		t23_l0 = True
	Trans 14 -- 15
		_x_gate_y = gate_y
		_x_controller_z = controller_z
		_x_t5_x = t5_x
		_x_t14_x = t14_x
		_x_t7_x = t7_x
		_x_t18_x = t18_x
		_x_t9_x = t9_x
		_x_t11_x = t11_x
		_x_t0_x = t0_x
		_x_t16_x = t16_x
		_x_t2_x = t2_x
		_x_t20_x = t20_x
		_x_t4_x = t4_x
		_x_t22_x = t22_x
		_x_t13_x = t13_x
		_x_t15_x = t15_x
		_x_t17_x = t17_x
		_x_t6_x = t6_x
		_x_t8_x = t8_x
		_x_t10_x = t10_x
		_x_t19_x = t19_x
		_x_t3_x = t3_x
		_x_t1_x = t1_x
		_x_t12_x = t12_x
		_x_t21_x = t21_x
		_x_t23_x = t23_x
	State 15
		_diverge_delta = 0.0
		controller_cnt = 4
		delta = 0.0
		t24_x = 68/21
		t17_l1 = False
		t17_l0 = True
		t1_evt0 = False
		t1_evt1 = False
		t0_evt0 = False
		t0_evt1 = False
		t2_evt0 = False
		t2_evt1 = False
		t3_evt0 = False
		t3_evt1 = False
		t4_evt0 = False
		t11_l1 = False
		t11_l0 = True
		t4_evt1 = False
		t5_evt0 = False
		t5_evt1 = False
		t6_evt0 = False
		t6_evt1 = False
		t7_evt0 = False
		t7_evt1 = False
		t8_evt0 = False
		t8_evt1 = False
		t9_evt0 = False
		t9_evt1 = False
		t5_l1 = False
		t5_l0 = True
		t10_evt0 = False
		t24_l1 = True
		t24_l0 = True
		t10_evt1 = False
		t11_evt0 = False
		t11_evt1 = False
		t12_evt0 = False
		t12_evt1 = False
		_J3323 = True
		t13_evt0 = False
		_J3317 = True
		t13_evt1 = False
		_J3311 = True
		t14_evt0 = False
		_J3294 = True
		t14_evt1 = False
		_EL_U_3257 = True
		t15_evt0 = False
		_EL_U_3259 = False
		t18_l1 = False
		t18_l0 = True
		t15_evt1 = False
		t16_evt0 = False
		_EL_X_3225 = True
		t16_evt1 = False
		_EL_X_3227 = False
		t17_evt0 = False
		_EL_U_3261 = False
		t17_evt1 = False
		_EL_U_3264 = False
		t18_evt0 = False
		t18_evt1 = False
		t19_evt0 = False
		t19_evt1 = False
		t20_evt0 = False
		t20_evt1 = False
		t12_l1 = False
		t12_l0 = True
		t21_evt0 = False
		t21_evt1 = False
		t22_evt0 = False
		t22_evt1 = False
		t23_evt0 = False
		t23_evt1 = False
		t24_evt0 = False
		t24_evt1 = True
		controller_evt0 = False
		controller_evt1 = True
		t6_l1 = False
		t6_l0 = True
		controller_evt2 = False
		t0_l1 = False
		t0_l0 = True
		t19_l1 = False
		t19_l0 = True
		t13_l1 = False
		t13_l0 = True
		t7_l1 = False
		t7_l0 = True
		gate_evt0 = False
		gate_evt1 = False
		t1_l1 = False
		t1_l0 = True
		t20_l1 = False
		t20_l0 = True
		t14_l1 = False
		t14_l0 = True
		t8_l1 = False
		t8_l0 = True
		t2_l1 = False
		t2_l0 = True
		t21_l1 = False
		t21_l0 = True
		t15_l1 = False
		t15_l0 = True
		gate_l1 = True
		gate_l0 = False
		t9_l1 = False
		t9_l0 = True
		t3_l1 = False
		t3_l0 = True
		t22_l1 = False
		t22_l0 = True
		t16_l1 = False
		t16_l0 = True
		controller_l1 = True
		controller_l0 = False
		t10_l1 = False
		t10_l0 = True
		t4_l1 = False
		t4_l0 = True
		t23_l1 = False
		t23_l0 = True
	Trans 15 -- 16
		_x_gate_y = gate_y
		_x_controller_z = controller_z
		_x_t5_x = t5_x
		_x_t14_x = t14_x
		_x_t7_x = t7_x
		_x_t18_x = t18_x
		_x_t9_x = t9_x
		_x_t11_x = t11_x
		_x_t0_x = t0_x
		_x_t16_x = t16_x
		_x_t2_x = t2_x
		_x_t20_x = t20_x
		_x_t4_x = t4_x
		_x_t22_x = t22_x
		_x_t13_x = t13_x
		_x_t15_x = t15_x
		_x_t17_x = t17_x
		_x_t6_x = t6_x
		_x_t8_x = t8_x
		_x_t10_x = t10_x
		_x_t19_x = t19_x
		_x_t3_x = t3_x
		_x_t1_x = t1_x
		_x_t12_x = t12_x
		_x_t21_x = t21_x
		_x_t23_x = t23_x
	State 16
		_diverge_delta = 0.0
		controller_cnt = 3
		delta = 1.0
		t24_x = 68/21
		t17_l1 = False
		t17_l0 = True
		t1_evt0 = True
		t1_evt1 = True
		t0_evt0 = True
		t0_evt1 = True
		t2_evt0 = True
		t2_evt1 = True
		t3_evt0 = True
		t3_evt1 = True
		t4_evt0 = True
		t11_l1 = False
		t11_l0 = True
		t4_evt1 = True
		t5_evt0 = True
		t5_evt1 = True
		t6_evt0 = True
		t6_evt1 = True
		t7_evt0 = True
		t7_evt1 = True
		t8_evt0 = True
		t8_evt1 = True
		t9_evt0 = True
		t9_evt1 = True
		t5_l1 = False
		t5_l0 = True
		t10_evt0 = True
		t24_l1 = False
		t24_l0 = False
		t10_evt1 = True
		t11_evt0 = True
		t11_evt1 = True
		t12_evt0 = True
		t12_evt1 = True
		_J3323 = False
		t13_evt0 = True
		_J3317 = False
		t13_evt1 = True
		_J3311 = False
		t14_evt0 = True
		_J3294 = False
		t14_evt1 = True
		_EL_U_3257 = True
		t15_evt0 = False
		_EL_U_3259 = False
		t18_l1 = False
		t18_l0 = True
		t15_evt1 = False
		t16_evt0 = True
		_EL_X_3225 = True
		t16_evt1 = True
		_EL_X_3227 = False
		t17_evt0 = True
		_EL_U_3261 = False
		t17_evt1 = True
		_EL_U_3264 = False
		t18_evt0 = True
		t18_evt1 = True
		t19_evt0 = True
		t19_evt1 = True
		t20_evt0 = True
		t20_evt1 = True
		t12_l1 = False
		t12_l0 = True
		t21_evt0 = True
		t21_evt1 = True
		t22_evt0 = False
		t22_evt1 = True
		t23_evt0 = True
		t23_evt1 = True
		t24_evt0 = False
		t24_evt1 = False
		controller_evt0 = False
		controller_evt1 = False
		t6_l1 = False
		t6_l0 = True
		controller_evt2 = False
		t0_l1 = False
		t0_l0 = True
		t19_l1 = False
		t19_l0 = True
		t13_l1 = False
		t13_l0 = True
		t7_l1 = False
		t7_l0 = True
		gate_evt0 = False
		gate_evt1 = False
		t1_l1 = False
		t1_l0 = True
		t20_l1 = False
		t20_l0 = True
		t14_l1 = False
		t14_l0 = True
		t8_l1 = False
		t8_l0 = True
		t2_l1 = False
		t2_l0 = True
		t21_l1 = False
		t21_l0 = True
		t15_l1 = False
		t15_l0 = True
		gate_l1 = True
		gate_l0 = False
		t9_l1 = False
		t9_l0 = True
		t3_l1 = False
		t3_l0 = True
		t22_l1 = False
		t22_l0 = True
		t16_l1 = False
		t16_l0 = True
		controller_l1 = True
		controller_l0 = False
		t10_l1 = False
		t10_l0 = True
		t4_l1 = False
		t4_l0 = True
		t23_l1 = False
		t23_l0 = True
	Trans 16 -- 17
		_x_t4_x = (t4_x + 1.0)
		_x_t5_x = (t5_x + 1.0)
		_x_gate_y = (gate_y + 1.0)
		_x_t20_x = (t20_x + 1.0)
		_x_t16_x = (t16_x + 1.0)
		_x_t10_x = (t10_x + 1.0)
		_x_t22_x = (t22_x + 1.0)
		_x_controller_z = (controller_z + 1.0)
		_x_t15_x = (t15_x + 1.0)
		_x_t17_x = (t17_x + 1.0)
		_x_t7_x = (t7_x + 1.0)
		_x_t21_x = (t21_x + 1.0)
		_x_t18_x = (t18_x + 1.0)
		_x_t1_x = (t1_x + 1.0)
		_x_t3_x = (t3_x + 1.0)
		_x_t9_x = (t9_x + 1.0)
		_x_t8_x = (t8_x + 1.0)
		_x_t19_x = (t19_x + 1.0)
		_x_t11_x = (t11_x + 1.0)
		_x_t12_x = (t12_x + 1.0)
		_x_t6_x = (t6_x + 1.0)
		_x_t2_x = (t2_x + 1.0)
		_x_t23_x = (t23_x + 1.0)
		_x_t13_x = (t13_x + 1.0)
		_x_t0_x = (t0_x + 1.0)
		_x_t14_x = (t14_x + 1.0)
	State 17
		_diverge_delta = 1.0
		controller_cnt = 3
		delta = 0.0
		t24_x = 89/21
		t17_l1 = False
		t17_l0 = True
		t1_evt0 = False
		t1_evt1 = False
		t0_evt0 = False
		t0_evt1 = False
		t2_evt0 = False
		t2_evt1 = False
		t3_evt0 = False
		t3_evt1 = False
		t4_evt0 = False
		t11_l1 = False
		t11_l0 = True
		t4_evt1 = False
		t5_evt0 = False
		t5_evt1 = False
		t6_evt0 = False
		t6_evt1 = False
		t7_evt0 = False
		t7_evt1 = False
		t8_evt0 = False
		t8_evt1 = False
		t9_evt0 = False
		t9_evt1 = False
		t5_l1 = False
		t5_l0 = True
		t10_evt0 = False
		t24_l1 = False
		t24_l0 = False
		t10_evt1 = False
		t11_evt0 = False
		t11_evt1 = False
		t12_evt0 = False
		t12_evt1 = False
		_J3323 = True
		t13_evt0 = False
		_J3317 = False
		t13_evt1 = False
		_J3311 = True
		t14_evt0 = False
		_J3294 = True
		t14_evt1 = False
		_EL_U_3257 = True
		t15_evt0 = False
		_EL_U_3259 = False
		t18_l1 = False
		t18_l0 = True
		t15_evt1 = False
		t16_evt0 = False
		_EL_X_3225 = True
		t16_evt1 = False
		_EL_X_3227 = False
		t17_evt0 = False
		_EL_U_3261 = False
		t17_evt1 = False
		_EL_U_3264 = False
		t18_evt0 = False
		t18_evt1 = False
		t19_evt0 = False
		t19_evt1 = False
		t20_evt0 = False
		t20_evt1 = False
		t12_l1 = False
		t12_l0 = True
		t21_evt0 = False
		t21_evt1 = False
		t22_evt0 = False
		t22_evt1 = False
		t23_evt0 = False
		t23_evt1 = False
		t24_evt0 = True
		t24_evt1 = False
		controller_evt0 = True
		controller_evt1 = False
		t6_l1 = False
		t6_l0 = True
		controller_evt2 = False
		t0_l1 = False
		t0_l0 = True
		t19_l1 = False
		t19_l0 = True
		t13_l1 = False
		t13_l0 = True
		t7_l1 = False
		t7_l0 = True
		gate_evt0 = False
		gate_evt1 = False
		t1_l1 = False
		t1_l0 = True
		t20_l1 = False
		t20_l0 = True
		t14_l1 = False
		t14_l0 = True
		t8_l1 = False
		t8_l0 = True
		t2_l1 = False
		t2_l0 = True
		t21_l1 = False
		t21_l0 = True
		t15_l1 = False
		t15_l0 = True
		gate_l1 = True
		gate_l0 = False
		t9_l1 = False
		t9_l0 = True
		t3_l1 = False
		t3_l0 = True
		t22_l1 = False
		t22_l0 = True
		t16_l1 = False
		t16_l0 = True
		controller_l1 = True
		controller_l0 = False
		t10_l1 = False
		t10_l0 = True
		t4_l1 = False
		t4_l0 = True
		t23_l1 = False
		t23_l0 = True
	Trans 17 -- 18
		_x_gate_y = gate_y
		_x_controller_z = controller_z
		_x_t5_x = t5_x
		_x_t14_x = t14_x
		_x_t7_x = t7_x
		_x_t18_x = t18_x
		_x_t9_x = t9_x
		_x_t11_x = t11_x
		_x_t0_x = t0_x
		_x_t16_x = t16_x
		_x_t2_x = t2_x
		_x_t20_x = t20_x
		_x_t4_x = t4_x
		_x_t22_x = t22_x
		_x_t13_x = t13_x
		_x_t15_x = t15_x
		_x_t17_x = t17_x
		_x_t6_x = t6_x
		_x_t8_x = t8_x
		_x_t10_x = t10_x
		_x_t19_x = t19_x
		_x_t3_x = t3_x
		_x_t1_x = t1_x
		_x_t12_x = t12_x
		_x_t21_x = t21_x
		_x_t23_x = t23_x
	starting from: _diverge_delta : 0.0, delta : 0.0, t17_l1 : False, t17_l0 : True, t1_evt0 : True, t17_x : 4.0, t1_evt1 : True, t0_evt0 : True, t0_evt1 : True, t2_evt0 : True, t2_evt1 : True, t3_evt0 : True, t3_evt1 : True, t4_evt0 : True, t11_l1 : False, t11_l0 : True, t4_evt1 : True, t5_evt0 : True, t5_evt1 : True, t11_x : 4.0, t6_evt0 : True, t6_evt1 : True, t7_evt0 : True, t7_evt1 : True, t8_evt0 : True, t8_evt1 : True, t9_evt0 : True, t9_evt1 : True, t5_l1 : False, t5_l0 : True, t10_evt0 : True, t24_l1 : False, t24_l0 : True, t10_evt1 : True, t5_x : 4.0, t11_evt0 : True, t24_x : 0.0, t11_evt1 : True, t12_evt0 : True, t12_evt1 : True, _J3323 : True, t13_evt0 : True, _J3317 : True, t13_evt1 : True, _J3311 : True, t14_evt0 : True, _J3294 : True, t14_evt1 : True, _EL_U_3257 : True, t15_evt0 : True, _EL_U_3259 : False, t18_l1 : False, t18_l0 : True, t15_evt1 : True, t16_evt0 : True, _EL_X_3225 : True, t16_evt1 : True, t18_x : 4.0, _EL_X_3227 : False, t17_evt0 : True, _EL_U_3261 : False, t17_evt1 : True, _EL_U_3264 : False, t18_evt0 : True, t18_evt1 : True, t19_evt0 : True, t19_evt1 : True, t20_evt0 : True, t20_evt1 : True, t12_l1 : False, t12_l0 : True, t21_evt0 : True, t21_evt1 : True, t12_x : 4.0, t22_evt0 : True, t22_evt1 : True, t23_evt0 : True, t23_evt1 : True, t24_evt0 : False, t24_evt1 : False, controller_evt0 : False, controller_evt1 : False, t6_l1 : False, t6_l0 : True, controller_evt2 : False, t6_x : 4.0, t0_l1 : False, t0_l0 : True, t19_l1 : False, t19_l0 : True, t0_x : 5.0, t19_x : 4.0, t13_l1 : False, t13_l0 : True, t13_x : 4.0, t7_l1 : False, t7_l0 : True, t7_x : 4.0, gate_evt0 : False, gate_evt1 : False, t1_l1 : False, t1_l0 : True, t20_l1 : False, t20_l0 : True, t1_x : 4.0, t20_x : 4.0, t14_l1 : False, t14_l0 : True, t14_x : 4.0, t8_l1 : False, t8_l0 : True, t8_x : 4.0, t2_l1 : False, t2_l0 : True, t21_l1 : False, t21_l0 : True, t2_x : 4.0, t21_x : 4.0, t15_l1 : False, t15_l0 : True, t15_x : 5.0, gate_l1 : True, gate_l0 : False, gate_y : 4.0, t9_l1 : False, t9_l0 : True, t9_x : 4.0, t3_l1 : False, t3_l0 : True, t22_l1 : False, t22_l0 : True, t3_x : 4.0, t22_x : 5.0, t16_l1 : False, t16_l0 : True, t16_x : 4.0, controller_l1 : True, controller_l0 : False, t10_l1 : False, t10_l0 : True, t10_x : 4.0, controller_z : 5.0, controller_cnt : 4, t4_l1 : False, t4_l0 : True, t23_l1 : False, t23_l0 : True, t4_x : 4.0, t23_x : 4.0

end of `train_gate_0025`: SUCCESS in 966.5636112689972s
