

run 1/1: `train_gate_0029`

	Found non-termination argument:
	State 13
		t28_evt1 = False
		t28_evt0 = False
		t27_evt1 = False
		t27_evt0 = False
		t26_evt1 = False
		t26_evt0 = False
		t25_evt1 = True
		t25_evt0 = True
		t24_l1 = False
		t24_evt1 = True
		t24_evt0 = True
		t23_l1 = False
		t23_evt1 = True
		t23_evt0 = False
		t22_l1 = False
		t8_l1 = False
		t8_l0 = False
		gate_l1 = True
		t23_l0 = False
		t8_evt1 = False
		t8_evt0 = True
		gate_evt1 = True
		t7_l1 = False
		_EL_U_3721 = True
		t7_evt0 = False
		t6_l1 = False
		_EL_U_3723 = False
		_EL_X_3689 = True
		t4_l0 = False
		_EL_X_3691 = False
		t4_evt0 = True
		t3_l1 = False
		t3_l0 = False
		controller_l0 = False
		_EL_U_3725 = False
		t7_l0 = False
		controller_cnt = 2
		controller_evt2 = False
		t0_evt0 = False
		t6_evt0 = False
		t5_l1 = False
		t5_l0 = False
		gate_evt0 = False
		t5_evt0 = False
		t4_l1 = False
		t1_l1 = False
		_EL_U_3728 = False
		t28_l0 = False
		t13_evt1 = False
		t6_l0 = False
		t13_l1 = False
		t9_evt0 = False
		gate_l0 = False
		t25_l1 = False
		t0_l0 = False
		t1_l0 = False
		t22_evt0 = False
		t26_l1 = False
		t0_l1 = False
		t7_evt1 = True
		t22_l0 = False
		t1_evt0 = False
		t27_l1 = False
		controller_evt0 = True
		t3_evt0 = False
		t2_evt0 = False
		t28_l1 = False
		t2_l0 = False
		t2_l1 = False
		t24_l0 = False
		t9_evt1 = False
		t9_l0 = False
		t9_l1 = False
		t10_evt0 = False
		t25_l0 = False
		t10_evt1 = False
		t10_l0 = False
		t10_l1 = False
		t11_evt0 = False
		t26_l0 = False
		t11_evt1 = False
		t11_l0 = False
		t11_l1 = False
		t12_evt0 = False
		t27_l0 = False
		t12_evt1 = False
		t12_l0 = False
		t12_l1 = False
		t13_evt0 = False
		t13_l0 = False
		t14_evt0 = True
		t14_evt1 = True
		t14_l0 = False
		t14_l1 = False
		t15_evt0 = False
		t15_evt1 = False
		t0_evt1 = False
		t15_l0 = False
		t15_l1 = False
		t16_evt0 = False
		t16_evt1 = False
		t1_evt1 = False
		t16_l0 = False
		t16_l1 = False
		t17_evt0 = False
		t17_evt1 = False
		t2_evt1 = False
		t17_l0 = False
		t17_l1 = False
		t18_evt0 = False
		t18_evt1 = False
		t3_evt1 = False
		t18_l0 = False
		t18_l1 = False
		controller_evt1 = True
		controller_l1 = True
		t19_evt0 = True
		t19_evt1 = True
		t4_evt1 = False
		t19_l0 = False
		t19_l1 = False
		t20_evt0 = False
		t20_evt1 = False
		t5_evt1 = False
		t20_l0 = False
		t20_l1 = False
		t21_evt0 = False
		t21_evt1 = False
		t6_evt1 = False
		t21_l0 = False
		t21_l1 = False
		t22_evt1 = False
		_J3758 = True
		_J3775 = True
		_J3781 = True
		_J3787 = True
		((-1.0 * t18_x) < -5.0)
		((-1.0 * controller_z) < -1.0)
		((-1.0 * t7_x) < -5.0)
		((-1.0 * delta) < 0.0)
		(_diverge_delta < 1.0)
		((-1.0 * t28_x) < -5.0)
		((-1.0 * t11_x) < -5.0)
		((-1.0 * t15_x) < -5.0)
		((-1.0 * t16_x) < -5.0)
		((-1.0 * t23_x) < -5.0)
		((-1.0 * t3_x) < -5.0)
		((-1.0 * t17_x) < -5.0)
		((-1.0 * t26_x) < -5.0)
		((-1.0 * t4_x) < -5.0)
		((-1.0 * t12_x) < -5.0)
		(((-1.0 * _diverge_delta) + (-1.0 * delta)) <= -1.0)
		((-1.0 * t2_x) < -5.0)
		((-1.0 * gate_y) < -2.0)
		((-1.0 * t24_x) < -5.0)
		((-1.0 * t25_x) < -5.0)
		((-1.0 * t14_x) < -5.0)
		((-1.0 * t5_x) < -5.0)
		((-1.0 * t19_x) < -5.0)
		((-1.0 * t22_x) < -5.0)
		((-1.0 * t13_x) < -5.0)
		((-1.0 * t27_x) < -5.0)
		((-1.0 * t0_x) < -5.0)
		((-1.0 * t10_x) < -5.0)
		((-1.0 * t21_x) < -5.0)
		((-1.0 * t9_x) < -5.0)
		((-1.0 * t6_x) < -5.0)
		((-1.0 * t20_x) < -5.0)
		((-1.0 * t1_x) < -5.0)
		((-1.0 * t8_x) < -5.0)
	Trans 13 -- 14
		_x_t17_x = (t17_x + delta)
		_x_delta = 15/16
		_x__diverge_delta = (_diverge_delta + delta)
		_x_t18_x = (t18_x + delta)
		_x_t28_x = (t28_x + delta)
		_x_t27_x = (t27_x + delta)
		_x_t26_x = (t26_x + delta)
		_x_t19_x = (t19_x + delta)
		_x_t25_x = (t25_x + delta)
		_x_t24_x = (t24_x + delta)
		_x_t20_x = (t20_x + delta)
		_x_t23_x = (t23_x + delta)
		_x_t21_x = (t21_x + delta)
		_x_t9_x = (t9_x + delta)
		_x_t22_x = (t22_x + delta)
		_x_t8_x = (t8_x + delta)
		_x_t7_x = (t7_x + delta)
		_x_t6_x = (t6_x + delta)
		_x_t5_x = (t5_x + delta)
		_x_t4_x = (t4_x + delta)
		_x_gate_y = (gate_y + delta)
		_x_t15_x = (t15_x + delta)
		_x_t0_x = (t0_x + delta)
		_x_controller_z = (controller_z + delta)
		_x_t1_x = (t1_x + delta)
		_x_t2_x = (t2_x + delta)
		_x_t3_x = (t3_x + delta)
		_x_t10_x = (t10_x + delta)
		_x_t11_x = (t11_x + delta)
		_x_t12_x = (t12_x + delta)
		_x_t13_x = (t13_x + delta)
		_x_t14_x = (t14_x + delta)
		_x_t16_x = (t16_x + delta)
	State 14
		t28_evt1 = False
		t28_evt0 = False
		t27_evt1 = False
		t27_evt0 = False
		t26_evt1 = False
		t26_evt0 = False
		t25_evt1 = False
		t25_evt0 = False
		t24_l1 = False
		t24_evt1 = False
		t24_evt0 = False
		t23_l1 = False
		t23_evt1 = False
		t23_evt0 = False
		t22_l1 = False
		t8_l1 = False
		t8_l0 = False
		gate_l1 = True
		t23_l0 = False
		t8_evt1 = False
		t8_evt0 = False
		gate_evt1 = False
		t7_l1 = False
		_EL_U_3721 = True
		t7_evt0 = False
		t6_l1 = False
		_EL_U_3723 = False
		_EL_X_3689 = True
		t4_l0 = False
		_EL_X_3691 = False
		t4_evt0 = False
		t3_l1 = False
		t3_l0 = False
		controller_l0 = False
		_EL_U_3725 = False
		t7_l0 = False
		controller_cnt = 2
		controller_evt2 = False
		t0_evt0 = False
		t6_evt0 = False
		t5_l1 = False
		t5_l0 = False
		gate_evt0 = False
		t5_evt0 = False
		t4_l1 = False
		t1_l1 = False
		_EL_U_3728 = False
		t28_l0 = False
		t13_evt1 = False
		t6_l0 = False
		t13_l1 = False
		t9_evt0 = False
		gate_l0 = False
		t25_l1 = False
		t0_l0 = False
		t1_l0 = False
		t22_evt0 = False
		t26_l1 = False
		t0_l1 = False
		t7_evt1 = False
		t22_l0 = False
		t1_evt0 = False
		t27_l1 = False
		controller_evt0 = False
		t3_evt0 = False
		t2_evt0 = False
		t28_l1 = False
		t2_l0 = False
		t2_l1 = False
		t24_l0 = False
		t9_evt1 = False
		t9_l0 = False
		t9_l1 = False
		t10_evt0 = False
		t25_l0 = False
		t10_evt1 = False
		t10_l0 = False
		t10_l1 = False
		t11_evt0 = False
		t26_l0 = False
		t11_evt1 = False
		t11_l0 = False
		t11_l1 = False
		t12_evt0 = False
		t27_l0 = False
		t12_evt1 = False
		t12_l0 = False
		t12_l1 = False
		t13_evt0 = False
		t13_l0 = False
		t14_evt0 = False
		t14_evt1 = False
		t14_l0 = False
		t14_l1 = False
		t15_evt0 = False
		t15_evt1 = False
		t0_evt1 = False
		t15_l0 = False
		t15_l1 = False
		t16_evt0 = False
		t16_evt1 = False
		t1_evt1 = False
		t16_l0 = False
		t16_l1 = False
		t17_evt0 = False
		t17_evt1 = False
		t2_evt1 = False
		t17_l0 = False
		t17_l1 = False
		t18_evt0 = False
		t18_evt1 = False
		t3_evt1 = False
		t18_l0 = False
		t18_l1 = False
		controller_evt1 = False
		controller_l1 = True
		t19_evt0 = False
		t19_evt1 = False
		t4_evt1 = False
		t19_l0 = False
		t19_l1 = False
		t20_evt0 = False
		t20_evt1 = False
		t5_evt1 = False
		t20_l0 = False
		t20_l1 = False
		t21_evt0 = False
		t21_evt1 = False
		t6_evt1 = False
		t21_l0 = False
		t21_l1 = False
		t22_evt1 = False
		_J3758 = False
		_J3775 = False
		_J3781 = False
		_J3787 = False
		(((-1.0 * t21_x) + (-1.0 * delta)) < -5.0)
		(((-1.0 * t4_x) + (-1.0 * delta)) < -5.0)
		(((-1.0 * t9_x) + (-1.0 * delta)) < -5.0)
		(((-1.0 * t12_x) + (-1.0 * delta)) < -5.0)
		(((-1.0 * t6_x) + (-1.0 * delta)) < -5.0)
		(((-1.0 * t2_x) + (-1.0 * delta)) < -5.0)
		(((-1.0 * t20_x) + (-1.0 * delta)) < -5.0)
		(((-1.0 * t18_x) + (-1.0 * delta)) < -5.0)
		(((-1.0 * gate_y) + (-1.0 * delta)) < -2.0)
		(((-1.0 * controller_z) + (-1.0 * delta)) < -1.0)
		(((-1.0 * t1_x) + (-1.0 * delta)) < -5.0)
		(((-1.0 * t24_x) + (-1.0 * delta)) < -5.0)
		(((-1.0 * t7_x) + (-1.0 * delta)) < -5.0)
		(((-1.0 * t8_x) + (-1.0 * delta)) < -5.0)
		(((-1.0 * t25_x) + (-1.0 * delta)) < -5.0)
		(delta < 1.0)
		(((-1.0 * t14_x) + (-1.0 * delta)) < -5.0)
		(((-1.0 * t28_x) + (-1.0 * delta)) < -5.0)
		(((-1.0 * t5_x) + (-1.0 * delta)) < -5.0)
		((-1.0 * delta) <= 0.0)
		(((-1.0 * t11_x) + (-1.0 * delta)) < -5.0)
		(((-1.0 * t19_x) + (-1.0 * delta)) < -5.0)
		(((-1.0 * t15_x) + (-1.0 * delta)) < -5.0)
		(((-1.0 * t22_x) + (-1.0 * delta)) < -5.0)
		(((-1.0 * t16_x) + (-1.0 * delta)) < -5.0)
		(((-1.0 * t13_x) + (-1.0 * delta)) < -5.0)
		(((-1.0 * t23_x) + (-1.0 * delta)) < -5.0)
		(((-1.0 * t27_x) + (-1.0 * delta)) < -5.0)
		(((-1.0 * t3_x) + (-1.0 * delta)) < -5.0)
		(((-1.0 * t0_x) + (-1.0 * delta)) < -5.0)
		(((-1.0 * t17_x) + (-1.0 * delta)) < -5.0)
		(((-1.0 * t10_x) + (-1.0 * delta)) < -5.0)
		(((-1.0 * t26_x) + (-1.0 * delta)) < -5.0)
	Trans 14 -- 15
		_x_t17_x = (t17_x + delta)
		_x_delta = ((t17_x * 1/8) + (t18_x * 1/8) + (t28_x * 1/8) + (t27_x * 17/16) + (t26_x * 1/8) + (t19_x * 1/8) + (t25_x * 1/8) + (t20_x * 1/8) + (t23_x * 1/8) + (t21_x * 1/8) + (t9_x * 1/8) + (t22_x * 1/8) + (t8_x * 1/8) + (t7_x * 1/8) + (t6_x * 1/8) + (t5_x * 1/8) + (t4_x * 1/8) + (gate_y * 1/8) + (t15_x * 1/8) + (t0_x * 1/8) + (controller_z * 1/8) + (t1_x * 1/8) + (t2_x * 1/8) + (t3_x * 1/8) + (t10_x * 1/8) + (t12_x * 1/8) + (t13_x * 1/8) + (t16_x * 1/8) + -1.0)
		_x__diverge_delta = delta
		_x_t18_x = (t18_x + delta)
		_x_t28_x = (t28_x + delta)
		_x_t27_x = (t27_x + delta)
		_x_t26_x = (t26_x + delta)
		_x_t19_x = (t19_x + delta)
		_x_t25_x = (t25_x + delta)
		_x_t24_x = (t24_x + delta)
		_x_t20_x = (t20_x + delta)
		_x_t23_x = (t23_x + delta)
		_x_t21_x = (t21_x + delta)
		_x_t9_x = (t9_x + delta)
		_x_t22_x = (t22_x + delta)
		_x_t8_x = (t8_x + delta)
		_x_t7_x = (t7_x + delta)
		_x_t6_x = (t6_x + delta)
		_x_t5_x = (t5_x + delta)
		_x_t4_x = (t4_x + delta)
		_x_gate_y = (gate_y + delta)
		_x_t15_x = (t15_x + delta)
		_x_t0_x = (t0_x + delta)
		_x_controller_z = (controller_z + delta)
		_x_t1_x = (t1_x + delta)
		_x_t2_x = (t2_x + delta)
		_x_t3_x = (t3_x + delta)
		_x_t10_x = (t10_x + delta)
		_x_t11_x = (t11_x + delta)
		_x_t12_x = (t12_x + delta)
		_x_t13_x = (t13_x + delta)
		_x_t14_x = (t14_x + delta)
		_x_t16_x = (t16_x + delta)
	starting from: {delta: 421627/4097, _diverge_delta: 0.0, t28_evt1: False, t28_evt0: False, t28_x: 442112/4097, t27_evt1: False, t27_evt0: False, t27_x: 442112/4097, t26_evt1: False, t26_evt0: False, t26_x: 442112/4097, t25_evt1: True, t25_evt0: True, t25_x: 442112/4097, t24_l1: False, t24_evt1: True, t24_evt0: True, t24_x: 442112/4097, t23_l1: False, t23_evt1: True, t23_evt0: False, t23_x: 442112/4097, t22_l1: False, t8_l1: False, t8_l0: False, gate_l1: True, t9_x: 442112/4097, t23_l0: False, t8_evt1: False, t8_evt0: True, gate_evt1: True, t7_l1: False, t8_x: 442112/4097, t7_evt0: False, t6_l1: False, t7_x: 442112/4097, t6_x: 442112/4097, t4_l0: False, t5_x: 442112/4097, t4_evt0: True, t3_l1: False, t3_l0: False, controller_l0: False, t4_x: 442112/4097, t7_l0: False, controller_cnt: 2, controller_evt2: False, t0_evt0: False, t6_evt0: False, t5_l1: False, t5_l0: False, gate_evt0: False, t5_evt0: False, t4_l1: False, t1_l1: False, gate_y: 438015/4097, t28_l0: False, t13_evt1: False, t6_l0: False, t13_l1: False, t9_evt0: False, gate_l0: False, t15_x: 442112/4097, t25_l1: False, t0_x: 442112/4097, t0_l0: False, controller_z: 442112/4097, t1_l0: False, t22_evt0: False, t26_l1: False, t1_x: 442112/4097, t0_l1: False, t7_evt1: True, t22_l0: False, t1_evt0: False, t27_l1: False, t2_x: 442112/4097, controller_evt0: True, t3_evt0: False, t2_evt0: False, t28_l1: False, t3_x: 442112/4097, t2_l0: False, t2_l1: False, t24_l0: False, t9_evt1: False, t9_l0: False, t9_l1: False, t10_x: 442112/4097, t10_evt0: False, t25_l0: False, t10_evt1: False, t10_l0: False, t10_l1: False, t11_x: 442112/4097, t11_evt0: False, t26_l0: False, t11_evt1: False, t11_l0: False, t11_l1: False, t12_x: 442112/4097, t12_evt0: False, t27_l0: False, t12_evt1: False, t12_l0: False, t12_l1: False, t13_x: 442112/4097, t13_evt0: False, t13_l0: False, t14_x: 438015/4097, t14_evt0: True, t14_evt1: True, t14_l0: False, t14_l1: False, t15_evt0: False, t15_evt1: False, t0_evt1: False, t15_l0: False, t15_l1: False, t16_x: 442112/4097, t16_evt0: False, t16_evt1: False, t1_evt1: False, t16_l0: False, t16_l1: False, t17_x: 442112/4097, t17_evt0: False, t17_evt1: False, t2_evt1: False, t17_l0: False, t17_l1: False, t18_x: 442112/4097, t18_evt0: False, t18_evt1: False, t3_evt1: False, t18_l0: False, t18_l1: False, controller_evt1: True, t19_x: 438015/4097, controller_l1: True, t19_evt0: True, t19_evt1: True, t4_evt1: False, t19_l0: False, t19_l1: False, t20_x: 442112/4097, t20_evt0: False, t20_evt1: False, t5_evt1: False, t20_l0: False, t20_l1: False, t21_x: 442112/4097, t21_evt0: False, t21_evt1: False, t6_evt1: False, t21_l0: False, t21_l1: False, t22_x: 442112/4097, t22_evt1: False, _J3758: True, _J3775: True, _J3781: True, _J3787: True, _EL_U_3721: True, _EL_U_3723: False, _EL_X_3689: True, _EL_X_3691: False, _EL_U_3725: False, _EL_U_3728: False}

end of `train_gate_0029`: SUCCESS in 371.63225769996643s
