F3 run `train_gate_0011`

	Found non-termination argument:
	State 7
		_diverge_delta = 0.0
		delta = 0.0
		controller_cnt = 1
		gate_evt1 = False
		t7_l1 = True
		t7_l0 = False
		t4_l1 = True
		t4_l0 = False
		t1_evt0 = True
		t1_evt1 = True
		t0_evt0 = True
		t0_evt1 = True
		t2_evt0 = True
		t2_evt1 = True
		t1_l1 = True
		t1_l0 = False
		t3_evt0 = True
		controller_l1 = True
		t3_evt1 = True
		_J1699 = True
		controller_l0 = False
		t4_evt0 = True
		_J1693 = True
		t4_evt1 = True
		_J1687 = True
		_J1670 = True
		t5_evt0 = False
		_EL_U_1633 = True
		t5_evt1 = False
		t9_l1 = False
		_EL_U_1635 = False
		t6_evt0 = True
		_EL_X_1601 = True
		t6_evt1 = True
		_EL_X_1603 = False
		t6_l1 = True
		t7_evt0 = True
		t6_l0 = False
		t7_evt1 = True
		_EL_U_1637 = False
		t8_evt0 = True
		t8_evt1 = True
		_EL_U_1640 = False
		t9_evt0 = False
		t3_l1 = True
		t9_evt1 = False
		t3_l0 = False
		gate_l1 = True
		t10_evt0 = False
		gate_l0 = False
		t10_evt1 = False
		controller_evt0 = False
		controller_evt1 = False
		t0_l1 = True
		controller_evt2 = False
		t0_l0 = False
		t8_l1 = True
		t8_l0 = False
		t5_l1 = False
		t5_l0 = False
		t2_l1 = True
		t2_l0 = False
		t9_l0 = False
		t10_l1 = False
		t10_l0 = False
		gate_evt0 = False
		((-1.0 * t5_x) < 8409535/1990564)
		((-1.0 * t5_x) < -5.0)
		((-1.0 * t9_x) < -1543285/3981128)
		((-1.0 * t10_x) < -1543285/3981128)
		(t8_x <= 5.0)
		(t1_x <= 5.0)
		(t3_x <= 5.0)
		(t7_x <= 5.0)
		(t0_x <= 5.0)
		(t2_x <= 5.0)
		(t4_x <= 5.0)
		(t6_x <= 5.0)
		((-1.0 * t5_x) < -1543285/3981128)
		((-1.0 * t9_x) < 8409535/1990564)
		((-1.0 * controller_z) < -1.0)
		((-1.0 * t10_x) < 8409535/1990564)
		((-1.0 * gate_y) < -2.0)
		((-1.0 * gate_y) < 10400099/3981128)
		((-1.0 * t9_x) < -5.0)
		((-1.0 * gate_y) < 14381227/1990564)
		((-1.0 * t10_x) < -5.0)
		((((-1.0 * t10_x) + (-1.0 * t3_x) + (-1.0 * gate_y) + (-1.0 * t7_x) + (t0_x * 178/7) + (-1.0 * t4_x) + (-1.0 * t8_x) + (-1.0 * t1_x) + (-1.0 * controller_z) + (-1.0 * t9_x) + (-1.0 * t2_x) + (-1.0 * t6_x) + -1769/34) - (t5_x * 249/248)) <= 0.0)
	Trans 7 -- 8
		_x_t10_x = t10_x
		_x_controller_z = controller_z
		_x_t9_x = t9_x
		_x_t2_x = t2_x
		_x_t6_x = t6_x
		_x_t8_x = t8_x
		_x_t1_x = t1_x
		_x_t4_x = t4_x
		_x_t5_x = t5_x
		_x_t3_x = t3_x
		_x_t7_x = t7_x
		_x_t0_x = t0_x
		_x_gate_y = gate_y
	State 8
		_diverge_delta = 0.0
		delta = 0.0
		controller_cnt = 1
		gate_evt1 = False
		t7_l1 = True
		t7_l0 = True
		t4_l1 = True
		t4_l0 = True
		t1_evt0 = False
		t1_evt1 = True
		t0_evt0 = False
		t0_evt1 = True
		t2_evt0 = False
		t2_evt1 = True
		t1_l1 = True
		t1_l0 = True
		t3_evt0 = False
		controller_l1 = True
		t3_evt1 = True
		_J1699 = False
		controller_l0 = False
		t4_evt0 = False
		_J1693 = False
		t4_evt1 = True
		_J1687 = False
		_J1670 = False
		t5_evt0 = False
		_EL_U_1633 = True
		t5_evt1 = False
		t9_l1 = False
		_EL_U_1635 = False
		t6_evt0 = False
		_EL_X_1601 = True
		t6_evt1 = True
		_EL_X_1603 = False
		t6_l1 = True
		t7_evt0 = False
		t6_l0 = True
		t7_evt1 = True
		_EL_U_1637 = False
		t8_evt0 = False
		t8_evt1 = True
		_EL_U_1640 = False
		t9_evt0 = False
		t3_l1 = True
		t9_evt1 = False
		t3_l0 = True
		gate_l1 = True
		t10_evt0 = False
		gate_l0 = False
		t10_evt1 = False
		controller_evt0 = False
		controller_evt1 = True
		t0_l1 = True
		controller_evt2 = False
		t0_l0 = True
		t8_l1 = True
		t8_l0 = True
		t5_l1 = False
		t5_l0 = False
		t2_l1 = True
		t2_l0 = True
		t9_l0 = False
		t10_l1 = False
		t10_l0 = False
		gate_evt0 = False
	Trans 8 -- 9
		_x_t10_x = t10_x
		_x_t9_x = t9_x
		_x_t2_x = t2_x
		_x_t6_x = t6_x
		_x_t8_x = t8_x
		_x_t1_x = t1_x
		_x_t4_x = t4_x
		_x_t5_x = t5_x
		_x_t3_x = t3_x
		_x_controller_z = 0.0
		_x_t7_x = t7_x
		_x_gate_y = gate_y
		_x_t0_x = t0_x
	State 9
		_diverge_delta = 0.0
		delta = 0.0
		controller_cnt = 0
		gate_evt1 = False
		t7_l1 = False
		t7_l0 = False
		t4_l1 = False
		t4_l0 = False
		t1_evt0 = True
		t1_evt1 = False
		t0_evt0 = True
		t0_evt1 = False
		t2_evt0 = True
		t2_evt1 = False
		t1_l1 = False
		t1_l0 = False
		t3_evt0 = True
		controller_l1 = True
		t3_evt1 = False
		_J1699 = True
		controller_l0 = True
		t4_evt0 = True
		_J1693 = False
		t4_evt1 = False
		_J1687 = True
		_J1670 = True
		t5_evt0 = False
		_EL_U_1633 = True
		t5_evt1 = False
		t9_l1 = False
		_EL_U_1635 = False
		t6_evt0 = True
		_EL_X_1601 = True
		t6_evt1 = False
		_EL_X_1603 = False
		t6_l1 = False
		t7_evt0 = True
		t6_l0 = False
		t7_evt1 = False
		_EL_U_1637 = False
		t8_evt0 = True
		t8_evt1 = False
		_EL_U_1640 = False
		t9_evt0 = False
		t3_l1 = False
		t9_evt1 = False
		t3_l0 = False
		gate_l1 = True
		t10_evt0 = False
		gate_l0 = False
		t10_evt1 = False
		controller_evt0 = True
		controller_evt1 = False
		t0_l1 = False
		controller_evt2 = False
		t0_l0 = False
		t8_l1 = False
		t8_l0 = False
		t5_l1 = False
		t5_l0 = False
		t2_l1 = False
		t2_l0 = False
		t9_l0 = False
		t10_l1 = False
		t10_l0 = False
		gate_evt0 = False
	Trans 9 -- 10
		_x_t10_x = t10_x
		_x_t4_x = 0.0
		_x_t2_x = 0.0
		_x_t6_x = 0.0
		_x_t0_x = 0.0
		_x_controller_z = controller_z
		_x_t9_x = t9_x
		_x_t7_x = 0.0
		_x_t3_x = 0.0
		_x_t1_x = 0.0
		_x_t5_x = t5_x
		_x_gate_y = gate_y
		_x_t8_x = 0.0
	State 10
		_diverge_delta = 0.0
		delta = 0.0
		controller_cnt = 1
		gate_evt1 = False
		t7_l1 = False
		t7_l0 = True
		t4_l1 = False
		t4_l0 = True
		t1_evt0 = False
		t1_evt1 = False
		t0_evt0 = False
		t0_evt1 = False
		t2_evt0 = False
		t2_evt1 = False
		t1_l1 = False
		t1_l0 = True
		t3_evt0 = False
		controller_l1 = True
		t3_evt1 = False
		_J1699 = True
		controller_l0 = False
		t4_evt0 = False
		_J1693 = False
		t4_evt1 = False
		_J1687 = True
		_J1670 = True
		t5_evt0 = False
		_EL_U_1633 = True
		t5_evt1 = False
		t9_l1 = False
		_EL_U_1635 = False
		t6_evt0 = False
		_EL_X_1601 = True
		t6_evt1 = False
		_EL_X_1603 = False
		t6_l1 = False
		t7_evt0 = False
		t6_l0 = True
		t7_evt1 = False
		_EL_U_1637 = False
		t8_evt0 = False
		t8_evt1 = False
		_EL_U_1640 = False
		t9_evt0 = False
		t3_l1 = False
		t9_evt1 = False
		t3_l0 = True
		gate_l1 = True
		t10_evt0 = False
		gate_l0 = False
		t10_evt1 = False
		controller_evt0 = False
		controller_evt1 = False
		t0_l1 = False
		controller_evt2 = False
		t0_l0 = True
		t8_l1 = False
		t8_l0 = True
		t5_l1 = False
		t5_l0 = False
		t2_l1 = False
		t2_l0 = True
		t9_l0 = False
		t10_l1 = False
		t10_l0 = False
		gate_evt0 = False
	Trans 10 -- 11
		_x_t10_x = t10_x
		_x_controller_z = controller_z
		_x_t9_x = t9_x
		_x_t2_x = t2_x
		_x_t6_x = t6_x
		_x_t8_x = t8_x
		_x_t1_x = t1_x
		_x_t4_x = t4_x
		_x_t5_x = t5_x
		_x_t3_x = t3_x
		_x_t7_x = t7_x
		_x_t0_x = t0_x
		_x_gate_y = gate_y
	State 11
		_diverge_delta = 0.0
		delta = 18362355/3981128
		controller_cnt = 1
		gate_evt1 = False
		t7_l1 = False
		t7_l0 = True
		t4_l1 = False
		t4_l0 = True
		t1_evt0 = True
		t1_evt1 = True
		t0_evt0 = True
		t0_evt1 = True
		t2_evt0 = True
		t2_evt1 = True
		t1_l1 = False
		t1_l0 = True
		t3_evt0 = True
		controller_l1 = True
		t3_evt1 = True
		_J1699 = True
		controller_l0 = False
		t4_evt0 = True
		_J1693 = False
		t4_evt1 = True
		_J1687 = True
		_J1670 = True
		t5_evt0 = False
		_EL_U_1633 = True
		t5_evt1 = False
		t9_l1 = False
		_EL_U_1635 = False
		t6_evt0 = True
		_EL_X_1601 = True
		t6_evt1 = True
		_EL_X_1603 = False
		t6_l1 = False
		t7_evt0 = True
		t6_l0 = True
		t7_evt1 = True
		_EL_U_1637 = False
		t8_evt0 = False
		t8_evt1 = True
		_EL_U_1640 = False
		t9_evt0 = False
		t3_l1 = False
		t9_evt1 = False
		t3_l0 = True
		gate_l1 = True
		t10_evt0 = False
		gate_l0 = False
		t10_evt1 = False
		controller_evt0 = False
		controller_evt1 = False
		t0_l1 = False
		controller_evt2 = False
		t0_l0 = True
		t8_l1 = False
		t8_l0 = True
		t5_l1 = False
		t5_l0 = False
		t2_l1 = False
		t2_l0 = True
		t9_l0 = False
		t10_l1 = False
		t10_l0 = False
		gate_evt0 = True
	Trans 11 -- 12
		_x_t9_x = (t9_x + 18362355/3981128)
		_x_gate_y = (gate_y + 18362355/3981128)
		_x_t8_x = (t8_x + 18362355/3981128)
		_x_t1_x = (t1_x + 18362355/3981128)
		_x_t10_x = (t10_x + 18362355/3981128)
		_x_t0_x = (t0_x + 18362355/3981128)
		_x_t6_x = (t6_x + 18362355/3981128)
		_x_t3_x = (t3_x + 18362355/3981128)
		_x_controller_z = (controller_z + 18362355/3981128)
		_x_t5_x = (t5_x + 18362355/3981128)
		_x_t7_x = (t7_x + 18362355/3981128)
		_x_t2_x = (t2_x + 18362355/3981128)
		_x_t4_x = (t4_x + 18362355/3981128)
	State 12
		_diverge_delta = 18362355/3981128
		delta = 0.0
		controller_cnt = 1
		gate_evt1 = False
		t7_l1 = False
		t7_l0 = True
		t4_l1 = False
		t4_l0 = True
		t1_evt0 = True
		t1_evt1 = True
		t0_evt0 = True
		t0_evt1 = True
		t2_evt0 = True
		t2_evt1 = True
		t1_l1 = False
		t1_l0 = True
		t3_evt0 = True
		controller_l1 = True
		t3_evt1 = True
		_J1699 = True
		controller_l0 = False
		t4_evt0 = True
		_J1693 = False
		t4_evt1 = True
		_J1687 = True
		_J1670 = True
		t5_evt0 = False
		_EL_U_1633 = True
		t5_evt1 = False
		t9_l1 = False
		_EL_U_1635 = False
		t6_evt0 = True
		_EL_X_1601 = True
		t6_evt1 = True
		_EL_X_1603 = False
		t6_l1 = False
		t7_evt0 = True
		t6_l0 = True
		t7_evt1 = True
		_EL_U_1637 = False
		t8_evt0 = True
		t8_evt1 = True
		_EL_U_1640 = False
		t9_evt0 = False
		t3_l1 = False
		t9_evt1 = False
		t3_l0 = True
		gate_l1 = True
		t10_evt0 = False
		gate_l0 = False
		t10_evt1 = False
		controller_evt0 = False
		controller_evt1 = False
		t0_l1 = False
		controller_evt2 = False
		t0_l0 = True
		t8_l1 = False
		t8_l0 = True
		t5_l1 = False
		t5_l0 = False
		t2_l1 = False
		t2_l0 = True
		t9_l0 = False
		t10_l1 = False
		t10_l0 = False
		gate_evt0 = False
	Trans 12 -- 13
		_x_t10_x = t10_x
		_x_controller_z = controller_z
		_x_t9_x = t9_x
		_x_t2_x = t2_x
		_x_t6_x = t6_x
		_x_t8_x = t8_x
		_x_t1_x = t1_x
		_x_t4_x = t4_x
		_x_t5_x = t5_x
		_x_t3_x = t3_x
		_x_t7_x = t7_x
		_x_t0_x = t0_x
		_x_gate_y = gate_y
	starting from: t7_l1 : True, t7_l0 : False, _diverge_delta : 0.0, delta : 0.0, t7_x : 16126379/3981128, t1_evt0 : True, t1_evt1 : True, t0_evt0 : True, t0_evt1 : True, t2_evt0 : True, t2_evt1 : True, t1_l1 : True, t1_l0 : False, t3_evt0 : True, t3_evt1 : True, t1_x : 16126379/3981128, _J1699 : True, t4_evt0 : True, _J1693 : True, t4_evt1 : True, _J1687 : True, _J1670 : True, t5_evt0 : False, _EL_U_1633 : True, t5_evt1 : False, _EL_U_1635 : False, t6_evt0 : True, _EL_X_1601 : True, t6_evt1 : True, _EL_X_1603 : False, t7_evt0 : True, t7_evt1 : True, _EL_U_1637 : False, t8_evt0 : True, t8_evt1 : True, _EL_U_1640 : False, t9_evt0 : False, t9_evt1 : False, t10_evt0 : False, t10_evt1 : False, controller_evt0 : False, controller_evt1 : False, controller_evt2 : False, t8_l1 : True, t8_l0 : False, t8_x : 16126379/3981128, t2_l1 : True, t2_l0 : False, t2_x : 16126379/3981128, gate_evt0 : False, gate_evt1 : False, t9_l1 : False, t9_l0 : False, t9_x : 41143007/7962256, t3_l1 : True, t3_l0 : False, gate_l1 : True, gate_l0 : False, t3_x : 16126379/3981128, gate_y : 12145251/3981128, t10_l1 : False, t10_l0 : False, t10_x : 41143007/7962256, t4_l1 : True, t4_l0 : False, t4_x : 16126379/3981128, controller_l1 : True, controller_l0 : False, controller_z : 16126379/3981128, controller_cnt : 1, t5_l1 : False, t5_l0 : False, t5_x : 41143007/7962256, t6_l1 : True, t6_l0 : False, t6_x : 16126379/3981128, t0_l1 : True, t0_l0 : False, t0_x : 16126379/3981128

end of `train_gate_0011`: SUCCESS in 408.793958902359s
