at line 50 CASE has no explicit default condition
at line 50 CASE has no explicit default condition
at line 50 CASE has no explicit default condition
at line 50 CASE has no explicit default condition
at line 50 CASE has no explicit default condition
at line 50 CASE has no explicit default condition
at line 50 CASE has no explicit default condition
at line 50 CASE has no explicit default condition
at line 50 CASE has no explicit default condition
at line 50 CASE has no explicit default condition
at line 50 CASE has no explicit default condition
at line 50 CASE has no explicit default condition
at line 50 CASE has no explicit default condition
at line 50 CASE has no explicit default condition
at line 50 CASE has no explicit default condition
at line 50 CASE has no explicit default condition
at line 50 CASE has no explicit default condition
at line 50 CASE has no explicit default condition
at line 50 CASE has no explicit default condition
at line 50 CASE has no explicit default condition
at line 50 CASE has no explicit default condition
at line 50 CASE has no explicit default condition
at line 50 CASE has no explicit default condition
at line 50 CASE has no explicit default condition
at line 50 CASE has no explicit default condition
at line 50 CASE has no explicit default condition
at line 50 CASE has no explicit default condition
at line 50 CASE has no explicit default condition
at line 50 CASE has no explicit default condition
at line 50 CASE has no explicit default condition
at line 50 CASE has no explicit default condition
at line 50 CASE has no explicit default condition
at line 50 CASE has no explicit default condition
at line 50 CASE has no explicit default condition
at line 50 CASE has no explicit default condition
at line 50 CASE has no explicit default condition
at line 50 CASE has no explicit default condition
at line 50 CASE has no explicit default condition
at line 50 CASE has no explicit default condition
at line 50 CASE has no explicit default condition
at line 50 CASE has no explicit default condition
at line 50 CASE has no explicit default condition
at line 50 CASE has no explicit default condition
at line 50 CASE has no explicit default condition
at line 50 CASE has no explicit default condition
at line 50 CASE has no explicit default condition
at line 50 CASE has no explicit default condition
at line 50 CASE has no explicit default condition
at line 50 CASE has no explicit default condition
at line 50 CASE has no explicit default condition
at line 50 CASE has no explicit default condition
at line 50 CASE has no explicit default condition
at line 50 CASE has no explicit default condition
at line 50 CASE has no explicit default condition
at line 50 CASE has no explicit default condition
at line 50 CASE has no explicit default condition
at line 50 CASE has no explicit default condition
at line 50 CASE has no explicit default condition
at line 50 CASE has no explicit default condition
at line 50 CASE has no explicit default condition
at line 50 CASE has no explicit default condition
at line 50 CASE has no explicit default condition
at line 50 CASE has no explicit default condition
at line 50 CASE has no explicit default condition
at line 50 CASE has no explicit default condition
at line 50 CASE has no explicit default condition
at line 50 CASE has no explicit default condition
at line 50 CASE has no explicit default condition
at line 50 CASE has no explicit default condition
at line 50 CASE has no explicit default condition
at line 50 CASE has no explicit default condition
at line 50 CASE has no explicit default condition
at line 50 CASE has no explicit default condition
at line 50 CASE has no explicit default condition
at line 50 CASE has no explicit default condition
at line 50 CASE has no explicit default condition
at line 50 CASE has no explicit default condition
at line 50 CASE has no explicit default condition
at line 50 CASE has no explicit default condition
at line 50 CASE has no explicit default condition
at line 50 CASE has no explicit default condition
at line 50 CASE has no explicit default condition
at line 50 CASE has no explicit default condition
at line 50 CASE has no explicit default condition
at line 50 CASE has no explicit default condition
at line 50 CASE has no explicit default condition
at line 50 CASE has no explicit default condition
at line 50 CASE has no explicit default condition
at line 50 CASE has no explicit default condition
at line 50 CASE has no explicit default condition
at line 50 CASE has no explicit default condition
at line 50 CASE has no explicit default condition
at line 50 CASE has no explicit default condition
at line 50 CASE has no explicit default condition
at line 50 CASE has no explicit default condition
at line 50 CASE has no explicit default condition
at line 50 CASE has no explicit default condition
at line 50 CASE has no explicit default condition
at line 50 CASE has no explicit default condition
at line 50 CASE has no explicit default condition
at line 50 CASE has no explicit default condition
at line 50 CASE has no explicit default condition
at line 50 CASE has no explicit default condition
at line 50 CASE has no explicit default condition
at line 50 CASE has no explicit default condition
at line 50 CASE has no explicit default condition
at line 50 CASE has no explicit default condition
at line 50 CASE has no explicit default condition
at line 50 CASE has no explicit default condition
at line 50 CASE has no explicit default condition
at line 50 CASE has no explicit default condition
at line 50 CASE has no explicit default condition
at line 50 CASE has no explicit default condition
at line 50 CASE has no explicit default condition
at line 50 CASE has no explicit default condition
at line 50 CASE has no explicit default condition
at line 50 CASE has no explicit default condition
at line 50 CASE has no explicit default condition
at line 50 CASE has no explicit default condition
at line 50 CASE has no explicit default condition
at line 50 CASE has no explicit default condition
at line 50 CASE has no explicit default condition
at line 50 CASE has no explicit default condition
at line 50 CASE has no explicit default condition
at line 50 CASE has no explicit default condition
at line 50 CASE has no explicit default condition
at line 50 CASE has no explicit default condition
at line 50 CASE has no explicit default condition
at line 50 CASE has no explicit default condition
at line 50 CASE has no explicit default condition
at line 50 CASE has no explicit default condition
at line 50 CASE has no explicit default condition
at line 50 CASE has no explicit default condition
at line 50 CASE has no explicit default condition
at line 50 CASE has no explicit default condition
at line 50 CASE has no explicit default condition
at line 50 CASE has no explicit default condition
at line 50 CASE has no explicit default condition
at line 50 CASE has no explicit default condition
at line 50 CASE has no explicit default condition
at line 50 CASE has no explicit default condition
at line 50 CASE has no explicit default condition
at line 50 CASE has no explicit default condition
at line 50 CASE has no explicit default condition
at line 50 CASE has no explicit default condition
at line 50 CASE has no explicit default condition
at line 50 CASE has no explicit default condition
at line 50 CASE has no explicit default condition
at line 50 CASE has no explicit default condition
at line 50 CASE has no explicit default condition
at line 50 CASE has no explicit default condition
at line 50 CASE has no explicit default condition
at line 50 CASE has no explicit default condition
at line 50 CASE has no explicit default condition
at line 50 CASE has no explicit default condition
at line 50 CASE has no explicit default condition
at line 50 CASE has no explicit default condition
at line 50 CASE has no explicit default condition
at line 50 CASE has no explicit default condition
at line 50 CASE has no explicit default condition
at line 50 CASE has no explicit default condition
at line 50 CASE has no explicit default condition
at line 50 CASE has no explicit default condition
at line 50 CASE has no explicit default condition
at line 50 CASE has no explicit default condition
at line 50 CASE has no explicit default condition
at line 50 CASE has no explicit default condition
at line 50 CASE has no explicit default condition
at line 50 CASE has no explicit default condition
at line 50 CASE has no explicit default condition
at line 50 CASE has no explicit default condition
at line 50 CASE has no explicit default condition
at line 50 CASE has no explicit default condition
at line 50 CASE has no explicit default condition
at line 50 CASE has no explicit default condition
at line 50 CASE has no explicit default condition
at line 50 CASE has no explicit default condition
at line 50 CASE has no explicit default condition
at line 50 CASE has no explicit default condition
at line 50 CASE has no explicit default condition
at line 50 CASE has no explicit default condition
at line 50 CASE has no explicit default condition
at line 50 CASE has no explicit default condition
at line 50 CASE has no explicit default condition
at line 50 CASE has no explicit default condition
at line 50 CASE has no explicit default condition
at line 50 CASE has no explicit default condition
at line 50 CASE has no explicit default condition
at line 50 CASE has no explicit default condition
at line 50 CASE has no explicit default condition
at line 50 CASE has no explicit default condition
at line 50 CASE has no explicit default condition
at line 50 CASE has no explicit default condition
at line 50 CASE has no explicit default condition
at line 50 CASE has no explicit default condition
at line 50 CASE has no explicit default condition
at line 50 CASE has no explicit default condition
at line 50 CASE has no explicit default condition
at line 50 CASE has no explicit default condition
at line 50 CASE has no explicit default condition
at line 50 CASE has no explicit default condition
at line 50 CASE has no explicit default condition
at line 50 CASE has no explicit default condition
at line 50 CASE has no explicit default condition
at line 50 CASE has no explicit default condition
at line 50 CASE has no explicit default condition
at line 50 CASE has no explicit default condition
at line 50 CASE has no explicit default condition
at line 50 CASE has no explicit default condition
at line 50 CASE has no explicit default condition
at line 50 CASE has no explicit default condition
at line 50 CASE has no explicit default condition
at line 50 CASE has no explicit default condition
at line 50 CASE has no explicit default condition
at line 50 CASE has no explicit default condition
at line 50 CASE has no explicit default condition
at line 50 CASE has no explicit default condition
at line 50 CASE has no explicit default condition
at line 50 CASE has no explicit default condition
at line 50 CASE has no explicit default condition
at line 50 CASE has no explicit default condition
at line 50 CASE has no explicit default condition
at line 50 CASE has no explicit default condition
at line 50 CASE has no explicit default condition
at line 50 CASE has no explicit default condition
at line 50 CASE has no explicit default condition
at line 50 CASE has no explicit default condition
at line 50 CASE has no explicit default condition
at line 50 CASE has no explicit default condition
at line 50 CASE has no explicit default condition
at line 50 CASE has no explicit default condition
at line 50 CASE has no explicit default condition
at line 50 CASE has no explicit default condition
at line 50 CASE has no explicit default condition
at line 50 CASE has no explicit default condition
at line 50 CASE has no explicit default condition
at line 50 CASE has no explicit default condition
at line 50 CASE has no explicit default condition
at line 50 CASE has no explicit default condition
at line 50 CASE has no explicit default condition
at line 50 CASE has no explicit default condition
at line 50 CASE has no explicit default condition
at line 50 CASE has no explicit default condition
at line 50 CASE has no explicit default condition
at line 50 CASE has no explicit default condition
at line 50 CASE has no explicit default condition
at line 50 CASE has no explicit default condition
at line 50 CASE has no explicit default condition
at line 50 CASE has no explicit default condition
at line 50 CASE has no explicit default condition
at line 50 CASE has no explicit default condition
at line 50 CASE has no explicit default condition
at line 50 CASE has no explicit default condition
at line 50 CASE has no explicit default condition
at line 50 CASE has no explicit default condition
at line 50 CASE has no explicit default condition
at line 50 CASE has no explicit default condition
at line 50 CASE has no explicit default condition
at line 50 CASE has no explicit default condition
at line 50 CASE has no explicit default condition
at line 50 CASE has no explicit default condition
at line 50 CASE has no explicit default condition
at line 50 CASE has no explicit default condition
at line 50 CASE has no explicit default condition
at line 50 CASE has no explicit default condition
at line 50 CASE has no explicit default condition
at line 50 CASE has no explicit default condition
at line 50 CASE has no explicit default condition
at line 50 CASE has no explicit default condition
at line 50 CASE has no explicit default condition
at line 50 CASE has no explicit default condition
at line 50 CASE has no explicit default condition
at line 50 CASE has no explicit default condition
at line 50 CASE has no explicit default condition
at line 50 CASE has no explicit default condition
at line 50 CASE has no explicit default condition
at line 50 CASE has no explicit default condition
at line 50 CASE has no explicit default condition
at line 50 CASE has no explicit default condition
at line 50 CASE has no explicit default condition
at line 50 CASE has no explicit default condition
at line 50 CASE has no explicit default condition
at line 50 CASE has no explicit default condition
at line 50 CASE has no explicit default condition
Warning: NuSMV status may be not consistent. Use 'reset' command if needed.
aborting 'source /home/magnago/nuxmv_check_ltlspec_bmc.cmd'
real 3603.12
user 3601.36
sys 1.23
