F3 run `semaphore_0020`

	Found non-termination argument:
	State 20
		run = -1
		sm12_loop_len = 1
		sm3_loop_len = 1
		sm17_loop_len = 1
		sm8_loop_len = 1
		semaphore = 0
		sm13_loop_len = 1
		sm4_loop_len = 1
		sm18_loop_len = 1
		sm9_loop_len = 1
		sm0_loop_len = 1
		sm14_loop_len = 1
		sm5_loop_len = 1
		sm19_loop_len = 1
		sm10_loop_len = 1
		sm1_loop_len = 1
		sm15_loop_len = 1
		sm6_loop_len = 1
		sm11_loop_len = 1
		sm2_loop_len = 1
		sm16_loop_len = 1
		sm7_loop_len = 1
		sm19_state = True
		sm9_state = True
		sm8_state = True
		sm18_state = True
		sm7_state = True
		_J1730 = True
		_J1724 = True
		sm17_state = True
		_J1717 = True
		_J1711 = True
		_J1704 = True
		_J1698 = True
		_J1691 = True
		_J1685 = True
		_J1678 = True
		_J1672 = True
		_J1665 = True
		_J1659 = True
		_J1652 = True
		_J1646 = True
		_J1639 = True
		_J1633 = True
		_J1626 = True
		_J1620 = True
		_J1613 = True
		_J1607 = True
		_J1600 = True
		sm6_state = True
		_J1594 = True
		_J1587 = True
		_J1581 = True
		_J1574 = True
		_J1568 = True
		_J1561 = True
		sm16_state = True
		_J1555 = True
		_J1548 = True
		_J1542 = True
		_J1535 = True
		_J1529 = True
		_J1522 = True
		_J1516 = True
		_J1509 = True
		_J1503 = True
		_J1496 = True
		_J1490 = True
		_J1484 = True
		_J1478 = True
		_J1472 = True
		_J1466 = True
		_EL_U_1230 = True
		_EL_U_1232 = False
		_EL_U_1234 = True
		sm5_state = True
		_EL_U_1236 = False
		_EL_U_1238 = True
		_EL_U_1240 = False
		_EL_U_1242 = True
		sm15_state = True
		_EL_U_1244 = False
		_EL_U_1246 = True
		_EL_U_1248 = False
		_EL_U_1250 = True
		_EL_U_1252 = False
		_EL_U_1254 = True
		_EL_U_1256 = False
		_EL_U_1258 = True
		_EL_U_1260 = False
		_EL_U_1262 = True
		_EL_U_1264 = False
		_EL_U_1266 = True
		_EL_U_1268 = False
		sm4_state = True
		_EL_U_1270 = True
		_EL_U_1272 = False
		_EL_U_1274 = True
		sm14_state = True
		_EL_U_1276 = False
		_EL_U_1278 = True
		_EL_U_1280 = False
		_EL_U_1282 = True
		_EL_U_1284 = False
		_EL_U_1286 = True
		_EL_U_1288 = False
		_EL_U_1290 = True
		_EL_U_1292 = False
		_EL_U_1294 = True
		_EL_U_1296 = False
		_EL_U_1298 = True
		_EL_U_1300 = False
		sm3_state = True
		_EL_U_1302 = True
		_EL_U_1304 = False
		_EL_U_1306 = True
		_EL_U_1308 = False
		sm13_state = True
		_EL_U_1330 = True
		_EL_U_1332 = False
		sm2_state = True
		sm12_state = True
		sm1_state = True
		sm11_state = True
		sm0_state = True
		sm10_state = True
		(sm2_l < 42)
		(sm13_l < 42)
		(sm9_l < 21)
		(sm14_l < 21)
		(sm3_l < 42)
		(sm4_l < 42)
		(sm14_l < 42)
		(sm14_l < 22)
		(sm16_l < 21)
		(sm6_l < 21)
		(sm17_l < 21)
		(sm7_l < 21)
		(sm18_l < 21)
		(sm8_l < 0)
		(sm8_l < 21)
		(sm19_l < 0)
		(sm9_l < 0)
		(sm14_l < 1)
		(sm19_l < 21)
		(sm10_l < 0)
		(sm0_l < 0)
		(sm11_l < 0)
		(sm1_l < 0)
		(sm12_l < 0)
		(sm2_l < 0)
		(sm13_l < 0)
		(sm3_l < 0)
		(sm14_l < 0)
		(sm4_l < 0)
		(sm15_l < 0)
		(sm5_l < 0)
		(sm16_l < 0)
		(sm6_l < 0)
		(sm17_l < 0)
		(sm7_l < 0)
		(sm18_l < 0)
		(sm10_l < 21)
		(sm0_l < 21)
		(sm11_l < 21)
		(sm1_l < 21)
		(sm12_l < 21)
		(sm16_l < 42)
		(sm2_l < 21)
		(sm6_l < 42)
		(sm17_l < 42)
		(sm13_l < 21)
		(sm15_l < 42)
		(sm7_l < 42)
		(sm3_l < 21)
		(sm18_l < 42)
		(sm8_l < 42)
		(sm4_l < 21)
		(sm19_l < 42)
		(sm9_l < 42)
		(sm15_l < 21)
		(sm5_l < 21)
		(sm14_l < 43)
		(sm5_l < 42)
		(sm10_l < 42)
		(sm0_l < 42)
		(sm11_l < 42)
		(sm1_l < 42)
		(sm12_l < 42)
		((sm12_l + 2) <= 0)
	Trans 20 -- 21
		_x_sm15_l = (sm15_l + -1)
		_x_sm5_l = (sm5_l + -1)
		_x_sm11_l = (sm11_l + -1)
		_x_sm3_l = (sm3_l + -1)
		_x_sm12_l = (sm12_l + -1)
		_x_sm18_l = (sm18_l + -1)
		_x_sm16_l = (sm16_l + -1)
		_x_sm14_l = (sm14_l + -1)
		_x_sm0_l = (sm0_l + -1)
		_x_sm6_l = (sm6_l + -1)
		_x_sm13_l = (sm13_l + -1)
		_x_sm19_l = (sm19_l + -1)
		_x_sm4_l = (sm4_l + -1)
		_x_sm7_l = (sm7_l + -1)
		_x_sm17_l = (sm17_l + -1)
		_x_sm10_l = (sm10_l + -1)
		_x_sm8_l = (sm8_l + -1)
		_x_sm1_l = (sm1_l + -1)
		_x_sm9_l = (sm9_l + -1)
		_x_sm2_l = (sm2_l + -1)
	State 21
		run = 3
		sm12_loop_len = 1
		sm3_loop_len = 1
		sm17_loop_len = 1
		sm8_loop_len = 1
		semaphore = 0
		sm13_loop_len = 1
		sm4_loop_len = 1
		sm18_loop_len = 1
		sm9_loop_len = 1
		sm0_loop_len = 1
		sm14_loop_len = 1
		sm5_loop_len = 1
		sm19_loop_len = 1
		sm10_loop_len = 1
		sm1_loop_len = 1
		sm15_loop_len = 1
		sm6_loop_len = 1
		sm11_loop_len = 1
		sm2_loop_len = 1
		sm16_loop_len = 1
		sm7_loop_len = 1
		sm19_state = True
		sm9_state = True
		sm8_state = True
		sm18_state = True
		sm7_state = True
		_J1730 = False
		_J1724 = False
		sm17_state = True
		_J1717 = False
		_J1711 = False
		_J1704 = False
		_J1698 = False
		_J1691 = False
		_J1685 = False
		_J1678 = False
		_J1672 = False
		_J1665 = False
		_J1659 = False
		_J1652 = False
		_J1646 = False
		_J1639 = False
		_J1633 = False
		_J1626 = False
		_J1620 = False
		_J1613 = False
		_J1607 = False
		_J1600 = False
		sm6_state = True
		_J1594 = False
		_J1587 = False
		_J1581 = False
		_J1574 = False
		_J1568 = False
		_J1561 = False
		sm16_state = True
		_J1555 = False
		_J1548 = False
		_J1542 = False
		_J1535 = False
		_J1529 = False
		_J1522 = False
		_J1516 = False
		_J1509 = False
		_J1503 = False
		_J1496 = False
		_J1490 = False
		_J1484 = False
		_J1478 = False
		_J1472 = False
		_J1466 = False
		_EL_U_1230 = True
		_EL_U_1232 = False
		_EL_U_1234 = True
		sm5_state = True
		_EL_U_1236 = False
		_EL_U_1238 = True
		_EL_U_1240 = False
		_EL_U_1242 = True
		sm15_state = True
		_EL_U_1244 = False
		_EL_U_1246 = True
		_EL_U_1248 = False
		_EL_U_1250 = True
		_EL_U_1252 = False
		_EL_U_1254 = True
		_EL_U_1256 = False
		_EL_U_1258 = True
		_EL_U_1260 = False
		_EL_U_1262 = True
		_EL_U_1264 = False
		_EL_U_1266 = True
		_EL_U_1268 = False
		sm4_state = True
		_EL_U_1270 = True
		_EL_U_1272 = False
		_EL_U_1274 = True
		sm14_state = True
		_EL_U_1276 = False
		_EL_U_1278 = True
		_EL_U_1280 = False
		_EL_U_1282 = True
		_EL_U_1284 = False
		_EL_U_1286 = True
		_EL_U_1288 = False
		_EL_U_1290 = True
		_EL_U_1292 = False
		_EL_U_1294 = True
		_EL_U_1296 = False
		_EL_U_1298 = True
		_EL_U_1300 = False
		sm3_state = True
		_EL_U_1302 = True
		_EL_U_1304 = False
		_EL_U_1306 = True
		_EL_U_1308 = False
		sm13_state = True
		_EL_U_1330 = True
		_EL_U_1332 = False
		sm2_state = True
		sm12_state = True
		sm1_state = True
		sm11_state = True
		sm0_state = True
		sm10_state = True
	Trans 21 -- 22
		_x_sm15_l = (sm15_l + -1)
		_x_sm5_l = (sm5_l + -1)
		_x_sm11_l = (sm11_l + -1)
		_x_sm3_l = (sm3_l + -1)
		_x_sm12_l = (sm12_l + -1)
		_x_sm18_l = (sm18_l + -1)
		_x_sm16_l = (sm16_l + -1)
		_x_sm14_l = (sm14_l + -1)
		_x_sm0_l = (sm0_l + -1)
		_x_sm6_l = (sm6_l + -1)
		_x_sm13_l = (sm13_l + -1)
		_x_sm19_l = (sm19_l + -1)
		_x_sm4_l = (sm4_l + -1)
		_x_sm7_l = (sm7_l + -1)
		_x_sm17_l = (sm17_l + -1)
		_x_sm10_l = (sm10_l + -1)
		_x_sm8_l = (sm8_l + -1)
		_x_sm1_l = (sm1_l + -1)
		_x_sm9_l = (sm9_l + -1)
		_x_sm2_l = (sm2_l + -1)
	State 22
		run = 13
		sm12_loop_len = 1
		sm3_loop_len = 1
		sm17_loop_len = 1
		sm8_loop_len = 1
		semaphore = 0
		sm13_loop_len = 1
		sm4_loop_len = 1
		sm18_loop_len = 1
		sm9_loop_len = 1
		sm0_loop_len = 1
		sm14_loop_len = 1
		sm5_loop_len = 1
		sm19_loop_len = 1
		sm10_loop_len = 1
		sm1_loop_len = 1
		sm15_loop_len = 1
		sm6_loop_len = 1
		sm11_loop_len = 1
		sm2_loop_len = 1
		sm16_loop_len = 1
		sm7_loop_len = 1
		sm19_state = True
		sm9_state = True
		sm8_state = True
		sm18_state = True
		sm7_state = True
		_J1730 = True
		_J1724 = False
		sm17_state = True
		_J1717 = True
		_J1711 = False
		_J1704 = True
		_J1698 = False
		_J1691 = True
		_J1685 = False
		_J1678 = True
		_J1672 = False
		_J1665 = True
		_J1659 = False
		_J1652 = True
		_J1646 = False
		_J1639 = True
		_J1633 = False
		_J1626 = True
		_J1620 = False
		_J1613 = True
		_J1607 = False
		_J1600 = True
		sm6_state = True
		_J1594 = False
		_J1587 = True
		_J1581 = False
		_J1574 = True
		_J1568 = False
		_J1561 = True
		sm16_state = True
		_J1555 = False
		_J1548 = True
		_J1542 = False
		_J1535 = True
		_J1529 = False
		_J1522 = True
		_J1516 = True
		_J1509 = True
		_J1503 = False
		_J1496 = True
		_J1490 = False
		_J1484 = True
		_J1478 = False
		_J1472 = True
		_J1466 = True
		_EL_U_1230 = True
		_EL_U_1232 = False
		_EL_U_1234 = True
		sm5_state = True
		_EL_U_1236 = False
		_EL_U_1238 = True
		_EL_U_1240 = False
		_EL_U_1242 = True
		sm15_state = True
		_EL_U_1244 = False
		_EL_U_1246 = True
		_EL_U_1248 = False
		_EL_U_1250 = True
		_EL_U_1252 = False
		_EL_U_1254 = True
		_EL_U_1256 = False
		_EL_U_1258 = True
		_EL_U_1260 = False
		_EL_U_1262 = True
		_EL_U_1264 = False
		_EL_U_1266 = True
		_EL_U_1268 = False
		sm4_state = True
		_EL_U_1270 = True
		_EL_U_1272 = False
		_EL_U_1274 = True
		sm14_state = True
		_EL_U_1276 = False
		_EL_U_1278 = True
		_EL_U_1280 = False
		_EL_U_1282 = True
		_EL_U_1284 = False
		_EL_U_1286 = True
		_EL_U_1288 = False
		_EL_U_1290 = True
		_EL_U_1292 = False
		_EL_U_1294 = True
		_EL_U_1296 = False
		_EL_U_1298 = True
		_EL_U_1300 = False
		sm3_state = True
		_EL_U_1302 = True
		_EL_U_1304 = False
		_EL_U_1306 = True
		_EL_U_1308 = False
		sm13_state = True
		_EL_U_1330 = True
		_EL_U_1332 = False
		sm2_state = True
		sm12_state = True
		sm1_state = True
		sm11_state = True
		sm0_state = True
		sm10_state = True
	Trans 22 -- 23
		_x_sm15_l = (sm15_l + -1)
		_x_sm5_l = (sm5_l + -1)
		_x_sm11_l = (sm11_l + -1)
		_x_sm3_l = (sm3_l + -1)
		_x_sm12_l = (sm12_l + -1)
		_x_sm18_l = (sm18_l + -1)
		_x_sm16_l = (sm16_l + -1)
		_x_sm14_l = (sm14_l + -1)
		_x_sm0_l = (sm0_l + -1)
		_x_sm6_l = (sm6_l + -1)
		_x_sm13_l = (sm13_l + -1)
		_x_sm19_l = (sm19_l + -1)
		_x_sm4_l = (sm4_l + -1)
		_x_sm7_l = (sm7_l + -1)
		_x_sm17_l = (sm17_l + -1)
		_x_sm10_l = (sm10_l + -1)
		_x_sm8_l = (sm8_l + -1)
		_x_sm1_l = (sm1_l + -1)
		_x_sm9_l = (sm9_l + -1)
		_x_sm2_l = (sm2_l + -1)
	State 23
		run = 4
		sm12_loop_len = 1
		sm3_loop_len = 1
		sm17_loop_len = 1
		sm8_loop_len = 1
		semaphore = 0
		sm13_loop_len = 1
		sm4_loop_len = 1
		sm18_loop_len = 1
		sm9_loop_len = 1
		sm0_loop_len = 1
		sm14_loop_len = 1
		sm5_loop_len = 1
		sm19_loop_len = 1
		sm10_loop_len = 1
		sm1_loop_len = 1
		sm15_loop_len = 1
		sm6_loop_len = 1
		sm11_loop_len = 1
		sm2_loop_len = 1
		sm16_loop_len = 1
		sm7_loop_len = 1
		sm19_state = True
		sm9_state = True
		sm8_state = True
		sm18_state = True
		sm7_state = True
		_J1730 = True
		_J1724 = False
		sm17_state = True
		_J1717 = True
		_J1711 = False
		_J1704 = True
		_J1698 = False
		_J1691 = True
		_J1685 = False
		_J1678 = True
		_J1672 = False
		_J1665 = True
		_J1659 = False
		_J1652 = True
		_J1646 = True
		_J1639 = True
		_J1633 = False
		_J1626 = True
		_J1620 = False
		_J1613 = True
		_J1607 = False
		_J1600 = True
		sm6_state = True
		_J1594 = False
		_J1587 = True
		_J1581 = False
		_J1574 = True
		_J1568 = False
		_J1561 = True
		sm16_state = True
		_J1555 = False
		_J1548 = True
		_J1542 = False
		_J1535 = True
		_J1529 = False
		_J1522 = True
		_J1516 = True
		_J1509 = True
		_J1503 = False
		_J1496 = True
		_J1490 = False
		_J1484 = True
		_J1478 = False
		_J1472 = True
		_J1466 = True
		_EL_U_1230 = True
		_EL_U_1232 = False
		_EL_U_1234 = True
		sm5_state = True
		_EL_U_1236 = False
		_EL_U_1238 = True
		_EL_U_1240 = False
		_EL_U_1242 = True
		sm15_state = True
		_EL_U_1244 = False
		_EL_U_1246 = True
		_EL_U_1248 = False
		_EL_U_1250 = True
		_EL_U_1252 = False
		_EL_U_1254 = True
		_EL_U_1256 = False
		_EL_U_1258 = True
		_EL_U_1260 = False
		_EL_U_1262 = True
		_EL_U_1264 = False
		_EL_U_1266 = True
		_EL_U_1268 = False
		sm4_state = True
		_EL_U_1270 = True
		_EL_U_1272 = False
		_EL_U_1274 = True
		sm14_state = True
		_EL_U_1276 = False
		_EL_U_1278 = True
		_EL_U_1280 = False
		_EL_U_1282 = True
		_EL_U_1284 = False
		_EL_U_1286 = True
		_EL_U_1288 = False
		_EL_U_1290 = True
		_EL_U_1292 = False
		_EL_U_1294 = True
		_EL_U_1296 = False
		_EL_U_1298 = True
		_EL_U_1300 = False
		sm3_state = True
		_EL_U_1302 = True
		_EL_U_1304 = False
		_EL_U_1306 = True
		_EL_U_1308 = False
		sm13_state = True
		_EL_U_1330 = True
		_EL_U_1332 = False
		sm2_state = True
		sm12_state = True
		sm1_state = True
		sm11_state = True
		sm0_state = True
		sm10_state = True
	Trans 23 -- 24
		_x_sm15_l = (sm15_l + -1)
		_x_sm5_l = (sm5_l + -1)
		_x_sm11_l = (sm11_l + -1)
		_x_sm3_l = (sm3_l + -1)
		_x_sm12_l = (sm12_l + -1)
		_x_sm18_l = (sm18_l + -1)
		_x_sm16_l = (sm16_l + -1)
		_x_sm14_l = (sm14_l + -1)
		_x_sm0_l = (sm0_l + -1)
		_x_sm6_l = (sm6_l + -1)
		_x_sm13_l = (sm13_l + -1)
		_x_sm19_l = (sm19_l + -1)
		_x_sm4_l = (sm4_l + -1)
		_x_sm7_l = (sm7_l + -1)
		_x_sm17_l = (sm17_l + -1)
		_x_sm10_l = (sm10_l + -1)
		_x_sm8_l = (sm8_l + -1)
		_x_sm1_l = (sm1_l + -1)
		_x_sm9_l = (sm9_l + -1)
		_x_sm2_l = (sm2_l + -1)
	State 24
		run = 0
		sm12_loop_len = 1
		sm3_loop_len = 1
		sm17_loop_len = 1
		sm8_loop_len = 1
		semaphore = 0
		sm13_loop_len = 1
		sm4_loop_len = 1
		sm18_loop_len = 1
		sm9_loop_len = 1
		sm0_loop_len = 1
		sm14_loop_len = 1
		sm5_loop_len = 1
		sm19_loop_len = 1
		sm10_loop_len = 1
		sm1_loop_len = 1
		sm15_loop_len = 1
		sm6_loop_len = 1
		sm11_loop_len = 1
		sm2_loop_len = 1
		sm16_loop_len = 1
		sm7_loop_len = 1
		sm19_state = True
		sm9_state = True
		sm8_state = True
		sm18_state = True
		sm7_state = True
		_J1730 = True
		_J1724 = False
		sm17_state = True
		_J1717 = True
		_J1711 = False
		_J1704 = True
		_J1698 = False
		_J1691 = True
		_J1685 = False
		_J1678 = True
		_J1672 = False
		_J1665 = True
		_J1659 = False
		_J1652 = True
		_J1646 = True
		_J1639 = True
		_J1633 = False
		_J1626 = True
		_J1620 = False
		_J1613 = True
		_J1607 = False
		_J1600 = True
		sm6_state = True
		_J1594 = False
		_J1587 = True
		_J1581 = False
		_J1574 = True
		_J1568 = False
		_J1561 = True
		sm16_state = True
		_J1555 = False
		_J1548 = True
		_J1542 = False
		_J1535 = True
		_J1529 = True
		_J1522 = True
		_J1516 = True
		_J1509 = True
		_J1503 = False
		_J1496 = True
		_J1490 = False
		_J1484 = True
		_J1478 = False
		_J1472 = True
		_J1466 = True
		_EL_U_1230 = True
		_EL_U_1232 = False
		_EL_U_1234 = True
		sm5_state = True
		_EL_U_1236 = False
		_EL_U_1238 = True
		_EL_U_1240 = False
		_EL_U_1242 = True
		sm15_state = True
		_EL_U_1244 = False
		_EL_U_1246 = True
		_EL_U_1248 = False
		_EL_U_1250 = True
		_EL_U_1252 = False
		_EL_U_1254 = True
		_EL_U_1256 = False
		_EL_U_1258 = True
		_EL_U_1260 = False
		_EL_U_1262 = True
		_EL_U_1264 = False
		_EL_U_1266 = True
		_EL_U_1268 = False
		sm4_state = True
		_EL_U_1270 = True
		_EL_U_1272 = False
		_EL_U_1274 = True
		sm14_state = True
		_EL_U_1276 = False
		_EL_U_1278 = True
		_EL_U_1280 = False
		_EL_U_1282 = True
		_EL_U_1284 = False
		_EL_U_1286 = True
		_EL_U_1288 = False
		_EL_U_1290 = True
		_EL_U_1292 = False
		_EL_U_1294 = True
		_EL_U_1296 = False
		_EL_U_1298 = True
		_EL_U_1300 = False
		sm3_state = True
		_EL_U_1302 = True
		_EL_U_1304 = False
		_EL_U_1306 = True
		_EL_U_1308 = False
		sm13_state = True
		_EL_U_1330 = True
		_EL_U_1332 = False
		sm2_state = True
		sm12_state = True
		sm1_state = True
		sm11_state = True
		sm0_state = True
		sm10_state = True
	Trans 24 -- 25
		_x_sm15_l = (sm15_l + -1)
		_x_sm5_l = (sm5_l + -1)
		_x_sm11_l = (sm11_l + -1)
		_x_sm3_l = (sm3_l + -1)
		_x_sm12_l = (sm12_l + -1)
		_x_sm18_l = (sm18_l + -1)
		_x_sm16_l = (sm16_l + -1)
		_x_sm14_l = (sm14_l + -1)
		_x_sm0_l = (sm0_l + -1)
		_x_sm6_l = (sm6_l + -1)
		_x_sm13_l = (sm13_l + -1)
		_x_sm19_l = (sm19_l + -1)
		_x_sm4_l = (sm4_l + -1)
		_x_sm7_l = (sm7_l + -1)
		_x_sm17_l = (sm17_l + -1)
		_x_sm10_l = (sm10_l + -1)
		_x_sm8_l = (sm8_l + -1)
		_x_sm1_l = (sm1_l + -1)
		_x_sm9_l = (sm9_l + -1)
		_x_sm2_l = (sm2_l + -1)
	State 25
		run = 12
		sm12_loop_len = 1
		sm3_loop_len = 1
		sm17_loop_len = 1
		sm8_loop_len = 1
		semaphore = 0
		sm13_loop_len = 1
		sm4_loop_len = 1
		sm18_loop_len = 1
		sm9_loop_len = 1
		sm0_loop_len = 1
		sm14_loop_len = 1
		sm5_loop_len = 1
		sm19_loop_len = 1
		sm10_loop_len = 1
		sm1_loop_len = 1
		sm15_loop_len = 1
		sm6_loop_len = 1
		sm11_loop_len = 1
		sm2_loop_len = 1
		sm16_loop_len = 1
		sm7_loop_len = 1
		sm19_state = True
		sm9_state = True
		sm8_state = True
		sm18_state = True
		sm7_state = True
		_J1730 = True
		_J1724 = False
		sm17_state = True
		_J1717 = True
		_J1711 = False
		_J1704 = True
		_J1698 = False
		_J1691 = True
		_J1685 = False
		_J1678 = True
		_J1672 = False
		_J1665 = True
		_J1659 = False
		_J1652 = True
		_J1646 = True
		_J1639 = True
		_J1633 = False
		_J1626 = True
		_J1620 = False
		_J1613 = True
		_J1607 = False
		_J1600 = True
		sm6_state = True
		_J1594 = False
		_J1587 = True
		_J1581 = False
		_J1574 = True
		_J1568 = False
		_J1561 = True
		sm16_state = True
		_J1555 = False
		_J1548 = True
		_J1542 = False
		_J1535 = True
		_J1529 = True
		_J1522 = True
		_J1516 = True
		_J1509 = True
		_J1503 = False
		_J1496 = True
		_J1490 = False
		_J1484 = True
		_J1478 = True
		_J1472 = True
		_J1466 = True
		_EL_U_1230 = True
		_EL_U_1232 = False
		_EL_U_1234 = True
		sm5_state = True
		_EL_U_1236 = False
		_EL_U_1238 = True
		_EL_U_1240 = False
		_EL_U_1242 = True
		sm15_state = True
		_EL_U_1244 = False
		_EL_U_1246 = True
		_EL_U_1248 = False
		_EL_U_1250 = True
		_EL_U_1252 = False
		_EL_U_1254 = True
		_EL_U_1256 = False
		_EL_U_1258 = True
		_EL_U_1260 = False
		_EL_U_1262 = True
		_EL_U_1264 = False
		_EL_U_1266 = True
		_EL_U_1268 = False
		sm4_state = True
		_EL_U_1270 = True
		_EL_U_1272 = False
		_EL_U_1274 = True
		sm14_state = True
		_EL_U_1276 = False
		_EL_U_1278 = True
		_EL_U_1280 = False
		_EL_U_1282 = True
		_EL_U_1284 = False
		_EL_U_1286 = True
		_EL_U_1288 = False
		_EL_U_1290 = True
		_EL_U_1292 = False
		_EL_U_1294 = True
		_EL_U_1296 = False
		_EL_U_1298 = True
		_EL_U_1300 = False
		sm3_state = True
		_EL_U_1302 = True
		_EL_U_1304 = False
		_EL_U_1306 = True
		_EL_U_1308 = False
		sm13_state = True
		_EL_U_1330 = True
		_EL_U_1332 = False
		sm2_state = True
		sm12_state = True
		sm1_state = True
		sm11_state = True
		sm0_state = True
		sm10_state = True
	Trans 25 -- 26
		_x_sm15_l = (sm15_l + -1)
		_x_sm5_l = (sm5_l + -1)
		_x_sm11_l = (sm11_l + -1)
		_x_sm3_l = (sm3_l + -1)
		_x_sm12_l = (sm12_l + -1)
		_x_sm18_l = (sm18_l + -1)
		_x_sm16_l = (sm16_l + -1)
		_x_sm14_l = (sm14_l + -1)
		_x_sm0_l = (sm0_l + -1)
		_x_sm6_l = (sm6_l + -1)
		_x_sm13_l = (sm13_l + -1)
		_x_sm19_l = (sm19_l + -1)
		_x_sm4_l = (sm4_l + -1)
		_x_sm7_l = (sm7_l + -1)
		_x_sm17_l = (sm17_l + -1)
		_x_sm10_l = (sm10_l + -1)
		_x_sm8_l = (sm8_l + -1)
		_x_sm1_l = (sm1_l + -1)
		_x_sm9_l = (sm9_l + -1)
		_x_sm2_l = (sm2_l + -1)
	State 26
		run = 6
		sm12_loop_len = 1
		sm3_loop_len = 1
		sm17_loop_len = 1
		sm8_loop_len = 1
		semaphore = 0
		sm13_loop_len = 1
		sm4_loop_len = 1
		sm18_loop_len = 1
		sm9_loop_len = 1
		sm0_loop_len = 1
		sm14_loop_len = 1
		sm5_loop_len = 1
		sm19_loop_len = 1
		sm10_loop_len = 1
		sm1_loop_len = 1
		sm15_loop_len = 1
		sm6_loop_len = 1
		sm11_loop_len = 1
		sm2_loop_len = 1
		sm16_loop_len = 1
		sm7_loop_len = 1
		sm19_state = True
		sm9_state = True
		sm8_state = True
		sm18_state = True
		sm7_state = True
		_J1730 = True
		_J1724 = False
		sm17_state = True
		_J1717 = True
		_J1711 = False
		_J1704 = True
		_J1698 = False
		_J1691 = True
		_J1685 = False
		_J1678 = True
		_J1672 = False
		_J1665 = True
		_J1659 = False
		_J1652 = True
		_J1646 = True
		_J1639 = True
		_J1633 = True
		_J1626 = True
		_J1620 = False
		_J1613 = True
		_J1607 = False
		_J1600 = True
		sm6_state = True
		_J1594 = False
		_J1587 = True
		_J1581 = False
		_J1574 = True
		_J1568 = False
		_J1561 = True
		sm16_state = True
		_J1555 = False
		_J1548 = True
		_J1542 = False
		_J1535 = True
		_J1529 = True
		_J1522 = True
		_J1516 = True
		_J1509 = True
		_J1503 = False
		_J1496 = True
		_J1490 = False
		_J1484 = True
		_J1478 = True
		_J1472 = True
		_J1466 = True
		_EL_U_1230 = True
		_EL_U_1232 = False
		_EL_U_1234 = True
		sm5_state = True
		_EL_U_1236 = False
		_EL_U_1238 = True
		_EL_U_1240 = False
		_EL_U_1242 = True
		sm15_state = True
		_EL_U_1244 = False
		_EL_U_1246 = True
		_EL_U_1248 = False
		_EL_U_1250 = True
		_EL_U_1252 = False
		_EL_U_1254 = True
		_EL_U_1256 = False
		_EL_U_1258 = True
		_EL_U_1260 = False
		_EL_U_1262 = True
		_EL_U_1264 = False
		_EL_U_1266 = True
		_EL_U_1268 = False
		sm4_state = True
		_EL_U_1270 = True
		_EL_U_1272 = False
		_EL_U_1274 = True
		sm14_state = True
		_EL_U_1276 = False
		_EL_U_1278 = True
		_EL_U_1280 = False
		_EL_U_1282 = True
		_EL_U_1284 = False
		_EL_U_1286 = True
		_EL_U_1288 = False
		_EL_U_1290 = True
		_EL_U_1292 = False
		_EL_U_1294 = True
		_EL_U_1296 = False
		_EL_U_1298 = True
		_EL_U_1300 = False
		sm3_state = True
		_EL_U_1302 = True
		_EL_U_1304 = False
		_EL_U_1306 = True
		_EL_U_1308 = False
		sm13_state = True
		_EL_U_1330 = True
		_EL_U_1332 = False
		sm2_state = True
		sm12_state = True
		sm1_state = True
		sm11_state = True
		sm0_state = True
		sm10_state = True
	Trans 26 -- 27
		_x_sm15_l = (sm15_l + -1)
		_x_sm5_l = (sm5_l + -1)
		_x_sm11_l = (sm11_l + -1)
		_x_sm3_l = (sm3_l + -1)
		_x_sm12_l = (sm12_l + -1)
		_x_sm18_l = (sm18_l + -1)
		_x_sm16_l = (sm16_l + -1)
		_x_sm14_l = (sm14_l + -1)
		_x_sm0_l = (sm0_l + -1)
		_x_sm6_l = (sm6_l + -1)
		_x_sm13_l = (sm13_l + -1)
		_x_sm19_l = (sm19_l + -1)
		_x_sm4_l = (sm4_l + -1)
		_x_sm7_l = (sm7_l + -1)
		_x_sm17_l = (sm17_l + -1)
		_x_sm10_l = (sm10_l + -1)
		_x_sm8_l = (sm8_l + -1)
		_x_sm1_l = (sm1_l + -1)
		_x_sm9_l = (sm9_l + -1)
		_x_sm2_l = (sm2_l + -1)
	State 27
		run = 18
		sm12_loop_len = 1
		sm3_loop_len = 1
		sm17_loop_len = 1
		sm8_loop_len = 1
		semaphore = 0
		sm13_loop_len = 1
		sm4_loop_len = 1
		sm18_loop_len = 1
		sm9_loop_len = 1
		sm0_loop_len = 1
		sm14_loop_len = 1
		sm5_loop_len = 1
		sm19_loop_len = 1
		sm10_loop_len = 1
		sm1_loop_len = 1
		sm15_loop_len = 1
		sm6_loop_len = 1
		sm11_loop_len = 1
		sm2_loop_len = 1
		sm16_loop_len = 1
		sm7_loop_len = 1
		sm19_state = True
		sm9_state = True
		sm8_state = True
		sm18_state = True
		sm7_state = True
		_J1730 = True
		_J1724 = False
		sm17_state = True
		_J1717 = True
		_J1711 = False
		_J1704 = True
		_J1698 = False
		_J1691 = True
		_J1685 = False
		_J1678 = True
		_J1672 = False
		_J1665 = True
		_J1659 = False
		_J1652 = True
		_J1646 = True
		_J1639 = True
		_J1633 = True
		_J1626 = True
		_J1620 = False
		_J1613 = True
		_J1607 = False
		_J1600 = True
		sm6_state = True
		_J1594 = False
		_J1587 = True
		_J1581 = False
		_J1574 = True
		_J1568 = False
		_J1561 = True
		sm16_state = True
		_J1555 = True
		_J1548 = True
		_J1542 = False
		_J1535 = True
		_J1529 = True
		_J1522 = True
		_J1516 = True
		_J1509 = True
		_J1503 = False
		_J1496 = True
		_J1490 = False
		_J1484 = True
		_J1478 = True
		_J1472 = True
		_J1466 = True
		_EL_U_1230 = True
		_EL_U_1232 = False
		_EL_U_1234 = True
		sm5_state = True
		_EL_U_1236 = False
		_EL_U_1238 = True
		_EL_U_1240 = False
		_EL_U_1242 = True
		sm15_state = True
		_EL_U_1244 = False
		_EL_U_1246 = True
		_EL_U_1248 = False
		_EL_U_1250 = True
		_EL_U_1252 = False
		_EL_U_1254 = True
		_EL_U_1256 = False
		_EL_U_1258 = True
		_EL_U_1260 = False
		_EL_U_1262 = True
		_EL_U_1264 = False
		_EL_U_1266 = True
		_EL_U_1268 = False
		sm4_state = True
		_EL_U_1270 = True
		_EL_U_1272 = False
		_EL_U_1274 = True
		sm14_state = True
		_EL_U_1276 = False
		_EL_U_1278 = True
		_EL_U_1280 = False
		_EL_U_1282 = True
		_EL_U_1284 = False
		_EL_U_1286 = True
		_EL_U_1288 = False
		_EL_U_1290 = True
		_EL_U_1292 = False
		_EL_U_1294 = True
		_EL_U_1296 = False
		_EL_U_1298 = True
		_EL_U_1300 = False
		sm3_state = True
		_EL_U_1302 = True
		_EL_U_1304 = False
		_EL_U_1306 = True
		_EL_U_1308 = False
		sm13_state = True
		_EL_U_1330 = True
		_EL_U_1332 = False
		sm2_state = True
		sm12_state = True
		sm1_state = True
		sm11_state = True
		sm0_state = True
		sm10_state = True
	Trans 27 -- 28
		_x_sm15_l = (sm15_l + -1)
		_x_sm5_l = (sm5_l + -1)
		_x_sm11_l = (sm11_l + -1)
		_x_sm3_l = (sm3_l + -1)
		_x_sm12_l = (sm12_l + -1)
		_x_sm18_l = (sm18_l + -1)
		_x_sm16_l = (sm16_l + -1)
		_x_sm14_l = (sm14_l + -1)
		_x_sm0_l = (sm0_l + -1)
		_x_sm6_l = (sm6_l + -1)
		_x_sm13_l = (sm13_l + -1)
		_x_sm19_l = (sm19_l + -1)
		_x_sm4_l = (sm4_l + -1)
		_x_sm7_l = (sm7_l + -1)
		_x_sm17_l = (sm17_l + -1)
		_x_sm10_l = (sm10_l + -1)
		_x_sm8_l = (sm8_l + -1)
		_x_sm1_l = (sm1_l + -1)
		_x_sm9_l = (sm9_l + -1)
		_x_sm2_l = (sm2_l + -1)
	State 28
		run = 5
		sm12_loop_len = 1
		sm3_loop_len = 1
		sm17_loop_len = 1
		sm8_loop_len = 1
		semaphore = 0
		sm13_loop_len = 1
		sm4_loop_len = 1
		sm18_loop_len = 1
		sm9_loop_len = 1
		sm0_loop_len = 1
		sm14_loop_len = 1
		sm5_loop_len = 1
		sm19_loop_len = 1
		sm10_loop_len = 1
		sm1_loop_len = 1
		sm15_loop_len = 1
		sm6_loop_len = 1
		sm11_loop_len = 1
		sm2_loop_len = 1
		sm16_loop_len = 1
		sm7_loop_len = 1
		sm19_state = True
		sm9_state = True
		sm8_state = True
		sm18_state = True
		sm7_state = True
		_J1730 = True
		_J1724 = False
		sm17_state = True
		_J1717 = True
		_J1711 = True
		_J1704 = True
		_J1698 = False
		_J1691 = True
		_J1685 = False
		_J1678 = True
		_J1672 = False
		_J1665 = True
		_J1659 = False
		_J1652 = True
		_J1646 = True
		_J1639 = True
		_J1633 = True
		_J1626 = True
		_J1620 = False
		_J1613 = True
		_J1607 = False
		_J1600 = True
		sm6_state = True
		_J1594 = False
		_J1587 = True
		_J1581 = False
		_J1574 = True
		_J1568 = False
		_J1561 = True
		sm16_state = True
		_J1555 = True
		_J1548 = True
		_J1542 = False
		_J1535 = True
		_J1529 = True
		_J1522 = True
		_J1516 = True
		_J1509 = True
		_J1503 = False
		_J1496 = True
		_J1490 = False
		_J1484 = True
		_J1478 = True
		_J1472 = True
		_J1466 = True
		_EL_U_1230 = True
		_EL_U_1232 = False
		_EL_U_1234 = True
		sm5_state = True
		_EL_U_1236 = False
		_EL_U_1238 = True
		_EL_U_1240 = False
		_EL_U_1242 = True
		sm15_state = True
		_EL_U_1244 = False
		_EL_U_1246 = True
		_EL_U_1248 = False
		_EL_U_1250 = True
		_EL_U_1252 = False
		_EL_U_1254 = True
		_EL_U_1256 = False
		_EL_U_1258 = True
		_EL_U_1260 = False
		_EL_U_1262 = True
		_EL_U_1264 = False
		_EL_U_1266 = True
		_EL_U_1268 = False
		sm4_state = True
		_EL_U_1270 = True
		_EL_U_1272 = False
		_EL_U_1274 = True
		sm14_state = True
		_EL_U_1276 = False
		_EL_U_1278 = True
		_EL_U_1280 = False
		_EL_U_1282 = True
		_EL_U_1284 = False
		_EL_U_1286 = True
		_EL_U_1288 = False
		_EL_U_1290 = True
		_EL_U_1292 = False
		_EL_U_1294 = True
		_EL_U_1296 = False
		_EL_U_1298 = True
		_EL_U_1300 = False
		sm3_state = True
		_EL_U_1302 = True
		_EL_U_1304 = False
		_EL_U_1306 = True
		_EL_U_1308 = False
		sm13_state = True
		_EL_U_1330 = True
		_EL_U_1332 = False
		sm2_state = True
		sm12_state = True
		sm1_state = True
		sm11_state = True
		sm0_state = True
		sm10_state = True
	Trans 28 -- 29
		_x_sm15_l = (sm15_l + -1)
		_x_sm5_l = (sm5_l + -1)
		_x_sm11_l = (sm11_l + -1)
		_x_sm3_l = (sm3_l + -1)
		_x_sm12_l = (sm12_l + -1)
		_x_sm18_l = (sm18_l + -1)
		_x_sm16_l = (sm16_l + -1)
		_x_sm14_l = (sm14_l + -1)
		_x_sm0_l = (sm0_l + -1)
		_x_sm6_l = (sm6_l + -1)
		_x_sm13_l = (sm13_l + -1)
		_x_sm19_l = (sm19_l + -1)
		_x_sm4_l = (sm4_l + -1)
		_x_sm7_l = (sm7_l + -1)
		_x_sm17_l = (sm17_l + -1)
		_x_sm10_l = (sm10_l + -1)
		_x_sm8_l = (sm8_l + -1)
		_x_sm1_l = (sm1_l + -1)
		_x_sm9_l = (sm9_l + -1)
		_x_sm2_l = (sm2_l + -1)
	State 29
		run = 8
		sm12_loop_len = 1
		sm3_loop_len = 1
		sm17_loop_len = 1
		sm8_loop_len = 1
		semaphore = 0
		sm13_loop_len = 1
		sm4_loop_len = 1
		sm18_loop_len = 1
		sm9_loop_len = 1
		sm0_loop_len = 1
		sm14_loop_len = 1
		sm5_loop_len = 1
		sm19_loop_len = 1
		sm10_loop_len = 1
		sm1_loop_len = 1
		sm15_loop_len = 1
		sm6_loop_len = 1
		sm11_loop_len = 1
		sm2_loop_len = 1
		sm16_loop_len = 1
		sm7_loop_len = 1
		sm19_state = True
		sm9_state = True
		sm8_state = True
		sm18_state = True
		sm7_state = True
		_J1730 = True
		_J1724 = False
		sm17_state = True
		_J1717 = True
		_J1711 = True
		_J1704 = True
		_J1698 = False
		_J1691 = True
		_J1685 = False
		_J1678 = True
		_J1672 = False
		_J1665 = True
		_J1659 = False
		_J1652 = True
		_J1646 = True
		_J1639 = True
		_J1633 = True
		_J1626 = True
		_J1620 = False
		_J1613 = True
		_J1607 = False
		_J1600 = True
		sm6_state = True
		_J1594 = False
		_J1587 = True
		_J1581 = False
		_J1574 = True
		_J1568 = False
		_J1561 = True
		sm16_state = True
		_J1555 = True
		_J1548 = True
		_J1542 = True
		_J1535 = True
		_J1529 = True
		_J1522 = True
		_J1516 = True
		_J1509 = True
		_J1503 = False
		_J1496 = True
		_J1490 = False
		_J1484 = True
		_J1478 = True
		_J1472 = True
		_J1466 = True
		_EL_U_1230 = True
		_EL_U_1232 = False
		_EL_U_1234 = True
		sm5_state = True
		_EL_U_1236 = False
		_EL_U_1238 = True
		_EL_U_1240 = False
		_EL_U_1242 = True
		sm15_state = True
		_EL_U_1244 = False
		_EL_U_1246 = True
		_EL_U_1248 = False
		_EL_U_1250 = True
		_EL_U_1252 = False
		_EL_U_1254 = True
		_EL_U_1256 = False
		_EL_U_1258 = True
		_EL_U_1260 = False
		_EL_U_1262 = True
		_EL_U_1264 = False
		_EL_U_1266 = True
		_EL_U_1268 = False
		sm4_state = True
		_EL_U_1270 = True
		_EL_U_1272 = False
		_EL_U_1274 = True
		sm14_state = True
		_EL_U_1276 = False
		_EL_U_1278 = True
		_EL_U_1280 = False
		_EL_U_1282 = True
		_EL_U_1284 = False
		_EL_U_1286 = True
		_EL_U_1288 = False
		_EL_U_1290 = True
		_EL_U_1292 = False
		_EL_U_1294 = True
		_EL_U_1296 = False
		_EL_U_1298 = True
		_EL_U_1300 = False
		sm3_state = True
		_EL_U_1302 = True
		_EL_U_1304 = False
		_EL_U_1306 = True
		_EL_U_1308 = False
		sm13_state = True
		_EL_U_1330 = True
		_EL_U_1332 = False
		sm2_state = True
		sm12_state = True
		sm1_state = True
		sm11_state = True
		sm0_state = True
		sm10_state = True
	Trans 29 -- 30
		_x_sm15_l = (sm15_l + -1)
		_x_sm5_l = (sm5_l + -1)
		_x_sm11_l = (sm11_l + -1)
		_x_sm3_l = (sm3_l + -1)
		_x_sm12_l = (sm12_l + -1)
		_x_sm18_l = (sm18_l + -1)
		_x_sm16_l = (sm16_l + -1)
		_x_sm14_l = (sm14_l + -1)
		_x_sm0_l = (sm0_l + -1)
		_x_sm6_l = (sm6_l + -1)
		_x_sm13_l = (sm13_l + -1)
		_x_sm19_l = (sm19_l + -1)
		_x_sm4_l = (sm4_l + -1)
		_x_sm7_l = (sm7_l + -1)
		_x_sm17_l = (sm17_l + -1)
		_x_sm10_l = (sm10_l + -1)
		_x_sm8_l = (sm8_l + -1)
		_x_sm1_l = (sm1_l + -1)
		_x_sm9_l = (sm9_l + -1)
		_x_sm2_l = (sm2_l + -1)
	State 30
		run = 17
		sm12_loop_len = 1
		sm3_loop_len = 1
		sm17_loop_len = 1
		sm8_loop_len = 1
		semaphore = 0
		sm13_loop_len = 1
		sm4_loop_len = 1
		sm18_loop_len = 1
		sm9_loop_len = 1
		sm0_loop_len = 1
		sm14_loop_len = 1
		sm5_loop_len = 1
		sm19_loop_len = 1
		sm10_loop_len = 1
		sm1_loop_len = 1
		sm15_loop_len = 1
		sm6_loop_len = 1
		sm11_loop_len = 1
		sm2_loop_len = 1
		sm16_loop_len = 1
		sm7_loop_len = 1
		sm19_state = True
		sm9_state = True
		sm8_state = True
		sm18_state = True
		sm7_state = True
		_J1730 = True
		_J1724 = False
		sm17_state = True
		_J1717 = True
		_J1711 = True
		_J1704 = True
		_J1698 = False
		_J1691 = True
		_J1685 = False
		_J1678 = True
		_J1672 = False
		_J1665 = True
		_J1659 = False
		_J1652 = True
		_J1646 = True
		_J1639 = True
		_J1633 = True
		_J1626 = True
		_J1620 = False
		_J1613 = True
		_J1607 = False
		_J1600 = True
		sm6_state = True
		_J1594 = False
		_J1587 = True
		_J1581 = True
		_J1574 = True
		_J1568 = False
		_J1561 = True
		sm16_state = True
		_J1555 = True
		_J1548 = True
		_J1542 = True
		_J1535 = True
		_J1529 = True
		_J1522 = True
		_J1516 = True
		_J1509 = True
		_J1503 = False
		_J1496 = True
		_J1490 = False
		_J1484 = True
		_J1478 = True
		_J1472 = True
		_J1466 = True
		_EL_U_1230 = True
		_EL_U_1232 = False
		_EL_U_1234 = True
		sm5_state = True
		_EL_U_1236 = False
		_EL_U_1238 = True
		_EL_U_1240 = False
		_EL_U_1242 = True
		sm15_state = True
		_EL_U_1244 = False
		_EL_U_1246 = True
		_EL_U_1248 = False
		_EL_U_1250 = True
		_EL_U_1252 = False
		_EL_U_1254 = True
		_EL_U_1256 = False
		_EL_U_1258 = True
		_EL_U_1260 = False
		_EL_U_1262 = True
		_EL_U_1264 = False
		_EL_U_1266 = True
		_EL_U_1268 = False
		sm4_state = True
		_EL_U_1270 = True
		_EL_U_1272 = False
		_EL_U_1274 = True
		sm14_state = True
		_EL_U_1276 = False
		_EL_U_1278 = True
		_EL_U_1280 = False
		_EL_U_1282 = True
		_EL_U_1284 = False
		_EL_U_1286 = True
		_EL_U_1288 = False
		_EL_U_1290 = True
		_EL_U_1292 = False
		_EL_U_1294 = True
		_EL_U_1296 = False
		_EL_U_1298 = True
		_EL_U_1300 = False
		sm3_state = True
		_EL_U_1302 = True
		_EL_U_1304 = False
		_EL_U_1306 = True
		_EL_U_1308 = False
		sm13_state = True
		_EL_U_1330 = True
		_EL_U_1332 = False
		sm2_state = True
		sm12_state = True
		sm1_state = True
		sm11_state = True
		sm0_state = True
		sm10_state = True
	Trans 30 -- 31
		_x_sm15_l = (sm15_l + -1)
		_x_sm5_l = (sm5_l + -1)
		_x_sm11_l = (sm11_l + -1)
		_x_sm3_l = (sm3_l + -1)
		_x_sm12_l = (sm12_l + -1)
		_x_sm18_l = (sm18_l + -1)
		_x_sm16_l = (sm16_l + -1)
		_x_sm14_l = (sm14_l + -1)
		_x_sm0_l = (sm0_l + -1)
		_x_sm6_l = (sm6_l + -1)
		_x_sm13_l = (sm13_l + -1)
		_x_sm19_l = (sm19_l + -1)
		_x_sm4_l = (sm4_l + -1)
		_x_sm7_l = (sm7_l + -1)
		_x_sm17_l = (sm17_l + -1)
		_x_sm10_l = (sm10_l + -1)
		_x_sm8_l = (sm8_l + -1)
		_x_sm1_l = (sm1_l + -1)
		_x_sm9_l = (sm9_l + -1)
		_x_sm2_l = (sm2_l + -1)
	State 31
		run = 9
		sm12_loop_len = 1
		sm3_loop_len = 1
		sm17_loop_len = 1
		sm8_loop_len = 1
		semaphore = 0
		sm13_loop_len = 1
		sm4_loop_len = 1
		sm18_loop_len = 1
		sm9_loop_len = 1
		sm0_loop_len = 1
		sm14_loop_len = 1
		sm5_loop_len = 1
		sm19_loop_len = 1
		sm10_loop_len = 1
		sm1_loop_len = 1
		sm15_loop_len = 1
		sm6_loop_len = 1
		sm11_loop_len = 1
		sm2_loop_len = 1
		sm16_loop_len = 1
		sm7_loop_len = 1
		sm19_state = True
		sm9_state = True
		sm8_state = True
		sm18_state = True
		sm7_state = True
		_J1730 = True
		_J1724 = False
		sm17_state = True
		_J1717 = True
		_J1711 = True
		_J1704 = True
		_J1698 = True
		_J1691 = True
		_J1685 = False
		_J1678 = True
		_J1672 = False
		_J1665 = True
		_J1659 = False
		_J1652 = True
		_J1646 = True
		_J1639 = True
		_J1633 = True
		_J1626 = True
		_J1620 = False
		_J1613 = True
		_J1607 = False
		_J1600 = True
		sm6_state = True
		_J1594 = False
		_J1587 = True
		_J1581 = True
		_J1574 = True
		_J1568 = False
		_J1561 = True
		sm16_state = True
		_J1555 = True
		_J1548 = True
		_J1542 = True
		_J1535 = True
		_J1529 = True
		_J1522 = True
		_J1516 = True
		_J1509 = True
		_J1503 = False
		_J1496 = True
		_J1490 = False
		_J1484 = True
		_J1478 = True
		_J1472 = True
		_J1466 = True
		_EL_U_1230 = True
		_EL_U_1232 = False
		_EL_U_1234 = True
		sm5_state = True
		_EL_U_1236 = False
		_EL_U_1238 = True
		_EL_U_1240 = False
		_EL_U_1242 = True
		sm15_state = True
		_EL_U_1244 = False
		_EL_U_1246 = True
		_EL_U_1248 = False
		_EL_U_1250 = True
		_EL_U_1252 = False
		_EL_U_1254 = True
		_EL_U_1256 = False
		_EL_U_1258 = True
		_EL_U_1260 = False
		_EL_U_1262 = True
		_EL_U_1264 = False
		_EL_U_1266 = True
		_EL_U_1268 = False
		sm4_state = True
		_EL_U_1270 = True
		_EL_U_1272 = False
		_EL_U_1274 = True
		sm14_state = True
		_EL_U_1276 = False
		_EL_U_1278 = True
		_EL_U_1280 = False
		_EL_U_1282 = True
		_EL_U_1284 = False
		_EL_U_1286 = True
		_EL_U_1288 = False
		_EL_U_1290 = True
		_EL_U_1292 = False
		_EL_U_1294 = True
		_EL_U_1296 = False
		_EL_U_1298 = True
		_EL_U_1300 = False
		sm3_state = True
		_EL_U_1302 = True
		_EL_U_1304 = False
		_EL_U_1306 = True
		_EL_U_1308 = False
		sm13_state = True
		_EL_U_1330 = True
		_EL_U_1332 = False
		sm2_state = True
		sm12_state = True
		sm1_state = True
		sm11_state = True
		sm0_state = True
		sm10_state = True
	Trans 31 -- 32
		_x_sm15_l = (sm15_l + -1)
		_x_sm5_l = (sm5_l + -1)
		_x_sm11_l = (sm11_l + -1)
		_x_sm3_l = (sm3_l + -1)
		_x_sm12_l = (sm12_l + -1)
		_x_sm18_l = (sm18_l + -1)
		_x_sm16_l = (sm16_l + -1)
		_x_sm14_l = (sm14_l + -1)
		_x_sm0_l = (sm0_l + -1)
		_x_sm6_l = (sm6_l + -1)
		_x_sm13_l = (sm13_l + -1)
		_x_sm19_l = (sm19_l + -1)
		_x_sm4_l = (sm4_l + -1)
		_x_sm7_l = (sm7_l + -1)
		_x_sm17_l = (sm17_l + -1)
		_x_sm10_l = (sm10_l + -1)
		_x_sm8_l = (sm8_l + -1)
		_x_sm1_l = (sm1_l + -1)
		_x_sm9_l = (sm9_l + -1)
		_x_sm2_l = (sm2_l + -1)
	State 32
		run = 10
		sm12_loop_len = 1
		sm3_loop_len = 1
		sm17_loop_len = 1
		sm8_loop_len = 1
		semaphore = 0
		sm13_loop_len = 1
		sm4_loop_len = 1
		sm18_loop_len = 1
		sm9_loop_len = 1
		sm0_loop_len = 1
		sm14_loop_len = 1
		sm5_loop_len = 1
		sm19_loop_len = 1
		sm10_loop_len = 1
		sm1_loop_len = 1
		sm15_loop_len = 1
		sm6_loop_len = 1
		sm11_loop_len = 1
		sm2_loop_len = 1
		sm16_loop_len = 1
		sm7_loop_len = 1
		sm19_state = True
		sm9_state = True
		sm8_state = True
		sm18_state = True
		sm7_state = True
		_J1730 = True
		_J1724 = False
		sm17_state = True
		_J1717 = True
		_J1711 = True
		_J1704 = True
		_J1698 = True
		_J1691 = True
		_J1685 = False
		_J1678 = True
		_J1672 = False
		_J1665 = True
		_J1659 = False
		_J1652 = True
		_J1646 = True
		_J1639 = True
		_J1633 = True
		_J1626 = True
		_J1620 = False
		_J1613 = True
		_J1607 = False
		_J1600 = True
		sm6_state = True
		_J1594 = True
		_J1587 = True
		_J1581 = True
		_J1574 = True
		_J1568 = False
		_J1561 = True
		sm16_state = True
		_J1555 = True
		_J1548 = True
		_J1542 = True
		_J1535 = True
		_J1529 = True
		_J1522 = True
		_J1516 = True
		_J1509 = True
		_J1503 = False
		_J1496 = True
		_J1490 = False
		_J1484 = True
		_J1478 = True
		_J1472 = True
		_J1466 = True
		_EL_U_1230 = True
		_EL_U_1232 = False
		_EL_U_1234 = True
		sm5_state = True
		_EL_U_1236 = False
		_EL_U_1238 = True
		_EL_U_1240 = False
		_EL_U_1242 = True
		sm15_state = True
		_EL_U_1244 = False
		_EL_U_1246 = True
		_EL_U_1248 = False
		_EL_U_1250 = True
		_EL_U_1252 = False
		_EL_U_1254 = True
		_EL_U_1256 = False
		_EL_U_1258 = True
		_EL_U_1260 = False
		_EL_U_1262 = True
		_EL_U_1264 = False
		_EL_U_1266 = True
		_EL_U_1268 = False
		sm4_state = True
		_EL_U_1270 = True
		_EL_U_1272 = False
		_EL_U_1274 = True
		sm14_state = True
		_EL_U_1276 = False
		_EL_U_1278 = True
		_EL_U_1280 = False
		_EL_U_1282 = True
		_EL_U_1284 = False
		_EL_U_1286 = True
		_EL_U_1288 = False
		_EL_U_1290 = True
		_EL_U_1292 = False
		_EL_U_1294 = True
		_EL_U_1296 = False
		_EL_U_1298 = True
		_EL_U_1300 = False
		sm3_state = True
		_EL_U_1302 = True
		_EL_U_1304 = False
		_EL_U_1306 = True
		_EL_U_1308 = False
		sm13_state = True
		_EL_U_1330 = True
		_EL_U_1332 = False
		sm2_state = True
		sm12_state = True
		sm1_state = True
		sm11_state = True
		sm0_state = True
		sm10_state = True
	Trans 32 -- 33
		_x_sm15_l = (sm15_l + -1)
		_x_sm5_l = (sm5_l + -1)
		_x_sm11_l = (sm11_l + -1)
		_x_sm3_l = (sm3_l + -1)
		_x_sm12_l = (sm12_l + -1)
		_x_sm18_l = (sm18_l + -1)
		_x_sm16_l = (sm16_l + -1)
		_x_sm14_l = (sm14_l + -1)
		_x_sm0_l = (sm0_l + -1)
		_x_sm6_l = (sm6_l + -1)
		_x_sm13_l = (sm13_l + -1)
		_x_sm19_l = (sm19_l + -1)
		_x_sm4_l = (sm4_l + -1)
		_x_sm7_l = (sm7_l + -1)
		_x_sm17_l = (sm17_l + -1)
		_x_sm10_l = (sm10_l + -1)
		_x_sm8_l = (sm8_l + -1)
		_x_sm1_l = (sm1_l + -1)
		_x_sm9_l = (sm9_l + -1)
		_x_sm2_l = (sm2_l + -1)
	State 33
		run = 14
		sm12_loop_len = 1
		sm3_loop_len = 1
		sm17_loop_len = 1
		sm8_loop_len = 1
		semaphore = 0
		sm13_loop_len = 1
		sm4_loop_len = 1
		sm18_loop_len = 1
		sm9_loop_len = 1
		sm0_loop_len = 1
		sm14_loop_len = 1
		sm5_loop_len = 1
		sm19_loop_len = 1
		sm10_loop_len = 1
		sm1_loop_len = 1
		sm15_loop_len = 1
		sm6_loop_len = 1
		sm11_loop_len = 1
		sm2_loop_len = 1
		sm16_loop_len = 1
		sm7_loop_len = 1
		sm19_state = True
		sm9_state = True
		sm8_state = True
		sm18_state = True
		sm7_state = True
		_J1730 = True
		_J1724 = False
		sm17_state = True
		_J1717 = True
		_J1711 = True
		_J1704 = True
		_J1698 = True
		_J1691 = True
		_J1685 = False
		_J1678 = True
		_J1672 = False
		_J1665 = True
		_J1659 = False
		_J1652 = True
		_J1646 = True
		_J1639 = True
		_J1633 = True
		_J1626 = True
		_J1620 = False
		_J1613 = True
		_J1607 = True
		_J1600 = True
		sm6_state = True
		_J1594 = True
		_J1587 = True
		_J1581 = True
		_J1574 = True
		_J1568 = False
		_J1561 = True
		sm16_state = True
		_J1555 = True
		_J1548 = True
		_J1542 = True
		_J1535 = True
		_J1529 = True
		_J1522 = True
		_J1516 = True
		_J1509 = True
		_J1503 = False
		_J1496 = True
		_J1490 = False
		_J1484 = True
		_J1478 = True
		_J1472 = True
		_J1466 = True
		_EL_U_1230 = True
		_EL_U_1232 = False
		_EL_U_1234 = True
		sm5_state = True
		_EL_U_1236 = False
		_EL_U_1238 = True
		_EL_U_1240 = False
		_EL_U_1242 = True
		sm15_state = True
		_EL_U_1244 = False
		_EL_U_1246 = True
		_EL_U_1248 = False
		_EL_U_1250 = True
		_EL_U_1252 = False
		_EL_U_1254 = True
		_EL_U_1256 = False
		_EL_U_1258 = True
		_EL_U_1260 = False
		_EL_U_1262 = True
		_EL_U_1264 = False
		_EL_U_1266 = True
		_EL_U_1268 = False
		sm4_state = True
		_EL_U_1270 = True
		_EL_U_1272 = False
		_EL_U_1274 = True
		sm14_state = True
		_EL_U_1276 = False
		_EL_U_1278 = True
		_EL_U_1280 = False
		_EL_U_1282 = True
		_EL_U_1284 = False
		_EL_U_1286 = True
		_EL_U_1288 = False
		_EL_U_1290 = True
		_EL_U_1292 = False
		_EL_U_1294 = True
		_EL_U_1296 = False
		_EL_U_1298 = True
		_EL_U_1300 = False
		sm3_state = True
		_EL_U_1302 = True
		_EL_U_1304 = False
		_EL_U_1306 = True
		_EL_U_1308 = False
		sm13_state = True
		_EL_U_1330 = True
		_EL_U_1332 = False
		sm2_state = True
		sm12_state = True
		sm1_state = True
		sm11_state = True
		sm0_state = True
		sm10_state = True
	Trans 33 -- 34
		_x_sm15_l = (sm15_l + -1)
		_x_sm5_l = (sm5_l + -1)
		_x_sm11_l = (sm11_l + -1)
		_x_sm3_l = (sm3_l + -1)
		_x_sm12_l = (sm12_l + -1)
		_x_sm18_l = (sm18_l + -1)
		_x_sm16_l = (sm16_l + -1)
		_x_sm14_l = (sm14_l + -1)
		_x_sm0_l = (sm0_l + -1)
		_x_sm6_l = (sm6_l + -1)
		_x_sm13_l = (sm13_l + -1)
		_x_sm19_l = (sm19_l + -1)
		_x_sm4_l = (sm4_l + -1)
		_x_sm7_l = (sm7_l + -1)
		_x_sm17_l = (sm17_l + -1)
		_x_sm10_l = (sm10_l + -1)
		_x_sm8_l = (sm8_l + -1)
		_x_sm1_l = (sm1_l + -1)
		_x_sm9_l = (sm9_l + -1)
		_x_sm2_l = (sm2_l + -1)
	State 34
		run = 7
		sm12_loop_len = 1
		sm3_loop_len = 1
		sm17_loop_len = 1
		sm8_loop_len = 1
		semaphore = 0
		sm13_loop_len = 1
		sm4_loop_len = 1
		sm18_loop_len = 1
		sm9_loop_len = 1
		sm0_loop_len = 1
		sm14_loop_len = 1
		sm5_loop_len = 1
		sm19_loop_len = 1
		sm10_loop_len = 1
		sm1_loop_len = 1
		sm15_loop_len = 1
		sm6_loop_len = 1
		sm11_loop_len = 1
		sm2_loop_len = 1
		sm16_loop_len = 1
		sm7_loop_len = 1
		sm19_state = True
		sm9_state = True
		sm8_state = True
		sm18_state = True
		sm7_state = True
		_J1730 = True
		_J1724 = False
		sm17_state = True
		_J1717 = True
		_J1711 = True
		_J1704 = True
		_J1698 = True
		_J1691 = True
		_J1685 = False
		_J1678 = True
		_J1672 = False
		_J1665 = True
		_J1659 = True
		_J1652 = True
		_J1646 = True
		_J1639 = True
		_J1633 = True
		_J1626 = True
		_J1620 = False
		_J1613 = True
		_J1607 = True
		_J1600 = True
		sm6_state = True
		_J1594 = True
		_J1587 = True
		_J1581 = True
		_J1574 = True
		_J1568 = False
		_J1561 = True
		sm16_state = True
		_J1555 = True
		_J1548 = True
		_J1542 = True
		_J1535 = True
		_J1529 = True
		_J1522 = True
		_J1516 = True
		_J1509 = True
		_J1503 = False
		_J1496 = True
		_J1490 = False
		_J1484 = True
		_J1478 = True
		_J1472 = True
		_J1466 = True
		_EL_U_1230 = True
		_EL_U_1232 = False
		_EL_U_1234 = True
		sm5_state = True
		_EL_U_1236 = False
		_EL_U_1238 = True
		_EL_U_1240 = False
		_EL_U_1242 = True
		sm15_state = True
		_EL_U_1244 = False
		_EL_U_1246 = True
		_EL_U_1248 = False
		_EL_U_1250 = True
		_EL_U_1252 = False
		_EL_U_1254 = True
		_EL_U_1256 = False
		_EL_U_1258 = True
		_EL_U_1260 = False
		_EL_U_1262 = True
		_EL_U_1264 = False
		_EL_U_1266 = True
		_EL_U_1268 = False
		sm4_state = True
		_EL_U_1270 = True
		_EL_U_1272 = False
		_EL_U_1274 = True
		sm14_state = True
		_EL_U_1276 = False
		_EL_U_1278 = True
		_EL_U_1280 = False
		_EL_U_1282 = True
		_EL_U_1284 = False
		_EL_U_1286 = True
		_EL_U_1288 = False
		_EL_U_1290 = True
		_EL_U_1292 = False
		_EL_U_1294 = True
		_EL_U_1296 = False
		_EL_U_1298 = True
		_EL_U_1300 = False
		sm3_state = True
		_EL_U_1302 = True
		_EL_U_1304 = False
		_EL_U_1306 = True
		_EL_U_1308 = False
		sm13_state = True
		_EL_U_1330 = True
		_EL_U_1332 = False
		sm2_state = True
		sm12_state = True
		sm1_state = True
		sm11_state = True
		sm0_state = True
		sm10_state = True
	Trans 34 -- 35
		_x_sm15_l = (sm15_l + -1)
		_x_sm5_l = (sm5_l + -1)
		_x_sm11_l = (sm11_l + -1)
		_x_sm3_l = (sm3_l + -1)
		_x_sm12_l = (sm12_l + -1)
		_x_sm18_l = (sm18_l + -1)
		_x_sm16_l = (sm16_l + -1)
		_x_sm14_l = (sm14_l + -1)
		_x_sm0_l = (sm0_l + -1)
		_x_sm6_l = (sm6_l + -1)
		_x_sm13_l = (sm13_l + -1)
		_x_sm19_l = (sm19_l + -1)
		_x_sm4_l = (sm4_l + -1)
		_x_sm7_l = (sm7_l + -1)
		_x_sm17_l = (sm17_l + -1)
		_x_sm10_l = (sm10_l + -1)
		_x_sm8_l = (sm8_l + -1)
		_x_sm1_l = (sm1_l + -1)
		_x_sm9_l = (sm9_l + -1)
		_x_sm2_l = (sm2_l + -1)
	State 35
		run = 2
		sm12_loop_len = 1
		sm3_loop_len = 1
		sm17_loop_len = 1
		sm8_loop_len = 1
		semaphore = 0
		sm13_loop_len = 1
		sm4_loop_len = 1
		sm18_loop_len = 1
		sm9_loop_len = 1
		sm0_loop_len = 1
		sm14_loop_len = 1
		sm5_loop_len = 1
		sm19_loop_len = 1
		sm10_loop_len = 1
		sm1_loop_len = 1
		sm15_loop_len = 1
		sm6_loop_len = 1
		sm11_loop_len = 1
		sm2_loop_len = 1
		sm16_loop_len = 1
		sm7_loop_len = 1
		sm19_state = True
		sm9_state = True
		sm8_state = True
		sm18_state = True
		sm7_state = True
		_J1730 = True
		_J1724 = False
		sm17_state = True
		_J1717 = True
		_J1711 = True
		_J1704 = True
		_J1698 = True
		_J1691 = True
		_J1685 = False
		_J1678 = True
		_J1672 = False
		_J1665 = True
		_J1659 = True
		_J1652 = True
		_J1646 = True
		_J1639 = True
		_J1633 = True
		_J1626 = True
		_J1620 = False
		_J1613 = True
		_J1607 = True
		_J1600 = True
		sm6_state = True
		_J1594 = True
		_J1587 = True
		_J1581 = True
		_J1574 = True
		_J1568 = True
		_J1561 = True
		sm16_state = True
		_J1555 = True
		_J1548 = True
		_J1542 = True
		_J1535 = True
		_J1529 = True
		_J1522 = True
		_J1516 = True
		_J1509 = True
		_J1503 = False
		_J1496 = True
		_J1490 = False
		_J1484 = True
		_J1478 = True
		_J1472 = True
		_J1466 = True
		_EL_U_1230 = True
		_EL_U_1232 = False
		_EL_U_1234 = True
		sm5_state = True
		_EL_U_1236 = False
		_EL_U_1238 = True
		_EL_U_1240 = False
		_EL_U_1242 = True
		sm15_state = True
		_EL_U_1244 = False
		_EL_U_1246 = True
		_EL_U_1248 = False
		_EL_U_1250 = True
		_EL_U_1252 = False
		_EL_U_1254 = True
		_EL_U_1256 = False
		_EL_U_1258 = True
		_EL_U_1260 = False
		_EL_U_1262 = True
		_EL_U_1264 = False
		_EL_U_1266 = True
		_EL_U_1268 = False
		sm4_state = True
		_EL_U_1270 = True
		_EL_U_1272 = False
		_EL_U_1274 = True
		sm14_state = True
		_EL_U_1276 = False
		_EL_U_1278 = True
		_EL_U_1280 = False
		_EL_U_1282 = True
		_EL_U_1284 = False
		_EL_U_1286 = True
		_EL_U_1288 = False
		_EL_U_1290 = True
		_EL_U_1292 = False
		_EL_U_1294 = True
		_EL_U_1296 = False
		_EL_U_1298 = True
		_EL_U_1300 = False
		sm3_state = True
		_EL_U_1302 = True
		_EL_U_1304 = False
		_EL_U_1306 = True
		_EL_U_1308 = False
		sm13_state = True
		_EL_U_1330 = True
		_EL_U_1332 = False
		sm2_state = True
		sm12_state = True
		sm1_state = True
		sm11_state = True
		sm0_state = True
		sm10_state = True
	Trans 35 -- 36
		_x_sm15_l = (sm15_l + -1)
		_x_sm5_l = (sm5_l + -1)
		_x_sm11_l = (sm11_l + -1)
		_x_sm3_l = (sm3_l + -1)
		_x_sm12_l = (sm12_l + -1)
		_x_sm18_l = (sm18_l + -1)
		_x_sm16_l = (sm16_l + -1)
		_x_sm14_l = (sm14_l + -1)
		_x_sm0_l = (sm0_l + -1)
		_x_sm6_l = (sm6_l + -1)
		_x_sm13_l = (sm13_l + -1)
		_x_sm19_l = (sm19_l + -1)
		_x_sm4_l = (sm4_l + -1)
		_x_sm7_l = (sm7_l + -1)
		_x_sm17_l = (sm17_l + -1)
		_x_sm10_l = (sm10_l + -1)
		_x_sm8_l = (sm8_l + -1)
		_x_sm1_l = (sm1_l + -1)
		_x_sm9_l = (sm9_l + -1)
		_x_sm2_l = (sm2_l + -1)
	State 36
		run = 15
		sm12_loop_len = 1
		sm3_loop_len = 1
		sm17_loop_len = 1
		sm8_loop_len = 1
		semaphore = 0
		sm13_loop_len = 1
		sm4_loop_len = 1
		sm18_loop_len = 1
		sm9_loop_len = 1
		sm0_loop_len = 1
		sm14_loop_len = 1
		sm5_loop_len = 1
		sm19_loop_len = 1
		sm10_loop_len = 1
		sm1_loop_len = 1
		sm15_loop_len = 1
		sm6_loop_len = 1
		sm11_loop_len = 1
		sm2_loop_len = 1
		sm16_loop_len = 1
		sm7_loop_len = 1
		sm19_state = True
		sm9_state = True
		sm8_state = True
		sm18_state = True
		sm7_state = True
		_J1730 = True
		_J1724 = False
		sm17_state = True
		_J1717 = True
		_J1711 = True
		_J1704 = True
		_J1698 = True
		_J1691 = True
		_J1685 = False
		_J1678 = True
		_J1672 = False
		_J1665 = True
		_J1659 = True
		_J1652 = True
		_J1646 = True
		_J1639 = True
		_J1633 = True
		_J1626 = True
		_J1620 = False
		_J1613 = True
		_J1607 = True
		_J1600 = True
		sm6_state = True
		_J1594 = True
		_J1587 = True
		_J1581 = True
		_J1574 = True
		_J1568 = True
		_J1561 = True
		sm16_state = True
		_J1555 = True
		_J1548 = True
		_J1542 = True
		_J1535 = True
		_J1529 = True
		_J1522 = True
		_J1516 = True
		_J1509 = True
		_J1503 = True
		_J1496 = True
		_J1490 = False
		_J1484 = True
		_J1478 = True
		_J1472 = True
		_J1466 = True
		_EL_U_1230 = True
		_EL_U_1232 = False
		_EL_U_1234 = True
		sm5_state = True
		_EL_U_1236 = False
		_EL_U_1238 = True
		_EL_U_1240 = False
		_EL_U_1242 = True
		sm15_state = True
		_EL_U_1244 = False
		_EL_U_1246 = True
		_EL_U_1248 = False
		_EL_U_1250 = True
		_EL_U_1252 = False
		_EL_U_1254 = True
		_EL_U_1256 = False
		_EL_U_1258 = True
		_EL_U_1260 = False
		_EL_U_1262 = True
		_EL_U_1264 = False
		_EL_U_1266 = True
		_EL_U_1268 = False
		sm4_state = True
		_EL_U_1270 = True
		_EL_U_1272 = False
		_EL_U_1274 = True
		sm14_state = True
		_EL_U_1276 = False
		_EL_U_1278 = True
		_EL_U_1280 = False
		_EL_U_1282 = True
		_EL_U_1284 = False
		_EL_U_1286 = True
		_EL_U_1288 = False
		_EL_U_1290 = True
		_EL_U_1292 = False
		_EL_U_1294 = True
		_EL_U_1296 = False
		_EL_U_1298 = True
		_EL_U_1300 = False
		sm3_state = True
		_EL_U_1302 = True
		_EL_U_1304 = False
		_EL_U_1306 = True
		_EL_U_1308 = False
		sm13_state = True
		_EL_U_1330 = True
		_EL_U_1332 = False
		sm2_state = True
		sm12_state = True
		sm1_state = True
		sm11_state = True
		sm0_state = True
		sm10_state = True
	Trans 36 -- 37
		_x_sm15_l = (sm15_l + -1)
		_x_sm5_l = (sm5_l + -1)
		_x_sm11_l = (sm11_l + -1)
		_x_sm3_l = (sm3_l + -1)
		_x_sm12_l = (sm12_l + -1)
		_x_sm18_l = (sm18_l + -1)
		_x_sm16_l = (sm16_l + -1)
		_x_sm14_l = (sm14_l + -1)
		_x_sm0_l = (sm0_l + -1)
		_x_sm6_l = (sm6_l + -1)
		_x_sm13_l = (sm13_l + -1)
		_x_sm19_l = (sm19_l + -1)
		_x_sm4_l = (sm4_l + -1)
		_x_sm7_l = (sm7_l + -1)
		_x_sm17_l = (sm17_l + -1)
		_x_sm10_l = (sm10_l + -1)
		_x_sm8_l = (sm8_l + -1)
		_x_sm1_l = (sm1_l + -1)
		_x_sm9_l = (sm9_l + -1)
		_x_sm2_l = (sm2_l + -1)
	State 37
		run = 11
		sm12_loop_len = 1
		sm3_loop_len = 1
		sm17_loop_len = 1
		sm8_loop_len = 1
		semaphore = 0
		sm13_loop_len = 1
		sm4_loop_len = 1
		sm18_loop_len = 1
		sm9_loop_len = 1
		sm0_loop_len = 1
		sm14_loop_len = 1
		sm5_loop_len = 1
		sm19_loop_len = 1
		sm10_loop_len = 1
		sm1_loop_len = 1
		sm15_loop_len = 1
		sm6_loop_len = 1
		sm11_loop_len = 1
		sm2_loop_len = 1
		sm16_loop_len = 1
		sm7_loop_len = 1
		sm19_state = True
		sm9_state = True
		sm8_state = True
		sm18_state = True
		sm7_state = True
		_J1730 = True
		_J1724 = False
		sm17_state = True
		_J1717 = True
		_J1711 = True
		_J1704 = True
		_J1698 = True
		_J1691 = True
		_J1685 = False
		_J1678 = True
		_J1672 = True
		_J1665 = True
		_J1659 = True
		_J1652 = True
		_J1646 = True
		_J1639 = True
		_J1633 = True
		_J1626 = True
		_J1620 = False
		_J1613 = True
		_J1607 = True
		_J1600 = True
		sm6_state = True
		_J1594 = True
		_J1587 = True
		_J1581 = True
		_J1574 = True
		_J1568 = True
		_J1561 = True
		sm16_state = True
		_J1555 = True
		_J1548 = True
		_J1542 = True
		_J1535 = True
		_J1529 = True
		_J1522 = True
		_J1516 = True
		_J1509 = True
		_J1503 = True
		_J1496 = True
		_J1490 = False
		_J1484 = True
		_J1478 = True
		_J1472 = True
		_J1466 = True
		_EL_U_1230 = True
		_EL_U_1232 = False
		_EL_U_1234 = True
		sm5_state = True
		_EL_U_1236 = False
		_EL_U_1238 = True
		_EL_U_1240 = False
		_EL_U_1242 = True
		sm15_state = True
		_EL_U_1244 = False
		_EL_U_1246 = True
		_EL_U_1248 = False
		_EL_U_1250 = True
		_EL_U_1252 = False
		_EL_U_1254 = True
		_EL_U_1256 = False
		_EL_U_1258 = True
		_EL_U_1260 = False
		_EL_U_1262 = True
		_EL_U_1264 = False
		_EL_U_1266 = True
		_EL_U_1268 = False
		sm4_state = True
		_EL_U_1270 = True
		_EL_U_1272 = False
		_EL_U_1274 = True
		sm14_state = True
		_EL_U_1276 = False
		_EL_U_1278 = True
		_EL_U_1280 = False
		_EL_U_1282 = True
		_EL_U_1284 = False
		_EL_U_1286 = True
		_EL_U_1288 = False
		_EL_U_1290 = True
		_EL_U_1292 = False
		_EL_U_1294 = True
		_EL_U_1296 = False
		_EL_U_1298 = True
		_EL_U_1300 = False
		sm3_state = True
		_EL_U_1302 = True
		_EL_U_1304 = False
		_EL_U_1306 = True
		_EL_U_1308 = False
		sm13_state = True
		_EL_U_1330 = True
		_EL_U_1332 = False
		sm2_state = True
		sm12_state = True
		sm1_state = True
		sm11_state = True
		sm0_state = True
		sm10_state = True
	Trans 37 -- 38
		_x_sm15_l = (sm15_l + -1)
		_x_sm5_l = (sm5_l + -1)
		_x_sm11_l = (sm11_l + -1)
		_x_sm3_l = (sm3_l + -1)
		_x_sm12_l = (sm12_l + -1)
		_x_sm18_l = (sm18_l + -1)
		_x_sm16_l = (sm16_l + -1)
		_x_sm14_l = (sm14_l + -1)
		_x_sm0_l = (sm0_l + -1)
		_x_sm6_l = (sm6_l + -1)
		_x_sm13_l = (sm13_l + -1)
		_x_sm19_l = (sm19_l + -1)
		_x_sm4_l = (sm4_l + -1)
		_x_sm7_l = (sm7_l + -1)
		_x_sm17_l = (sm17_l + -1)
		_x_sm10_l = (sm10_l + -1)
		_x_sm8_l = (sm8_l + -1)
		_x_sm1_l = (sm1_l + -1)
		_x_sm9_l = (sm9_l + -1)
		_x_sm2_l = (sm2_l + -1)
	State 38
		run = 16
		sm12_loop_len = 1
		sm3_loop_len = 1
		sm17_loop_len = 1
		sm8_loop_len = 1
		semaphore = 0
		sm13_loop_len = 1
		sm4_loop_len = 1
		sm18_loop_len = 1
		sm9_loop_len = 1
		sm0_loop_len = 1
		sm14_loop_len = 1
		sm5_loop_len = 1
		sm19_loop_len = 1
		sm10_loop_len = 1
		sm1_loop_len = 1
		sm15_loop_len = 1
		sm6_loop_len = 1
		sm11_loop_len = 1
		sm2_loop_len = 1
		sm16_loop_len = 1
		sm7_loop_len = 1
		sm19_state = True
		sm9_state = True
		sm8_state = True
		sm18_state = True
		sm7_state = True
		_J1730 = True
		_J1724 = False
		sm17_state = True
		_J1717 = True
		_J1711 = True
		_J1704 = True
		_J1698 = True
		_J1691 = True
		_J1685 = False
		_J1678 = True
		_J1672 = True
		_J1665 = True
		_J1659 = True
		_J1652 = True
		_J1646 = True
		_J1639 = True
		_J1633 = True
		_J1626 = True
		_J1620 = True
		_J1613 = True
		_J1607 = True
		_J1600 = True
		sm6_state = True
		_J1594 = True
		_J1587 = True
		_J1581 = True
		_J1574 = True
		_J1568 = True
		_J1561 = True
		sm16_state = True
		_J1555 = True
		_J1548 = True
		_J1542 = True
		_J1535 = True
		_J1529 = True
		_J1522 = True
		_J1516 = True
		_J1509 = True
		_J1503 = True
		_J1496 = True
		_J1490 = False
		_J1484 = True
		_J1478 = True
		_J1472 = True
		_J1466 = True
		_EL_U_1230 = True
		_EL_U_1232 = False
		_EL_U_1234 = True
		sm5_state = True
		_EL_U_1236 = False
		_EL_U_1238 = True
		_EL_U_1240 = False
		_EL_U_1242 = True
		sm15_state = True
		_EL_U_1244 = False
		_EL_U_1246 = True
		_EL_U_1248 = False
		_EL_U_1250 = True
		_EL_U_1252 = False
		_EL_U_1254 = True
		_EL_U_1256 = False
		_EL_U_1258 = True
		_EL_U_1260 = False
		_EL_U_1262 = True
		_EL_U_1264 = False
		_EL_U_1266 = True
		_EL_U_1268 = False
		sm4_state = True
		_EL_U_1270 = True
		_EL_U_1272 = False
		_EL_U_1274 = True
		sm14_state = True
		_EL_U_1276 = False
		_EL_U_1278 = True
		_EL_U_1280 = False
		_EL_U_1282 = True
		_EL_U_1284 = False
		_EL_U_1286 = True
		_EL_U_1288 = False
		_EL_U_1290 = True
		_EL_U_1292 = False
		_EL_U_1294 = True
		_EL_U_1296 = False
		_EL_U_1298 = True
		_EL_U_1300 = False
		sm3_state = True
		_EL_U_1302 = True
		_EL_U_1304 = False
		_EL_U_1306 = True
		_EL_U_1308 = False
		sm13_state = True
		_EL_U_1330 = True
		_EL_U_1332 = False
		sm2_state = True
		sm12_state = True
		sm1_state = True
		sm11_state = True
		sm0_state = True
		sm10_state = True
	Trans 38 -- 39
		_x_sm15_l = (sm15_l + -1)
		_x_sm5_l = (sm5_l + -1)
		_x_sm11_l = (sm11_l + -1)
		_x_sm3_l = (sm3_l + -1)
		_x_sm12_l = (sm12_l + -1)
		_x_sm18_l = (sm18_l + -1)
		_x_sm16_l = (sm16_l + -1)
		_x_sm14_l = (sm14_l + -1)
		_x_sm0_l = (sm0_l + -1)
		_x_sm6_l = (sm6_l + -1)
		_x_sm13_l = (sm13_l + -1)
		_x_sm19_l = (sm19_l + -1)
		_x_sm4_l = (sm4_l + -1)
		_x_sm7_l = (sm7_l + -1)
		_x_sm17_l = (sm17_l + -1)
		_x_sm10_l = (sm10_l + -1)
		_x_sm8_l = (sm8_l + -1)
		_x_sm1_l = (sm1_l + -1)
		_x_sm9_l = (sm9_l + -1)
		_x_sm2_l = (sm2_l + -1)
	State 39
		run = 1
		sm12_loop_len = 1
		sm3_loop_len = 1
		sm17_loop_len = 1
		sm8_loop_len = 1
		semaphore = 0
		sm13_loop_len = 1
		sm4_loop_len = 1
		sm18_loop_len = 1
		sm9_loop_len = 1
		sm0_loop_len = 1
		sm14_loop_len = 1
		sm5_loop_len = 1
		sm19_loop_len = 1
		sm10_loop_len = 1
		sm1_loop_len = 1
		sm15_loop_len = 1
		sm6_loop_len = 1
		sm11_loop_len = 1
		sm2_loop_len = 1
		sm16_loop_len = 1
		sm7_loop_len = 1
		sm19_state = True
		sm9_state = True
		sm8_state = True
		sm18_state = True
		sm7_state = True
		_J1730 = True
		_J1724 = False
		sm17_state = True
		_J1717 = True
		_J1711 = True
		_J1704 = True
		_J1698 = True
		_J1691 = True
		_J1685 = True
		_J1678 = True
		_J1672 = True
		_J1665 = True
		_J1659 = True
		_J1652 = True
		_J1646 = True
		_J1639 = True
		_J1633 = True
		_J1626 = True
		_J1620 = True
		_J1613 = True
		_J1607 = True
		_J1600 = True
		sm6_state = True
		_J1594 = True
		_J1587 = True
		_J1581 = True
		_J1574 = True
		_J1568 = True
		_J1561 = True
		sm16_state = True
		_J1555 = True
		_J1548 = True
		_J1542 = True
		_J1535 = True
		_J1529 = True
		_J1522 = True
		_J1516 = True
		_J1509 = True
		_J1503 = True
		_J1496 = True
		_J1490 = False
		_J1484 = True
		_J1478 = True
		_J1472 = True
		_J1466 = True
		_EL_U_1230 = True
		_EL_U_1232 = False
		_EL_U_1234 = True
		sm5_state = True
		_EL_U_1236 = False
		_EL_U_1238 = True
		_EL_U_1240 = False
		_EL_U_1242 = True
		sm15_state = True
		_EL_U_1244 = False
		_EL_U_1246 = True
		_EL_U_1248 = False
		_EL_U_1250 = True
		_EL_U_1252 = False
		_EL_U_1254 = True
		_EL_U_1256 = False
		_EL_U_1258 = True
		_EL_U_1260 = False
		_EL_U_1262 = True
		_EL_U_1264 = False
		_EL_U_1266 = True
		_EL_U_1268 = False
		sm4_state = True
		_EL_U_1270 = True
		_EL_U_1272 = False
		_EL_U_1274 = True
		sm14_state = True
		_EL_U_1276 = False
		_EL_U_1278 = True
		_EL_U_1280 = False
		_EL_U_1282 = True
		_EL_U_1284 = False
		_EL_U_1286 = True
		_EL_U_1288 = False
		_EL_U_1290 = True
		_EL_U_1292 = False
		_EL_U_1294 = True
		_EL_U_1296 = False
		_EL_U_1298 = True
		_EL_U_1300 = False
		sm3_state = True
		_EL_U_1302 = True
		_EL_U_1304 = False
		_EL_U_1306 = True
		_EL_U_1308 = False
		sm13_state = True
		_EL_U_1330 = True
		_EL_U_1332 = False
		sm2_state = True
		sm12_state = True
		sm1_state = True
		sm11_state = True
		sm0_state = True
		sm10_state = True
	Trans 39 -- 40
		_x_sm15_l = (sm15_l + -1)
		_x_sm5_l = (sm5_l + -1)
		_x_sm11_l = (sm11_l + -1)
		_x_sm3_l = (sm3_l + -1)
		_x_sm12_l = (sm12_l + -1)
		_x_sm18_l = (sm18_l + -1)
		_x_sm16_l = (sm16_l + -1)
		_x_sm14_l = (sm14_l + -1)
		_x_sm0_l = (sm0_l + -1)
		_x_sm6_l = (sm6_l + -1)
		_x_sm13_l = (sm13_l + -1)
		_x_sm19_l = (sm19_l + -1)
		_x_sm4_l = (sm4_l + -1)
		_x_sm7_l = (sm7_l + -1)
		_x_sm17_l = (sm17_l + -1)
		_x_sm10_l = (sm10_l + -1)
		_x_sm8_l = (sm8_l + -1)
		_x_sm1_l = (sm1_l + -1)
		_x_sm9_l = (sm9_l + -1)
		_x_sm2_l = (sm2_l + -1)
	State 40
		run = 19
		sm12_loop_len = 1
		sm3_loop_len = 1
		sm17_loop_len = 1
		sm8_loop_len = 1
		semaphore = 0
		sm13_loop_len = 1
		sm4_loop_len = 1
		sm18_loop_len = 1
		sm9_loop_len = 1
		sm0_loop_len = 1
		sm14_loop_len = 1
		sm5_loop_len = 1
		sm19_loop_len = 1
		sm10_loop_len = 1
		sm1_loop_len = 1
		sm15_loop_len = 1
		sm6_loop_len = 1
		sm11_loop_len = 1
		sm2_loop_len = 1
		sm16_loop_len = 1
		sm7_loop_len = 1
		sm19_state = True
		sm9_state = True
		sm8_state = True
		sm18_state = True
		sm7_state = True
		_J1730 = True
		_J1724 = False
		sm17_state = True
		_J1717 = True
		_J1711 = True
		_J1704 = True
		_J1698 = True
		_J1691 = True
		_J1685 = True
		_J1678 = True
		_J1672 = True
		_J1665 = True
		_J1659 = True
		_J1652 = True
		_J1646 = True
		_J1639 = True
		_J1633 = True
		_J1626 = True
		_J1620 = True
		_J1613 = True
		_J1607 = True
		_J1600 = True
		sm6_state = True
		_J1594 = True
		_J1587 = True
		_J1581 = True
		_J1574 = True
		_J1568 = True
		_J1561 = True
		sm16_state = True
		_J1555 = True
		_J1548 = True
		_J1542 = True
		_J1535 = True
		_J1529 = True
		_J1522 = True
		_J1516 = True
		_J1509 = True
		_J1503 = True
		_J1496 = True
		_J1490 = True
		_J1484 = True
		_J1478 = True
		_J1472 = True
		_J1466 = True
		_EL_U_1230 = True
		_EL_U_1232 = False
		_EL_U_1234 = True
		sm5_state = True
		_EL_U_1236 = False
		_EL_U_1238 = True
		_EL_U_1240 = False
		_EL_U_1242 = True
		sm15_state = True
		_EL_U_1244 = False
		_EL_U_1246 = True
		_EL_U_1248 = False
		_EL_U_1250 = True
		_EL_U_1252 = False
		_EL_U_1254 = True
		_EL_U_1256 = False
		_EL_U_1258 = True
		_EL_U_1260 = False
		_EL_U_1262 = True
		_EL_U_1264 = False
		_EL_U_1266 = True
		_EL_U_1268 = False
		sm4_state = True
		_EL_U_1270 = True
		_EL_U_1272 = False
		_EL_U_1274 = True
		sm14_state = True
		_EL_U_1276 = False
		_EL_U_1278 = True
		_EL_U_1280 = False
		_EL_U_1282 = True
		_EL_U_1284 = False
		_EL_U_1286 = True
		_EL_U_1288 = False
		_EL_U_1290 = True
		_EL_U_1292 = False
		_EL_U_1294 = True
		_EL_U_1296 = False
		_EL_U_1298 = True
		_EL_U_1300 = False
		sm3_state = True
		_EL_U_1302 = True
		_EL_U_1304 = False
		_EL_U_1306 = True
		_EL_U_1308 = False
		sm13_state = True
		_EL_U_1330 = True
		_EL_U_1332 = False
		sm2_state = True
		sm12_state = True
		sm1_state = True
		sm11_state = True
		sm0_state = True
		sm10_state = True
	Trans 40 -- 41
		_x_sm15_l = (sm15_l + -1)
		_x_sm5_l = (sm5_l + -1)
		_x_sm11_l = (sm11_l + -1)
		_x_sm3_l = (sm3_l + -1)
		_x_sm12_l = (sm12_l + -1)
		_x_sm18_l = (sm18_l + -1)
		_x_sm16_l = (sm16_l + -1)
		_x_sm14_l = (sm14_l + -1)
		_x_sm0_l = (sm0_l + -1)
		_x_sm6_l = (sm6_l + -1)
		_x_sm13_l = (sm13_l + -1)
		_x_sm19_l = (sm19_l + -1)
		_x_sm4_l = (sm4_l + -1)
		_x_sm7_l = (sm7_l + -1)
		_x_sm17_l = (sm17_l + -1)
		_x_sm10_l = (sm10_l + -1)
		_x_sm8_l = (sm8_l + -1)
		_x_sm1_l = (sm1_l + -1)
		_x_sm9_l = (sm9_l + -1)
		_x_sm2_l = (sm2_l + -1)
	starting from: sm19_state : True, run : -1, sm9_state : True, semaphore : 0, sm9_l : -20, sm9_loop_len : 1, sm19_l : -20, sm19_loop_len : 1, sm8_state : True, sm18_state : True, sm8_l : -20, sm8_loop_len : 1, sm18_l : -20, sm18_loop_len : 1, sm7_state : True, _J1730 : True, _J1724 : True, sm17_state : True, _J1717 : True, _J1711 : True, _J1704 : True, _J1698 : True, _J1691 : True, sm7_l : -20, _J1685 : True, sm7_loop_len : 1, _J1678 : True, _J1672 : True, _J1665 : True, _J1659 : True, sm17_l : -20, sm17_loop_len : 1, _J1652 : True, _J1646 : True, _J1639 : True, _J1633 : True, _J1626 : True, _J1620 : True, _J1613 : True, _J1607 : True, _J1600 : True, sm6_state : True, _J1594 : True, _J1587 : True, _J1581 : True, _J1574 : True, _J1568 : True, _J1561 : True, sm16_state : True, _J1555 : True, _J1548 : True, _J1542 : True, _J1535 : True, sm6_l : -20, sm6_loop_len : 1, _J1529 : True, _J1522 : True, _J1516 : True, _J1509 : True, _J1503 : True, _J1496 : True, sm16_l : -20, sm16_loop_len : 1, _J1490 : True, _J1484 : True, _J1478 : True, _J1472 : True, _J1466 : True, _EL_U_1230 : True, _EL_U_1232 : False, _EL_U_1234 : True, sm5_state : True, _EL_U_1236 : False, _EL_U_1238 : True, _EL_U_1240 : False, _EL_U_1242 : True, sm15_state : True, _EL_U_1244 : False, _EL_U_1246 : True, _EL_U_1248 : False, sm5_l : -20, sm5_loop_len : 1, _EL_U_1250 : True, _EL_U_1252 : False, _EL_U_1254 : True, _EL_U_1256 : False, sm15_l : -20, sm15_loop_len : 1, _EL_U_1258 : True, _EL_U_1260 : False, _EL_U_1262 : True, _EL_U_1264 : False, _EL_U_1266 : True, sm4_state : True, _EL_U_1268 : False, _EL_U_1270 : True, _EL_U_1272 : False, _EL_U_1274 : True, sm14_state : True, _EL_U_1276 : False, _EL_U_1278 : True, _EL_U_1280 : False, sm4_l : -20, sm4_loop_len : 1, _EL_U_1282 : True, _EL_U_1284 : False, _EL_U_1286 : True, _EL_U_1288 : False, sm14_l : -20, sm14_loop_len : 1, _EL_U_1290 : True, _EL_U_1292 : False, _EL_U_1294 : True, _EL_U_1296 : False, _EL_U_1298 : True, _EL_U_1300 : False, sm3_state : True, _EL_U_1302 : True, _EL_U_1304 : False, _EL_U_1306 : True, _EL_U_1308 : False, sm13_state : True, sm3_l : -20, sm3_loop_len : 1, sm13_l : -20, sm13_loop_len : 1, _EL_U_1330 : True, _EL_U_1332 : False, sm2_state : True, sm12_state : True, sm2_l : -20, sm2_loop_len : 1, sm12_l : -20, sm12_loop_len : 1, sm1_state : True, sm11_state : True, sm1_l : -20, sm1_loop_len : 1, sm11_l : -20, sm11_loop_len : 1, sm0_state : True, sm10_state : True, sm0_l : -20, sm0_loop_len : 1, sm10_l : -20, sm10_loop_len : 1

end of `semaphore_0020`: SUCCESS in 1383.9482791423798s
