F3 run `semaphore_0023`

	Found non-termination argument:
	State 24
		sm1_loop_len = 1
		sm15_loop_len = 1
		run = 13
		sm6_loop_len = 1
		sm20_loop_len = 1
		sm11_loop_len = 1
		sm2_loop_len = 1
		semaphore = 0
		sm16_loop_len = 1
		sm7_loop_len = 1
		sm21_loop_len = 1
		sm12_loop_len = 1
		sm3_loop_len = 1
		sm17_loop_len = 1
		sm8_loop_len = 1
		sm22_loop_len = 1
		sm13_loop_len = 1
		sm4_loop_len = 1
		sm18_loop_len = 1
		sm9_loop_len = 1
		sm0_loop_len = 1
		sm14_loop_len = 1
		sm5_loop_len = 1
		sm19_loop_len = 1
		sm10_loop_len = 1
		_EL_U_1500 = False
		sm22_state = True
		sm12_state = True
		_EL_U_1525 = True
		_EL_U_1527 = False
		sm1_state = True
		sm11_state = True
		sm21_state = True
		sm0_state = True
		sm10_state = True
		sm20_state = True
		sm9_state = True
		sm19_state = True
		sm8_state = True
		sm18_state = True
		sm7_state = True
		sm17_state = True
		_J1982 = True
		_J1976 = True
		_J1969 = True
		_J1963 = True
		_J1956 = True
		_J1950 = True
		_J1943 = True
		_J1937 = True
		_J1930 = True
		_J1924 = True
		_J1917 = True
		_J1911 = True
		sm6_state = True
		_J1904 = True
		_J1898 = True
		_J1891 = True
		_J1885 = True
		_J1878 = True
		_J1872 = True
		sm16_state = True
		_J1865 = True
		_J1859 = True
		_J1852 = True
		_J1846 = True
		_J1839 = True
		_J1833 = True
		_J1826 = True
		_J1820 = True
		_J1813 = True
		_J1807 = True
		_J1800 = True
		_J1794 = True
		_J1787 = True
		_J1781 = True
		_J1774 = True
		_J1768 = True
		_J1761 = True
		_J1755 = True
		_J1748 = True
		sm5_state = True
		_J1742 = True
		_J1735 = True
		_J1729 = True
		_J1722 = True
		_J1716 = True
		_J1709 = True
		sm15_state = True
		_J1703 = True
		_J1697 = True
		_J1691 = True
		_J1685 = True
		_J1679 = True
		_EL_U_1410 = True
		_EL_U_1412 = False
		_EL_U_1414 = True
		_EL_U_1416 = False
		_EL_U_1418 = True
		_EL_U_1420 = False
		_EL_U_1422 = True
		_EL_U_1424 = False
		_EL_U_1426 = True
		sm4_state = True
		_EL_U_1428 = False
		_EL_U_1430 = True
		_EL_U_1432 = False
		_EL_U_1434 = True
		sm14_state = True
		_EL_U_1436 = False
		_EL_U_1438 = True
		_EL_U_1440 = False
		_EL_U_1442 = True
		_EL_U_1444 = False
		_EL_U_1446 = True
		_EL_U_1448 = False
		_EL_U_1450 = True
		_EL_U_1452 = False
		_EL_U_1454 = True
		_EL_U_1456 = False
		_EL_U_1458 = True
		_EL_U_1460 = False
		sm3_state = True
		_EL_U_1462 = True
		_EL_U_1464 = False
		_EL_U_1466 = True
		_EL_U_1468 = False
		sm13_state = True
		_EL_U_1470 = True
		_EL_U_1472 = False
		_EL_U_1474 = True
		_EL_U_1476 = False
		_EL_U_1478 = True
		_EL_U_1480 = False
		_EL_U_1482 = True
		_EL_U_1484 = False
		_EL_U_1486 = True
		_EL_U_1488 = False
		_EL_U_1490 = True
		_EL_U_1492 = False
		_EL_U_1494 = True
		sm2_state = True
		_EL_U_1496 = False
		_EL_U_1498 = True
		(sm5_l < 24)
		(sm15_l < 24)
		(sm20_l < 24)
		(sm22_l < 25)
		(sm11_l < 24)
		(sm16_l < 24)
		(sm13_l < 24)
		(sm10_l < 24)
		(sm17_l < 24)
		(sm21_l < 24)
		(sm1_l < 24)
		(sm0_l < 24)
		(sm12_l < 24)
		(sm3_l < 24)
		(sm6_l < 24)
		(sm2_l < 24)
		(sm22_l < 48)
		(sm13_l < 48)
		(sm16_l < 48)
		(sm19_l < 24)
		(sm10_l < 48)
		(sm20_l < 48)
		(sm1_l < 48)
		(sm22_l < 49)
		(sm12_l < 48)
		(sm11_l < 48)
		(sm17_l < 48)
		(sm21_l < 48)
		(sm8_l < 48)
		(sm6_l < 48)
		(sm3_l < 48)
		(sm0_l < 48)
		(sm9_l < 48)
		(sm19_l < 48)
		(sm4_l < 48)
		(sm18_l < 48)
		(sm15_l < 48)
		(sm2_l < 48)
		(sm7_l < 48)
		(sm5_l < 48)
		(sm14_l < 48)
		(sm22_l < 1)
		(sm14_l < 0)
		(sm15_l < 0)
		(sm16_l < 0)
		(sm5_l < 0)
		(sm22_l < 24)
		(sm3_l < 0)
		(sm13_l < 0)
		(sm4_l < 0)
		(sm6_l < 0)
		(sm17_l < 0)
		(sm7_l < 0)
		(sm18_l < 0)
		(sm8_l < 0)
		(sm8_l < 24)
		(sm19_l < 0)
		(sm9_l < 0)
		(sm20_l < 0)
		(sm10_l < 0)
		(sm0_l < 0)
		(sm21_l < 0)
		(sm11_l < 0)
		(sm1_l < 0)
		(sm22_l < 0)
		(sm12_l < 0)
		(sm2_l < 0)
		(sm7_l < 24)
		(sm18_l < 24)
		(sm4_l < 24)
		(sm9_l < 24)
		(sm14_l < 24)
		((sm15_l + 2) <= 0)
	Trans 24 -- 25
		_x_sm21_l = (sm21_l + -1)
		_x_sm20_l = (sm20_l + -1)
		_x_sm17_l = (sm17_l + -1)
		_x_sm14_l = (sm14_l + -1)
		_x_sm12_l = (sm12_l + -1)
		_x_sm9_l = (sm9_l + -1)
		_x_sm2_l = (sm2_l + -1)
		_x_sm3_l = (sm3_l + -1)
		_x_sm5_l = (sm5_l + -1)
		_x_sm22_l = (sm22_l + -1)
		_x_sm15_l = (sm15_l + -1)
		_x_sm18_l = (sm18_l + -1)
		_x_sm6_l = (sm6_l + -1)
		_x_sm10_l = (sm10_l + -1)
		_x_sm16_l = (sm16_l + -1)
		_x_sm13_l = (sm13_l + -1)
		_x_sm0_l = (sm0_l + -1)
		_x_sm19_l = (sm19_l + -1)
		_x_sm11_l = (sm11_l + -1)
		_x_sm8_l = (sm8_l + -1)
		_x_sm4_l = (sm4_l + -1)
		_x_sm1_l = (sm1_l + -1)
		_x_sm7_l = (sm7_l + -1)
	State 25
		sm1_loop_len = 1
		sm15_loop_len = 1
		run = 5
		sm6_loop_len = 1
		sm20_loop_len = 1
		sm11_loop_len = 1
		sm2_loop_len = 1
		semaphore = 0
		sm16_loop_len = 1
		sm7_loop_len = 1
		sm21_loop_len = 1
		sm12_loop_len = 1
		sm3_loop_len = 1
		sm17_loop_len = 1
		sm8_loop_len = 1
		sm22_loop_len = 1
		sm13_loop_len = 1
		sm4_loop_len = 1
		sm18_loop_len = 1
		sm9_loop_len = 1
		sm0_loop_len = 1
		sm14_loop_len = 1
		sm5_loop_len = 1
		sm19_loop_len = 1
		sm10_loop_len = 1
		_EL_U_1500 = False
		sm22_state = True
		sm12_state = True
		_EL_U_1525 = True
		_EL_U_1527 = False
		sm1_state = True
		sm11_state = True
		sm21_state = True
		sm0_state = True
		sm10_state = True
		sm20_state = True
		sm9_state = True
		sm19_state = True
		sm8_state = True
		sm18_state = True
		sm7_state = True
		sm17_state = True
		_J1982 = False
		_J1976 = False
		_J1969 = False
		_J1963 = False
		_J1956 = False
		_J1950 = False
		_J1943 = False
		_J1937 = False
		_J1930 = False
		_J1924 = False
		_J1917 = False
		_J1911 = False
		sm6_state = True
		_J1904 = False
		_J1898 = False
		_J1891 = False
		_J1885 = False
		_J1878 = False
		_J1872 = False
		sm16_state = True
		_J1865 = False
		_J1859 = False
		_J1852 = False
		_J1846 = False
		_J1839 = False
		_J1833 = False
		_J1826 = False
		_J1820 = False
		_J1813 = False
		_J1807 = False
		_J1800 = False
		_J1794 = False
		_J1787 = False
		_J1781 = False
		_J1774 = False
		_J1768 = False
		_J1761 = False
		_J1755 = False
		_J1748 = False
		sm5_state = True
		_J1742 = False
		_J1735 = False
		_J1729 = False
		_J1722 = False
		_J1716 = False
		_J1709 = False
		sm15_state = True
		_J1703 = False
		_J1697 = False
		_J1691 = False
		_J1685 = False
		_J1679 = False
		_EL_U_1410 = True
		_EL_U_1412 = False
		_EL_U_1414 = True
		_EL_U_1416 = False
		_EL_U_1418 = True
		_EL_U_1420 = False
		_EL_U_1422 = True
		_EL_U_1424 = False
		_EL_U_1426 = True
		sm4_state = True
		_EL_U_1428 = False
		_EL_U_1430 = True
		_EL_U_1432 = False
		_EL_U_1434 = True
		sm14_state = True
		_EL_U_1436 = False
		_EL_U_1438 = True
		_EL_U_1440 = False
		_EL_U_1442 = True
		_EL_U_1444 = False
		_EL_U_1446 = True
		_EL_U_1448 = False
		_EL_U_1450 = True
		_EL_U_1452 = False
		_EL_U_1454 = True
		_EL_U_1456 = False
		_EL_U_1458 = True
		_EL_U_1460 = False
		sm3_state = True
		_EL_U_1462 = True
		_EL_U_1464 = False
		_EL_U_1466 = True
		_EL_U_1468 = False
		sm13_state = True
		_EL_U_1470 = True
		_EL_U_1472 = False
		_EL_U_1474 = True
		_EL_U_1476 = False
		_EL_U_1478 = True
		_EL_U_1480 = False
		_EL_U_1482 = True
		_EL_U_1484 = False
		_EL_U_1486 = True
		_EL_U_1488 = False
		_EL_U_1490 = True
		_EL_U_1492 = False
		_EL_U_1494 = True
		sm2_state = True
		_EL_U_1496 = False
		_EL_U_1498 = True
	Trans 25 -- 26
		_x_sm21_l = (sm21_l + -1)
		_x_sm20_l = (sm20_l + -1)
		_x_sm17_l = (sm17_l + -1)
		_x_sm14_l = (sm14_l + -1)
		_x_sm12_l = (sm12_l + -1)
		_x_sm9_l = (sm9_l + -1)
		_x_sm2_l = (sm2_l + -1)
		_x_sm3_l = (sm3_l + -1)
		_x_sm5_l = (sm5_l + -1)
		_x_sm22_l = (sm22_l + -1)
		_x_sm15_l = (sm15_l + -1)
		_x_sm18_l = (sm18_l + -1)
		_x_sm6_l = (sm6_l + -1)
		_x_sm10_l = (sm10_l + -1)
		_x_sm16_l = (sm16_l + -1)
		_x_sm13_l = (sm13_l + -1)
		_x_sm0_l = (sm0_l + -1)
		_x_sm19_l = (sm19_l + -1)
		_x_sm11_l = (sm11_l + -1)
		_x_sm8_l = (sm8_l + -1)
		_x_sm4_l = (sm4_l + -1)
		_x_sm1_l = (sm1_l + -1)
		_x_sm7_l = (sm7_l + -1)
	State 26
		sm1_loop_len = 1
		sm15_loop_len = 1
		run = 14
		sm6_loop_len = 1
		sm20_loop_len = 1
		sm11_loop_len = 1
		sm2_loop_len = 1
		semaphore = 0
		sm16_loop_len = 1
		sm7_loop_len = 1
		sm21_loop_len = 1
		sm12_loop_len = 1
		sm3_loop_len = 1
		sm17_loop_len = 1
		sm8_loop_len = 1
		sm22_loop_len = 1
		sm13_loop_len = 1
		sm4_loop_len = 1
		sm18_loop_len = 1
		sm9_loop_len = 1
		sm0_loop_len = 1
		sm14_loop_len = 1
		sm5_loop_len = 1
		sm19_loop_len = 1
		sm10_loop_len = 1
		_EL_U_1500 = False
		sm22_state = True
		sm12_state = True
		_EL_U_1525 = True
		_EL_U_1527 = False
		sm1_state = True
		sm11_state = True
		sm21_state = True
		sm0_state = True
		sm10_state = True
		sm20_state = True
		sm9_state = True
		sm19_state = True
		sm8_state = True
		sm18_state = True
		sm7_state = True
		sm17_state = True
		_J1982 = True
		_J1976 = False
		_J1969 = True
		_J1963 = False
		_J1956 = True
		_J1950 = False
		_J1943 = True
		_J1937 = False
		_J1930 = True
		_J1924 = False
		_J1917 = True
		_J1911 = False
		sm6_state = True
		_J1904 = True
		_J1898 = False
		_J1891 = True
		_J1885 = False
		_J1878 = True
		_J1872 = False
		sm16_state = True
		_J1865 = True
		_J1859 = False
		_J1852 = True
		_J1846 = False
		_J1839 = True
		_J1833 = False
		_J1826 = True
		_J1820 = False
		_J1813 = True
		_J1807 = False
		_J1800 = True
		_J1794 = False
		_J1787 = True
		_J1781 = False
		_J1774 = True
		_J1768 = False
		_J1761 = True
		_J1755 = True
		_J1748 = True
		sm5_state = True
		_J1742 = False
		_J1735 = True
		_J1729 = False
		_J1722 = True
		_J1716 = False
		_J1709 = True
		sm15_state = True
		_J1703 = False
		_J1697 = True
		_J1691 = False
		_J1685 = True
		_J1679 = True
		_EL_U_1410 = True
		_EL_U_1412 = False
		_EL_U_1414 = True
		_EL_U_1416 = False
		_EL_U_1418 = True
		_EL_U_1420 = False
		_EL_U_1422 = True
		_EL_U_1424 = False
		_EL_U_1426 = True
		sm4_state = True
		_EL_U_1428 = False
		_EL_U_1430 = True
		_EL_U_1432 = False
		_EL_U_1434 = True
		sm14_state = True
		_EL_U_1436 = False
		_EL_U_1438 = True
		_EL_U_1440 = False
		_EL_U_1442 = True
		_EL_U_1444 = False
		_EL_U_1446 = True
		_EL_U_1448 = False
		_EL_U_1450 = True
		_EL_U_1452 = False
		_EL_U_1454 = True
		_EL_U_1456 = False
		_EL_U_1458 = True
		_EL_U_1460 = False
		sm3_state = True
		_EL_U_1462 = True
		_EL_U_1464 = False
		_EL_U_1466 = True
		_EL_U_1468 = False
		sm13_state = True
		_EL_U_1470 = True
		_EL_U_1472 = False
		_EL_U_1474 = True
		_EL_U_1476 = False
		_EL_U_1478 = True
		_EL_U_1480 = False
		_EL_U_1482 = True
		_EL_U_1484 = False
		_EL_U_1486 = True
		_EL_U_1488 = False
		_EL_U_1490 = True
		_EL_U_1492 = False
		_EL_U_1494 = True
		sm2_state = True
		_EL_U_1496 = False
		_EL_U_1498 = True
	Trans 26 -- 27
		_x_sm21_l = (sm21_l + -1)
		_x_sm20_l = (sm20_l + -1)
		_x_sm17_l = (sm17_l + -1)
		_x_sm14_l = (sm14_l + -1)
		_x_sm12_l = (sm12_l + -1)
		_x_sm9_l = (sm9_l + -1)
		_x_sm2_l = (sm2_l + -1)
		_x_sm3_l = (sm3_l + -1)
		_x_sm5_l = (sm5_l + -1)
		_x_sm22_l = (sm22_l + -1)
		_x_sm15_l = (sm15_l + -1)
		_x_sm18_l = (sm18_l + -1)
		_x_sm6_l = (sm6_l + -1)
		_x_sm10_l = (sm10_l + -1)
		_x_sm16_l = (sm16_l + -1)
		_x_sm13_l = (sm13_l + -1)
		_x_sm0_l = (sm0_l + -1)
		_x_sm19_l = (sm19_l + -1)
		_x_sm11_l = (sm11_l + -1)
		_x_sm8_l = (sm8_l + -1)
		_x_sm4_l = (sm4_l + -1)
		_x_sm1_l = (sm1_l + -1)
		_x_sm7_l = (sm7_l + -1)
	State 27
		sm1_loop_len = 1
		sm15_loop_len = 1
		run = 20
		sm6_loop_len = 1
		sm20_loop_len = 1
		sm11_loop_len = 1
		sm2_loop_len = 1
		semaphore = 0
		sm16_loop_len = 1
		sm7_loop_len = 1
		sm21_loop_len = 1
		sm12_loop_len = 1
		sm3_loop_len = 1
		sm17_loop_len = 1
		sm8_loop_len = 1
		sm22_loop_len = 1
		sm13_loop_len = 1
		sm4_loop_len = 1
		sm18_loop_len = 1
		sm9_loop_len = 1
		sm0_loop_len = 1
		sm14_loop_len = 1
		sm5_loop_len = 1
		sm19_loop_len = 1
		sm10_loop_len = 1
		_EL_U_1500 = False
		sm22_state = True
		sm12_state = True
		_EL_U_1525 = True
		_EL_U_1527 = False
		sm1_state = True
		sm11_state = True
		sm21_state = True
		sm0_state = True
		sm10_state = True
		sm20_state = True
		sm9_state = True
		sm19_state = True
		sm8_state = True
		sm18_state = True
		sm7_state = True
		sm17_state = True
		_J1982 = True
		_J1976 = False
		_J1969 = True
		_J1963 = False
		_J1956 = True
		_J1950 = False
		_J1943 = True
		_J1937 = False
		_J1930 = True
		_J1924 = False
		_J1917 = True
		_J1911 = False
		sm6_state = True
		_J1904 = True
		_J1898 = False
		_J1891 = True
		_J1885 = False
		_J1878 = True
		_J1872 = True
		sm16_state = True
		_J1865 = True
		_J1859 = False
		_J1852 = True
		_J1846 = False
		_J1839 = True
		_J1833 = False
		_J1826 = True
		_J1820 = False
		_J1813 = True
		_J1807 = False
		_J1800 = True
		_J1794 = False
		_J1787 = True
		_J1781 = False
		_J1774 = True
		_J1768 = False
		_J1761 = True
		_J1755 = True
		_J1748 = True
		sm5_state = True
		_J1742 = False
		_J1735 = True
		_J1729 = False
		_J1722 = True
		_J1716 = False
		_J1709 = True
		sm15_state = True
		_J1703 = False
		_J1697 = True
		_J1691 = False
		_J1685 = True
		_J1679 = True
		_EL_U_1410 = True
		_EL_U_1412 = False
		_EL_U_1414 = True
		_EL_U_1416 = False
		_EL_U_1418 = True
		_EL_U_1420 = False
		_EL_U_1422 = True
		_EL_U_1424 = False
		_EL_U_1426 = True
		sm4_state = True
		_EL_U_1428 = False
		_EL_U_1430 = True
		_EL_U_1432 = False
		_EL_U_1434 = True
		sm14_state = True
		_EL_U_1436 = False
		_EL_U_1438 = True
		_EL_U_1440 = False
		_EL_U_1442 = True
		_EL_U_1444 = False
		_EL_U_1446 = True
		_EL_U_1448 = False
		_EL_U_1450 = True
		_EL_U_1452 = False
		_EL_U_1454 = True
		_EL_U_1456 = False
		_EL_U_1458 = True
		_EL_U_1460 = False
		sm3_state = True
		_EL_U_1462 = True
		_EL_U_1464 = False
		_EL_U_1466 = True
		_EL_U_1468 = False
		sm13_state = True
		_EL_U_1470 = True
		_EL_U_1472 = False
		_EL_U_1474 = True
		_EL_U_1476 = False
		_EL_U_1478 = True
		_EL_U_1480 = False
		_EL_U_1482 = True
		_EL_U_1484 = False
		_EL_U_1486 = True
		_EL_U_1488 = False
		_EL_U_1490 = True
		_EL_U_1492 = False
		_EL_U_1494 = True
		sm2_state = True
		_EL_U_1496 = False
		_EL_U_1498 = True
	Trans 27 -- 28
		_x_sm21_l = (sm21_l + -1)
		_x_sm20_l = (sm20_l + -1)
		_x_sm17_l = (sm17_l + -1)
		_x_sm14_l = (sm14_l + -1)
		_x_sm12_l = (sm12_l + -1)
		_x_sm9_l = (sm9_l + -1)
		_x_sm2_l = (sm2_l + -1)
		_x_sm3_l = (sm3_l + -1)
		_x_sm5_l = (sm5_l + -1)
		_x_sm22_l = (sm22_l + -1)
		_x_sm15_l = (sm15_l + -1)
		_x_sm18_l = (sm18_l + -1)
		_x_sm6_l = (sm6_l + -1)
		_x_sm10_l = (sm10_l + -1)
		_x_sm16_l = (sm16_l + -1)
		_x_sm13_l = (sm13_l + -1)
		_x_sm0_l = (sm0_l + -1)
		_x_sm19_l = (sm19_l + -1)
		_x_sm11_l = (sm11_l + -1)
		_x_sm8_l = (sm8_l + -1)
		_x_sm4_l = (sm4_l + -1)
		_x_sm1_l = (sm1_l + -1)
		_x_sm7_l = (sm7_l + -1)
	State 28
		sm1_loop_len = 1
		sm15_loop_len = 1
		run = 15
		sm6_loop_len = 1
		sm20_loop_len = 1
		sm11_loop_len = 1
		sm2_loop_len = 1
		semaphore = 0
		sm16_loop_len = 1
		sm7_loop_len = 1
		sm21_loop_len = 1
		sm12_loop_len = 1
		sm3_loop_len = 1
		sm17_loop_len = 1
		sm8_loop_len = 1
		sm22_loop_len = 1
		sm13_loop_len = 1
		sm4_loop_len = 1
		sm18_loop_len = 1
		sm9_loop_len = 1
		sm0_loop_len = 1
		sm14_loop_len = 1
		sm5_loop_len = 1
		sm19_loop_len = 1
		sm10_loop_len = 1
		_EL_U_1500 = False
		sm22_state = True
		sm12_state = True
		_EL_U_1525 = True
		_EL_U_1527 = False
		sm1_state = True
		sm11_state = True
		sm21_state = True
		sm0_state = True
		sm10_state = True
		sm20_state = True
		sm9_state = True
		sm19_state = True
		sm8_state = True
		sm18_state = True
		sm7_state = True
		sm17_state = True
		_J1982 = True
		_J1976 = False
		_J1969 = True
		_J1963 = False
		_J1956 = True
		_J1950 = True
		_J1943 = True
		_J1937 = False
		_J1930 = True
		_J1924 = False
		_J1917 = True
		_J1911 = False
		sm6_state = True
		_J1904 = True
		_J1898 = False
		_J1891 = True
		_J1885 = False
		_J1878 = True
		_J1872 = True
		sm16_state = True
		_J1865 = True
		_J1859 = False
		_J1852 = True
		_J1846 = False
		_J1839 = True
		_J1833 = False
		_J1826 = True
		_J1820 = False
		_J1813 = True
		_J1807 = False
		_J1800 = True
		_J1794 = False
		_J1787 = True
		_J1781 = False
		_J1774 = True
		_J1768 = False
		_J1761 = True
		_J1755 = True
		_J1748 = True
		sm5_state = True
		_J1742 = False
		_J1735 = True
		_J1729 = False
		_J1722 = True
		_J1716 = False
		_J1709 = True
		sm15_state = True
		_J1703 = False
		_J1697 = True
		_J1691 = False
		_J1685 = True
		_J1679 = True
		_EL_U_1410 = True
		_EL_U_1412 = False
		_EL_U_1414 = True
		_EL_U_1416 = False
		_EL_U_1418 = True
		_EL_U_1420 = False
		_EL_U_1422 = True
		_EL_U_1424 = False
		_EL_U_1426 = True
		sm4_state = True
		_EL_U_1428 = False
		_EL_U_1430 = True
		_EL_U_1432 = False
		_EL_U_1434 = True
		sm14_state = True
		_EL_U_1436 = False
		_EL_U_1438 = True
		_EL_U_1440 = False
		_EL_U_1442 = True
		_EL_U_1444 = False
		_EL_U_1446 = True
		_EL_U_1448 = False
		_EL_U_1450 = True
		_EL_U_1452 = False
		_EL_U_1454 = True
		_EL_U_1456 = False
		_EL_U_1458 = True
		_EL_U_1460 = False
		sm3_state = True
		_EL_U_1462 = True
		_EL_U_1464 = False
		_EL_U_1466 = True
		_EL_U_1468 = False
		sm13_state = True
		_EL_U_1470 = True
		_EL_U_1472 = False
		_EL_U_1474 = True
		_EL_U_1476 = False
		_EL_U_1478 = True
		_EL_U_1480 = False
		_EL_U_1482 = True
		_EL_U_1484 = False
		_EL_U_1486 = True
		_EL_U_1488 = False
		_EL_U_1490 = True
		_EL_U_1492 = False
		_EL_U_1494 = True
		sm2_state = True
		_EL_U_1496 = False
		_EL_U_1498 = True
	Trans 28 -- 29
		_x_sm21_l = (sm21_l + -1)
		_x_sm20_l = (sm20_l + -1)
		_x_sm17_l = (sm17_l + -1)
		_x_sm14_l = (sm14_l + -1)
		_x_sm12_l = (sm12_l + -1)
		_x_sm9_l = (sm9_l + -1)
		_x_sm2_l = (sm2_l + -1)
		_x_sm3_l = (sm3_l + -1)
		_x_sm5_l = (sm5_l + -1)
		_x_sm22_l = (sm22_l + -1)
		_x_sm15_l = (sm15_l + -1)
		_x_sm18_l = (sm18_l + -1)
		_x_sm6_l = (sm6_l + -1)
		_x_sm10_l = (sm10_l + -1)
		_x_sm16_l = (sm16_l + -1)
		_x_sm13_l = (sm13_l + -1)
		_x_sm0_l = (sm0_l + -1)
		_x_sm19_l = (sm19_l + -1)
		_x_sm11_l = (sm11_l + -1)
		_x_sm8_l = (sm8_l + -1)
		_x_sm4_l = (sm4_l + -1)
		_x_sm1_l = (sm1_l + -1)
		_x_sm7_l = (sm7_l + -1)
	State 29
		sm1_loop_len = 1
		sm15_loop_len = 1
		run = 8
		sm6_loop_len = 1
		sm20_loop_len = 1
		sm11_loop_len = 1
		sm2_loop_len = 1
		semaphore = 0
		sm16_loop_len = 1
		sm7_loop_len = 1
		sm21_loop_len = 1
		sm12_loop_len = 1
		sm3_loop_len = 1
		sm17_loop_len = 1
		sm8_loop_len = 1
		sm22_loop_len = 1
		sm13_loop_len = 1
		sm4_loop_len = 1
		sm18_loop_len = 1
		sm9_loop_len = 1
		sm0_loop_len = 1
		sm14_loop_len = 1
		sm5_loop_len = 1
		sm19_loop_len = 1
		sm10_loop_len = 1
		_EL_U_1500 = False
		sm22_state = True
		sm12_state = True
		_EL_U_1525 = True
		_EL_U_1527 = False
		sm1_state = True
		sm11_state = True
		sm21_state = True
		sm0_state = True
		sm10_state = True
		sm20_state = True
		sm9_state = True
		sm19_state = True
		sm8_state = True
		sm18_state = True
		sm7_state = True
		sm17_state = True
		_J1982 = True
		_J1976 = False
		_J1969 = True
		_J1963 = False
		_J1956 = True
		_J1950 = True
		_J1943 = True
		_J1937 = False
		_J1930 = True
		_J1924 = False
		_J1917 = True
		_J1911 = False
		sm6_state = True
		_J1904 = True
		_J1898 = False
		_J1891 = True
		_J1885 = True
		_J1878 = True
		_J1872 = True
		sm16_state = True
		_J1865 = True
		_J1859 = False
		_J1852 = True
		_J1846 = False
		_J1839 = True
		_J1833 = False
		_J1826 = True
		_J1820 = False
		_J1813 = True
		_J1807 = False
		_J1800 = True
		_J1794 = False
		_J1787 = True
		_J1781 = False
		_J1774 = True
		_J1768 = False
		_J1761 = True
		_J1755 = True
		_J1748 = True
		sm5_state = True
		_J1742 = False
		_J1735 = True
		_J1729 = False
		_J1722 = True
		_J1716 = False
		_J1709 = True
		sm15_state = True
		_J1703 = False
		_J1697 = True
		_J1691 = False
		_J1685 = True
		_J1679 = True
		_EL_U_1410 = True
		_EL_U_1412 = False
		_EL_U_1414 = True
		_EL_U_1416 = False
		_EL_U_1418 = True
		_EL_U_1420 = False
		_EL_U_1422 = True
		_EL_U_1424 = False
		_EL_U_1426 = True
		sm4_state = True
		_EL_U_1428 = False
		_EL_U_1430 = True
		_EL_U_1432 = False
		_EL_U_1434 = True
		sm14_state = True
		_EL_U_1436 = False
		_EL_U_1438 = True
		_EL_U_1440 = False
		_EL_U_1442 = True
		_EL_U_1444 = False
		_EL_U_1446 = True
		_EL_U_1448 = False
		_EL_U_1450 = True
		_EL_U_1452 = False
		_EL_U_1454 = True
		_EL_U_1456 = False
		_EL_U_1458 = True
		_EL_U_1460 = False
		sm3_state = True
		_EL_U_1462 = True
		_EL_U_1464 = False
		_EL_U_1466 = True
		_EL_U_1468 = False
		sm13_state = True
		_EL_U_1470 = True
		_EL_U_1472 = False
		_EL_U_1474 = True
		_EL_U_1476 = False
		_EL_U_1478 = True
		_EL_U_1480 = False
		_EL_U_1482 = True
		_EL_U_1484 = False
		_EL_U_1486 = True
		_EL_U_1488 = False
		_EL_U_1490 = True
		_EL_U_1492 = False
		_EL_U_1494 = True
		sm2_state = True
		_EL_U_1496 = False
		_EL_U_1498 = True
	Trans 29 -- 30
		_x_sm21_l = (sm21_l + -1)
		_x_sm20_l = (sm20_l + -1)
		_x_sm17_l = (sm17_l + -1)
		_x_sm14_l = (sm14_l + -1)
		_x_sm12_l = (sm12_l + -1)
		_x_sm9_l = (sm9_l + -1)
		_x_sm2_l = (sm2_l + -1)
		_x_sm3_l = (sm3_l + -1)
		_x_sm5_l = (sm5_l + -1)
		_x_sm22_l = (sm22_l + -1)
		_x_sm15_l = (sm15_l + -1)
		_x_sm18_l = (sm18_l + -1)
		_x_sm6_l = (sm6_l + -1)
		_x_sm10_l = (sm10_l + -1)
		_x_sm16_l = (sm16_l + -1)
		_x_sm13_l = (sm13_l + -1)
		_x_sm0_l = (sm0_l + -1)
		_x_sm19_l = (sm19_l + -1)
		_x_sm11_l = (sm11_l + -1)
		_x_sm8_l = (sm8_l + -1)
		_x_sm4_l = (sm4_l + -1)
		_x_sm1_l = (sm1_l + -1)
		_x_sm7_l = (sm7_l + -1)
	State 30
		sm1_loop_len = 1
		sm15_loop_len = 1
		run = 2
		sm6_loop_len = 1
		sm20_loop_len = 1
		sm11_loop_len = 1
		sm2_loop_len = 1
		semaphore = 0
		sm16_loop_len = 1
		sm7_loop_len = 1
		sm21_loop_len = 1
		sm12_loop_len = 1
		sm3_loop_len = 1
		sm17_loop_len = 1
		sm8_loop_len = 1
		sm22_loop_len = 1
		sm13_loop_len = 1
		sm4_loop_len = 1
		sm18_loop_len = 1
		sm9_loop_len = 1
		sm0_loop_len = 1
		sm14_loop_len = 1
		sm5_loop_len = 1
		sm19_loop_len = 1
		sm10_loop_len = 1
		_EL_U_1500 = False
		sm22_state = True
		sm12_state = True
		_EL_U_1525 = True
		_EL_U_1527 = False
		sm1_state = True
		sm11_state = True
		sm21_state = True
		sm0_state = True
		sm10_state = True
		sm20_state = True
		sm9_state = True
		sm19_state = True
		sm8_state = True
		sm18_state = True
		sm7_state = True
		sm17_state = True
		_J1982 = True
		_J1976 = False
		_J1969 = True
		_J1963 = False
		_J1956 = True
		_J1950 = True
		_J1943 = True
		_J1937 = False
		_J1930 = True
		_J1924 = False
		_J1917 = True
		_J1911 = False
		sm6_state = True
		_J1904 = True
		_J1898 = False
		_J1891 = True
		_J1885 = True
		_J1878 = True
		_J1872 = True
		sm16_state = True
		_J1865 = True
		_J1859 = False
		_J1852 = True
		_J1846 = False
		_J1839 = True
		_J1833 = False
		_J1826 = True
		_J1820 = False
		_J1813 = True
		_J1807 = False
		_J1800 = True
		_J1794 = True
		_J1787 = True
		_J1781 = False
		_J1774 = True
		_J1768 = False
		_J1761 = True
		_J1755 = True
		_J1748 = True
		sm5_state = True
		_J1742 = False
		_J1735 = True
		_J1729 = False
		_J1722 = True
		_J1716 = False
		_J1709 = True
		sm15_state = True
		_J1703 = False
		_J1697 = True
		_J1691 = False
		_J1685 = True
		_J1679 = True
		_EL_U_1410 = True
		_EL_U_1412 = False
		_EL_U_1414 = True
		_EL_U_1416 = False
		_EL_U_1418 = True
		_EL_U_1420 = False
		_EL_U_1422 = True
		_EL_U_1424 = False
		_EL_U_1426 = True
		sm4_state = True
		_EL_U_1428 = False
		_EL_U_1430 = True
		_EL_U_1432 = False
		_EL_U_1434 = True
		sm14_state = True
		_EL_U_1436 = False
		_EL_U_1438 = True
		_EL_U_1440 = False
		_EL_U_1442 = True
		_EL_U_1444 = False
		_EL_U_1446 = True
		_EL_U_1448 = False
		_EL_U_1450 = True
		_EL_U_1452 = False
		_EL_U_1454 = True
		_EL_U_1456 = False
		_EL_U_1458 = True
		_EL_U_1460 = False
		sm3_state = True
		_EL_U_1462 = True
		_EL_U_1464 = False
		_EL_U_1466 = True
		_EL_U_1468 = False
		sm13_state = True
		_EL_U_1470 = True
		_EL_U_1472 = False
		_EL_U_1474 = True
		_EL_U_1476 = False
		_EL_U_1478 = True
		_EL_U_1480 = False
		_EL_U_1482 = True
		_EL_U_1484 = False
		_EL_U_1486 = True
		_EL_U_1488 = False
		_EL_U_1490 = True
		_EL_U_1492 = False
		_EL_U_1494 = True
		sm2_state = True
		_EL_U_1496 = False
		_EL_U_1498 = True
	Trans 30 -- 31
		_x_sm21_l = (sm21_l + -1)
		_x_sm20_l = (sm20_l + -1)
		_x_sm17_l = (sm17_l + -1)
		_x_sm14_l = (sm14_l + -1)
		_x_sm12_l = (sm12_l + -1)
		_x_sm9_l = (sm9_l + -1)
		_x_sm2_l = (sm2_l + -1)
		_x_sm3_l = (sm3_l + -1)
		_x_sm5_l = (sm5_l + -1)
		_x_sm22_l = (sm22_l + -1)
		_x_sm15_l = (sm15_l + -1)
		_x_sm18_l = (sm18_l + -1)
		_x_sm6_l = (sm6_l + -1)
		_x_sm10_l = (sm10_l + -1)
		_x_sm16_l = (sm16_l + -1)
		_x_sm13_l = (sm13_l + -1)
		_x_sm0_l = (sm0_l + -1)
		_x_sm19_l = (sm19_l + -1)
		_x_sm11_l = (sm11_l + -1)
		_x_sm8_l = (sm8_l + -1)
		_x_sm4_l = (sm4_l + -1)
		_x_sm1_l = (sm1_l + -1)
		_x_sm7_l = (sm7_l + -1)
	State 31
		sm1_loop_len = 1
		sm15_loop_len = 1
		run = 19
		sm6_loop_len = 1
		sm20_loop_len = 1
		sm11_loop_len = 1
		sm2_loop_len = 1
		semaphore = 0
		sm16_loop_len = 1
		sm7_loop_len = 1
		sm21_loop_len = 1
		sm12_loop_len = 1
		sm3_loop_len = 1
		sm17_loop_len = 1
		sm8_loop_len = 1
		sm22_loop_len = 1
		sm13_loop_len = 1
		sm4_loop_len = 1
		sm18_loop_len = 1
		sm9_loop_len = 1
		sm0_loop_len = 1
		sm14_loop_len = 1
		sm5_loop_len = 1
		sm19_loop_len = 1
		sm10_loop_len = 1
		_EL_U_1500 = False
		sm22_state = True
		sm12_state = True
		_EL_U_1525 = True
		_EL_U_1527 = False
		sm1_state = True
		sm11_state = True
		sm21_state = True
		sm0_state = True
		sm10_state = True
		sm20_state = True
		sm9_state = True
		sm19_state = True
		sm8_state = True
		sm18_state = True
		sm7_state = True
		sm17_state = True
		_J1982 = True
		_J1976 = False
		_J1969 = True
		_J1963 = False
		_J1956 = True
		_J1950 = True
		_J1943 = True
		_J1937 = False
		_J1930 = True
		_J1924 = False
		_J1917 = True
		_J1911 = False
		sm6_state = True
		_J1904 = True
		_J1898 = False
		_J1891 = True
		_J1885 = True
		_J1878 = True
		_J1872 = True
		sm16_state = True
		_J1865 = True
		_J1859 = False
		_J1852 = True
		_J1846 = False
		_J1839 = True
		_J1833 = False
		_J1826 = True
		_J1820 = False
		_J1813 = True
		_J1807 = False
		_J1800 = True
		_J1794 = True
		_J1787 = True
		_J1781 = False
		_J1774 = True
		_J1768 = False
		_J1761 = True
		_J1755 = True
		_J1748 = True
		sm5_state = True
		_J1742 = False
		_J1735 = True
		_J1729 = False
		_J1722 = True
		_J1716 = True
		_J1709 = True
		sm15_state = True
		_J1703 = False
		_J1697 = True
		_J1691 = False
		_J1685 = True
		_J1679 = True
		_EL_U_1410 = True
		_EL_U_1412 = False
		_EL_U_1414 = True
		_EL_U_1416 = False
		_EL_U_1418 = True
		_EL_U_1420 = False
		_EL_U_1422 = True
		_EL_U_1424 = False
		_EL_U_1426 = True
		sm4_state = True
		_EL_U_1428 = False
		_EL_U_1430 = True
		_EL_U_1432 = False
		_EL_U_1434 = True
		sm14_state = True
		_EL_U_1436 = False
		_EL_U_1438 = True
		_EL_U_1440 = False
		_EL_U_1442 = True
		_EL_U_1444 = False
		_EL_U_1446 = True
		_EL_U_1448 = False
		_EL_U_1450 = True
		_EL_U_1452 = False
		_EL_U_1454 = True
		_EL_U_1456 = False
		_EL_U_1458 = True
		_EL_U_1460 = False
		sm3_state = True
		_EL_U_1462 = True
		_EL_U_1464 = False
		_EL_U_1466 = True
		_EL_U_1468 = False
		sm13_state = True
		_EL_U_1470 = True
		_EL_U_1472 = False
		_EL_U_1474 = True
		_EL_U_1476 = False
		_EL_U_1478 = True
		_EL_U_1480 = False
		_EL_U_1482 = True
		_EL_U_1484 = False
		_EL_U_1486 = True
		_EL_U_1488 = False
		_EL_U_1490 = True
		_EL_U_1492 = False
		_EL_U_1494 = True
		sm2_state = True
		_EL_U_1496 = False
		_EL_U_1498 = True
	Trans 31 -- 32
		_x_sm21_l = (sm21_l + -1)
		_x_sm20_l = (sm20_l + -1)
		_x_sm17_l = (sm17_l + -1)
		_x_sm14_l = (sm14_l + -1)
		_x_sm12_l = (sm12_l + -1)
		_x_sm9_l = (sm9_l + -1)
		_x_sm2_l = (sm2_l + -1)
		_x_sm3_l = (sm3_l + -1)
		_x_sm5_l = (sm5_l + -1)
		_x_sm22_l = (sm22_l + -1)
		_x_sm15_l = (sm15_l + -1)
		_x_sm18_l = (sm18_l + -1)
		_x_sm6_l = (sm6_l + -1)
		_x_sm10_l = (sm10_l + -1)
		_x_sm16_l = (sm16_l + -1)
		_x_sm13_l = (sm13_l + -1)
		_x_sm0_l = (sm0_l + -1)
		_x_sm19_l = (sm19_l + -1)
		_x_sm11_l = (sm11_l + -1)
		_x_sm8_l = (sm8_l + -1)
		_x_sm4_l = (sm4_l + -1)
		_x_sm1_l = (sm1_l + -1)
		_x_sm7_l = (sm7_l + -1)
	State 32
		sm1_loop_len = 1
		sm15_loop_len = 1
		run = 18
		sm6_loop_len = 1
		sm20_loop_len = 1
		sm11_loop_len = 1
		sm2_loop_len = 1
		semaphore = 0
		sm16_loop_len = 1
		sm7_loop_len = 1
		sm21_loop_len = 1
		sm12_loop_len = 1
		sm3_loop_len = 1
		sm17_loop_len = 1
		sm8_loop_len = 1
		sm22_loop_len = 1
		sm13_loop_len = 1
		sm4_loop_len = 1
		sm18_loop_len = 1
		sm9_loop_len = 1
		sm0_loop_len = 1
		sm14_loop_len = 1
		sm5_loop_len = 1
		sm19_loop_len = 1
		sm10_loop_len = 1
		_EL_U_1500 = False
		sm22_state = True
		sm12_state = True
		_EL_U_1525 = True
		_EL_U_1527 = False
		sm1_state = True
		sm11_state = True
		sm21_state = True
		sm0_state = True
		sm10_state = True
		sm20_state = True
		sm9_state = True
		sm19_state = True
		sm8_state = True
		sm18_state = True
		sm7_state = True
		sm17_state = True
		_J1982 = True
		_J1976 = False
		_J1969 = True
		_J1963 = False
		_J1956 = True
		_J1950 = True
		_J1943 = True
		_J1937 = True
		_J1930 = True
		_J1924 = False
		_J1917 = True
		_J1911 = False
		sm6_state = True
		_J1904 = True
		_J1898 = False
		_J1891 = True
		_J1885 = True
		_J1878 = True
		_J1872 = True
		sm16_state = True
		_J1865 = True
		_J1859 = False
		_J1852 = True
		_J1846 = False
		_J1839 = True
		_J1833 = False
		_J1826 = True
		_J1820 = False
		_J1813 = True
		_J1807 = False
		_J1800 = True
		_J1794 = True
		_J1787 = True
		_J1781 = False
		_J1774 = True
		_J1768 = False
		_J1761 = True
		_J1755 = True
		_J1748 = True
		sm5_state = True
		_J1742 = False
		_J1735 = True
		_J1729 = False
		_J1722 = True
		_J1716 = True
		_J1709 = True
		sm15_state = True
		_J1703 = False
		_J1697 = True
		_J1691 = False
		_J1685 = True
		_J1679 = True
		_EL_U_1410 = True
		_EL_U_1412 = False
		_EL_U_1414 = True
		_EL_U_1416 = False
		_EL_U_1418 = True
		_EL_U_1420 = False
		_EL_U_1422 = True
		_EL_U_1424 = False
		_EL_U_1426 = True
		sm4_state = True
		_EL_U_1428 = False
		_EL_U_1430 = True
		_EL_U_1432 = False
		_EL_U_1434 = True
		sm14_state = True
		_EL_U_1436 = False
		_EL_U_1438 = True
		_EL_U_1440 = False
		_EL_U_1442 = True
		_EL_U_1444 = False
		_EL_U_1446 = True
		_EL_U_1448 = False
		_EL_U_1450 = True
		_EL_U_1452 = False
		_EL_U_1454 = True
		_EL_U_1456 = False
		_EL_U_1458 = True
		_EL_U_1460 = False
		sm3_state = True
		_EL_U_1462 = True
		_EL_U_1464 = False
		_EL_U_1466 = True
		_EL_U_1468 = False
		sm13_state = True
		_EL_U_1470 = True
		_EL_U_1472 = False
		_EL_U_1474 = True
		_EL_U_1476 = False
		_EL_U_1478 = True
		_EL_U_1480 = False
		_EL_U_1482 = True
		_EL_U_1484 = False
		_EL_U_1486 = True
		_EL_U_1488 = False
		_EL_U_1490 = True
		_EL_U_1492 = False
		_EL_U_1494 = True
		sm2_state = True
		_EL_U_1496 = False
		_EL_U_1498 = True
	Trans 32 -- 33
		_x_sm21_l = (sm21_l + -1)
		_x_sm20_l = (sm20_l + -1)
		_x_sm17_l = (sm17_l + -1)
		_x_sm14_l = (sm14_l + -1)
		_x_sm12_l = (sm12_l + -1)
		_x_sm9_l = (sm9_l + -1)
		_x_sm2_l = (sm2_l + -1)
		_x_sm3_l = (sm3_l + -1)
		_x_sm5_l = (sm5_l + -1)
		_x_sm22_l = (sm22_l + -1)
		_x_sm15_l = (sm15_l + -1)
		_x_sm18_l = (sm18_l + -1)
		_x_sm6_l = (sm6_l + -1)
		_x_sm10_l = (sm10_l + -1)
		_x_sm16_l = (sm16_l + -1)
		_x_sm13_l = (sm13_l + -1)
		_x_sm0_l = (sm0_l + -1)
		_x_sm19_l = (sm19_l + -1)
		_x_sm11_l = (sm11_l + -1)
		_x_sm8_l = (sm8_l + -1)
		_x_sm4_l = (sm4_l + -1)
		_x_sm1_l = (sm1_l + -1)
		_x_sm7_l = (sm7_l + -1)
	State 33
		sm1_loop_len = 1
		sm15_loop_len = 1
		run = 17
		sm6_loop_len = 1
		sm20_loop_len = 1
		sm11_loop_len = 1
		sm2_loop_len = 1
		semaphore = 0
		sm16_loop_len = 1
		sm7_loop_len = 1
		sm21_loop_len = 1
		sm12_loop_len = 1
		sm3_loop_len = 1
		sm17_loop_len = 1
		sm8_loop_len = 1
		sm22_loop_len = 1
		sm13_loop_len = 1
		sm4_loop_len = 1
		sm18_loop_len = 1
		sm9_loop_len = 1
		sm0_loop_len = 1
		sm14_loop_len = 1
		sm5_loop_len = 1
		sm19_loop_len = 1
		sm10_loop_len = 1
		_EL_U_1500 = False
		sm22_state = True
		sm12_state = True
		_EL_U_1525 = True
		_EL_U_1527 = False
		sm1_state = True
		sm11_state = True
		sm21_state = True
		sm0_state = True
		sm10_state = True
		sm20_state = True
		sm9_state = True
		sm19_state = True
		sm8_state = True
		sm18_state = True
		sm7_state = True
		sm17_state = True
		_J1982 = True
		_J1976 = False
		_J1969 = True
		_J1963 = False
		_J1956 = True
		_J1950 = True
		_J1943 = True
		_J1937 = True
		_J1930 = True
		_J1924 = True
		_J1917 = True
		_J1911 = False
		sm6_state = True
		_J1904 = True
		_J1898 = False
		_J1891 = True
		_J1885 = True
		_J1878 = True
		_J1872 = True
		sm16_state = True
		_J1865 = True
		_J1859 = False
		_J1852 = True
		_J1846 = False
		_J1839 = True
		_J1833 = False
		_J1826 = True
		_J1820 = False
		_J1813 = True
		_J1807 = False
		_J1800 = True
		_J1794 = True
		_J1787 = True
		_J1781 = False
		_J1774 = True
		_J1768 = False
		_J1761 = True
		_J1755 = True
		_J1748 = True
		sm5_state = True
		_J1742 = False
		_J1735 = True
		_J1729 = False
		_J1722 = True
		_J1716 = True
		_J1709 = True
		sm15_state = True
		_J1703 = False
		_J1697 = True
		_J1691 = False
		_J1685 = True
		_J1679 = True
		_EL_U_1410 = True
		_EL_U_1412 = False
		_EL_U_1414 = True
		_EL_U_1416 = False
		_EL_U_1418 = True
		_EL_U_1420 = False
		_EL_U_1422 = True
		_EL_U_1424 = False
		_EL_U_1426 = True
		sm4_state = True
		_EL_U_1428 = False
		_EL_U_1430 = True
		_EL_U_1432 = False
		_EL_U_1434 = True
		sm14_state = True
		_EL_U_1436 = False
		_EL_U_1438 = True
		_EL_U_1440 = False
		_EL_U_1442 = True
		_EL_U_1444 = False
		_EL_U_1446 = True
		_EL_U_1448 = False
		_EL_U_1450 = True
		_EL_U_1452 = False
		_EL_U_1454 = True
		_EL_U_1456 = False
		_EL_U_1458 = True
		_EL_U_1460 = False
		sm3_state = True
		_EL_U_1462 = True
		_EL_U_1464 = False
		_EL_U_1466 = True
		_EL_U_1468 = False
		sm13_state = True
		_EL_U_1470 = True
		_EL_U_1472 = False
		_EL_U_1474 = True
		_EL_U_1476 = False
		_EL_U_1478 = True
		_EL_U_1480 = False
		_EL_U_1482 = True
		_EL_U_1484 = False
		_EL_U_1486 = True
		_EL_U_1488 = False
		_EL_U_1490 = True
		_EL_U_1492 = False
		_EL_U_1494 = True
		sm2_state = True
		_EL_U_1496 = False
		_EL_U_1498 = True
	Trans 33 -- 34
		_x_sm21_l = (sm21_l + -1)
		_x_sm20_l = (sm20_l + -1)
		_x_sm17_l = (sm17_l + -1)
		_x_sm14_l = (sm14_l + -1)
		_x_sm12_l = (sm12_l + -1)
		_x_sm9_l = (sm9_l + -1)
		_x_sm2_l = (sm2_l + -1)
		_x_sm3_l = (sm3_l + -1)
		_x_sm5_l = (sm5_l + -1)
		_x_sm22_l = (sm22_l + -1)
		_x_sm15_l = (sm15_l + -1)
		_x_sm18_l = (sm18_l + -1)
		_x_sm6_l = (sm6_l + -1)
		_x_sm10_l = (sm10_l + -1)
		_x_sm16_l = (sm16_l + -1)
		_x_sm13_l = (sm13_l + -1)
		_x_sm0_l = (sm0_l + -1)
		_x_sm19_l = (sm19_l + -1)
		_x_sm11_l = (sm11_l + -1)
		_x_sm8_l = (sm8_l + -1)
		_x_sm4_l = (sm4_l + -1)
		_x_sm1_l = (sm1_l + -1)
		_x_sm7_l = (sm7_l + -1)
	State 34
		sm1_loop_len = 1
		sm15_loop_len = 1
		run = 21
		sm6_loop_len = 1
		sm20_loop_len = 1
		sm11_loop_len = 1
		sm2_loop_len = 1
		semaphore = 0
		sm16_loop_len = 1
		sm7_loop_len = 1
		sm21_loop_len = 1
		sm12_loop_len = 1
		sm3_loop_len = 1
		sm17_loop_len = 1
		sm8_loop_len = 1
		sm22_loop_len = 1
		sm13_loop_len = 1
		sm4_loop_len = 1
		sm18_loop_len = 1
		sm9_loop_len = 1
		sm0_loop_len = 1
		sm14_loop_len = 1
		sm5_loop_len = 1
		sm19_loop_len = 1
		sm10_loop_len = 1
		_EL_U_1500 = False
		sm22_state = True
		sm12_state = True
		_EL_U_1525 = True
		_EL_U_1527 = False
		sm1_state = True
		sm11_state = True
		sm21_state = True
		sm0_state = True
		sm10_state = True
		sm20_state = True
		sm9_state = True
		sm19_state = True
		sm8_state = True
		sm18_state = True
		sm7_state = True
		sm17_state = True
		_J1982 = True
		_J1976 = False
		_J1969 = True
		_J1963 = False
		_J1956 = True
		_J1950 = True
		_J1943 = True
		_J1937 = True
		_J1930 = True
		_J1924 = True
		_J1917 = True
		_J1911 = True
		sm6_state = True
		_J1904 = True
		_J1898 = False
		_J1891 = True
		_J1885 = True
		_J1878 = True
		_J1872 = True
		sm16_state = True
		_J1865 = True
		_J1859 = False
		_J1852 = True
		_J1846 = False
		_J1839 = True
		_J1833 = False
		_J1826 = True
		_J1820 = False
		_J1813 = True
		_J1807 = False
		_J1800 = True
		_J1794 = True
		_J1787 = True
		_J1781 = False
		_J1774 = True
		_J1768 = False
		_J1761 = True
		_J1755 = True
		_J1748 = True
		sm5_state = True
		_J1742 = False
		_J1735 = True
		_J1729 = False
		_J1722 = True
		_J1716 = True
		_J1709 = True
		sm15_state = True
		_J1703 = False
		_J1697 = True
		_J1691 = False
		_J1685 = True
		_J1679 = True
		_EL_U_1410 = True
		_EL_U_1412 = False
		_EL_U_1414 = True
		_EL_U_1416 = False
		_EL_U_1418 = True
		_EL_U_1420 = False
		_EL_U_1422 = True
		_EL_U_1424 = False
		_EL_U_1426 = True
		sm4_state = True
		_EL_U_1428 = False
		_EL_U_1430 = True
		_EL_U_1432 = False
		_EL_U_1434 = True
		sm14_state = True
		_EL_U_1436 = False
		_EL_U_1438 = True
		_EL_U_1440 = False
		_EL_U_1442 = True
		_EL_U_1444 = False
		_EL_U_1446 = True
		_EL_U_1448 = False
		_EL_U_1450 = True
		_EL_U_1452 = False
		_EL_U_1454 = True
		_EL_U_1456 = False
		_EL_U_1458 = True
		_EL_U_1460 = False
		sm3_state = True
		_EL_U_1462 = True
		_EL_U_1464 = False
		_EL_U_1466 = True
		_EL_U_1468 = False
		sm13_state = True
		_EL_U_1470 = True
		_EL_U_1472 = False
		_EL_U_1474 = True
		_EL_U_1476 = False
		_EL_U_1478 = True
		_EL_U_1480 = False
		_EL_U_1482 = True
		_EL_U_1484 = False
		_EL_U_1486 = True
		_EL_U_1488 = False
		_EL_U_1490 = True
		_EL_U_1492 = False
		_EL_U_1494 = True
		sm2_state = True
		_EL_U_1496 = False
		_EL_U_1498 = True
	Trans 34 -- 35
		_x_sm21_l = (sm21_l + -1)
		_x_sm20_l = (sm20_l + -1)
		_x_sm17_l = (sm17_l + -1)
		_x_sm14_l = (sm14_l + -1)
		_x_sm12_l = (sm12_l + -1)
		_x_sm9_l = (sm9_l + -1)
		_x_sm2_l = (sm2_l + -1)
		_x_sm3_l = (sm3_l + -1)
		_x_sm5_l = (sm5_l + -1)
		_x_sm22_l = (sm22_l + -1)
		_x_sm15_l = (sm15_l + -1)
		_x_sm18_l = (sm18_l + -1)
		_x_sm6_l = (sm6_l + -1)
		_x_sm10_l = (sm10_l + -1)
		_x_sm16_l = (sm16_l + -1)
		_x_sm13_l = (sm13_l + -1)
		_x_sm0_l = (sm0_l + -1)
		_x_sm19_l = (sm19_l + -1)
		_x_sm11_l = (sm11_l + -1)
		_x_sm8_l = (sm8_l + -1)
		_x_sm4_l = (sm4_l + -1)
		_x_sm1_l = (sm1_l + -1)
		_x_sm7_l = (sm7_l + -1)
	State 35
		sm1_loop_len = 1
		sm15_loop_len = 1
		run = 22
		sm6_loop_len = 1
		sm20_loop_len = 1
		sm11_loop_len = 1
		sm2_loop_len = 1
		semaphore = 0
		sm16_loop_len = 1
		sm7_loop_len = 1
		sm21_loop_len = 1
		sm12_loop_len = 1
		sm3_loop_len = 1
		sm17_loop_len = 1
		sm8_loop_len = 1
		sm22_loop_len = 1
		sm13_loop_len = 1
		sm4_loop_len = 1
		sm18_loop_len = 1
		sm9_loop_len = 1
		sm0_loop_len = 1
		sm14_loop_len = 1
		sm5_loop_len = 1
		sm19_loop_len = 1
		sm10_loop_len = 1
		_EL_U_1500 = False
		sm22_state = True
		sm12_state = True
		_EL_U_1525 = True
		_EL_U_1527 = False
		sm1_state = True
		sm11_state = True
		sm21_state = True
		sm0_state = True
		sm10_state = True
		sm20_state = True
		sm9_state = True
		sm19_state = True
		sm8_state = True
		sm18_state = True
		sm7_state = True
		sm17_state = True
		_J1982 = True
		_J1976 = False
		_J1969 = True
		_J1963 = True
		_J1956 = True
		_J1950 = True
		_J1943 = True
		_J1937 = True
		_J1930 = True
		_J1924 = True
		_J1917 = True
		_J1911 = True
		sm6_state = True
		_J1904 = True
		_J1898 = False
		_J1891 = True
		_J1885 = True
		_J1878 = True
		_J1872 = True
		sm16_state = True
		_J1865 = True
		_J1859 = False
		_J1852 = True
		_J1846 = False
		_J1839 = True
		_J1833 = False
		_J1826 = True
		_J1820 = False
		_J1813 = True
		_J1807 = False
		_J1800 = True
		_J1794 = True
		_J1787 = True
		_J1781 = False
		_J1774 = True
		_J1768 = False
		_J1761 = True
		_J1755 = True
		_J1748 = True
		sm5_state = True
		_J1742 = False
		_J1735 = True
		_J1729 = False
		_J1722 = True
		_J1716 = True
		_J1709 = True
		sm15_state = True
		_J1703 = False
		_J1697 = True
		_J1691 = False
		_J1685 = True
		_J1679 = True
		_EL_U_1410 = True
		_EL_U_1412 = False
		_EL_U_1414 = True
		_EL_U_1416 = False
		_EL_U_1418 = True
		_EL_U_1420 = False
		_EL_U_1422 = True
		_EL_U_1424 = False
		_EL_U_1426 = True
		sm4_state = True
		_EL_U_1428 = False
		_EL_U_1430 = True
		_EL_U_1432 = False
		_EL_U_1434 = True
		sm14_state = True
		_EL_U_1436 = False
		_EL_U_1438 = True
		_EL_U_1440 = False
		_EL_U_1442 = True
		_EL_U_1444 = False
		_EL_U_1446 = True
		_EL_U_1448 = False
		_EL_U_1450 = True
		_EL_U_1452 = False
		_EL_U_1454 = True
		_EL_U_1456 = False
		_EL_U_1458 = True
		_EL_U_1460 = False
		sm3_state = True
		_EL_U_1462 = True
		_EL_U_1464 = False
		_EL_U_1466 = True
		_EL_U_1468 = False
		sm13_state = True
		_EL_U_1470 = True
		_EL_U_1472 = False
		_EL_U_1474 = True
		_EL_U_1476 = False
		_EL_U_1478 = True
		_EL_U_1480 = False
		_EL_U_1482 = True
		_EL_U_1484 = False
		_EL_U_1486 = True
		_EL_U_1488 = False
		_EL_U_1490 = True
		_EL_U_1492 = False
		_EL_U_1494 = True
		sm2_state = True
		_EL_U_1496 = False
		_EL_U_1498 = True
	Trans 35 -- 36
		_x_sm21_l = (sm21_l + -1)
		_x_sm20_l = (sm20_l + -1)
		_x_sm17_l = (sm17_l + -1)
		_x_sm14_l = (sm14_l + -1)
		_x_sm12_l = (sm12_l + -1)
		_x_sm9_l = (sm9_l + -1)
		_x_sm2_l = (sm2_l + -1)
		_x_sm3_l = (sm3_l + -1)
		_x_sm5_l = (sm5_l + -1)
		_x_sm22_l = (sm22_l + -1)
		_x_sm15_l = (sm15_l + -1)
		_x_sm18_l = (sm18_l + -1)
		_x_sm6_l = (sm6_l + -1)
		_x_sm10_l = (sm10_l + -1)
		_x_sm16_l = (sm16_l + -1)
		_x_sm13_l = (sm13_l + -1)
		_x_sm0_l = (sm0_l + -1)
		_x_sm19_l = (sm19_l + -1)
		_x_sm11_l = (sm11_l + -1)
		_x_sm8_l = (sm8_l + -1)
		_x_sm4_l = (sm4_l + -1)
		_x_sm1_l = (sm1_l + -1)
		_x_sm7_l = (sm7_l + -1)
	State 36
		sm1_loop_len = 1
		sm15_loop_len = 1
		run = 12
		sm6_loop_len = 1
		sm20_loop_len = 1
		sm11_loop_len = 1
		sm2_loop_len = 1
		semaphore = 0
		sm16_loop_len = 1
		sm7_loop_len = 1
		sm21_loop_len = 1
		sm12_loop_len = 1
		sm3_loop_len = 1
		sm17_loop_len = 1
		sm8_loop_len = 1
		sm22_loop_len = 1
		sm13_loop_len = 1
		sm4_loop_len = 1
		sm18_loop_len = 1
		sm9_loop_len = 1
		sm0_loop_len = 1
		sm14_loop_len = 1
		sm5_loop_len = 1
		sm19_loop_len = 1
		sm10_loop_len = 1
		_EL_U_1500 = False
		sm22_state = True
		sm12_state = True
		_EL_U_1525 = True
		_EL_U_1527 = False
		sm1_state = True
		sm11_state = True
		sm21_state = True
		sm0_state = True
		sm10_state = True
		sm20_state = True
		sm9_state = True
		sm19_state = True
		sm8_state = True
		sm18_state = True
		sm7_state = True
		sm17_state = True
		_J1982 = True
		_J1976 = True
		_J1969 = True
		_J1963 = True
		_J1956 = True
		_J1950 = True
		_J1943 = True
		_J1937 = True
		_J1930 = True
		_J1924 = True
		_J1917 = True
		_J1911 = True
		sm6_state = True
		_J1904 = True
		_J1898 = False
		_J1891 = True
		_J1885 = True
		_J1878 = True
		_J1872 = True
		sm16_state = True
		_J1865 = True
		_J1859 = False
		_J1852 = True
		_J1846 = False
		_J1839 = True
		_J1833 = False
		_J1826 = True
		_J1820 = False
		_J1813 = True
		_J1807 = False
		_J1800 = True
		_J1794 = True
		_J1787 = True
		_J1781 = False
		_J1774 = True
		_J1768 = False
		_J1761 = True
		_J1755 = True
		_J1748 = True
		sm5_state = True
		_J1742 = False
		_J1735 = True
		_J1729 = False
		_J1722 = True
		_J1716 = True
		_J1709 = True
		sm15_state = True
		_J1703 = False
		_J1697 = True
		_J1691 = False
		_J1685 = True
		_J1679 = True
		_EL_U_1410 = True
		_EL_U_1412 = False
		_EL_U_1414 = True
		_EL_U_1416 = False
		_EL_U_1418 = True
		_EL_U_1420 = False
		_EL_U_1422 = True
		_EL_U_1424 = False
		_EL_U_1426 = True
		sm4_state = True
		_EL_U_1428 = False
		_EL_U_1430 = True
		_EL_U_1432 = False
		_EL_U_1434 = True
		sm14_state = True
		_EL_U_1436 = False
		_EL_U_1438 = True
		_EL_U_1440 = False
		_EL_U_1442 = True
		_EL_U_1444 = False
		_EL_U_1446 = True
		_EL_U_1448 = False
		_EL_U_1450 = True
		_EL_U_1452 = False
		_EL_U_1454 = True
		_EL_U_1456 = False
		_EL_U_1458 = True
		_EL_U_1460 = False
		sm3_state = True
		_EL_U_1462 = True
		_EL_U_1464 = False
		_EL_U_1466 = True
		_EL_U_1468 = False
		sm13_state = True
		_EL_U_1470 = True
		_EL_U_1472 = False
		_EL_U_1474 = True
		_EL_U_1476 = False
		_EL_U_1478 = True
		_EL_U_1480 = False
		_EL_U_1482 = True
		_EL_U_1484 = False
		_EL_U_1486 = True
		_EL_U_1488 = False
		_EL_U_1490 = True
		_EL_U_1492 = False
		_EL_U_1494 = True
		sm2_state = True
		_EL_U_1496 = False
		_EL_U_1498 = True
	Trans 36 -- 37
		_x_sm21_l = (sm21_l + -1)
		_x_sm20_l = (sm20_l + -1)
		_x_sm17_l = (sm17_l + -1)
		_x_sm14_l = (sm14_l + -1)
		_x_sm12_l = (sm12_l + -1)
		_x_sm9_l = (sm9_l + -1)
		_x_sm2_l = (sm2_l + -1)
		_x_sm3_l = (sm3_l + -1)
		_x_sm5_l = (sm5_l + -1)
		_x_sm22_l = (sm22_l + -1)
		_x_sm15_l = (sm15_l + -1)
		_x_sm18_l = (sm18_l + -1)
		_x_sm6_l = (sm6_l + -1)
		_x_sm10_l = (sm10_l + -1)
		_x_sm16_l = (sm16_l + -1)
		_x_sm13_l = (sm13_l + -1)
		_x_sm0_l = (sm0_l + -1)
		_x_sm19_l = (sm19_l + -1)
		_x_sm11_l = (sm11_l + -1)
		_x_sm8_l = (sm8_l + -1)
		_x_sm4_l = (sm4_l + -1)
		_x_sm1_l = (sm1_l + -1)
		_x_sm7_l = (sm7_l + -1)
	State 37
		sm1_loop_len = 1
		sm15_loop_len = 1
		run = 10
		sm6_loop_len = 1
		sm20_loop_len = 1
		sm11_loop_len = 1
		sm2_loop_len = 1
		semaphore = 0
		sm16_loop_len = 1
		sm7_loop_len = 1
		sm21_loop_len = 1
		sm12_loop_len = 1
		sm3_loop_len = 1
		sm17_loop_len = 1
		sm8_loop_len = 1
		sm22_loop_len = 1
		sm13_loop_len = 1
		sm4_loop_len = 1
		sm18_loop_len = 1
		sm9_loop_len = 1
		sm0_loop_len = 1
		sm14_loop_len = 1
		sm5_loop_len = 1
		sm19_loop_len = 1
		sm10_loop_len = 1
		_EL_U_1500 = False
		sm22_state = True
		sm12_state = True
		_EL_U_1525 = True
		_EL_U_1527 = False
		sm1_state = True
		sm11_state = True
		sm21_state = True
		sm0_state = True
		sm10_state = True
		sm20_state = True
		sm9_state = True
		sm19_state = True
		sm8_state = True
		sm18_state = True
		sm7_state = True
		sm17_state = True
		_J1982 = True
		_J1976 = True
		_J1969 = True
		_J1963 = True
		_J1956 = True
		_J1950 = True
		_J1943 = True
		_J1937 = True
		_J1930 = True
		_J1924 = True
		_J1917 = True
		_J1911 = True
		sm6_state = True
		_J1904 = True
		_J1898 = False
		_J1891 = True
		_J1885 = True
		_J1878 = True
		_J1872 = True
		sm16_state = True
		_J1865 = True
		_J1859 = False
		_J1852 = True
		_J1846 = True
		_J1839 = True
		_J1833 = False
		_J1826 = True
		_J1820 = False
		_J1813 = True
		_J1807 = False
		_J1800 = True
		_J1794 = True
		_J1787 = True
		_J1781 = False
		_J1774 = True
		_J1768 = False
		_J1761 = True
		_J1755 = True
		_J1748 = True
		sm5_state = True
		_J1742 = False
		_J1735 = True
		_J1729 = False
		_J1722 = True
		_J1716 = True
		_J1709 = True
		sm15_state = True
		_J1703 = False
		_J1697 = True
		_J1691 = False
		_J1685 = True
		_J1679 = True
		_EL_U_1410 = True
		_EL_U_1412 = False
		_EL_U_1414 = True
		_EL_U_1416 = False
		_EL_U_1418 = True
		_EL_U_1420 = False
		_EL_U_1422 = True
		_EL_U_1424 = False
		_EL_U_1426 = True
		sm4_state = True
		_EL_U_1428 = False
		_EL_U_1430 = True
		_EL_U_1432 = False
		_EL_U_1434 = True
		sm14_state = True
		_EL_U_1436 = False
		_EL_U_1438 = True
		_EL_U_1440 = False
		_EL_U_1442 = True
		_EL_U_1444 = False
		_EL_U_1446 = True
		_EL_U_1448 = False
		_EL_U_1450 = True
		_EL_U_1452 = False
		_EL_U_1454 = True
		_EL_U_1456 = False
		_EL_U_1458 = True
		_EL_U_1460 = False
		sm3_state = True
		_EL_U_1462 = True
		_EL_U_1464 = False
		_EL_U_1466 = True
		_EL_U_1468 = False
		sm13_state = True
		_EL_U_1470 = True
		_EL_U_1472 = False
		_EL_U_1474 = True
		_EL_U_1476 = False
		_EL_U_1478 = True
		_EL_U_1480 = False
		_EL_U_1482 = True
		_EL_U_1484 = False
		_EL_U_1486 = True
		_EL_U_1488 = False
		_EL_U_1490 = True
		_EL_U_1492 = False
		_EL_U_1494 = True
		sm2_state = True
		_EL_U_1496 = False
		_EL_U_1498 = True
	Trans 37 -- 38
		_x_sm21_l = (sm21_l + -1)
		_x_sm20_l = (sm20_l + -1)
		_x_sm17_l = (sm17_l + -1)
		_x_sm14_l = (sm14_l + -1)
		_x_sm12_l = (sm12_l + -1)
		_x_sm9_l = (sm9_l + -1)
		_x_sm2_l = (sm2_l + -1)
		_x_sm3_l = (sm3_l + -1)
		_x_sm5_l = (sm5_l + -1)
		_x_sm22_l = (sm22_l + -1)
		_x_sm15_l = (sm15_l + -1)
		_x_sm18_l = (sm18_l + -1)
		_x_sm6_l = (sm6_l + -1)
		_x_sm10_l = (sm10_l + -1)
		_x_sm16_l = (sm16_l + -1)
		_x_sm13_l = (sm13_l + -1)
		_x_sm0_l = (sm0_l + -1)
		_x_sm19_l = (sm19_l + -1)
		_x_sm11_l = (sm11_l + -1)
		_x_sm8_l = (sm8_l + -1)
		_x_sm4_l = (sm4_l + -1)
		_x_sm1_l = (sm1_l + -1)
		_x_sm7_l = (sm7_l + -1)
	State 38
		sm1_loop_len = 1
		sm15_loop_len = 1
		run = 1
		sm6_loop_len = 1
		sm20_loop_len = 1
		sm11_loop_len = 1
		sm2_loop_len = 1
		semaphore = 0
		sm16_loop_len = 1
		sm7_loop_len = 1
		sm21_loop_len = 1
		sm12_loop_len = 1
		sm3_loop_len = 1
		sm17_loop_len = 1
		sm8_loop_len = 1
		sm22_loop_len = 1
		sm13_loop_len = 1
		sm4_loop_len = 1
		sm18_loop_len = 1
		sm9_loop_len = 1
		sm0_loop_len = 1
		sm14_loop_len = 1
		sm5_loop_len = 1
		sm19_loop_len = 1
		sm10_loop_len = 1
		_EL_U_1500 = False
		sm22_state = True
		sm12_state = True
		_EL_U_1525 = True
		_EL_U_1527 = False
		sm1_state = True
		sm11_state = True
		sm21_state = True
		sm0_state = True
		sm10_state = True
		sm20_state = True
		sm9_state = True
		sm19_state = True
		sm8_state = True
		sm18_state = True
		sm7_state = True
		sm17_state = True
		_J1982 = True
		_J1976 = True
		_J1969 = True
		_J1963 = True
		_J1956 = True
		_J1950 = True
		_J1943 = True
		_J1937 = True
		_J1930 = True
		_J1924 = True
		_J1917 = True
		_J1911 = True
		sm6_state = True
		_J1904 = True
		_J1898 = False
		_J1891 = True
		_J1885 = True
		_J1878 = True
		_J1872 = True
		sm16_state = True
		_J1865 = True
		_J1859 = False
		_J1852 = True
		_J1846 = True
		_J1839 = True
		_J1833 = False
		_J1826 = True
		_J1820 = True
		_J1813 = True
		_J1807 = False
		_J1800 = True
		_J1794 = True
		_J1787 = True
		_J1781 = False
		_J1774 = True
		_J1768 = False
		_J1761 = True
		_J1755 = True
		_J1748 = True
		sm5_state = True
		_J1742 = False
		_J1735 = True
		_J1729 = False
		_J1722 = True
		_J1716 = True
		_J1709 = True
		sm15_state = True
		_J1703 = False
		_J1697 = True
		_J1691 = False
		_J1685 = True
		_J1679 = True
		_EL_U_1410 = True
		_EL_U_1412 = False
		_EL_U_1414 = True
		_EL_U_1416 = False
		_EL_U_1418 = True
		_EL_U_1420 = False
		_EL_U_1422 = True
		_EL_U_1424 = False
		_EL_U_1426 = True
		sm4_state = True
		_EL_U_1428 = False
		_EL_U_1430 = True
		_EL_U_1432 = False
		_EL_U_1434 = True
		sm14_state = True
		_EL_U_1436 = False
		_EL_U_1438 = True
		_EL_U_1440 = False
		_EL_U_1442 = True
		_EL_U_1444 = False
		_EL_U_1446 = True
		_EL_U_1448 = False
		_EL_U_1450 = True
		_EL_U_1452 = False
		_EL_U_1454 = True
		_EL_U_1456 = False
		_EL_U_1458 = True
		_EL_U_1460 = False
		sm3_state = True
		_EL_U_1462 = True
		_EL_U_1464 = False
		_EL_U_1466 = True
		_EL_U_1468 = False
		sm13_state = True
		_EL_U_1470 = True
		_EL_U_1472 = False
		_EL_U_1474 = True
		_EL_U_1476 = False
		_EL_U_1478 = True
		_EL_U_1480 = False
		_EL_U_1482 = True
		_EL_U_1484 = False
		_EL_U_1486 = True
		_EL_U_1488 = False
		_EL_U_1490 = True
		_EL_U_1492 = False
		_EL_U_1494 = True
		sm2_state = True
		_EL_U_1496 = False
		_EL_U_1498 = True
	Trans 38 -- 39
		_x_sm21_l = (sm21_l + -1)
		_x_sm20_l = (sm20_l + -1)
		_x_sm17_l = (sm17_l + -1)
		_x_sm14_l = (sm14_l + -1)
		_x_sm12_l = (sm12_l + -1)
		_x_sm9_l = (sm9_l + -1)
		_x_sm2_l = (sm2_l + -1)
		_x_sm3_l = (sm3_l + -1)
		_x_sm5_l = (sm5_l + -1)
		_x_sm22_l = (sm22_l + -1)
		_x_sm15_l = (sm15_l + -1)
		_x_sm18_l = (sm18_l + -1)
		_x_sm6_l = (sm6_l + -1)
		_x_sm10_l = (sm10_l + -1)
		_x_sm16_l = (sm16_l + -1)
		_x_sm13_l = (sm13_l + -1)
		_x_sm0_l = (sm0_l + -1)
		_x_sm19_l = (sm19_l + -1)
		_x_sm11_l = (sm11_l + -1)
		_x_sm8_l = (sm8_l + -1)
		_x_sm4_l = (sm4_l + -1)
		_x_sm1_l = (sm1_l + -1)
		_x_sm7_l = (sm7_l + -1)
	State 39
		sm1_loop_len = 1
		sm15_loop_len = 1
		run = 13
		sm6_loop_len = 1
		sm20_loop_len = 1
		sm11_loop_len = 1
		sm2_loop_len = 1
		semaphore = 0
		sm16_loop_len = 1
		sm7_loop_len = 1
		sm21_loop_len = 1
		sm12_loop_len = 1
		sm3_loop_len = 1
		sm17_loop_len = 1
		sm8_loop_len = 1
		sm22_loop_len = 1
		sm13_loop_len = 1
		sm4_loop_len = 1
		sm18_loop_len = 1
		sm9_loop_len = 1
		sm0_loop_len = 1
		sm14_loop_len = 1
		sm5_loop_len = 1
		sm19_loop_len = 1
		sm10_loop_len = 1
		_EL_U_1500 = False
		sm22_state = True
		sm12_state = True
		_EL_U_1525 = True
		_EL_U_1527 = False
		sm1_state = True
		sm11_state = True
		sm21_state = True
		sm0_state = True
		sm10_state = True
		sm20_state = True
		sm9_state = True
		sm19_state = True
		sm8_state = True
		sm18_state = True
		sm7_state = True
		sm17_state = True
		_J1982 = True
		_J1976 = True
		_J1969 = True
		_J1963 = True
		_J1956 = True
		_J1950 = True
		_J1943 = True
		_J1937 = True
		_J1930 = True
		_J1924 = True
		_J1917 = True
		_J1911 = True
		sm6_state = True
		_J1904 = True
		_J1898 = False
		_J1891 = True
		_J1885 = True
		_J1878 = True
		_J1872 = True
		sm16_state = True
		_J1865 = True
		_J1859 = False
		_J1852 = True
		_J1846 = True
		_J1839 = True
		_J1833 = False
		_J1826 = True
		_J1820 = True
		_J1813 = True
		_J1807 = False
		_J1800 = True
		_J1794 = True
		_J1787 = True
		_J1781 = False
		_J1774 = True
		_J1768 = False
		_J1761 = True
		_J1755 = True
		_J1748 = True
		sm5_state = True
		_J1742 = False
		_J1735 = True
		_J1729 = False
		_J1722 = True
		_J1716 = True
		_J1709 = True
		sm15_state = True
		_J1703 = True
		_J1697 = True
		_J1691 = False
		_J1685 = True
		_J1679 = True
		_EL_U_1410 = True
		_EL_U_1412 = False
		_EL_U_1414 = True
		_EL_U_1416 = False
		_EL_U_1418 = True
		_EL_U_1420 = False
		_EL_U_1422 = True
		_EL_U_1424 = False
		_EL_U_1426 = True
		sm4_state = True
		_EL_U_1428 = False
		_EL_U_1430 = True
		_EL_U_1432 = False
		_EL_U_1434 = True
		sm14_state = True
		_EL_U_1436 = False
		_EL_U_1438 = True
		_EL_U_1440 = False
		_EL_U_1442 = True
		_EL_U_1444 = False
		_EL_U_1446 = True
		_EL_U_1448 = False
		_EL_U_1450 = True
		_EL_U_1452 = False
		_EL_U_1454 = True
		_EL_U_1456 = False
		_EL_U_1458 = True
		_EL_U_1460 = False
		sm3_state = True
		_EL_U_1462 = True
		_EL_U_1464 = False
		_EL_U_1466 = True
		_EL_U_1468 = False
		sm13_state = True
		_EL_U_1470 = True
		_EL_U_1472 = False
		_EL_U_1474 = True
		_EL_U_1476 = False
		_EL_U_1478 = True
		_EL_U_1480 = False
		_EL_U_1482 = True
		_EL_U_1484 = False
		_EL_U_1486 = True
		_EL_U_1488 = False
		_EL_U_1490 = True
		_EL_U_1492 = False
		_EL_U_1494 = True
		sm2_state = True
		_EL_U_1496 = False
		_EL_U_1498 = True
	Trans 39 -- 40
		_x_sm21_l = (sm21_l + -1)
		_x_sm20_l = (sm20_l + -1)
		_x_sm17_l = (sm17_l + -1)
		_x_sm14_l = (sm14_l + -1)
		_x_sm12_l = (sm12_l + -1)
		_x_sm9_l = (sm9_l + -1)
		_x_sm2_l = (sm2_l + -1)
		_x_sm3_l = (sm3_l + -1)
		_x_sm5_l = (sm5_l + -1)
		_x_sm22_l = (sm22_l + -1)
		_x_sm15_l = (sm15_l + -1)
		_x_sm18_l = (sm18_l + -1)
		_x_sm6_l = (sm6_l + -1)
		_x_sm10_l = (sm10_l + -1)
		_x_sm16_l = (sm16_l + -1)
		_x_sm13_l = (sm13_l + -1)
		_x_sm0_l = (sm0_l + -1)
		_x_sm19_l = (sm19_l + -1)
		_x_sm11_l = (sm11_l + -1)
		_x_sm8_l = (sm8_l + -1)
		_x_sm4_l = (sm4_l + -1)
		_x_sm1_l = (sm1_l + -1)
		_x_sm7_l = (sm7_l + -1)
	State 40
		sm1_loop_len = 1
		sm15_loop_len = 1
		run = 9
		sm6_loop_len = 1
		sm20_loop_len = 1
		sm11_loop_len = 1
		sm2_loop_len = 1
		semaphore = 0
		sm16_loop_len = 1
		sm7_loop_len = 1
		sm21_loop_len = 1
		sm12_loop_len = 1
		sm3_loop_len = 1
		sm17_loop_len = 1
		sm8_loop_len = 1
		sm22_loop_len = 1
		sm13_loop_len = 1
		sm4_loop_len = 1
		sm18_loop_len = 1
		sm9_loop_len = 1
		sm0_loop_len = 1
		sm14_loop_len = 1
		sm5_loop_len = 1
		sm19_loop_len = 1
		sm10_loop_len = 1
		_EL_U_1500 = False
		sm22_state = True
		sm12_state = True
		_EL_U_1525 = True
		_EL_U_1527 = False
		sm1_state = True
		sm11_state = True
		sm21_state = True
		sm0_state = True
		sm10_state = True
		sm20_state = True
		sm9_state = True
		sm19_state = True
		sm8_state = True
		sm18_state = True
		sm7_state = True
		sm17_state = True
		_J1982 = True
		_J1976 = True
		_J1969 = True
		_J1963 = True
		_J1956 = True
		_J1950 = True
		_J1943 = True
		_J1937 = True
		_J1930 = True
		_J1924 = True
		_J1917 = True
		_J1911 = True
		sm6_state = True
		_J1904 = True
		_J1898 = False
		_J1891 = True
		_J1885 = True
		_J1878 = True
		_J1872 = True
		sm16_state = True
		_J1865 = True
		_J1859 = True
		_J1852 = True
		_J1846 = True
		_J1839 = True
		_J1833 = False
		_J1826 = True
		_J1820 = True
		_J1813 = True
		_J1807 = False
		_J1800 = True
		_J1794 = True
		_J1787 = True
		_J1781 = False
		_J1774 = True
		_J1768 = False
		_J1761 = True
		_J1755 = True
		_J1748 = True
		sm5_state = True
		_J1742 = False
		_J1735 = True
		_J1729 = False
		_J1722 = True
		_J1716 = True
		_J1709 = True
		sm15_state = True
		_J1703 = True
		_J1697 = True
		_J1691 = False
		_J1685 = True
		_J1679 = True
		_EL_U_1410 = True
		_EL_U_1412 = False
		_EL_U_1414 = True
		_EL_U_1416 = False
		_EL_U_1418 = True
		_EL_U_1420 = False
		_EL_U_1422 = True
		_EL_U_1424 = False
		_EL_U_1426 = True
		sm4_state = True
		_EL_U_1428 = False
		_EL_U_1430 = True
		_EL_U_1432 = False
		_EL_U_1434 = True
		sm14_state = True
		_EL_U_1436 = False
		_EL_U_1438 = True
		_EL_U_1440 = False
		_EL_U_1442 = True
		_EL_U_1444 = False
		_EL_U_1446 = True
		_EL_U_1448 = False
		_EL_U_1450 = True
		_EL_U_1452 = False
		_EL_U_1454 = True
		_EL_U_1456 = False
		_EL_U_1458 = True
		_EL_U_1460 = False
		sm3_state = True
		_EL_U_1462 = True
		_EL_U_1464 = False
		_EL_U_1466 = True
		_EL_U_1468 = False
		sm13_state = True
		_EL_U_1470 = True
		_EL_U_1472 = False
		_EL_U_1474 = True
		_EL_U_1476 = False
		_EL_U_1478 = True
		_EL_U_1480 = False
		_EL_U_1482 = True
		_EL_U_1484 = False
		_EL_U_1486 = True
		_EL_U_1488 = False
		_EL_U_1490 = True
		_EL_U_1492 = False
		_EL_U_1494 = True
		sm2_state = True
		_EL_U_1496 = False
		_EL_U_1498 = True
	Trans 40 -- 41
		_x_sm21_l = (sm21_l + -1)
		_x_sm20_l = (sm20_l + -1)
		_x_sm17_l = (sm17_l + -1)
		_x_sm14_l = (sm14_l + -1)
		_x_sm12_l = (sm12_l + -1)
		_x_sm9_l = (sm9_l + -1)
		_x_sm2_l = (sm2_l + -1)
		_x_sm3_l = (sm3_l + -1)
		_x_sm5_l = (sm5_l + -1)
		_x_sm22_l = (sm22_l + -1)
		_x_sm15_l = (sm15_l + -1)
		_x_sm18_l = (sm18_l + -1)
		_x_sm6_l = (sm6_l + -1)
		_x_sm10_l = (sm10_l + -1)
		_x_sm16_l = (sm16_l + -1)
		_x_sm13_l = (sm13_l + -1)
		_x_sm0_l = (sm0_l + -1)
		_x_sm19_l = (sm19_l + -1)
		_x_sm11_l = (sm11_l + -1)
		_x_sm8_l = (sm8_l + -1)
		_x_sm4_l = (sm4_l + -1)
		_x_sm1_l = (sm1_l + -1)
		_x_sm7_l = (sm7_l + -1)
	State 41
		sm1_loop_len = 1
		sm15_loop_len = 1
		run = 16
		sm6_loop_len = 1
		sm20_loop_len = 1
		sm11_loop_len = 1
		sm2_loop_len = 1
		semaphore = 0
		sm16_loop_len = 1
		sm7_loop_len = 1
		sm21_loop_len = 1
		sm12_loop_len = 1
		sm3_loop_len = 1
		sm17_loop_len = 1
		sm8_loop_len = 1
		sm22_loop_len = 1
		sm13_loop_len = 1
		sm4_loop_len = 1
		sm18_loop_len = 1
		sm9_loop_len = 1
		sm0_loop_len = 1
		sm14_loop_len = 1
		sm5_loop_len = 1
		sm19_loop_len = 1
		sm10_loop_len = 1
		_EL_U_1500 = False
		sm22_state = True
		sm12_state = True
		_EL_U_1525 = True
		_EL_U_1527 = False
		sm1_state = True
		sm11_state = True
		sm21_state = True
		sm0_state = True
		sm10_state = True
		sm20_state = True
		sm9_state = True
		sm19_state = True
		sm8_state = True
		sm18_state = True
		sm7_state = True
		sm17_state = True
		_J1982 = True
		_J1976 = True
		_J1969 = True
		_J1963 = True
		_J1956 = True
		_J1950 = True
		_J1943 = True
		_J1937 = True
		_J1930 = True
		_J1924 = True
		_J1917 = True
		_J1911 = True
		sm6_state = True
		_J1904 = True
		_J1898 = False
		_J1891 = True
		_J1885 = True
		_J1878 = True
		_J1872 = True
		sm16_state = True
		_J1865 = True
		_J1859 = True
		_J1852 = True
		_J1846 = True
		_J1839 = True
		_J1833 = False
		_J1826 = True
		_J1820 = True
		_J1813 = True
		_J1807 = True
		_J1800 = True
		_J1794 = True
		_J1787 = True
		_J1781 = False
		_J1774 = True
		_J1768 = False
		_J1761 = True
		_J1755 = True
		_J1748 = True
		sm5_state = True
		_J1742 = False
		_J1735 = True
		_J1729 = False
		_J1722 = True
		_J1716 = True
		_J1709 = True
		sm15_state = True
		_J1703 = True
		_J1697 = True
		_J1691 = False
		_J1685 = True
		_J1679 = True
		_EL_U_1410 = True
		_EL_U_1412 = False
		_EL_U_1414 = True
		_EL_U_1416 = False
		_EL_U_1418 = True
		_EL_U_1420 = False
		_EL_U_1422 = True
		_EL_U_1424 = False
		_EL_U_1426 = True
		sm4_state = True
		_EL_U_1428 = False
		_EL_U_1430 = True
		_EL_U_1432 = False
		_EL_U_1434 = True
		sm14_state = True
		_EL_U_1436 = False
		_EL_U_1438 = True
		_EL_U_1440 = False
		_EL_U_1442 = True
		_EL_U_1444 = False
		_EL_U_1446 = True
		_EL_U_1448 = False
		_EL_U_1450 = True
		_EL_U_1452 = False
		_EL_U_1454 = True
		_EL_U_1456 = False
		_EL_U_1458 = True
		_EL_U_1460 = False
		sm3_state = True
		_EL_U_1462 = True
		_EL_U_1464 = False
		_EL_U_1466 = True
		_EL_U_1468 = False
		sm13_state = True
		_EL_U_1470 = True
		_EL_U_1472 = False
		_EL_U_1474 = True
		_EL_U_1476 = False
		_EL_U_1478 = True
		_EL_U_1480 = False
		_EL_U_1482 = True
		_EL_U_1484 = False
		_EL_U_1486 = True
		_EL_U_1488 = False
		_EL_U_1490 = True
		_EL_U_1492 = False
		_EL_U_1494 = True
		sm2_state = True
		_EL_U_1496 = False
		_EL_U_1498 = True
	Trans 41 -- 42
		_x_sm21_l = (sm21_l + -1)
		_x_sm20_l = (sm20_l + -1)
		_x_sm17_l = (sm17_l + -1)
		_x_sm14_l = (sm14_l + -1)
		_x_sm12_l = (sm12_l + -1)
		_x_sm9_l = (sm9_l + -1)
		_x_sm2_l = (sm2_l + -1)
		_x_sm3_l = (sm3_l + -1)
		_x_sm5_l = (sm5_l + -1)
		_x_sm22_l = (sm22_l + -1)
		_x_sm15_l = (sm15_l + -1)
		_x_sm18_l = (sm18_l + -1)
		_x_sm6_l = (sm6_l + -1)
		_x_sm10_l = (sm10_l + -1)
		_x_sm16_l = (sm16_l + -1)
		_x_sm13_l = (sm13_l + -1)
		_x_sm0_l = (sm0_l + -1)
		_x_sm19_l = (sm19_l + -1)
		_x_sm11_l = (sm11_l + -1)
		_x_sm8_l = (sm8_l + -1)
		_x_sm4_l = (sm4_l + -1)
		_x_sm1_l = (sm1_l + -1)
		_x_sm7_l = (sm7_l + -1)
	State 42
		sm1_loop_len = 1
		sm15_loop_len = 1
		run = 11
		sm6_loop_len = 1
		sm20_loop_len = 1
		sm11_loop_len = 1
		sm2_loop_len = 1
		semaphore = 0
		sm16_loop_len = 1
		sm7_loop_len = 1
		sm21_loop_len = 1
		sm12_loop_len = 1
		sm3_loop_len = 1
		sm17_loop_len = 1
		sm8_loop_len = 1
		sm22_loop_len = 1
		sm13_loop_len = 1
		sm4_loop_len = 1
		sm18_loop_len = 1
		sm9_loop_len = 1
		sm0_loop_len = 1
		sm14_loop_len = 1
		sm5_loop_len = 1
		sm19_loop_len = 1
		sm10_loop_len = 1
		_EL_U_1500 = False
		sm22_state = True
		sm12_state = True
		_EL_U_1525 = True
		_EL_U_1527 = False
		sm1_state = True
		sm11_state = True
		sm21_state = True
		sm0_state = True
		sm10_state = True
		sm20_state = True
		sm9_state = True
		sm19_state = True
		sm8_state = True
		sm18_state = True
		sm7_state = True
		sm17_state = True
		_J1982 = True
		_J1976 = True
		_J1969 = True
		_J1963 = True
		_J1956 = True
		_J1950 = True
		_J1943 = True
		_J1937 = True
		_J1930 = True
		_J1924 = True
		_J1917 = True
		_J1911 = True
		sm6_state = True
		_J1904 = True
		_J1898 = True
		_J1891 = True
		_J1885 = True
		_J1878 = True
		_J1872 = True
		sm16_state = True
		_J1865 = True
		_J1859 = True
		_J1852 = True
		_J1846 = True
		_J1839 = True
		_J1833 = False
		_J1826 = True
		_J1820 = True
		_J1813 = True
		_J1807 = True
		_J1800 = True
		_J1794 = True
		_J1787 = True
		_J1781 = False
		_J1774 = True
		_J1768 = False
		_J1761 = True
		_J1755 = True
		_J1748 = True
		sm5_state = True
		_J1742 = False
		_J1735 = True
		_J1729 = False
		_J1722 = True
		_J1716 = True
		_J1709 = True
		sm15_state = True
		_J1703 = True
		_J1697 = True
		_J1691 = False
		_J1685 = True
		_J1679 = True
		_EL_U_1410 = True
		_EL_U_1412 = False
		_EL_U_1414 = True
		_EL_U_1416 = False
		_EL_U_1418 = True
		_EL_U_1420 = False
		_EL_U_1422 = True
		_EL_U_1424 = False
		_EL_U_1426 = True
		sm4_state = True
		_EL_U_1428 = False
		_EL_U_1430 = True
		_EL_U_1432 = False
		_EL_U_1434 = True
		sm14_state = True
		_EL_U_1436 = False
		_EL_U_1438 = True
		_EL_U_1440 = False
		_EL_U_1442 = True
		_EL_U_1444 = False
		_EL_U_1446 = True
		_EL_U_1448 = False
		_EL_U_1450 = True
		_EL_U_1452 = False
		_EL_U_1454 = True
		_EL_U_1456 = False
		_EL_U_1458 = True
		_EL_U_1460 = False
		sm3_state = True
		_EL_U_1462 = True
		_EL_U_1464 = False
		_EL_U_1466 = True
		_EL_U_1468 = False
		sm13_state = True
		_EL_U_1470 = True
		_EL_U_1472 = False
		_EL_U_1474 = True
		_EL_U_1476 = False
		_EL_U_1478 = True
		_EL_U_1480 = False
		_EL_U_1482 = True
		_EL_U_1484 = False
		_EL_U_1486 = True
		_EL_U_1488 = False
		_EL_U_1490 = True
		_EL_U_1492 = False
		_EL_U_1494 = True
		sm2_state = True
		_EL_U_1496 = False
		_EL_U_1498 = True
	Trans 42 -- 43
		_x_sm21_l = (sm21_l + -1)
		_x_sm20_l = (sm20_l + -1)
		_x_sm17_l = (sm17_l + -1)
		_x_sm14_l = (sm14_l + -1)
		_x_sm12_l = (sm12_l + -1)
		_x_sm9_l = (sm9_l + -1)
		_x_sm2_l = (sm2_l + -1)
		_x_sm3_l = (sm3_l + -1)
		_x_sm5_l = (sm5_l + -1)
		_x_sm22_l = (sm22_l + -1)
		_x_sm15_l = (sm15_l + -1)
		_x_sm18_l = (sm18_l + -1)
		_x_sm6_l = (sm6_l + -1)
		_x_sm10_l = (sm10_l + -1)
		_x_sm16_l = (sm16_l + -1)
		_x_sm13_l = (sm13_l + -1)
		_x_sm0_l = (sm0_l + -1)
		_x_sm19_l = (sm19_l + -1)
		_x_sm11_l = (sm11_l + -1)
		_x_sm8_l = (sm8_l + -1)
		_x_sm4_l = (sm4_l + -1)
		_x_sm1_l = (sm1_l + -1)
		_x_sm7_l = (sm7_l + -1)
	State 43
		sm1_loop_len = 1
		sm15_loop_len = 1
		run = 3
		sm6_loop_len = 1
		sm20_loop_len = 1
		sm11_loop_len = 1
		sm2_loop_len = 1
		semaphore = 0
		sm16_loop_len = 1
		sm7_loop_len = 1
		sm21_loop_len = 1
		sm12_loop_len = 1
		sm3_loop_len = 1
		sm17_loop_len = 1
		sm8_loop_len = 1
		sm22_loop_len = 1
		sm13_loop_len = 1
		sm4_loop_len = 1
		sm18_loop_len = 1
		sm9_loop_len = 1
		sm0_loop_len = 1
		sm14_loop_len = 1
		sm5_loop_len = 1
		sm19_loop_len = 1
		sm10_loop_len = 1
		_EL_U_1500 = False
		sm22_state = True
		sm12_state = True
		_EL_U_1525 = True
		_EL_U_1527 = False
		sm1_state = True
		sm11_state = True
		sm21_state = True
		sm0_state = True
		sm10_state = True
		sm20_state = True
		sm9_state = True
		sm19_state = True
		sm8_state = True
		sm18_state = True
		sm7_state = True
		sm17_state = True
		_J1982 = True
		_J1976 = True
		_J1969 = True
		_J1963 = True
		_J1956 = True
		_J1950 = True
		_J1943 = True
		_J1937 = True
		_J1930 = True
		_J1924 = True
		_J1917 = True
		_J1911 = True
		sm6_state = True
		_J1904 = True
		_J1898 = True
		_J1891 = True
		_J1885 = True
		_J1878 = True
		_J1872 = True
		sm16_state = True
		_J1865 = True
		_J1859 = True
		_J1852 = True
		_J1846 = True
		_J1839 = True
		_J1833 = True
		_J1826 = True
		_J1820 = True
		_J1813 = True
		_J1807 = True
		_J1800 = True
		_J1794 = True
		_J1787 = True
		_J1781 = False
		_J1774 = True
		_J1768 = False
		_J1761 = True
		_J1755 = True
		_J1748 = True
		sm5_state = True
		_J1742 = False
		_J1735 = True
		_J1729 = False
		_J1722 = True
		_J1716 = True
		_J1709 = True
		sm15_state = True
		_J1703 = True
		_J1697 = True
		_J1691 = False
		_J1685 = True
		_J1679 = True
		_EL_U_1410 = True
		_EL_U_1412 = False
		_EL_U_1414 = True
		_EL_U_1416 = False
		_EL_U_1418 = True
		_EL_U_1420 = False
		_EL_U_1422 = True
		_EL_U_1424 = False
		_EL_U_1426 = True
		sm4_state = True
		_EL_U_1428 = False
		_EL_U_1430 = True
		_EL_U_1432 = False
		_EL_U_1434 = True
		sm14_state = True
		_EL_U_1436 = False
		_EL_U_1438 = True
		_EL_U_1440 = False
		_EL_U_1442 = True
		_EL_U_1444 = False
		_EL_U_1446 = True
		_EL_U_1448 = False
		_EL_U_1450 = True
		_EL_U_1452 = False
		_EL_U_1454 = True
		_EL_U_1456 = False
		_EL_U_1458 = True
		_EL_U_1460 = False
		sm3_state = True
		_EL_U_1462 = True
		_EL_U_1464 = False
		_EL_U_1466 = True
		_EL_U_1468 = False
		sm13_state = True
		_EL_U_1470 = True
		_EL_U_1472 = False
		_EL_U_1474 = True
		_EL_U_1476 = False
		_EL_U_1478 = True
		_EL_U_1480 = False
		_EL_U_1482 = True
		_EL_U_1484 = False
		_EL_U_1486 = True
		_EL_U_1488 = False
		_EL_U_1490 = True
		_EL_U_1492 = False
		_EL_U_1494 = True
		sm2_state = True
		_EL_U_1496 = False
		_EL_U_1498 = True
	Trans 43 -- 44
		_x_sm21_l = (sm21_l + -1)
		_x_sm20_l = (sm20_l + -1)
		_x_sm17_l = (sm17_l + -1)
		_x_sm14_l = (sm14_l + -1)
		_x_sm12_l = (sm12_l + -1)
		_x_sm9_l = (sm9_l + -1)
		_x_sm2_l = (sm2_l + -1)
		_x_sm3_l = (sm3_l + -1)
		_x_sm5_l = (sm5_l + -1)
		_x_sm22_l = (sm22_l + -1)
		_x_sm15_l = (sm15_l + -1)
		_x_sm18_l = (sm18_l + -1)
		_x_sm6_l = (sm6_l + -1)
		_x_sm10_l = (sm10_l + -1)
		_x_sm16_l = (sm16_l + -1)
		_x_sm13_l = (sm13_l + -1)
		_x_sm0_l = (sm0_l + -1)
		_x_sm19_l = (sm19_l + -1)
		_x_sm11_l = (sm11_l + -1)
		_x_sm8_l = (sm8_l + -1)
		_x_sm4_l = (sm4_l + -1)
		_x_sm1_l = (sm1_l + -1)
		_x_sm7_l = (sm7_l + -1)
	State 44
		sm1_loop_len = 1
		sm15_loop_len = 1
		run = 4
		sm6_loop_len = 1
		sm20_loop_len = 1
		sm11_loop_len = 1
		sm2_loop_len = 1
		semaphore = 0
		sm16_loop_len = 1
		sm7_loop_len = 1
		sm21_loop_len = 1
		sm12_loop_len = 1
		sm3_loop_len = 1
		sm17_loop_len = 1
		sm8_loop_len = 1
		sm22_loop_len = 1
		sm13_loop_len = 1
		sm4_loop_len = 1
		sm18_loop_len = 1
		sm9_loop_len = 1
		sm0_loop_len = 1
		sm14_loop_len = 1
		sm5_loop_len = 1
		sm19_loop_len = 1
		sm10_loop_len = 1
		_EL_U_1500 = False
		sm22_state = True
		sm12_state = True
		_EL_U_1525 = True
		_EL_U_1527 = False
		sm1_state = True
		sm11_state = True
		sm21_state = True
		sm0_state = True
		sm10_state = True
		sm20_state = True
		sm9_state = True
		sm19_state = True
		sm8_state = True
		sm18_state = True
		sm7_state = True
		sm17_state = True
		_J1982 = True
		_J1976 = True
		_J1969 = True
		_J1963 = True
		_J1956 = True
		_J1950 = True
		_J1943 = True
		_J1937 = True
		_J1930 = True
		_J1924 = True
		_J1917 = True
		_J1911 = True
		sm6_state = True
		_J1904 = True
		_J1898 = True
		_J1891 = True
		_J1885 = True
		_J1878 = True
		_J1872 = True
		sm16_state = True
		_J1865 = True
		_J1859 = True
		_J1852 = True
		_J1846 = True
		_J1839 = True
		_J1833 = True
		_J1826 = True
		_J1820 = True
		_J1813 = True
		_J1807 = True
		_J1800 = True
		_J1794 = True
		_J1787 = True
		_J1781 = False
		_J1774 = True
		_J1768 = False
		_J1761 = True
		_J1755 = True
		_J1748 = True
		sm5_state = True
		_J1742 = False
		_J1735 = True
		_J1729 = True
		_J1722 = True
		_J1716 = True
		_J1709 = True
		sm15_state = True
		_J1703 = True
		_J1697 = True
		_J1691 = False
		_J1685 = True
		_J1679 = True
		_EL_U_1410 = True
		_EL_U_1412 = False
		_EL_U_1414 = True
		_EL_U_1416 = False
		_EL_U_1418 = True
		_EL_U_1420 = False
		_EL_U_1422 = True
		_EL_U_1424 = False
		_EL_U_1426 = True
		sm4_state = True
		_EL_U_1428 = False
		_EL_U_1430 = True
		_EL_U_1432 = False
		_EL_U_1434 = True
		sm14_state = True
		_EL_U_1436 = False
		_EL_U_1438 = True
		_EL_U_1440 = False
		_EL_U_1442 = True
		_EL_U_1444 = False
		_EL_U_1446 = True
		_EL_U_1448 = False
		_EL_U_1450 = True
		_EL_U_1452 = False
		_EL_U_1454 = True
		_EL_U_1456 = False
		_EL_U_1458 = True
		_EL_U_1460 = False
		sm3_state = True
		_EL_U_1462 = True
		_EL_U_1464 = False
		_EL_U_1466 = True
		_EL_U_1468 = False
		sm13_state = True
		_EL_U_1470 = True
		_EL_U_1472 = False
		_EL_U_1474 = True
		_EL_U_1476 = False
		_EL_U_1478 = True
		_EL_U_1480 = False
		_EL_U_1482 = True
		_EL_U_1484 = False
		_EL_U_1486 = True
		_EL_U_1488 = False
		_EL_U_1490 = True
		_EL_U_1492 = False
		_EL_U_1494 = True
		sm2_state = True
		_EL_U_1496 = False
		_EL_U_1498 = True
	Trans 44 -- 45
		_x_sm21_l = (sm21_l + -1)
		_x_sm20_l = (sm20_l + -1)
		_x_sm17_l = (sm17_l + -1)
		_x_sm14_l = (sm14_l + -1)
		_x_sm12_l = (sm12_l + -1)
		_x_sm9_l = (sm9_l + -1)
		_x_sm2_l = (sm2_l + -1)
		_x_sm3_l = (sm3_l + -1)
		_x_sm5_l = (sm5_l + -1)
		_x_sm22_l = (sm22_l + -1)
		_x_sm15_l = (sm15_l + -1)
		_x_sm18_l = (sm18_l + -1)
		_x_sm6_l = (sm6_l + -1)
		_x_sm10_l = (sm10_l + -1)
		_x_sm16_l = (sm16_l + -1)
		_x_sm13_l = (sm13_l + -1)
		_x_sm0_l = (sm0_l + -1)
		_x_sm19_l = (sm19_l + -1)
		_x_sm11_l = (sm11_l + -1)
		_x_sm8_l = (sm8_l + -1)
		_x_sm4_l = (sm4_l + -1)
		_x_sm1_l = (sm1_l + -1)
		_x_sm7_l = (sm7_l + -1)
	State 45
		sm1_loop_len = 1
		sm15_loop_len = 1
		run = 6
		sm6_loop_len = 1
		sm20_loop_len = 1
		sm11_loop_len = 1
		sm2_loop_len = 1
		semaphore = 0
		sm16_loop_len = 1
		sm7_loop_len = 1
		sm21_loop_len = 1
		sm12_loop_len = 1
		sm3_loop_len = 1
		sm17_loop_len = 1
		sm8_loop_len = 1
		sm22_loop_len = 1
		sm13_loop_len = 1
		sm4_loop_len = 1
		sm18_loop_len = 1
		sm9_loop_len = 1
		sm0_loop_len = 1
		sm14_loop_len = 1
		sm5_loop_len = 1
		sm19_loop_len = 1
		sm10_loop_len = 1
		_EL_U_1500 = False
		sm22_state = True
		sm12_state = True
		_EL_U_1525 = True
		_EL_U_1527 = False
		sm1_state = True
		sm11_state = True
		sm21_state = True
		sm0_state = True
		sm10_state = True
		sm20_state = True
		sm9_state = True
		sm19_state = True
		sm8_state = True
		sm18_state = True
		sm7_state = True
		sm17_state = True
		_J1982 = True
		_J1976 = True
		_J1969 = True
		_J1963 = True
		_J1956 = True
		_J1950 = True
		_J1943 = True
		_J1937 = True
		_J1930 = True
		_J1924 = True
		_J1917 = True
		_J1911 = True
		sm6_state = True
		_J1904 = True
		_J1898 = True
		_J1891 = True
		_J1885 = True
		_J1878 = True
		_J1872 = True
		sm16_state = True
		_J1865 = True
		_J1859 = True
		_J1852 = True
		_J1846 = True
		_J1839 = True
		_J1833 = True
		_J1826 = True
		_J1820 = True
		_J1813 = True
		_J1807 = True
		_J1800 = True
		_J1794 = True
		_J1787 = True
		_J1781 = False
		_J1774 = True
		_J1768 = False
		_J1761 = True
		_J1755 = True
		_J1748 = True
		sm5_state = True
		_J1742 = True
		_J1735 = True
		_J1729 = True
		_J1722 = True
		_J1716 = True
		_J1709 = True
		sm15_state = True
		_J1703 = True
		_J1697 = True
		_J1691 = False
		_J1685 = True
		_J1679 = True
		_EL_U_1410 = True
		_EL_U_1412 = False
		_EL_U_1414 = True
		_EL_U_1416 = False
		_EL_U_1418 = True
		_EL_U_1420 = False
		_EL_U_1422 = True
		_EL_U_1424 = False
		_EL_U_1426 = True
		sm4_state = True
		_EL_U_1428 = False
		_EL_U_1430 = True
		_EL_U_1432 = False
		_EL_U_1434 = True
		sm14_state = True
		_EL_U_1436 = False
		_EL_U_1438 = True
		_EL_U_1440 = False
		_EL_U_1442 = True
		_EL_U_1444 = False
		_EL_U_1446 = True
		_EL_U_1448 = False
		_EL_U_1450 = True
		_EL_U_1452 = False
		_EL_U_1454 = True
		_EL_U_1456 = False
		_EL_U_1458 = True
		_EL_U_1460 = False
		sm3_state = True
		_EL_U_1462 = True
		_EL_U_1464 = False
		_EL_U_1466 = True
		_EL_U_1468 = False
		sm13_state = True
		_EL_U_1470 = True
		_EL_U_1472 = False
		_EL_U_1474 = True
		_EL_U_1476 = False
		_EL_U_1478 = True
		_EL_U_1480 = False
		_EL_U_1482 = True
		_EL_U_1484 = False
		_EL_U_1486 = True
		_EL_U_1488 = False
		_EL_U_1490 = True
		_EL_U_1492 = False
		_EL_U_1494 = True
		sm2_state = True
		_EL_U_1496 = False
		_EL_U_1498 = True
	Trans 45 -- 46
		_x_sm21_l = (sm21_l + -1)
		_x_sm20_l = (sm20_l + -1)
		_x_sm17_l = (sm17_l + -1)
		_x_sm14_l = (sm14_l + -1)
		_x_sm12_l = (sm12_l + -1)
		_x_sm9_l = (sm9_l + -1)
		_x_sm2_l = (sm2_l + -1)
		_x_sm3_l = (sm3_l + -1)
		_x_sm5_l = (sm5_l + -1)
		_x_sm22_l = (sm22_l + -1)
		_x_sm15_l = (sm15_l + -1)
		_x_sm18_l = (sm18_l + -1)
		_x_sm6_l = (sm6_l + -1)
		_x_sm10_l = (sm10_l + -1)
		_x_sm16_l = (sm16_l + -1)
		_x_sm13_l = (sm13_l + -1)
		_x_sm0_l = (sm0_l + -1)
		_x_sm19_l = (sm19_l + -1)
		_x_sm11_l = (sm11_l + -1)
		_x_sm8_l = (sm8_l + -1)
		_x_sm4_l = (sm4_l + -1)
		_x_sm1_l = (sm1_l + -1)
		_x_sm7_l = (sm7_l + -1)
	State 46
		sm1_loop_len = 1
		sm15_loop_len = 1
		run = 0
		sm6_loop_len = 1
		sm20_loop_len = 1
		sm11_loop_len = 1
		sm2_loop_len = 1
		semaphore = 0
		sm16_loop_len = 1
		sm7_loop_len = 1
		sm21_loop_len = 1
		sm12_loop_len = 1
		sm3_loop_len = 1
		sm17_loop_len = 1
		sm8_loop_len = 1
		sm22_loop_len = 1
		sm13_loop_len = 1
		sm4_loop_len = 1
		sm18_loop_len = 1
		sm9_loop_len = 1
		sm0_loop_len = 1
		sm14_loop_len = 1
		sm5_loop_len = 1
		sm19_loop_len = 1
		sm10_loop_len = 1
		_EL_U_1500 = False
		sm22_state = True
		sm12_state = True
		_EL_U_1525 = True
		_EL_U_1527 = False
		sm1_state = True
		sm11_state = True
		sm21_state = True
		sm0_state = True
		sm10_state = True
		sm20_state = True
		sm9_state = True
		sm19_state = True
		sm8_state = True
		sm18_state = True
		sm7_state = True
		sm17_state = True
		_J1982 = True
		_J1976 = True
		_J1969 = True
		_J1963 = True
		_J1956 = True
		_J1950 = True
		_J1943 = True
		_J1937 = True
		_J1930 = True
		_J1924 = True
		_J1917 = True
		_J1911 = True
		sm6_state = True
		_J1904 = True
		_J1898 = True
		_J1891 = True
		_J1885 = True
		_J1878 = True
		_J1872 = True
		sm16_state = True
		_J1865 = True
		_J1859 = True
		_J1852 = True
		_J1846 = True
		_J1839 = True
		_J1833 = True
		_J1826 = True
		_J1820 = True
		_J1813 = True
		_J1807 = True
		_J1800 = True
		_J1794 = True
		_J1787 = True
		_J1781 = False
		_J1774 = True
		_J1768 = True
		_J1761 = True
		_J1755 = True
		_J1748 = True
		sm5_state = True
		_J1742 = True
		_J1735 = True
		_J1729 = True
		_J1722 = True
		_J1716 = True
		_J1709 = True
		sm15_state = True
		_J1703 = True
		_J1697 = True
		_J1691 = False
		_J1685 = True
		_J1679 = True
		_EL_U_1410 = True
		_EL_U_1412 = False
		_EL_U_1414 = True
		_EL_U_1416 = False
		_EL_U_1418 = True
		_EL_U_1420 = False
		_EL_U_1422 = True
		_EL_U_1424 = False
		_EL_U_1426 = True
		sm4_state = True
		_EL_U_1428 = False
		_EL_U_1430 = True
		_EL_U_1432 = False
		_EL_U_1434 = True
		sm14_state = True
		_EL_U_1436 = False
		_EL_U_1438 = True
		_EL_U_1440 = False
		_EL_U_1442 = True
		_EL_U_1444 = False
		_EL_U_1446 = True
		_EL_U_1448 = False
		_EL_U_1450 = True
		_EL_U_1452 = False
		_EL_U_1454 = True
		_EL_U_1456 = False
		_EL_U_1458 = True
		_EL_U_1460 = False
		sm3_state = True
		_EL_U_1462 = True
		_EL_U_1464 = False
		_EL_U_1466 = True
		_EL_U_1468 = False
		sm13_state = True
		_EL_U_1470 = True
		_EL_U_1472 = False
		_EL_U_1474 = True
		_EL_U_1476 = False
		_EL_U_1478 = True
		_EL_U_1480 = False
		_EL_U_1482 = True
		_EL_U_1484 = False
		_EL_U_1486 = True
		_EL_U_1488 = False
		_EL_U_1490 = True
		_EL_U_1492 = False
		_EL_U_1494 = True
		sm2_state = True
		_EL_U_1496 = False
		_EL_U_1498 = True
	Trans 46 -- 47
		_x_sm21_l = (sm21_l + -1)
		_x_sm20_l = (sm20_l + -1)
		_x_sm17_l = (sm17_l + -1)
		_x_sm14_l = (sm14_l + -1)
		_x_sm12_l = (sm12_l + -1)
		_x_sm9_l = (sm9_l + -1)
		_x_sm2_l = (sm2_l + -1)
		_x_sm3_l = (sm3_l + -1)
		_x_sm5_l = (sm5_l + -1)
		_x_sm22_l = (sm22_l + -1)
		_x_sm15_l = (sm15_l + -1)
		_x_sm18_l = (sm18_l + -1)
		_x_sm6_l = (sm6_l + -1)
		_x_sm10_l = (sm10_l + -1)
		_x_sm16_l = (sm16_l + -1)
		_x_sm13_l = (sm13_l + -1)
		_x_sm0_l = (sm0_l + -1)
		_x_sm19_l = (sm19_l + -1)
		_x_sm11_l = (sm11_l + -1)
		_x_sm8_l = (sm8_l + -1)
		_x_sm4_l = (sm4_l + -1)
		_x_sm1_l = (sm1_l + -1)
		_x_sm7_l = (sm7_l + -1)
	State 47
		sm1_loop_len = 1
		sm15_loop_len = 1
		run = 7
		sm6_loop_len = 1
		sm20_loop_len = 1
		sm11_loop_len = 1
		sm2_loop_len = 1
		semaphore = 0
		sm16_loop_len = 1
		sm7_loop_len = 1
		sm21_loop_len = 1
		sm12_loop_len = 1
		sm3_loop_len = 1
		sm17_loop_len = 1
		sm8_loop_len = 1
		sm22_loop_len = 1
		sm13_loop_len = 1
		sm4_loop_len = 1
		sm18_loop_len = 1
		sm9_loop_len = 1
		sm0_loop_len = 1
		sm14_loop_len = 1
		sm5_loop_len = 1
		sm19_loop_len = 1
		sm10_loop_len = 1
		_EL_U_1500 = False
		sm22_state = True
		sm12_state = True
		_EL_U_1525 = True
		_EL_U_1527 = False
		sm1_state = True
		sm11_state = True
		sm21_state = True
		sm0_state = True
		sm10_state = True
		sm20_state = True
		sm9_state = True
		sm19_state = True
		sm8_state = True
		sm18_state = True
		sm7_state = True
		sm17_state = True
		_J1982 = True
		_J1976 = True
		_J1969 = True
		_J1963 = True
		_J1956 = True
		_J1950 = True
		_J1943 = True
		_J1937 = True
		_J1930 = True
		_J1924 = True
		_J1917 = True
		_J1911 = True
		sm6_state = True
		_J1904 = True
		_J1898 = True
		_J1891 = True
		_J1885 = True
		_J1878 = True
		_J1872 = True
		sm16_state = True
		_J1865 = True
		_J1859 = True
		_J1852 = True
		_J1846 = True
		_J1839 = True
		_J1833 = True
		_J1826 = True
		_J1820 = True
		_J1813 = True
		_J1807 = True
		_J1800 = True
		_J1794 = True
		_J1787 = True
		_J1781 = False
		_J1774 = True
		_J1768 = True
		_J1761 = True
		_J1755 = True
		_J1748 = True
		sm5_state = True
		_J1742 = True
		_J1735 = True
		_J1729 = True
		_J1722 = True
		_J1716 = True
		_J1709 = True
		sm15_state = True
		_J1703 = True
		_J1697 = True
		_J1691 = True
		_J1685 = True
		_J1679 = True
		_EL_U_1410 = True
		_EL_U_1412 = False
		_EL_U_1414 = True
		_EL_U_1416 = False
		_EL_U_1418 = True
		_EL_U_1420 = False
		_EL_U_1422 = True
		_EL_U_1424 = False
		_EL_U_1426 = True
		sm4_state = True
		_EL_U_1428 = False
		_EL_U_1430 = True
		_EL_U_1432 = False
		_EL_U_1434 = True
		sm14_state = True
		_EL_U_1436 = False
		_EL_U_1438 = True
		_EL_U_1440 = False
		_EL_U_1442 = True
		_EL_U_1444 = False
		_EL_U_1446 = True
		_EL_U_1448 = False
		_EL_U_1450 = True
		_EL_U_1452 = False
		_EL_U_1454 = True
		_EL_U_1456 = False
		_EL_U_1458 = True
		_EL_U_1460 = False
		sm3_state = True
		_EL_U_1462 = True
		_EL_U_1464 = False
		_EL_U_1466 = True
		_EL_U_1468 = False
		sm13_state = True
		_EL_U_1470 = True
		_EL_U_1472 = False
		_EL_U_1474 = True
		_EL_U_1476 = False
		_EL_U_1478 = True
		_EL_U_1480 = False
		_EL_U_1482 = True
		_EL_U_1484 = False
		_EL_U_1486 = True
		_EL_U_1488 = False
		_EL_U_1490 = True
		_EL_U_1492 = False
		_EL_U_1494 = True
		sm2_state = True
		_EL_U_1496 = False
		_EL_U_1498 = True
	Trans 47 -- 48
		_x_sm21_l = (sm21_l + -1)
		_x_sm20_l = (sm20_l + -1)
		_x_sm17_l = (sm17_l + -1)
		_x_sm14_l = (sm14_l + -1)
		_x_sm12_l = (sm12_l + -1)
		_x_sm9_l = (sm9_l + -1)
		_x_sm2_l = (sm2_l + -1)
		_x_sm3_l = (sm3_l + -1)
		_x_sm5_l = (sm5_l + -1)
		_x_sm22_l = (sm22_l + -1)
		_x_sm15_l = (sm15_l + -1)
		_x_sm18_l = (sm18_l + -1)
		_x_sm6_l = (sm6_l + -1)
		_x_sm10_l = (sm10_l + -1)
		_x_sm16_l = (sm16_l + -1)
		_x_sm13_l = (sm13_l + -1)
		_x_sm0_l = (sm0_l + -1)
		_x_sm19_l = (sm19_l + -1)
		_x_sm11_l = (sm11_l + -1)
		_x_sm8_l = (sm8_l + -1)
		_x_sm4_l = (sm4_l + -1)
		_x_sm1_l = (sm1_l + -1)
		_x_sm7_l = (sm7_l + -1)
	starting from: _EL_U_1500 : False, sm22_state : True, run : 13, sm12_state : True, sm2_l : -24, semaphore : 0, sm2_loop_len : 1, sm12_l : -24, _EL_U_1525 : True, sm12_loop_len : 1, _EL_U_1527 : False, sm22_l : -24, sm22_loop_len : 1, sm1_state : True, sm11_state : True, sm1_l : -24, sm1_loop_len : 1, sm21_state : True, sm11_l : -24, sm11_loop_len : 1, sm21_l : -24, sm21_loop_len : 1, sm0_state : True, sm10_state : True, sm0_l : -24, sm0_loop_len : 1, sm20_state : True, sm10_l : -24, sm10_loop_len : 1, sm20_l : -24, sm20_loop_len : 1, sm9_state : True, sm19_state : True, sm9_l : -24, sm9_loop_len : 1, sm19_l : -24, sm19_loop_len : 1, sm8_state : True, sm18_state : True, sm8_l : -24, sm8_loop_len : 1, sm18_l : -24, sm18_loop_len : 1, sm7_state : True, sm17_state : True, sm7_l : -24, sm7_loop_len : 1, _J1982 : True, _J1976 : True, _J1969 : True, sm17_l : -24, sm17_loop_len : 1, _J1963 : True, _J1956 : True, _J1950 : True, _J1943 : True, _J1937 : True, _J1930 : True, _J1924 : True, _J1917 : True, _J1911 : True, sm6_state : True, _J1904 : True, _J1898 : True, _J1891 : True, _J1885 : True, _J1878 : True, _J1872 : True, sm16_state : True, _J1865 : True, _J1859 : True, _J1852 : True, _J1846 : True, sm6_l : -24, sm6_loop_len : 1, _J1839 : True, _J1833 : True, _J1826 : True, _J1820 : True, _J1813 : True, _J1807 : True, sm16_l : -24, sm16_loop_len : 1, _J1800 : True, _J1794 : True, _J1787 : True, _J1781 : True, _J1774 : True, _J1768 : True, _J1761 : True, _J1755 : True, _J1748 : True, sm5_state : True, _J1742 : True, _J1735 : True, _J1729 : True, _J1722 : True, _J1716 : True, _J1709 : True, sm15_state : True, _J1703 : True, _J1697 : True, _J1691 : True, _J1685 : True, sm5_l : -24, sm5_loop_len : 1, _J1679 : True, _EL_U_1410 : True, _EL_U_1412 : False, _EL_U_1414 : True, _EL_U_1416 : False, sm15_l : -24, sm15_loop_len : 1, _EL_U_1418 : True, _EL_U_1420 : False, _EL_U_1422 : True, _EL_U_1424 : False, _EL_U_1426 : True, sm4_state : True, _EL_U_1428 : False, _EL_U_1430 : True, _EL_U_1432 : False, _EL_U_1434 : True, sm14_state : True, _EL_U_1436 : False, _EL_U_1438 : True, _EL_U_1440 : False, sm4_l : -24, sm4_loop_len : 1, _EL_U_1442 : True, _EL_U_1444 : False, _EL_U_1446 : True, _EL_U_1448 : False, sm14_l : -24, sm14_loop_len : 1, _EL_U_1450 : True, _EL_U_1452 : False, _EL_U_1454 : True, _EL_U_1456 : False, _EL_U_1458 : True, _EL_U_1460 : False, sm3_state : True, _EL_U_1462 : True, _EL_U_1464 : False, _EL_U_1466 : True, _EL_U_1468 : False, sm13_state : True, _EL_U_1470 : True, _EL_U_1472 : False, _EL_U_1474 : True, sm3_l : -24, sm3_loop_len : 1, _EL_U_1476 : False, _EL_U_1478 : True, _EL_U_1480 : False, _EL_U_1482 : True, sm13_l : -24, sm13_loop_len : 1, _EL_U_1484 : False, _EL_U_1486 : True, _EL_U_1488 : False, _EL_U_1490 : True, _EL_U_1492 : False, _EL_U_1494 : True, sm2_state : True, _EL_U_1496 : False, _EL_U_1498 : True

end of `semaphore_0023`: SUCCESS in 1825.5820968151093s
