

run 1/1: `semaphore_0004`

	Found non-termination argument:
	Do states 4..8 while ((-1/4 - (ToReal(sm0_l) * 1/20)) < 0.0)
	State 4
		run = 4
		semaphore = 0
		sm1_loop_len = 1
		_EL_U_270 = True
		sm3_loop_len = 1
		_EL_U_272 = False
		sm1_state = True
		sm3_state = True
		sm0_state = True
		sm2_state = True
		sm0_loop_len = 1
		sm2_loop_len = 1
		_J330 = True
		_J336 = True
		_J342 = True
		_J348 = True
		_J354 = True
		_J360 = True
		_J367 = True
		_J373 = True
		_J380 = True
		_J386 = True
		_EL_U_278 = True
		_EL_U_280 = False
		_EL_U_282 = True
		_EL_U_284 = False
		_EL_U_290 = True
		_EL_U_292 = False
		_EL_U_274 = True
		_EL_U_276 = False
		(sm0_l < 1)
		(sm1_l < 1)
		(sm2_l < 1)
		(sm2_l < 0)
		(sm0_l < 0)
		(sm3_l < 0)
		(sm1_l < 0)
		(sm3_l < 1)
	Trans 4 -- 5
		_x_sm2_l : (sm2_l + -1)
		_x_sm0_l : (sm0_l + -1)
		_x_sm3_l : (sm3_l + -1)
		_x_sm1_l : (sm1_l + -1)
	State 5
		run = 2
		semaphore = 0
		sm1_loop_len = 1
		_EL_U_270 = True
		sm3_loop_len = 1
		_EL_U_272 = False
		sm1_state = True
		sm3_state = True
		sm0_state = True
		sm2_state = True
		sm0_loop_len = 1
		sm2_loop_len = 1
		_J330 = False
		_J336 = False
		_J342 = False
		_J348 = False
		_J354 = False
		_J360 = False
		_J367 = False
		_J373 = False
		_J380 = False
		_J386 = False
		_EL_U_278 = True
		_EL_U_280 = False
		_EL_U_282 = True
		_EL_U_284 = False
		_EL_U_290 = True
		_EL_U_292 = False
		_EL_U_274 = True
		_EL_U_276 = False
	Trans 5 -- 6
		_x_sm2_l : (sm2_l + -1)
		_x_sm0_l : (sm0_l + -1)
		_x_sm3_l : (sm3_l + -1)
		_x_sm1_l : (sm1_l + -1)
	State 6
		run = 1
		semaphore = 0
		sm1_loop_len = 1
		_EL_U_270 = True
		sm3_loop_len = 1
		_EL_U_272 = False
		sm1_state = True
		sm3_state = True
		sm0_state = True
		sm2_state = True
		sm0_loop_len = 1
		sm2_loop_len = 1
		_J330 = True
		_J336 = True
		_J342 = False
		_J348 = True
		_J354 = False
		_J360 = True
		_J367 = True
		_J373 = True
		_J380 = False
		_J386 = True
		_EL_U_278 = True
		_EL_U_280 = False
		_EL_U_282 = True
		_EL_U_284 = False
		_EL_U_290 = True
		_EL_U_292 = False
		_EL_U_274 = True
		_EL_U_276 = False
	Trans 6 -- 7
		_x_sm2_l : (sm2_l + -1)
		_x_sm0_l : (sm0_l + -1)
		_x_sm3_l : (sm3_l + -1)
		_x_sm1_l : (sm1_l + -1)
	State 7
		run = 0
		semaphore = 0
		sm1_loop_len = 1
		_EL_U_270 = True
		sm3_loop_len = 1
		_EL_U_272 = False
		sm1_state = True
		sm3_state = True
		sm0_state = True
		sm2_state = True
		sm0_loop_len = 1
		sm2_loop_len = 1
		_J330 = True
		_J336 = True
		_J342 = False
		_J348 = True
		_J354 = True
		_J360 = True
		_J367 = True
		_J373 = True
		_J380 = False
		_J386 = True
		_EL_U_278 = True
		_EL_U_280 = False
		_EL_U_282 = True
		_EL_U_284 = False
		_EL_U_290 = True
		_EL_U_292 = False
		_EL_U_274 = True
		_EL_U_276 = False
	Trans 7 -- 8
		_x_sm2_l : (sm2_l + -1)
		_x_sm0_l : (sm0_l + -1)
		_x_sm3_l : (sm3_l + -1)
		_x_sm1_l : (sm1_l + -1)
	State 8
		run = 3
		semaphore = 0
		sm1_loop_len = 1
		_EL_U_270 = True
		sm3_loop_len = 1
		_EL_U_272 = False
		sm1_state = True
		sm3_state = True
		sm0_state = True
		sm2_state = True
		sm0_loop_len = 1
		sm2_loop_len = 1
		_J330 = True
		_J336 = True
		_J342 = True
		_J348 = True
		_J354 = True
		_J360 = True
		_J367 = True
		_J373 = True
		_J380 = False
		_J386 = True
		_EL_U_278 = True
		_EL_U_280 = False
		_EL_U_282 = True
		_EL_U_284 = False
		_EL_U_290 = True
		_EL_U_292 = False
		_EL_U_274 = True
		_EL_U_276 = False
	Trans 8 -- 4
		_x_sm2_l : (sm2_l + -1)
		_x_sm0_l : (sm0_l + -1)
		_x_sm3_l : (sm3_l + -1)
		_x_sm1_l : (sm1_l + -1)
	End do-while
	State 8
		run = 3
		semaphore = 0
		sm1_loop_len = 1
		_EL_U_270 = True
		sm3_loop_len = 1
		_EL_U_272 = False
		sm1_state = True
		sm3_state = True
		sm0_state = True
		sm2_state = True
		sm0_loop_len = 1
		sm2_loop_len = 1
		_J330 = True
		_J336 = True
		_J342 = True
		_J348 = True
		_J354 = True
		_J360 = True
		_J367 = True
		_J373 = True
		_J380 = False
		_J386 = True
		_EL_U_278 = True
		_EL_U_280 = False
		_EL_U_282 = True
		_EL_U_284 = False
		_EL_U_290 = True
		_EL_U_292 = False
		_EL_U_274 = True
		_EL_U_276 = False
		(sm0_l < 2)
		(sm1_l < 2)
		(sm2_l < 2)
		(sm0_l < 1)
		(sm1_l < 1)
		(sm2_l < 1)
		(sm3_l < 2)
		(sm3_l < 1)
		(((ToReal(sm0_l) * 1/20) + 1/4) <= 0.0)
	Trans 8 -- 9
		_x_sm2_l = (sm2_l + -1)
		_x_sm0_l = (sm0_l + -1)
		_x_sm3_l = (sm3_l + -1)
		_x_sm1_l = (sm1_l + -1)
	starting from: {run: 4, semaphore: 0, sm1_loop_len: 1, sm2_l: -4, sm0_l: -4, sm3_loop_len: 1, sm3_l: -4, sm1_state: True, sm1_l: -4, sm3_state: True, sm0_state: True, sm2_state: True, sm0_loop_len: 1, sm2_loop_len: 1, _J330: True, _J336: True, _J342: True, _J348: True, _J354: True, _J360: True, _J367: True, _J373: True, _J380: True, _J386: True, _EL_U_278: True, _EL_U_280: False, _EL_U_282: True, _EL_U_284: False, _EL_U_290: True, _EL_U_292: False, _EL_U_270: True, _EL_U_272: False, _EL_U_274: True, _EL_U_276: False}

end of `semaphore_0004`: SUCCESS in 1.7738969326019287s
