

run 1/1: `semaphore_0013`

	Found non-termination argument:
	Do states 13..23 while (((ToReal(sm9_l) + -29/2) - ((ToReal(sm2_l) * 17/16) + (ToReal(sm5_l) * 1/16) + (ToReal(sm1_l) * 17/16) + (ToReal(sm0_l) * 17/16) + (ToReal(sm3_l) * 17/16) + (ToReal(sm4_l) * 17/16) + (ToReal(sm6_l) * 17/16) + (ToReal(sm7_l) * 17/16) + (ToReal(sm8_l) * 17/16) + (ToReal(sm12_l) * 17/16) + (ToReal(sm11_l) * 17/16) + (ToReal(sm10_l) * 17/16))) < 0.0)
	State 13
		sm12_state = True
		sm12_loop_len = 1
		sm11_state = True
		sm11_loop_len = 1
		sm10_state = True
		sm10_loop_len = 1
		sm9_state = True
		sm0_loop_len = 1
		sm2_loop_len = 1
		sm1_state = True
		sm1_loop_len = 1
		run = 11
		sm0_state = True
		sm3_loop_len = 1
		sm2_state = True
		sm3_state = True
		sm4_loop_len = 1
		sm4_state = True
		sm5_loop_len = 1
		semaphore = 0
		sm5_state = True
		sm6_loop_len = 1
		sm6_state = True
		sm7_loop_len = 1
		sm9_loop_len = 1
		sm8_state = True
		sm7_state = True
		sm8_loop_len = 1
		_J969 = True
		_J975 = True
		_J981 = True
		_J987 = True
		_J993 = True
		_J999 = True
		_J1006 = True
		_J1012 = True
		_J1019 = True
		_J1025 = True
		_J1032 = True
		_J1038 = True
		_J1045 = True
		_J1051 = True
		_J1058 = True
		_J1064 = True
		_J1071 = True
		_J1077 = True
		_J1084 = True
		_J1090 = True
		_J1097 = True
		_J1103 = True
		_J1110 = True
		_J1116 = True
		_J1123 = True
		_J1129 = True
		_J1136 = True
		_J1142 = True
		_EL_U_810 = True
		_EL_U_812 = False
		_EL_U_814 = True
		_EL_U_816 = False
		_EL_U_818 = True
		_EL_U_820 = False
		_EL_U_822 = True
		_EL_U_824 = False
		_EL_U_826 = True
		_EL_U_828 = False
		_EL_U_830 = True
		_EL_U_832 = False
		_EL_U_834 = True
		_EL_U_836 = False
		_EL_U_838 = True
		_EL_U_840 = False
		_EL_U_842 = True
		_EL_U_844 = False
		_EL_U_846 = True
		_EL_U_848 = False
		_EL_U_850 = True
		_EL_U_852 = False
		_EL_U_854 = True
		_EL_U_856 = False
		_EL_U_858 = True
		_EL_U_860 = False
		_EL_U_875 = True
		_EL_U_877 = False
		(sm4_l < 1)
		(sm1_l < 1)
		(sm5_l < 1)
		(sm9_l < 1)
		(sm6_l < 1)
		(sm10_l < 1)
		(sm11_l < 1)
		(sm7_l < 1)
		(sm12_l < 1)
		(sm8_l < 1)
		(sm3_l < 1)
		(sm0_l < 1)
		(sm2_l < 1)
		(sm1_l < 0)
		(sm12_l < 0)
		(sm4_l < 0)
		(sm7_l < 0)
		(sm10_l < 0)
		(sm2_l < 0)
		(sm5_l < 0)
		(sm8_l < 0)
		(sm0_l < 0)
		(sm11_l < 0)
		(sm3_l < 0)
		(sm6_l < 0)
		(sm9_l < 0)
	Trans 13 -- 14
		_x_sm7_l : (sm7_l + -1)
		_x_sm8_l : (sm8_l + -1)
		_x_sm12_l : (sm12_l + -1)
		_x_sm11_l : (sm11_l + -1)
		_x_sm10_l : (sm10_l + -1)
		_x_sm9_l : (sm9_l + -1)
		_x_sm2_l : (sm2_l + -1)
		_x_sm5_l : (sm5_l + -1)
		_x_sm1_l : (sm1_l + -1)
		_x_sm0_l : (sm0_l + -1)
		_x_sm3_l : (sm3_l + -1)
		_x_sm4_l : (sm4_l + -1)
		_x_sm6_l : (sm6_l + -1)
	State 14
		sm12_state = True
		sm12_loop_len = 1
		sm11_state = True
		sm11_loop_len = 1
		sm10_state = True
		sm10_loop_len = 1
		sm9_state = True
		sm0_loop_len = 1
		sm2_loop_len = 1
		sm1_state = True
		sm1_loop_len = 1
		run = 5
		sm0_state = True
		sm3_loop_len = 1
		sm2_state = True
		sm3_state = True
		sm4_loop_len = 1
		sm4_state = True
		sm5_loop_len = 1
		semaphore = 0
		sm5_state = True
		sm6_loop_len = 1
		sm6_state = True
		sm7_loop_len = 1
		sm9_loop_len = 1
		sm8_state = True
		sm7_state = True
		sm8_loop_len = 1
		_J969 = False
		_J975 = False
		_J981 = False
		_J987 = False
		_J993 = False
		_J999 = False
		_J1006 = False
		_J1012 = False
		_J1019 = False
		_J1025 = False
		_J1032 = False
		_J1038 = False
		_J1045 = False
		_J1051 = False
		_J1058 = False
		_J1064 = False
		_J1071 = False
		_J1077 = False
		_J1084 = False
		_J1090 = False
		_J1097 = False
		_J1103 = False
		_J1110 = False
		_J1116 = False
		_J1123 = False
		_J1129 = False
		_J1136 = False
		_J1142 = False
		_EL_U_810 = True
		_EL_U_812 = False
		_EL_U_814 = True
		_EL_U_816 = False
		_EL_U_818 = True
		_EL_U_820 = False
		_EL_U_822 = True
		_EL_U_824 = False
		_EL_U_826 = True
		_EL_U_828 = False
		_EL_U_830 = True
		_EL_U_832 = False
		_EL_U_834 = True
		_EL_U_836 = False
		_EL_U_838 = True
		_EL_U_840 = False
		_EL_U_842 = True
		_EL_U_844 = False
		_EL_U_846 = True
		_EL_U_848 = False
		_EL_U_850 = True
		_EL_U_852 = False
		_EL_U_854 = True
		_EL_U_856 = False
		_EL_U_858 = True
		_EL_U_860 = False
		_EL_U_875 = True
		_EL_U_877 = False
	Trans 14 -- 15
		_x_sm7_l : (sm7_l + -1)
		_x_sm8_l : (sm8_l + -1)
		_x_sm12_l : (sm12_l + -1)
		_x_sm11_l : (sm11_l + -1)
		_x_sm10_l : (sm10_l + -1)
		_x_sm9_l : (sm9_l + -1)
		_x_sm2_l : (sm2_l + -1)
		_x_sm5_l : (sm5_l + -1)
		_x_sm1_l : (sm1_l + -1)
		_x_sm0_l : (sm0_l + -1)
		_x_sm3_l : (sm3_l + -1)
		_x_sm4_l : (sm4_l + -1)
		_x_sm6_l : (sm6_l + -1)
	State 15
		sm12_state = True
		sm12_loop_len = 1
		sm11_state = True
		sm11_loop_len = 1
		sm10_state = True
		sm10_loop_len = 1
		sm9_state = True
		sm0_loop_len = 1
		sm2_loop_len = 1
		sm1_state = True
		sm1_loop_len = 1
		run = 7
		sm0_state = True
		sm3_loop_len = 1
		sm2_state = True
		sm3_state = True
		sm4_loop_len = 1
		sm4_state = True
		sm5_loop_len = 1
		semaphore = 0
		sm5_state = True
		sm6_loop_len = 1
		sm6_state = True
		sm7_loop_len = 1
		sm9_loop_len = 1
		sm8_state = True
		sm7_state = True
		sm8_loop_len = 1
		_J969 = True
		_J975 = True
		_J981 = False
		_J987 = True
		_J993 = False
		_J999 = True
		_J1006 = False
		_J1012 = True
		_J1019 = False
		_J1025 = True
		_J1032 = False
		_J1038 = True
		_J1045 = True
		_J1051 = True
		_J1058 = False
		_J1064 = True
		_J1071 = False
		_J1077 = True
		_J1084 = False
		_J1090 = True
		_J1097 = False
		_J1103 = True
		_J1110 = False
		_J1116 = True
		_J1123 = False
		_J1129 = True
		_J1136 = False
		_J1142 = True
		_EL_U_810 = True
		_EL_U_812 = False
		_EL_U_814 = True
		_EL_U_816 = False
		_EL_U_818 = True
		_EL_U_820 = False
		_EL_U_822 = True
		_EL_U_824 = False
		_EL_U_826 = True
		_EL_U_828 = False
		_EL_U_830 = True
		_EL_U_832 = False
		_EL_U_834 = True
		_EL_U_836 = False
		_EL_U_838 = True
		_EL_U_840 = False
		_EL_U_842 = True
		_EL_U_844 = False
		_EL_U_846 = True
		_EL_U_848 = False
		_EL_U_850 = True
		_EL_U_852 = False
		_EL_U_854 = True
		_EL_U_856 = False
		_EL_U_858 = True
		_EL_U_860 = False
		_EL_U_875 = True
		_EL_U_877 = False
	Trans 15 -- 16
		_x_sm7_l : (sm7_l + -1)
		_x_sm8_l : (sm8_l + -1)
		_x_sm12_l : (sm12_l + -1)
		_x_sm11_l : (sm11_l + -1)
		_x_sm10_l : (sm10_l + -1)
		_x_sm9_l : (sm9_l + -1)
		_x_sm2_l : (sm2_l + -1)
		_x_sm5_l : (sm5_l + -1)
		_x_sm1_l : (sm1_l + -1)
		_x_sm0_l : (sm0_l + -1)
		_x_sm3_l : (sm3_l + -1)
		_x_sm4_l : (sm4_l + -1)
		_x_sm6_l : (sm6_l + -1)
	State 16
		sm12_state = True
		sm12_loop_len = 1
		sm11_state = True
		sm11_loop_len = 1
		sm10_state = True
		sm10_loop_len = 1
		sm9_state = True
		sm0_loop_len = 1
		sm2_loop_len = 1
		sm1_state = True
		sm1_loop_len = 1
		run = 6
		sm0_state = True
		sm3_loop_len = 1
		sm2_state = True
		sm3_state = True
		sm4_loop_len = 1
		sm4_state = True
		sm5_loop_len = 1
		semaphore = 0
		sm5_state = True
		sm6_loop_len = 1
		sm6_state = True
		sm7_loop_len = 1
		sm9_loop_len = 1
		sm8_state = True
		sm7_state = True
		sm8_loop_len = 1
		_J969 = True
		_J975 = True
		_J981 = False
		_J987 = True
		_J993 = False
		_J999 = True
		_J1006 = False
		_J1012 = True
		_J1019 = False
		_J1025 = True
		_J1032 = False
		_J1038 = True
		_J1045 = True
		_J1051 = True
		_J1058 = False
		_J1064 = True
		_J1071 = True
		_J1077 = True
		_J1084 = False
		_J1090 = True
		_J1097 = False
		_J1103 = True
		_J1110 = False
		_J1116 = True
		_J1123 = False
		_J1129 = True
		_J1136 = False
		_J1142 = True
		_EL_U_810 = True
		_EL_U_812 = False
		_EL_U_814 = True
		_EL_U_816 = False
		_EL_U_818 = True
		_EL_U_820 = False
		_EL_U_822 = True
		_EL_U_824 = False
		_EL_U_826 = True
		_EL_U_828 = False
		_EL_U_830 = True
		_EL_U_832 = False
		_EL_U_834 = True
		_EL_U_836 = False
		_EL_U_838 = True
		_EL_U_840 = False
		_EL_U_842 = True
		_EL_U_844 = False
		_EL_U_846 = True
		_EL_U_848 = False
		_EL_U_850 = True
		_EL_U_852 = False
		_EL_U_854 = True
		_EL_U_856 = False
		_EL_U_858 = True
		_EL_U_860 = False
		_EL_U_875 = True
		_EL_U_877 = False
	Trans 16 -- 17
		_x_sm7_l : (sm7_l + -1)
		_x_sm8_l : (sm8_l + -1)
		_x_sm12_l : (sm12_l + -1)
		_x_sm11_l : (sm11_l + -1)
		_x_sm10_l : (sm10_l + -1)
		_x_sm9_l : (sm9_l + -1)
		_x_sm2_l : (sm2_l + -1)
		_x_sm5_l : (sm5_l + -1)
		_x_sm1_l : (sm1_l + -1)
		_x_sm0_l : (sm0_l + -1)
		_x_sm3_l : (sm3_l + -1)
		_x_sm4_l : (sm4_l + -1)
		_x_sm6_l : (sm6_l + -1)
	State 17
		sm12_state = True
		sm12_loop_len = 1
		sm11_state = True
		sm11_loop_len = 1
		sm10_state = True
		sm10_loop_len = 1
		sm9_state = True
		sm0_loop_len = 1
		sm2_loop_len = 1
		sm1_state = True
		sm1_loop_len = 1
		run = 4
		sm0_state = True
		sm3_loop_len = 1
		sm2_state = True
		sm3_state = True
		sm4_loop_len = 1
		sm4_state = True
		sm5_loop_len = 1
		semaphore = 0
		sm5_state = True
		sm6_loop_len = 1
		sm6_state = True
		sm7_loop_len = 1
		sm9_loop_len = 1
		sm8_state = True
		sm7_state = True
		sm8_loop_len = 1
		_J969 = True
		_J975 = True
		_J981 = False
		_J987 = True
		_J993 = False
		_J999 = True
		_J1006 = False
		_J1012 = True
		_J1019 = False
		_J1025 = True
		_J1032 = False
		_J1038 = True
		_J1045 = True
		_J1051 = True
		_J1058 = True
		_J1064 = True
		_J1071 = True
		_J1077 = True
		_J1084 = False
		_J1090 = True
		_J1097 = False
		_J1103 = True
		_J1110 = False
		_J1116 = True
		_J1123 = False
		_J1129 = True
		_J1136 = False
		_J1142 = True
		_EL_U_810 = True
		_EL_U_812 = False
		_EL_U_814 = True
		_EL_U_816 = False
		_EL_U_818 = True
		_EL_U_820 = False
		_EL_U_822 = True
		_EL_U_824 = False
		_EL_U_826 = True
		_EL_U_828 = False
		_EL_U_830 = True
		_EL_U_832 = False
		_EL_U_834 = True
		_EL_U_836 = False
		_EL_U_838 = True
		_EL_U_840 = False
		_EL_U_842 = True
		_EL_U_844 = False
		_EL_U_846 = True
		_EL_U_848 = False
		_EL_U_850 = True
		_EL_U_852 = False
		_EL_U_854 = True
		_EL_U_856 = False
		_EL_U_858 = True
		_EL_U_860 = False
		_EL_U_875 = True
		_EL_U_877 = False
	Trans 17 -- 18
		_x_sm7_l : (sm7_l + -1)
		_x_sm8_l : (sm8_l + -1)
		_x_sm12_l : (sm12_l + -1)
		_x_sm11_l : (sm11_l + -1)
		_x_sm10_l : (sm10_l + -1)
		_x_sm9_l : (sm9_l + -1)
		_x_sm2_l : (sm2_l + -1)
		_x_sm5_l : (sm5_l + -1)
		_x_sm1_l : (sm1_l + -1)
		_x_sm0_l : (sm0_l + -1)
		_x_sm3_l : (sm3_l + -1)
		_x_sm4_l : (sm4_l + -1)
		_x_sm6_l : (sm6_l + -1)
	State 18
		sm12_state = True
		sm12_loop_len = 1
		sm11_state = True
		sm11_loop_len = 1
		sm10_state = True
		sm10_loop_len = 1
		sm9_state = True
		sm0_loop_len = 1
		sm2_loop_len = 1
		sm1_state = True
		sm1_loop_len = 1
		run = 0
		sm0_state = True
		sm3_loop_len = 1
		sm2_state = True
		sm3_state = True
		sm4_loop_len = 1
		sm4_state = True
		sm5_loop_len = 1
		semaphore = 0
		sm5_state = True
		sm6_loop_len = 1
		sm6_state = True
		sm7_loop_len = 1
		sm9_loop_len = 1
		sm8_state = True
		sm7_state = True
		sm8_loop_len = 1
		_J969 = True
		_J975 = True
		_J981 = False
		_J987 = True
		_J993 = False
		_J999 = True
		_J1006 = False
		_J1012 = True
		_J1019 = False
		_J1025 = True
		_J1032 = True
		_J1038 = True
		_J1045 = True
		_J1051 = True
		_J1058 = True
		_J1064 = True
		_J1071 = True
		_J1077 = True
		_J1084 = False
		_J1090 = True
		_J1097 = False
		_J1103 = True
		_J1110 = False
		_J1116 = True
		_J1123 = False
		_J1129 = True
		_J1136 = False
		_J1142 = True
		_EL_U_810 = True
		_EL_U_812 = False
		_EL_U_814 = True
		_EL_U_816 = False
		_EL_U_818 = True
		_EL_U_820 = False
		_EL_U_822 = True
		_EL_U_824 = False
		_EL_U_826 = True
		_EL_U_828 = False
		_EL_U_830 = True
		_EL_U_832 = False
		_EL_U_834 = True
		_EL_U_836 = False
		_EL_U_838 = True
		_EL_U_840 = False
		_EL_U_842 = True
		_EL_U_844 = False
		_EL_U_846 = True
		_EL_U_848 = False
		_EL_U_850 = True
		_EL_U_852 = False
		_EL_U_854 = True
		_EL_U_856 = False
		_EL_U_858 = True
		_EL_U_860 = False
		_EL_U_875 = True
		_EL_U_877 = False
	Trans 18 -- 19
		_x_sm7_l : (sm7_l + -1)
		_x_sm8_l : (sm8_l + -1)
		_x_sm12_l : (sm12_l + -1)
		_x_sm11_l : (sm11_l + -1)
		_x_sm10_l : (sm10_l + -1)
		_x_sm9_l : (sm9_l + -1)
		_x_sm2_l : (sm2_l + -1)
		_x_sm5_l : (sm5_l + -1)
		_x_sm1_l : (sm1_l + -1)
		_x_sm0_l : (sm0_l + -1)
		_x_sm3_l : (sm3_l + -1)
		_x_sm4_l : (sm4_l + -1)
		_x_sm6_l : (sm6_l + -1)
	State 19
		sm12_state = True
		sm12_loop_len = 1
		sm11_state = True
		sm11_loop_len = 1
		sm10_state = True
		sm10_loop_len = 1
		sm9_state = True
		sm0_loop_len = 1
		sm2_loop_len = 1
		sm1_state = True
		sm1_loop_len = 1
		run = 9
		sm0_state = True
		sm3_loop_len = 1
		sm2_state = True
		sm3_state = True
		sm4_loop_len = 1
		sm4_state = True
		sm5_loop_len = 1
		semaphore = 0
		sm5_state = True
		sm6_loop_len = 1
		sm6_state = True
		sm7_loop_len = 1
		sm9_loop_len = 1
		sm8_state = True
		sm7_state = True
		sm8_loop_len = 1
		_J969 = True
		_J975 = True
		_J981 = True
		_J987 = True
		_J993 = False
		_J999 = True
		_J1006 = False
		_J1012 = True
		_J1019 = False
		_J1025 = True
		_J1032 = True
		_J1038 = True
		_J1045 = True
		_J1051 = True
		_J1058 = True
		_J1064 = True
		_J1071 = True
		_J1077 = True
		_J1084 = False
		_J1090 = True
		_J1097 = False
		_J1103 = True
		_J1110 = False
		_J1116 = True
		_J1123 = False
		_J1129 = True
		_J1136 = False
		_J1142 = True
		_EL_U_810 = True
		_EL_U_812 = False
		_EL_U_814 = True
		_EL_U_816 = False
		_EL_U_818 = True
		_EL_U_820 = False
		_EL_U_822 = True
		_EL_U_824 = False
		_EL_U_826 = True
		_EL_U_828 = False
		_EL_U_830 = True
		_EL_U_832 = False
		_EL_U_834 = True
		_EL_U_836 = False
		_EL_U_838 = True
		_EL_U_840 = False
		_EL_U_842 = True
		_EL_U_844 = False
		_EL_U_846 = True
		_EL_U_848 = False
		_EL_U_850 = True
		_EL_U_852 = False
		_EL_U_854 = True
		_EL_U_856 = False
		_EL_U_858 = True
		_EL_U_860 = False
		_EL_U_875 = True
		_EL_U_877 = False
	Trans 19 -- 20
		_x_sm7_l : (sm7_l + -1)
		_x_sm8_l : (sm8_l + -1)
		_x_sm12_l : (sm12_l + -1)
		_x_sm11_l : (sm11_l + -1)
		_x_sm10_l : (sm10_l + -1)
		_x_sm9_l : (sm9_l + -1)
		_x_sm2_l : (sm2_l + -1)
		_x_sm5_l : (sm5_l + -1)
		_x_sm1_l : (sm1_l + -1)
		_x_sm0_l : (sm0_l + -1)
		_x_sm3_l : (sm3_l + -1)
		_x_sm4_l : (sm4_l + -1)
		_x_sm6_l : (sm6_l + -1)
	State 20
		sm12_state = True
		sm12_loop_len = 1
		sm11_state = True
		sm11_loop_len = 1
		sm10_state = True
		sm10_loop_len = 1
		sm9_state = True
		sm0_loop_len = 1
		sm2_loop_len = 1
		sm1_state = True
		sm1_loop_len = 1
		run = 1
		sm0_state = True
		sm3_loop_len = 1
		sm2_state = True
		sm3_state = True
		sm4_loop_len = 1
		sm4_state = True
		sm5_loop_len = 1
		semaphore = 0
		sm5_state = True
		sm6_loop_len = 1
		sm6_state = True
		sm7_loop_len = 1
		sm9_loop_len = 1
		sm8_state = True
		sm7_state = True
		sm8_loop_len = 1
		_J969 = True
		_J975 = True
		_J981 = True
		_J987 = True
		_J993 = False
		_J999 = True
		_J1006 = False
		_J1012 = True
		_J1019 = False
		_J1025 = True
		_J1032 = True
		_J1038 = True
		_J1045 = True
		_J1051 = True
		_J1058 = True
		_J1064 = True
		_J1071 = True
		_J1077 = True
		_J1084 = False
		_J1090 = True
		_J1097 = True
		_J1103 = True
		_J1110 = False
		_J1116 = True
		_J1123 = False
		_J1129 = True
		_J1136 = False
		_J1142 = True
		_EL_U_810 = True
		_EL_U_812 = False
		_EL_U_814 = True
		_EL_U_816 = False
		_EL_U_818 = True
		_EL_U_820 = False
		_EL_U_822 = True
		_EL_U_824 = False
		_EL_U_826 = True
		_EL_U_828 = False
		_EL_U_830 = True
		_EL_U_832 = False
		_EL_U_834 = True
		_EL_U_836 = False
		_EL_U_838 = True
		_EL_U_840 = False
		_EL_U_842 = True
		_EL_U_844 = False
		_EL_U_846 = True
		_EL_U_848 = False
		_EL_U_850 = True
		_EL_U_852 = False
		_EL_U_854 = True
		_EL_U_856 = False
		_EL_U_858 = True
		_EL_U_860 = False
		_EL_U_875 = True
		_EL_U_877 = False
	Trans 20 -- 21
		_x_sm7_l : (sm7_l + -1)
		_x_sm8_l : (sm8_l + -1)
		_x_sm12_l : (sm12_l + -1)
		_x_sm11_l : (sm11_l + -1)
		_x_sm10_l : (sm10_l + -1)
		_x_sm9_l : (sm9_l + -1)
		_x_sm2_l : (sm2_l + -1)
		_x_sm5_l : (sm5_l + -1)
		_x_sm1_l : (sm1_l + -1)
		_x_sm0_l : (sm0_l + -1)
		_x_sm3_l : (sm3_l + -1)
		_x_sm4_l : (sm4_l + -1)
		_x_sm6_l : (sm6_l + -1)
	State 21
		sm12_state = True
		sm12_loop_len = 1
		sm11_state = True
		sm11_loop_len = 1
		sm10_state = True
		sm10_loop_len = 1
		sm9_state = True
		sm0_loop_len = 1
		sm2_loop_len = 1
		sm1_state = True
		sm1_loop_len = 1
		run = 3
		sm0_state = True
		sm3_loop_len = 1
		sm2_state = True
		sm3_state = True
		sm4_loop_len = 1
		sm4_state = True
		sm5_loop_len = 1
		semaphore = 0
		sm5_state = True
		sm6_loop_len = 1
		sm6_state = True
		sm7_loop_len = 1
		sm9_loop_len = 1
		sm8_state = True
		sm7_state = True
		sm8_loop_len = 1
		_J969 = True
		_J975 = True
		_J981 = True
		_J987 = True
		_J993 = True
		_J999 = True
		_J1006 = False
		_J1012 = True
		_J1019 = False
		_J1025 = True
		_J1032 = True
		_J1038 = True
		_J1045 = True
		_J1051 = True
		_J1058 = True
		_J1064 = True
		_J1071 = True
		_J1077 = True
		_J1084 = False
		_J1090 = True
		_J1097 = True
		_J1103 = True
		_J1110 = False
		_J1116 = True
		_J1123 = False
		_J1129 = True
		_J1136 = False
		_J1142 = True
		_EL_U_810 = True
		_EL_U_812 = False
		_EL_U_814 = True
		_EL_U_816 = False
		_EL_U_818 = True
		_EL_U_820 = False
		_EL_U_822 = True
		_EL_U_824 = False
		_EL_U_826 = True
		_EL_U_828 = False
		_EL_U_830 = True
		_EL_U_832 = False
		_EL_U_834 = True
		_EL_U_836 = False
		_EL_U_838 = True
		_EL_U_840 = False
		_EL_U_842 = True
		_EL_U_844 = False
		_EL_U_846 = True
		_EL_U_848 = False
		_EL_U_850 = True
		_EL_U_852 = False
		_EL_U_854 = True
		_EL_U_856 = False
		_EL_U_858 = True
		_EL_U_860 = False
		_EL_U_875 = True
		_EL_U_877 = False
	Trans 21 -- 22
		_x_sm7_l : (sm7_l + -1)
		_x_sm8_l : (sm8_l + -1)
		_x_sm12_l : (sm12_l + -1)
		_x_sm11_l : (sm11_l + -1)
		_x_sm10_l : (sm10_l + -1)
		_x_sm9_l : (sm9_l + -1)
		_x_sm2_l : (sm2_l + -1)
		_x_sm5_l : (sm5_l + -1)
		_x_sm1_l : (sm1_l + -1)
		_x_sm0_l : (sm0_l + -1)
		_x_sm3_l : (sm3_l + -1)
		_x_sm4_l : (sm4_l + -1)
		_x_sm6_l : (sm6_l + -1)
	State 22
		sm12_state = True
		sm12_loop_len = 1
		sm11_state = True
		sm11_loop_len = 1
		sm10_state = True
		sm10_loop_len = 1
		sm9_state = True
		sm0_loop_len = 1
		sm2_loop_len = 1
		sm1_state = True
		sm1_loop_len = 1
		run = 12
		sm0_state = True
		sm3_loop_len = 1
		sm2_state = True
		sm3_state = True
		sm4_loop_len = 1
		sm4_state = True
		sm5_loop_len = 1
		semaphore = 0
		sm5_state = True
		sm6_loop_len = 1
		sm6_state = True
		sm7_loop_len = 1
		sm9_loop_len = 1
		sm8_state = True
		sm7_state = True
		sm8_loop_len = 1
		_J969 = True
		_J975 = True
		_J981 = True
		_J987 = True
		_J993 = True
		_J999 = True
		_J1006 = False
		_J1012 = True
		_J1019 = True
		_J1025 = True
		_J1032 = True
		_J1038 = True
		_J1045 = True
		_J1051 = True
		_J1058 = True
		_J1064 = True
		_J1071 = True
		_J1077 = True
		_J1084 = False
		_J1090 = True
		_J1097 = True
		_J1103 = True
		_J1110 = False
		_J1116 = True
		_J1123 = False
		_J1129 = True
		_J1136 = False
		_J1142 = True
		_EL_U_810 = True
		_EL_U_812 = False
		_EL_U_814 = True
		_EL_U_816 = False
		_EL_U_818 = True
		_EL_U_820 = False
		_EL_U_822 = True
		_EL_U_824 = False
		_EL_U_826 = True
		_EL_U_828 = False
		_EL_U_830 = True
		_EL_U_832 = False
		_EL_U_834 = True
		_EL_U_836 = False
		_EL_U_838 = True
		_EL_U_840 = False
		_EL_U_842 = True
		_EL_U_844 = False
		_EL_U_846 = True
		_EL_U_848 = False
		_EL_U_850 = True
		_EL_U_852 = False
		_EL_U_854 = True
		_EL_U_856 = False
		_EL_U_858 = True
		_EL_U_860 = False
		_EL_U_875 = True
		_EL_U_877 = False
	Trans 22 -- 23
		_x_sm7_l : (sm7_l + -1)
		_x_sm8_l : (sm8_l + -1)
		_x_sm12_l : (sm12_l + -1)
		_x_sm11_l : (sm11_l + -1)
		_x_sm10_l : (sm10_l + -1)
		_x_sm9_l : (sm9_l + -1)
		_x_sm2_l : (sm2_l + -1)
		_x_sm5_l : (sm5_l + -1)
		_x_sm1_l : (sm1_l + -1)
		_x_sm0_l : (sm0_l + -1)
		_x_sm3_l : (sm3_l + -1)
		_x_sm4_l : (sm4_l + -1)
		_x_sm6_l : (sm6_l + -1)
	State 23
		sm12_state = True
		sm12_loop_len = 1
		sm11_state = True
		sm11_loop_len = 1
		sm10_state = True
		sm10_loop_len = 1
		sm9_state = True
		sm0_loop_len = 1
		sm2_loop_len = 1
		sm1_state = True
		sm1_loop_len = 1
		run = 8
		sm0_state = True
		sm3_loop_len = 1
		sm2_state = True
		sm3_state = True
		sm4_loop_len = 1
		sm4_state = True
		sm5_loop_len = 1
		semaphore = 0
		sm5_state = True
		sm6_loop_len = 1
		sm6_state = True
		sm7_loop_len = 1
		sm9_loop_len = 1
		sm8_state = True
		sm7_state = True
		sm8_loop_len = 1
		_J969 = True
		_J975 = True
		_J981 = True
		_J987 = True
		_J993 = True
		_J999 = True
		_J1006 = False
		_J1012 = True
		_J1019 = True
		_J1025 = True
		_J1032 = True
		_J1038 = True
		_J1045 = True
		_J1051 = True
		_J1058 = True
		_J1064 = True
		_J1071 = True
		_J1077 = True
		_J1084 = False
		_J1090 = True
		_J1097 = True
		_J1103 = True
		_J1110 = False
		_J1116 = True
		_J1123 = False
		_J1129 = True
		_J1136 = True
		_J1142 = True
		_EL_U_810 = True
		_EL_U_812 = False
		_EL_U_814 = True
		_EL_U_816 = False
		_EL_U_818 = True
		_EL_U_820 = False
		_EL_U_822 = True
		_EL_U_824 = False
		_EL_U_826 = True
		_EL_U_828 = False
		_EL_U_830 = True
		_EL_U_832 = False
		_EL_U_834 = True
		_EL_U_836 = False
		_EL_U_838 = True
		_EL_U_840 = False
		_EL_U_842 = True
		_EL_U_844 = False
		_EL_U_846 = True
		_EL_U_848 = False
		_EL_U_850 = True
		_EL_U_852 = False
		_EL_U_854 = True
		_EL_U_856 = False
		_EL_U_858 = True
		_EL_U_860 = False
		_EL_U_875 = True
		_EL_U_877 = False
	Trans 23 -- 13
		_x_sm7_l : (sm7_l + -1)
		_x_sm8_l : (sm8_l + -1)
		_x_sm12_l : (sm12_l + -1)
		_x_sm11_l : (sm11_l + -1)
		_x_sm10_l : (sm10_l + -1)
		_x_sm9_l : (sm9_l + -1)
		_x_sm2_l : (sm2_l + -1)
		_x_sm5_l : (sm5_l + -1)
		_x_sm1_l : (sm1_l + -1)
		_x_sm0_l : (sm0_l + -1)
		_x_sm3_l : (sm3_l + -1)
		_x_sm4_l : (sm4_l + -1)
		_x_sm6_l : (sm6_l + -1)
	End do-while
	State 23
		sm12_state = True
		sm12_loop_len = 1
		sm11_state = True
		sm11_loop_len = 1
		sm10_state = True
		sm10_loop_len = 1
		sm9_state = True
		sm0_loop_len = 1
		sm2_loop_len = 1
		sm1_state = True
		sm1_loop_len = 1
		run = 8
		sm0_state = True
		sm3_loop_len = 1
		sm2_state = True
		sm3_state = True
		sm4_loop_len = 1
		sm4_state = True
		sm5_loop_len = 1
		semaphore = 0
		sm5_state = True
		sm6_loop_len = 1
		sm6_state = True
		sm7_loop_len = 1
		sm9_loop_len = 1
		sm8_state = True
		sm7_state = True
		sm8_loop_len = 1
		_J969 = True
		_J975 = True
		_J981 = True
		_J987 = True
		_J993 = True
		_J999 = True
		_J1006 = False
		_J1012 = True
		_J1019 = True
		_J1025 = True
		_J1032 = True
		_J1038 = True
		_J1045 = True
		_J1051 = True
		_J1058 = True
		_J1064 = True
		_J1071 = True
		_J1077 = True
		_J1084 = False
		_J1090 = True
		_J1097 = True
		_J1103 = True
		_J1110 = False
		_J1116 = True
		_J1123 = False
		_J1129 = True
		_J1136 = True
		_J1142 = True
		_EL_U_810 = True
		_EL_U_812 = False
		_EL_U_814 = True
		_EL_U_816 = False
		_EL_U_818 = True
		_EL_U_820 = False
		_EL_U_822 = True
		_EL_U_824 = False
		_EL_U_826 = True
		_EL_U_828 = False
		_EL_U_830 = True
		_EL_U_832 = False
		_EL_U_834 = True
		_EL_U_836 = False
		_EL_U_838 = True
		_EL_U_840 = False
		_EL_U_842 = True
		_EL_U_844 = False
		_EL_U_846 = True
		_EL_U_848 = False
		_EL_U_850 = True
		_EL_U_852 = False
		_EL_U_854 = True
		_EL_U_856 = False
		_EL_U_858 = True
		_EL_U_860 = False
		_EL_U_875 = True
		_EL_U_877 = False
		(sm9_l < 4)
		(sm2_l < 4)
		(sm4_l < 4)
		(sm1_l < 4)
		(sm5_l < 4)
		(sm9_l < 5)
		(sm2_l < 5)
		(sm4_l < 5)
		(sm1_l < 5)
		(sm5_l < 5)
		(sm6_l < 5)
		(sm10_l < 5)
		(sm6_l < 4)
		(sm11_l < 5)
		(sm7_l < 5)
		(sm10_l < 4)
		(sm12_l < 5)
		(sm11_l < 4)
		(sm8_l < 5)
		(sm7_l < 4)
		(sm3_l < 5)
		(sm12_l < 4)
		(sm0_l < 5)
		(sm8_l < 4)
		(((-1.0 * ToReal(sm9_l)) + (ToReal(sm10_l) * 17/16) + (ToReal(sm11_l) * 17/16) + (ToReal(sm12_l) * 17/16) + (ToReal(sm8_l) * 17/16) + (ToReal(sm7_l) * 17/16) + (ToReal(sm6_l) * 17/16) + (ToReal(sm4_l) * 17/16) + (ToReal(sm3_l) * 17/16) + (ToReal(sm0_l) * 17/16) + (ToReal(sm1_l) * 17/16) + (ToReal(sm5_l) * 1/16) + (ToReal(sm2_l) * 17/16) + 29/2) <= 0.0)
		(sm3_l < 4)
		(sm0_l < 4)
	Trans 23 -- 24
		_x_sm7_l = (sm7_l + -1)
		_x_sm8_l = (sm8_l + -1)
		_x_sm12_l = (sm12_l + -1)
		_x_sm11_l = (sm11_l + -1)
		_x_sm10_l = (sm10_l + -1)
		_x_sm9_l = (sm9_l + -1)
		_x_sm2_l = (sm2_l + -1)
		_x_sm5_l = (sm5_l + -1)
		_x_sm1_l = (sm1_l + -1)
		_x_sm0_l = (sm0_l + -1)
		_x_sm3_l = (sm3_l + -1)
		_x_sm4_l = (sm4_l + -1)
		_x_sm6_l = (sm6_l + -1)
	State 24
		sm12_state = True
		sm12_loop_len = 1
		sm11_state = True
		sm11_loop_len = 1
		sm10_state = True
		sm10_loop_len = 1
		sm9_state = True
		sm0_loop_len = 1
		sm2_loop_len = 1
		sm1_state = True
		sm1_loop_len = 1
		run = 11
		sm0_state = True
		sm3_loop_len = 1
		sm2_state = True
		sm3_state = True
		sm4_loop_len = 1
		sm4_state = True
		sm5_loop_len = 1
		semaphore = 0
		sm5_state = True
		sm6_loop_len = 1
		sm6_state = True
		sm7_loop_len = 1
		sm9_loop_len = 1
		sm8_state = True
		sm7_state = True
		sm8_loop_len = 1
		_J969 = True
		_J975 = True
		_J981 = True
		_J987 = True
		_J993 = True
		_J999 = True
		_J1006 = False
		_J1012 = True
		_J1019 = True
		_J1025 = True
		_J1032 = True
		_J1038 = True
		_J1045 = True
		_J1051 = True
		_J1058 = True
		_J1064 = True
		_J1071 = True
		_J1077 = True
		_J1084 = True
		_J1090 = True
		_J1097 = True
		_J1103 = True
		_J1110 = False
		_J1116 = True
		_J1123 = False
		_J1129 = True
		_J1136 = True
		_J1142 = True
		_EL_U_810 = True
		_EL_U_812 = False
		_EL_U_814 = True
		_EL_U_816 = False
		_EL_U_818 = True
		_EL_U_820 = False
		_EL_U_822 = True
		_EL_U_824 = False
		_EL_U_826 = True
		_EL_U_828 = False
		_EL_U_830 = True
		_EL_U_832 = False
		_EL_U_834 = True
		_EL_U_836 = False
		_EL_U_838 = True
		_EL_U_840 = False
		_EL_U_842 = True
		_EL_U_844 = False
		_EL_U_846 = True
		_EL_U_848 = False
		_EL_U_850 = True
		_EL_U_852 = False
		_EL_U_854 = True
		_EL_U_856 = False
		_EL_U_858 = True
		_EL_U_860 = False
		_EL_U_875 = True
		_EL_U_877 = False
	Trans 24 -- 25
		_x_sm7_l = (sm7_l + -1)
		_x_sm8_l = (sm8_l + -1)
		_x_sm12_l = (sm12_l + -1)
		_x_sm11_l = (sm11_l + -1)
		_x_sm10_l = (sm10_l + -1)
		_x_sm9_l = (sm9_l + -1)
		_x_sm2_l = (sm2_l + -1)
		_x_sm5_l = (sm5_l + -1)
		_x_sm1_l = (sm1_l + -1)
		_x_sm0_l = (sm0_l + -1)
		_x_sm3_l = (sm3_l + -1)
		_x_sm4_l = (sm4_l + -1)
		_x_sm6_l = (sm6_l + -1)
	State 25
		sm12_state = True
		sm12_loop_len = 1
		sm11_state = True
		sm11_loop_len = 1
		sm10_state = True
		sm10_loop_len = 1
		sm9_state = True
		sm0_loop_len = 1
		sm2_loop_len = 1
		sm1_state = True
		sm1_loop_len = 1
		run = 10
		sm0_state = True
		sm3_loop_len = 1
		sm2_state = True
		sm3_state = True
		sm4_loop_len = 1
		sm4_state = True
		sm5_loop_len = 1
		semaphore = 0
		sm5_state = True
		sm6_loop_len = 1
		sm6_state = True
		sm7_loop_len = 1
		sm9_loop_len = 1
		sm8_state = True
		sm7_state = True
		sm8_loop_len = 1
		_J969 = True
		_J975 = True
		_J981 = True
		_J987 = True
		_J993 = True
		_J999 = True
		_J1006 = False
		_J1012 = True
		_J1019 = True
		_J1025 = True
		_J1032 = True
		_J1038 = True
		_J1045 = True
		_J1051 = True
		_J1058 = True
		_J1064 = True
		_J1071 = True
		_J1077 = True
		_J1084 = True
		_J1090 = True
		_J1097 = True
		_J1103 = True
		_J1110 = False
		_J1116 = True
		_J1123 = True
		_J1129 = True
		_J1136 = True
		_J1142 = True
		_EL_U_810 = True
		_EL_U_812 = False
		_EL_U_814 = True
		_EL_U_816 = False
		_EL_U_818 = True
		_EL_U_820 = False
		_EL_U_822 = True
		_EL_U_824 = False
		_EL_U_826 = True
		_EL_U_828 = False
		_EL_U_830 = True
		_EL_U_832 = False
		_EL_U_834 = True
		_EL_U_836 = False
		_EL_U_838 = True
		_EL_U_840 = False
		_EL_U_842 = True
		_EL_U_844 = False
		_EL_U_846 = True
		_EL_U_848 = False
		_EL_U_850 = True
		_EL_U_852 = False
		_EL_U_854 = True
		_EL_U_856 = False
		_EL_U_858 = True
		_EL_U_860 = False
		_EL_U_875 = True
		_EL_U_877 = False
	Trans 25 -- 26
		_x_sm7_l = (sm7_l + -1)
		_x_sm8_l = (sm8_l + -1)
		_x_sm12_l = (sm12_l + -1)
		_x_sm11_l = (sm11_l + -1)
		_x_sm10_l = (sm10_l + -1)
		_x_sm9_l = (sm9_l + -1)
		_x_sm2_l = (sm2_l + -1)
		_x_sm5_l = (sm5_l + -1)
		_x_sm1_l = (sm1_l + -1)
		_x_sm0_l = (sm0_l + -1)
		_x_sm3_l = (sm3_l + -1)
		_x_sm4_l = (sm4_l + -1)
		_x_sm6_l = (sm6_l + -1)
	State 26
		sm12_state = True
		sm12_loop_len = 1
		sm11_state = True
		sm11_loop_len = 1
		sm10_state = True
		sm10_loop_len = 1
		sm9_state = True
		sm0_loop_len = 1
		sm2_loop_len = 1
		sm1_state = True
		sm1_loop_len = 1
		run = 2
		sm0_state = True
		sm3_loop_len = 1
		sm2_state = True
		sm3_state = True
		sm4_loop_len = 1
		sm4_state = True
		sm5_loop_len = 1
		semaphore = 0
		sm5_state = True
		sm6_loop_len = 1
		sm6_state = True
		sm7_loop_len = 1
		sm9_loop_len = 1
		sm8_state = True
		sm7_state = True
		sm8_loop_len = 1
		_J969 = True
		_J975 = True
		_J981 = True
		_J987 = True
		_J993 = True
		_J999 = True
		_J1006 = False
		_J1012 = True
		_J1019 = True
		_J1025 = True
		_J1032 = True
		_J1038 = True
		_J1045 = True
		_J1051 = True
		_J1058 = True
		_J1064 = True
		_J1071 = True
		_J1077 = True
		_J1084 = True
		_J1090 = True
		_J1097 = True
		_J1103 = True
		_J1110 = True
		_J1116 = True
		_J1123 = True
		_J1129 = True
		_J1136 = True
		_J1142 = True
		_EL_U_810 = True
		_EL_U_812 = False
		_EL_U_814 = True
		_EL_U_816 = False
		_EL_U_818 = True
		_EL_U_820 = False
		_EL_U_822 = True
		_EL_U_824 = False
		_EL_U_826 = True
		_EL_U_828 = False
		_EL_U_830 = True
		_EL_U_832 = False
		_EL_U_834 = True
		_EL_U_836 = False
		_EL_U_838 = True
		_EL_U_840 = False
		_EL_U_842 = True
		_EL_U_844 = False
		_EL_U_846 = True
		_EL_U_848 = False
		_EL_U_850 = True
		_EL_U_852 = False
		_EL_U_854 = True
		_EL_U_856 = False
		_EL_U_858 = True
		_EL_U_860 = False
		_EL_U_875 = True
		_EL_U_877 = False
	Trans 26 -- 27
		_x_sm7_l = (sm7_l + -1)
		_x_sm8_l = (sm8_l + -1)
		_x_sm12_l = (sm12_l + -1)
		_x_sm11_l = (sm11_l + -1)
		_x_sm10_l = (sm10_l + -1)
		_x_sm9_l = (sm9_l + -1)
		_x_sm2_l = (sm2_l + -1)
		_x_sm5_l = (sm5_l + -1)
		_x_sm1_l = (sm1_l + -1)
		_x_sm0_l = (sm0_l + -1)
		_x_sm3_l = (sm3_l + -1)
		_x_sm4_l = (sm4_l + -1)
		_x_sm6_l = (sm6_l + -1)
	starting from: {sm12_l: -13, sm12_state: True, sm11_l: -13, sm12_loop_len: 1, sm11_state: True, sm10_l: -13, sm11_loop_len: 1, sm10_state: True, sm9_l: -13, sm10_loop_len: 1, sm9_state: True, sm2_l: -13, sm0_loop_len: 1, sm5_l: -13, sm1_l: -13, sm2_loop_len: 1, sm1_state: True, sm0_l: -13, sm1_loop_len: 1, run: 11, sm3_l: -13, sm0_state: True, sm3_loop_len: 1, sm2_state: True, sm4_l: -13, sm6_l: -13, sm3_state: True, sm4_loop_len: 1, sm7_l: -13, sm4_state: True, sm5_loop_len: 1, semaphore: 0, sm8_l: -13, sm5_state: True, sm6_loop_len: 1, sm6_state: True, sm7_loop_len: 1, sm9_loop_len: 1, sm8_state: True, sm7_state: True, sm8_loop_len: 1, _J969: True, _J975: True, _J981: True, _J987: True, _J993: True, _J999: True, _J1006: True, _J1012: True, _J1019: True, _J1025: True, _J1032: True, _J1038: True, _J1045: True, _J1051: True, _J1058: True, _J1064: True, _J1071: True, _J1077: True, _J1084: True, _J1090: True, _J1097: True, _J1103: True, _J1110: True, _J1116: True, _J1123: True, _J1129: True, _J1136: True, _J1142: True, _EL_U_810: True, _EL_U_812: False, _EL_U_814: True, _EL_U_816: False, _EL_U_818: True, _EL_U_820: False, _EL_U_822: True, _EL_U_824: False, _EL_U_826: True, _EL_U_828: False, _EL_U_830: True, _EL_U_832: False, _EL_U_834: True, _EL_U_836: False, _EL_U_838: True, _EL_U_840: False, _EL_U_842: True, _EL_U_844: False, _EL_U_846: True, _EL_U_848: False, _EL_U_850: True, _EL_U_852: False, _EL_U_854: True, _EL_U_856: False, _EL_U_858: True, _EL_U_860: False, _EL_U_875: True, _EL_U_877: False}

end of `semaphore_0013`: SUCCESS in 160.3286521434784s
