F3 run `semaphore_0015`

	Found non-termination argument:
	State 15
		sm14_state = True
		_EL_U_1005 = True
		sm4_state = True
		_EL_U_1007 = False
		run = 9
		sm9_state = True
		semaphore = 0
		sm4_loop_len = 1
		sm9_loop_len = 1
		sm14_loop_len = 12
		sm3_state = True
		sm8_state = True
		sm13_state = True
		sm3_loop_len = 1
		sm8_loop_len = 1
		sm13_loop_len = 1
		_J1310 = True
		_J1304 = True
		_J1297 = True
		_J1291 = True
		_J1284 = True
		_J1278 = True
		_J1271 = True
		_J1265 = True
		sm2_state = True
		_J1258 = True
		_J1252 = True
		_J1245 = True
		sm7_state = True
		_J1239 = True
		_J1232 = True
		_J1226 = True
		sm12_state = True
		_J1219 = True
		_J1213 = True
		_J1206 = True
		_J1200 = True
		_J1193 = True
		sm2_loop_len = 1
		_J1187 = True
		_J1180 = True
		_J1174 = True
		sm7_loop_len = 1
		_J1167 = True
		_J1161 = True
		_J1154 = True
		sm12_loop_len = 1
		_J1148 = True
		_J1141 = True
		_J1135 = True
		_J1129 = True
		_J1123 = True
		_J1117 = True
		_J1111 = True
		_EL_U_930 = True
		sm1_state = True
		_EL_U_932 = False
		_EL_U_934 = True
		sm6_state = True
		_EL_U_936 = False
		_EL_U_938 = True
		sm11_state = True
		_EL_U_940 = False
		_EL_U_942 = True
		_EL_U_944 = False
		sm1_loop_len = 1
		_EL_U_946 = True
		_EL_U_948 = False
		sm6_loop_len = 12
		_EL_U_950 = True
		_EL_U_952 = False
		sm11_loop_len = 1
		_EL_U_954 = True
		_EL_U_956 = False
		_EL_U_958 = True
		_EL_U_960 = False
		_EL_U_962 = True
		sm0_state = True
		_EL_U_964 = False
		_EL_U_966 = True
		sm5_state = True
		_EL_U_968 = False
		_EL_U_970 = True
		sm10_state = True
		_EL_U_972 = False
		_EL_U_974 = True
		_EL_U_976 = False
		sm0_loop_len = 1
		_EL_U_978 = True
		_EL_U_980 = False
		_EL_U_982 = True
		sm5_loop_len = 1
		_EL_U_984 = False
		_EL_U_986 = True
		sm10_loop_len = 1
		_EL_U_988 = False
		(sm5_l < 16)
		(sm9_l < 32)
		(sm2_l < 16)
		(sm9_l < 33)
		(sm7_l < 16)
		(sm0_l < 33)
		(sm5_l < 17)
		(sm8_l < 33)
		(sm2_l < 17)
		(sm11_l < 33)
		(sm7_l < 17)
		(sm4_l < 33)
		(sm3_l < 17)
		(sm5_l < 33)
		(sm10_l < 17)
		(sm2_l < 33)
		(sm1_l < 33)
		(sm14_l < 28)
		(sm7_l < 33)
		(sm6_l < 28)
		(sm12_l < 33)
		(sm13_l < 17)
		(sm3_l < 33)
		(sm9_l < 17)
		(sm10_l < 33)
		(sm1_l < 17)
		(sm12_l < 17)
		(sm14_l < 44)
		(sm0_l < 17)
		(sm6_l < 44)
		(sm8_l < 17)
		(sm13_l < 33)
		(sm11_l < 17)
		(sm4_l < 17)
		(sm9_l < 0)
		(sm5_l < 0)
		(sm6_l < 0)
		(sm10_l < 0)
		(sm0_l < 0)
		(sm11_l < 0)
		(sm1_l < 0)
		(sm12_l < 0)
		(sm2_l < 0)
		(sm13_l < 0)
		(sm3_l < 0)
		(sm14_l < 0)
		(sm3_l < 1)
		(sm4_l < 1)
		(sm5_l < 1)
		(sm2_l < 1)
		(sm7_l < 1)
		(sm14_l < 12)
		(sm6_l < 12)
		(sm4_l < 0)
		(sm13_l < 1)
		(sm9_l < 1)
		(sm1_l < 1)
		(sm12_l < 1)
		(sm0_l < 1)
		(sm8_l < 1)
		(sm11_l < 1)
		(sm10_l < 1)
		(sm8_l < 0)
		(sm7_l < 0)
		(sm14_l < 16)
		(sm6_l < 16)
		(sm6_l < 32)
		(sm0_l < 32)
		(sm8_l < 32)
		(sm11_l < 32)
		(sm4_l < 32)
		(sm5_l < 32)
		(sm13_l < 16)
		(sm2_l < 32)
		(sm9_l < 16)
		(sm1_l < 32)
		(sm1_l < 16)
		(sm7_l < 32)
		(sm12_l < 16)
		(sm12_l < 32)
		(sm0_l < 16)
		(sm3_l < 32)
		(sm14_l < 32)
		(sm10_l < 32)
		(sm8_l < 16)
		(sm11_l < 16)
		(sm10_l < 16)
		(sm3_l < 16)
		(sm4_l < 16)
		(sm13_l < 32)
	Trans 15 -- 16
		_x_sm14_l = (sm14_l + -1)
		_x_sm10_l = (sm10_l + -1)
		_x_sm4_l = (sm4_l + -1)
		_x_sm2_l = (sm2_l + -1)
		_x_sm6_l = (sm6_l + -1)
		_x_sm11_l = (sm11_l + -1)
		_x_sm12_l = (sm12_l + -1)
		_x_sm7_l = (sm7_l + -1)
		_x_sm0_l = (sm0_l + -1)
		_x_sm5_l = (sm5_l + -1)
		_x_sm9_l = (sm9_l + -1)
		_x_sm13_l = (sm13_l + -1)
		_x_sm8_l = (sm8_l + -1)
		_x_sm3_l = (sm3_l + -1)
		_x_sm1_l = (sm1_l + -1)
	State 16
		sm14_state = True
		_EL_U_1005 = True
		sm4_state = True
		_EL_U_1007 = False
		run = 14
		sm9_state = True
		semaphore = 0
		sm4_loop_len = 1
		sm9_loop_len = 1
		sm14_loop_len = 12
		sm3_state = True
		sm8_state = True
		sm13_state = True
		sm3_loop_len = 1
		sm8_loop_len = 1
		sm13_loop_len = 1
		_J1310 = False
		_J1304 = False
		_J1297 = False
		_J1291 = False
		_J1284 = False
		_J1278 = False
		_J1271 = False
		_J1265 = False
		sm2_state = True
		_J1258 = False
		_J1252 = False
		_J1245 = False
		sm7_state = True
		_J1239 = False
		_J1232 = False
		_J1226 = False
		sm12_state = True
		_J1219 = False
		_J1213 = False
		_J1206 = False
		_J1200 = False
		_J1193 = False
		sm2_loop_len = 1
		_J1187 = False
		_J1180 = False
		_J1174 = False
		sm7_loop_len = 1
		_J1167 = False
		_J1161 = False
		_J1154 = False
		sm12_loop_len = 1
		_J1148 = False
		_J1141 = False
		_J1135 = False
		_J1129 = False
		_J1123 = False
		_J1117 = False
		_J1111 = False
		_EL_U_930 = True
		sm1_state = True
		_EL_U_932 = False
		_EL_U_934 = True
		sm6_state = True
		_EL_U_936 = False
		_EL_U_938 = True
		sm11_state = True
		_EL_U_940 = False
		_EL_U_942 = True
		_EL_U_944 = False
		sm1_loop_len = 1
		_EL_U_946 = True
		_EL_U_948 = False
		sm6_loop_len = 12
		_EL_U_950 = True
		_EL_U_952 = False
		sm11_loop_len = 1
		_EL_U_954 = True
		_EL_U_956 = False
		_EL_U_958 = True
		_EL_U_960 = False
		_EL_U_962 = True
		sm0_state = True
		_EL_U_964 = False
		_EL_U_966 = True
		sm5_state = True
		_EL_U_968 = False
		_EL_U_970 = True
		sm10_state = True
		_EL_U_972 = False
		_EL_U_974 = True
		_EL_U_976 = False
		sm0_loop_len = 1
		_EL_U_978 = True
		_EL_U_980 = False
		_EL_U_982 = True
		sm5_loop_len = 1
		_EL_U_984 = False
		_EL_U_986 = True
		sm10_loop_len = 1
		_EL_U_988 = False
	Trans 16 -- 17
		_x_sm14_l = (sm14_l + -1)
		_x_sm10_l = (sm10_l + -1)
		_x_sm4_l = (sm4_l + -1)
		_x_sm2_l = (sm2_l + -1)
		_x_sm6_l = (sm6_l + -1)
		_x_sm11_l = (sm11_l + -1)
		_x_sm12_l = (sm12_l + -1)
		_x_sm7_l = (sm7_l + -1)
		_x_sm0_l = (sm0_l + -1)
		_x_sm5_l = (sm5_l + -1)
		_x_sm9_l = (sm9_l + -1)
		_x_sm13_l = (sm13_l + -1)
		_x_sm8_l = (sm8_l + -1)
		_x_sm3_l = (sm3_l + -1)
		_x_sm1_l = (sm1_l + -1)
	State 17
		sm14_state = True
		_EL_U_1005 = True
		sm4_state = True
		_EL_U_1007 = False
		run = 3
		sm9_state = True
		semaphore = 0
		sm4_loop_len = 1
		sm9_loop_len = 1
		sm14_loop_len = 12
		sm3_state = True
		sm8_state = True
		sm13_state = True
		sm3_loop_len = 1
		sm8_loop_len = 1
		sm13_loop_len = 1
		_J1310 = True
		_J1304 = True
		_J1297 = True
		_J1291 = False
		_J1284 = True
		_J1278 = False
		_J1271 = True
		_J1265 = False
		sm2_state = True
		_J1258 = True
		_J1252 = False
		_J1245 = True
		sm7_state = True
		_J1239 = False
		_J1232 = True
		_J1226 = False
		sm12_state = True
		_J1219 = True
		_J1213 = False
		_J1206 = True
		_J1200 = False
		_J1193 = True
		sm2_loop_len = 1
		_J1187 = False
		_J1180 = True
		_J1174 = False
		sm7_loop_len = 1
		_J1167 = True
		_J1161 = False
		_J1154 = True
		sm12_loop_len = 1
		_J1148 = False
		_J1141 = True
		_J1135 = False
		_J1129 = True
		_J1123 = False
		_J1117 = True
		_J1111 = True
		_EL_U_930 = True
		sm1_state = True
		_EL_U_932 = False
		_EL_U_934 = True
		sm6_state = True
		_EL_U_936 = False
		_EL_U_938 = True
		sm11_state = True
		_EL_U_940 = False
		_EL_U_942 = True
		_EL_U_944 = False
		sm1_loop_len = 1
		_EL_U_946 = True
		_EL_U_948 = False
		sm6_loop_len = 12
		_EL_U_950 = True
		_EL_U_952 = False
		sm11_loop_len = 1
		_EL_U_954 = True
		_EL_U_956 = False
		_EL_U_958 = True
		_EL_U_960 = False
		_EL_U_962 = True
		sm0_state = True
		_EL_U_964 = False
		_EL_U_966 = True
		sm5_state = True
		_EL_U_968 = False
		_EL_U_970 = True
		sm10_state = True
		_EL_U_972 = False
		_EL_U_974 = True
		_EL_U_976 = False
		sm0_loop_len = 1
		_EL_U_978 = True
		_EL_U_980 = False
		_EL_U_982 = True
		sm5_loop_len = 1
		_EL_U_984 = False
		_EL_U_986 = True
		sm10_loop_len = 1
		_EL_U_988 = False
	Trans 17 -- 18
		_x_sm14_l = (sm14_l + -1)
		_x_sm10_l = (sm10_l + -1)
		_x_sm4_l = (sm4_l + -1)
		_x_sm2_l = (sm2_l + -1)
		_x_sm6_l = (sm6_l + -1)
		_x_sm11_l = (sm11_l + -1)
		_x_sm12_l = (sm12_l + -1)
		_x_sm7_l = (sm7_l + -1)
		_x_sm0_l = (sm0_l + -1)
		_x_sm5_l = (sm5_l + -1)
		_x_sm9_l = (sm9_l + -1)
		_x_sm13_l = (sm13_l + -1)
		_x_sm8_l = (sm8_l + -1)
		_x_sm3_l = (sm3_l + -1)
		_x_sm1_l = (sm1_l + -1)
	State 18
		sm14_state = True
		_EL_U_1005 = True
		sm4_state = True
		_EL_U_1007 = False
		run = 0
		sm9_state = True
		semaphore = 0
		sm4_loop_len = 1
		sm9_loop_len = 1
		sm14_loop_len = 12
		sm3_state = True
		sm8_state = True
		sm13_state = True
		sm3_loop_len = 1
		sm8_loop_len = 1
		sm13_loop_len = 1
		_J1310 = True
		_J1304 = True
		_J1297 = True
		_J1291 = False
		_J1284 = True
		_J1278 = False
		_J1271 = True
		_J1265 = False
		sm2_state = True
		_J1258 = True
		_J1252 = False
		_J1245 = True
		sm7_state = True
		_J1239 = False
		_J1232 = True
		_J1226 = False
		sm12_state = True
		_J1219 = True
		_J1213 = False
		_J1206 = True
		_J1200 = False
		_J1193 = True
		sm2_loop_len = 1
		_J1187 = False
		_J1180 = True
		_J1174 = False
		sm7_loop_len = 1
		_J1167 = True
		_J1161 = True
		_J1154 = True
		sm12_loop_len = 1
		_J1148 = False
		_J1141 = True
		_J1135 = False
		_J1129 = True
		_J1123 = False
		_J1117 = True
		_J1111 = True
		_EL_U_930 = True
		sm1_state = True
		_EL_U_932 = False
		_EL_U_934 = True
		sm6_state = True
		_EL_U_936 = False
		_EL_U_938 = True
		sm11_state = True
		_EL_U_940 = False
		_EL_U_942 = True
		_EL_U_944 = False
		sm1_loop_len = 1
		_EL_U_946 = True
		_EL_U_948 = False
		sm6_loop_len = 12
		_EL_U_950 = True
		_EL_U_952 = False
		sm11_loop_len = 1
		_EL_U_954 = True
		_EL_U_956 = False
		_EL_U_958 = True
		_EL_U_960 = False
		_EL_U_962 = True
		sm0_state = True
		_EL_U_964 = False
		_EL_U_966 = True
		sm5_state = True
		_EL_U_968 = False
		_EL_U_970 = True
		sm10_state = True
		_EL_U_972 = False
		_EL_U_974 = True
		_EL_U_976 = False
		sm0_loop_len = 1
		_EL_U_978 = True
		_EL_U_980 = False
		_EL_U_982 = True
		sm5_loop_len = 1
		_EL_U_984 = False
		_EL_U_986 = True
		sm10_loop_len = 1
		_EL_U_988 = False
	Trans 18 -- 19
		_x_sm14_l = (sm14_l + -1)
		_x_sm10_l = (sm10_l + -1)
		_x_sm4_l = (sm4_l + -1)
		_x_sm2_l = (sm2_l + -1)
		_x_sm6_l = (sm6_l + -1)
		_x_sm11_l = (sm11_l + -1)
		_x_sm12_l = (sm12_l + -1)
		_x_sm7_l = (sm7_l + -1)
		_x_sm0_l = (sm0_l + -1)
		_x_sm5_l = (sm5_l + -1)
		_x_sm9_l = (sm9_l + -1)
		_x_sm13_l = (sm13_l + -1)
		_x_sm8_l = (sm8_l + -1)
		_x_sm3_l = (sm3_l + -1)
		_x_sm1_l = (sm1_l + -1)
	State 19
		sm14_state = True
		_EL_U_1005 = True
		sm4_state = True
		_EL_U_1007 = False
		run = 2
		sm9_state = True
		semaphore = 0
		sm4_loop_len = 1
		sm9_loop_len = 1
		sm14_loop_len = 12
		sm3_state = True
		sm8_state = True
		sm13_state = True
		sm3_loop_len = 1
		sm8_loop_len = 1
		sm13_loop_len = 1
		_J1310 = True
		_J1304 = True
		_J1297 = True
		_J1291 = False
		_J1284 = True
		_J1278 = False
		_J1271 = True
		_J1265 = False
		sm2_state = True
		_J1258 = True
		_J1252 = False
		_J1245 = True
		sm7_state = True
		_J1239 = False
		_J1232 = True
		_J1226 = False
		sm12_state = True
		_J1219 = True
		_J1213 = False
		_J1206 = True
		_J1200 = False
		_J1193 = True
		sm2_loop_len = 1
		_J1187 = False
		_J1180 = True
		_J1174 = False
		sm7_loop_len = 1
		_J1167 = True
		_J1161 = True
		_J1154 = True
		sm12_loop_len = 1
		_J1148 = False
		_J1141 = True
		_J1135 = False
		_J1129 = True
		_J1123 = True
		_J1117 = True
		_J1111 = True
		_EL_U_930 = True
		sm1_state = True
		_EL_U_932 = False
		_EL_U_934 = True
		sm6_state = True
		_EL_U_936 = False
		_EL_U_938 = True
		sm11_state = True
		_EL_U_940 = False
		_EL_U_942 = True
		_EL_U_944 = False
		sm1_loop_len = 1
		_EL_U_946 = True
		_EL_U_948 = False
		sm6_loop_len = 12
		_EL_U_950 = True
		_EL_U_952 = False
		sm11_loop_len = 1
		_EL_U_954 = True
		_EL_U_956 = False
		_EL_U_958 = True
		_EL_U_960 = False
		_EL_U_962 = True
		sm0_state = True
		_EL_U_964 = False
		_EL_U_966 = True
		sm5_state = True
		_EL_U_968 = False
		_EL_U_970 = True
		sm10_state = True
		_EL_U_972 = False
		_EL_U_974 = True
		_EL_U_976 = False
		sm0_loop_len = 1
		_EL_U_978 = True
		_EL_U_980 = False
		_EL_U_982 = True
		sm5_loop_len = 1
		_EL_U_984 = False
		_EL_U_986 = True
		sm10_loop_len = 1
		_EL_U_988 = False
	Trans 19 -- 20
		_x_sm14_l = (sm14_l + -1)
		_x_sm10_l = (sm10_l + -1)
		_x_sm4_l = (sm4_l + -1)
		_x_sm2_l = (sm2_l + -1)
		_x_sm6_l = (sm6_l + -1)
		_x_sm11_l = (sm11_l + -1)
		_x_sm12_l = (sm12_l + -1)
		_x_sm7_l = (sm7_l + -1)
		_x_sm0_l = (sm0_l + -1)
		_x_sm5_l = (sm5_l + -1)
		_x_sm9_l = (sm9_l + -1)
		_x_sm13_l = (sm13_l + -1)
		_x_sm8_l = (sm8_l + -1)
		_x_sm3_l = (sm3_l + -1)
		_x_sm1_l = (sm1_l + -1)
	State 20
		sm14_state = True
		_EL_U_1005 = True
		sm4_state = True
		_EL_U_1007 = False
		run = 8
		sm9_state = True
		semaphore = 0
		sm4_loop_len = 1
		sm9_loop_len = 1
		sm14_loop_len = 12
		sm3_state = True
		sm8_state = True
		sm13_state = True
		sm3_loop_len = 1
		sm8_loop_len = 1
		sm13_loop_len = 1
		_J1310 = True
		_J1304 = True
		_J1297 = True
		_J1291 = False
		_J1284 = True
		_J1278 = False
		_J1271 = True
		_J1265 = False
		sm2_state = True
		_J1258 = True
		_J1252 = False
		_J1245 = True
		sm7_state = True
		_J1239 = False
		_J1232 = True
		_J1226 = False
		sm12_state = True
		_J1219 = True
		_J1213 = False
		_J1206 = True
		_J1200 = False
		_J1193 = True
		sm2_loop_len = 1
		_J1187 = False
		_J1180 = True
		_J1174 = False
		sm7_loop_len = 1
		_J1167 = True
		_J1161 = True
		_J1154 = True
		sm12_loop_len = 1
		_J1148 = True
		_J1141 = True
		_J1135 = False
		_J1129 = True
		_J1123 = True
		_J1117 = True
		_J1111 = True
		_EL_U_930 = True
		sm1_state = True
		_EL_U_932 = False
		_EL_U_934 = True
		sm6_state = True
		_EL_U_936 = False
		_EL_U_938 = True
		sm11_state = True
		_EL_U_940 = False
		_EL_U_942 = True
		_EL_U_944 = False
		sm1_loop_len = 1
		_EL_U_946 = True
		_EL_U_948 = False
		sm6_loop_len = 12
		_EL_U_950 = True
		_EL_U_952 = False
		sm11_loop_len = 1
		_EL_U_954 = True
		_EL_U_956 = False
		_EL_U_958 = True
		_EL_U_960 = False
		_EL_U_962 = True
		sm0_state = True
		_EL_U_964 = False
		_EL_U_966 = True
		sm5_state = True
		_EL_U_968 = False
		_EL_U_970 = True
		sm10_state = True
		_EL_U_972 = False
		_EL_U_974 = True
		_EL_U_976 = False
		sm0_loop_len = 1
		_EL_U_978 = True
		_EL_U_980 = False
		_EL_U_982 = True
		sm5_loop_len = 1
		_EL_U_984 = False
		_EL_U_986 = True
		sm10_loop_len = 1
		_EL_U_988 = False
	Trans 20 -- 21
		_x_sm14_l = (sm14_l + -1)
		_x_sm10_l = (sm10_l + -1)
		_x_sm4_l = (sm4_l + -1)
		_x_sm2_l = (sm2_l + -1)
		_x_sm6_l = (sm6_l + -1)
		_x_sm11_l = (sm11_l + -1)
		_x_sm12_l = (sm12_l + -1)
		_x_sm7_l = (sm7_l + -1)
		_x_sm0_l = (sm0_l + -1)
		_x_sm5_l = (sm5_l + -1)
		_x_sm9_l = (sm9_l + -1)
		_x_sm13_l = (sm13_l + -1)
		_x_sm8_l = (sm8_l + -1)
		_x_sm3_l = (sm3_l + -1)
		_x_sm1_l = (sm1_l + -1)
	State 21
		sm14_state = True
		_EL_U_1005 = True
		sm4_state = True
		_EL_U_1007 = False
		run = 9
		sm9_state = True
		semaphore = 0
		sm4_loop_len = 1
		sm9_loop_len = 1
		sm14_loop_len = 12
		sm3_state = True
		sm8_state = True
		sm13_state = True
		sm3_loop_len = 1
		sm8_loop_len = 1
		sm13_loop_len = 1
		_J1310 = True
		_J1304 = True
		_J1297 = True
		_J1291 = False
		_J1284 = True
		_J1278 = False
		_J1271 = True
		_J1265 = False
		sm2_state = True
		_J1258 = True
		_J1252 = False
		_J1245 = True
		sm7_state = True
		_J1239 = False
		_J1232 = True
		_J1226 = True
		sm12_state = True
		_J1219 = True
		_J1213 = False
		_J1206 = True
		_J1200 = False
		_J1193 = True
		sm2_loop_len = 1
		_J1187 = False
		_J1180 = True
		_J1174 = False
		sm7_loop_len = 1
		_J1167 = True
		_J1161 = True
		_J1154 = True
		sm12_loop_len = 1
		_J1148 = True
		_J1141 = True
		_J1135 = False
		_J1129 = True
		_J1123 = True
		_J1117 = True
		_J1111 = True
		_EL_U_930 = True
		sm1_state = True
		_EL_U_932 = False
		_EL_U_934 = True
		sm6_state = True
		_EL_U_936 = False
		_EL_U_938 = True
		sm11_state = True
		_EL_U_940 = False
		_EL_U_942 = True
		_EL_U_944 = False
		sm1_loop_len = 1
		_EL_U_946 = True
		_EL_U_948 = False
		sm6_loop_len = 12
		_EL_U_950 = True
		_EL_U_952 = False
		sm11_loop_len = 1
		_EL_U_954 = True
		_EL_U_956 = False
		_EL_U_958 = True
		_EL_U_960 = False
		_EL_U_962 = True
		sm0_state = True
		_EL_U_964 = False
		_EL_U_966 = True
		sm5_state = True
		_EL_U_968 = False
		_EL_U_970 = True
		sm10_state = True
		_EL_U_972 = False
		_EL_U_974 = True
		_EL_U_976 = False
		sm0_loop_len = 1
		_EL_U_978 = True
		_EL_U_980 = False
		_EL_U_982 = True
		sm5_loop_len = 1
		_EL_U_984 = False
		_EL_U_986 = True
		sm10_loop_len = 1
		_EL_U_988 = False
	Trans 21 -- 22
		_x_sm14_l = (sm14_l + -1)
		_x_sm10_l = (sm10_l + -1)
		_x_sm4_l = (sm4_l + -1)
		_x_sm2_l = (sm2_l + -1)
		_x_sm6_l = (sm6_l + -1)
		_x_sm11_l = (sm11_l + -1)
		_x_sm12_l = (sm12_l + -1)
		_x_sm7_l = (sm7_l + -1)
		_x_sm0_l = (sm0_l + -1)
		_x_sm5_l = (sm5_l + -1)
		_x_sm9_l = (sm9_l + -1)
		_x_sm13_l = (sm13_l + -1)
		_x_sm8_l = (sm8_l + -1)
		_x_sm3_l = (sm3_l + -1)
		_x_sm1_l = (sm1_l + -1)
	State 22
		sm14_state = True
		_EL_U_1005 = True
		sm4_state = True
		_EL_U_1007 = False
		run = 4
		sm9_state = True
		semaphore = 0
		sm4_loop_len = 1
		sm9_loop_len = 1
		sm14_loop_len = 12
		sm3_state = True
		sm8_state = True
		sm13_state = True
		sm3_loop_len = 1
		sm8_loop_len = 1
		sm13_loop_len = 1
		_J1310 = True
		_J1304 = True
		_J1297 = True
		_J1291 = False
		_J1284 = True
		_J1278 = False
		_J1271 = True
		_J1265 = False
		sm2_state = True
		_J1258 = True
		_J1252 = False
		_J1245 = True
		sm7_state = True
		_J1239 = True
		_J1232 = True
		_J1226 = True
		sm12_state = True
		_J1219 = True
		_J1213 = False
		_J1206 = True
		_J1200 = False
		_J1193 = True
		sm2_loop_len = 1
		_J1187 = False
		_J1180 = True
		_J1174 = False
		sm7_loop_len = 1
		_J1167 = True
		_J1161 = True
		_J1154 = True
		sm12_loop_len = 1
		_J1148 = True
		_J1141 = True
		_J1135 = False
		_J1129 = True
		_J1123 = True
		_J1117 = True
		_J1111 = True
		_EL_U_930 = True
		sm1_state = True
		_EL_U_932 = False
		_EL_U_934 = True
		sm6_state = True
		_EL_U_936 = False
		_EL_U_938 = True
		sm11_state = True
		_EL_U_940 = False
		_EL_U_942 = True
		_EL_U_944 = False
		sm1_loop_len = 1
		_EL_U_946 = True
		_EL_U_948 = False
		sm6_loop_len = 12
		_EL_U_950 = True
		_EL_U_952 = False
		sm11_loop_len = 1
		_EL_U_954 = True
		_EL_U_956 = False
		_EL_U_958 = True
		_EL_U_960 = False
		_EL_U_962 = True
		sm0_state = True
		_EL_U_964 = False
		_EL_U_966 = True
		sm5_state = True
		_EL_U_968 = False
		_EL_U_970 = True
		sm10_state = True
		_EL_U_972 = False
		_EL_U_974 = True
		_EL_U_976 = False
		sm0_loop_len = 1
		_EL_U_978 = True
		_EL_U_980 = False
		_EL_U_982 = True
		sm5_loop_len = 1
		_EL_U_984 = False
		_EL_U_986 = True
		sm10_loop_len = 1
		_EL_U_988 = False
	Trans 22 -- 23
		_x_sm14_l = (sm14_l + -1)
		_x_sm10_l = (sm10_l + -1)
		_x_sm4_l = (sm4_l + -1)
		_x_sm2_l = (sm2_l + -1)
		_x_sm6_l = (sm6_l + -1)
		_x_sm11_l = (sm11_l + -1)
		_x_sm12_l = (sm12_l + -1)
		_x_sm7_l = (sm7_l + -1)
		_x_sm0_l = (sm0_l + -1)
		_x_sm5_l = (sm5_l + -1)
		_x_sm9_l = (sm9_l + -1)
		_x_sm13_l = (sm13_l + -1)
		_x_sm8_l = (sm8_l + -1)
		_x_sm3_l = (sm3_l + -1)
		_x_sm1_l = (sm1_l + -1)
	State 23
		sm14_state = True
		_EL_U_1005 = True
		sm4_state = True
		_EL_U_1007 = False
		run = 5
		sm9_state = True
		semaphore = 0
		sm4_loop_len = 1
		sm9_loop_len = 1
		sm14_loop_len = 12
		sm3_state = True
		sm8_state = True
		sm13_state = True
		sm3_loop_len = 1
		sm8_loop_len = 1
		sm13_loop_len = 1
		_J1310 = True
		_J1304 = True
		_J1297 = True
		_J1291 = False
		_J1284 = True
		_J1278 = False
		_J1271 = True
		_J1265 = False
		sm2_state = True
		_J1258 = True
		_J1252 = False
		_J1245 = True
		sm7_state = True
		_J1239 = True
		_J1232 = True
		_J1226 = True
		sm12_state = True
		_J1219 = True
		_J1213 = False
		_J1206 = True
		_J1200 = False
		_J1193 = True
		sm2_loop_len = 1
		_J1187 = False
		_J1180 = True
		_J1174 = True
		sm7_loop_len = 1
		_J1167 = True
		_J1161 = True
		_J1154 = True
		sm12_loop_len = 1
		_J1148 = True
		_J1141 = True
		_J1135 = False
		_J1129 = True
		_J1123 = True
		_J1117 = True
		_J1111 = True
		_EL_U_930 = True
		sm1_state = True
		_EL_U_932 = False
		_EL_U_934 = True
		sm6_state = True
		_EL_U_936 = False
		_EL_U_938 = True
		sm11_state = True
		_EL_U_940 = False
		_EL_U_942 = True
		_EL_U_944 = False
		sm1_loop_len = 1
		_EL_U_946 = True
		_EL_U_948 = False
		sm6_loop_len = 12
		_EL_U_950 = True
		_EL_U_952 = False
		sm11_loop_len = 1
		_EL_U_954 = True
		_EL_U_956 = False
		_EL_U_958 = True
		_EL_U_960 = False
		_EL_U_962 = True
		sm0_state = True
		_EL_U_964 = False
		_EL_U_966 = True
		sm5_state = True
		_EL_U_968 = False
		_EL_U_970 = True
		sm10_state = True
		_EL_U_972 = False
		_EL_U_974 = True
		_EL_U_976 = False
		sm0_loop_len = 1
		_EL_U_978 = True
		_EL_U_980 = False
		_EL_U_982 = True
		sm5_loop_len = 1
		_EL_U_984 = False
		_EL_U_986 = True
		sm10_loop_len = 1
		_EL_U_988 = False
	Trans 23 -- 24
		_x_sm14_l = (sm14_l + -1)
		_x_sm10_l = (sm10_l + -1)
		_x_sm4_l = (sm4_l + -1)
		_x_sm2_l = (sm2_l + -1)
		_x_sm6_l = (sm6_l + -1)
		_x_sm11_l = (sm11_l + -1)
		_x_sm12_l = (sm12_l + -1)
		_x_sm7_l = (sm7_l + -1)
		_x_sm0_l = (sm0_l + -1)
		_x_sm5_l = (sm5_l + -1)
		_x_sm9_l = (sm9_l + -1)
		_x_sm13_l = (sm13_l + -1)
		_x_sm8_l = (sm8_l + -1)
		_x_sm3_l = (sm3_l + -1)
		_x_sm1_l = (sm1_l + -1)
	State 24
		sm14_state = True
		_EL_U_1005 = True
		sm4_state = True
		_EL_U_1007 = False
		run = 10
		sm9_state = True
		semaphore = 0
		sm4_loop_len = 1
		sm9_loop_len = 1
		sm14_loop_len = 12
		sm3_state = True
		sm8_state = True
		sm13_state = True
		sm3_loop_len = 1
		sm8_loop_len = 1
		sm13_loop_len = 1
		_J1310 = True
		_J1304 = True
		_J1297 = True
		_J1291 = False
		_J1284 = True
		_J1278 = False
		_J1271 = True
		_J1265 = False
		sm2_state = True
		_J1258 = True
		_J1252 = False
		_J1245 = True
		sm7_state = True
		_J1239 = True
		_J1232 = True
		_J1226 = True
		sm12_state = True
		_J1219 = True
		_J1213 = False
		_J1206 = True
		_J1200 = False
		_J1193 = True
		sm2_loop_len = 1
		_J1187 = True
		_J1180 = True
		_J1174 = True
		sm7_loop_len = 1
		_J1167 = True
		_J1161 = True
		_J1154 = True
		sm12_loop_len = 1
		_J1148 = True
		_J1141 = True
		_J1135 = False
		_J1129 = True
		_J1123 = True
		_J1117 = True
		_J1111 = True
		_EL_U_930 = True
		sm1_state = True
		_EL_U_932 = False
		_EL_U_934 = True
		sm6_state = True
		_EL_U_936 = False
		_EL_U_938 = True
		sm11_state = True
		_EL_U_940 = False
		_EL_U_942 = True
		_EL_U_944 = False
		sm1_loop_len = 1
		_EL_U_946 = True
		_EL_U_948 = False
		sm6_loop_len = 12
		_EL_U_950 = True
		_EL_U_952 = False
		sm11_loop_len = 1
		_EL_U_954 = True
		_EL_U_956 = False
		_EL_U_958 = True
		_EL_U_960 = False
		_EL_U_962 = True
		sm0_state = True
		_EL_U_964 = False
		_EL_U_966 = True
		sm5_state = True
		_EL_U_968 = False
		_EL_U_970 = True
		sm10_state = True
		_EL_U_972 = False
		_EL_U_974 = True
		_EL_U_976 = False
		sm0_loop_len = 1
		_EL_U_978 = True
		_EL_U_980 = False
		_EL_U_982 = True
		sm5_loop_len = 1
		_EL_U_984 = False
		_EL_U_986 = True
		sm10_loop_len = 1
		_EL_U_988 = False
	Trans 24 -- 25
		_x_sm14_l = (sm14_l + -1)
		_x_sm10_l = (sm10_l + -1)
		_x_sm4_l = (sm4_l + -1)
		_x_sm2_l = (sm2_l + -1)
		_x_sm6_l = (sm6_l + -1)
		_x_sm11_l = (sm11_l + -1)
		_x_sm12_l = (sm12_l + -1)
		_x_sm7_l = (sm7_l + -1)
		_x_sm0_l = (sm0_l + -1)
		_x_sm5_l = (sm5_l + -1)
		_x_sm9_l = (sm9_l + -1)
		_x_sm13_l = (sm13_l + -1)
		_x_sm8_l = (sm8_l + -1)
		_x_sm3_l = (sm3_l + -1)
		_x_sm1_l = (sm1_l + -1)
	State 25
		sm14_state = True
		_EL_U_1005 = True
		sm4_state = True
		_EL_U_1007 = False
		run = 6
		sm9_state = True
		semaphore = 0
		sm4_loop_len = 1
		sm9_loop_len = 1
		sm14_loop_len = 12
		sm3_state = True
		sm8_state = True
		sm13_state = True
		sm3_loop_len = 1
		sm8_loop_len = 1
		sm13_loop_len = 1
		_J1310 = True
		_J1304 = True
		_J1297 = True
		_J1291 = False
		_J1284 = True
		_J1278 = False
		_J1271 = True
		_J1265 = False
		sm2_state = True
		_J1258 = True
		_J1252 = True
		_J1245 = True
		sm7_state = True
		_J1239 = True
		_J1232 = True
		_J1226 = True
		sm12_state = True
		_J1219 = True
		_J1213 = False
		_J1206 = True
		_J1200 = False
		_J1193 = True
		sm2_loop_len = 1
		_J1187 = True
		_J1180 = True
		_J1174 = True
		sm7_loop_len = 1
		_J1167 = True
		_J1161 = True
		_J1154 = True
		sm12_loop_len = 1
		_J1148 = True
		_J1141 = True
		_J1135 = False
		_J1129 = True
		_J1123 = True
		_J1117 = True
		_J1111 = True
		_EL_U_930 = True
		sm1_state = True
		_EL_U_932 = False
		_EL_U_934 = True
		sm6_state = True
		_EL_U_936 = False
		_EL_U_938 = True
		sm11_state = True
		_EL_U_940 = False
		_EL_U_942 = True
		_EL_U_944 = False
		sm1_loop_len = 1
		_EL_U_946 = True
		_EL_U_948 = False
		sm6_loop_len = 12
		_EL_U_950 = True
		_EL_U_952 = False
		sm11_loop_len = 1
		_EL_U_954 = True
		_EL_U_956 = False
		_EL_U_958 = True
		_EL_U_960 = False
		_EL_U_962 = True
		sm0_state = True
		_EL_U_964 = False
		_EL_U_966 = True
		sm5_state = True
		_EL_U_968 = False
		_EL_U_970 = True
		sm10_state = True
		_EL_U_972 = False
		_EL_U_974 = True
		_EL_U_976 = False
		sm0_loop_len = 1
		_EL_U_978 = True
		_EL_U_980 = False
		_EL_U_982 = True
		sm5_loop_len = 1
		_EL_U_984 = False
		_EL_U_986 = True
		sm10_loop_len = 1
		_EL_U_988 = False
	Trans 25 -- 26
		_x_sm14_l = (sm14_l + -1)
		_x_sm10_l = (sm10_l + -1)
		_x_sm4_l = (sm4_l + -1)
		_x_sm2_l = (sm2_l + -1)
		_x_sm6_l = (sm6_l + -1)
		_x_sm11_l = (sm11_l + -1)
		_x_sm12_l = (sm12_l + -1)
		_x_sm7_l = (sm7_l + -1)
		_x_sm0_l = (sm0_l + -1)
		_x_sm5_l = (sm5_l + -1)
		_x_sm9_l = (sm9_l + -1)
		_x_sm13_l = (sm13_l + -1)
		_x_sm8_l = (sm8_l + -1)
		_x_sm3_l = (sm3_l + -1)
		_x_sm1_l = (sm1_l + -1)
	State 26
		sm14_state = True
		_EL_U_1005 = True
		sm4_state = True
		_EL_U_1007 = False
		run = 7
		sm9_state = True
		semaphore = 0
		sm4_loop_len = 1
		sm9_loop_len = 1
		sm14_loop_len = 12
		sm3_state = True
		sm8_state = True
		sm13_state = True
		sm3_loop_len = 1
		sm8_loop_len = 1
		sm13_loop_len = 1
		_J1310 = True
		_J1304 = True
		_J1297 = True
		_J1291 = False
		_J1284 = True
		_J1278 = False
		_J1271 = True
		_J1265 = False
		sm2_state = True
		_J1258 = True
		_J1252 = True
		_J1245 = True
		sm7_state = True
		_J1239 = True
		_J1232 = True
		_J1226 = True
		sm12_state = True
		_J1219 = True
		_J1213 = False
		_J1206 = True
		_J1200 = True
		_J1193 = True
		sm2_loop_len = 1
		_J1187 = True
		_J1180 = True
		_J1174 = True
		sm7_loop_len = 1
		_J1167 = True
		_J1161 = True
		_J1154 = True
		sm12_loop_len = 1
		_J1148 = True
		_J1141 = True
		_J1135 = False
		_J1129 = True
		_J1123 = True
		_J1117 = True
		_J1111 = True
		_EL_U_930 = True
		sm1_state = True
		_EL_U_932 = False
		_EL_U_934 = True
		sm6_state = True
		_EL_U_936 = False
		_EL_U_938 = True
		sm11_state = True
		_EL_U_940 = False
		_EL_U_942 = True
		_EL_U_944 = False
		sm1_loop_len = 1
		_EL_U_946 = True
		_EL_U_948 = False
		sm6_loop_len = 12
		_EL_U_950 = True
		_EL_U_952 = False
		sm11_loop_len = 1
		_EL_U_954 = True
		_EL_U_956 = False
		_EL_U_958 = True
		_EL_U_960 = False
		_EL_U_962 = True
		sm0_state = True
		_EL_U_964 = False
		_EL_U_966 = True
		sm5_state = True
		_EL_U_968 = False
		_EL_U_970 = True
		sm10_state = True
		_EL_U_972 = False
		_EL_U_974 = True
		_EL_U_976 = False
		sm0_loop_len = 1
		_EL_U_978 = True
		_EL_U_980 = False
		_EL_U_982 = True
		sm5_loop_len = 1
		_EL_U_984 = False
		_EL_U_986 = True
		sm10_loop_len = 1
		_EL_U_988 = False
	Trans 26 -- 27
		_x_sm14_l = (sm14_l + -1)
		_x_sm10_l = (sm10_l + -1)
		_x_sm4_l = (sm4_l + -1)
		_x_sm2_l = (sm2_l + -1)
		_x_sm6_l = (sm6_l + -1)
		_x_sm11_l = (sm11_l + -1)
		_x_sm12_l = (sm12_l + -1)
		_x_sm7_l = (sm7_l + -1)
		_x_sm0_l = (sm0_l + -1)
		_x_sm5_l = (sm5_l + -1)
		_x_sm9_l = (sm9_l + -1)
		_x_sm13_l = (sm13_l + -1)
		_x_sm8_l = (sm8_l + -1)
		_x_sm3_l = (sm3_l + -1)
		_x_sm1_l = (sm1_l + -1)
	State 27
		sm14_state = True
		_EL_U_1005 = True
		sm4_state = True
		_EL_U_1007 = False
		run = 12
		sm9_state = True
		semaphore = 0
		sm4_loop_len = 1
		sm9_loop_len = 1
		sm14_loop_len = 12
		sm3_state = True
		sm8_state = True
		sm13_state = True
		sm3_loop_len = 1
		sm8_loop_len = 1
		sm13_loop_len = 1
		_J1310 = True
		_J1304 = True
		_J1297 = True
		_J1291 = False
		_J1284 = True
		_J1278 = False
		_J1271 = True
		_J1265 = False
		sm2_state = True
		_J1258 = True
		_J1252 = True
		_J1245 = True
		sm7_state = True
		_J1239 = True
		_J1232 = True
		_J1226 = True
		sm12_state = True
		_J1219 = True
		_J1213 = True
		_J1206 = True
		_J1200 = True
		_J1193 = True
		sm2_loop_len = 1
		_J1187 = True
		_J1180 = True
		_J1174 = True
		sm7_loop_len = 1
		_J1167 = True
		_J1161 = True
		_J1154 = True
		sm12_loop_len = 1
		_J1148 = True
		_J1141 = True
		_J1135 = False
		_J1129 = True
		_J1123 = True
		_J1117 = True
		_J1111 = True
		_EL_U_930 = True
		sm1_state = True
		_EL_U_932 = False
		_EL_U_934 = True
		sm6_state = True
		_EL_U_936 = False
		_EL_U_938 = True
		sm11_state = True
		_EL_U_940 = False
		_EL_U_942 = True
		_EL_U_944 = False
		sm1_loop_len = 1
		_EL_U_946 = True
		_EL_U_948 = False
		sm6_loop_len = 12
		_EL_U_950 = True
		_EL_U_952 = False
		sm11_loop_len = 1
		_EL_U_954 = True
		_EL_U_956 = False
		_EL_U_958 = True
		_EL_U_960 = False
		_EL_U_962 = True
		sm0_state = True
		_EL_U_964 = False
		_EL_U_966 = True
		sm5_state = True
		_EL_U_968 = False
		_EL_U_970 = True
		sm10_state = True
		_EL_U_972 = False
		_EL_U_974 = True
		_EL_U_976 = False
		sm0_loop_len = 1
		_EL_U_978 = True
		_EL_U_980 = False
		_EL_U_982 = True
		sm5_loop_len = 1
		_EL_U_984 = False
		_EL_U_986 = True
		sm10_loop_len = 1
		_EL_U_988 = False
	Trans 27 -- 28
		_x_sm14_l = (sm14_l + -1)
		_x_sm10_l = (sm10_l + -1)
		_x_sm4_l = (sm4_l + -1)
		_x_sm2_l = (sm2_l + -1)
		_x_sm6_l = (sm6_l + -1)
		_x_sm11_l = (sm11_l + -1)
		_x_sm12_l = (sm12_l + -1)
		_x_sm7_l = (sm7_l + -1)
		_x_sm0_l = (sm0_l + -1)
		_x_sm5_l = (sm5_l + -1)
		_x_sm9_l = (sm9_l + -1)
		_x_sm13_l = (sm13_l + -1)
		_x_sm8_l = (sm8_l + -1)
		_x_sm3_l = (sm3_l + -1)
		_x_sm1_l = (sm1_l + -1)
	State 28
		sm14_state = True
		_EL_U_1005 = True
		sm4_state = True
		_EL_U_1007 = False
		run = 13
		sm9_state = True
		semaphore = 0
		sm4_loop_len = 1
		sm9_loop_len = 1
		sm14_loop_len = 12
		sm3_state = True
		sm8_state = True
		sm13_state = True
		sm3_loop_len = 1
		sm8_loop_len = 1
		sm13_loop_len = 1
		_J1310 = True
		_J1304 = True
		_J1297 = True
		_J1291 = False
		_J1284 = True
		_J1278 = True
		_J1271 = True
		_J1265 = False
		sm2_state = True
		_J1258 = True
		_J1252 = True
		_J1245 = True
		sm7_state = True
		_J1239 = True
		_J1232 = True
		_J1226 = True
		sm12_state = True
		_J1219 = True
		_J1213 = True
		_J1206 = True
		_J1200 = True
		_J1193 = True
		sm2_loop_len = 1
		_J1187 = True
		_J1180 = True
		_J1174 = True
		sm7_loop_len = 1
		_J1167 = True
		_J1161 = True
		_J1154 = True
		sm12_loop_len = 1
		_J1148 = True
		_J1141 = True
		_J1135 = False
		_J1129 = True
		_J1123 = True
		_J1117 = True
		_J1111 = True
		_EL_U_930 = True
		sm1_state = True
		_EL_U_932 = False
		_EL_U_934 = True
		sm6_state = True
		_EL_U_936 = False
		_EL_U_938 = True
		sm11_state = True
		_EL_U_940 = False
		_EL_U_942 = True
		_EL_U_944 = False
		sm1_loop_len = 1
		_EL_U_946 = True
		_EL_U_948 = False
		sm6_loop_len = 12
		_EL_U_950 = True
		_EL_U_952 = False
		sm11_loop_len = 1
		_EL_U_954 = True
		_EL_U_956 = False
		_EL_U_958 = True
		_EL_U_960 = False
		_EL_U_962 = True
		sm0_state = True
		_EL_U_964 = False
		_EL_U_966 = True
		sm5_state = True
		_EL_U_968 = False
		_EL_U_970 = True
		sm10_state = True
		_EL_U_972 = False
		_EL_U_974 = True
		_EL_U_976 = False
		sm0_loop_len = 1
		_EL_U_978 = True
		_EL_U_980 = False
		_EL_U_982 = True
		sm5_loop_len = 1
		_EL_U_984 = False
		_EL_U_986 = True
		sm10_loop_len = 1
		_EL_U_988 = False
	Trans 28 -- 29
		_x_sm14_l = (sm14_l + -1)
		_x_sm10_l = (sm10_l + -1)
		_x_sm4_l = (sm4_l + -1)
		_x_sm2_l = (sm2_l + -1)
		_x_sm6_l = (sm6_l + -1)
		_x_sm11_l = (sm11_l + -1)
		_x_sm12_l = (sm12_l + -1)
		_x_sm7_l = (sm7_l + -1)
		_x_sm0_l = (sm0_l + -1)
		_x_sm5_l = (sm5_l + -1)
		_x_sm9_l = (sm9_l + -1)
		_x_sm13_l = (sm13_l + -1)
		_x_sm8_l = (sm8_l + -1)
		_x_sm3_l = (sm3_l + -1)
		_x_sm1_l = (sm1_l + -1)
	State 29
		sm14_state = True
		_EL_U_1005 = True
		sm4_state = True
		_EL_U_1007 = False
		run = 11
		sm9_state = True
		semaphore = 0
		sm4_loop_len = 1
		sm9_loop_len = 1
		sm14_loop_len = 12
		sm3_state = True
		sm8_state = True
		sm13_state = True
		sm3_loop_len = 1
		sm8_loop_len = 1
		sm13_loop_len = 1
		_J1310 = True
		_J1304 = True
		_J1297 = True
		_J1291 = True
		_J1284 = True
		_J1278 = True
		_J1271 = True
		_J1265 = False
		sm2_state = True
		_J1258 = True
		_J1252 = True
		_J1245 = True
		sm7_state = True
		_J1239 = True
		_J1232 = True
		_J1226 = True
		sm12_state = True
		_J1219 = True
		_J1213 = True
		_J1206 = True
		_J1200 = True
		_J1193 = True
		sm2_loop_len = 1
		_J1187 = True
		_J1180 = True
		_J1174 = True
		sm7_loop_len = 1
		_J1167 = True
		_J1161 = True
		_J1154 = True
		sm12_loop_len = 1
		_J1148 = True
		_J1141 = True
		_J1135 = False
		_J1129 = True
		_J1123 = True
		_J1117 = True
		_J1111 = True
		_EL_U_930 = True
		sm1_state = True
		_EL_U_932 = False
		_EL_U_934 = True
		sm6_state = True
		_EL_U_936 = False
		_EL_U_938 = True
		sm11_state = True
		_EL_U_940 = False
		_EL_U_942 = True
		_EL_U_944 = False
		sm1_loop_len = 1
		_EL_U_946 = True
		_EL_U_948 = False
		sm6_loop_len = 12
		_EL_U_950 = True
		_EL_U_952 = False
		sm11_loop_len = 1
		_EL_U_954 = True
		_EL_U_956 = False
		_EL_U_958 = True
		_EL_U_960 = False
		_EL_U_962 = True
		sm0_state = True
		_EL_U_964 = False
		_EL_U_966 = True
		sm5_state = True
		_EL_U_968 = False
		_EL_U_970 = True
		sm10_state = True
		_EL_U_972 = False
		_EL_U_974 = True
		_EL_U_976 = False
		sm0_loop_len = 1
		_EL_U_978 = True
		_EL_U_980 = False
		_EL_U_982 = True
		sm5_loop_len = 1
		_EL_U_984 = False
		_EL_U_986 = True
		sm10_loop_len = 1
		_EL_U_988 = False
	Trans 29 -- 30
		_x_sm14_l = (sm14_l + -1)
		_x_sm10_l = (sm10_l + -1)
		_x_sm4_l = (sm4_l + -1)
		_x_sm2_l = (sm2_l + -1)
		_x_sm6_l = (sm6_l + -1)
		_x_sm11_l = (sm11_l + -1)
		_x_sm12_l = (sm12_l + -1)
		_x_sm7_l = (sm7_l + -1)
		_x_sm0_l = (sm0_l + -1)
		_x_sm5_l = (sm5_l + -1)
		_x_sm9_l = (sm9_l + -1)
		_x_sm13_l = (sm13_l + -1)
		_x_sm8_l = (sm8_l + -1)
		_x_sm3_l = (sm3_l + -1)
		_x_sm1_l = (sm1_l + -1)
	State 30
		sm14_state = True
		_EL_U_1005 = True
		sm4_state = True
		_EL_U_1007 = False
		run = 1
		sm9_state = True
		semaphore = 0
		sm4_loop_len = 1
		sm9_loop_len = 1
		sm14_loop_len = 12
		sm3_state = True
		sm8_state = True
		sm13_state = True
		sm3_loop_len = 1
		sm8_loop_len = 1
		sm13_loop_len = 1
		_J1310 = True
		_J1304 = True
		_J1297 = True
		_J1291 = True
		_J1284 = True
		_J1278 = True
		_J1271 = True
		_J1265 = True
		sm2_state = True
		_J1258 = True
		_J1252 = True
		_J1245 = True
		sm7_state = True
		_J1239 = True
		_J1232 = True
		_J1226 = True
		sm12_state = True
		_J1219 = True
		_J1213 = True
		_J1206 = True
		_J1200 = True
		_J1193 = True
		sm2_loop_len = 1
		_J1187 = True
		_J1180 = True
		_J1174 = True
		sm7_loop_len = 1
		_J1167 = True
		_J1161 = True
		_J1154 = True
		sm12_loop_len = 1
		_J1148 = True
		_J1141 = True
		_J1135 = False
		_J1129 = True
		_J1123 = True
		_J1117 = True
		_J1111 = True
		_EL_U_930 = True
		sm1_state = True
		_EL_U_932 = False
		_EL_U_934 = True
		sm6_state = True
		_EL_U_936 = False
		_EL_U_938 = True
		sm11_state = True
		_EL_U_940 = False
		_EL_U_942 = True
		_EL_U_944 = False
		sm1_loop_len = 1
		_EL_U_946 = True
		_EL_U_948 = False
		sm6_loop_len = 12
		_EL_U_950 = True
		_EL_U_952 = False
		sm11_loop_len = 1
		_EL_U_954 = True
		_EL_U_956 = False
		_EL_U_958 = True
		_EL_U_960 = False
		_EL_U_962 = True
		sm0_state = True
		_EL_U_964 = False
		_EL_U_966 = True
		sm5_state = True
		_EL_U_968 = False
		_EL_U_970 = True
		sm10_state = True
		_EL_U_972 = False
		_EL_U_974 = True
		_EL_U_976 = False
		sm0_loop_len = 1
		_EL_U_978 = True
		_EL_U_980 = False
		_EL_U_982 = True
		sm5_loop_len = 1
		_EL_U_984 = False
		_EL_U_986 = True
		sm10_loop_len = 1
		_EL_U_988 = False
	Trans 30 -- 31
		_x_sm14_l = (sm14_l + -1)
		_x_sm10_l = (sm10_l + -1)
		_x_sm4_l = (sm4_l + -1)
		_x_sm2_l = (sm2_l + -1)
		_x_sm6_l = (sm6_l + -1)
		_x_sm11_l = (sm11_l + -1)
		_x_sm12_l = (sm12_l + -1)
		_x_sm7_l = (sm7_l + -1)
		_x_sm0_l = (sm0_l + -1)
		_x_sm5_l = (sm5_l + -1)
		_x_sm9_l = (sm9_l + -1)
		_x_sm13_l = (sm13_l + -1)
		_x_sm8_l = (sm8_l + -1)
		_x_sm3_l = (sm3_l + -1)
		_x_sm1_l = (sm1_l + -1)
	starting from: _EL_U_1005 : True, sm14_state : True, run : 9, sm4_state : True, _EL_U_1007 : False, semaphore : 0, sm4_l : -15, sm4_loop_len : 1, sm14_l : -15, sm14_loop_len : 12, sm3_state : True, sm13_state : True, sm3_l : -15, sm3_loop_len : 1, sm13_l : -15, sm13_loop_len : 1, sm2_state : True, sm12_state : True, sm2_l : -15, sm2_loop_len : 1, sm12_l : -15, sm12_loop_len : 1, sm1_state : True, sm11_state : True, sm1_l : -15, sm1_loop_len : 1, sm11_l : -15, sm11_loop_len : 1, sm0_state : True, sm10_state : True, sm0_l : -15, sm0_loop_len : 1, sm10_l : -15, sm10_loop_len : 1, sm9_state : True, sm9_l : -15, sm9_loop_len : 1, sm8_state : True, sm8_l : -15, sm8_loop_len : 1, _J1310 : True, _J1304 : True, _J1297 : True, _J1291 : True, _J1284 : True, _J1278 : True, _J1271 : True, _J1265 : True, _J1258 : True, _J1252 : True, _J1245 : True, sm7_state : True, _J1239 : True, _J1232 : True, _J1226 : True, _J1219 : True, _J1213 : True, _J1206 : True, _J1200 : True, _J1193 : True, _J1187 : True, _J1180 : True, sm7_l : -15, sm7_loop_len : 1, _J1174 : True, _J1167 : True, _J1161 : True, _J1154 : True, _J1148 : True, _J1141 : True, _J1135 : True, _J1129 : True, _J1123 : True, _J1117 : True, _J1111 : True, _EL_U_930 : True, _EL_U_932 : False, _EL_U_934 : True, sm6_state : True, _EL_U_936 : False, _EL_U_938 : True, _EL_U_940 : False, _EL_U_942 : True, _EL_U_944 : False, _EL_U_946 : True, _EL_U_948 : False, sm6_l : -15, sm6_loop_len : 12, _EL_U_950 : True, _EL_U_952 : False, _EL_U_954 : True, _EL_U_956 : False, _EL_U_958 : True, _EL_U_960 : False, _EL_U_962 : True, _EL_U_964 : False, _EL_U_966 : True, sm5_state : True, _EL_U_968 : False, _EL_U_970 : True, _EL_U_972 : False, _EL_U_974 : True, _EL_U_976 : False, _EL_U_978 : True, _EL_U_980 : False, sm5_l : -15, sm5_loop_len : 1, _EL_U_982 : True, _EL_U_984 : False, _EL_U_986 : True, _EL_U_988 : False

end of `semaphore_0015`: SUCCESS in 567.2968759536743s
