F3 run `semaphore_0021`

	Found non-termination argument:
	State 21
		run = -1
		sm13_loop_len = 1
		sm4_loop_len = 1
		sm18_loop_len = 1
		sm0_loop_len = 1
		sm9_loop_len = 1
		semaphore = 0
		sm14_loop_len = 1
		sm5_loop_len = 1
		sm19_loop_len = 1
		sm10_loop_len = 1
		sm1_loop_len = 1
		sm15_loop_len = 1
		sm6_loop_len = 1
		sm20_loop_len = 1
		sm11_loop_len = 1
		sm2_loop_len = 1
		sm16_loop_len = 1
		sm7_loop_len = 1
		sm12_loop_len = 1
		sm3_loop_len = 1
		sm17_loop_len = 1
		sm8_loop_len = 1
		sm20_state = True
		sm10_state = True
		sm9_state = True
		sm19_state = True
		sm8_state = True
		sm18_state = True
		sm7_state = True
		sm17_state = True
		_J1814 = True
		_J1808 = True
		_J1801 = True
		_J1795 = True
		_J1788 = True
		_J1782 = True
		_J1775 = True
		_J1769 = True
		_J1762 = True
		_J1756 = True
		_J1749 = True
		_J1743 = True
		_J1736 = True
		_J1730 = True
		_J1723 = True
		_J1717 = True
		_J1710 = True
		_J1704 = True
		sm6_state = True
		_J1697 = True
		_J1691 = True
		_J1684 = True
		_J1678 = True
		_J1671 = True
		_J1665 = True
		sm16_state = True
		_J1658 = True
		_J1652 = True
		_J1645 = True
		_J1639 = True
		_J1632 = True
		_J1626 = True
		_J1619 = True
		_J1613 = True
		_J1606 = True
		_J1600 = True
		_J1593 = True
		_J1587 = True
		_J1580 = True
		_J1574 = True
		_J1567 = True
		_J1561 = True
		_J1555 = True
		_J1549 = True
		_J1543 = True
		sm5_state = True
		_J1537 = True
		_EL_U_1290 = True
		_EL_U_1292 = False
		_EL_U_1294 = True
		sm15_state = True
		_EL_U_1296 = False
		_EL_U_1298 = True
		_EL_U_1300 = False
		_EL_U_1302 = True
		_EL_U_1304 = False
		_EL_U_1306 = True
		_EL_U_1308 = False
		_EL_U_1310 = True
		_EL_U_1312 = False
		_EL_U_1314 = True
		_EL_U_1316 = False
		_EL_U_1318 = True
		_EL_U_1320 = False
		sm4_state = True
		_EL_U_1322 = True
		_EL_U_1324 = False
		_EL_U_1326 = True
		_EL_U_1328 = False
		sm14_state = True
		_EL_U_1330 = True
		_EL_U_1332 = False
		_EL_U_1334 = True
		_EL_U_1336 = False
		_EL_U_1338 = True
		_EL_U_1340 = False
		_EL_U_1342 = True
		_EL_U_1344 = False
		_EL_U_1346 = True
		_EL_U_1348 = False
		_EL_U_1350 = True
		_EL_U_1352 = False
		_EL_U_1354 = True
		sm3_state = True
		_EL_U_1356 = False
		_EL_U_1358 = True
		_EL_U_1360 = False
		_EL_U_1362 = True
		sm13_state = True
		_EL_U_1364 = False
		_EL_U_1366 = True
		_EL_U_1368 = False
		_EL_U_1370 = True
		_EL_U_1372 = False
		sm2_state = True
		_EL_U_1395 = True
		_EL_U_1397 = False
		sm12_state = True
		sm1_state = True
		sm11_state = True
		sm0_state = True
		(sm5_l < 44)
		(sm3_l < 44)
		(sm14_l < 44)
		(sm4_l < 44)
		(sm15_l < 44)
		(sm7_l < 44)
		(sm17_l < 44)
		(sm1_l < 22)
		(sm16_l < 44)
		(sm6_l < 44)
		(sm5_l < 45)
		(sm18_l < 44)
		(sm19_l < 22)
		(sm11_l < 44)
		(sm8_l < 44)
		(sm1_l < 44)
		(sm19_l < 44)
		(sm9_l < 44)
		(sm20_l < 44)
		(sm10_l < 44)
		(sm0_l < 44)
		(sm5_l < 22)
		(sm12_l < 44)
		(sm2_l < 44)
		(sm13_l < 44)
		(sm17_l < 22)
		(sm16_l < 22)
		(sm6_l < 22)
		(sm5_l < 1)
		(sm5_l < 23)
		(sm11_l < 0)
		(sm18_l < 22)
		(sm1_l < 0)
		(sm12_l < 0)
		(sm11_l < 22)
		(sm2_l < 0)
		(sm13_l < 0)
		(sm8_l < 22)
		(sm3_l < 0)
		(sm14_l < 0)
		(sm4_l < 0)
		(sm15_l < 0)
		(sm17_l < 0)
		(sm7_l < 0)
		(sm5_l < 0)
		(sm16_l < 0)
		(sm6_l < 0)
		(sm18_l < 0)
		(sm8_l < 0)
		(sm19_l < 0)
		(sm9_l < 0)
		(sm20_l < 0)
		(sm10_l < 0)
		(sm0_l < 0)
		(sm9_l < 22)
		(sm20_l < 22)
		(sm10_l < 22)
		(sm0_l < 22)
		(sm12_l < 22)
		(sm2_l < 22)
		(sm13_l < 22)
		(sm3_l < 22)
		(sm14_l < 22)
		(sm4_l < 22)
		(sm15_l < 22)
		(sm7_l < 22)
		((sm13_l + 2) <= 0)
	Trans 21 -- 22
		_x_sm19_l = (sm19_l + -1)
		_x_sm16_l = (sm16_l + -1)
		_x_sm0_l = (sm0_l + -1)
		_x_sm18_l = (sm18_l + -1)
		_x_sm7_l = (sm7_l + -1)
		_x_sm13_l = (sm13_l + -1)
		_x_sm4_l = (sm4_l + -1)
		_x_sm11_l = (sm11_l + -1)
		_x_sm20_l = (sm20_l + -1)
		_x_sm12_l = (sm12_l + -1)
		_x_sm1_l = (sm1_l + -1)
		_x_sm17_l = (sm17_l + -1)
		_x_sm14_l = (sm14_l + -1)
		_x_sm5_l = (sm5_l + -1)
		_x_sm8_l = (sm8_l + -1)
		_x_sm2_l = (sm2_l + -1)
		_x_sm15_l = (sm15_l + -1)
		_x_sm9_l = (sm9_l + -1)
		_x_sm10_l = (sm10_l + -1)
		_x_sm6_l = (sm6_l + -1)
		_x_sm3_l = (sm3_l + -1)
	State 22
		run = 20
		sm13_loop_len = 1
		sm4_loop_len = 1
		sm18_loop_len = 1
		sm0_loop_len = 1
		sm9_loop_len = 1
		semaphore = 0
		sm14_loop_len = 1
		sm5_loop_len = 1
		sm19_loop_len = 1
		sm10_loop_len = 1
		sm1_loop_len = 1
		sm15_loop_len = 1
		sm6_loop_len = 1
		sm20_loop_len = 1
		sm11_loop_len = 1
		sm2_loop_len = 1
		sm16_loop_len = 1
		sm7_loop_len = 1
		sm12_loop_len = 1
		sm3_loop_len = 1
		sm17_loop_len = 1
		sm8_loop_len = 1
		sm20_state = True
		sm10_state = True
		sm9_state = True
		sm19_state = True
		sm8_state = True
		sm18_state = True
		sm7_state = True
		sm17_state = True
		_J1814 = False
		_J1808 = False
		_J1801 = False
		_J1795 = False
		_J1788 = False
		_J1782 = False
		_J1775 = False
		_J1769 = False
		_J1762 = False
		_J1756 = False
		_J1749 = False
		_J1743 = False
		_J1736 = False
		_J1730 = False
		_J1723 = False
		_J1717 = False
		_J1710 = False
		_J1704 = False
		sm6_state = True
		_J1697 = False
		_J1691 = False
		_J1684 = False
		_J1678 = False
		_J1671 = False
		_J1665 = False
		sm16_state = True
		_J1658 = False
		_J1652 = False
		_J1645 = False
		_J1639 = False
		_J1632 = False
		_J1626 = False
		_J1619 = False
		_J1613 = False
		_J1606 = False
		_J1600 = False
		_J1593 = False
		_J1587 = False
		_J1580 = False
		_J1574 = False
		_J1567 = False
		_J1561 = False
		_J1555 = False
		_J1549 = False
		_J1543 = False
		sm5_state = True
		_J1537 = False
		_EL_U_1290 = True
		_EL_U_1292 = False
		_EL_U_1294 = True
		sm15_state = True
		_EL_U_1296 = False
		_EL_U_1298 = True
		_EL_U_1300 = False
		_EL_U_1302 = True
		_EL_U_1304 = False
		_EL_U_1306 = True
		_EL_U_1308 = False
		_EL_U_1310 = True
		_EL_U_1312 = False
		_EL_U_1314 = True
		_EL_U_1316 = False
		_EL_U_1318 = True
		_EL_U_1320 = False
		sm4_state = True
		_EL_U_1322 = True
		_EL_U_1324 = False
		_EL_U_1326 = True
		_EL_U_1328 = False
		sm14_state = True
		_EL_U_1330 = True
		_EL_U_1332 = False
		_EL_U_1334 = True
		_EL_U_1336 = False
		_EL_U_1338 = True
		_EL_U_1340 = False
		_EL_U_1342 = True
		_EL_U_1344 = False
		_EL_U_1346 = True
		_EL_U_1348 = False
		_EL_U_1350 = True
		_EL_U_1352 = False
		_EL_U_1354 = True
		sm3_state = True
		_EL_U_1356 = False
		_EL_U_1358 = True
		_EL_U_1360 = False
		_EL_U_1362 = True
		sm13_state = True
		_EL_U_1364 = False
		_EL_U_1366 = True
		_EL_U_1368 = False
		_EL_U_1370 = True
		_EL_U_1372 = False
		sm2_state = True
		_EL_U_1395 = True
		_EL_U_1397 = False
		sm12_state = True
		sm1_state = True
		sm11_state = True
		sm0_state = True
	Trans 22 -- 23
		_x_sm19_l = (sm19_l + -1)
		_x_sm16_l = (sm16_l + -1)
		_x_sm0_l = (sm0_l + -1)
		_x_sm18_l = (sm18_l + -1)
		_x_sm7_l = (sm7_l + -1)
		_x_sm13_l = (sm13_l + -1)
		_x_sm4_l = (sm4_l + -1)
		_x_sm11_l = (sm11_l + -1)
		_x_sm20_l = (sm20_l + -1)
		_x_sm12_l = (sm12_l + -1)
		_x_sm1_l = (sm1_l + -1)
		_x_sm17_l = (sm17_l + -1)
		_x_sm14_l = (sm14_l + -1)
		_x_sm5_l = (sm5_l + -1)
		_x_sm8_l = (sm8_l + -1)
		_x_sm2_l = (sm2_l + -1)
		_x_sm15_l = (sm15_l + -1)
		_x_sm9_l = (sm9_l + -1)
		_x_sm10_l = (sm10_l + -1)
		_x_sm6_l = (sm6_l + -1)
		_x_sm3_l = (sm3_l + -1)
	State 23
		run = 13
		sm13_loop_len = 1
		sm4_loop_len = 1
		sm18_loop_len = 1
		sm0_loop_len = 1
		sm9_loop_len = 1
		semaphore = 0
		sm14_loop_len = 1
		sm5_loop_len = 1
		sm19_loop_len = 1
		sm10_loop_len = 1
		sm1_loop_len = 1
		sm15_loop_len = 1
		sm6_loop_len = 1
		sm20_loop_len = 1
		sm11_loop_len = 1
		sm2_loop_len = 1
		sm16_loop_len = 1
		sm7_loop_len = 1
		sm12_loop_len = 1
		sm3_loop_len = 1
		sm17_loop_len = 1
		sm8_loop_len = 1
		sm20_state = True
		sm10_state = True
		sm9_state = True
		sm19_state = True
		sm8_state = True
		sm18_state = True
		sm7_state = True
		sm17_state = True
		_J1814 = True
		_J1808 = True
		_J1801 = True
		_J1795 = False
		_J1788 = True
		_J1782 = False
		_J1775 = True
		_J1769 = False
		_J1762 = True
		_J1756 = False
		_J1749 = True
		_J1743 = False
		_J1736 = True
		_J1730 = False
		_J1723 = True
		_J1717 = False
		_J1710 = True
		_J1704 = False
		sm6_state = True
		_J1697 = True
		_J1691 = False
		_J1684 = True
		_J1678 = False
		_J1671 = True
		_J1665 = False
		sm16_state = True
		_J1658 = True
		_J1652 = False
		_J1645 = True
		_J1639 = False
		_J1632 = True
		_J1626 = False
		_J1619 = True
		_J1613 = False
		_J1606 = True
		_J1600 = False
		_J1593 = True
		_J1587 = False
		_J1580 = True
		_J1574 = False
		_J1567 = True
		_J1561 = False
		_J1555 = True
		_J1549 = False
		_J1543 = True
		sm5_state = True
		_J1537 = True
		_EL_U_1290 = True
		_EL_U_1292 = False
		_EL_U_1294 = True
		sm15_state = True
		_EL_U_1296 = False
		_EL_U_1298 = True
		_EL_U_1300 = False
		_EL_U_1302 = True
		_EL_U_1304 = False
		_EL_U_1306 = True
		_EL_U_1308 = False
		_EL_U_1310 = True
		_EL_U_1312 = False
		_EL_U_1314 = True
		_EL_U_1316 = False
		_EL_U_1318 = True
		_EL_U_1320 = False
		sm4_state = True
		_EL_U_1322 = True
		_EL_U_1324 = False
		_EL_U_1326 = True
		_EL_U_1328 = False
		sm14_state = True
		_EL_U_1330 = True
		_EL_U_1332 = False
		_EL_U_1334 = True
		_EL_U_1336 = False
		_EL_U_1338 = True
		_EL_U_1340 = False
		_EL_U_1342 = True
		_EL_U_1344 = False
		_EL_U_1346 = True
		_EL_U_1348 = False
		_EL_U_1350 = True
		_EL_U_1352 = False
		_EL_U_1354 = True
		sm3_state = True
		_EL_U_1356 = False
		_EL_U_1358 = True
		_EL_U_1360 = False
		_EL_U_1362 = True
		sm13_state = True
		_EL_U_1364 = False
		_EL_U_1366 = True
		_EL_U_1368 = False
		_EL_U_1370 = True
		_EL_U_1372 = False
		sm2_state = True
		_EL_U_1395 = True
		_EL_U_1397 = False
		sm12_state = True
		sm1_state = True
		sm11_state = True
		sm0_state = True
	Trans 23 -- 24
		_x_sm19_l = (sm19_l + -1)
		_x_sm16_l = (sm16_l + -1)
		_x_sm0_l = (sm0_l + -1)
		_x_sm18_l = (sm18_l + -1)
		_x_sm7_l = (sm7_l + -1)
		_x_sm13_l = (sm13_l + -1)
		_x_sm4_l = (sm4_l + -1)
		_x_sm11_l = (sm11_l + -1)
		_x_sm20_l = (sm20_l + -1)
		_x_sm12_l = (sm12_l + -1)
		_x_sm1_l = (sm1_l + -1)
		_x_sm17_l = (sm17_l + -1)
		_x_sm14_l = (sm14_l + -1)
		_x_sm5_l = (sm5_l + -1)
		_x_sm8_l = (sm8_l + -1)
		_x_sm2_l = (sm2_l + -1)
		_x_sm15_l = (sm15_l + -1)
		_x_sm9_l = (sm9_l + -1)
		_x_sm10_l = (sm10_l + -1)
		_x_sm6_l = (sm6_l + -1)
		_x_sm3_l = (sm3_l + -1)
	State 24
		run = 17
		sm13_loop_len = 1
		sm4_loop_len = 1
		sm18_loop_len = 1
		sm0_loop_len = 1
		sm9_loop_len = 1
		semaphore = 0
		sm14_loop_len = 1
		sm5_loop_len = 1
		sm19_loop_len = 1
		sm10_loop_len = 1
		sm1_loop_len = 1
		sm15_loop_len = 1
		sm6_loop_len = 1
		sm20_loop_len = 1
		sm11_loop_len = 1
		sm2_loop_len = 1
		sm16_loop_len = 1
		sm7_loop_len = 1
		sm12_loop_len = 1
		sm3_loop_len = 1
		sm17_loop_len = 1
		sm8_loop_len = 1
		sm20_state = True
		sm10_state = True
		sm9_state = True
		sm19_state = True
		sm8_state = True
		sm18_state = True
		sm7_state = True
		sm17_state = True
		_J1814 = True
		_J1808 = True
		_J1801 = True
		_J1795 = False
		_J1788 = True
		_J1782 = False
		_J1775 = True
		_J1769 = False
		_J1762 = True
		_J1756 = False
		_J1749 = True
		_J1743 = False
		_J1736 = True
		_J1730 = False
		_J1723 = True
		_J1717 = True
		_J1710 = True
		_J1704 = False
		sm6_state = True
		_J1697 = True
		_J1691 = False
		_J1684 = True
		_J1678 = False
		_J1671 = True
		_J1665 = False
		sm16_state = True
		_J1658 = True
		_J1652 = False
		_J1645 = True
		_J1639 = False
		_J1632 = True
		_J1626 = False
		_J1619 = True
		_J1613 = False
		_J1606 = True
		_J1600 = False
		_J1593 = True
		_J1587 = False
		_J1580 = True
		_J1574 = False
		_J1567 = True
		_J1561 = False
		_J1555 = True
		_J1549 = False
		_J1543 = True
		sm5_state = True
		_J1537 = True
		_EL_U_1290 = True
		_EL_U_1292 = False
		_EL_U_1294 = True
		sm15_state = True
		_EL_U_1296 = False
		_EL_U_1298 = True
		_EL_U_1300 = False
		_EL_U_1302 = True
		_EL_U_1304 = False
		_EL_U_1306 = True
		_EL_U_1308 = False
		_EL_U_1310 = True
		_EL_U_1312 = False
		_EL_U_1314 = True
		_EL_U_1316 = False
		_EL_U_1318 = True
		_EL_U_1320 = False
		sm4_state = True
		_EL_U_1322 = True
		_EL_U_1324 = False
		_EL_U_1326 = True
		_EL_U_1328 = False
		sm14_state = True
		_EL_U_1330 = True
		_EL_U_1332 = False
		_EL_U_1334 = True
		_EL_U_1336 = False
		_EL_U_1338 = True
		_EL_U_1340 = False
		_EL_U_1342 = True
		_EL_U_1344 = False
		_EL_U_1346 = True
		_EL_U_1348 = False
		_EL_U_1350 = True
		_EL_U_1352 = False
		_EL_U_1354 = True
		sm3_state = True
		_EL_U_1356 = False
		_EL_U_1358 = True
		_EL_U_1360 = False
		_EL_U_1362 = True
		sm13_state = True
		_EL_U_1364 = False
		_EL_U_1366 = True
		_EL_U_1368 = False
		_EL_U_1370 = True
		_EL_U_1372 = False
		sm2_state = True
		_EL_U_1395 = True
		_EL_U_1397 = False
		sm12_state = True
		sm1_state = True
		sm11_state = True
		sm0_state = True
	Trans 24 -- 25
		_x_sm19_l = (sm19_l + -1)
		_x_sm16_l = (sm16_l + -1)
		_x_sm0_l = (sm0_l + -1)
		_x_sm18_l = (sm18_l + -1)
		_x_sm7_l = (sm7_l + -1)
		_x_sm13_l = (sm13_l + -1)
		_x_sm4_l = (sm4_l + -1)
		_x_sm11_l = (sm11_l + -1)
		_x_sm20_l = (sm20_l + -1)
		_x_sm12_l = (sm12_l + -1)
		_x_sm1_l = (sm1_l + -1)
		_x_sm17_l = (sm17_l + -1)
		_x_sm14_l = (sm14_l + -1)
		_x_sm5_l = (sm5_l + -1)
		_x_sm8_l = (sm8_l + -1)
		_x_sm2_l = (sm2_l + -1)
		_x_sm15_l = (sm15_l + -1)
		_x_sm9_l = (sm9_l + -1)
		_x_sm10_l = (sm10_l + -1)
		_x_sm6_l = (sm6_l + -1)
		_x_sm3_l = (sm3_l + -1)
	State 25
		run = 18
		sm13_loop_len = 1
		sm4_loop_len = 1
		sm18_loop_len = 1
		sm0_loop_len = 1
		sm9_loop_len = 1
		semaphore = 0
		sm14_loop_len = 1
		sm5_loop_len = 1
		sm19_loop_len = 1
		sm10_loop_len = 1
		sm1_loop_len = 1
		sm15_loop_len = 1
		sm6_loop_len = 1
		sm20_loop_len = 1
		sm11_loop_len = 1
		sm2_loop_len = 1
		sm16_loop_len = 1
		sm7_loop_len = 1
		sm12_loop_len = 1
		sm3_loop_len = 1
		sm17_loop_len = 1
		sm8_loop_len = 1
		sm20_state = True
		sm10_state = True
		sm9_state = True
		sm19_state = True
		sm8_state = True
		sm18_state = True
		sm7_state = True
		sm17_state = True
		_J1814 = True
		_J1808 = True
		_J1801 = True
		_J1795 = False
		_J1788 = True
		_J1782 = False
		_J1775 = True
		_J1769 = True
		_J1762 = True
		_J1756 = False
		_J1749 = True
		_J1743 = False
		_J1736 = True
		_J1730 = False
		_J1723 = True
		_J1717 = True
		_J1710 = True
		_J1704 = False
		sm6_state = True
		_J1697 = True
		_J1691 = False
		_J1684 = True
		_J1678 = False
		_J1671 = True
		_J1665 = False
		sm16_state = True
		_J1658 = True
		_J1652 = False
		_J1645 = True
		_J1639 = False
		_J1632 = True
		_J1626 = False
		_J1619 = True
		_J1613 = False
		_J1606 = True
		_J1600 = False
		_J1593 = True
		_J1587 = False
		_J1580 = True
		_J1574 = False
		_J1567 = True
		_J1561 = False
		_J1555 = True
		_J1549 = False
		_J1543 = True
		sm5_state = True
		_J1537 = True
		_EL_U_1290 = True
		_EL_U_1292 = False
		_EL_U_1294 = True
		sm15_state = True
		_EL_U_1296 = False
		_EL_U_1298 = True
		_EL_U_1300 = False
		_EL_U_1302 = True
		_EL_U_1304 = False
		_EL_U_1306 = True
		_EL_U_1308 = False
		_EL_U_1310 = True
		_EL_U_1312 = False
		_EL_U_1314 = True
		_EL_U_1316 = False
		_EL_U_1318 = True
		_EL_U_1320 = False
		sm4_state = True
		_EL_U_1322 = True
		_EL_U_1324 = False
		_EL_U_1326 = True
		_EL_U_1328 = False
		sm14_state = True
		_EL_U_1330 = True
		_EL_U_1332 = False
		_EL_U_1334 = True
		_EL_U_1336 = False
		_EL_U_1338 = True
		_EL_U_1340 = False
		_EL_U_1342 = True
		_EL_U_1344 = False
		_EL_U_1346 = True
		_EL_U_1348 = False
		_EL_U_1350 = True
		_EL_U_1352 = False
		_EL_U_1354 = True
		sm3_state = True
		_EL_U_1356 = False
		_EL_U_1358 = True
		_EL_U_1360 = False
		_EL_U_1362 = True
		sm13_state = True
		_EL_U_1364 = False
		_EL_U_1366 = True
		_EL_U_1368 = False
		_EL_U_1370 = True
		_EL_U_1372 = False
		sm2_state = True
		_EL_U_1395 = True
		_EL_U_1397 = False
		sm12_state = True
		sm1_state = True
		sm11_state = True
		sm0_state = True
	Trans 25 -- 26
		_x_sm19_l = (sm19_l + -1)
		_x_sm16_l = (sm16_l + -1)
		_x_sm0_l = (sm0_l + -1)
		_x_sm18_l = (sm18_l + -1)
		_x_sm7_l = (sm7_l + -1)
		_x_sm13_l = (sm13_l + -1)
		_x_sm4_l = (sm4_l + -1)
		_x_sm11_l = (sm11_l + -1)
		_x_sm20_l = (sm20_l + -1)
		_x_sm12_l = (sm12_l + -1)
		_x_sm1_l = (sm1_l + -1)
		_x_sm17_l = (sm17_l + -1)
		_x_sm14_l = (sm14_l + -1)
		_x_sm5_l = (sm5_l + -1)
		_x_sm8_l = (sm8_l + -1)
		_x_sm2_l = (sm2_l + -1)
		_x_sm15_l = (sm15_l + -1)
		_x_sm9_l = (sm9_l + -1)
		_x_sm10_l = (sm10_l + -1)
		_x_sm6_l = (sm6_l + -1)
		_x_sm3_l = (sm3_l + -1)
	State 26
		run = 0
		sm13_loop_len = 1
		sm4_loop_len = 1
		sm18_loop_len = 1
		sm0_loop_len = 1
		sm9_loop_len = 1
		semaphore = 0
		sm14_loop_len = 1
		sm5_loop_len = 1
		sm19_loop_len = 1
		sm10_loop_len = 1
		sm1_loop_len = 1
		sm15_loop_len = 1
		sm6_loop_len = 1
		sm20_loop_len = 1
		sm11_loop_len = 1
		sm2_loop_len = 1
		sm16_loop_len = 1
		sm7_loop_len = 1
		sm12_loop_len = 1
		sm3_loop_len = 1
		sm17_loop_len = 1
		sm8_loop_len = 1
		sm20_state = True
		sm10_state = True
		sm9_state = True
		sm19_state = True
		sm8_state = True
		sm18_state = True
		sm7_state = True
		sm17_state = True
		_J1814 = True
		_J1808 = True
		_J1801 = True
		_J1795 = False
		_J1788 = True
		_J1782 = True
		_J1775 = True
		_J1769 = True
		_J1762 = True
		_J1756 = False
		_J1749 = True
		_J1743 = False
		_J1736 = True
		_J1730 = False
		_J1723 = True
		_J1717 = True
		_J1710 = True
		_J1704 = False
		sm6_state = True
		_J1697 = True
		_J1691 = False
		_J1684 = True
		_J1678 = False
		_J1671 = True
		_J1665 = False
		sm16_state = True
		_J1658 = True
		_J1652 = False
		_J1645 = True
		_J1639 = False
		_J1632 = True
		_J1626 = False
		_J1619 = True
		_J1613 = False
		_J1606 = True
		_J1600 = False
		_J1593 = True
		_J1587 = False
		_J1580 = True
		_J1574 = False
		_J1567 = True
		_J1561 = False
		_J1555 = True
		_J1549 = False
		_J1543 = True
		sm5_state = True
		_J1537 = True
		_EL_U_1290 = True
		_EL_U_1292 = False
		_EL_U_1294 = True
		sm15_state = True
		_EL_U_1296 = False
		_EL_U_1298 = True
		_EL_U_1300 = False
		_EL_U_1302 = True
		_EL_U_1304 = False
		_EL_U_1306 = True
		_EL_U_1308 = False
		_EL_U_1310 = True
		_EL_U_1312 = False
		_EL_U_1314 = True
		_EL_U_1316 = False
		_EL_U_1318 = True
		_EL_U_1320 = False
		sm4_state = True
		_EL_U_1322 = True
		_EL_U_1324 = False
		_EL_U_1326 = True
		_EL_U_1328 = False
		sm14_state = True
		_EL_U_1330 = True
		_EL_U_1332 = False
		_EL_U_1334 = True
		_EL_U_1336 = False
		_EL_U_1338 = True
		_EL_U_1340 = False
		_EL_U_1342 = True
		_EL_U_1344 = False
		_EL_U_1346 = True
		_EL_U_1348 = False
		_EL_U_1350 = True
		_EL_U_1352 = False
		_EL_U_1354 = True
		sm3_state = True
		_EL_U_1356 = False
		_EL_U_1358 = True
		_EL_U_1360 = False
		_EL_U_1362 = True
		sm13_state = True
		_EL_U_1364 = False
		_EL_U_1366 = True
		_EL_U_1368 = False
		_EL_U_1370 = True
		_EL_U_1372 = False
		sm2_state = True
		_EL_U_1395 = True
		_EL_U_1397 = False
		sm12_state = True
		sm1_state = True
		sm11_state = True
		sm0_state = True
	Trans 26 -- 27
		_x_sm19_l = (sm19_l + -1)
		_x_sm16_l = (sm16_l + -1)
		_x_sm0_l = (sm0_l + -1)
		_x_sm18_l = (sm18_l + -1)
		_x_sm7_l = (sm7_l + -1)
		_x_sm13_l = (sm13_l + -1)
		_x_sm4_l = (sm4_l + -1)
		_x_sm11_l = (sm11_l + -1)
		_x_sm20_l = (sm20_l + -1)
		_x_sm12_l = (sm12_l + -1)
		_x_sm1_l = (sm1_l + -1)
		_x_sm17_l = (sm17_l + -1)
		_x_sm14_l = (sm14_l + -1)
		_x_sm5_l = (sm5_l + -1)
		_x_sm8_l = (sm8_l + -1)
		_x_sm2_l = (sm2_l + -1)
		_x_sm15_l = (sm15_l + -1)
		_x_sm9_l = (sm9_l + -1)
		_x_sm10_l = (sm10_l + -1)
		_x_sm6_l = (sm6_l + -1)
		_x_sm3_l = (sm3_l + -1)
	State 27
		run = 1
		sm13_loop_len = 1
		sm4_loop_len = 1
		sm18_loop_len = 1
		sm0_loop_len = 1
		sm9_loop_len = 1
		semaphore = 0
		sm14_loop_len = 1
		sm5_loop_len = 1
		sm19_loop_len = 1
		sm10_loop_len = 1
		sm1_loop_len = 1
		sm15_loop_len = 1
		sm6_loop_len = 1
		sm20_loop_len = 1
		sm11_loop_len = 1
		sm2_loop_len = 1
		sm16_loop_len = 1
		sm7_loop_len = 1
		sm12_loop_len = 1
		sm3_loop_len = 1
		sm17_loop_len = 1
		sm8_loop_len = 1
		sm20_state = True
		sm10_state = True
		sm9_state = True
		sm19_state = True
		sm8_state = True
		sm18_state = True
		sm7_state = True
		sm17_state = True
		_J1814 = True
		_J1808 = True
		_J1801 = True
		_J1795 = False
		_J1788 = True
		_J1782 = True
		_J1775 = True
		_J1769 = True
		_J1762 = True
		_J1756 = False
		_J1749 = True
		_J1743 = False
		_J1736 = True
		_J1730 = False
		_J1723 = True
		_J1717 = True
		_J1710 = True
		_J1704 = False
		sm6_state = True
		_J1697 = True
		_J1691 = False
		_J1684 = True
		_J1678 = False
		_J1671 = True
		_J1665 = False
		sm16_state = True
		_J1658 = True
		_J1652 = False
		_J1645 = True
		_J1639 = False
		_J1632 = True
		_J1626 = False
		_J1619 = True
		_J1613 = False
		_J1606 = True
		_J1600 = False
		_J1593 = True
		_J1587 = False
		_J1580 = True
		_J1574 = False
		_J1567 = True
		_J1561 = False
		_J1555 = True
		_J1549 = True
		_J1543 = True
		sm5_state = True
		_J1537 = True
		_EL_U_1290 = True
		_EL_U_1292 = False
		_EL_U_1294 = True
		sm15_state = True
		_EL_U_1296 = False
		_EL_U_1298 = True
		_EL_U_1300 = False
		_EL_U_1302 = True
		_EL_U_1304 = False
		_EL_U_1306 = True
		_EL_U_1308 = False
		_EL_U_1310 = True
		_EL_U_1312 = False
		_EL_U_1314 = True
		_EL_U_1316 = False
		_EL_U_1318 = True
		_EL_U_1320 = False
		sm4_state = True
		_EL_U_1322 = True
		_EL_U_1324 = False
		_EL_U_1326 = True
		_EL_U_1328 = False
		sm14_state = True
		_EL_U_1330 = True
		_EL_U_1332 = False
		_EL_U_1334 = True
		_EL_U_1336 = False
		_EL_U_1338 = True
		_EL_U_1340 = False
		_EL_U_1342 = True
		_EL_U_1344 = False
		_EL_U_1346 = True
		_EL_U_1348 = False
		_EL_U_1350 = True
		_EL_U_1352 = False
		_EL_U_1354 = True
		sm3_state = True
		_EL_U_1356 = False
		_EL_U_1358 = True
		_EL_U_1360 = False
		_EL_U_1362 = True
		sm13_state = True
		_EL_U_1364 = False
		_EL_U_1366 = True
		_EL_U_1368 = False
		_EL_U_1370 = True
		_EL_U_1372 = False
		sm2_state = True
		_EL_U_1395 = True
		_EL_U_1397 = False
		sm12_state = True
		sm1_state = True
		sm11_state = True
		sm0_state = True
	Trans 27 -- 28
		_x_sm19_l = (sm19_l + -1)
		_x_sm16_l = (sm16_l + -1)
		_x_sm0_l = (sm0_l + -1)
		_x_sm18_l = (sm18_l + -1)
		_x_sm7_l = (sm7_l + -1)
		_x_sm13_l = (sm13_l + -1)
		_x_sm4_l = (sm4_l + -1)
		_x_sm11_l = (sm11_l + -1)
		_x_sm20_l = (sm20_l + -1)
		_x_sm12_l = (sm12_l + -1)
		_x_sm1_l = (sm1_l + -1)
		_x_sm17_l = (sm17_l + -1)
		_x_sm14_l = (sm14_l + -1)
		_x_sm5_l = (sm5_l + -1)
		_x_sm8_l = (sm8_l + -1)
		_x_sm2_l = (sm2_l + -1)
		_x_sm15_l = (sm15_l + -1)
		_x_sm9_l = (sm9_l + -1)
		_x_sm10_l = (sm10_l + -1)
		_x_sm6_l = (sm6_l + -1)
		_x_sm3_l = (sm3_l + -1)
	State 28
		run = 3
		sm13_loop_len = 1
		sm4_loop_len = 1
		sm18_loop_len = 1
		sm0_loop_len = 1
		sm9_loop_len = 1
		semaphore = 0
		sm14_loop_len = 1
		sm5_loop_len = 1
		sm19_loop_len = 1
		sm10_loop_len = 1
		sm1_loop_len = 1
		sm15_loop_len = 1
		sm6_loop_len = 1
		sm20_loop_len = 1
		sm11_loop_len = 1
		sm2_loop_len = 1
		sm16_loop_len = 1
		sm7_loop_len = 1
		sm12_loop_len = 1
		sm3_loop_len = 1
		sm17_loop_len = 1
		sm8_loop_len = 1
		sm20_state = True
		sm10_state = True
		sm9_state = True
		sm19_state = True
		sm8_state = True
		sm18_state = True
		sm7_state = True
		sm17_state = True
		_J1814 = True
		_J1808 = True
		_J1801 = True
		_J1795 = False
		_J1788 = True
		_J1782 = True
		_J1775 = True
		_J1769 = True
		_J1762 = True
		_J1756 = False
		_J1749 = True
		_J1743 = False
		_J1736 = True
		_J1730 = False
		_J1723 = True
		_J1717 = True
		_J1710 = True
		_J1704 = False
		sm6_state = True
		_J1697 = True
		_J1691 = False
		_J1684 = True
		_J1678 = False
		_J1671 = True
		_J1665 = False
		sm16_state = True
		_J1658 = True
		_J1652 = False
		_J1645 = True
		_J1639 = False
		_J1632 = True
		_J1626 = False
		_J1619 = True
		_J1613 = False
		_J1606 = True
		_J1600 = False
		_J1593 = True
		_J1587 = False
		_J1580 = True
		_J1574 = False
		_J1567 = True
		_J1561 = True
		_J1555 = True
		_J1549 = True
		_J1543 = True
		sm5_state = True
		_J1537 = True
		_EL_U_1290 = True
		_EL_U_1292 = False
		_EL_U_1294 = True
		sm15_state = True
		_EL_U_1296 = False
		_EL_U_1298 = True
		_EL_U_1300 = False
		_EL_U_1302 = True
		_EL_U_1304 = False
		_EL_U_1306 = True
		_EL_U_1308 = False
		_EL_U_1310 = True
		_EL_U_1312 = False
		_EL_U_1314 = True
		_EL_U_1316 = False
		_EL_U_1318 = True
		_EL_U_1320 = False
		sm4_state = True
		_EL_U_1322 = True
		_EL_U_1324 = False
		_EL_U_1326 = True
		_EL_U_1328 = False
		sm14_state = True
		_EL_U_1330 = True
		_EL_U_1332 = False
		_EL_U_1334 = True
		_EL_U_1336 = False
		_EL_U_1338 = True
		_EL_U_1340 = False
		_EL_U_1342 = True
		_EL_U_1344 = False
		_EL_U_1346 = True
		_EL_U_1348 = False
		_EL_U_1350 = True
		_EL_U_1352 = False
		_EL_U_1354 = True
		sm3_state = True
		_EL_U_1356 = False
		_EL_U_1358 = True
		_EL_U_1360 = False
		_EL_U_1362 = True
		sm13_state = True
		_EL_U_1364 = False
		_EL_U_1366 = True
		_EL_U_1368 = False
		_EL_U_1370 = True
		_EL_U_1372 = False
		sm2_state = True
		_EL_U_1395 = True
		_EL_U_1397 = False
		sm12_state = True
		sm1_state = True
		sm11_state = True
		sm0_state = True
	Trans 28 -- 29
		_x_sm19_l = (sm19_l + -1)
		_x_sm16_l = (sm16_l + -1)
		_x_sm0_l = (sm0_l + -1)
		_x_sm18_l = (sm18_l + -1)
		_x_sm7_l = (sm7_l + -1)
		_x_sm13_l = (sm13_l + -1)
		_x_sm4_l = (sm4_l + -1)
		_x_sm11_l = (sm11_l + -1)
		_x_sm20_l = (sm20_l + -1)
		_x_sm12_l = (sm12_l + -1)
		_x_sm1_l = (sm1_l + -1)
		_x_sm17_l = (sm17_l + -1)
		_x_sm14_l = (sm14_l + -1)
		_x_sm5_l = (sm5_l + -1)
		_x_sm8_l = (sm8_l + -1)
		_x_sm2_l = (sm2_l + -1)
		_x_sm15_l = (sm15_l + -1)
		_x_sm9_l = (sm9_l + -1)
		_x_sm10_l = (sm10_l + -1)
		_x_sm6_l = (sm6_l + -1)
		_x_sm3_l = (sm3_l + -1)
	State 29
		run = 8
		sm13_loop_len = 1
		sm4_loop_len = 1
		sm18_loop_len = 1
		sm0_loop_len = 1
		sm9_loop_len = 1
		semaphore = 0
		sm14_loop_len = 1
		sm5_loop_len = 1
		sm19_loop_len = 1
		sm10_loop_len = 1
		sm1_loop_len = 1
		sm15_loop_len = 1
		sm6_loop_len = 1
		sm20_loop_len = 1
		sm11_loop_len = 1
		sm2_loop_len = 1
		sm16_loop_len = 1
		sm7_loop_len = 1
		sm12_loop_len = 1
		sm3_loop_len = 1
		sm17_loop_len = 1
		sm8_loop_len = 1
		sm20_state = True
		sm10_state = True
		sm9_state = True
		sm19_state = True
		sm8_state = True
		sm18_state = True
		sm7_state = True
		sm17_state = True
		_J1814 = True
		_J1808 = True
		_J1801 = True
		_J1795 = False
		_J1788 = True
		_J1782 = True
		_J1775 = True
		_J1769 = True
		_J1762 = True
		_J1756 = False
		_J1749 = True
		_J1743 = False
		_J1736 = True
		_J1730 = False
		_J1723 = True
		_J1717 = True
		_J1710 = True
		_J1704 = False
		sm6_state = True
		_J1697 = True
		_J1691 = False
		_J1684 = True
		_J1678 = False
		_J1671 = True
		_J1665 = False
		sm16_state = True
		_J1658 = True
		_J1652 = False
		_J1645 = True
		_J1639 = False
		_J1632 = True
		_J1626 = False
		_J1619 = True
		_J1613 = False
		_J1606 = True
		_J1600 = False
		_J1593 = True
		_J1587 = True
		_J1580 = True
		_J1574 = False
		_J1567 = True
		_J1561 = True
		_J1555 = True
		_J1549 = True
		_J1543 = True
		sm5_state = True
		_J1537 = True
		_EL_U_1290 = True
		_EL_U_1292 = False
		_EL_U_1294 = True
		sm15_state = True
		_EL_U_1296 = False
		_EL_U_1298 = True
		_EL_U_1300 = False
		_EL_U_1302 = True
		_EL_U_1304 = False
		_EL_U_1306 = True
		_EL_U_1308 = False
		_EL_U_1310 = True
		_EL_U_1312 = False
		_EL_U_1314 = True
		_EL_U_1316 = False
		_EL_U_1318 = True
		_EL_U_1320 = False
		sm4_state = True
		_EL_U_1322 = True
		_EL_U_1324 = False
		_EL_U_1326 = True
		_EL_U_1328 = False
		sm14_state = True
		_EL_U_1330 = True
		_EL_U_1332 = False
		_EL_U_1334 = True
		_EL_U_1336 = False
		_EL_U_1338 = True
		_EL_U_1340 = False
		_EL_U_1342 = True
		_EL_U_1344 = False
		_EL_U_1346 = True
		_EL_U_1348 = False
		_EL_U_1350 = True
		_EL_U_1352 = False
		_EL_U_1354 = True
		sm3_state = True
		_EL_U_1356 = False
		_EL_U_1358 = True
		_EL_U_1360 = False
		_EL_U_1362 = True
		sm13_state = True
		_EL_U_1364 = False
		_EL_U_1366 = True
		_EL_U_1368 = False
		_EL_U_1370 = True
		_EL_U_1372 = False
		sm2_state = True
		_EL_U_1395 = True
		_EL_U_1397 = False
		sm12_state = True
		sm1_state = True
		sm11_state = True
		sm0_state = True
	Trans 29 -- 30
		_x_sm19_l = (sm19_l + -1)
		_x_sm16_l = (sm16_l + -1)
		_x_sm0_l = (sm0_l + -1)
		_x_sm18_l = (sm18_l + -1)
		_x_sm7_l = (sm7_l + -1)
		_x_sm13_l = (sm13_l + -1)
		_x_sm4_l = (sm4_l + -1)
		_x_sm11_l = (sm11_l + -1)
		_x_sm20_l = (sm20_l + -1)
		_x_sm12_l = (sm12_l + -1)
		_x_sm1_l = (sm1_l + -1)
		_x_sm17_l = (sm17_l + -1)
		_x_sm14_l = (sm14_l + -1)
		_x_sm5_l = (sm5_l + -1)
		_x_sm8_l = (sm8_l + -1)
		_x_sm2_l = (sm2_l + -1)
		_x_sm15_l = (sm15_l + -1)
		_x_sm9_l = (sm9_l + -1)
		_x_sm10_l = (sm10_l + -1)
		_x_sm6_l = (sm6_l + -1)
		_x_sm3_l = (sm3_l + -1)
	State 30
		run = 10
		sm13_loop_len = 1
		sm4_loop_len = 1
		sm18_loop_len = 1
		sm0_loop_len = 1
		sm9_loop_len = 1
		semaphore = 0
		sm14_loop_len = 1
		sm5_loop_len = 1
		sm19_loop_len = 1
		sm10_loop_len = 1
		sm1_loop_len = 1
		sm15_loop_len = 1
		sm6_loop_len = 1
		sm20_loop_len = 1
		sm11_loop_len = 1
		sm2_loop_len = 1
		sm16_loop_len = 1
		sm7_loop_len = 1
		sm12_loop_len = 1
		sm3_loop_len = 1
		sm17_loop_len = 1
		sm8_loop_len = 1
		sm20_state = True
		sm10_state = True
		sm9_state = True
		sm19_state = True
		sm8_state = True
		sm18_state = True
		sm7_state = True
		sm17_state = True
		_J1814 = True
		_J1808 = True
		_J1801 = True
		_J1795 = False
		_J1788 = True
		_J1782 = True
		_J1775 = True
		_J1769 = True
		_J1762 = True
		_J1756 = False
		_J1749 = True
		_J1743 = False
		_J1736 = True
		_J1730 = False
		_J1723 = True
		_J1717 = True
		_J1710 = True
		_J1704 = False
		sm6_state = True
		_J1697 = True
		_J1691 = False
		_J1684 = True
		_J1678 = False
		_J1671 = True
		_J1665 = False
		sm16_state = True
		_J1658 = True
		_J1652 = True
		_J1645 = True
		_J1639 = False
		_J1632 = True
		_J1626 = False
		_J1619 = True
		_J1613 = False
		_J1606 = True
		_J1600 = False
		_J1593 = True
		_J1587 = True
		_J1580 = True
		_J1574 = False
		_J1567 = True
		_J1561 = True
		_J1555 = True
		_J1549 = True
		_J1543 = True
		sm5_state = True
		_J1537 = True
		_EL_U_1290 = True
		_EL_U_1292 = False
		_EL_U_1294 = True
		sm15_state = True
		_EL_U_1296 = False
		_EL_U_1298 = True
		_EL_U_1300 = False
		_EL_U_1302 = True
		_EL_U_1304 = False
		_EL_U_1306 = True
		_EL_U_1308 = False
		_EL_U_1310 = True
		_EL_U_1312 = False
		_EL_U_1314 = True
		_EL_U_1316 = False
		_EL_U_1318 = True
		_EL_U_1320 = False
		sm4_state = True
		_EL_U_1322 = True
		_EL_U_1324 = False
		_EL_U_1326 = True
		_EL_U_1328 = False
		sm14_state = True
		_EL_U_1330 = True
		_EL_U_1332 = False
		_EL_U_1334 = True
		_EL_U_1336 = False
		_EL_U_1338 = True
		_EL_U_1340 = False
		_EL_U_1342 = True
		_EL_U_1344 = False
		_EL_U_1346 = True
		_EL_U_1348 = False
		_EL_U_1350 = True
		_EL_U_1352 = False
		_EL_U_1354 = True
		sm3_state = True
		_EL_U_1356 = False
		_EL_U_1358 = True
		_EL_U_1360 = False
		_EL_U_1362 = True
		sm13_state = True
		_EL_U_1364 = False
		_EL_U_1366 = True
		_EL_U_1368 = False
		_EL_U_1370 = True
		_EL_U_1372 = False
		sm2_state = True
		_EL_U_1395 = True
		_EL_U_1397 = False
		sm12_state = True
		sm1_state = True
		sm11_state = True
		sm0_state = True
	Trans 30 -- 31
		_x_sm19_l = (sm19_l + -1)
		_x_sm16_l = (sm16_l + -1)
		_x_sm0_l = (sm0_l + -1)
		_x_sm18_l = (sm18_l + -1)
		_x_sm7_l = (sm7_l + -1)
		_x_sm13_l = (sm13_l + -1)
		_x_sm4_l = (sm4_l + -1)
		_x_sm11_l = (sm11_l + -1)
		_x_sm20_l = (sm20_l + -1)
		_x_sm12_l = (sm12_l + -1)
		_x_sm1_l = (sm1_l + -1)
		_x_sm17_l = (sm17_l + -1)
		_x_sm14_l = (sm14_l + -1)
		_x_sm5_l = (sm5_l + -1)
		_x_sm8_l = (sm8_l + -1)
		_x_sm2_l = (sm2_l + -1)
		_x_sm15_l = (sm15_l + -1)
		_x_sm9_l = (sm9_l + -1)
		_x_sm10_l = (sm10_l + -1)
		_x_sm6_l = (sm6_l + -1)
		_x_sm3_l = (sm3_l + -1)
	State 31
		run = 12
		sm13_loop_len = 1
		sm4_loop_len = 1
		sm18_loop_len = 1
		sm0_loop_len = 1
		sm9_loop_len = 1
		semaphore = 0
		sm14_loop_len = 1
		sm5_loop_len = 1
		sm19_loop_len = 1
		sm10_loop_len = 1
		sm1_loop_len = 1
		sm15_loop_len = 1
		sm6_loop_len = 1
		sm20_loop_len = 1
		sm11_loop_len = 1
		sm2_loop_len = 1
		sm16_loop_len = 1
		sm7_loop_len = 1
		sm12_loop_len = 1
		sm3_loop_len = 1
		sm17_loop_len = 1
		sm8_loop_len = 1
		sm20_state = True
		sm10_state = True
		sm9_state = True
		sm19_state = True
		sm8_state = True
		sm18_state = True
		sm7_state = True
		sm17_state = True
		_J1814 = True
		_J1808 = True
		_J1801 = True
		_J1795 = False
		_J1788 = True
		_J1782 = True
		_J1775 = True
		_J1769 = True
		_J1762 = True
		_J1756 = False
		_J1749 = True
		_J1743 = False
		_J1736 = True
		_J1730 = False
		_J1723 = True
		_J1717 = True
		_J1710 = True
		_J1704 = False
		sm6_state = True
		_J1697 = True
		_J1691 = False
		_J1684 = True
		_J1678 = True
		_J1671 = True
		_J1665 = False
		sm16_state = True
		_J1658 = True
		_J1652 = True
		_J1645 = True
		_J1639 = False
		_J1632 = True
		_J1626 = False
		_J1619 = True
		_J1613 = False
		_J1606 = True
		_J1600 = False
		_J1593 = True
		_J1587 = True
		_J1580 = True
		_J1574 = False
		_J1567 = True
		_J1561 = True
		_J1555 = True
		_J1549 = True
		_J1543 = True
		sm5_state = True
		_J1537 = True
		_EL_U_1290 = True
		_EL_U_1292 = False
		_EL_U_1294 = True
		sm15_state = True
		_EL_U_1296 = False
		_EL_U_1298 = True
		_EL_U_1300 = False
		_EL_U_1302 = True
		_EL_U_1304 = False
		_EL_U_1306 = True
		_EL_U_1308 = False
		_EL_U_1310 = True
		_EL_U_1312 = False
		_EL_U_1314 = True
		_EL_U_1316 = False
		_EL_U_1318 = True
		_EL_U_1320 = False
		sm4_state = True
		_EL_U_1322 = True
		_EL_U_1324 = False
		_EL_U_1326 = True
		_EL_U_1328 = False
		sm14_state = True
		_EL_U_1330 = True
		_EL_U_1332 = False
		_EL_U_1334 = True
		_EL_U_1336 = False
		_EL_U_1338 = True
		_EL_U_1340 = False
		_EL_U_1342 = True
		_EL_U_1344 = False
		_EL_U_1346 = True
		_EL_U_1348 = False
		_EL_U_1350 = True
		_EL_U_1352 = False
		_EL_U_1354 = True
		sm3_state = True
		_EL_U_1356 = False
		_EL_U_1358 = True
		_EL_U_1360 = False
		_EL_U_1362 = True
		sm13_state = True
		_EL_U_1364 = False
		_EL_U_1366 = True
		_EL_U_1368 = False
		_EL_U_1370 = True
		_EL_U_1372 = False
		sm2_state = True
		_EL_U_1395 = True
		_EL_U_1397 = False
		sm12_state = True
		sm1_state = True
		sm11_state = True
		sm0_state = True
	Trans 31 -- 32
		_x_sm19_l = (sm19_l + -1)
		_x_sm16_l = (sm16_l + -1)
		_x_sm0_l = (sm0_l + -1)
		_x_sm18_l = (sm18_l + -1)
		_x_sm7_l = (sm7_l + -1)
		_x_sm13_l = (sm13_l + -1)
		_x_sm4_l = (sm4_l + -1)
		_x_sm11_l = (sm11_l + -1)
		_x_sm20_l = (sm20_l + -1)
		_x_sm12_l = (sm12_l + -1)
		_x_sm1_l = (sm1_l + -1)
		_x_sm17_l = (sm17_l + -1)
		_x_sm14_l = (sm14_l + -1)
		_x_sm5_l = (sm5_l + -1)
		_x_sm8_l = (sm8_l + -1)
		_x_sm2_l = (sm2_l + -1)
		_x_sm15_l = (sm15_l + -1)
		_x_sm9_l = (sm9_l + -1)
		_x_sm10_l = (sm10_l + -1)
		_x_sm6_l = (sm6_l + -1)
		_x_sm3_l = (sm3_l + -1)
	State 32
		run = 5
		sm13_loop_len = 1
		sm4_loop_len = 1
		sm18_loop_len = 1
		sm0_loop_len = 1
		sm9_loop_len = 1
		semaphore = 0
		sm14_loop_len = 1
		sm5_loop_len = 1
		sm19_loop_len = 1
		sm10_loop_len = 1
		sm1_loop_len = 1
		sm15_loop_len = 1
		sm6_loop_len = 1
		sm20_loop_len = 1
		sm11_loop_len = 1
		sm2_loop_len = 1
		sm16_loop_len = 1
		sm7_loop_len = 1
		sm12_loop_len = 1
		sm3_loop_len = 1
		sm17_loop_len = 1
		sm8_loop_len = 1
		sm20_state = True
		sm10_state = True
		sm9_state = True
		sm19_state = True
		sm8_state = True
		sm18_state = True
		sm7_state = True
		sm17_state = True
		_J1814 = True
		_J1808 = True
		_J1801 = True
		_J1795 = False
		_J1788 = True
		_J1782 = True
		_J1775 = True
		_J1769 = True
		_J1762 = True
		_J1756 = False
		_J1749 = True
		_J1743 = False
		_J1736 = True
		_J1730 = False
		_J1723 = True
		_J1717 = True
		_J1710 = True
		_J1704 = True
		sm6_state = True
		_J1697 = True
		_J1691 = False
		_J1684 = True
		_J1678 = True
		_J1671 = True
		_J1665 = False
		sm16_state = True
		_J1658 = True
		_J1652 = True
		_J1645 = True
		_J1639 = False
		_J1632 = True
		_J1626 = False
		_J1619 = True
		_J1613 = False
		_J1606 = True
		_J1600 = False
		_J1593 = True
		_J1587 = True
		_J1580 = True
		_J1574 = False
		_J1567 = True
		_J1561 = True
		_J1555 = True
		_J1549 = True
		_J1543 = True
		sm5_state = True
		_J1537 = True
		_EL_U_1290 = True
		_EL_U_1292 = False
		_EL_U_1294 = True
		sm15_state = True
		_EL_U_1296 = False
		_EL_U_1298 = True
		_EL_U_1300 = False
		_EL_U_1302 = True
		_EL_U_1304 = False
		_EL_U_1306 = True
		_EL_U_1308 = False
		_EL_U_1310 = True
		_EL_U_1312 = False
		_EL_U_1314 = True
		_EL_U_1316 = False
		_EL_U_1318 = True
		_EL_U_1320 = False
		sm4_state = True
		_EL_U_1322 = True
		_EL_U_1324 = False
		_EL_U_1326 = True
		_EL_U_1328 = False
		sm14_state = True
		_EL_U_1330 = True
		_EL_U_1332 = False
		_EL_U_1334 = True
		_EL_U_1336 = False
		_EL_U_1338 = True
		_EL_U_1340 = False
		_EL_U_1342 = True
		_EL_U_1344 = False
		_EL_U_1346 = True
		_EL_U_1348 = False
		_EL_U_1350 = True
		_EL_U_1352 = False
		_EL_U_1354 = True
		sm3_state = True
		_EL_U_1356 = False
		_EL_U_1358 = True
		_EL_U_1360 = False
		_EL_U_1362 = True
		sm13_state = True
		_EL_U_1364 = False
		_EL_U_1366 = True
		_EL_U_1368 = False
		_EL_U_1370 = True
		_EL_U_1372 = False
		sm2_state = True
		_EL_U_1395 = True
		_EL_U_1397 = False
		sm12_state = True
		sm1_state = True
		sm11_state = True
		sm0_state = True
	Trans 32 -- 33
		_x_sm19_l = (sm19_l + -1)
		_x_sm16_l = (sm16_l + -1)
		_x_sm0_l = (sm0_l + -1)
		_x_sm18_l = (sm18_l + -1)
		_x_sm7_l = (sm7_l + -1)
		_x_sm13_l = (sm13_l + -1)
		_x_sm4_l = (sm4_l + -1)
		_x_sm11_l = (sm11_l + -1)
		_x_sm20_l = (sm20_l + -1)
		_x_sm12_l = (sm12_l + -1)
		_x_sm1_l = (sm1_l + -1)
		_x_sm17_l = (sm17_l + -1)
		_x_sm14_l = (sm14_l + -1)
		_x_sm5_l = (sm5_l + -1)
		_x_sm8_l = (sm8_l + -1)
		_x_sm2_l = (sm2_l + -1)
		_x_sm15_l = (sm15_l + -1)
		_x_sm9_l = (sm9_l + -1)
		_x_sm10_l = (sm10_l + -1)
		_x_sm6_l = (sm6_l + -1)
		_x_sm3_l = (sm3_l + -1)
	State 33
		run = 16
		sm13_loop_len = 1
		sm4_loop_len = 1
		sm18_loop_len = 1
		sm0_loop_len = 1
		sm9_loop_len = 1
		semaphore = 0
		sm14_loop_len = 1
		sm5_loop_len = 1
		sm19_loop_len = 1
		sm10_loop_len = 1
		sm1_loop_len = 1
		sm15_loop_len = 1
		sm6_loop_len = 1
		sm20_loop_len = 1
		sm11_loop_len = 1
		sm2_loop_len = 1
		sm16_loop_len = 1
		sm7_loop_len = 1
		sm12_loop_len = 1
		sm3_loop_len = 1
		sm17_loop_len = 1
		sm8_loop_len = 1
		sm20_state = True
		sm10_state = True
		sm9_state = True
		sm19_state = True
		sm8_state = True
		sm18_state = True
		sm7_state = True
		sm17_state = True
		_J1814 = True
		_J1808 = True
		_J1801 = True
		_J1795 = False
		_J1788 = True
		_J1782 = True
		_J1775 = True
		_J1769 = True
		_J1762 = True
		_J1756 = False
		_J1749 = True
		_J1743 = False
		_J1736 = True
		_J1730 = False
		_J1723 = True
		_J1717 = True
		_J1710 = True
		_J1704 = True
		sm6_state = True
		_J1697 = True
		_J1691 = False
		_J1684 = True
		_J1678 = True
		_J1671 = True
		_J1665 = False
		sm16_state = True
		_J1658 = True
		_J1652 = True
		_J1645 = True
		_J1639 = False
		_J1632 = True
		_J1626 = False
		_J1619 = True
		_J1613 = True
		_J1606 = True
		_J1600 = False
		_J1593 = True
		_J1587 = True
		_J1580 = True
		_J1574 = False
		_J1567 = True
		_J1561 = True
		_J1555 = True
		_J1549 = True
		_J1543 = True
		sm5_state = True
		_J1537 = True
		_EL_U_1290 = True
		_EL_U_1292 = False
		_EL_U_1294 = True
		sm15_state = True
		_EL_U_1296 = False
		_EL_U_1298 = True
		_EL_U_1300 = False
		_EL_U_1302 = True
		_EL_U_1304 = False
		_EL_U_1306 = True
		_EL_U_1308 = False
		_EL_U_1310 = True
		_EL_U_1312 = False
		_EL_U_1314 = True
		_EL_U_1316 = False
		_EL_U_1318 = True
		_EL_U_1320 = False
		sm4_state = True
		_EL_U_1322 = True
		_EL_U_1324 = False
		_EL_U_1326 = True
		_EL_U_1328 = False
		sm14_state = True
		_EL_U_1330 = True
		_EL_U_1332 = False
		_EL_U_1334 = True
		_EL_U_1336 = False
		_EL_U_1338 = True
		_EL_U_1340 = False
		_EL_U_1342 = True
		_EL_U_1344 = False
		_EL_U_1346 = True
		_EL_U_1348 = False
		_EL_U_1350 = True
		_EL_U_1352 = False
		_EL_U_1354 = True
		sm3_state = True
		_EL_U_1356 = False
		_EL_U_1358 = True
		_EL_U_1360 = False
		_EL_U_1362 = True
		sm13_state = True
		_EL_U_1364 = False
		_EL_U_1366 = True
		_EL_U_1368 = False
		_EL_U_1370 = True
		_EL_U_1372 = False
		sm2_state = True
		_EL_U_1395 = True
		_EL_U_1397 = False
		sm12_state = True
		sm1_state = True
		sm11_state = True
		sm0_state = True
	Trans 33 -- 34
		_x_sm19_l = (sm19_l + -1)
		_x_sm16_l = (sm16_l + -1)
		_x_sm0_l = (sm0_l + -1)
		_x_sm18_l = (sm18_l + -1)
		_x_sm7_l = (sm7_l + -1)
		_x_sm13_l = (sm13_l + -1)
		_x_sm4_l = (sm4_l + -1)
		_x_sm11_l = (sm11_l + -1)
		_x_sm20_l = (sm20_l + -1)
		_x_sm12_l = (sm12_l + -1)
		_x_sm1_l = (sm1_l + -1)
		_x_sm17_l = (sm17_l + -1)
		_x_sm14_l = (sm14_l + -1)
		_x_sm5_l = (sm5_l + -1)
		_x_sm8_l = (sm8_l + -1)
		_x_sm2_l = (sm2_l + -1)
		_x_sm15_l = (sm15_l + -1)
		_x_sm9_l = (sm9_l + -1)
		_x_sm10_l = (sm10_l + -1)
		_x_sm6_l = (sm6_l + -1)
		_x_sm3_l = (sm3_l + -1)
	State 34
		run = 2
		sm13_loop_len = 1
		sm4_loop_len = 1
		sm18_loop_len = 1
		sm0_loop_len = 1
		sm9_loop_len = 1
		semaphore = 0
		sm14_loop_len = 1
		sm5_loop_len = 1
		sm19_loop_len = 1
		sm10_loop_len = 1
		sm1_loop_len = 1
		sm15_loop_len = 1
		sm6_loop_len = 1
		sm20_loop_len = 1
		sm11_loop_len = 1
		sm2_loop_len = 1
		sm16_loop_len = 1
		sm7_loop_len = 1
		sm12_loop_len = 1
		sm3_loop_len = 1
		sm17_loop_len = 1
		sm8_loop_len = 1
		sm20_state = True
		sm10_state = True
		sm9_state = True
		sm19_state = True
		sm8_state = True
		sm18_state = True
		sm7_state = True
		sm17_state = True
		_J1814 = True
		_J1808 = True
		_J1801 = True
		_J1795 = False
		_J1788 = True
		_J1782 = True
		_J1775 = True
		_J1769 = True
		_J1762 = True
		_J1756 = True
		_J1749 = True
		_J1743 = False
		_J1736 = True
		_J1730 = False
		_J1723 = True
		_J1717 = True
		_J1710 = True
		_J1704 = True
		sm6_state = True
		_J1697 = True
		_J1691 = False
		_J1684 = True
		_J1678 = True
		_J1671 = True
		_J1665 = False
		sm16_state = True
		_J1658 = True
		_J1652 = True
		_J1645 = True
		_J1639 = False
		_J1632 = True
		_J1626 = False
		_J1619 = True
		_J1613 = True
		_J1606 = True
		_J1600 = False
		_J1593 = True
		_J1587 = True
		_J1580 = True
		_J1574 = False
		_J1567 = True
		_J1561 = True
		_J1555 = True
		_J1549 = True
		_J1543 = True
		sm5_state = True
		_J1537 = True
		_EL_U_1290 = True
		_EL_U_1292 = False
		_EL_U_1294 = True
		sm15_state = True
		_EL_U_1296 = False
		_EL_U_1298 = True
		_EL_U_1300 = False
		_EL_U_1302 = True
		_EL_U_1304 = False
		_EL_U_1306 = True
		_EL_U_1308 = False
		_EL_U_1310 = True
		_EL_U_1312 = False
		_EL_U_1314 = True
		_EL_U_1316 = False
		_EL_U_1318 = True
		_EL_U_1320 = False
		sm4_state = True
		_EL_U_1322 = True
		_EL_U_1324 = False
		_EL_U_1326 = True
		_EL_U_1328 = False
		sm14_state = True
		_EL_U_1330 = True
		_EL_U_1332 = False
		_EL_U_1334 = True
		_EL_U_1336 = False
		_EL_U_1338 = True
		_EL_U_1340 = False
		_EL_U_1342 = True
		_EL_U_1344 = False
		_EL_U_1346 = True
		_EL_U_1348 = False
		_EL_U_1350 = True
		_EL_U_1352 = False
		_EL_U_1354 = True
		sm3_state = True
		_EL_U_1356 = False
		_EL_U_1358 = True
		_EL_U_1360 = False
		_EL_U_1362 = True
		sm13_state = True
		_EL_U_1364 = False
		_EL_U_1366 = True
		_EL_U_1368 = False
		_EL_U_1370 = True
		_EL_U_1372 = False
		sm2_state = True
		_EL_U_1395 = True
		_EL_U_1397 = False
		sm12_state = True
		sm1_state = True
		sm11_state = True
		sm0_state = True
	Trans 34 -- 35
		_x_sm19_l = (sm19_l + -1)
		_x_sm16_l = (sm16_l + -1)
		_x_sm0_l = (sm0_l + -1)
		_x_sm18_l = (sm18_l + -1)
		_x_sm7_l = (sm7_l + -1)
		_x_sm13_l = (sm13_l + -1)
		_x_sm4_l = (sm4_l + -1)
		_x_sm11_l = (sm11_l + -1)
		_x_sm20_l = (sm20_l + -1)
		_x_sm12_l = (sm12_l + -1)
		_x_sm1_l = (sm1_l + -1)
		_x_sm17_l = (sm17_l + -1)
		_x_sm14_l = (sm14_l + -1)
		_x_sm5_l = (sm5_l + -1)
		_x_sm8_l = (sm8_l + -1)
		_x_sm2_l = (sm2_l + -1)
		_x_sm15_l = (sm15_l + -1)
		_x_sm9_l = (sm9_l + -1)
		_x_sm10_l = (sm10_l + -1)
		_x_sm6_l = (sm6_l + -1)
		_x_sm3_l = (sm3_l + -1)
	State 35
		run = 14
		sm13_loop_len = 1
		sm4_loop_len = 1
		sm18_loop_len = 1
		sm0_loop_len = 1
		sm9_loop_len = 1
		semaphore = 0
		sm14_loop_len = 1
		sm5_loop_len = 1
		sm19_loop_len = 1
		sm10_loop_len = 1
		sm1_loop_len = 1
		sm15_loop_len = 1
		sm6_loop_len = 1
		sm20_loop_len = 1
		sm11_loop_len = 1
		sm2_loop_len = 1
		sm16_loop_len = 1
		sm7_loop_len = 1
		sm12_loop_len = 1
		sm3_loop_len = 1
		sm17_loop_len = 1
		sm8_loop_len = 1
		sm20_state = True
		sm10_state = True
		sm9_state = True
		sm19_state = True
		sm8_state = True
		sm18_state = True
		sm7_state = True
		sm17_state = True
		_J1814 = True
		_J1808 = True
		_J1801 = True
		_J1795 = False
		_J1788 = True
		_J1782 = True
		_J1775 = True
		_J1769 = True
		_J1762 = True
		_J1756 = True
		_J1749 = True
		_J1743 = False
		_J1736 = True
		_J1730 = False
		_J1723 = True
		_J1717 = True
		_J1710 = True
		_J1704 = True
		sm6_state = True
		_J1697 = True
		_J1691 = False
		_J1684 = True
		_J1678 = True
		_J1671 = True
		_J1665 = False
		sm16_state = True
		_J1658 = True
		_J1652 = True
		_J1645 = True
		_J1639 = False
		_J1632 = True
		_J1626 = False
		_J1619 = True
		_J1613 = True
		_J1606 = True
		_J1600 = False
		_J1593 = True
		_J1587 = True
		_J1580 = True
		_J1574 = True
		_J1567 = True
		_J1561 = True
		_J1555 = True
		_J1549 = True
		_J1543 = True
		sm5_state = True
		_J1537 = True
		_EL_U_1290 = True
		_EL_U_1292 = False
		_EL_U_1294 = True
		sm15_state = True
		_EL_U_1296 = False
		_EL_U_1298 = True
		_EL_U_1300 = False
		_EL_U_1302 = True
		_EL_U_1304 = False
		_EL_U_1306 = True
		_EL_U_1308 = False
		_EL_U_1310 = True
		_EL_U_1312 = False
		_EL_U_1314 = True
		_EL_U_1316 = False
		_EL_U_1318 = True
		_EL_U_1320 = False
		sm4_state = True
		_EL_U_1322 = True
		_EL_U_1324 = False
		_EL_U_1326 = True
		_EL_U_1328 = False
		sm14_state = True
		_EL_U_1330 = True
		_EL_U_1332 = False
		_EL_U_1334 = True
		_EL_U_1336 = False
		_EL_U_1338 = True
		_EL_U_1340 = False
		_EL_U_1342 = True
		_EL_U_1344 = False
		_EL_U_1346 = True
		_EL_U_1348 = False
		_EL_U_1350 = True
		_EL_U_1352 = False
		_EL_U_1354 = True
		sm3_state = True
		_EL_U_1356 = False
		_EL_U_1358 = True
		_EL_U_1360 = False
		_EL_U_1362 = True
		sm13_state = True
		_EL_U_1364 = False
		_EL_U_1366 = True
		_EL_U_1368 = False
		_EL_U_1370 = True
		_EL_U_1372 = False
		sm2_state = True
		_EL_U_1395 = True
		_EL_U_1397 = False
		sm12_state = True
		sm1_state = True
		sm11_state = True
		sm0_state = True
	Trans 35 -- 36
		_x_sm19_l = (sm19_l + -1)
		_x_sm16_l = (sm16_l + -1)
		_x_sm0_l = (sm0_l + -1)
		_x_sm18_l = (sm18_l + -1)
		_x_sm7_l = (sm7_l + -1)
		_x_sm13_l = (sm13_l + -1)
		_x_sm4_l = (sm4_l + -1)
		_x_sm11_l = (sm11_l + -1)
		_x_sm20_l = (sm20_l + -1)
		_x_sm12_l = (sm12_l + -1)
		_x_sm1_l = (sm1_l + -1)
		_x_sm17_l = (sm17_l + -1)
		_x_sm14_l = (sm14_l + -1)
		_x_sm5_l = (sm5_l + -1)
		_x_sm8_l = (sm8_l + -1)
		_x_sm2_l = (sm2_l + -1)
		_x_sm15_l = (sm15_l + -1)
		_x_sm9_l = (sm9_l + -1)
		_x_sm10_l = (sm10_l + -1)
		_x_sm6_l = (sm6_l + -1)
		_x_sm3_l = (sm3_l + -1)
	State 36
		run = 4
		sm13_loop_len = 1
		sm4_loop_len = 1
		sm18_loop_len = 1
		sm0_loop_len = 1
		sm9_loop_len = 1
		semaphore = 0
		sm14_loop_len = 1
		sm5_loop_len = 1
		sm19_loop_len = 1
		sm10_loop_len = 1
		sm1_loop_len = 1
		sm15_loop_len = 1
		sm6_loop_len = 1
		sm20_loop_len = 1
		sm11_loop_len = 1
		sm2_loop_len = 1
		sm16_loop_len = 1
		sm7_loop_len = 1
		sm12_loop_len = 1
		sm3_loop_len = 1
		sm17_loop_len = 1
		sm8_loop_len = 1
		sm20_state = True
		sm10_state = True
		sm9_state = True
		sm19_state = True
		sm8_state = True
		sm18_state = True
		sm7_state = True
		sm17_state = True
		_J1814 = True
		_J1808 = True
		_J1801 = True
		_J1795 = False
		_J1788 = True
		_J1782 = True
		_J1775 = True
		_J1769 = True
		_J1762 = True
		_J1756 = True
		_J1749 = True
		_J1743 = False
		_J1736 = True
		_J1730 = True
		_J1723 = True
		_J1717 = True
		_J1710 = True
		_J1704 = True
		sm6_state = True
		_J1697 = True
		_J1691 = False
		_J1684 = True
		_J1678 = True
		_J1671 = True
		_J1665 = False
		sm16_state = True
		_J1658 = True
		_J1652 = True
		_J1645 = True
		_J1639 = False
		_J1632 = True
		_J1626 = False
		_J1619 = True
		_J1613 = True
		_J1606 = True
		_J1600 = False
		_J1593 = True
		_J1587 = True
		_J1580 = True
		_J1574 = True
		_J1567 = True
		_J1561 = True
		_J1555 = True
		_J1549 = True
		_J1543 = True
		sm5_state = True
		_J1537 = True
		_EL_U_1290 = True
		_EL_U_1292 = False
		_EL_U_1294 = True
		sm15_state = True
		_EL_U_1296 = False
		_EL_U_1298 = True
		_EL_U_1300 = False
		_EL_U_1302 = True
		_EL_U_1304 = False
		_EL_U_1306 = True
		_EL_U_1308 = False
		_EL_U_1310 = True
		_EL_U_1312 = False
		_EL_U_1314 = True
		_EL_U_1316 = False
		_EL_U_1318 = True
		_EL_U_1320 = False
		sm4_state = True
		_EL_U_1322 = True
		_EL_U_1324 = False
		_EL_U_1326 = True
		_EL_U_1328 = False
		sm14_state = True
		_EL_U_1330 = True
		_EL_U_1332 = False
		_EL_U_1334 = True
		_EL_U_1336 = False
		_EL_U_1338 = True
		_EL_U_1340 = False
		_EL_U_1342 = True
		_EL_U_1344 = False
		_EL_U_1346 = True
		_EL_U_1348 = False
		_EL_U_1350 = True
		_EL_U_1352 = False
		_EL_U_1354 = True
		sm3_state = True
		_EL_U_1356 = False
		_EL_U_1358 = True
		_EL_U_1360 = False
		_EL_U_1362 = True
		sm13_state = True
		_EL_U_1364 = False
		_EL_U_1366 = True
		_EL_U_1368 = False
		_EL_U_1370 = True
		_EL_U_1372 = False
		sm2_state = True
		_EL_U_1395 = True
		_EL_U_1397 = False
		sm12_state = True
		sm1_state = True
		sm11_state = True
		sm0_state = True
	Trans 36 -- 37
		_x_sm19_l = (sm19_l + -1)
		_x_sm16_l = (sm16_l + -1)
		_x_sm0_l = (sm0_l + -1)
		_x_sm18_l = (sm18_l + -1)
		_x_sm7_l = (sm7_l + -1)
		_x_sm13_l = (sm13_l + -1)
		_x_sm4_l = (sm4_l + -1)
		_x_sm11_l = (sm11_l + -1)
		_x_sm20_l = (sm20_l + -1)
		_x_sm12_l = (sm12_l + -1)
		_x_sm1_l = (sm1_l + -1)
		_x_sm17_l = (sm17_l + -1)
		_x_sm14_l = (sm14_l + -1)
		_x_sm5_l = (sm5_l + -1)
		_x_sm8_l = (sm8_l + -1)
		_x_sm2_l = (sm2_l + -1)
		_x_sm15_l = (sm15_l + -1)
		_x_sm9_l = (sm9_l + -1)
		_x_sm10_l = (sm10_l + -1)
		_x_sm6_l = (sm6_l + -1)
		_x_sm3_l = (sm3_l + -1)
	State 37
		run = 7
		sm13_loop_len = 1
		sm4_loop_len = 1
		sm18_loop_len = 1
		sm0_loop_len = 1
		sm9_loop_len = 1
		semaphore = 0
		sm14_loop_len = 1
		sm5_loop_len = 1
		sm19_loop_len = 1
		sm10_loop_len = 1
		sm1_loop_len = 1
		sm15_loop_len = 1
		sm6_loop_len = 1
		sm20_loop_len = 1
		sm11_loop_len = 1
		sm2_loop_len = 1
		sm16_loop_len = 1
		sm7_loop_len = 1
		sm12_loop_len = 1
		sm3_loop_len = 1
		sm17_loop_len = 1
		sm8_loop_len = 1
		sm20_state = True
		sm10_state = True
		sm9_state = True
		sm19_state = True
		sm8_state = True
		sm18_state = True
		sm7_state = True
		sm17_state = True
		_J1814 = True
		_J1808 = True
		_J1801 = True
		_J1795 = False
		_J1788 = True
		_J1782 = True
		_J1775 = True
		_J1769 = True
		_J1762 = True
		_J1756 = True
		_J1749 = True
		_J1743 = False
		_J1736 = True
		_J1730 = True
		_J1723 = True
		_J1717 = True
		_J1710 = True
		_J1704 = True
		sm6_state = True
		_J1697 = True
		_J1691 = False
		_J1684 = True
		_J1678 = True
		_J1671 = True
		_J1665 = False
		sm16_state = True
		_J1658 = True
		_J1652 = True
		_J1645 = True
		_J1639 = False
		_J1632 = True
		_J1626 = False
		_J1619 = True
		_J1613 = True
		_J1606 = True
		_J1600 = True
		_J1593 = True
		_J1587 = True
		_J1580 = True
		_J1574 = True
		_J1567 = True
		_J1561 = True
		_J1555 = True
		_J1549 = True
		_J1543 = True
		sm5_state = True
		_J1537 = True
		_EL_U_1290 = True
		_EL_U_1292 = False
		_EL_U_1294 = True
		sm15_state = True
		_EL_U_1296 = False
		_EL_U_1298 = True
		_EL_U_1300 = False
		_EL_U_1302 = True
		_EL_U_1304 = False
		_EL_U_1306 = True
		_EL_U_1308 = False
		_EL_U_1310 = True
		_EL_U_1312 = False
		_EL_U_1314 = True
		_EL_U_1316 = False
		_EL_U_1318 = True
		_EL_U_1320 = False
		sm4_state = True
		_EL_U_1322 = True
		_EL_U_1324 = False
		_EL_U_1326 = True
		_EL_U_1328 = False
		sm14_state = True
		_EL_U_1330 = True
		_EL_U_1332 = False
		_EL_U_1334 = True
		_EL_U_1336 = False
		_EL_U_1338 = True
		_EL_U_1340 = False
		_EL_U_1342 = True
		_EL_U_1344 = False
		_EL_U_1346 = True
		_EL_U_1348 = False
		_EL_U_1350 = True
		_EL_U_1352 = False
		_EL_U_1354 = True
		sm3_state = True
		_EL_U_1356 = False
		_EL_U_1358 = True
		_EL_U_1360 = False
		_EL_U_1362 = True
		sm13_state = True
		_EL_U_1364 = False
		_EL_U_1366 = True
		_EL_U_1368 = False
		_EL_U_1370 = True
		_EL_U_1372 = False
		sm2_state = True
		_EL_U_1395 = True
		_EL_U_1397 = False
		sm12_state = True
		sm1_state = True
		sm11_state = True
		sm0_state = True
	Trans 37 -- 38
		_x_sm19_l = (sm19_l + -1)
		_x_sm16_l = (sm16_l + -1)
		_x_sm0_l = (sm0_l + -1)
		_x_sm18_l = (sm18_l + -1)
		_x_sm7_l = (sm7_l + -1)
		_x_sm13_l = (sm13_l + -1)
		_x_sm4_l = (sm4_l + -1)
		_x_sm11_l = (sm11_l + -1)
		_x_sm20_l = (sm20_l + -1)
		_x_sm12_l = (sm12_l + -1)
		_x_sm1_l = (sm1_l + -1)
		_x_sm17_l = (sm17_l + -1)
		_x_sm14_l = (sm14_l + -1)
		_x_sm5_l = (sm5_l + -1)
		_x_sm8_l = (sm8_l + -1)
		_x_sm2_l = (sm2_l + -1)
		_x_sm15_l = (sm15_l + -1)
		_x_sm9_l = (sm9_l + -1)
		_x_sm10_l = (sm10_l + -1)
		_x_sm6_l = (sm6_l + -1)
		_x_sm3_l = (sm3_l + -1)
	State 38
		run = 19
		sm13_loop_len = 1
		sm4_loop_len = 1
		sm18_loop_len = 1
		sm0_loop_len = 1
		sm9_loop_len = 1
		semaphore = 0
		sm14_loop_len = 1
		sm5_loop_len = 1
		sm19_loop_len = 1
		sm10_loop_len = 1
		sm1_loop_len = 1
		sm15_loop_len = 1
		sm6_loop_len = 1
		sm20_loop_len = 1
		sm11_loop_len = 1
		sm2_loop_len = 1
		sm16_loop_len = 1
		sm7_loop_len = 1
		sm12_loop_len = 1
		sm3_loop_len = 1
		sm17_loop_len = 1
		sm8_loop_len = 1
		sm20_state = True
		sm10_state = True
		sm9_state = True
		sm19_state = True
		sm8_state = True
		sm18_state = True
		sm7_state = True
		sm17_state = True
		_J1814 = True
		_J1808 = True
		_J1801 = True
		_J1795 = False
		_J1788 = True
		_J1782 = True
		_J1775 = True
		_J1769 = True
		_J1762 = True
		_J1756 = True
		_J1749 = True
		_J1743 = False
		_J1736 = True
		_J1730 = True
		_J1723 = True
		_J1717 = True
		_J1710 = True
		_J1704 = True
		sm6_state = True
		_J1697 = True
		_J1691 = False
		_J1684 = True
		_J1678 = True
		_J1671 = True
		_J1665 = False
		sm16_state = True
		_J1658 = True
		_J1652 = True
		_J1645 = True
		_J1639 = True
		_J1632 = True
		_J1626 = False
		_J1619 = True
		_J1613 = True
		_J1606 = True
		_J1600 = True
		_J1593 = True
		_J1587 = True
		_J1580 = True
		_J1574 = True
		_J1567 = True
		_J1561 = True
		_J1555 = True
		_J1549 = True
		_J1543 = True
		sm5_state = True
		_J1537 = True
		_EL_U_1290 = True
		_EL_U_1292 = False
		_EL_U_1294 = True
		sm15_state = True
		_EL_U_1296 = False
		_EL_U_1298 = True
		_EL_U_1300 = False
		_EL_U_1302 = True
		_EL_U_1304 = False
		_EL_U_1306 = True
		_EL_U_1308 = False
		_EL_U_1310 = True
		_EL_U_1312 = False
		_EL_U_1314 = True
		_EL_U_1316 = False
		_EL_U_1318 = True
		_EL_U_1320 = False
		sm4_state = True
		_EL_U_1322 = True
		_EL_U_1324 = False
		_EL_U_1326 = True
		_EL_U_1328 = False
		sm14_state = True
		_EL_U_1330 = True
		_EL_U_1332 = False
		_EL_U_1334 = True
		_EL_U_1336 = False
		_EL_U_1338 = True
		_EL_U_1340 = False
		_EL_U_1342 = True
		_EL_U_1344 = False
		_EL_U_1346 = True
		_EL_U_1348 = False
		_EL_U_1350 = True
		_EL_U_1352 = False
		_EL_U_1354 = True
		sm3_state = True
		_EL_U_1356 = False
		_EL_U_1358 = True
		_EL_U_1360 = False
		_EL_U_1362 = True
		sm13_state = True
		_EL_U_1364 = False
		_EL_U_1366 = True
		_EL_U_1368 = False
		_EL_U_1370 = True
		_EL_U_1372 = False
		sm2_state = True
		_EL_U_1395 = True
		_EL_U_1397 = False
		sm12_state = True
		sm1_state = True
		sm11_state = True
		sm0_state = True
	Trans 38 -- 39
		_x_sm19_l = (sm19_l + -1)
		_x_sm16_l = (sm16_l + -1)
		_x_sm0_l = (sm0_l + -1)
		_x_sm18_l = (sm18_l + -1)
		_x_sm7_l = (sm7_l + -1)
		_x_sm13_l = (sm13_l + -1)
		_x_sm4_l = (sm4_l + -1)
		_x_sm11_l = (sm11_l + -1)
		_x_sm20_l = (sm20_l + -1)
		_x_sm12_l = (sm12_l + -1)
		_x_sm1_l = (sm1_l + -1)
		_x_sm17_l = (sm17_l + -1)
		_x_sm14_l = (sm14_l + -1)
		_x_sm5_l = (sm5_l + -1)
		_x_sm8_l = (sm8_l + -1)
		_x_sm2_l = (sm2_l + -1)
		_x_sm15_l = (sm15_l + -1)
		_x_sm9_l = (sm9_l + -1)
		_x_sm10_l = (sm10_l + -1)
		_x_sm6_l = (sm6_l + -1)
		_x_sm3_l = (sm3_l + -1)
	State 39
		run = 11
		sm13_loop_len = 1
		sm4_loop_len = 1
		sm18_loop_len = 1
		sm0_loop_len = 1
		sm9_loop_len = 1
		semaphore = 0
		sm14_loop_len = 1
		sm5_loop_len = 1
		sm19_loop_len = 1
		sm10_loop_len = 1
		sm1_loop_len = 1
		sm15_loop_len = 1
		sm6_loop_len = 1
		sm20_loop_len = 1
		sm11_loop_len = 1
		sm2_loop_len = 1
		sm16_loop_len = 1
		sm7_loop_len = 1
		sm12_loop_len = 1
		sm3_loop_len = 1
		sm17_loop_len = 1
		sm8_loop_len = 1
		sm20_state = True
		sm10_state = True
		sm9_state = True
		sm19_state = True
		sm8_state = True
		sm18_state = True
		sm7_state = True
		sm17_state = True
		_J1814 = True
		_J1808 = True
		_J1801 = True
		_J1795 = True
		_J1788 = True
		_J1782 = True
		_J1775 = True
		_J1769 = True
		_J1762 = True
		_J1756 = True
		_J1749 = True
		_J1743 = False
		_J1736 = True
		_J1730 = True
		_J1723 = True
		_J1717 = True
		_J1710 = True
		_J1704 = True
		sm6_state = True
		_J1697 = True
		_J1691 = False
		_J1684 = True
		_J1678 = True
		_J1671 = True
		_J1665 = False
		sm16_state = True
		_J1658 = True
		_J1652 = True
		_J1645 = True
		_J1639 = True
		_J1632 = True
		_J1626 = False
		_J1619 = True
		_J1613 = True
		_J1606 = True
		_J1600 = True
		_J1593 = True
		_J1587 = True
		_J1580 = True
		_J1574 = True
		_J1567 = True
		_J1561 = True
		_J1555 = True
		_J1549 = True
		_J1543 = True
		sm5_state = True
		_J1537 = True
		_EL_U_1290 = True
		_EL_U_1292 = False
		_EL_U_1294 = True
		sm15_state = True
		_EL_U_1296 = False
		_EL_U_1298 = True
		_EL_U_1300 = False
		_EL_U_1302 = True
		_EL_U_1304 = False
		_EL_U_1306 = True
		_EL_U_1308 = False
		_EL_U_1310 = True
		_EL_U_1312 = False
		_EL_U_1314 = True
		_EL_U_1316 = False
		_EL_U_1318 = True
		_EL_U_1320 = False
		sm4_state = True
		_EL_U_1322 = True
		_EL_U_1324 = False
		_EL_U_1326 = True
		_EL_U_1328 = False
		sm14_state = True
		_EL_U_1330 = True
		_EL_U_1332 = False
		_EL_U_1334 = True
		_EL_U_1336 = False
		_EL_U_1338 = True
		_EL_U_1340 = False
		_EL_U_1342 = True
		_EL_U_1344 = False
		_EL_U_1346 = True
		_EL_U_1348 = False
		_EL_U_1350 = True
		_EL_U_1352 = False
		_EL_U_1354 = True
		sm3_state = True
		_EL_U_1356 = False
		_EL_U_1358 = True
		_EL_U_1360 = False
		_EL_U_1362 = True
		sm13_state = True
		_EL_U_1364 = False
		_EL_U_1366 = True
		_EL_U_1368 = False
		_EL_U_1370 = True
		_EL_U_1372 = False
		sm2_state = True
		_EL_U_1395 = True
		_EL_U_1397 = False
		sm12_state = True
		sm1_state = True
		sm11_state = True
		sm0_state = True
	Trans 39 -- 40
		_x_sm19_l = (sm19_l + -1)
		_x_sm16_l = (sm16_l + -1)
		_x_sm0_l = (sm0_l + -1)
		_x_sm18_l = (sm18_l + -1)
		_x_sm7_l = (sm7_l + -1)
		_x_sm13_l = (sm13_l + -1)
		_x_sm4_l = (sm4_l + -1)
		_x_sm11_l = (sm11_l + -1)
		_x_sm20_l = (sm20_l + -1)
		_x_sm12_l = (sm12_l + -1)
		_x_sm1_l = (sm1_l + -1)
		_x_sm17_l = (sm17_l + -1)
		_x_sm14_l = (sm14_l + -1)
		_x_sm5_l = (sm5_l + -1)
		_x_sm8_l = (sm8_l + -1)
		_x_sm2_l = (sm2_l + -1)
		_x_sm15_l = (sm15_l + -1)
		_x_sm9_l = (sm9_l + -1)
		_x_sm10_l = (sm10_l + -1)
		_x_sm6_l = (sm6_l + -1)
		_x_sm3_l = (sm3_l + -1)
	State 40
		run = 15
		sm13_loop_len = 1
		sm4_loop_len = 1
		sm18_loop_len = 1
		sm0_loop_len = 1
		sm9_loop_len = 1
		semaphore = 0
		sm14_loop_len = 1
		sm5_loop_len = 1
		sm19_loop_len = 1
		sm10_loop_len = 1
		sm1_loop_len = 1
		sm15_loop_len = 1
		sm6_loop_len = 1
		sm20_loop_len = 1
		sm11_loop_len = 1
		sm2_loop_len = 1
		sm16_loop_len = 1
		sm7_loop_len = 1
		sm12_loop_len = 1
		sm3_loop_len = 1
		sm17_loop_len = 1
		sm8_loop_len = 1
		sm20_state = True
		sm10_state = True
		sm9_state = True
		sm19_state = True
		sm8_state = True
		sm18_state = True
		sm7_state = True
		sm17_state = True
		_J1814 = True
		_J1808 = True
		_J1801 = True
		_J1795 = True
		_J1788 = True
		_J1782 = True
		_J1775 = True
		_J1769 = True
		_J1762 = True
		_J1756 = True
		_J1749 = True
		_J1743 = False
		_J1736 = True
		_J1730 = True
		_J1723 = True
		_J1717 = True
		_J1710 = True
		_J1704 = True
		sm6_state = True
		_J1697 = True
		_J1691 = True
		_J1684 = True
		_J1678 = True
		_J1671 = True
		_J1665 = False
		sm16_state = True
		_J1658 = True
		_J1652 = True
		_J1645 = True
		_J1639 = True
		_J1632 = True
		_J1626 = False
		_J1619 = True
		_J1613 = True
		_J1606 = True
		_J1600 = True
		_J1593 = True
		_J1587 = True
		_J1580 = True
		_J1574 = True
		_J1567 = True
		_J1561 = True
		_J1555 = True
		_J1549 = True
		_J1543 = True
		sm5_state = True
		_J1537 = True
		_EL_U_1290 = True
		_EL_U_1292 = False
		_EL_U_1294 = True
		sm15_state = True
		_EL_U_1296 = False
		_EL_U_1298 = True
		_EL_U_1300 = False
		_EL_U_1302 = True
		_EL_U_1304 = False
		_EL_U_1306 = True
		_EL_U_1308 = False
		_EL_U_1310 = True
		_EL_U_1312 = False
		_EL_U_1314 = True
		_EL_U_1316 = False
		_EL_U_1318 = True
		_EL_U_1320 = False
		sm4_state = True
		_EL_U_1322 = True
		_EL_U_1324 = False
		_EL_U_1326 = True
		_EL_U_1328 = False
		sm14_state = True
		_EL_U_1330 = True
		_EL_U_1332 = False
		_EL_U_1334 = True
		_EL_U_1336 = False
		_EL_U_1338 = True
		_EL_U_1340 = False
		_EL_U_1342 = True
		_EL_U_1344 = False
		_EL_U_1346 = True
		_EL_U_1348 = False
		_EL_U_1350 = True
		_EL_U_1352 = False
		_EL_U_1354 = True
		sm3_state = True
		_EL_U_1356 = False
		_EL_U_1358 = True
		_EL_U_1360 = False
		_EL_U_1362 = True
		sm13_state = True
		_EL_U_1364 = False
		_EL_U_1366 = True
		_EL_U_1368 = False
		_EL_U_1370 = True
		_EL_U_1372 = False
		sm2_state = True
		_EL_U_1395 = True
		_EL_U_1397 = False
		sm12_state = True
		sm1_state = True
		sm11_state = True
		sm0_state = True
	Trans 40 -- 41
		_x_sm19_l = (sm19_l + -1)
		_x_sm16_l = (sm16_l + -1)
		_x_sm0_l = (sm0_l + -1)
		_x_sm18_l = (sm18_l + -1)
		_x_sm7_l = (sm7_l + -1)
		_x_sm13_l = (sm13_l + -1)
		_x_sm4_l = (sm4_l + -1)
		_x_sm11_l = (sm11_l + -1)
		_x_sm20_l = (sm20_l + -1)
		_x_sm12_l = (sm12_l + -1)
		_x_sm1_l = (sm1_l + -1)
		_x_sm17_l = (sm17_l + -1)
		_x_sm14_l = (sm14_l + -1)
		_x_sm5_l = (sm5_l + -1)
		_x_sm8_l = (sm8_l + -1)
		_x_sm2_l = (sm2_l + -1)
		_x_sm15_l = (sm15_l + -1)
		_x_sm9_l = (sm9_l + -1)
		_x_sm10_l = (sm10_l + -1)
		_x_sm6_l = (sm6_l + -1)
		_x_sm3_l = (sm3_l + -1)
	State 41
		run = 9
		sm13_loop_len = 1
		sm4_loop_len = 1
		sm18_loop_len = 1
		sm0_loop_len = 1
		sm9_loop_len = 1
		semaphore = 0
		sm14_loop_len = 1
		sm5_loop_len = 1
		sm19_loop_len = 1
		sm10_loop_len = 1
		sm1_loop_len = 1
		sm15_loop_len = 1
		sm6_loop_len = 1
		sm20_loop_len = 1
		sm11_loop_len = 1
		sm2_loop_len = 1
		sm16_loop_len = 1
		sm7_loop_len = 1
		sm12_loop_len = 1
		sm3_loop_len = 1
		sm17_loop_len = 1
		sm8_loop_len = 1
		sm20_state = True
		sm10_state = True
		sm9_state = True
		sm19_state = True
		sm8_state = True
		sm18_state = True
		sm7_state = True
		sm17_state = True
		_J1814 = True
		_J1808 = True
		_J1801 = True
		_J1795 = True
		_J1788 = True
		_J1782 = True
		_J1775 = True
		_J1769 = True
		_J1762 = True
		_J1756 = True
		_J1749 = True
		_J1743 = True
		_J1736 = True
		_J1730 = True
		_J1723 = True
		_J1717 = True
		_J1710 = True
		_J1704 = True
		sm6_state = True
		_J1697 = True
		_J1691 = True
		_J1684 = True
		_J1678 = True
		_J1671 = True
		_J1665 = False
		sm16_state = True
		_J1658 = True
		_J1652 = True
		_J1645 = True
		_J1639 = True
		_J1632 = True
		_J1626 = False
		_J1619 = True
		_J1613 = True
		_J1606 = True
		_J1600 = True
		_J1593 = True
		_J1587 = True
		_J1580 = True
		_J1574 = True
		_J1567 = True
		_J1561 = True
		_J1555 = True
		_J1549 = True
		_J1543 = True
		sm5_state = True
		_J1537 = True
		_EL_U_1290 = True
		_EL_U_1292 = False
		_EL_U_1294 = True
		sm15_state = True
		_EL_U_1296 = False
		_EL_U_1298 = True
		_EL_U_1300 = False
		_EL_U_1302 = True
		_EL_U_1304 = False
		_EL_U_1306 = True
		_EL_U_1308 = False
		_EL_U_1310 = True
		_EL_U_1312 = False
		_EL_U_1314 = True
		_EL_U_1316 = False
		_EL_U_1318 = True
		_EL_U_1320 = False
		sm4_state = True
		_EL_U_1322 = True
		_EL_U_1324 = False
		_EL_U_1326 = True
		_EL_U_1328 = False
		sm14_state = True
		_EL_U_1330 = True
		_EL_U_1332 = False
		_EL_U_1334 = True
		_EL_U_1336 = False
		_EL_U_1338 = True
		_EL_U_1340 = False
		_EL_U_1342 = True
		_EL_U_1344 = False
		_EL_U_1346 = True
		_EL_U_1348 = False
		_EL_U_1350 = True
		_EL_U_1352 = False
		_EL_U_1354 = True
		sm3_state = True
		_EL_U_1356 = False
		_EL_U_1358 = True
		_EL_U_1360 = False
		_EL_U_1362 = True
		sm13_state = True
		_EL_U_1364 = False
		_EL_U_1366 = True
		_EL_U_1368 = False
		_EL_U_1370 = True
		_EL_U_1372 = False
		sm2_state = True
		_EL_U_1395 = True
		_EL_U_1397 = False
		sm12_state = True
		sm1_state = True
		sm11_state = True
		sm0_state = True
	Trans 41 -- 42
		_x_sm19_l = (sm19_l + -1)
		_x_sm16_l = (sm16_l + -1)
		_x_sm0_l = (sm0_l + -1)
		_x_sm18_l = (sm18_l + -1)
		_x_sm7_l = (sm7_l + -1)
		_x_sm13_l = (sm13_l + -1)
		_x_sm4_l = (sm4_l + -1)
		_x_sm11_l = (sm11_l + -1)
		_x_sm20_l = (sm20_l + -1)
		_x_sm12_l = (sm12_l + -1)
		_x_sm1_l = (sm1_l + -1)
		_x_sm17_l = (sm17_l + -1)
		_x_sm14_l = (sm14_l + -1)
		_x_sm5_l = (sm5_l + -1)
		_x_sm8_l = (sm8_l + -1)
		_x_sm2_l = (sm2_l + -1)
		_x_sm15_l = (sm15_l + -1)
		_x_sm9_l = (sm9_l + -1)
		_x_sm10_l = (sm10_l + -1)
		_x_sm6_l = (sm6_l + -1)
		_x_sm3_l = (sm3_l + -1)
	State 42
		run = 6
		sm13_loop_len = 1
		sm4_loop_len = 1
		sm18_loop_len = 1
		sm0_loop_len = 1
		sm9_loop_len = 1
		semaphore = 0
		sm14_loop_len = 1
		sm5_loop_len = 1
		sm19_loop_len = 1
		sm10_loop_len = 1
		sm1_loop_len = 1
		sm15_loop_len = 1
		sm6_loop_len = 1
		sm20_loop_len = 1
		sm11_loop_len = 1
		sm2_loop_len = 1
		sm16_loop_len = 1
		sm7_loop_len = 1
		sm12_loop_len = 1
		sm3_loop_len = 1
		sm17_loop_len = 1
		sm8_loop_len = 1
		sm20_state = True
		sm10_state = True
		sm9_state = True
		sm19_state = True
		sm8_state = True
		sm18_state = True
		sm7_state = True
		sm17_state = True
		_J1814 = True
		_J1808 = True
		_J1801 = True
		_J1795 = True
		_J1788 = True
		_J1782 = True
		_J1775 = True
		_J1769 = True
		_J1762 = True
		_J1756 = True
		_J1749 = True
		_J1743 = True
		_J1736 = True
		_J1730 = True
		_J1723 = True
		_J1717 = True
		_J1710 = True
		_J1704 = True
		sm6_state = True
		_J1697 = True
		_J1691 = True
		_J1684 = True
		_J1678 = True
		_J1671 = True
		_J1665 = True
		sm16_state = True
		_J1658 = True
		_J1652 = True
		_J1645 = True
		_J1639 = True
		_J1632 = True
		_J1626 = False
		_J1619 = True
		_J1613 = True
		_J1606 = True
		_J1600 = True
		_J1593 = True
		_J1587 = True
		_J1580 = True
		_J1574 = True
		_J1567 = True
		_J1561 = True
		_J1555 = True
		_J1549 = True
		_J1543 = True
		sm5_state = True
		_J1537 = True
		_EL_U_1290 = True
		_EL_U_1292 = False
		_EL_U_1294 = True
		sm15_state = True
		_EL_U_1296 = False
		_EL_U_1298 = True
		_EL_U_1300 = False
		_EL_U_1302 = True
		_EL_U_1304 = False
		_EL_U_1306 = True
		_EL_U_1308 = False
		_EL_U_1310 = True
		_EL_U_1312 = False
		_EL_U_1314 = True
		_EL_U_1316 = False
		_EL_U_1318 = True
		_EL_U_1320 = False
		sm4_state = True
		_EL_U_1322 = True
		_EL_U_1324 = False
		_EL_U_1326 = True
		_EL_U_1328 = False
		sm14_state = True
		_EL_U_1330 = True
		_EL_U_1332 = False
		_EL_U_1334 = True
		_EL_U_1336 = False
		_EL_U_1338 = True
		_EL_U_1340 = False
		_EL_U_1342 = True
		_EL_U_1344 = False
		_EL_U_1346 = True
		_EL_U_1348 = False
		_EL_U_1350 = True
		_EL_U_1352 = False
		_EL_U_1354 = True
		sm3_state = True
		_EL_U_1356 = False
		_EL_U_1358 = True
		_EL_U_1360 = False
		_EL_U_1362 = True
		sm13_state = True
		_EL_U_1364 = False
		_EL_U_1366 = True
		_EL_U_1368 = False
		_EL_U_1370 = True
		_EL_U_1372 = False
		sm2_state = True
		_EL_U_1395 = True
		_EL_U_1397 = False
		sm12_state = True
		sm1_state = True
		sm11_state = True
		sm0_state = True
	Trans 42 -- 43
		_x_sm19_l = (sm19_l + -1)
		_x_sm16_l = (sm16_l + -1)
		_x_sm0_l = (sm0_l + -1)
		_x_sm18_l = (sm18_l + -1)
		_x_sm7_l = (sm7_l + -1)
		_x_sm13_l = (sm13_l + -1)
		_x_sm4_l = (sm4_l + -1)
		_x_sm11_l = (sm11_l + -1)
		_x_sm20_l = (sm20_l + -1)
		_x_sm12_l = (sm12_l + -1)
		_x_sm1_l = (sm1_l + -1)
		_x_sm17_l = (sm17_l + -1)
		_x_sm14_l = (sm14_l + -1)
		_x_sm5_l = (sm5_l + -1)
		_x_sm8_l = (sm8_l + -1)
		_x_sm2_l = (sm2_l + -1)
		_x_sm15_l = (sm15_l + -1)
		_x_sm9_l = (sm9_l + -1)
		_x_sm10_l = (sm10_l + -1)
		_x_sm6_l = (sm6_l + -1)
		_x_sm3_l = (sm3_l + -1)
	starting from: sm20_state : True, run : -1, sm10_state : True, sm0_l : -21, sm0_loop_len : 1, semaphore : 0, sm10_l : -21, sm10_loop_len : 1, sm20_l : -21, sm20_loop_len : 1, sm9_state : True, sm19_state : True, sm9_l : -21, sm9_loop_len : 1, sm19_l : -21, sm19_loop_len : 1, sm8_state : True, sm18_state : True, sm8_l : -21, sm8_loop_len : 1, sm18_l : -21, sm18_loop_len : 1, sm7_state : True, sm17_state : True, _J1814 : True, _J1808 : True, _J1801 : True, sm7_l : -21, sm7_loop_len : 1, _J1795 : True, _J1788 : True, _J1782 : True, _J1775 : True, _J1769 : True, _J1762 : True, sm17_l : -21, sm17_loop_len : 1, _J1756 : True, _J1749 : True, _J1743 : True, _J1736 : True, _J1730 : True, _J1723 : True, _J1717 : True, _J1710 : True, _J1704 : True, sm6_state : True, _J1697 : True, _J1691 : True, _J1684 : True, _J1678 : True, _J1671 : True, _J1665 : True, sm16_state : True, _J1658 : True, _J1652 : True, _J1645 : True, _J1639 : True, sm6_l : -21, sm6_loop_len : 1, _J1632 : True, _J1626 : True, _J1619 : True, _J1613 : True, _J1606 : True, _J1600 : True, sm16_l : -21, sm16_loop_len : 1, _J1593 : True, _J1587 : True, _J1580 : True, _J1574 : True, _J1567 : True, _J1561 : True, _J1555 : True, _J1549 : True, _J1543 : True, sm5_state : True, _J1537 : True, _EL_U_1290 : True, _EL_U_1292 : False, _EL_U_1294 : True, sm15_state : True, _EL_U_1296 : False, _EL_U_1298 : True, _EL_U_1300 : False, sm5_l : -21, sm5_loop_len : 1, _EL_U_1302 : True, _EL_U_1304 : False, _EL_U_1306 : True, _EL_U_1308 : False, sm15_l : -21, sm15_loop_len : 1, _EL_U_1310 : True, _EL_U_1312 : False, _EL_U_1314 : True, _EL_U_1316 : False, _EL_U_1318 : True, _EL_U_1320 : False, sm4_state : True, _EL_U_1322 : True, _EL_U_1324 : False, _EL_U_1326 : True, _EL_U_1328 : False, sm14_state : True, _EL_U_1330 : True, _EL_U_1332 : False, _EL_U_1334 : True, sm4_l : -21, sm4_loop_len : 1, _EL_U_1336 : False, _EL_U_1338 : True, _EL_U_1340 : False, _EL_U_1342 : True, sm14_l : -21, sm14_loop_len : 1, _EL_U_1344 : False, _EL_U_1346 : True, _EL_U_1348 : False, _EL_U_1350 : True, _EL_U_1352 : False, _EL_U_1354 : True, sm3_state : True, _EL_U_1356 : False, _EL_U_1358 : True, _EL_U_1360 : False, _EL_U_1362 : True, sm13_state : True, _EL_U_1364 : False, _EL_U_1366 : True, _EL_U_1368 : False, sm3_l : -21, sm3_loop_len : 1, _EL_U_1370 : True, _EL_U_1372 : False, sm13_l : -21, sm13_loop_len : 1, sm2_state : True, _EL_U_1395 : True, _EL_U_1397 : False, sm12_state : True, sm2_l : -21, sm2_loop_len : 1, sm12_l : -21, sm12_loop_len : 1, sm1_state : True, sm11_state : True, sm1_l : -21, sm1_loop_len : 1, sm11_l : -21, sm11_loop_len : 1, sm0_state : True

end of `semaphore_0021`: SUCCESS in 1432.2585818767548s
