F3 run `semaphore_0008`

	Found non-termination argument:
	State 8
		_EL_U_518 = True
		sm7_state = True
		sm0_loop_len = 1
		_EL_U_520 = False
		_EL_U_522 = True
		sm2_state = True
		sm5_loop_len = 1
		_EL_U_524 = False
		_EL_U_526 = True
		semaphore = 0
		_EL_U_528 = False
		_EL_U_530 = True
		_EL_U_532 = False
		_EL_U_534 = True
		_EL_U_536 = False
		_EL_U_538 = True
		sm2_loop_len = 1
		_EL_U_540 = False
		sm7_loop_len = 1
		sm4_state = True
		_EL_U_550 = True
		_EL_U_552 = False
		sm1_state = True
		sm4_loop_len = 1
		sm6_state = True
		sm1_loop_len = 1
		_J722 = True
		_J716 = True
		_J709 = True
		_J703 = True
		sm3_state = True
		sm6_loop_len = 1
		_J696 = True
		_J690 = True
		_J683 = True
		_J677 = True
		_J670 = True
		_J664 = True
		_J657 = True
		_J651 = True
		_J644 = True
		_J638 = True
		sm0_state = True
		sm3_loop_len = 1
		_J632 = True
		_J626 = True
		_J620 = True
		_J614 = True
		sm5_state = True
		_EL_U_510 = True
		_EL_U_512 = False
		_EL_U_514 = True
		_EL_U_516 = False
		(sm1_l < 10)
		(sm5_l < 18)
		(sm2_l < 10)
		(sm6_l < 18)
		(sm4_l < 18)
		(sm3_l < 18)
		(sm1_l < 18)
		(sm2_l < 18)
		(sm0_l < 18)
		(sm4_l < 9)
		(sm7_l < 18)
		(sm3_l < 9)
		(sm1_l < 19)
		(sm1_l < 9)
		(sm2_l < 19)
		(sm2_l < 9)
		(run < 0)
		(sm0_l < 19)
		(sm0_l < 9)
		(sm7_l < 19)
		(sm7_l < 9)
		(sm5_l < 19)
		(sm5_l < 9)
		(sm6_l < 19)
		(sm6_l < 9)
		(sm4_l < 19)
		(sm5_l < 10)
		(sm4_l < 10)
		(sm3_l < 19)
		(sm2_l < 0)
		(sm5_l < 0)
		(sm0_l < 0)
		(sm3_l < 0)
		(sm7_l < 0)
		(sm1_l < 0)
		(sm1_l < 1)
		(sm3_l < 10)
		(sm6_l < 0)
		(sm2_l < 1)
		(sm0_l < 1)
		(sm7_l < 1)
		(sm5_l < 1)
		(sm6_l < 1)
		(sm4_l < 1)
		(sm3_l < 1)
		(sm4_l < 0)
		(sm0_l < 10)
		(sm7_l < 10)
		(sm6_l < 10)
	Trans 8 -- 9
		_x_sm4_l = (sm4_l + -1)
		_x_sm0_l = (sm0_l + -1)
		_x_sm5_l = (sm5_l + -1)
		_x_sm1_l = (sm1_l + -1)
		_x_sm2_l = (sm2_l + -1)
		_x_sm6_l = (sm6_l + -1)
		_x_sm3_l = (sm3_l + -1)
		_x_sm7_l = (sm7_l + -1)
		_x_run = 2
	State 9
		_EL_U_518 = True
		sm7_state = True
		sm0_loop_len = 1
		_EL_U_520 = False
		_EL_U_522 = True
		sm2_state = True
		sm5_loop_len = 1
		_EL_U_524 = False
		_EL_U_526 = True
		semaphore = 0
		_EL_U_528 = False
		_EL_U_530 = True
		_EL_U_532 = False
		_EL_U_534 = True
		_EL_U_536 = False
		_EL_U_538 = True
		sm2_loop_len = 1
		_EL_U_540 = False
		sm7_loop_len = 1
		sm4_state = True
		_EL_U_550 = True
		_EL_U_552 = False
		sm1_state = True
		sm4_loop_len = 1
		sm6_state = True
		sm1_loop_len = 1
		_J722 = False
		_J716 = False
		_J709 = False
		_J703 = False
		sm3_state = True
		sm6_loop_len = 1
		_J696 = False
		_J690 = False
		_J683 = False
		_J677 = False
		_J670 = False
		_J664 = False
		_J657 = False
		_J651 = False
		_J644 = False
		_J638 = False
		sm0_state = True
		sm3_loop_len = 1
		_J632 = False
		_J626 = False
		_J620 = False
		_J614 = False
		sm5_state = True
		_EL_U_510 = True
		_EL_U_512 = False
		_EL_U_514 = True
		_EL_U_516 = False
	Trans 9 -- 10
		_x_sm4_l = (sm4_l + -1)
		_x_sm0_l = (sm0_l + -1)
		_x_sm5_l = (sm5_l + -1)
		_x_sm1_l = (sm1_l + -1)
		_x_sm2_l = (sm2_l + -1)
		_x_sm6_l = (sm6_l + -1)
		_x_sm3_l = (sm3_l + -1)
		_x_sm7_l = (sm7_l + -1)
		_x_run = 1
	State 10
		_EL_U_518 = True
		sm7_state = True
		sm0_loop_len = 1
		_EL_U_520 = False
		_EL_U_522 = True
		sm2_state = True
		sm5_loop_len = 1
		_EL_U_524 = False
		_EL_U_526 = True
		semaphore = 0
		_EL_U_528 = False
		_EL_U_530 = True
		_EL_U_532 = False
		_EL_U_534 = True
		_EL_U_536 = False
		_EL_U_538 = True
		sm2_loop_len = 1
		_EL_U_540 = False
		sm7_loop_len = 1
		sm4_state = True
		_EL_U_550 = True
		_EL_U_552 = False
		sm1_state = True
		sm4_loop_len = 1
		sm6_state = True
		sm1_loop_len = 1
		_J722 = True
		_J716 = False
		_J709 = True
		_J703 = False
		sm3_state = True
		sm6_loop_len = 1
		_J696 = True
		_J690 = False
		_J683 = True
		_J677 = False
		_J670 = True
		_J664 = False
		_J657 = True
		_J651 = True
		_J644 = True
		_J638 = False
		sm0_state = True
		sm3_loop_len = 1
		_J632 = True
		_J626 = False
		_J620 = True
		_J614 = True
		sm5_state = True
		_EL_U_510 = True
		_EL_U_512 = False
		_EL_U_514 = True
		_EL_U_516 = False
		((-1 * run) < 0)
		(run < 2)
	Trans 10 -- 11
		_x_sm4_l = (sm4_l + -1)
		_x_sm0_l = (sm0_l + -1)
		_x_sm5_l = (sm5_l + -1)
		_x_sm1_l = (sm1_l + -1)
		_x_sm2_l = (sm2_l + -1)
		_x_run = 3
		_x_sm6_l = (sm6_l + -1)
		_x_sm3_l = (sm3_l + -1)
		_x_sm7_l = (sm7_l + -1)
	State 11
		_EL_U_518 = True
		sm7_state = True
		sm0_loop_len = 1
		_EL_U_520 = False
		_EL_U_522 = True
		sm2_state = True
		sm5_loop_len = 1
		_EL_U_524 = False
		_EL_U_526 = True
		semaphore = 0
		_EL_U_528 = False
		_EL_U_530 = True
		_EL_U_532 = False
		_EL_U_534 = True
		_EL_U_536 = False
		_EL_U_538 = True
		sm2_loop_len = 1
		_EL_U_540 = False
		sm7_loop_len = 1
		sm4_state = True
		_EL_U_550 = True
		_EL_U_552 = False
		sm1_state = True
		sm4_loop_len = 1
		sm6_state = True
		sm1_loop_len = 1
		_J722 = True
		_J716 = False
		_J709 = True
		_J703 = False
		sm3_state = True
		sm6_loop_len = 1
		_J696 = True
		_J690 = False
		_J683 = True
		_J677 = False
		_J670 = True
		_J664 = False
		_J657 = True
		_J651 = True
		_J644 = True
		_J638 = True
		sm0_state = True
		sm3_loop_len = 1
		_J632 = True
		_J626 = False
		_J620 = True
		_J614 = True
		sm5_state = True
		_EL_U_510 = True
		_EL_U_512 = False
		_EL_U_514 = True
		_EL_U_516 = False
	Trans 11 -- 12
		_x_sm4_l = (sm4_l + -1)
		_x_sm0_l = (sm0_l + -1)
		_x_run = 4
		_x_sm5_l = (sm5_l + -1)
		_x_sm1_l = (sm1_l + -1)
		_x_sm2_l = (sm2_l + -1)
		_x_sm6_l = (sm6_l + -1)
		_x_sm3_l = (sm3_l + -1)
		_x_sm7_l = (sm7_l + -1)
	State 12
		_EL_U_518 = True
		sm7_state = True
		sm0_loop_len = 1
		_EL_U_520 = False
		_EL_U_522 = True
		sm2_state = True
		sm5_loop_len = 1
		_EL_U_524 = False
		_EL_U_526 = True
		semaphore = 0
		_EL_U_528 = False
		_EL_U_530 = True
		_EL_U_532 = False
		_EL_U_534 = True
		_EL_U_536 = False
		_EL_U_538 = True
		sm2_loop_len = 1
		_EL_U_540 = False
		sm7_loop_len = 1
		sm4_state = True
		_EL_U_550 = True
		_EL_U_552 = False
		sm1_state = True
		sm4_loop_len = 1
		sm6_state = True
		sm1_loop_len = 1
		_J722 = True
		_J716 = False
		_J709 = True
		_J703 = False
		sm3_state = True
		sm6_loop_len = 1
		_J696 = True
		_J690 = False
		_J683 = True
		_J677 = False
		_J670 = True
		_J664 = True
		_J657 = True
		_J651 = True
		_J644 = True
		_J638 = True
		sm0_state = True
		sm3_loop_len = 1
		_J632 = True
		_J626 = False
		_J620 = True
		_J614 = True
		sm5_state = True
		_EL_U_510 = True
		_EL_U_512 = False
		_EL_U_514 = True
		_EL_U_516 = False
	Trans 12 -- 13
		_x_sm4_l = (sm4_l + -1)
		_x_sm0_l = (sm0_l + -1)
		_x_sm5_l = (sm5_l + -1)
		_x_sm1_l = (sm1_l + -1)
		_x_sm2_l = (sm2_l + -1)
		_x_sm6_l = (sm6_l + -1)
		_x_sm3_l = (sm3_l + -1)
		_x_sm7_l = (sm7_l + -1)
		_x_run = (run + 1)
	State 13
		_EL_U_518 = True
		sm7_state = True
		sm0_loop_len = 1
		_EL_U_520 = False
		_EL_U_522 = True
		sm2_state = True
		sm5_loop_len = 1
		_EL_U_524 = False
		_EL_U_526 = True
		semaphore = 0
		_EL_U_528 = False
		_EL_U_530 = True
		_EL_U_532 = False
		_EL_U_534 = True
		_EL_U_536 = False
		_EL_U_538 = True
		sm2_loop_len = 1
		_EL_U_540 = False
		sm7_loop_len = 1
		sm4_state = True
		_EL_U_550 = True
		_EL_U_552 = False
		sm1_state = True
		sm4_loop_len = 1
		sm6_state = True
		sm1_loop_len = 1
		_J722 = True
		_J716 = False
		_J709 = True
		_J703 = False
		sm3_state = True
		sm6_loop_len = 1
		_J696 = True
		_J690 = False
		_J683 = True
		_J677 = True
		_J670 = True
		_J664 = True
		_J657 = True
		_J651 = True
		_J644 = True
		_J638 = True
		sm0_state = True
		sm3_loop_len = 1
		_J632 = True
		_J626 = False
		_J620 = True
		_J614 = True
		sm5_state = True
		_EL_U_510 = True
		_EL_U_512 = False
		_EL_U_514 = True
		_EL_U_516 = False
		((-1 * run) < -4)
		(run < 6)
	Trans 13 -- 14
		_x_sm4_l = (sm4_l + -1)
		_x_sm0_l = (sm0_l + -1)
		_x_sm5_l = (sm5_l + -1)
		_x_sm1_l = (sm1_l + -1)
		_x_sm2_l = (sm2_l + -1)
		_x_sm6_l = (sm6_l + -1)
		_x_sm3_l = (sm3_l + -1)
		_x_sm7_l = (sm7_l + -1)
		_x_run = (run + 1)
	State 14
		_EL_U_518 = True
		sm7_state = True
		sm0_loop_len = 1
		_EL_U_520 = False
		_EL_U_522 = True
		sm2_state = True
		sm5_loop_len = 1
		_EL_U_524 = False
		_EL_U_526 = True
		semaphore = 0
		_EL_U_528 = False
		_EL_U_530 = True
		_EL_U_532 = False
		_EL_U_534 = True
		_EL_U_536 = False
		_EL_U_538 = True
		sm2_loop_len = 1
		_EL_U_540 = False
		sm7_loop_len = 1
		sm4_state = True
		_EL_U_550 = True
		_EL_U_552 = False
		sm1_state = True
		sm4_loop_len = 1
		sm6_state = True
		sm1_loop_len = 1
		_J722 = True
		_J716 = False
		_J709 = True
		_J703 = False
		sm3_state = True
		sm6_loop_len = 1
		_J696 = True
		_J690 = True
		_J683 = True
		_J677 = True
		_J670 = True
		_J664 = True
		_J657 = True
		_J651 = True
		_J644 = True
		_J638 = True
		sm0_state = True
		sm3_loop_len = 1
		_J632 = True
		_J626 = False
		_J620 = True
		_J614 = True
		sm5_state = True
		_EL_U_510 = True
		_EL_U_512 = False
		_EL_U_514 = True
		_EL_U_516 = False
		(run < 7)
		((-1 * run) < -5)
	Trans 14 -- 15
		_x_sm4_l = (sm4_l + -1)
		_x_sm0_l = (sm0_l + -1)
		_x_run = 7
		_x_sm1_l = (sm1_l + -1)
		_x_sm2_l = (sm2_l + -1)
		_x_sm6_l = (sm6_l + -1)
		_x_sm3_l = (sm3_l + -1)
		_x_sm7_l = (sm7_l + -1)
		_x_sm5_l = (sm5_l + -1)
	State 15
		_EL_U_518 = True
		sm7_state = True
		sm0_loop_len = 1
		_EL_U_520 = False
		_EL_U_522 = True
		sm2_state = True
		sm5_loop_len = 1
		_EL_U_524 = False
		_EL_U_526 = True
		semaphore = 0
		_EL_U_528 = False
		_EL_U_530 = True
		_EL_U_532 = False
		_EL_U_534 = True
		_EL_U_536 = False
		_EL_U_538 = True
		sm2_loop_len = 1
		_EL_U_540 = False
		sm7_loop_len = 1
		sm4_state = True
		_EL_U_550 = True
		_EL_U_552 = False
		sm1_state = True
		sm4_loop_len = 1
		sm6_state = True
		sm1_loop_len = 1
		_J722 = True
		_J716 = False
		_J709 = True
		_J703 = True
		sm3_state = True
		sm6_loop_len = 1
		_J696 = True
		_J690 = True
		_J683 = True
		_J677 = True
		_J670 = True
		_J664 = True
		_J657 = True
		_J651 = True
		_J644 = True
		_J638 = True
		sm0_state = True
		sm3_loop_len = 1
		_J632 = True
		_J626 = False
		_J620 = True
		_J614 = True
		sm5_state = True
		_EL_U_510 = True
		_EL_U_512 = False
		_EL_U_514 = True
		_EL_U_516 = False
	Trans 15 -- 16
		_x_sm4_l = (sm4_l + -1)
		_x_sm0_l = (sm0_l + -1)
		_x_sm5_l = (sm5_l + -1)
		_x_sm1_l = (sm1_l + -1)
		_x_sm2_l = (sm2_l + -1)
		_x_run = 0
		_x_sm6_l = (sm6_l + -1)
		_x_sm3_l = (sm3_l + -1)
		_x_sm7_l = (sm7_l + -1)
	State 16
		_EL_U_518 = True
		sm7_state = True
		sm0_loop_len = 1
		_EL_U_520 = False
		_EL_U_522 = True
		sm2_state = True
		sm5_loop_len = 1
		_EL_U_524 = False
		_EL_U_526 = True
		semaphore = 0
		_EL_U_528 = False
		_EL_U_530 = True
		_EL_U_532 = False
		_EL_U_534 = True
		_EL_U_536 = False
		_EL_U_538 = True
		sm2_loop_len = 1
		_EL_U_540 = False
		sm7_loop_len = 1
		sm4_state = True
		_EL_U_550 = True
		_EL_U_552 = False
		sm1_state = True
		sm4_loop_len = 1
		sm6_state = True
		sm1_loop_len = 1
		_J722 = True
		_J716 = True
		_J709 = True
		_J703 = True
		sm3_state = True
		sm6_loop_len = 1
		_J696 = True
		_J690 = True
		_J683 = True
		_J677 = True
		_J670 = True
		_J664 = True
		_J657 = True
		_J651 = True
		_J644 = True
		_J638 = True
		sm0_state = True
		sm3_loop_len = 1
		_J632 = True
		_J626 = False
		_J620 = True
		_J614 = True
		sm5_state = True
		_EL_U_510 = True
		_EL_U_512 = False
		_EL_U_514 = True
		_EL_U_516 = False
	Trans 16 -- 17
		_x_sm4_l = (sm4_l + -1)
		_x_sm0_l = (sm0_l + -1)
		_x_sm5_l = (sm5_l + -1)
		_x_sm1_l = (sm1_l + -1)
		_x_sm2_l = (sm2_l + -1)
		_x_sm6_l = (sm6_l + -1)
		_x_sm3_l = (sm3_l + -1)
		_x_sm7_l = (sm7_l + -1)
		_x_run = ((sm2_l * 2) + (sm0_l * 2) + (sm7_l * 2) + (run * 3) + (sm5_l * 2) + (sm3_l * 2) + (sm1_l * 2) + (sm6_l * 2) + (sm4_l * 2) + -2)
	starting from: _EL_U_518 : True, sm7_state : True, sm0_l : -8, sm0_loop_len : 1, run : -1, _EL_U_520 : False, _EL_U_522 : True, sm5_l : -8, sm2_state : True, sm5_loop_len : 1, _EL_U_524 : False, _EL_U_526 : True, semaphore : 0, _EL_U_528 : False, _EL_U_530 : True, _EL_U_532 : False, _EL_U_534 : True, _EL_U_536 : False, sm2_l : -8, sm2_loop_len : 1, _EL_U_538 : True, _EL_U_540 : False, sm7_l : -8, sm7_loop_len : 1, sm4_state : True, _EL_U_550 : True, _EL_U_552 : False, sm4_l : -8, sm1_state : True, sm4_loop_len : 1, sm6_state : True, sm1_l : -8, sm1_loop_len : 1, _J722 : True, _J716 : True, _J709 : True, sm6_l : -8, sm3_state : True, sm6_loop_len : 1, _J703 : True, _J696 : True, _J690 : True, _J683 : True, _J677 : True, _J670 : True, _J664 : True, _J657 : True, _J651 : True, _J644 : True, _J638 : True, sm0_state : True, sm3_l : -8, sm3_loop_len : 1, _J632 : True, _J626 : True, _J620 : True, _J614 : True, sm5_state : True, _EL_U_510 : True, _EL_U_512 : False, _EL_U_514 : True, _EL_U_516 : False

end of `semaphore_0008`: SUCCESS in 22.34715247154236s
