

run 1/1: `semaphore_0016`

	Found non-termination argument:
	Do states 17..27 while (((ToReal(sm0_l) + ToReal(sm3_l) + ToReal(sm12_l) + ToReal(sm15_l) + ToReal(sm14_l) + ToReal(sm6_l) + ToReal(sm13_l) + ToReal(sm7_l) + ToReal(sm11_l) + ToReal(sm8_l) + ToReal(sm10_l) + ToReal(sm5_l) + ToReal(sm1_l) + -95.0) - ((ToReal(sm9_l) * 31/2) + (ToReal(sm2_l) * 31/2) + (ToReal(sm4_l) * 31/2))) < 0.0)
	State 17
		_EL_U_1018 = True
		_EL_U_1020 = False
		sm15_state = True
		sm15_loop_len = 1
		sm14_state = True
		_EL_U_1022 = True
		sm14_loop_len = 1
		sm13_state = True
		sm13_loop_len = 1
		sm12_state = True
		_EL_U_1024 = False
		sm12_loop_len = 1
		sm11_state = True
		_EL_U_1026 = True
		sm11_loop_len = 1
		sm10_state = True
		_EL_U_1028 = False
		sm10_loop_len = 1
		sm9_state = True
		_EL_U_1030 = True
		sm0_loop_len = 1
		_EL_U_1032 = False
		_EL_U_1034 = True
		sm2_state = True
		sm3_loop_len = 1
		_EL_U_1036 = False
		sm1_loop_len = 1
		semaphore = 0
		sm2_loop_len = 1
		sm1_state = True
		sm0_state = True
		_EL_U_1038 = True
		_EL_U_1040 = False
		run = 7
		_EL_U_1042 = True
		sm3_state = True
		sm4_loop_len = 1
		sm6_loop_len = 1
		sm5_state = True
		_EL_U_1044 = False
		sm4_state = True
		sm5_loop_len = 1
		_EL_U_1046 = True
		sm6_state = True
		sm7_loop_len = 1
		sm9_loop_len = 1
		sm8_state = True
		sm7_state = True
		sm8_loop_len = 1
		_J1182 = True
		_J1188 = True
		_J1194 = True
		_J1200 = True
		_J1206 = True
		_J1212 = True
		_J1219 = True
		_J1225 = True
		_J1232 = True
		_J1238 = True
		_J1245 = True
		_J1251 = True
		_J1258 = True
		_J1264 = True
		_J1271 = True
		_J1277 = True
		_J1284 = True
		_J1290 = True
		_J1297 = True
		_J1303 = True
		_J1310 = True
		_J1316 = True
		_J1323 = True
		_J1329 = True
		_J1336 = True
		_J1342 = True
		_J1349 = True
		_J1355 = True
		_J1362 = True
		_J1368 = True
		_J1375 = True
		_J1381 = True
		_J1388 = True
		_J1394 = True
		_EL_U_1048 = False
		_EL_U_1050 = True
		_EL_U_1052 = False
		_EL_U_1070 = True
		_EL_U_1072 = False
		_EL_U_990 = True
		_EL_U_992 = False
		_EL_U_994 = True
		_EL_U_996 = False
		_EL_U_998 = True
		_EL_U_1000 = False
		_EL_U_1002 = True
		_EL_U_1004 = False
		_EL_U_1006 = True
		_EL_U_1008 = False
		_EL_U_1010 = True
		_EL_U_1012 = False
		_EL_U_1014 = True
		_EL_U_1016 = False
		(sm10_l < 0)
		(sm9_l < 0)
		(sm0_l < 0)
		(sm11_l < 1)
		(sm6_l < 1)
		(sm10_l < 1)
		(sm7_l < 1)
		(sm13_l < 1)
		(sm0_l < 1)
		(sm14_l < 1)
		(sm1_l < 1)
		(sm12_l < 1)
		(sm15_l < 1)
		(sm8_l < 1)
		(sm2_l < 1)
		(sm3_l < 1)
		(sm9_l < 1)
		(sm4_l < 1)
		(sm5_l < 1)
		(sm7_l < 0)
		(sm5_l < 0)
		(sm15_l < 0)
		(sm8_l < 0)
		(sm4_l < 0)
		(sm11_l < 0)
		(sm1_l < 0)
		(sm12_l < 0)
		(sm2_l < 0)
		(sm13_l < 0)
		(sm3_l < 0)
		(sm14_l < 0)
		(sm6_l < 0)
	Trans 17 -- 18
		_x_sm15_l : (sm15_l + -1)
		_x_sm14_l : (sm14_l + -1)
		_x_sm13_l : (sm13_l + -1)
		_x_sm11_l : (sm11_l + -1)
		_x_sm10_l : (sm10_l + -1)
		_x_sm9_l : (sm9_l + -1)
		_x_sm2_l : (sm2_l + -1)
		_x_sm4_l : (sm4_l + -1)
		_x_sm5_l : (sm5_l + -1)
		_x_sm1_l : (sm1_l + -1)
		_x_sm0_l : (sm0_l + -1)
		_x_sm3_l : (sm3_l + -1)
		_x_sm12_l : (sm12_l + -1)
		_x_sm6_l : (sm6_l + -1)
		_x_sm7_l : (sm7_l + -1)
		_x_sm8_l : (sm8_l + -1)
	State 18
		_EL_U_1018 = True
		_EL_U_1020 = False
		sm15_state = True
		sm15_loop_len = 1
		sm14_state = True
		_EL_U_1022 = True
		sm14_loop_len = 1
		sm13_state = True
		sm13_loop_len = 1
		sm12_state = True
		_EL_U_1024 = False
		sm12_loop_len = 1
		sm11_state = True
		_EL_U_1026 = True
		sm11_loop_len = 1
		sm10_state = True
		_EL_U_1028 = False
		sm10_loop_len = 1
		sm9_state = True
		_EL_U_1030 = True
		sm0_loop_len = 1
		_EL_U_1032 = False
		_EL_U_1034 = True
		sm2_state = True
		sm3_loop_len = 1
		_EL_U_1036 = False
		sm1_loop_len = 1
		semaphore = 0
		sm2_loop_len = 1
		sm1_state = True
		sm0_state = True
		_EL_U_1038 = True
		_EL_U_1040 = False
		run = 2
		_EL_U_1042 = True
		sm3_state = True
		sm4_loop_len = 1
		sm6_loop_len = 1
		sm5_state = True
		_EL_U_1044 = False
		sm4_state = True
		sm5_loop_len = 1
		_EL_U_1046 = True
		sm6_state = True
		sm7_loop_len = 1
		sm9_loop_len = 1
		sm8_state = True
		sm7_state = True
		sm8_loop_len = 1
		_J1182 = False
		_J1188 = False
		_J1194 = False
		_J1200 = False
		_J1206 = False
		_J1212 = False
		_J1219 = False
		_J1225 = False
		_J1232 = False
		_J1238 = False
		_J1245 = False
		_J1251 = False
		_J1258 = False
		_J1264 = False
		_J1271 = False
		_J1277 = False
		_J1284 = False
		_J1290 = False
		_J1297 = False
		_J1303 = False
		_J1310 = False
		_J1316 = False
		_J1323 = False
		_J1329 = False
		_J1336 = False
		_J1342 = False
		_J1349 = False
		_J1355 = False
		_J1362 = False
		_J1368 = False
		_J1375 = False
		_J1381 = False
		_J1388 = False
		_J1394 = False
		_EL_U_1048 = False
		_EL_U_1050 = True
		_EL_U_1052 = False
		_EL_U_1070 = True
		_EL_U_1072 = False
		_EL_U_990 = True
		_EL_U_992 = False
		_EL_U_994 = True
		_EL_U_996 = False
		_EL_U_998 = True
		_EL_U_1000 = False
		_EL_U_1002 = True
		_EL_U_1004 = False
		_EL_U_1006 = True
		_EL_U_1008 = False
		_EL_U_1010 = True
		_EL_U_1012 = False
		_EL_U_1014 = True
		_EL_U_1016 = False
	Trans 18 -- 19
		_x_sm15_l : (sm15_l + -1)
		_x_sm14_l : (sm14_l + -1)
		_x_sm13_l : (sm13_l + -1)
		_x_sm11_l : (sm11_l + -1)
		_x_sm10_l : (sm10_l + -1)
		_x_sm9_l : (sm9_l + -1)
		_x_sm2_l : (sm2_l + -1)
		_x_sm4_l : (sm4_l + -1)
		_x_sm5_l : (sm5_l + -1)
		_x_sm1_l : (sm1_l + -1)
		_x_sm0_l : (sm0_l + -1)
		_x_sm3_l : (sm3_l + -1)
		_x_sm12_l : (sm12_l + -1)
		_x_sm6_l : (sm6_l + -1)
		_x_sm7_l : (sm7_l + -1)
		_x_sm8_l : (sm8_l + -1)
	State 19
		_EL_U_1018 = True
		_EL_U_1020 = False
		sm15_state = True
		sm15_loop_len = 1
		sm14_state = True
		_EL_U_1022 = True
		sm14_loop_len = 1
		sm13_state = True
		sm13_loop_len = 1
		sm12_state = True
		_EL_U_1024 = False
		sm12_loop_len = 1
		sm11_state = True
		_EL_U_1026 = True
		sm11_loop_len = 1
		sm10_state = True
		_EL_U_1028 = False
		sm10_loop_len = 1
		sm9_state = True
		_EL_U_1030 = True
		sm0_loop_len = 1
		_EL_U_1032 = False
		_EL_U_1034 = True
		sm2_state = True
		sm3_loop_len = 1
		_EL_U_1036 = False
		sm1_loop_len = 1
		semaphore = 0
		sm2_loop_len = 1
		sm1_state = True
		sm0_state = True
		_EL_U_1038 = True
		_EL_U_1040 = False
		run = 14
		_EL_U_1042 = True
		sm3_state = True
		sm4_loop_len = 1
		sm6_loop_len = 1
		sm5_state = True
		_EL_U_1044 = False
		sm4_state = True
		sm5_loop_len = 1
		_EL_U_1046 = True
		sm6_state = True
		sm7_loop_len = 1
		sm9_loop_len = 1
		sm8_state = True
		sm7_state = True
		sm8_loop_len = 1
		_J1182 = True
		_J1188 = True
		_J1194 = False
		_J1200 = True
		_J1206 = False
		_J1212 = True
		_J1219 = True
		_J1225 = True
		_J1232 = False
		_J1238 = True
		_J1245 = False
		_J1251 = True
		_J1258 = False
		_J1264 = True
		_J1271 = False
		_J1277 = True
		_J1284 = False
		_J1290 = True
		_J1297 = False
		_J1303 = True
		_J1310 = False
		_J1316 = True
		_J1323 = False
		_J1329 = True
		_J1336 = False
		_J1342 = True
		_J1349 = False
		_J1355 = True
		_J1362 = False
		_J1368 = True
		_J1375 = False
		_J1381 = True
		_J1388 = False
		_J1394 = True
		_EL_U_1048 = False
		_EL_U_1050 = True
		_EL_U_1052 = False
		_EL_U_1070 = True
		_EL_U_1072 = False
		_EL_U_990 = True
		_EL_U_992 = False
		_EL_U_994 = True
		_EL_U_996 = False
		_EL_U_998 = True
		_EL_U_1000 = False
		_EL_U_1002 = True
		_EL_U_1004 = False
		_EL_U_1006 = True
		_EL_U_1008 = False
		_EL_U_1010 = True
		_EL_U_1012 = False
		_EL_U_1014 = True
		_EL_U_1016 = False
	Trans 19 -- 20
		_x_sm15_l : (sm15_l + -1)
		_x_sm14_l : (sm14_l + -1)
		_x_sm13_l : (sm13_l + -1)
		_x_sm11_l : (sm11_l + -1)
		_x_sm10_l : (sm10_l + -1)
		_x_sm9_l : (sm9_l + -1)
		_x_sm2_l : (sm2_l + -1)
		_x_sm4_l : (sm4_l + -1)
		_x_sm5_l : (sm5_l + -1)
		_x_sm1_l : (sm1_l + -1)
		_x_sm0_l : (sm0_l + -1)
		_x_sm3_l : (sm3_l + -1)
		_x_sm12_l : (sm12_l + -1)
		_x_sm6_l : (sm6_l + -1)
		_x_sm7_l : (sm7_l + -1)
		_x_sm8_l : (sm8_l + -1)
	State 20
		_EL_U_1018 = True
		_EL_U_1020 = False
		sm15_state = True
		sm15_loop_len = 1
		sm14_state = True
		_EL_U_1022 = True
		sm14_loop_len = 1
		sm13_state = True
		sm13_loop_len = 1
		sm12_state = True
		_EL_U_1024 = False
		sm12_loop_len = 1
		sm11_state = True
		_EL_U_1026 = True
		sm11_loop_len = 1
		sm10_state = True
		_EL_U_1028 = False
		sm10_loop_len = 1
		sm9_state = True
		_EL_U_1030 = True
		sm0_loop_len = 1
		_EL_U_1032 = False
		_EL_U_1034 = True
		sm2_state = True
		sm3_loop_len = 1
		_EL_U_1036 = False
		sm1_loop_len = 1
		semaphore = 0
		sm2_loop_len = 1
		sm1_state = True
		sm0_state = True
		_EL_U_1038 = True
		_EL_U_1040 = False
		run = 13
		_EL_U_1042 = True
		sm3_state = True
		sm4_loop_len = 1
		sm6_loop_len = 1
		sm5_state = True
		_EL_U_1044 = False
		sm4_state = True
		sm5_loop_len = 1
		_EL_U_1046 = True
		sm6_state = True
		sm7_loop_len = 1
		sm9_loop_len = 1
		sm8_state = True
		sm7_state = True
		sm8_loop_len = 1
		_J1182 = True
		_J1188 = True
		_J1194 = False
		_J1200 = True
		_J1206 = False
		_J1212 = True
		_J1219 = True
		_J1225 = True
		_J1232 = False
		_J1238 = True
		_J1245 = False
		_J1251 = True
		_J1258 = False
		_J1264 = True
		_J1271 = False
		_J1277 = True
		_J1284 = False
		_J1290 = True
		_J1297 = False
		_J1303 = True
		_J1310 = False
		_J1316 = True
		_J1323 = False
		_J1329 = True
		_J1336 = False
		_J1342 = True
		_J1349 = False
		_J1355 = True
		_J1362 = False
		_J1368 = True
		_J1375 = True
		_J1381 = True
		_J1388 = False
		_J1394 = True
		_EL_U_1048 = False
		_EL_U_1050 = True
		_EL_U_1052 = False
		_EL_U_1070 = True
		_EL_U_1072 = False
		_EL_U_990 = True
		_EL_U_992 = False
		_EL_U_994 = True
		_EL_U_996 = False
		_EL_U_998 = True
		_EL_U_1000 = False
		_EL_U_1002 = True
		_EL_U_1004 = False
		_EL_U_1006 = True
		_EL_U_1008 = False
		_EL_U_1010 = True
		_EL_U_1012 = False
		_EL_U_1014 = True
		_EL_U_1016 = False
	Trans 20 -- 21
		_x_sm15_l : (sm15_l + -1)
		_x_sm14_l : (sm14_l + -1)
		_x_sm13_l : (sm13_l + -1)
		_x_sm11_l : (sm11_l + -1)
		_x_sm10_l : (sm10_l + -1)
		_x_sm9_l : (sm9_l + -1)
		_x_sm2_l : (sm2_l + -1)
		_x_sm4_l : (sm4_l + -1)
		_x_sm5_l : (sm5_l + -1)
		_x_sm1_l : (sm1_l + -1)
		_x_sm0_l : (sm0_l + -1)
		_x_sm3_l : (sm3_l + -1)
		_x_sm12_l : (sm12_l + -1)
		_x_sm6_l : (sm6_l + -1)
		_x_sm7_l : (sm7_l + -1)
		_x_sm8_l : (sm8_l + -1)
	State 21
		_EL_U_1018 = True
		_EL_U_1020 = False
		sm15_state = True
		sm15_loop_len = 1
		sm14_state = True
		_EL_U_1022 = True
		sm14_loop_len = 1
		sm13_state = True
		sm13_loop_len = 1
		sm12_state = True
		_EL_U_1024 = False
		sm12_loop_len = 1
		sm11_state = True
		_EL_U_1026 = True
		sm11_loop_len = 1
		sm10_state = True
		_EL_U_1028 = False
		sm10_loop_len = 1
		sm9_state = True
		_EL_U_1030 = True
		sm0_loop_len = 1
		_EL_U_1032 = False
		_EL_U_1034 = True
		sm2_state = True
		sm3_loop_len = 1
		_EL_U_1036 = False
		sm1_loop_len = 1
		semaphore = 0
		sm2_loop_len = 1
		sm1_state = True
		sm0_state = True
		_EL_U_1038 = True
		_EL_U_1040 = False
		run = 12
		_EL_U_1042 = True
		sm3_state = True
		sm4_loop_len = 1
		sm6_loop_len = 1
		sm5_state = True
		_EL_U_1044 = False
		sm4_state = True
		sm5_loop_len = 1
		_EL_U_1046 = True
		sm6_state = True
		sm7_loop_len = 1
		sm9_loop_len = 1
		sm8_state = True
		sm7_state = True
		sm8_loop_len = 1
		_J1182 = True
		_J1188 = True
		_J1194 = False
		_J1200 = True
		_J1206 = False
		_J1212 = True
		_J1219 = True
		_J1225 = True
		_J1232 = False
		_J1238 = True
		_J1245 = False
		_J1251 = True
		_J1258 = False
		_J1264 = True
		_J1271 = False
		_J1277 = True
		_J1284 = False
		_J1290 = True
		_J1297 = False
		_J1303 = True
		_J1310 = False
		_J1316 = True
		_J1323 = False
		_J1329 = True
		_J1336 = False
		_J1342 = True
		_J1349 = False
		_J1355 = True
		_J1362 = True
		_J1368 = True
		_J1375 = True
		_J1381 = True
		_J1388 = False
		_J1394 = True
		_EL_U_1048 = False
		_EL_U_1050 = True
		_EL_U_1052 = False
		_EL_U_1070 = True
		_EL_U_1072 = False
		_EL_U_990 = True
		_EL_U_992 = False
		_EL_U_994 = True
		_EL_U_996 = False
		_EL_U_998 = True
		_EL_U_1000 = False
		_EL_U_1002 = True
		_EL_U_1004 = False
		_EL_U_1006 = True
		_EL_U_1008 = False
		_EL_U_1010 = True
		_EL_U_1012 = False
		_EL_U_1014 = True
		_EL_U_1016 = False
	Trans 21 -- 22
		_x_sm15_l : (sm15_l + -1)
		_x_sm14_l : (sm14_l + -1)
		_x_sm13_l : (sm13_l + -1)
		_x_sm11_l : (sm11_l + -1)
		_x_sm10_l : (sm10_l + -1)
		_x_sm9_l : (sm9_l + -1)
		_x_sm2_l : (sm2_l + -1)
		_x_sm4_l : (sm4_l + -1)
		_x_sm5_l : (sm5_l + -1)
		_x_sm1_l : (sm1_l + -1)
		_x_sm0_l : (sm0_l + -1)
		_x_sm3_l : (sm3_l + -1)
		_x_sm12_l : (sm12_l + -1)
		_x_sm6_l : (sm6_l + -1)
		_x_sm7_l : (sm7_l + -1)
		_x_sm8_l : (sm8_l + -1)
	State 22
		_EL_U_1018 = True
		_EL_U_1020 = False
		sm15_state = True
		sm15_loop_len = 1
		sm14_state = True
		_EL_U_1022 = True
		sm14_loop_len = 1
		sm13_state = True
		sm13_loop_len = 1
		sm12_state = True
		_EL_U_1024 = False
		sm12_loop_len = 1
		sm11_state = True
		_EL_U_1026 = True
		sm11_loop_len = 1
		sm10_state = True
		_EL_U_1028 = False
		sm10_loop_len = 1
		sm9_state = True
		_EL_U_1030 = True
		sm0_loop_len = 1
		_EL_U_1032 = False
		_EL_U_1034 = True
		sm2_state = True
		sm3_loop_len = 1
		_EL_U_1036 = False
		sm1_loop_len = 1
		semaphore = 0
		sm2_loop_len = 1
		sm1_state = True
		sm0_state = True
		_EL_U_1038 = True
		_EL_U_1040 = False
		run = 9
		_EL_U_1042 = True
		sm3_state = True
		sm4_loop_len = 1
		sm6_loop_len = 1
		sm5_state = True
		_EL_U_1044 = False
		sm4_state = True
		sm5_loop_len = 1
		_EL_U_1046 = True
		sm6_state = True
		sm7_loop_len = 1
		sm9_loop_len = 1
		sm8_state = True
		sm7_state = True
		sm8_loop_len = 1
		_J1182 = True
		_J1188 = True
		_J1194 = False
		_J1200 = True
		_J1206 = False
		_J1212 = True
		_J1219 = True
		_J1225 = True
		_J1232 = False
		_J1238 = True
		_J1245 = False
		_J1251 = True
		_J1258 = False
		_J1264 = True
		_J1271 = False
		_J1277 = True
		_J1284 = False
		_J1290 = True
		_J1297 = False
		_J1303 = True
		_J1310 = False
		_J1316 = True
		_J1323 = False
		_J1329 = True
		_J1336 = False
		_J1342 = True
		_J1349 = True
		_J1355 = True
		_J1362 = True
		_J1368 = True
		_J1375 = True
		_J1381 = True
		_J1388 = False
		_J1394 = True
		_EL_U_1048 = False
		_EL_U_1050 = True
		_EL_U_1052 = False
		_EL_U_1070 = True
		_EL_U_1072 = False
		_EL_U_990 = True
		_EL_U_992 = False
		_EL_U_994 = True
		_EL_U_996 = False
		_EL_U_998 = True
		_EL_U_1000 = False
		_EL_U_1002 = True
		_EL_U_1004 = False
		_EL_U_1006 = True
		_EL_U_1008 = False
		_EL_U_1010 = True
		_EL_U_1012 = False
		_EL_U_1014 = True
		_EL_U_1016 = False
	Trans 22 -- 23
		_x_sm15_l : (sm15_l + -1)
		_x_sm14_l : (sm14_l + -1)
		_x_sm13_l : (sm13_l + -1)
		_x_sm11_l : (sm11_l + -1)
		_x_sm10_l : (sm10_l + -1)
		_x_sm9_l : (sm9_l + -1)
		_x_sm2_l : (sm2_l + -1)
		_x_sm4_l : (sm4_l + -1)
		_x_sm5_l : (sm5_l + -1)
		_x_sm1_l : (sm1_l + -1)
		_x_sm0_l : (sm0_l + -1)
		_x_sm3_l : (sm3_l + -1)
		_x_sm12_l : (sm12_l + -1)
		_x_sm6_l : (sm6_l + -1)
		_x_sm7_l : (sm7_l + -1)
		_x_sm8_l : (sm8_l + -1)
	State 23
		_EL_U_1018 = True
		_EL_U_1020 = False
		sm15_state = True
		sm15_loop_len = 1
		sm14_state = True
		_EL_U_1022 = True
		sm14_loop_len = 1
		sm13_state = True
		sm13_loop_len = 1
		sm12_state = True
		_EL_U_1024 = False
		sm12_loop_len = 1
		sm11_state = True
		_EL_U_1026 = True
		sm11_loop_len = 1
		sm10_state = True
		_EL_U_1028 = False
		sm10_loop_len = 1
		sm9_state = True
		_EL_U_1030 = True
		sm0_loop_len = 1
		_EL_U_1032 = False
		_EL_U_1034 = True
		sm2_state = True
		sm3_loop_len = 1
		_EL_U_1036 = False
		sm1_loop_len = 1
		semaphore = 0
		sm2_loop_len = 1
		sm1_state = True
		sm0_state = True
		_EL_U_1038 = True
		_EL_U_1040 = False
		run = 6
		_EL_U_1042 = True
		sm3_state = True
		sm4_loop_len = 1
		sm6_loop_len = 1
		sm5_state = True
		_EL_U_1044 = False
		sm4_state = True
		sm5_loop_len = 1
		_EL_U_1046 = True
		sm6_state = True
		sm7_loop_len = 1
		sm9_loop_len = 1
		sm8_state = True
		sm7_state = True
		sm8_loop_len = 1
		_J1182 = True
		_J1188 = True
		_J1194 = False
		_J1200 = True
		_J1206 = False
		_J1212 = True
		_J1219 = True
		_J1225 = True
		_J1232 = False
		_J1238 = True
		_J1245 = False
		_J1251 = True
		_J1258 = False
		_J1264 = True
		_J1271 = False
		_J1277 = True
		_J1284 = False
		_J1290 = True
		_J1297 = False
		_J1303 = True
		_J1310 = True
		_J1316 = True
		_J1323 = False
		_J1329 = True
		_J1336 = False
		_J1342 = True
		_J1349 = True
		_J1355 = True
		_J1362 = True
		_J1368 = True
		_J1375 = True
		_J1381 = True
		_J1388 = False
		_J1394 = True
		_EL_U_1048 = False
		_EL_U_1050 = True
		_EL_U_1052 = False
		_EL_U_1070 = True
		_EL_U_1072 = False
		_EL_U_990 = True
		_EL_U_992 = False
		_EL_U_994 = True
		_EL_U_996 = False
		_EL_U_998 = True
		_EL_U_1000 = False
		_EL_U_1002 = True
		_EL_U_1004 = False
		_EL_U_1006 = True
		_EL_U_1008 = False
		_EL_U_1010 = True
		_EL_U_1012 = False
		_EL_U_1014 = True
		_EL_U_1016 = False
	Trans 23 -- 24
		_x_sm15_l : (sm15_l + -1)
		_x_sm14_l : (sm14_l + -1)
		_x_sm13_l : (sm13_l + -1)
		_x_sm11_l : (sm11_l + -1)
		_x_sm10_l : (sm10_l + -1)
		_x_sm9_l : (sm9_l + -1)
		_x_sm2_l : (sm2_l + -1)
		_x_sm4_l : (sm4_l + -1)
		_x_sm5_l : (sm5_l + -1)
		_x_sm1_l : (sm1_l + -1)
		_x_sm0_l : (sm0_l + -1)
		_x_sm3_l : (sm3_l + -1)
		_x_sm12_l : (sm12_l + -1)
		_x_sm6_l : (sm6_l + -1)
		_x_sm7_l : (sm7_l + -1)
		_x_sm8_l : (sm8_l + -1)
	State 24
		_EL_U_1018 = True
		_EL_U_1020 = False
		sm15_state = True
		sm15_loop_len = 1
		sm14_state = True
		_EL_U_1022 = True
		sm14_loop_len = 1
		sm13_state = True
		sm13_loop_len = 1
		sm12_state = True
		_EL_U_1024 = False
		sm12_loop_len = 1
		sm11_state = True
		_EL_U_1026 = True
		sm11_loop_len = 1
		sm10_state = True
		_EL_U_1028 = False
		sm10_loop_len = 1
		sm9_state = True
		_EL_U_1030 = True
		sm0_loop_len = 1
		_EL_U_1032 = False
		_EL_U_1034 = True
		sm2_state = True
		sm3_loop_len = 1
		_EL_U_1036 = False
		sm1_loop_len = 1
		semaphore = 0
		sm2_loop_len = 1
		sm1_state = True
		sm0_state = True
		_EL_U_1038 = True
		_EL_U_1040 = False
		run = 5
		_EL_U_1042 = True
		sm3_state = True
		sm4_loop_len = 1
		sm6_loop_len = 1
		sm5_state = True
		_EL_U_1044 = False
		sm4_state = True
		sm5_loop_len = 1
		_EL_U_1046 = True
		sm6_state = True
		sm7_loop_len = 1
		sm9_loop_len = 1
		sm8_state = True
		sm7_state = True
		sm8_loop_len = 1
		_J1182 = True
		_J1188 = True
		_J1194 = False
		_J1200 = True
		_J1206 = False
		_J1212 = True
		_J1219 = True
		_J1225 = True
		_J1232 = False
		_J1238 = True
		_J1245 = False
		_J1251 = True
		_J1258 = False
		_J1264 = True
		_J1271 = True
		_J1277 = True
		_J1284 = False
		_J1290 = True
		_J1297 = False
		_J1303 = True
		_J1310 = True
		_J1316 = True
		_J1323 = False
		_J1329 = True
		_J1336 = False
		_J1342 = True
		_J1349 = True
		_J1355 = True
		_J1362 = True
		_J1368 = True
		_J1375 = True
		_J1381 = True
		_J1388 = False
		_J1394 = True
		_EL_U_1048 = False
		_EL_U_1050 = True
		_EL_U_1052 = False
		_EL_U_1070 = True
		_EL_U_1072 = False
		_EL_U_990 = True
		_EL_U_992 = False
		_EL_U_994 = True
		_EL_U_996 = False
		_EL_U_998 = True
		_EL_U_1000 = False
		_EL_U_1002 = True
		_EL_U_1004 = False
		_EL_U_1006 = True
		_EL_U_1008 = False
		_EL_U_1010 = True
		_EL_U_1012 = False
		_EL_U_1014 = True
		_EL_U_1016 = False
	Trans 24 -- 25
		_x_sm15_l : (sm15_l + -1)
		_x_sm14_l : (sm14_l + -1)
		_x_sm13_l : (sm13_l + -1)
		_x_sm11_l : (sm11_l + -1)
		_x_sm10_l : (sm10_l + -1)
		_x_sm9_l : (sm9_l + -1)
		_x_sm2_l : (sm2_l + -1)
		_x_sm4_l : (sm4_l + -1)
		_x_sm5_l : (sm5_l + -1)
		_x_sm1_l : (sm1_l + -1)
		_x_sm0_l : (sm0_l + -1)
		_x_sm3_l : (sm3_l + -1)
		_x_sm12_l : (sm12_l + -1)
		_x_sm6_l : (sm6_l + -1)
		_x_sm7_l : (sm7_l + -1)
		_x_sm8_l : (sm8_l + -1)
	State 25
		_EL_U_1018 = True
		_EL_U_1020 = False
		sm15_state = True
		sm15_loop_len = 1
		sm14_state = True
		_EL_U_1022 = True
		sm14_loop_len = 1
		sm13_state = True
		sm13_loop_len = 1
		sm12_state = True
		_EL_U_1024 = False
		sm12_loop_len = 1
		sm11_state = True
		_EL_U_1026 = True
		sm11_loop_len = 1
		sm10_state = True
		_EL_U_1028 = False
		sm10_loop_len = 1
		sm9_state = True
		_EL_U_1030 = True
		sm0_loop_len = 1
		_EL_U_1032 = False
		_EL_U_1034 = True
		sm2_state = True
		sm3_loop_len = 1
		_EL_U_1036 = False
		sm1_loop_len = 1
		semaphore = 0
		sm2_loop_len = 1
		sm1_state = True
		sm0_state = True
		_EL_U_1038 = True
		_EL_U_1040 = False
		run = 10
		_EL_U_1042 = True
		sm3_state = True
		sm4_loop_len = 1
		sm6_loop_len = 1
		sm5_state = True
		_EL_U_1044 = False
		sm4_state = True
		sm5_loop_len = 1
		_EL_U_1046 = True
		sm6_state = True
		sm7_loop_len = 1
		sm9_loop_len = 1
		sm8_state = True
		sm7_state = True
		sm8_loop_len = 1
		_J1182 = True
		_J1188 = True
		_J1194 = False
		_J1200 = True
		_J1206 = False
		_J1212 = True
		_J1219 = True
		_J1225 = True
		_J1232 = False
		_J1238 = True
		_J1245 = False
		_J1251 = True
		_J1258 = True
		_J1264 = True
		_J1271 = True
		_J1277 = True
		_J1284 = False
		_J1290 = True
		_J1297 = False
		_J1303 = True
		_J1310 = True
		_J1316 = True
		_J1323 = False
		_J1329 = True
		_J1336 = False
		_J1342 = True
		_J1349 = True
		_J1355 = True
		_J1362 = True
		_J1368 = True
		_J1375 = True
		_J1381 = True
		_J1388 = False
		_J1394 = True
		_EL_U_1048 = False
		_EL_U_1050 = True
		_EL_U_1052 = False
		_EL_U_1070 = True
		_EL_U_1072 = False
		_EL_U_990 = True
		_EL_U_992 = False
		_EL_U_994 = True
		_EL_U_996 = False
		_EL_U_998 = True
		_EL_U_1000 = False
		_EL_U_1002 = True
		_EL_U_1004 = False
		_EL_U_1006 = True
		_EL_U_1008 = False
		_EL_U_1010 = True
		_EL_U_1012 = False
		_EL_U_1014 = True
		_EL_U_1016 = False
	Trans 25 -- 26
		_x_sm15_l : (sm15_l + -1)
		_x_sm14_l : (sm14_l + -1)
		_x_sm13_l : (sm13_l + -1)
		_x_sm11_l : (sm11_l + -1)
		_x_sm10_l : (sm10_l + -1)
		_x_sm9_l : (sm9_l + -1)
		_x_sm2_l : (sm2_l + -1)
		_x_sm4_l : (sm4_l + -1)
		_x_sm5_l : (sm5_l + -1)
		_x_sm1_l : (sm1_l + -1)
		_x_sm0_l : (sm0_l + -1)
		_x_sm3_l : (sm3_l + -1)
		_x_sm12_l : (sm12_l + -1)
		_x_sm6_l : (sm6_l + -1)
		_x_sm7_l : (sm7_l + -1)
		_x_sm8_l : (sm8_l + -1)
	State 26
		_EL_U_1018 = True
		_EL_U_1020 = False
		sm15_state = True
		sm15_loop_len = 1
		sm14_state = True
		_EL_U_1022 = True
		sm14_loop_len = 1
		sm13_state = True
		sm13_loop_len = 1
		sm12_state = True
		_EL_U_1024 = False
		sm12_loop_len = 1
		sm11_state = True
		_EL_U_1026 = True
		sm11_loop_len = 1
		sm10_state = True
		_EL_U_1028 = False
		sm10_loop_len = 1
		sm9_state = True
		_EL_U_1030 = True
		sm0_loop_len = 1
		_EL_U_1032 = False
		_EL_U_1034 = True
		sm2_state = True
		sm3_loop_len = 1
		_EL_U_1036 = False
		sm1_loop_len = 1
		semaphore = 0
		sm2_loop_len = 1
		sm1_state = True
		sm0_state = True
		_EL_U_1038 = True
		_EL_U_1040 = False
		run = 15
		_EL_U_1042 = True
		sm3_state = True
		sm4_loop_len = 1
		sm6_loop_len = 1
		sm5_state = True
		_EL_U_1044 = False
		sm4_state = True
		sm5_loop_len = 1
		_EL_U_1046 = True
		sm6_state = True
		sm7_loop_len = 1
		sm9_loop_len = 1
		sm8_state = True
		sm7_state = True
		sm8_loop_len = 1
		_J1182 = True
		_J1188 = True
		_J1194 = False
		_J1200 = True
		_J1206 = False
		_J1212 = True
		_J1219 = True
		_J1225 = True
		_J1232 = False
		_J1238 = True
		_J1245 = False
		_J1251 = True
		_J1258 = True
		_J1264 = True
		_J1271 = True
		_J1277 = True
		_J1284 = False
		_J1290 = True
		_J1297 = False
		_J1303 = True
		_J1310 = True
		_J1316 = True
		_J1323 = True
		_J1329 = True
		_J1336 = False
		_J1342 = True
		_J1349 = True
		_J1355 = True
		_J1362 = True
		_J1368 = True
		_J1375 = True
		_J1381 = True
		_J1388 = False
		_J1394 = True
		_EL_U_1048 = False
		_EL_U_1050 = True
		_EL_U_1052 = False
		_EL_U_1070 = True
		_EL_U_1072 = False
		_EL_U_990 = True
		_EL_U_992 = False
		_EL_U_994 = True
		_EL_U_996 = False
		_EL_U_998 = True
		_EL_U_1000 = False
		_EL_U_1002 = True
		_EL_U_1004 = False
		_EL_U_1006 = True
		_EL_U_1008 = False
		_EL_U_1010 = True
		_EL_U_1012 = False
		_EL_U_1014 = True
		_EL_U_1016 = False
	Trans 26 -- 27
		_x_sm15_l : (sm15_l + -1)
		_x_sm14_l : (sm14_l + -1)
		_x_sm13_l : (sm13_l + -1)
		_x_sm11_l : (sm11_l + -1)
		_x_sm10_l : (sm10_l + -1)
		_x_sm9_l : (sm9_l + -1)
		_x_sm2_l : (sm2_l + -1)
		_x_sm4_l : (sm4_l + -1)
		_x_sm5_l : (sm5_l + -1)
		_x_sm1_l : (sm1_l + -1)
		_x_sm0_l : (sm0_l + -1)
		_x_sm3_l : (sm3_l + -1)
		_x_sm12_l : (sm12_l + -1)
		_x_sm6_l : (sm6_l + -1)
		_x_sm7_l : (sm7_l + -1)
		_x_sm8_l : (sm8_l + -1)
	State 27
		_EL_U_1018 = True
		_EL_U_1020 = False
		sm15_state = True
		sm15_loop_len = 1
		sm14_state = True
		_EL_U_1022 = True
		sm14_loop_len = 1
		sm13_state = True
		sm13_loop_len = 1
		sm12_state = True
		_EL_U_1024 = False
		sm12_loop_len = 1
		sm11_state = True
		_EL_U_1026 = True
		sm11_loop_len = 1
		sm10_state = True
		_EL_U_1028 = False
		sm10_loop_len = 1
		sm9_state = True
		_EL_U_1030 = True
		sm0_loop_len = 1
		_EL_U_1032 = False
		_EL_U_1034 = True
		sm2_state = True
		sm3_loop_len = 1
		_EL_U_1036 = False
		sm1_loop_len = 1
		semaphore = 0
		sm2_loop_len = 1
		sm1_state = True
		sm0_state = True
		_EL_U_1038 = True
		_EL_U_1040 = False
		run = 3
		_EL_U_1042 = True
		sm3_state = True
		sm4_loop_len = 1
		sm6_loop_len = 1
		sm5_state = True
		_EL_U_1044 = False
		sm4_state = True
		sm5_loop_len = 1
		_EL_U_1046 = True
		sm6_state = True
		sm7_loop_len = 1
		sm9_loop_len = 1
		sm8_state = True
		sm7_state = True
		sm8_loop_len = 1
		_J1182 = True
		_J1188 = True
		_J1194 = False
		_J1200 = True
		_J1206 = False
		_J1212 = True
		_J1219 = True
		_J1225 = True
		_J1232 = False
		_J1238 = True
		_J1245 = False
		_J1251 = True
		_J1258 = True
		_J1264 = True
		_J1271 = True
		_J1277 = True
		_J1284 = False
		_J1290 = True
		_J1297 = False
		_J1303 = True
		_J1310 = True
		_J1316 = True
		_J1323 = True
		_J1329 = True
		_J1336 = False
		_J1342 = True
		_J1349 = True
		_J1355 = True
		_J1362 = True
		_J1368 = True
		_J1375 = True
		_J1381 = True
		_J1388 = True
		_J1394 = True
		_EL_U_1048 = False
		_EL_U_1050 = True
		_EL_U_1052 = False
		_EL_U_1070 = True
		_EL_U_1072 = False
		_EL_U_990 = True
		_EL_U_992 = False
		_EL_U_994 = True
		_EL_U_996 = False
		_EL_U_998 = True
		_EL_U_1000 = False
		_EL_U_1002 = True
		_EL_U_1004 = False
		_EL_U_1006 = True
		_EL_U_1008 = False
		_EL_U_1010 = True
		_EL_U_1012 = False
		_EL_U_1014 = True
		_EL_U_1016 = False
	Trans 27 -- 17
		_x_sm15_l : (sm15_l + -1)
		_x_sm14_l : (sm14_l + -1)
		_x_sm13_l : (sm13_l + -1)
		_x_sm11_l : (sm11_l + -1)
		_x_sm10_l : (sm10_l + -1)
		_x_sm9_l : (sm9_l + -1)
		_x_sm2_l : (sm2_l + -1)
		_x_sm4_l : (sm4_l + -1)
		_x_sm5_l : (sm5_l + -1)
		_x_sm1_l : (sm1_l + -1)
		_x_sm0_l : (sm0_l + -1)
		_x_sm3_l : (sm3_l + -1)
		_x_sm12_l : (sm12_l + -1)
		_x_sm6_l : (sm6_l + -1)
		_x_sm7_l : (sm7_l + -1)
		_x_sm8_l : (sm8_l + -1)
	End do-while
	State 27
		_EL_U_1018 = True
		_EL_U_1020 = False
		sm15_state = True
		sm15_loop_len = 1
		sm14_state = True
		_EL_U_1022 = True
		sm14_loop_len = 1
		sm13_state = True
		sm13_loop_len = 1
		sm12_state = True
		_EL_U_1024 = False
		sm12_loop_len = 1
		sm11_state = True
		_EL_U_1026 = True
		sm11_loop_len = 1
		sm10_state = True
		_EL_U_1028 = False
		sm10_loop_len = 1
		sm9_state = True
		_EL_U_1030 = True
		sm0_loop_len = 1
		_EL_U_1032 = False
		_EL_U_1034 = True
		sm2_state = True
		sm3_loop_len = 1
		_EL_U_1036 = False
		sm1_loop_len = 1
		semaphore = 0
		sm2_loop_len = 1
		sm1_state = True
		sm0_state = True
		_EL_U_1038 = True
		_EL_U_1040 = False
		run = 3
		_EL_U_1042 = True
		sm3_state = True
		sm4_loop_len = 1
		sm6_loop_len = 1
		sm5_state = True
		_EL_U_1044 = False
		sm4_state = True
		sm5_loop_len = 1
		_EL_U_1046 = True
		sm6_state = True
		sm7_loop_len = 1
		sm9_loop_len = 1
		sm8_state = True
		sm7_state = True
		sm8_loop_len = 1
		_J1182 = True
		_J1188 = True
		_J1194 = False
		_J1200 = True
		_J1206 = False
		_J1212 = True
		_J1219 = True
		_J1225 = True
		_J1232 = False
		_J1238 = True
		_J1245 = False
		_J1251 = True
		_J1258 = True
		_J1264 = True
		_J1271 = True
		_J1277 = True
		_J1284 = False
		_J1290 = True
		_J1297 = False
		_J1303 = True
		_J1310 = True
		_J1316 = True
		_J1323 = True
		_J1329 = True
		_J1336 = False
		_J1342 = True
		_J1349 = True
		_J1355 = True
		_J1362 = True
		_J1368 = True
		_J1375 = True
		_J1381 = True
		_J1388 = True
		_J1394 = True
		_EL_U_1048 = False
		_EL_U_1050 = True
		_EL_U_1052 = False
		_EL_U_1070 = True
		_EL_U_1072 = False
		_EL_U_990 = True
		_EL_U_992 = False
		_EL_U_994 = True
		_EL_U_996 = False
		_EL_U_998 = True
		_EL_U_1000 = False
		_EL_U_1002 = True
		_EL_U_1004 = False
		_EL_U_1006 = True
		_EL_U_1008 = False
		_EL_U_1010 = True
		_EL_U_1012 = False
		_EL_U_1014 = True
		_EL_U_1016 = False
		(sm10_l < 7)
		(sm7_l < 7)
		(sm13_l < 7)
		(sm0_l < 7)
		(sm14_l < 7)
		(sm1_l < 7)
		(sm12_l < 7)
		(sm15_l < 7)
		(sm8_l < 7)
		(sm2_l < 7)
		(sm3_l < 7)
		(sm9_l < 7)
		(sm4_l < 7)
		(sm5_l < 7)
		(sm11_l < 7)
		(sm10_l < 8)
		(sm7_l < 8)
		(sm13_l < 8)
		(sm0_l < 8)
		(sm14_l < 8)
		(sm1_l < 8)
		(sm12_l < 8)
		(sm15_l < 8)
		(sm8_l < 8)
		(sm2_l < 8)
		(sm3_l < 8)
		(sm9_l < 8)
		(sm4_l < 8)
		(sm5_l < 8)
		(sm11_l < 8)
		(sm6_l < 8)
		(((-1.0 * ToReal(sm1_l)) + (-1.0 * ToReal(sm5_l)) + (ToReal(sm4_l) * 31/2) + (ToReal(sm2_l) * 31/2) + (ToReal(sm9_l) * 31/2) + (-1.0 * ToReal(sm10_l)) + (-1.0 * ToReal(sm8_l)) + (-1.0 * ToReal(sm11_l)) + (-1.0 * ToReal(sm7_l)) + (-1.0 * ToReal(sm13_l)) + (-1.0 * ToReal(sm6_l)) + (-1.0 * ToReal(sm14_l)) + (-1.0 * ToReal(sm15_l)) + (-1.0 * ToReal(sm12_l)) + (-1.0 * ToReal(sm3_l)) + (-1.0 * ToReal(sm0_l)) + 95.0) <= 0.0)
		(sm6_l < 7)
	Trans 27 -- 28
		_x_sm15_l = (sm15_l + -1)
		_x_sm14_l = (sm14_l + -1)
		_x_sm13_l = (sm13_l + -1)
		_x_sm11_l = (sm11_l + -1)
		_x_sm10_l = (sm10_l + -1)
		_x_sm9_l = (sm9_l + -1)
		_x_sm2_l = (sm2_l + -1)
		_x_sm4_l = (sm4_l + -1)
		_x_sm5_l = (sm5_l + -1)
		_x_sm1_l = (sm1_l + -1)
		_x_sm0_l = (sm0_l + -1)
		_x_sm3_l = (sm3_l + -1)
		_x_sm12_l = (sm12_l + -1)
		_x_sm6_l = (sm6_l + -1)
		_x_sm7_l = (sm7_l + -1)
		_x_sm8_l = (sm8_l + -1)
	State 28
		_EL_U_1018 = True
		_EL_U_1020 = False
		sm15_state = True
		sm15_loop_len = 1
		sm14_state = True
		_EL_U_1022 = True
		sm14_loop_len = 1
		sm13_state = True
		sm13_loop_len = 1
		sm12_state = True
		_EL_U_1024 = False
		sm12_loop_len = 1
		sm11_state = True
		_EL_U_1026 = True
		sm11_loop_len = 1
		sm10_state = True
		_EL_U_1028 = False
		sm10_loop_len = 1
		sm9_state = True
		_EL_U_1030 = True
		sm0_loop_len = 1
		_EL_U_1032 = False
		_EL_U_1034 = True
		sm2_state = True
		sm3_loop_len = 1
		_EL_U_1036 = False
		sm1_loop_len = 1
		semaphore = 0
		sm2_loop_len = 1
		sm1_state = True
		sm0_state = True
		_EL_U_1038 = True
		_EL_U_1040 = False
		run = 7
		_EL_U_1042 = True
		sm3_state = True
		sm4_loop_len = 1
		sm6_loop_len = 1
		sm5_state = True
		_EL_U_1044 = False
		sm4_state = True
		sm5_loop_len = 1
		_EL_U_1046 = True
		sm6_state = True
		sm7_loop_len = 1
		sm9_loop_len = 1
		sm8_state = True
		sm7_state = True
		sm8_loop_len = 1
		_J1182 = True
		_J1188 = True
		_J1194 = False
		_J1200 = True
		_J1206 = False
		_J1212 = True
		_J1219 = True
		_J1225 = True
		_J1232 = True
		_J1238 = True
		_J1245 = False
		_J1251 = True
		_J1258 = True
		_J1264 = True
		_J1271 = True
		_J1277 = True
		_J1284 = False
		_J1290 = True
		_J1297 = False
		_J1303 = True
		_J1310 = True
		_J1316 = True
		_J1323 = True
		_J1329 = True
		_J1336 = False
		_J1342 = True
		_J1349 = True
		_J1355 = True
		_J1362 = True
		_J1368 = True
		_J1375 = True
		_J1381 = True
		_J1388 = True
		_J1394 = True
		_EL_U_1048 = False
		_EL_U_1050 = True
		_EL_U_1052 = False
		_EL_U_1070 = True
		_EL_U_1072 = False
		_EL_U_990 = True
		_EL_U_992 = False
		_EL_U_994 = True
		_EL_U_996 = False
		_EL_U_998 = True
		_EL_U_1000 = False
		_EL_U_1002 = True
		_EL_U_1004 = False
		_EL_U_1006 = True
		_EL_U_1008 = False
		_EL_U_1010 = True
		_EL_U_1012 = False
		_EL_U_1014 = True
		_EL_U_1016 = False
	Trans 28 -- 29
		_x_sm15_l = (sm15_l + -1)
		_x_sm14_l = (sm14_l + -1)
		_x_sm13_l = (sm13_l + -1)
		_x_sm11_l = (sm11_l + -1)
		_x_sm10_l = (sm10_l + -1)
		_x_sm9_l = (sm9_l + -1)
		_x_sm2_l = (sm2_l + -1)
		_x_sm4_l = (sm4_l + -1)
		_x_sm5_l = (sm5_l + -1)
		_x_sm1_l = (sm1_l + -1)
		_x_sm0_l = (sm0_l + -1)
		_x_sm3_l = (sm3_l + -1)
		_x_sm12_l = (sm12_l + -1)
		_x_sm6_l = (sm6_l + -1)
		_x_sm7_l = (sm7_l + -1)
		_x_sm8_l = (sm8_l + -1)
	State 29
		_EL_U_1018 = True
		_EL_U_1020 = False
		sm15_state = True
		sm15_loop_len = 1
		sm14_state = True
		_EL_U_1022 = True
		sm14_loop_len = 1
		sm13_state = True
		sm13_loop_len = 1
		sm12_state = True
		_EL_U_1024 = False
		sm12_loop_len = 1
		sm11_state = True
		_EL_U_1026 = True
		sm11_loop_len = 1
		sm10_state = True
		_EL_U_1028 = False
		sm10_loop_len = 1
		sm9_state = True
		_EL_U_1030 = True
		sm0_loop_len = 1
		_EL_U_1032 = False
		_EL_U_1034 = True
		sm2_state = True
		sm3_loop_len = 1
		_EL_U_1036 = False
		sm1_loop_len = 1
		semaphore = 0
		sm2_loop_len = 1
		sm1_state = True
		sm0_state = True
		_EL_U_1038 = True
		_EL_U_1040 = False
		run = 8
		_EL_U_1042 = True
		sm3_state = True
		sm4_loop_len = 1
		sm6_loop_len = 1
		sm5_state = True
		_EL_U_1044 = False
		sm4_state = True
		sm5_loop_len = 1
		_EL_U_1046 = True
		sm6_state = True
		sm7_loop_len = 1
		sm9_loop_len = 1
		sm8_state = True
		sm7_state = True
		sm8_loop_len = 1
		_J1182 = True
		_J1188 = True
		_J1194 = False
		_J1200 = True
		_J1206 = False
		_J1212 = True
		_J1219 = True
		_J1225 = True
		_J1232 = True
		_J1238 = True
		_J1245 = False
		_J1251 = True
		_J1258 = True
		_J1264 = True
		_J1271 = True
		_J1277 = True
		_J1284 = True
		_J1290 = True
		_J1297 = False
		_J1303 = True
		_J1310 = True
		_J1316 = True
		_J1323 = True
		_J1329 = True
		_J1336 = False
		_J1342 = True
		_J1349 = True
		_J1355 = True
		_J1362 = True
		_J1368 = True
		_J1375 = True
		_J1381 = True
		_J1388 = True
		_J1394 = True
		_EL_U_1048 = False
		_EL_U_1050 = True
		_EL_U_1052 = False
		_EL_U_1070 = True
		_EL_U_1072 = False
		_EL_U_990 = True
		_EL_U_992 = False
		_EL_U_994 = True
		_EL_U_996 = False
		_EL_U_998 = True
		_EL_U_1000 = False
		_EL_U_1002 = True
		_EL_U_1004 = False
		_EL_U_1006 = True
		_EL_U_1008 = False
		_EL_U_1010 = True
		_EL_U_1012 = False
		_EL_U_1014 = True
		_EL_U_1016 = False
	Trans 29 -- 30
		_x_sm15_l = (sm15_l + -1)
		_x_sm14_l = (sm14_l + -1)
		_x_sm13_l = (sm13_l + -1)
		_x_sm11_l = (sm11_l + -1)
		_x_sm10_l = (sm10_l + -1)
		_x_sm9_l = (sm9_l + -1)
		_x_sm2_l = (sm2_l + -1)
		_x_sm4_l = (sm4_l + -1)
		_x_sm5_l = (sm5_l + -1)
		_x_sm1_l = (sm1_l + -1)
		_x_sm0_l = (sm0_l + -1)
		_x_sm3_l = (sm3_l + -1)
		_x_sm12_l = (sm12_l + -1)
		_x_sm6_l = (sm6_l + -1)
		_x_sm7_l = (sm7_l + -1)
		_x_sm8_l = (sm8_l + -1)
	State 30
		_EL_U_1018 = True
		_EL_U_1020 = False
		sm15_state = True
		sm15_loop_len = 1
		sm14_state = True
		_EL_U_1022 = True
		sm14_loop_len = 1
		sm13_state = True
		sm13_loop_len = 1
		sm12_state = True
		_EL_U_1024 = False
		sm12_loop_len = 1
		sm11_state = True
		_EL_U_1026 = True
		sm11_loop_len = 1
		sm10_state = True
		_EL_U_1028 = False
		sm10_loop_len = 1
		sm9_state = True
		_EL_U_1030 = True
		sm0_loop_len = 1
		_EL_U_1032 = False
		_EL_U_1034 = True
		sm2_state = True
		sm3_loop_len = 1
		_EL_U_1036 = False
		sm1_loop_len = 1
		semaphore = 0
		sm2_loop_len = 1
		sm1_state = True
		sm0_state = True
		_EL_U_1038 = True
		_EL_U_1040 = False
		run = 11
		_EL_U_1042 = True
		sm3_state = True
		sm4_loop_len = 1
		sm6_loop_len = 1
		sm5_state = True
		_EL_U_1044 = False
		sm4_state = True
		sm5_loop_len = 1
		_EL_U_1046 = True
		sm6_state = True
		sm7_loop_len = 1
		sm9_loop_len = 1
		sm8_state = True
		sm7_state = True
		sm8_loop_len = 1
		_J1182 = True
		_J1188 = True
		_J1194 = False
		_J1200 = True
		_J1206 = False
		_J1212 = True
		_J1219 = True
		_J1225 = True
		_J1232 = True
		_J1238 = True
		_J1245 = False
		_J1251 = True
		_J1258 = True
		_J1264 = True
		_J1271 = True
		_J1277 = True
		_J1284 = True
		_J1290 = True
		_J1297 = True
		_J1303 = True
		_J1310 = True
		_J1316 = True
		_J1323 = True
		_J1329 = True
		_J1336 = False
		_J1342 = True
		_J1349 = True
		_J1355 = True
		_J1362 = True
		_J1368 = True
		_J1375 = True
		_J1381 = True
		_J1388 = True
		_J1394 = True
		_EL_U_1048 = False
		_EL_U_1050 = True
		_EL_U_1052 = False
		_EL_U_1070 = True
		_EL_U_1072 = False
		_EL_U_990 = True
		_EL_U_992 = False
		_EL_U_994 = True
		_EL_U_996 = False
		_EL_U_998 = True
		_EL_U_1000 = False
		_EL_U_1002 = True
		_EL_U_1004 = False
		_EL_U_1006 = True
		_EL_U_1008 = False
		_EL_U_1010 = True
		_EL_U_1012 = False
		_EL_U_1014 = True
		_EL_U_1016 = False
	Trans 30 -- 31
		_x_sm15_l = (sm15_l + -1)
		_x_sm14_l = (sm14_l + -1)
		_x_sm13_l = (sm13_l + -1)
		_x_sm11_l = (sm11_l + -1)
		_x_sm10_l = (sm10_l + -1)
		_x_sm9_l = (sm9_l + -1)
		_x_sm2_l = (sm2_l + -1)
		_x_sm4_l = (sm4_l + -1)
		_x_sm5_l = (sm5_l + -1)
		_x_sm1_l = (sm1_l + -1)
		_x_sm0_l = (sm0_l + -1)
		_x_sm3_l = (sm3_l + -1)
		_x_sm12_l = (sm12_l + -1)
		_x_sm6_l = (sm6_l + -1)
		_x_sm7_l = (sm7_l + -1)
		_x_sm8_l = (sm8_l + -1)
	State 31
		_EL_U_1018 = True
		_EL_U_1020 = False
		sm15_state = True
		sm15_loop_len = 1
		sm14_state = True
		_EL_U_1022 = True
		sm14_loop_len = 1
		sm13_state = True
		sm13_loop_len = 1
		sm12_state = True
		_EL_U_1024 = False
		sm12_loop_len = 1
		sm11_state = True
		_EL_U_1026 = True
		sm11_loop_len = 1
		sm10_state = True
		_EL_U_1028 = False
		sm10_loop_len = 1
		sm9_state = True
		_EL_U_1030 = True
		sm0_loop_len = 1
		_EL_U_1032 = False
		_EL_U_1034 = True
		sm2_state = True
		sm3_loop_len = 1
		_EL_U_1036 = False
		sm1_loop_len = 1
		semaphore = 0
		sm2_loop_len = 1
		sm1_state = True
		sm0_state = True
		_EL_U_1038 = True
		_EL_U_1040 = False
		run = 0
		_EL_U_1042 = True
		sm3_state = True
		sm4_loop_len = 1
		sm6_loop_len = 1
		sm5_state = True
		_EL_U_1044 = False
		sm4_state = True
		sm5_loop_len = 1
		_EL_U_1046 = True
		sm6_state = True
		sm7_loop_len = 1
		sm9_loop_len = 1
		sm8_state = True
		sm7_state = True
		sm8_loop_len = 1
		_J1182 = True
		_J1188 = True
		_J1194 = False
		_J1200 = True
		_J1206 = False
		_J1212 = True
		_J1219 = True
		_J1225 = True
		_J1232 = True
		_J1238 = True
		_J1245 = False
		_J1251 = True
		_J1258 = True
		_J1264 = True
		_J1271 = True
		_J1277 = True
		_J1284 = True
		_J1290 = True
		_J1297 = True
		_J1303 = True
		_J1310 = True
		_J1316 = True
		_J1323 = True
		_J1329 = True
		_J1336 = True
		_J1342 = True
		_J1349 = True
		_J1355 = True
		_J1362 = True
		_J1368 = True
		_J1375 = True
		_J1381 = True
		_J1388 = True
		_J1394 = True
		_EL_U_1048 = False
		_EL_U_1050 = True
		_EL_U_1052 = False
		_EL_U_1070 = True
		_EL_U_1072 = False
		_EL_U_990 = True
		_EL_U_992 = False
		_EL_U_994 = True
		_EL_U_996 = False
		_EL_U_998 = True
		_EL_U_1000 = False
		_EL_U_1002 = True
		_EL_U_1004 = False
		_EL_U_1006 = True
		_EL_U_1008 = False
		_EL_U_1010 = True
		_EL_U_1012 = False
		_EL_U_1014 = True
		_EL_U_1016 = False
	Trans 31 -- 32
		_x_sm15_l = (sm15_l + -1)
		_x_sm14_l = (sm14_l + -1)
		_x_sm13_l = (sm13_l + -1)
		_x_sm11_l = (sm11_l + -1)
		_x_sm10_l = (sm10_l + -1)
		_x_sm9_l = (sm9_l + -1)
		_x_sm2_l = (sm2_l + -1)
		_x_sm4_l = (sm4_l + -1)
		_x_sm5_l = (sm5_l + -1)
		_x_sm1_l = (sm1_l + -1)
		_x_sm0_l = (sm0_l + -1)
		_x_sm3_l = (sm3_l + -1)
		_x_sm12_l = (sm12_l + -1)
		_x_sm6_l = (sm6_l + -1)
		_x_sm7_l = (sm7_l + -1)
		_x_sm8_l = (sm8_l + -1)
	State 32
		_EL_U_1018 = True
		_EL_U_1020 = False
		sm15_state = True
		sm15_loop_len = 1
		sm14_state = True
		_EL_U_1022 = True
		sm14_loop_len = 1
		sm13_state = True
		sm13_loop_len = 1
		sm12_state = True
		_EL_U_1024 = False
		sm12_loop_len = 1
		sm11_state = True
		_EL_U_1026 = True
		sm11_loop_len = 1
		sm10_state = True
		_EL_U_1028 = False
		sm10_loop_len = 1
		sm9_state = True
		_EL_U_1030 = True
		sm0_loop_len = 1
		_EL_U_1032 = False
		_EL_U_1034 = True
		sm2_state = True
		sm3_loop_len = 1
		_EL_U_1036 = False
		sm1_loop_len = 1
		semaphore = 0
		sm2_loop_len = 1
		sm1_state = True
		sm0_state = True
		_EL_U_1038 = True
		_EL_U_1040 = False
		run = 4
		_EL_U_1042 = True
		sm3_state = True
		sm4_loop_len = 1
		sm6_loop_len = 1
		sm5_state = True
		_EL_U_1044 = False
		sm4_state = True
		sm5_loop_len = 1
		_EL_U_1046 = True
		sm6_state = True
		sm7_loop_len = 1
		sm9_loop_len = 1
		sm8_state = True
		sm7_state = True
		sm8_loop_len = 1
		_J1182 = True
		_J1188 = True
		_J1194 = True
		_J1200 = True
		_J1206 = False
		_J1212 = True
		_J1219 = True
		_J1225 = True
		_J1232 = True
		_J1238 = True
		_J1245 = False
		_J1251 = True
		_J1258 = True
		_J1264 = True
		_J1271 = True
		_J1277 = True
		_J1284 = True
		_J1290 = True
		_J1297 = True
		_J1303 = True
		_J1310 = True
		_J1316 = True
		_J1323 = True
		_J1329 = True
		_J1336 = True
		_J1342 = True
		_J1349 = True
		_J1355 = True
		_J1362 = True
		_J1368 = True
		_J1375 = True
		_J1381 = True
		_J1388 = True
		_J1394 = True
		_EL_U_1048 = False
		_EL_U_1050 = True
		_EL_U_1052 = False
		_EL_U_1070 = True
		_EL_U_1072 = False
		_EL_U_990 = True
		_EL_U_992 = False
		_EL_U_994 = True
		_EL_U_996 = False
		_EL_U_998 = True
		_EL_U_1000 = False
		_EL_U_1002 = True
		_EL_U_1004 = False
		_EL_U_1006 = True
		_EL_U_1008 = False
		_EL_U_1010 = True
		_EL_U_1012 = False
		_EL_U_1014 = True
		_EL_U_1016 = False
	Trans 32 -- 33
		_x_sm15_l = (sm15_l + -1)
		_x_sm14_l = (sm14_l + -1)
		_x_sm13_l = (sm13_l + -1)
		_x_sm11_l = (sm11_l + -1)
		_x_sm10_l = (sm10_l + -1)
		_x_sm9_l = (sm9_l + -1)
		_x_sm2_l = (sm2_l + -1)
		_x_sm4_l = (sm4_l + -1)
		_x_sm5_l = (sm5_l + -1)
		_x_sm1_l = (sm1_l + -1)
		_x_sm0_l = (sm0_l + -1)
		_x_sm3_l = (sm3_l + -1)
		_x_sm12_l = (sm12_l + -1)
		_x_sm6_l = (sm6_l + -1)
		_x_sm7_l = (sm7_l + -1)
		_x_sm8_l = (sm8_l + -1)
	State 33
		_EL_U_1018 = True
		_EL_U_1020 = False
		sm15_state = True
		sm15_loop_len = 1
		sm14_state = True
		_EL_U_1022 = True
		sm14_loop_len = 1
		sm13_state = True
		sm13_loop_len = 1
		sm12_state = True
		_EL_U_1024 = False
		sm12_loop_len = 1
		sm11_state = True
		_EL_U_1026 = True
		sm11_loop_len = 1
		sm10_state = True
		_EL_U_1028 = False
		sm10_loop_len = 1
		sm9_state = True
		_EL_U_1030 = True
		sm0_loop_len = 1
		_EL_U_1032 = False
		_EL_U_1034 = True
		sm2_state = True
		sm3_loop_len = 1
		_EL_U_1036 = False
		sm1_loop_len = 1
		semaphore = 0
		sm2_loop_len = 1
		sm1_state = True
		sm0_state = True
		_EL_U_1038 = True
		_EL_U_1040 = False
		run = 1
		_EL_U_1042 = True
		sm3_state = True
		sm4_loop_len = 1
		sm6_loop_len = 1
		sm5_state = True
		_EL_U_1044 = False
		sm4_state = True
		sm5_loop_len = 1
		_EL_U_1046 = True
		sm6_state = True
		sm7_loop_len = 1
		sm9_loop_len = 1
		sm8_state = True
		sm7_state = True
		sm8_loop_len = 1
		_J1182 = True
		_J1188 = True
		_J1194 = True
		_J1200 = True
		_J1206 = False
		_J1212 = True
		_J1219 = True
		_J1225 = True
		_J1232 = True
		_J1238 = True
		_J1245 = True
		_J1251 = True
		_J1258 = True
		_J1264 = True
		_J1271 = True
		_J1277 = True
		_J1284 = True
		_J1290 = True
		_J1297 = True
		_J1303 = True
		_J1310 = True
		_J1316 = True
		_J1323 = True
		_J1329 = True
		_J1336 = True
		_J1342 = True
		_J1349 = True
		_J1355 = True
		_J1362 = True
		_J1368 = True
		_J1375 = True
		_J1381 = True
		_J1388 = True
		_J1394 = True
		_EL_U_1048 = False
		_EL_U_1050 = True
		_EL_U_1052 = False
		_EL_U_1070 = True
		_EL_U_1072 = False
		_EL_U_990 = True
		_EL_U_992 = False
		_EL_U_994 = True
		_EL_U_996 = False
		_EL_U_998 = True
		_EL_U_1000 = False
		_EL_U_1002 = True
		_EL_U_1004 = False
		_EL_U_1006 = True
		_EL_U_1008 = False
		_EL_U_1010 = True
		_EL_U_1012 = False
		_EL_U_1014 = True
		_EL_U_1016 = False
	Trans 33 -- 34
		_x_sm15_l = (sm15_l + -1)
		_x_sm14_l = (sm14_l + -1)
		_x_sm13_l = (sm13_l + -1)
		_x_sm11_l = (sm11_l + -1)
		_x_sm10_l = (sm10_l + -1)
		_x_sm9_l = (sm9_l + -1)
		_x_sm2_l = (sm2_l + -1)
		_x_sm4_l = (sm4_l + -1)
		_x_sm5_l = (sm5_l + -1)
		_x_sm1_l = (sm1_l + -1)
		_x_sm0_l = (sm0_l + -1)
		_x_sm3_l = (sm3_l + -1)
		_x_sm12_l = (sm12_l + -1)
		_x_sm6_l = (sm6_l + -1)
		_x_sm7_l = (sm7_l + -1)
		_x_sm8_l = (sm8_l + -1)
	starting from: {_EL_U_1018: True, sm15_l: -17, sm15_state: True, sm14_l: -17, sm15_loop_len: 1, sm14_state: True, sm13_l: -17, sm14_loop_len: 1, sm13_state: True, sm13_loop_len: 1, sm12_state: True, sm11_l: -17, sm12_loop_len: 1, sm11_state: True, sm10_l: -17, sm11_loop_len: 1, sm10_state: True, sm9_l: -17, sm10_loop_len: 1, sm9_state: True, sm2_l: -17, sm0_loop_len: 1, sm4_l: -17, sm5_l: -17, sm1_l: -17, sm2_state: True, sm3_loop_len: 1, sm0_l: -17, sm1_loop_len: 1, semaphore: 0, sm2_loop_len: 1, sm1_state: True, sm0_state: True, sm3_l: -17, sm12_l: -17, run: 7, sm6_l: -17, sm3_state: True, sm4_loop_len: 1, sm6_loop_len: 1, sm5_state: True, sm7_l: -17, sm4_state: True, sm5_loop_len: 1, sm8_l: -17, sm6_state: True, sm7_loop_len: 1, sm9_loop_len: 1, sm8_state: True, sm7_state: True, sm8_loop_len: 1, _J1182: True, _J1188: True, _J1194: True, _J1200: True, _J1206: True, _J1212: True, _J1219: True, _J1225: True, _J1232: True, _J1238: True, _J1245: True, _J1251: True, _J1258: True, _J1264: True, _J1271: True, _J1277: True, _J1284: True, _J1290: True, _J1297: True, _J1303: True, _J1310: True, _J1316: True, _J1323: True, _J1329: True, _J1336: True, _J1342: True, _J1349: True, _J1355: True, _J1362: True, _J1368: True, _J1375: True, _J1381: True, _J1388: True, _J1394: True, _EL_U_1024: False, _EL_U_1026: True, _EL_U_1028: False, _EL_U_1030: True, _EL_U_1032: False, _EL_U_1034: True, _EL_U_1036: False, _EL_U_1038: True, _EL_U_1040: False, _EL_U_1042: True, _EL_U_1044: False, _EL_U_1020: False, _EL_U_1046: True, _EL_U_1048: False, _EL_U_1050: True, _EL_U_1052: False, _EL_U_1022: True, _EL_U_1070: True, _EL_U_1072: False, _EL_U_990: True, _EL_U_992: False, _EL_U_994: True, _EL_U_996: False, _EL_U_998: True, _EL_U_1000: False, _EL_U_1002: True, _EL_U_1004: False, _EL_U_1006: True, _EL_U_1008: False, _EL_U_1010: True, _EL_U_1012: False, _EL_U_1014: True, _EL_U_1016: False}

end of `semaphore_0016`: SUCCESS in 392.43658113479614s
