F3 run `lynch_protocol_0025`

	Found non-termination argument:
	State 1
		v1 = 1
		p1_evt = True
		p0_evt = True
		p18_l1 = False
		p2_evt = True
		p18_l0 = False
		p3_evt = True
		p18_l2 = False
		p4_evt = True
		p18_l3 = False
		p5_evt = True
		p6_evt = True
		p7_evt = True
		p10_l1 = False
		p10_l0 = False
		p8_evt = True
		p10_l2 = False
		p9_evt = True
		p10_l3 = False
		p10_evt = True
		p11_evt = True
		p12_evt = True
		p2_l1 = False
		p13_evt = True
		p2_l0 = False
		p14_evt = True
		p2_l2 = False
		p15_evt = True
		p2_l3 = False
		p16_evt = True
		p17_evt = True
		p18_evt = True
		p19_evt = True
		p20_evt = True
		p21_evt = True
		p21_l1 = False
		p21_l0 = False
		p22_evt = True
		p21_l2 = False
		p23_evt = True
		p21_l3 = False
		p24_evt = True
		p13_l1 = False
		v2 = True
		p13_l0 = False
		p13_l2 = False
		p13_l3 = False
		p5_l1 = False
		p5_l0 = False
		p5_l2 = False
		p5_l3 = False
		p24_l1 = False
		p24_l0 = False
		p24_l2 = False
		p24_l3 = False
		p16_l1 = False
		p16_l0 = False
		p16_l2 = False
		p16_l3 = False
		p8_l1 = False
		p8_l0 = False
		p8_l2 = False
		p8_l3 = False
		p0_l1 = False
		p0_l0 = False
		p0_l2 = False
		p0_l3 = False
		p19_l1 = False
		p19_l0 = False
		p19_l2 = False
		p19_l3 = False
		p11_l1 = False
		p11_l0 = False
		p11_l2 = False
		p11_l3 = False
		p3_l1 = False
		p3_l0 = False
		p3_l2 = False
		p3_l3 = False
		p22_l1 = False
		p22_l0 = False
		p22_l2 = False
		p22_l3 = False
		p14_l1 = False
		p14_l0 = False
		p14_l2 = False
		p14_l3 = False
		_J5554 = True
		_J5548 = True
		_J5541 = True
		p6_l1 = False
		_J5535 = True
		p6_l0 = False
		_J5530 = True
		_J5524 = True
		p6_l2 = False
		_EL_U_5487 = True
		p6_l3 = False
		_EL_U_5489 = False
		_EL_U_5491 = True
		_EL_U_5493 = False
		_EL_U_5495 = False
		_EL_U_5497 = True
		p17_l1 = False
		p17_l0 = False
		p17_l2 = False
		p17_l3 = False
		p9_l1 = False
		p9_l0 = False
		p9_l2 = False
		p9_l3 = False
		p1_l1 = False
		p1_l0 = False
		p1_l2 = False
		p1_l3 = False
		p20_l1 = False
		p20_l0 = False
		p20_l2 = False
		p20_l3 = False
		p12_l1 = False
		p12_l0 = False
		p12_l2 = False
		p12_l3 = False
		p4_l1 = False
		p4_l0 = False
		p4_l2 = False
		p4_l3 = False
		p23_l1 = False
		p23_l0 = False
		p23_l2 = False
		p23_l3 = False
		p15_l1 = False
		p15_l0 = False
		p15_l2 = False
		p15_l3 = False
		p7_l1 = False
		p7_l0 = False
		p7_l2 = False
		p7_l3 = False
		((-1.0 * p6_c) < -16.0)
		((-1.0 * p16_c) < -16.0)
		((-1.0 * p12_c) < -16.0)
		((-1.0 * p5_c) < -16.0)
		((-1.0 * p1_c) < -16.0)
		((-1.0 * p14_c) < -16.0)
		((-1.0 * p20_c) < -16.0)
		((-1.0 * p3_c) < -16.0)
		(((-1.0 * delta) + _diverge_delta) < 0.0)
		((-1.0 * delta) <= -1.0)
		((-1.0 * p18_c) < -16.0)
		((-1.0 * p22_c) < -16.0)
		((-1.0 * p7_c) < -16.0)
		((-1.0 * p11_c) < -16.0)
		((-1.0 * p0_c) < -16.0)
		((-1.0 * p15_c) < -16.0)
		((-1.0 * p24_c) < -16.0)
		((-1.0 * p4_c) < -16.0)
		((-1.0 * p13_c) < -16.0)
		((-1.0 * p21_c) < -16.0)
		((-1.0 * p19_c) < -16.0)
		((-1.0 * p2_c) < -16.0)
		((-1.0 * p10_c) < -16.0)
		((-1.0 * p8_c) < -16.0)
		((-1.0 * _diverge_delta) <= -1.0)
		((-1.0 * p17_c) < -16.0)
		((-1.0 * p9_c) < -16.0)
		((-1.0 * p23_c) < -16.0)
	Trans 1 -- 2
		_x_p2_c = (p2_c + delta)
		_x_p13_c = (p13_c + delta)
		_x_p24_c = (p24_c + delta)
		_x_p11_c = (p11_c + delta)
		_x_p1_c = (p1_c + delta)
		_x_p9_c = (p9_c + delta)
		_x_p12_c = (p12_c + delta)
		_x_p22_c = (p22_c + delta)
		_x_p23_c = (p23_c + delta)
		_x_p7_c = (delta + p7_c)
		_x_p20_c = (p20_c + delta)
		_x_p0_c = (p0_c + delta)
		_x_p10_c = (p10_c + delta)
		_x_p5_c = (delta + p5_c)
		_x__diverge_delta = delta
		_x_p16_c = (p16_c + delta)
		_x_p21_c = (p21_c + delta)
		_x_p8_c = (p8_c + delta)
		_x_p19_c = (p19_c + delta)
		_x_p4_c = (delta + p4_c)
		_x_p15_c = (p15_c + delta)
		_x_p18_c = (p18_c + delta)
		_x_p3_c = (delta + p3_c)
		_x_p14_c = (p14_c + delta)
		_x_p6_c = (delta + p6_c)
		_x_p17_c = (p17_c + delta)
		_x_delta = ((p7_c * 1/66) + 133/132)
	State 2
		v1 = 1
		p1_evt = True
		p0_evt = True
		p18_l1 = False
		p2_evt = True
		p18_l0 = False
		p3_evt = True
		p18_l2 = False
		p4_evt = True
		p18_l3 = False
		p5_evt = True
		p6_evt = True
		p7_evt = True
		p10_l1 = False
		p10_l0 = False
		p8_evt = True
		p10_l2 = False
		p9_evt = True
		p10_l3 = False
		p10_evt = True
		p11_evt = True
		p12_evt = True
		p2_l1 = False
		p13_evt = True
		p2_l0 = False
		p14_evt = True
		p2_l2 = False
		p15_evt = True
		p2_l3 = False
		p16_evt = True
		p17_evt = True
		p18_evt = True
		p19_evt = True
		p20_evt = True
		p21_evt = True
		p21_l1 = False
		p21_l0 = False
		p22_evt = True
		p21_l2 = False
		p23_evt = True
		p21_l3 = False
		p24_evt = True
		p13_l1 = False
		v2 = True
		p13_l0 = False
		p13_l2 = False
		p13_l3 = False
		p5_l1 = False
		p5_l0 = False
		p5_l2 = False
		p5_l3 = False
		p24_l1 = False
		p24_l0 = False
		p24_l2 = False
		p24_l3 = False
		p16_l1 = False
		p16_l0 = False
		p16_l2 = False
		p16_l3 = False
		p8_l1 = False
		p8_l0 = False
		p8_l2 = False
		p8_l3 = False
		p0_l1 = False
		p0_l0 = False
		p0_l2 = False
		p0_l3 = False
		p19_l1 = False
		p19_l0 = False
		p19_l2 = False
		p19_l3 = False
		p11_l1 = False
		p11_l0 = False
		p11_l2 = False
		p11_l3 = False
		p3_l1 = False
		p3_l0 = False
		p3_l2 = False
		p3_l3 = False
		p22_l1 = False
		p22_l0 = False
		p22_l2 = False
		p22_l3 = False
		p14_l1 = False
		p14_l0 = False
		p14_l2 = False
		p14_l3 = False
		_J5554 = False
		_J5548 = False
		_J5541 = False
		p6_l1 = False
		_J5535 = False
		p6_l0 = False
		_J5530 = False
		_J5524 = False
		p6_l2 = False
		_EL_U_5487 = True
		p6_l3 = False
		_EL_U_5489 = False
		_EL_U_5491 = True
		_EL_U_5493 = False
		_EL_U_5495 = False
		_EL_U_5497 = True
		p17_l1 = False
		p17_l0 = False
		p17_l2 = False
		p17_l3 = False
		p9_l1 = False
		p9_l0 = False
		p9_l2 = False
		p9_l3 = False
		p1_l1 = False
		p1_l0 = False
		p1_l2 = False
		p1_l3 = False
		p20_l1 = False
		p20_l0 = False
		p20_l2 = False
		p20_l3 = False
		p12_l1 = False
		p12_l0 = False
		p12_l2 = False
		p12_l3 = False
		p4_l1 = False
		p4_l0 = False
		p4_l2 = False
		p4_l3 = False
		p23_l1 = False
		p23_l0 = False
		p23_l2 = False
		p23_l3 = False
		p15_l1 = False
		p15_l0 = False
		p15_l2 = False
		p15_l3 = False
		p7_l1 = False
		p7_l0 = False
		p7_l2 = False
		p7_l3 = False
		(((-1.0 * delta) + (-1.0 * p16_c)) < -16.0)
		(((-1.0 * p4_c) + (-1.0 * delta)) < -16.0)
		(((-1.0 * p18_c) + (-1.0 * delta)) < -16.0)
		(((-1.0 * delta) + (-1.0 * p12_c)) < -16.0)
		(((-1.0 * p13_c) + (-1.0 * delta)) < -16.0)
		(((-1.0 * p22_c) + (-1.0 * delta)) < -16.0)
		((-1.0 * delta) <= -1.0)
		(((-1.0 * delta) + (-1.0 * p5_c)) < -16.0)
		(((-1.0 * p21_c) + (-1.0 * delta)) < -16.0)
		(((-1.0 * p7_c) + (-1.0 * delta)) < -16.0)
		(((-1.0 * delta) + (-1.0 * p17_c)) < -16.0)
		(((-1.0 * delta) + (-1.0 * p1_c)) < -16.0)
		(((-1.0 * p19_c) + (-1.0 * delta)) < -16.0)
		(((-1.0 * p11_c) + (-1.0 * delta)) < -16.0)
		(((-1.0 * delta) + (-1.0 * p9_c)) < -16.0)
		(((-1.0 * delta) + (-1.0 * p14_c)) < -16.0)
		(((-1.0 * p2_c) + (-1.0 * delta)) < -16.0)
		(((-1.0 * p0_c) + (-1.0 * delta)) < -16.0)
		(((-1.0 * delta) + (-1.0 * p23_c)) < -16.0)
		(((-1.0 * delta) + (-1.0 * p20_c)) < -16.0)
		(((-1.0 * p10_c) + (-1.0 * delta)) < -16.0)
		(((-1.0 * p15_c) + (-1.0 * delta)) < -16.0)
		(((-1.0 * delta) + (-1.0 * p6_c)) < -16.0)
		(((-1.0 * delta) + (-1.0 * p3_c)) < -16.0)
		(((-1.0 * p8_c) + (-1.0 * delta)) < -16.0)
		(((-1.0 * p24_c) + (-1.0 * delta)) < -16.0)
	Trans 2 -- 3
		_x_p2_c = (p2_c + delta)
		_x_p13_c = (p13_c + delta)
		_x_p24_c = (p24_c + delta)
		_x_p11_c = (p11_c + delta)
		_x_p1_c = (p1_c + delta)
		_x_p9_c = (p9_c + delta)
		_x_p12_c = (p12_c + delta)
		_x_p22_c = (p22_c + delta)
		_x_p23_c = (p23_c + delta)
		_x_p7_c = (delta + p7_c)
		_x_p20_c = (p20_c + delta)
		_x_p0_c = (p0_c + delta)
		_x_p10_c = (p10_c + delta)
		_x_p5_c = (delta + p5_c)
		_x__diverge_delta = delta
		_x_p16_c = (p16_c + delta)
		_x_p21_c = (p21_c + delta)
		_x_p8_c = (p8_c + delta)
		_x_p19_c = (p19_c + delta)
		_x_p4_c = (delta + p4_c)
		_x_p15_c = (p15_c + delta)
		_x_p18_c = (p18_c + delta)
		_x_p3_c = (delta + p3_c)
		_x_p14_c = (p14_c + delta)
		_x_p6_c = (delta + p6_c)
		_x_p17_c = (p17_c + delta)
		_x_delta = ((delta * 133/132) + 1.0)
	starting from: p7_c : 33/2, _diverge_delta : 33/2, delta : 17.0, p1_evt : True, p0_evt : True, p18_l1 : False, p2_evt : True, p18_l0 : False, p3_evt : True, p18_l2 : False, p4_evt : True, p18_l3 : False, p5_evt : True, p6_evt : True, p18_c : 33/2, p7_evt : True, p10_l1 : False, p10_l0 : False, p8_evt : True, p10_l2 : False, p9_evt : True, p10_l3 : False, p10_evt : True, p11_evt : True, p10_c : 33/2, p12_evt : True, p2_l1 : False, p13_evt : True, p2_l0 : False, p14_evt : True, p2_l2 : False, p15_evt : True, p2_l3 : False, p16_evt : True, p2_c : 33/2, p17_evt : True, p18_evt : True, p19_evt : True, p20_evt : True, p21_evt : True, p21_l1 : False, p21_l0 : False, p22_evt : True, p21_l2 : False, p23_evt : True, p21_l3 : False, p24_evt : True, p21_c : 33/2, v1 : 1, p13_l1 : False, v2 : True, p13_l0 : False, p13_l2 : False, p13_l3 : False, p13_c : 33/2, p5_l1 : False, p5_l0 : False, p5_l2 : False, p5_l3 : False, p5_c : 33/2, p24_l1 : False, p24_l0 : False, p24_l2 : False, p24_l3 : False, p24_c : 33/2, p16_l1 : False, p16_l0 : False, p16_l2 : False, p16_l3 : False, p16_c : 33/2, p8_l1 : False, p8_l0 : False, p8_l2 : False, p8_l3 : False, p0_l1 : False, p8_c : 33/2, p0_l0 : False, p0_l2 : False, p0_l3 : False, p0_c : 33/2, p19_l1 : False, p19_l0 : False, p19_l2 : False, p19_l3 : False, p19_c : 33/2, p11_l1 : False, p11_l0 : False, p11_l2 : False, p11_l3 : False, p11_c : 33/2, p3_l1 : False, p3_l0 : False, p3_l2 : False, p3_l3 : False, p3_c : 33/2, p22_l1 : False, p22_l0 : False, p22_l2 : False, p22_l3 : False, p22_c : 33/2, p14_l1 : False, p14_l0 : False, p14_l2 : False, p14_l3 : False, _J5554 : True, _J5548 : True, p14_c : 33/2, _J5541 : True, p6_l1 : False, _J5535 : True, p6_l0 : False, _J5530 : True, _J5524 : True, p6_l2 : False, _EL_U_5487 : True, p6_l3 : False, _EL_U_5489 : False, _EL_U_5491 : True, p6_c : 33/2, _EL_U_5493 : False, _EL_U_5495 : False, _EL_U_5497 : True, p17_l1 : False, p17_l0 : False, p17_l2 : False, p17_l3 : False, p17_c : 33/2, p9_l1 : False, p9_l0 : False, p9_l2 : False, p9_l3 : False, p9_c : 33/2, p1_l1 : False, p1_l0 : False, p1_l2 : False, p1_l3 : False, p1_c : 33/2, p20_l1 : False, p20_l0 : False, p20_l2 : False, p20_l3 : False, p20_c : 33/2, p12_l1 : False, p12_l0 : False, p12_l2 : False, p12_l3 : False, p12_c : 33/2, p4_l1 : False, p4_l0 : False, p4_l2 : False, p4_l3 : False, p4_c : 33/2, p23_l1 : False, p23_l0 : False, p23_l2 : False, p23_l3 : False, p23_c : 33/2, p15_l1 : False, p15_l0 : False, p15_l2 : False, p15_l3 : False, p15_c : 33/2, p7_l1 : False, p7_l0 : False, p7_l2 : False, p7_l3 : False

end of `lynch_protocol_0025`: SUCCESS in 94.5254499912262s
