

run 1/1: `lynch_protocol_0007`

	Found non-termination argument:
	State 1
		p6_l2 = False
		p6_l1 = False
		p6_l0 = False
		p6_evt = False
		p5_l3 = False
		p5_l2 = False
		p5_l1 = False
		p5_l0 = False
		p5_evt = False
		p4_l3 = False
		p4_l2 = False
		p4_l1 = False
		p4_l0 = False
		p1_evt = False
		p0_l0 = False
		p1_l3 = False
		p6_l3 = False
		p0_evt = False
		p1_l2 = False
		p0_l3 = False
		p2_l0 = False
		p1_l1 = False
		v2 = True
		p1_l0 = False
		v1 = 1
		p2_evt = False
		p2_l1 = False
		p2_l2 = False
		p2_l3 = False
		p0_l1 = False
		_EL_U_1585 = False
		p3_l0 = False
		p0_l2 = False
		p3_evt = False
		p3_l1 = False
		p3_l2 = False
		p3_l3 = False
		_EL_U_1593 = True
		p4_evt = False
		_J1620 = True
		_J1626 = True
		_J1631 = True
		_J1637 = True
		_J1644 = True
		_J1650 = True
		_EL_U_1583 = True
		_EL_U_1587 = True
		_EL_U_1589 = False
		_EL_U_1591 = False
		((-1.0 * _diverge_delta) <= -1.0)
		((-1.0 * p2_c) < -16.0)
		((-1.0 * delta) <= -1.0)
		((-1.0 * p1_c) < -16.0)
		((-1.0 * delta) < 0.0)
		((-1.0 * p5_c) < -16.0)
		((-1.0 * p4_c) < -16.0)
		((-1.0 * p0_c) < -16.0)
		((-1.0 * p3_c) < -16.0)
		((-1.0 * p6_c) < -16.0)
	Trans 1 -- 2
		_x_delta = (delta + p6_c + p3_c + _diverge_delta + p5_c + p4_c + p0_c + p1_c + p2_c + -1.0)
		_x_p6_c = (p6_c + delta)
		_x_p3_c = (p3_c + delta)
		_x__diverge_delta = delta
		_x_p5_c = (p5_c + delta)
		_x_p4_c = (p4_c + delta)
		_x_p0_c = (p0_c + delta)
		_x_p1_c = (p1_c + delta)
		_x_p2_c = (p2_c + delta)
	State 2
		p6_l2 = False
		p6_l1 = False
		p6_l0 = False
		p6_evt = False
		p5_l3 = False
		p5_l2 = False
		p5_l1 = False
		p5_l0 = False
		p5_evt = False
		p4_l3 = False
		p4_l2 = False
		p4_l1 = False
		p4_l0 = False
		p1_evt = False
		p0_l0 = False
		p1_l3 = False
		p6_l3 = False
		p0_evt = False
		p1_l2 = False
		p0_l3 = False
		p2_l0 = False
		p1_l1 = False
		v2 = True
		p1_l0 = False
		v1 = 1
		p2_evt = False
		p2_l1 = False
		p2_l2 = False
		p2_l3 = False
		p0_l1 = False
		_EL_U_1585 = False
		p3_l0 = False
		p0_l2 = False
		p3_evt = False
		p3_l1 = False
		p3_l2 = False
		p3_l3 = False
		_EL_U_1593 = True
		p4_evt = False
		_J1620 = False
		_J1626 = False
		_J1631 = False
		_J1637 = False
		_J1644 = False
		_J1650 = False
		_EL_U_1583 = True
		_EL_U_1587 = True
		_EL_U_1589 = False
		_EL_U_1591 = False
		(((-1.0 * delta) + (-1.0 * p1_c)) < -16.0)
		(((-1.0 * p3_c) + (-1.0 * delta)) < -16.0)
		((-1.0 * delta) <= -1.0)
		(((-1.0 * p5_c) + (-1.0 * delta)) < -16.0)
		(((-1.0 * p6_c) + (-1.0 * delta)) < -16.0)
		(((-1.0 * p4_c) + (-1.0 * delta)) < -16.0)
		(((-1.0 * delta) + (-1.0 * p2_c)) < -16.0)
		(((-1.0 * p0_c) + (-1.0 * delta)) < -16.0)
	Trans 2 -- 3
		_x_delta = (((delta * 13/12) + p0_c + (-1.0 * p1_c) + -1/12) - ((p6_c * 1/12) + (p3_c * 1/12) + (_diverge_delta * 1/12) + (p5_c * 1/12) + (p4_c * 1/12) + (p2_c * 1/12)))
		_x_p6_c = (p6_c + delta)
		_x_p3_c = (p3_c + delta)
		_x__diverge_delta = delta
		_x_p5_c = (p5_c + delta)
		_x_p4_c = (p4_c + delta)
		_x_p0_c = (p0_c + delta)
		_x_p1_c = (p1_c + delta)
		_x_p2_c = (p2_c + delta)
	starting from: {delta: 1.0, p6_l2: False, p6_l1: False, p6_l0: False, p6_evt: False, p6_c: 33/2, p5_l3: False, p5_l2: False, p5_l1: False, _diverge_delta: 33/2, p5_l0: False, p5_evt: False, p5_c: 33/2, p4_l3: False, p4_l2: False, p4_l1: False, p4_l0: False, p1_evt: False, p0_c: 33/2, p0_l0: False, p1_l3: False, p6_l3: False, p1_c: 33/2, p0_evt: False, p1_l2: False, p0_l3: False, p2_c: 33/2, p2_l0: False, p1_l1: False, v2: True, p1_l0: False, v1: 1, p2_evt: False, p2_l1: False, p2_l2: False, p2_l3: False, p0_l1: False, p3_c: 33/2, p3_l0: False, p0_l2: False, p3_evt: False, p3_l1: False, p3_l2: False, p3_l3: False, p4_c: 33/2, p4_evt: False, _J1620: True, _J1626: True, _J1631: True, _J1637: True, _J1644: True, _J1650: True, _EL_U_1593: True, _EL_U_1583: True, _EL_U_1585: False, _EL_U_1587: True, _EL_U_1589: False, _EL_U_1591: False}

end of `lynch_protocol_0007`: SUCCESS in 2.1224324703216553s
