F3 run `lynch_protocol_0019`

	Found non-termination argument:
	State 1
		p18_l3 = False
		p14_l1 = False
		p14_l0 = False
		p14_l2 = False
		p10_l1 = False
		p14_l3 = False
		p10_l0 = False
		p10_l2 = False
		p10_l3 = False
		p6_l1 = False
		p6_l0 = False
		p6_l2 = False
		p1_evt = True
		p2_l1 = False
		p0_evt = True
		p2_l0 = False
		p6_l3 = False
		p2_evt = True
		p2_l2 = False
		p3_evt = True
		p2_l3 = False
		p4_evt = True
		_J4252 = True
		p5_evt = True
		_J4246 = True
		_J4239 = True
		p6_evt = True
		_J4233 = True
		p7_evt = True
		_J4228 = True
		_J4222 = True
		p8_evt = True
		_EL_U_4185 = True
		p9_evt = True
		_EL_U_4187 = False
		p10_evt = True
		_EL_U_4189 = True
		p11_evt = True
		_EL_U_4191 = False
		_EL_U_4193 = False
		p12_evt = True
		p17_l1 = False
		_EL_U_4195 = True
		p13_evt = True
		p17_l0 = False
		p14_evt = True
		p17_l2 = False
		p13_l1 = False
		p15_evt = True
		p13_l0 = False
		p17_l3 = False
		p16_evt = True
		p13_l2 = False
		p17_evt = True
		p13_l3 = False
		p9_l1 = False
		p18_evt = True
		p9_l0 = False
		p9_l2 = False
		p5_l1 = False
		v1 = 1
		p5_l0 = False
		v2 = True
		p9_l3 = False
		p5_l2 = False
		p5_l3 = False
		p1_l1 = False
		p1_l0 = False
		p1_l2 = False
		p1_l3 = False
		p16_l1 = False
		p16_l0 = False
		p16_l2 = False
		p16_l3 = False
		p12_l1 = False
		p12_l0 = False
		p12_l2 = False
		p8_l1 = False
		p12_l3 = False
		p8_l0 = False
		p8_l2 = False
		p8_l3 = False
		p4_l1 = False
		p4_l0 = False
		p0_l1 = False
		p4_l2 = False
		p0_l0 = False
		p4_l3 = False
		p0_l2 = False
		p0_l3 = False
		p15_l1 = False
		p15_l0 = False
		p15_l2 = False
		p11_l1 = False
		p15_l3 = False
		p11_l0 = False
		p11_l2 = False
		p11_l3 = False
		p7_l1 = False
		p7_l0 = False
		p7_l2 = False
		p3_l1 = False
		p7_l3 = False
		p3_l0 = False
		p3_l2 = False
		p3_l3 = False
		p18_l1 = False
		p18_l0 = False
		p18_l2 = False
		((-1.0 * _diverge_delta) <= -1.0)
		(((-1.0 * _diverge_delta) + delta) < 0.0)
		((-1.0 * p7_c) < -16.0)
		((-1.0 * p18_c) < -16.0)
		((-1.0 * p2_c) < -16.0)
		((-1.0 * p13_c) < -16.0)
		((-1.0 * p5_c) < -16.0)
		((-1.0 * p0_c) < -16.0)
		((-1.0 * p16_c) < -16.0)
		((-1.0 * delta) < 0.0)
		((-1.0 * p8_c) < -16.0)
		((-1.0 * p11_c) < -16.0)
		((-1.0 * p9_c) < -16.0)
		((-1.0 * p3_c) < -16.0)
		((-1.0 * delta) <= -1.0)
		((-1.0 * p14_c) < -16.0)
		((-1.0 * p6_c) < -16.0)
		((-1.0 * p1_c) < -16.0)
		((-1.0 * p17_c) < -16.0)
		((-1.0 * p12_c) < -16.0)
		((-1.0 * p4_c) < -16.0)
		((-1.0 * p15_c) < -16.0)
		((-1.0 * p10_c) < -16.0)
	Trans 1 -- 2
		_x_p2_c = (p2_c + delta)
		_x__diverge_delta = delta
		_x_p12_c = (p12_c + delta)
		_x_p1_c = (p1_c + delta)
		_x_p11_c = (p11_c + delta)
		_x_p18_c = (delta + p18_c)
		_x_p0_c = (p0_c + delta)
		_x_p9_c = (p9_c + delta)
		_x_p16_c = (p16_c + delta)
		_x_p5_c = (p5_c + delta)
		_x_p8_c = (p8_c + delta)
		_x_p15_c = (p15_c + delta)
		_x_p4_c = (p4_c + delta)
		_x_p7_c = (p7_c + delta)
		_x_p14_c = (p14_c + delta)
		_x_p17_c = (delta + p17_c)
		_x_p3_c = (p3_c + delta)
		_x_p6_c = (p6_c + delta)
		_x_p13_c = (p13_c + delta)
		_x_p10_c = (p10_c + delta)
		_x_delta = (((p18_c * 111/110) + (_diverge_delta * 109/110) + (p17_c * 111/110) + (p16_c * 111/110) + (p15_c * 111/110) + (p14_c * 111/110) + (p13_c * 111/110) + p12_c + p11_c + (p10_c * 111/110) + (p9_c * 111/110) + (p8_c * 111/110) + (p7_c * 111/110) + (p6_c * 111/110) + (p5_c * 109/110) + (p4_c * 111/110) + (p3_c * 111/110) + (p2_c * 111/110) + (p0_c * 111/110) + (p1_c * 111/110)) - (delta * 1/55))
	State 2
		p18_l3 = False
		p14_l1 = False
		p14_l0 = False
		p14_l2 = False
		p10_l1 = False
		p14_l3 = False
		p10_l0 = False
		p10_l2 = False
		p10_l3 = False
		p6_l1 = False
		p6_l0 = False
		p6_l2 = False
		p1_evt = True
		p2_l1 = False
		p0_evt = True
		p2_l0 = False
		p6_l3 = False
		p2_evt = True
		p2_l2 = False
		p3_evt = True
		p2_l3 = False
		p4_evt = True
		_J4252 = False
		p5_evt = True
		_J4246 = False
		_J4239 = False
		p6_evt = True
		_J4233 = False
		p7_evt = True
		_J4228 = False
		_J4222 = False
		p8_evt = True
		_EL_U_4185 = True
		p9_evt = True
		_EL_U_4187 = False
		p10_evt = True
		_EL_U_4189 = True
		p11_evt = True
		_EL_U_4191 = False
		_EL_U_4193 = False
		p12_evt = True
		p17_l1 = False
		_EL_U_4195 = True
		p13_evt = True
		p17_l0 = False
		p14_evt = True
		p17_l2 = False
		p13_l1 = False
		p15_evt = True
		p13_l0 = False
		p17_l3 = False
		p16_evt = True
		p13_l2 = False
		p17_evt = True
		p13_l3 = False
		p9_l1 = False
		p18_evt = True
		p9_l0 = False
		p9_l2 = False
		p5_l1 = False
		v1 = 1
		p5_l0 = False
		v2 = True
		p9_l3 = False
		p5_l2 = False
		p5_l3 = False
		p1_l1 = False
		p1_l0 = False
		p1_l2 = False
		p1_l3 = False
		p16_l1 = False
		p16_l0 = False
		p16_l2 = False
		p16_l3 = False
		p12_l1 = False
		p12_l0 = False
		p12_l2 = False
		p8_l1 = False
		p12_l3 = False
		p8_l0 = False
		p8_l2 = False
		p8_l3 = False
		p4_l1 = False
		p4_l0 = False
		p0_l1 = False
		p4_l2 = False
		p0_l0 = False
		p4_l3 = False
		p0_l2 = False
		p0_l3 = False
		p15_l1 = False
		p15_l0 = False
		p15_l2 = False
		p11_l1 = False
		p15_l3 = False
		p11_l0 = False
		p11_l2 = False
		p11_l3 = False
		p7_l1 = False
		p7_l0 = False
		p7_l2 = False
		p3_l1 = False
		p7_l3 = False
		p3_l0 = False
		p3_l2 = False
		p3_l3 = False
		p18_l1 = False
		p18_l0 = False
		p18_l2 = False
		(((-1.0 * p17_c) + (-1.0 * delta)) < -16.0)
		(((-1.0 * p8_c) + (-1.0 * delta)) < -16.0)
		(((-1.0 * delta) + (-1.0 * p18_c)) < -16.0)
		(((-1.0 * p12_c) + (-1.0 * delta)) < -16.0)
		(((-1.0 * p11_c) + (-1.0 * delta)) < -16.0)
		(((-1.0 * delta) + (-1.0 * p2_c)) < -16.0)
		(((-1.0 * p4_c) + (-1.0 * delta)) < -16.0)
		(((-1.0 * p9_c) + (-1.0 * delta)) < -16.0)
		(((-1.0 * delta) + (-1.0 * p13_c)) < -16.0)
		(((-1.0 * p15_c) + (-1.0 * delta)) < -16.0)
		(((-1.0 * p3_c) + (-1.0 * delta)) < -16.0)
		(((-1.0 * delta) + (-1.0 * p5_c)) < -16.0)
		(((-1.0 * p10_c) + (-1.0 * delta)) < -16.0)
		(((-1.0 * p14_c) + (-1.0 * delta)) < -16.0)
		(((-1.0 * delta) + (-1.0 * p0_c)) < -16.0)
		((-1.0 * delta) <= -1.0)
		(((-1.0 * p6_c) + (-1.0 * delta)) < -16.0)
		(((-1.0 * delta) + (-1.0 * p16_c)) < -16.0)
		(((-1.0 * p1_c) + (-1.0 * delta)) < -16.0)
		(((-1.0 * delta) + (-1.0 * p7_c)) < -16.0)
	Trans 2 -- 3
		_x_p2_c = (p2_c + delta)
		_x__diverge_delta = delta
		_x_p12_c = (p12_c + delta)
		_x_p1_c = (p1_c + delta)
		_x_p11_c = (p11_c + delta)
		_x_p18_c = (delta + p18_c)
		_x_p0_c = (p0_c + delta)
		_x_p9_c = (p9_c + delta)
		_x_p16_c = (p16_c + delta)
		_x_p5_c = (p5_c + delta)
		_x_p8_c = (p8_c + delta)
		_x_p15_c = (p15_c + delta)
		_x_p4_c = (p4_c + delta)
		_x_p7_c = (p7_c + delta)
		_x_p14_c = (p14_c + delta)
		_x_p17_c = (delta + p17_c)
		_x_p3_c = (p3_c + delta)
		_x_p6_c = (p6_c + delta)
		_x_p13_c = (p13_c + delta)
		_x_p10_c = (p10_c + delta)
		_x_delta = (((p18_c * 3473/387200) + (p17_c * 3473/387200) + (delta * 111/112) + (p16_c * 3473/387200) + (p15_c * 3473/387200) + (p14_c * 3473/387200) + (p13_c * 3473/387200) + (p12_c * 24091/2710400) + (p11_c * 24091/2710400) + (p10_c * 3473/387200) + (p9_c * 3473/387200) + (p8_c * 3473/387200) + (p7_c * 3473/387200) + (p6_c * 3473/387200) + (p5_c * 23871/2710400) + (p4_c * 3473/387200) + (p3_c * 3473/387200) + (p2_c * 3473/387200) + (p0_c * 3473/387200) + (p1_c * 3473/387200)) - (_diverge_delta * 111/110))
	starting from: p18_l3 : False, p18_c : 65/4, _diverge_delta : 65/4, p10_l1 : False, delta : 1.0, p10_l0 : False, p10_l2 : False, p10_l3 : False, p10_c : 65/4, p1_evt : True, p2_l1 : False, p0_evt : True, p2_l0 : False, p2_evt : True, p2_l2 : False, p3_evt : True, p2_l3 : False, p4_evt : True, _J4252 : True, p2_c : 65/4, _J4246 : True, p5_evt : True, _J4239 : True, p6_evt : True, _J4233 : True, p7_evt : True, _J4228 : True, _J4222 : True, p8_evt : True, _EL_U_4185 : True, p9_evt : True, _EL_U_4187 : False, p10_evt : True, _EL_U_4189 : True, p11_evt : True, _EL_U_4191 : False, _EL_U_4193 : False, p12_evt : True, _EL_U_4195 : True, p13_evt : True, p14_evt : True, p13_l1 : False, p15_evt : True, p13_l0 : False, p16_evt : True, p13_l2 : False, p17_evt : True, p13_l3 : False, p18_evt : True, p13_c : 65/4, p5_l1 : False, v1 : 1, p5_l0 : False, v2 : True, p5_l2 : False, p5_l3 : False, p5_c : 65/4, p16_l1 : False, p16_l0 : False, p16_l2 : False, p16_l3 : False, p16_c : 65/4, p8_l1 : False, p8_l0 : False, p8_l2 : False, p8_l3 : False, p0_l1 : False, p8_c : 65/4, p0_l0 : False, p0_l2 : False, p0_l3 : False, p0_c : 65/4, p11_l1 : False, p11_l0 : False, p11_l2 : False, p11_l3 : False, p11_c : 65/4, p3_l1 : False, p3_l0 : False, p3_l2 : False, p3_l3 : False, p3_c : 65/4, p14_l1 : False, p14_l0 : False, p14_l2 : False, p14_l3 : False, p14_c : 65/4, p6_l1 : False, p6_l0 : False, p6_l2 : False, p6_l3 : False, p6_c : 65/4, p17_l1 : False, p17_l0 : False, p17_l2 : False, p17_l3 : False, p17_c : 65/4, p9_l1 : False, p9_l0 : False, p9_l2 : False, p9_l3 : False, p9_c : 65/4, p1_l1 : False, p1_l0 : False, p1_l2 : False, p1_l3 : False, p1_c : 65/4, p12_l1 : False, p12_l0 : False, p12_l2 : False, p12_l3 : False, p12_c : 65/4, p4_l1 : False, p4_l0 : False, p4_l2 : False, p4_l3 : False, p4_c : 65/4, p15_l1 : False, p15_l0 : False, p15_l2 : False, p15_l3 : False, p15_c : 65/4, p7_l1 : False, p7_l0 : False, p7_l2 : False, p7_l3 : False, p7_c : 65/4, p18_l1 : False, p18_l0 : False, p18_l2 : False

end of `lynch_protocol_0019`: SUCCESS in 18.56450080871582s
