F3 run `lynch_protocol_0006`

	Found non-termination argument:
	State 1
		p5_l1 = False
		p5_l0 = False
		p3_l1 = False
		p5_l2 = False
		p3_l0 = False
		p5_l3 = False
		p3_l2 = False
		p1_l1 = False
		p1_l0 = False
		p3_l3 = False
		p1_l2 = False
		p1_l3 = False
		p1_evt = True
		p0_evt = True
		p2_evt = True
		p3_evt = True
		p4_evt = True
		p5_evt = True
		v1 = 1
		v2 = True
		_J1434 = True
		_J1428 = True
		_J1421 = True
		_J1415 = True
		_J1410 = True
		_J1404 = True
		_EL_U_1367 = True
		p4_l1 = False
		_EL_U_1369 = False
		p4_l0 = False
		_EL_U_1371 = True
		p0_l1 = False
		p2_l1 = False
		p4_l2 = False
		p0_l0 = False
		p2_l0 = False
		p4_l3 = False
		p2_l2 = False
		p0_l2 = False
		p0_l3 = False
		p2_l3 = False
		_EL_U_1373 = False
		_EL_U_1375 = False
		_EL_U_1377 = True
		((-1.0 * _diverge_delta) <= -1.0)
		((-1.0 * p4_c) < -16.0)
		((-1.0 * delta) < 0.0)
		((-1.0 * p2_c) < -16.0)
		(((-1.0 * _diverge_delta) + delta) < 0.0)
		((-1.0 * p3_c) < -16.0)
		((-1.0 * p5_c) < -16.0)
		((-1.0 * p1_c) < -16.0)
		((-1.0 * p0_c) < -16.0)
		((-1.0 * delta) <= -1.0)
	Trans 1 -- 2
		_x__diverge_delta = delta
		_x_p4_c = (p4_c + delta)
		_x_p1_c = (p1_c + delta)
		_x_p3_c = (p3_c + delta)
		_x_p0_c = (p0_c + delta)
		_x_p5_c = (p5_c + delta)
		_x_p2_c = (p2_c + delta)
		_x_delta = (_diverge_delta + delta + p5_c + p4_c + p3_c + p0_c + p2_c + p1_c + 1.0)
	State 2
		p5_l1 = False
		p5_l0 = False
		p3_l1 = False
		p5_l2 = False
		p3_l0 = False
		p5_l3 = False
		p3_l2 = False
		p1_l1 = False
		p1_l0 = False
		p3_l3 = False
		p1_l2 = False
		p1_l3 = False
		p1_evt = True
		p0_evt = True
		p2_evt = True
		p3_evt = True
		p4_evt = True
		p5_evt = True
		v1 = 1
		v2 = True
		_J1434 = False
		_J1428 = False
		_J1421 = False
		_J1415 = False
		_J1410 = False
		_J1404 = False
		_EL_U_1367 = True
		p4_l1 = False
		_EL_U_1369 = False
		p4_l0 = False
		_EL_U_1371 = True
		p0_l1 = False
		p2_l1 = False
		p4_l2 = False
		p0_l0 = False
		p2_l0 = False
		p4_l3 = False
		p2_l2 = False
		p0_l2 = False
		p0_l3 = False
		p2_l3 = False
		_EL_U_1373 = False
		_EL_U_1375 = False
		_EL_U_1377 = True
		(((-1.0 * p1_c) + (-1.0 * delta)) < -16.0)
		(((-1.0 * p2_c) + (-1.0 * delta)) < -16.0)
		(((-1.0 * p5_c) + (-1.0 * delta)) < -16.0)
		(((-1.0 * delta) + (-1.0 * p4_c)) < -16.0)
		(((-1.0 * p0_c) + (-1.0 * delta)) < -16.0)
		((-1.0 * delta) <= -1.0)
		(((-1.0 * p3_c) + (-1.0 * delta)) < -16.0)
	Trans 2 -- 3
		_x__diverge_delta = delta
		_x_p4_c = (p4_c + delta)
		_x_p1_c = (p1_c + delta)
		_x_p3_c = (p3_c + delta)
		_x_p0_c = (p0_c + delta)
		_x_p5_c = (p5_c + delta)
		_x_p2_c = (p2_c + delta)
		_x_delta = (((delta * 1/8) + (p5_c * 1/16) + (p3_c * 1/16) + (p2_c * 1/16) + (p1_c * 13/16) + -1.0) - ((_diverge_delta * 1/16) + (p4_c * 1/16) + (p0_c * 1/16)))
	starting from: p5_l1 : False, p5_l0 : False, _diverge_delta : 65/4, p3_l1 : False, p5_l2 : False, delta : 1.0, p3_l0 : False, p5_l3 : False, p3_l2 : False, p1_l1 : False, p1_l0 : False, p3_l3 : False, p5_c : 65/4, p1_l2 : False, p1_l3 : False, p3_c : 65/4, p1_evt : True, p0_evt : True, p1_c : 65/4, p2_evt : True, p3_evt : True, p4_evt : True, p5_evt : True, v1 : 1, v2 : True, _J1434 : True, _J1428 : True, _J1421 : True, _J1415 : True, _J1410 : True, _J1404 : True, _EL_U_1367 : True, p4_l1 : False, _EL_U_1369 : False, p4_l0 : False, _EL_U_1371 : True, p0_l1 : False, p2_l1 : False, p4_l2 : False, p0_l0 : False, p2_l0 : False, p4_l3 : False, p2_l2 : False, p0_l2 : False, p0_l3 : False, p2_l3 : False, p4_c : 65/4, _EL_U_1373 : False, _EL_U_1375 : False, p0_c : 65/4, p2_c : 65/4, _EL_U_1377 : True

end of `lynch_protocol_0006`: SUCCESS in 3.553499460220337s
