

run 1/1: `lynch_protocol_0011`

	Found non-termination argument:
	Do states 1..1 while ((p4_c + p7_c + p1_c + p8_c + p0_c + p10_c + p3_c + p2_c + p5_c + (p9_c * 1/4) + (p6_c * 1/4) + delta + -107/4) < 0.0)
	State 1
		_EL_U_2456 = False
		p10_l3 = False
		p10_l2 = False
		p10_l1 = False
		p10_l0 = False
		p10_evt = False
		_EL_U_2458 = False
		p3_l3 = False
		p3_evt = False
		p0_l2 = False
		p8_l3 = False
		p0_l1 = False
		p2_l3 = False
		p2_evt = False
		v1 = 1
		v2 = False
		p0_l3 = False
		p8_evt = False
		p8_l2 = False
		p4_evt = False
		p9_l3 = False
		p3_l2 = False
		p6_l3 = False
		p1_l3 = False
		_diverge_delta = 33/2
		p0_l0 = False
		p8_l1 = False
		p1_evt = False
		p1_l1 = False
		p7_l3 = False
		p4_l2 = False
		p1_l2 = False
		p4_l3 = False
		p5_evt = False
		p5_l0 = False
		p2_l0 = False
		p0_evt = False
		p5_l1 = False
		p2_l1 = False
		p5_l2 = False
		p2_l2 = False
		p5_l3 = False
		p9_l0 = False
		p6_l0 = False
		p9_l1 = False
		p3_l0 = False
		p6_l1 = False
		p9_l2 = False
		p3_l1 = False
		p6_l2 = False
		p7_evt = False
		p7_l0 = False
		p4_l0 = False
		p7_l1 = False
		p1_l0 = False
		p4_l1 = False
		p7_l2 = False
		p8_l0 = False
		p6_evt = False
		p9_evt = False
		_J2487 = True
		_J2493 = True
		_J2498 = True
		_J2504 = True
		_J2511 = True
		_J2517 = True
		_EL_U_2460 = True
		_EL_U_2450 = True
		_EL_U_2452 = False
		_EL_U_2454 = True
		((-1.0 * p7_c) < 0.0)
		(delta = 33/2)
		((-1.0 * p0_c) < -16.0)
		((-1.0 * p10_c) < -16.0)
		((-1.0 * p3_c) < -16.0)
		((-1.0 * p2_c) < -16.0)
		((-1.0 * p8_c) < -16.0)
		((-1.0 * p6_c) < -16.0)
		((-1.0 * p4_c) < -16.0)
		((-1.0 * p5_c) < -16.0)
		((-1.0 * p9_c) < -16.0)
		((-1.0 * p1_c) < 0.0)
		((-1.0 * p9_c) <= 0.0)
		((-1.0 * delta) < 0.0)
		((-1.0 * p7_c) < -16.0)
		((-1.0 * p1_c) < -16.0)
		((-1.0 * p4_c) < 0.0)
	Trans 1 -- 1
		_x_delta : 33/2
		_x_p6_c : (p6_c + delta)
		_x_p9_c : (p9_c + delta)
		_x_p5_c : (p5_c + delta)
		_x_p2_c : (p2_c + delta)
		_x_p3_c : (p3_c + delta)
		_x_p10_c : (p10_c + delta)
		_x_p0_c : (p0_c + delta)
		_x_p8_c : (p8_c + delta)
		_x_p1_c : (p1_c + delta)
		_x_p7_c : (p7_c + delta)
		_x_p4_c : (p4_c + delta)
	End do-while
	State 1
		_EL_U_2456 = False
		p10_l3 = False
		p10_l2 = False
		p10_l1 = False
		p10_l0 = False
		p10_evt = False
		_EL_U_2458 = False
		p3_l3 = False
		p3_evt = False
		p0_l2 = False
		p8_l3 = False
		p0_l1 = False
		p2_l3 = False
		p2_evt = False
		v1 = 1
		v2 = False
		p0_l3 = False
		p8_evt = False
		p8_l2 = False
		p4_evt = False
		p9_l3 = False
		p3_l2 = False
		p6_l3 = False
		p1_l3 = False
		_diverge_delta = 33/2
		p0_l0 = False
		p8_l1 = False
		p1_evt = False
		p1_l1 = False
		p7_l3 = False
		p4_l2 = False
		p1_l2 = False
		p4_l3 = False
		p5_evt = False
		p5_l0 = False
		p2_l0 = False
		p0_evt = False
		p5_l1 = False
		p2_l1 = False
		p5_l2 = False
		p2_l2 = False
		p5_l3 = False
		p9_l0 = False
		p6_l0 = False
		p9_l1 = False
		p3_l0 = False
		p6_l1 = False
		p9_l2 = False
		p3_l1 = False
		p6_l2 = False
		p7_evt = False
		p7_l0 = False
		p4_l0 = False
		p7_l1 = False
		p1_l0 = False
		p4_l1 = False
		p7_l2 = False
		p8_l0 = False
		p6_evt = False
		p9_evt = False
		_J2487 = True
		_J2493 = True
		_J2498 = True
		_J2504 = True
		_J2511 = True
		_J2517 = True
		_EL_U_2460 = True
		_EL_U_2450 = True
		_EL_U_2452 = False
		_EL_U_2454 = True
		(((-1.0 * delta) + (-1.0 * p4_c)) < 1/2)
		(((-1.0 * delta) + (-1.0 * p10_c)) < 1/2)
		(((-1.0 * delta) + (-1.0 * p1_c)) < 1/2)
		(((-1.0 * delta) + (-1.0 * p2_c)) < 1/2)
		(((-1.0 * delta) + (-1.0 * p4_c)) < 33/2)
		(((-1.0 * delta) + (-1.0 * p9_c)) < 1/2)
		(((-1.0 * delta) + (-1.0 * p9_c)) <= 33/2)
		((((-1.0 * delta) + (-1.0 * p5_c) + (-1.0 * p2_c) + (-1.0 * p3_c) + (-1.0 * p10_c) + (-1.0 * p0_c) + (-1.0 * p8_c) + (-1.0 * p1_c) + (-1.0 * p7_c) + (-1.0 * p4_c) + 107/4) - ((p6_c * 1/4) + (p9_c * 1/4))) <= 0.0)
		(delta = 33/2)
		(((-1.0 * delta) + (-1.0 * p6_c)) < 1/2)
		(((-1.0 * delta) + (-1.0 * p0_c)) < 1/2)
		(((-1.0 * p7_c) + (-1.0 * delta)) < 33/2)
		(((-1.0 * delta) + (-1.0 * p5_c)) < 1/2)
		(((-1.0 * delta) + (-1.0 * p3_c)) < 1/2)
		(((-1.0 * p7_c) + (-1.0 * delta)) < 1/2)
		(((-1.0 * delta) + (-1.0 * p1_c)) < 33/2)
		(((-1.0 * delta) + (-1.0 * p8_c)) < 1/2)
	Trans 1 -- 2
		_x_delta = 33/2
		_x_p6_c = (p6_c + delta)
		_x_p9_c = (p9_c + delta)
		_x_p5_c = (p5_c + delta)
		_x_p2_c = (p2_c + delta)
		_x_p3_c = (p3_c + delta)
		_x_p10_c = (p10_c + delta)
		_x_p0_c = (p0_c + delta)
		_x_p8_c = (p8_c + delta)
		_x_p1_c = (p1_c + delta)
		_x_p7_c = (p7_c + delta)
		_x_p4_c = (p4_c + delta)
	State 2
		_EL_U_2456 = False
		p10_l3 = False
		p10_l2 = False
		p10_l1 = False
		p10_l0 = False
		p10_evt = False
		_EL_U_2458 = False
		p3_l3 = False
		p3_evt = False
		p0_l2 = False
		p8_l3 = False
		p0_l1 = False
		p2_l3 = False
		p2_evt = False
		v1 = 1
		v2 = False
		p0_l3 = False
		p8_evt = False
		p8_l2 = False
		p4_evt = False
		p9_l3 = False
		p3_l2 = False
		p6_l3 = False
		p1_l3 = False
		_diverge_delta = 33/2
		p0_l0 = False
		p8_l1 = False
		p1_evt = False
		p1_l1 = False
		p7_l3 = False
		p4_l2 = False
		p1_l2 = False
		p4_l3 = False
		p5_evt = False
		p5_l0 = False
		p2_l0 = False
		p0_evt = False
		p5_l1 = False
		p2_l1 = False
		p5_l2 = False
		p2_l2 = False
		p5_l3 = False
		p9_l0 = False
		p6_l0 = False
		p9_l1 = False
		p3_l0 = False
		p6_l1 = False
		p9_l2 = False
		p3_l1 = False
		p6_l2 = False
		p7_evt = False
		p7_l0 = False
		p4_l0 = False
		p7_l1 = False
		p1_l0 = False
		p4_l1 = False
		p7_l2 = False
		p8_l0 = False
		p6_evt = False
		p9_evt = False
		_J2487 = False
		_J2493 = False
		_J2498 = False
		_J2504 = False
		_J2511 = False
		_J2517 = False
		_EL_U_2460 = True
		_EL_U_2450 = True
		_EL_U_2452 = False
		_EL_U_2454 = True
	Trans 2 -- 3
		_x_delta = 33/2
		_x_p6_c = (p6_c + delta)
		_x_p9_c = (p9_c + delta)
		_x_p5_c = (p5_c + delta)
		_x_p2_c = (p2_c + delta)
		_x_p3_c = (p3_c + delta)
		_x_p10_c = (p10_c + delta)
		_x_p0_c = (p0_c + delta)
		_x_p8_c = (p8_c + delta)
		_x_p1_c = (p1_c + delta)
		_x_p7_c = (p7_c + delta)
		_x_p4_c = (p4_c + delta)
	starting from: {delta: 33/2, p10_l3: False, p10_l2: False, p10_l1: False, p10_l0: False, p10_evt: False, p10_c: 33/2, p3_l3: False, p3_evt: False, p0_l2: False, p8_l3: False, p0_l1: False, p2_l3: False, p2_evt: False, v1: 1, v2: False, p8_c: 33/2, p0_l3: False, p8_evt: False, p8_l2: False, p4_evt: False, p1_c: 33/2, p9_l3: False, p3_l2: False, p6_l3: False, p1_l3: False, _diverge_delta: 33/2, p0_l0: False, p8_l1: False, p1_evt: False, p1_l1: False, p7_l3: False, p4_l2: False, p1_l2: False, p4_l3: False, p5_c: 33/2, p2_c: 33/2, p5_evt: False, p0_c: 33/2, p5_l0: False, p2_l0: False, p0_evt: False, p5_l1: False, p2_l1: False, p5_l2: False, p2_l2: False, p5_l3: False, p9_l0: False, p6_l0: False, p9_l1: False, p3_l0: False, p6_l1: False, p9_l2: False, p3_l1: False, p6_l2: False, p7_c: 33/2, p4_c: 33/2, p7_evt: False, p7_l0: False, p4_l0: False, p7_l1: False, p1_l0: False, p4_l1: False, p7_l2: False, p8_l0: False, p6_c: 33/2, p9_c: 33/2, p3_c: 33/2, p6_evt: False, p9_evt: False, _J2487: True, _J2493: True, _J2498: True, _J2504: True, _J2511: True, _J2517: True, _EL_U_2450: True, _EL_U_2452: False, _EL_U_2454: True, _EL_U_2456: False, _EL_U_2458: False, _EL_U_2460: True}

end of `lynch_protocol_0011`: SUCCESS in 2.093601703643799s
