

run 1/1: `lynch_protocol_0021`

	Found non-termination argument:
	State 1
		p20_l3 = False
		p20_l2 = False
		p9_evt = False
		p8_l0 = False
		p7_l2 = False
		p4_l1 = False
		p1_l0 = False
		p13_l1 = False
		p16_l1 = False
		p4_l0 = False
		p16_l0 = False
		p7_evt = False
		p3_l1 = False
		p9_l2 = False
		p18_l1 = False
		p3_l0 = False
		p9_l1 = False
		p18_l0 = False
		p9_l0 = False
		p5_l3 = False
		p11_l3 = False
		p5_l2 = False
		p11_l2 = False
		p20_l1 = False
		p5_l1 = False
		p6_evt = False
		p0_evt = False
		p20_l0 = False
		p5_evt = False
		p11_evt = False
		p4_l3 = False
		p1_l2 = False
		p13_l3 = False
		p16_l3 = False
		p4_l2 = False
		p7_l3 = False
		p1_l1 = False
		p13_l2 = False
		p16_l2 = False
		p11_l1 = False
		p1_evt = False
		p8_l1 = False
		p14_l0 = False
		p17_l0 = False
		p6_l0 = False
		p0_l0 = False
		p1_l3 = False
		p3_l2 = False
		p9_l3 = False
		p18_l2 = False
		p11_l0 = False
		p4_evt = False
		p13_evt = False
		p16_evt = False
		p8_l2 = False
		p14_l1 = False
		p17_l1 = False
		p8_evt = False
		p7_l0 = False
		p6_l3 = False
		p0_l3 = False
		v2 = True
		v1 = 1
		p7_l1 = False
		p14_evt = False
		p17_evt = False
		p20_evt = False
		p6_l1 = False
		p0_l1 = False
		p8_l3 = False
		p14_l2 = False
		p17_l2 = False
		p6_l2 = False
		p0_l2 = False
		p13_l0 = False
		p3_evt = False
		p18_evt = False
		p3_l3 = False
		p18_l3 = False
		p10_evt = False
		p10_l0 = False
		p10_l1 = False
		p2_l0 = False
		p19_l0 = False
		p10_l2 = False
		p2_l1 = False
		p19_l1 = False
		p10_l3 = False
		p2_l2 = False
		p19_l2 = False
		p5_l0 = False
		p12_evt = False
		p15_evt = False
		p12_l0 = False
		p15_l0 = False
		p12_l1 = False
		p15_l1 = False
		p12_l2 = False
		p15_l2 = False
		p12_l3 = False
		p15_l3 = False
		p14_l3 = False
		p17_l3 = False
		p2_evt = False
		p19_evt = False
		p2_l3 = False
		p19_l3 = False
		_J4656 = True
		_J4662 = True
		_J4667 = True
		_J4673 = True
		_J4680 = True
		_J4686 = True
		_EL_U_4619 = True
		_EL_U_4621 = False
		_EL_U_4623 = True
		_EL_U_4625 = False
		_EL_U_4627 = False
		_EL_U_4629 = True
		((-1.0 * p12_c) < -16.0)
		((-1.0 * p8_c) < -16.0)
		((-1.0 * p1_c) < -16.0)
		((-1.0 * p17_c) < -16.0)
		((-1.0 * p6_c) < -16.0)
		((-1.0 * p11_c) < -16.0)
		((-1.0 * delta) <= -1.0)
		((-1.0 * p0_c) < -16.0)
		((-1.0 * _diverge_delta) <= -1.0)
		((-1.0 * p15_c) < -16.0)
		((-1.0 * p4_c) < -16.0)
		((-1.0 * p2_c) < -16.0)
		((-1.0 * p18_c) < -16.0)
		((-1.0 * p7_c) < -16.0)
		((-1.0 * p20_c) < -16.0)
		((-1.0 * p13_c) < -16.0)
		((-1.0 * p16_c) < -16.0)
		((-1.0 * p5_c) < -16.0)
		((-1.0 * p10_c) < -16.0)
		((-1.0 * p14_c) < -16.0)
		((-1.0 * p3_c) < -16.0)
		((-1.0 * delta) < 0.0)
		((-1.0 * p19_c) < -16.0)
		((-1.0 * p9_c) < -16.0)
	Trans 1 -- 2
		_x_delta = (p1_c + p8_c + p16_c + p6_c + (p20_c * 65/72))
		_x_p1_c = (p1_c + delta)
		_x_p3_c = (p3_c + delta)
		_x_p18_c = (p18_c + delta)
		_x_p9_c = (p9_c + delta)
		_x_p14_c = (p14_c + delta)
		_x_p17_c = (p17_c + delta)
		_x_p8_c = (p8_c + delta)
		_x_p4_c = (p4_c + delta)
		_x_p13_c = (p13_c + delta)
		_x_p16_c = (p16_c + delta)
		_x_p7_c = (p7_c + delta)
		_x__diverge_delta = delta
		_x_p10_c = (p10_c + delta)
		_x_p2_c = (p2_c + delta)
		_x_p6_c = (p6_c + delta)
		_x_p0_c = (p0_c + delta)
		_x_p19_c = (p19_c + delta)
		_x_p20_c = (p20_c + delta)
		_x_p5_c = (p5_c + delta)
		_x_p11_c = (p11_c + delta)
		_x_p12_c = (p12_c + delta)
		_x_p15_c = (p15_c + delta)
	State 2
		p20_l3 = False
		p20_l2 = False
		p9_evt = False
		p8_l0 = False
		p7_l2 = False
		p4_l1 = False
		p1_l0 = False
		p13_l1 = False
		p16_l1 = False
		p4_l0 = False
		p16_l0 = False
		p7_evt = False
		p3_l1 = False
		p9_l2 = False
		p18_l1 = False
		p3_l0 = False
		p9_l1 = False
		p18_l0 = False
		p9_l0 = False
		p5_l3 = False
		p11_l3 = False
		p5_l2 = False
		p11_l2 = False
		p20_l1 = False
		p5_l1 = False
		p6_evt = False
		p0_evt = False
		p20_l0 = False
		p5_evt = False
		p11_evt = False
		p4_l3 = False
		p1_l2 = False
		p13_l3 = False
		p16_l3 = False
		p4_l2 = False
		p7_l3 = False
		p1_l1 = False
		p13_l2 = False
		p16_l2 = False
		p11_l1 = False
		p1_evt = False
		p8_l1 = False
		p14_l0 = False
		p17_l0 = False
		p6_l0 = False
		p0_l0 = False
		p1_l3 = False
		p3_l2 = False
		p9_l3 = False
		p18_l2 = False
		p11_l0 = False
		p4_evt = False
		p13_evt = False
		p16_evt = False
		p8_l2 = False
		p14_l1 = False
		p17_l1 = False
		p8_evt = False
		p7_l0 = False
		p6_l3 = False
		p0_l3 = False
		v2 = True
		v1 = 1
		p7_l1 = False
		p14_evt = False
		p17_evt = False
		p20_evt = False
		p6_l1 = False
		p0_l1 = False
		p8_l3 = False
		p14_l2 = False
		p17_l2 = False
		p6_l2 = False
		p0_l2 = False
		p13_l0 = False
		p3_evt = False
		p18_evt = False
		p3_l3 = False
		p18_l3 = False
		p10_evt = False
		p10_l0 = False
		p10_l1 = False
		p2_l0 = False
		p19_l0 = False
		p10_l2 = False
		p2_l1 = False
		p19_l1 = False
		p10_l3 = False
		p2_l2 = False
		p19_l2 = False
		p5_l0 = False
		p12_evt = False
		p15_evt = False
		p12_l0 = False
		p15_l0 = False
		p12_l1 = False
		p15_l1 = False
		p12_l2 = False
		p15_l2 = False
		p12_l3 = False
		p15_l3 = False
		p14_l3 = False
		p17_l3 = False
		p2_evt = False
		p19_evt = False
		p2_l3 = False
		p19_l3 = False
		_J4656 = False
		_J4662 = False
		_J4667 = False
		_J4673 = False
		_J4680 = False
		_J4686 = False
		_EL_U_4619 = True
		_EL_U_4621 = False
		_EL_U_4623 = True
		_EL_U_4625 = False
		_EL_U_4627 = False
		_EL_U_4629 = True
		(((-1.0 * delta) + (-1.0 * p3_c)) < -16.0)
		(((-1.0 * p6_c) + (-1.0 * delta)) < -16.0)
		(((-1.0 * delta) + (-1.0 * p20_c)) < -16.0)
		((-1.0 * delta) <= -1.0)
		(((-1.0 * p11_c) + (-1.0 * delta)) < -16.0)
		(((-1.0 * p19_c) + (-1.0 * delta)) < -16.0)
		(((-1.0 * delta) + (-1.0 * p13_c)) < -16.0)
		(((-1.0 * delta) + (-1.0 * p15_c)) < -16.0)
		(((-1.0 * p0_c) + (-1.0 * delta)) < -16.0)
		(((-1.0 * p9_c) + (-1.0 * delta)) < -16.0)
		(((-1.0 * delta) + (-1.0 * p16_c)) < -16.0)
		(((-1.0 * delta) + (-1.0 * p4_c)) < -16.0)
		(((-1.0 * p12_c) + (-1.0 * delta)) < -16.0)
		(((-1.0 * delta) + (-1.0 * p5_c)) < -16.0)
		(((-1.0 * delta) + (-1.0 * p2_c)) < -16.0)
		(((-1.0 * p8_c) + (-1.0 * delta)) < -16.0)
		(((-1.0 * delta) + (-1.0 * p10_c)) < -16.0)
		(((-1.0 * p1_c) + (-1.0 * delta)) < -16.0)
		(((-1.0 * delta) + (-1.0 * p18_c)) < -16.0)
		(((-1.0 * delta) + (-1.0 * p14_c)) < -16.0)
		(((-1.0 * p17_c) + (-1.0 * delta)) < -16.0)
		(((-1.0 * delta) + (-1.0 * p7_c)) < -16.0)
	Trans 2 -- 3
		_x_delta = (((p1_c * 25/24) + (p3_c * 1/36) + (p18_c * 1/36) + (p9_c * 1/36) + (p14_c * 73/72) + (p17_c * 1/36) + (p8_c * 25/24) + (p13_c * 1/36) + (p16_c * 25/24) + (p7_c * 1/36) + (p10_c * 1/36) + (p2_c * 1/36) + (p6_c * 25/24) + (p0_c * 73/72) + (p19_c * 1/36) + p20_c + (p5_c * 73/72) + p11_c + (p12_c * 1/36) + (p15_c * 1/36) + -1.0) - ((delta * 37/36) + (_diverge_delta * 73/72)))
		_x_p1_c = (p1_c + delta)
		_x_p3_c = (p3_c + delta)
		_x_p18_c = (p18_c + delta)
		_x_p9_c = (p9_c + delta)
		_x_p14_c = (p14_c + delta)
		_x_p17_c = (p17_c + delta)
		_x_p8_c = (p8_c + delta)
		_x_p4_c = (p4_c + delta)
		_x_p13_c = (p13_c + delta)
		_x_p16_c = (p16_c + delta)
		_x_p7_c = (p7_c + delta)
		_x__diverge_delta = delta
		_x_p10_c = (p10_c + delta)
		_x_p2_c = (p2_c + delta)
		_x_p6_c = (p6_c + delta)
		_x_p0_c = (p0_c + delta)
		_x_p19_c = (p19_c + delta)
		_x_p20_c = (p20_c + delta)
		_x_p5_c = (p5_c + delta)
		_x_p11_c = (p11_c + delta)
		_x_p12_c = (p12_c + delta)
		_x_p15_c = (p15_c + delta)
	starting from: {delta: 1.0, p20_l3: False, p20_l2: False, p9_evt: False, p3_c: 33/2, p18_c: 33/2, p9_c: 33/2, p8_l0: False, p7_l2: False, p4_l1: False, p1_l0: False, p13_l1: False, p16_l1: False, p4_l0: False, p16_l0: False, p7_evt: False, p4_c: 33/2, p13_c: 33/2, p16_c: 33/2, p7_c: 33/2, p3_l1: False, p9_l2: False, p18_l1: False, p3_l0: False, p9_l1: False, p18_l0: False, p9_l0: False, p5_l3: False, p11_l3: False, p5_l2: False, p11_l2: False, p20_l1: False, p5_l1: False, p6_evt: False, p0_evt: False, p20_l0: False, p6_c: 33/2, p0_c: 33/2, p5_evt: False, p11_evt: False, p20_c: 33/2, p5_c: 33/2, p11_c: 33/2, p4_l3: False, p1_l2: False, p13_l3: False, p16_l3: False, p4_l2: False, p7_l3: False, p1_l1: False, p13_l2: False, p16_l2: False, p11_l1: False, p1_evt: False, p8_l1: False, p14_l0: False, p17_l0: False, p6_l0: False, p0_l0: False, p1_l3: False, p3_l2: False, p9_l3: False, p18_l2: False, p11_l0: False, p1_c: 33/2, p4_evt: False, p13_evt: False, p16_evt: False, p8_l2: False, p14_l1: False, p17_l1: False, p8_evt: False, p7_l0: False, p14_c: 33/2, p17_c: 33/2, p6_l3: False, p0_l3: False, p8_c: 33/2, v2: True, v1: 1, _diverge_delta: 33/2, p7_l1: False, p14_evt: False, p17_evt: False, p20_evt: False, p6_l1: False, p0_l1: False, p8_l3: False, p14_l2: False, p17_l2: False, p6_l2: False, p0_l2: False, p13_l0: False, p3_evt: False, p18_evt: False, p3_l3: False, p18_l3: False, p10_c: 33/2, p10_evt: False, p2_c: 33/2, p19_c: 33/2, p10_l0: False, p10_l1: False, p2_l0: False, p19_l0: False, p10_l2: False, p2_l1: False, p19_l1: False, p10_l3: False, p2_l2: False, p19_l2: False, p12_c: 33/2, p15_c: 33/2, p5_l0: False, p12_evt: False, p15_evt: False, p12_l0: False, p15_l0: False, p12_l1: False, p15_l1: False, p12_l2: False, p15_l2: False, p12_l3: False, p15_l3: False, p14_l3: False, p17_l3: False, p2_evt: False, p19_evt: False, p2_l3: False, p19_l3: False, _J4656: True, _J4662: True, _J4667: True, _J4673: True, _J4680: True, _J4686: True, _EL_U_4619: True, _EL_U_4621: False, _EL_U_4623: True, _EL_U_4625: False, _EL_U_4627: False, _EL_U_4629: True}

end of `lynch_protocol_0021`: SUCCESS in 43.58379888534546s
