F3 run `lynch_protocol_0016`

	Found non-termination argument:
	State 1
		v1 = 1
		p2_l1 = False
		p2_l0 = False
		p2_l2 = False
		p2_l3 = False
		p1_evt = True
		p0_evt = True
		p2_evt = True
		p3_evt = True
		p4_evt = True
		p5_evt = True
		p6_evt = True
		p7_evt = True
		p8_evt = True
		p13_l1 = False
		p9_evt = True
		p13_l0 = False
		p10_evt = True
		p13_l2 = False
		p11_evt = True
		p13_l3 = False
		p12_evt = True
		p13_evt = True
		p5_l1 = False
		p14_evt = True
		p5_l0 = False
		p15_evt = True
		p5_l2 = False
		p5_l3 = False
		v2 = True
		p8_l1 = False
		p8_l0 = False
		p8_l2 = False
		p8_l3 = False
		p0_l1 = False
		p0_l0 = False
		p0_l2 = False
		p0_l3 = False
		p11_l1 = False
		p11_l0 = False
		p11_l2 = False
		p11_l3 = False
		p3_l1 = False
		p3_l0 = False
		p3_l2 = False
		p3_l3 = False
		p14_l1 = False
		p14_l0 = False
		p14_l2 = False
		p14_l3 = False
		p6_l1 = False
		p6_l0 = False
		p6_l2 = False
		p6_l3 = False
		p9_l1 = False
		p9_l0 = False
		p9_l2 = False
		p9_l3 = False
		p1_l1 = False
		p1_l0 = False
		p1_l2 = False
		p1_l3 = False
		p12_l1 = False
		p12_l0 = False
		p12_l2 = False
		p12_l3 = False
		p4_l1 = False
		p4_l0 = False
		p4_l2 = False
		p4_l3 = False
		_J3601 = True
		_J3595 = True
		_J3588 = True
		_J3582 = True
		_J3577 = True
		_J3571 = True
		_EL_U_3534 = True
		p15_l1 = False
		p15_l0 = False
		_EL_U_3536 = False
		_EL_U_3538 = True
		p15_l2 = False
		_EL_U_3540 = False
		p15_l3 = False
		_EL_U_3542 = False
		_EL_U_3544 = True
		p7_l1 = False
		p7_l0 = False
		p7_l2 = False
		p7_l3 = False
		p10_l1 = False
		p10_l0 = False
		p10_l2 = False
		p10_l3 = False
		((-1.0 * p8_c) < -16.0)
		((-1.0 * p6_c) < -16.0)
		((-1.0 * p9_c) < -16.0)
		((-1.0 * p3_c) < -16.0)
		((-1.0 * p14_c) < -16.0)
		((-1.0 * p7_c) < -16.0)
		((-1.0 * p1_c) < -16.0)
		((-1.0 * p12_c) < -16.0)
		((-1.0 * p10_c) < -16.0)
		((-1.0 * p4_c) < -16.0)
		((-1.0 * p15_c) < -16.0)
		((-1.0 * p2_c) < -16.0)
		((-1.0 * delta) <= -1.0)
		((-1.0 * p13_c) < -16.0)
		((-1.0 * p5_c) < -16.0)
		(((-1.0 * delta) + _diverge_delta) < 0.0)
		((-1.0 * p0_c) < -16.0)
		((-1.0 * p11_c) < -16.0)
		((-1.0 * _diverge_delta) <= -1.0)
	Trans 1 -- 2
		_x_p15_c = (p15_c + delta)
		_x_p4_c = (p4_c + delta)
		_x_p14_c = (p14_c + delta)
		_x_p3_c = (p3_c + delta)
		_x_p13_c = (p13_c + delta)
		_x_p2_c = (p2_c + delta)
		_x_p12_c = (delta + p12_c)
		_x_p1_c = (p1_c + delta)
		_x_p11_c = (delta + p11_c)
		_x_p0_c = (p0_c + delta)
		_x_p10_c = (delta + p10_c)
		_x__diverge_delta = delta
		_x_p9_c = (delta + p9_c)
		_x_p8_c = (delta + p8_c)
		_x_p7_c = (p7_c + delta)
		_x_p6_c = (p6_c + delta)
		_x_p5_c = (p5_c + delta)
		_x_delta = (p12_c + p11_c + p10_c + p9_c + _diverge_delta + p8_c + delta + p6_c + p7_c + p5_c + p4_c + p3_c + p2_c + p0_c + p1_c + p15_c + p14_c + p13_c + -1.0)
	State 2
		v1 = 1
		p2_l1 = False
		p2_l0 = False
		p2_l2 = False
		p2_l3 = False
		p1_evt = True
		p0_evt = True
		p2_evt = True
		p3_evt = True
		p4_evt = True
		p5_evt = True
		p6_evt = True
		p7_evt = True
		p8_evt = True
		p13_l1 = False
		p9_evt = True
		p13_l0 = False
		p10_evt = True
		p13_l2 = False
		p11_evt = True
		p13_l3 = False
		p12_evt = True
		p13_evt = True
		p5_l1 = False
		p14_evt = True
		p5_l0 = False
		p15_evt = True
		p5_l2 = False
		p5_l3 = False
		v2 = True
		p8_l1 = False
		p8_l0 = False
		p8_l2 = False
		p8_l3 = False
		p0_l1 = False
		p0_l0 = False
		p0_l2 = False
		p0_l3 = False
		p11_l1 = False
		p11_l0 = False
		p11_l2 = False
		p11_l3 = False
		p3_l1 = False
		p3_l0 = False
		p3_l2 = False
		p3_l3 = False
		p14_l1 = False
		p14_l0 = False
		p14_l2 = False
		p14_l3 = False
		p6_l1 = False
		p6_l0 = False
		p6_l2 = False
		p6_l3 = False
		p9_l1 = False
		p9_l0 = False
		p9_l2 = False
		p9_l3 = False
		p1_l1 = False
		p1_l0 = False
		p1_l2 = False
		p1_l3 = False
		p12_l1 = False
		p12_l0 = False
		p12_l2 = False
		p12_l3 = False
		p4_l1 = False
		p4_l0 = False
		p4_l2 = False
		p4_l3 = False
		_J3601 = False
		_J3595 = False
		_J3588 = False
		_J3582 = False
		_J3577 = False
		_J3571 = False
		_EL_U_3534 = True
		p15_l1 = False
		p15_l0 = False
		_EL_U_3536 = False
		_EL_U_3538 = True
		p15_l2 = False
		_EL_U_3540 = False
		p15_l3 = False
		_EL_U_3542 = False
		_EL_U_3544 = True
		p7_l1 = False
		p7_l0 = False
		p7_l2 = False
		p7_l3 = False
		p10_l1 = False
		p10_l0 = False
		p10_l2 = False
		p10_l3 = False
		(((-1.0 * delta) + (-1.0 * p1_c)) < -16.0)
		(((-1.0 * delta) + (-1.0 * p5_c)) < -16.0)
		(((-1.0 * delta) + (-1.0 * p8_c)) < -16.0)
		(((-1.0 * delta) + (-1.0 * p12_c)) < -16.0)
		(((-1.0 * p0_c) + (-1.0 * delta)) < -16.0)
		(((-1.0 * delta) + (-1.0 * p6_c)) < -16.0)
		(((-1.0 * delta) + (-1.0 * p10_c)) < -16.0)
		(((-1.0 * p11_c) + (-1.0 * delta)) < -16.0)
		(((-1.0 * delta) + (-1.0 * p9_c)) < -16.0)
		((-1.0 * delta) <= -1.0)
		(((-1.0 * delta) + (-1.0 * p4_c)) < -16.0)
		(((-1.0 * delta) + (-1.0 * p3_c)) < -16.0)
		(((-1.0 * delta) + (-1.0 * p15_c)) < -16.0)
		(((-1.0 * delta) + (-1.0 * p14_c)) < -16.0)
		(((-1.0 * delta) + (-1.0 * p2_c)) < -16.0)
		(((-1.0 * delta) + (-1.0 * p7_c)) < -16.0)
		(((-1.0 * delta) + (-1.0 * p13_c)) < -16.0)
	Trans 2 -- 3
		_x_p15_c = (p15_c + delta)
		_x_p4_c = (p4_c + delta)
		_x_p14_c = (p14_c + delta)
		_x_p3_c = (p3_c + delta)
		_x_p13_c = (p13_c + delta)
		_x_p2_c = (p2_c + delta)
		_x_p12_c = (delta + p12_c)
		_x_p1_c = (p1_c + delta)
		_x_p11_c = (delta + p11_c)
		_x_p0_c = (p0_c + delta)
		_x_p10_c = (delta + p10_c)
		_x__diverge_delta = delta
		_x_p9_c = (delta + p9_c)
		_x_p8_c = (delta + p8_c)
		_x_p7_c = (p7_c + delta)
		_x_p6_c = (p6_c + delta)
		_x_p5_c = (p5_c + delta)
		_x_delta = ((-1.0 * _diverge_delta) + (delta * 17/8) + -1/8)
	starting from: p10_c : 33/2, p2_l1 : False, _diverge_delta : 33/2, p2_l0 : False, delta : 17.0, p2_l2 : False, p2_l3 : False, p2_c : 33/2, p1_evt : True, p0_evt : True, p2_evt : True, p3_evt : True, p4_evt : True, p5_evt : True, p6_evt : True, p7_evt : True, p8_evt : True, p13_l1 : False, p9_evt : True, p13_l0 : False, p10_evt : True, p13_l2 : False, p11_evt : True, p13_l3 : False, p12_evt : True, p13_c : 33/2, p13_evt : True, p5_l1 : False, p14_evt : True, p5_l0 : False, p15_evt : True, p5_l2 : False, p5_l3 : False, v1 : 1, v2 : True, p5_c : 33/2, p8_l1 : False, p8_l0 : False, p8_l2 : False, p8_l3 : False, p0_l1 : False, p8_c : 33/2, p0_l0 : False, p0_l2 : False, p0_l3 : False, p0_c : 33/2, p11_l1 : False, p11_l0 : False, p11_l2 : False, p11_l3 : False, p11_c : 33/2, p3_l1 : False, p3_l0 : False, p3_l2 : False, p3_l3 : False, p3_c : 33/2, p14_l1 : False, p14_l0 : False, p14_l2 : False, p14_l3 : False, p14_c : 33/2, p6_l1 : False, p6_l0 : False, p6_l2 : False, p6_l3 : False, p6_c : 33/2, p9_l1 : False, p9_l0 : False, p9_l2 : False, p9_l3 : False, p9_c : 33/2, p1_l1 : False, p1_l0 : False, p1_l2 : False, p1_l3 : False, p1_c : 33/2, p12_l1 : False, p12_l0 : False, p12_l2 : False, p12_l3 : False, p12_c : 33/2, p4_l1 : False, p4_l0 : False, p4_l2 : False, p4_l3 : False, p4_c : 33/2, _J3601 : True, _J3595 : True, _J3588 : True, _J3582 : True, _J3577 : True, _J3571 : True, _EL_U_3534 : True, p15_l1 : False, p15_l0 : False, _EL_U_3536 : False, _EL_U_3538 : True, p15_l2 : False, _EL_U_3540 : False, p15_l3 : False, _EL_U_3542 : False, _EL_U_3544 : True, p15_c : 33/2, p7_l1 : False, p7_l0 : False, p7_l2 : False, p7_l3 : False, p7_c : 33/2, p10_l1 : False, p10_l0 : False, p10_l2 : False, p10_l3 : False

end of `lynch_protocol_0016`: SUCCESS in 12.913474798202515s
