F3 run `lynch_protocol_0017`

	Found non-termination argument:
	State 1
		p10_l2 = False
		p10_l3 = False
		p6_l1 = False
		p6_l0 = False
		p6_l2 = False
		p2_l1 = False
		p6_l3 = False
		p2_l0 = False
		p2_l2 = False
		p2_l3 = False
		p1_evt = True
		p0_evt = True
		p2_evt = True
		p3_evt = True
		p4_evt = True
		p5_evt = True
		p6_evt = True
		p7_evt = True
		p8_evt = True
		p10_l1 = False
		p9_evt = True
		p10_evt = True
		p13_l1 = False
		p11_evt = True
		p13_l0 = False
		p12_evt = True
		p13_l2 = False
		p13_evt = True
		p13_l3 = False
		p9_l1 = False
		p14_evt = True
		p9_l0 = False
		p15_evt = True
		p9_l2 = False
		p5_l1 = False
		p16_evt = True
		p5_l0 = False
		p9_l3 = False
		p5_l2 = False
		v1 = 1
		p5_l3 = False
		v2 = True
		p1_l1 = False
		p1_l0 = False
		p1_l2 = False
		p1_l3 = False
		p16_l1 = False
		p16_l0 = False
		p16_l2 = False
		_J3818 = True
		p16_l3 = False
		_J3812 = True
		_J3805 = True
		p12_l1 = False
		_J3799 = True
		p12_l0 = False
		_J3794 = True
		p12_l2 = False
		p8_l1 = False
		_J3788 = True
		p8_l0 = False
		_EL_U_3751 = True
		p12_l3 = False
		_EL_U_3753 = False
		p8_l2 = False
		_EL_U_3755 = True
		p8_l3 = False
		p4_l1 = False
		_EL_U_3757 = False
		p4_l0 = False
		p0_l1 = False
		_EL_U_3759 = False
		p0_l0 = False
		_EL_U_3761 = True
		p4_l2 = False
		p0_l2 = False
		p4_l3 = False
		p0_l3 = False
		p15_l1 = False
		p15_l0 = False
		p15_l2 = False
		p11_l1 = False
		p15_l3 = False
		p11_l0 = False
		p11_l2 = False
		p11_l3 = False
		p7_l1 = False
		p7_l0 = False
		p7_l2 = False
		p3_l1 = False
		p7_l3 = False
		p3_l0 = False
		p3_l2 = False
		p3_l3 = False
		p14_l1 = False
		p14_l0 = False
		p14_l2 = False
		p14_l3 = False
		p10_l0 = False
		((-1.0 * _diverge_delta) <= -1.0)
		((-1.0 * delta) < 0.0)
		((-1.0 * p1_c) < -16.0)
		((-1.0 * p6_c) < -16.0)
		((-1.0 * p10_c) < -16.0)
		((-1.0 * p15_c) < -16.0)
		((-1.0 * p4_c) < -16.0)
		((-1.0 * delta) <= -1.0)
		((-1.0 * p7_c) < -16.0)
		((-1.0 * p13_c) < -16.0)
		((-1.0 * p2_c) < -16.0)
		((-1.0 * p11_c) < -16.0)
		((-1.0 * p0_c) < -16.0)
		((-1.0 * p8_c) < -16.0)
		((-1.0 * p16_c) < -16.0)
		((-1.0 * p5_c) < -16.0)
		((-1.0 * p9_c) < -16.0)
		((-1.0 * p14_c) < -16.0)
		((-1.0 * p11_c) <= 0.0)
		((-1.0 * p3_c) < -16.0)
		((-1.0 * p12_c) < -16.0)
		(((-1.0 * _diverge_delta) + delta) < 0.0)
	Trans 1 -- 2
		_x_p0_c = (p0_c + delta)
		_x_p11_c = (delta + p11_c)
		_x__diverge_delta = delta
		_x_p9_c = (p9_c + delta)
		_x_p10_c = (delta + p10_c)
		_x_p8_c = (p8_c + delta)
		_x_p7_c = (p7_c + delta)
		_x_p6_c = (p6_c + delta)
		_x_p5_c = (p5_c + delta)
		_x_p16_c = (p16_c + delta)
		_x_p4_c = (p4_c + delta)
		_x_p15_c = (delta + p15_c)
		_x_p3_c = (p3_c + delta)
		_x_p14_c = (delta + p14_c)
		_x_p2_c = (p2_c + delta)
		_x_p13_c = (delta + p13_c)
		_x_p1_c = (p1_c + delta)
		_x_p12_c = (delta + p12_c)
		_x_delta = (((p15_c * 103/102) + (p14_c * 103/102) + (p13_c * 103/102) + (p12_c * 103/102) + (_diverge_delta * 103/102) + (p11_c * 103/102) + (p10_c * 103/102) + (p9_c * 103/102) + (p8_c * 103/102) + (p7_c * 103/102) + (p6_c * 101/102) + (p5_c * 103/102) + (p4_c * 103/102) + (p3_c * 103/102) + (p0_c * 103/102) + (p2_c * 103/102) + (p1_c * 101/102) + (p16_c * 103/102) + -1.0) - (delta * 1/51))
	State 2
		p10_l2 = False
		p10_l3 = False
		p6_l1 = False
		p6_l0 = False
		p6_l2 = False
		p2_l1 = False
		p6_l3 = False
		p2_l0 = False
		p2_l2 = False
		p2_l3 = False
		p1_evt = True
		p0_evt = True
		p2_evt = True
		p3_evt = True
		p4_evt = True
		p5_evt = True
		p6_evt = True
		p7_evt = True
		p8_evt = True
		p10_l1 = False
		p9_evt = True
		p10_evt = True
		p13_l1 = False
		p11_evt = True
		p13_l0 = False
		p12_evt = True
		p13_l2 = False
		p13_evt = True
		p13_l3 = False
		p9_l1 = False
		p14_evt = True
		p9_l0 = False
		p15_evt = True
		p9_l2 = False
		p5_l1 = False
		p16_evt = True
		p5_l0 = False
		p9_l3 = False
		p5_l2 = False
		v1 = 1
		p5_l3 = False
		v2 = True
		p1_l1 = False
		p1_l0 = False
		p1_l2 = False
		p1_l3 = False
		p16_l1 = False
		p16_l0 = False
		p16_l2 = False
		_J3818 = False
		p16_l3 = False
		_J3812 = False
		_J3805 = False
		p12_l1 = False
		_J3799 = False
		p12_l0 = False
		_J3794 = False
		p12_l2 = False
		p8_l1 = False
		_J3788 = False
		p8_l0 = False
		_EL_U_3751 = True
		p12_l3 = False
		_EL_U_3753 = False
		p8_l2 = False
		_EL_U_3755 = True
		p8_l3 = False
		p4_l1 = False
		_EL_U_3757 = False
		p4_l0 = False
		p0_l1 = False
		_EL_U_3759 = False
		p0_l0 = False
		_EL_U_3761 = True
		p4_l2 = False
		p0_l2 = False
		p4_l3 = False
		p0_l3 = False
		p15_l1 = False
		p15_l0 = False
		p15_l2 = False
		p11_l1 = False
		p15_l3 = False
		p11_l0 = False
		p11_l2 = False
		p11_l3 = False
		p7_l1 = False
		p7_l0 = False
		p7_l2 = False
		p3_l1 = False
		p7_l3 = False
		p3_l0 = False
		p3_l2 = False
		p3_l3 = False
		p14_l1 = False
		p14_l0 = False
		p14_l2 = False
		p14_l3 = False
		p10_l0 = False
		(((-1.0 * p16_c) + (-1.0 * delta)) < -16.0)
		(((-1.0 * p4_c) + (-1.0 * delta)) < -16.0)
		((-1.0 * delta) < 0.0)
		(((-1.0 * p5_c) + (-1.0 * delta)) < -16.0)
		(((-1.0 * p7_c) + (-1.0 * delta)) < -16.0)
		((-1.0 * delta) <= -1.0)
		(((-1.0 * p9_c) + (-1.0 * delta)) < -16.0)
		(((-1.0 * p13_c) + (-1.0 * delta)) < -16.0)
		(((-1.0 * p14_c) + (-1.0 * delta)) < -16.0)
		(((-1.0 * p2_c) + (-1.0 * delta)) < -16.0)
		(((-1.0 * p1_c) + (-1.0 * delta)) < -16.0)
		(((-1.0 * p11_c) + (-1.0 * delta)) <= 0.0)
		(((-1.0 * p11_c) + (-1.0 * delta)) < -16.0)
		(((-1.0 * p6_c) + (-1.0 * delta)) < -16.0)
		(((-1.0 * p3_c) + (-1.0 * delta)) < -16.0)
		(((-1.0 * p0_c) + (-1.0 * delta)) < -16.0)
		(((-1.0 * p10_c) + (-1.0 * delta)) < -16.0)
		(((-1.0 * p12_c) + (-1.0 * delta)) < -16.0)
		(((-1.0 * p8_c) + (-1.0 * delta)) < -16.0)
		(((-1.0 * p15_c) + (-1.0 * delta)) < -16.0)
	Trans 2 -- 3
		_x_p0_c = (p0_c + delta)
		_x_p11_c = (delta + p11_c)
		_x__diverge_delta = delta
		_x_p9_c = (p9_c + delta)
		_x_p10_c = (delta + p10_c)
		_x_p8_c = (p8_c + delta)
		_x_p7_c = (p7_c + delta)
		_x_p6_c = (p6_c + delta)
		_x_p5_c = (p5_c + delta)
		_x_p16_c = (p16_c + delta)
		_x_p4_c = (p4_c + delta)
		_x_p15_c = (delta + p15_c)
		_x_p3_c = (p3_c + delta)
		_x_p14_c = (delta + p14_c)
		_x_p2_c = (p2_c + delta)
		_x_p13_c = (delta + p13_c)
		_x_p1_c = (p1_c + delta)
		_x_p12_c = (delta + p12_c)
		_x_delta = (((p15_c * 817/41616) + (p14_c * 817/41616) + (p13_c * 815/41616) + (p12_c * 1/408) + (p11_c * 1321249/1414808) + (p10_c * 817/41616) + (delta * 407/41208) + (p9_c * 817/41616) + (p8_c * 815/41616) + (p7_c * 1/408) + (p6_c * 1/51) + (p5_c * 817/41616) + (p4_c * 1/51) + (p3_c * 817/41616) + (p0_c * 817/41616) + (p2_c * 817/41616) + (p1_c * 817/41616) + (p16_c * 817/41616)) - (_diverge_delta * 42025/41616))
	starting from: p10_l2 : False, p10_l3 : False, _diverge_delta : 65/4, p10_c : 65/4, delta : 1.0, p2_l1 : False, p2_l0 : False, p2_l2 : False, p2_l3 : False, p1_evt : True, p2_c : 65/4, p0_evt : True, p2_evt : True, p3_evt : True, p4_evt : True, p5_evt : True, p6_evt : True, p7_evt : True, p8_evt : True, p9_evt : True, p10_evt : True, p13_l1 : False, p11_evt : True, p13_l0 : False, p12_evt : True, p13_l2 : False, p13_evt : True, p13_l3 : False, p14_evt : True, p13_c : 65/4, p15_evt : True, p5_l1 : False, p16_evt : True, p5_l0 : False, p5_l2 : False, v1 : 1, p5_l3 : False, v2 : True, p5_c : 65/4, p16_l1 : False, p16_l0 : False, p16_l2 : False, _J3818 : True, _J3812 : True, p16_l3 : False, _J3805 : True, _J3799 : True, p16_c : 65/4, _J3794 : True, p8_l1 : False, _J3788 : True, p8_l0 : False, _EL_U_3751 : True, _EL_U_3753 : False, p8_l2 : False, _EL_U_3755 : True, p8_l3 : False, _EL_U_3757 : False, p0_l1 : False, p8_c : 65/4, _EL_U_3759 : False, _EL_U_3761 : True, p0_l0 : False, p0_l2 : False, p0_l3 : False, p0_c : 65/4, p11_l1 : False, p11_l0 : False, p11_l2 : False, p11_l3 : False, p11_c : 65/4, p3_l1 : False, p3_l0 : False, p3_l2 : False, p3_l3 : False, p3_c : 65/4, p14_l1 : False, p14_l0 : False, p14_l2 : False, p14_l3 : False, p14_c : 65/4, p6_l1 : False, p6_l0 : False, p6_l2 : False, p6_l3 : False, p6_c : 65/4, p9_l1 : False, p9_l0 : False, p9_l2 : False, p9_l3 : False, p9_c : 65/4, p1_l1 : False, p1_l0 : False, p1_l2 : False, p1_l3 : False, p1_c : 65/4, p12_l1 : False, p12_l0 : False, p12_l2 : False, p12_l3 : False, p12_c : 65/4, p4_l1 : False, p4_l0 : False, p4_l2 : False, p4_l3 : False, p4_c : 65/4, p15_l1 : False, p15_l0 : False, p15_l2 : False, p15_l3 : False, p15_c : 65/4, p7_l1 : False, p7_l0 : False, p7_l2 : False, p7_l3 : False, p7_c : 65/4, p10_l1 : False, p10_l0 : False

end of `lynch_protocol_0017`: SUCCESS in 17.496037006378174s
