F3 run `lynch_protocol_0014`

	Found non-termination argument:
	State 1
		v1 = 1
		p2_l2 = False
		_EL_U_3103 = False
		p2_l3 = False
		_EL_U_3105 = True
		_EL_U_3107 = False
		_EL_U_3109 = False
		_EL_U_3111 = True
		p1_evt = True
		p0_evt = True
		p2_evt = True
		p3_evt = True
		p4_evt = True
		p13_l1 = False
		p5_evt = True
		p13_l0 = False
		p6_evt = True
		p13_l2 = False
		p7_evt = True
		p13_l3 = False
		p8_evt = True
		p9_evt = True
		p10_evt = True
		p5_l1 = False
		p5_l0 = False
		p11_evt = True
		p5_l2 = False
		p12_evt = True
		p5_l3 = False
		p13_evt = True
		v2 = True
		p8_l1 = False
		p8_l0 = False
		p8_l2 = False
		p8_l3 = False
		p0_l1 = False
		p0_l0 = False
		p0_l2 = False
		p0_l3 = False
		p11_l1 = False
		p11_l0 = False
		p11_l2 = False
		p11_l3 = False
		p3_l1 = False
		p3_l0 = False
		p3_l2 = False
		p3_l3 = False
		p6_l1 = False
		p6_l0 = False
		p6_l2 = False
		p6_l3 = False
		p9_l1 = False
		p9_l0 = False
		p9_l2 = False
		p9_l3 = False
		p1_l1 = False
		p1_l0 = False
		p1_l2 = False
		p1_l3 = False
		p12_l1 = False
		p12_l0 = False
		p12_l2 = False
		p12_l3 = False
		p4_l1 = False
		p4_l0 = False
		p4_l2 = False
		p4_l3 = False
		p7_l1 = False
		p7_l0 = False
		p7_l2 = False
		p7_l3 = False
		p10_l1 = False
		p10_l0 = False
		p10_l2 = False
		_J3168 = True
		p10_l3 = False
		_J3162 = True
		_J3155 = True
		_J3149 = True
		_J3144 = True
		p2_l1 = False
		_J3138 = True
		p2_l0 = False
		_EL_U_3101 = True
		((-1.0 * p7_c) < -16.0)
		((-1.0 * p8_c) < -16.0)
		((-1.0 * p9_c) < -16.0)
		((-1.0 * p10_c) < -16.0)
		((-1.0 * p11_c) < -16.0)
		((-1.0 * delta) <= -1.0)
		((-1.0 * p0_c) < -16.0)
		((-1.0 * p12_c) < -16.0)
		((-1.0 * p1_c) < -16.0)
		((-1.0 * p13_c) < -16.0)
		(((-1.0 * delta) + _diverge_delta) < 0.0)
		((-1.0 * p3_c) < -16.0)
		((-1.0 * _diverge_delta) <= -1.0)
		((-1.0 * p2_c) < -16.0)
		((-1.0 * p4_c) < -16.0)
		((-1.0 * p6_c) < -16.0)
		((-1.0 * p5_c) < -16.0)
	Trans 1 -- 2
		_x_p6_c = (delta + p6_c)
		_x_p5_c = (delta + p5_c)
		_x_p13_c = (p13_c + delta)
		_x_p1_c = (p1_c + delta)
		_x_p12_c = (p12_c + delta)
		_x_p0_c = (p0_c + delta)
		_x__diverge_delta = delta
		_x_p11_c = (p11_c + delta)
		_x_p2_c = (delta + p2_c)
		_x_p10_c = (p10_c + delta)
		_x_p9_c = (p9_c + delta)
		_x_p8_c = (p8_c + delta)
		_x_p4_c = (delta + p4_c)
		_x_p7_c = (p7_c + delta)
		_x_p3_c = (delta + p3_c)
		_x_delta = ((p6_c * 1/12) + p5_c + (p4_c * 13/12) + p3_c + (p2_c * 1/12) + delta + (p0_c * 11/12) + p1_c + p13_c + p12_c + p11_c + (p10_c * 1/12) + p9_c + p8_c + (p7_c * 1/12) + -1.0)
	State 2
		v1 = 1
		p2_l2 = False
		_EL_U_3103 = False
		p2_l3 = False
		_EL_U_3105 = True
		_EL_U_3107 = False
		_EL_U_3109 = False
		_EL_U_3111 = True
		p1_evt = True
		p0_evt = True
		p2_evt = True
		p3_evt = True
		p4_evt = True
		p13_l1 = False
		p5_evt = True
		p13_l0 = False
		p6_evt = True
		p13_l2 = False
		p7_evt = True
		p13_l3 = False
		p8_evt = True
		p9_evt = True
		p10_evt = True
		p5_l1 = False
		p5_l0 = False
		p11_evt = True
		p5_l2 = False
		p12_evt = True
		p5_l3 = False
		p13_evt = True
		v2 = True
		p8_l1 = False
		p8_l0 = False
		p8_l2 = False
		p8_l3 = False
		p0_l1 = False
		p0_l0 = False
		p0_l2 = False
		p0_l3 = False
		p11_l1 = False
		p11_l0 = False
		p11_l2 = False
		p11_l3 = False
		p3_l1 = False
		p3_l0 = False
		p3_l2 = False
		p3_l3 = False
		p6_l1 = False
		p6_l0 = False
		p6_l2 = False
		p6_l3 = False
		p9_l1 = False
		p9_l0 = False
		p9_l2 = False
		p9_l3 = False
		p1_l1 = False
		p1_l0 = False
		p1_l2 = False
		p1_l3 = False
		p12_l1 = False
		p12_l0 = False
		p12_l2 = False
		p12_l3 = False
		p4_l1 = False
		p4_l0 = False
		p4_l2 = False
		p4_l3 = False
		p7_l1 = False
		p7_l0 = False
		p7_l2 = False
		p7_l3 = False
		p10_l1 = False
		p10_l0 = False
		p10_l2 = False
		_J3168 = False
		p10_l3 = False
		_J3162 = False
		_J3155 = False
		_J3149 = False
		_J3144 = False
		p2_l1 = False
		_J3138 = False
		p2_l0 = False
		_EL_U_3101 = True
		(((-1.0 * delta) + (-1.0 * p6_c)) < -16.0)
		(((-1.0 * delta) + (-1.0 * p12_c)) < -16.0)
		(((-1.0 * p3_c) + (-1.0 * delta)) < -16.0)
		(((-1.0 * delta) + (-1.0 * p10_c)) < -16.0)
		((-1.0 * delta) <= -1.0)
		(((-1.0 * delta) + (-1.0 * p7_c)) < -16.0)
		(((-1.0 * delta) + (-1.0 * p5_c)) < -16.0)
		(((-1.0 * delta) + (-1.0 * p1_c)) < -16.0)
		(((-1.0 * delta) + (-1.0 * p11_c)) < -16.0)
		(((-1.0 * delta) + (-1.0 * p2_c)) < -16.0)
		(((-1.0 * delta) + (-1.0 * p8_c)) < -16.0)
		(((-1.0 * delta) + (-1.0 * p13_c)) < -16.0)
		(((-1.0 * delta) + (-1.0 * p4_c)) < -16.0)
		(((-1.0 * delta) + (-1.0 * p0_c)) < -16.0)
		(((-1.0 * delta) + (-1.0 * p9_c)) < -16.0)
	Trans 2 -- 3
		_x_p6_c = (delta + p6_c)
		_x_p5_c = (delta + p5_c)
		_x_p13_c = (p13_c + delta)
		_x_p1_c = (p1_c + delta)
		_x_p12_c = (p12_c + delta)
		_x_p0_c = (p0_c + delta)
		_x__diverge_delta = delta
		_x_p11_c = (p11_c + delta)
		_x_p2_c = (delta + p2_c)
		_x_p10_c = (p10_c + delta)
		_x_p9_c = (p9_c + delta)
		_x_p8_c = (p8_c + delta)
		_x_p4_c = (delta + p4_c)
		_x_p7_c = (p7_c + delta)
		_x_p3_c = (delta + p3_c)
		_x_delta = ((p6_c * 1/6) + (p5_c * 13/12) + (p4_c * 7/6) + (p3_c * 13/12) + _diverge_delta + (p2_c * 1/6) + (p0_c * 13/12) + (p1_c * 13/12) + (p13_c * 13/12) + (p12_c * 13/12) + (p11_c * 13/12) + (p10_c * 1/6) + (p9_c * 13/12) + (p8_c * 13/12) + (p7_c * 1/6) + -1/12)
	starting from: p2_l2 : False, _EL_U_3103 : False, p2_l3 : False, _EL_U_3105 : True, _EL_U_3107 : False, _diverge_delta : 33/2, p2_c : 33/2, delta : 17.0, _EL_U_3109 : False, _EL_U_3111 : True, p1_evt : True, p0_evt : True, p10_c : 33/2, p2_evt : True, p3_evt : True, p4_evt : True, p13_l1 : False, p5_evt : True, p13_l0 : False, p6_evt : True, p13_l2 : False, p7_evt : True, p13_l3 : False, p8_evt : True, p9_evt : True, p13_c : 33/2, p10_evt : True, p5_l1 : False, p5_l0 : False, p11_evt : True, p5_l2 : False, p12_evt : True, p5_l3 : False, p13_evt : True, p5_c : 33/2, v1 : 1, v2 : True, p8_l1 : False, p8_l0 : False, p8_l2 : False, p8_l3 : False, p0_l1 : False, p8_c : 33/2, p0_l0 : False, p0_l2 : False, p0_l3 : False, p0_c : 33/2, p11_l1 : False, p11_l0 : False, p11_l2 : False, p11_l3 : False, p11_c : 33/2, p3_l1 : False, p3_l0 : False, p3_l2 : False, p3_l3 : False, p3_c : 33/2, p6_l1 : False, p6_l0 : False, p6_l2 : False, p6_l3 : False, p6_c : 33/2, p9_l1 : False, p9_l0 : False, p9_l2 : False, p9_l3 : False, p9_c : 33/2, p1_l1 : False, p1_l0 : False, p1_l2 : False, p1_l3 : False, p1_c : 33/2, p12_l1 : False, p12_l0 : False, p12_l2 : False, p12_l3 : False, p12_c : 33/2, p4_l1 : False, p4_l0 : False, p4_l2 : False, p4_l3 : False, p4_c : 33/2, p7_l1 : False, p7_l0 : False, p7_l2 : False, p7_l3 : False, p7_c : 33/2, p10_l1 : False, p10_l0 : False, p10_l2 : False, _J3168 : True, p10_l3 : False, _J3162 : True, _J3155 : True, _J3149 : True, _J3144 : True, p2_l1 : False, _J3138 : True, p2_l0 : False, _EL_U_3101 : True

end of `lynch_protocol_0014`: SUCCESS in 12.437618494033813s
