Creating empty 100MiB image file: /home/magnago/overlay/bakery_simple_bug_0013.c.ext3
Formatting image with ext3 file system
Image is done: /home/magnago/overlay/bakery_simple_bug_0013.c.ext3
This is Ultimate 0.2.1-origin.dev-f91880a
[2021-04-24 13:37:49,830 INFO  L177        SettingsManager]: Resetting all preferences to default values...
[2021-04-24 13:37:49,832 INFO  L181        SettingsManager]: Resetting UltimateCore preferences to default values
[2021-04-24 13:37:49,883 INFO  L184        SettingsManager]: Ultimate Commandline Interface provides no preferences, ignoring...
[2021-04-24 13:37:49,883 INFO  L181        SettingsManager]: Resetting Boogie Preprocessor preferences to default values
[2021-04-24 13:37:49,885 INFO  L181        SettingsManager]: Resetting Boogie Procedure Inliner preferences to default values
[2021-04-24 13:37:49,886 INFO  L181        SettingsManager]: Resetting Abstract Interpretation preferences to default values
[2021-04-24 13:37:49,888 INFO  L181        SettingsManager]: Resetting LassoRanker preferences to default values
[2021-04-24 13:37:49,889 INFO  L181        SettingsManager]: Resetting Reaching Definitions preferences to default values
[2021-04-24 13:37:49,890 INFO  L181        SettingsManager]: Resetting SyntaxChecker preferences to default values
[2021-04-24 13:37:49,891 INFO  L181        SettingsManager]: Resetting Sifa preferences to default values
[2021-04-24 13:37:49,892 INFO  L184        SettingsManager]: B?chi Program Product provides no preferences, ignoring...
[2021-04-24 13:37:49,893 INFO  L181        SettingsManager]: Resetting LTL2Aut preferences to default values
[2021-04-24 13:37:49,894 INFO  L181        SettingsManager]: Resetting PEA to Boogie preferences to default values
[2021-04-24 13:37:49,895 INFO  L181        SettingsManager]: Resetting BlockEncodingV2 preferences to default values
[2021-04-24 13:37:49,896 INFO  L181        SettingsManager]: Resetting ChcToBoogie preferences to default values
[2021-04-24 13:37:49,897 INFO  L181        SettingsManager]: Resetting AutomataScriptInterpreter preferences to default values
[2021-04-24 13:37:49,897 INFO  L181        SettingsManager]: Resetting BuchiAutomizer preferences to default values
[2021-04-24 13:37:49,899 INFO  L181        SettingsManager]: Resetting CACSL2BoogieTranslator preferences to default values
[2021-04-24 13:37:49,901 INFO  L181        SettingsManager]: Resetting CodeCheck preferences to default values
[2021-04-24 13:37:49,902 INFO  L181        SettingsManager]: Resetting InvariantSynthesis preferences to default values
[2021-04-24 13:37:49,903 INFO  L181        SettingsManager]: Resetting RCFGBuilder preferences to default values
[2021-04-24 13:37:49,904 INFO  L181        SettingsManager]: Resetting Referee preferences to default values
[2021-04-24 13:37:49,905 INFO  L181        SettingsManager]: Resetting TraceAbstraction preferences to default values
[2021-04-24 13:37:49,907 INFO  L184        SettingsManager]: TraceAbstractionConcurrent provides no preferences, ignoring...
[2021-04-24 13:37:49,907 INFO  L184        SettingsManager]: TraceAbstractionWithAFAs provides no preferences, ignoring...
[2021-04-24 13:37:49,908 INFO  L181        SettingsManager]: Resetting TreeAutomizer preferences to default values
[2021-04-24 13:37:49,909 INFO  L181        SettingsManager]: Resetting IcfgToChc preferences to default values
[2021-04-24 13:37:49,909 INFO  L181        SettingsManager]: Resetting IcfgTransformer preferences to default values
[2021-04-24 13:37:49,910 INFO  L184        SettingsManager]: ReqToTest provides no preferences, ignoring...
[2021-04-24 13:37:49,910 INFO  L181        SettingsManager]: Resetting Boogie Printer preferences to default values
[2021-04-24 13:37:49,911 INFO  L181        SettingsManager]: Resetting ChcSmtPrinter preferences to default values
[2021-04-24 13:37:49,912 INFO  L181        SettingsManager]: Resetting ReqPrinter preferences to default values
[2021-04-24 13:37:49,912 INFO  L181        SettingsManager]: Resetting Witness Printer preferences to default values
[2021-04-24 13:37:49,913 INFO  L184        SettingsManager]: Boogie PL CUP Parser provides no preferences, ignoring...
[2021-04-24 13:37:49,913 INFO  L181        SettingsManager]: Resetting CDTParser preferences to default values
[2021-04-24 13:37:49,914 INFO  L184        SettingsManager]: AutomataScriptParser provides no preferences, ignoring...
[2021-04-24 13:37:49,914 INFO  L184        SettingsManager]: ReqParser provides no preferences, ignoring...
[2021-04-24 13:37:49,914 INFO  L181        SettingsManager]: Resetting SmtParser preferences to default values
[2021-04-24 13:37:49,915 INFO  L181        SettingsManager]: Resetting Witness Parser preferences to default values
[2021-04-24 13:37:49,916 INFO  L188        SettingsManager]: Finished resetting all preferences to default values...
[2021-04-24 13:37:49,917 INFO  L101        SettingsManager]: Beginning loading settings from /home/singularity/UAutomizer-linux/config/svcomp-LTL-64bit-Automizer_Default.epf
[2021-04-24 13:37:49,931 INFO  L113        SettingsManager]: Loading preferences was successful
[2021-04-24 13:37:49,931 INFO  L115        SettingsManager]: Preferences different from defaults after loading the file:
[2021-04-24 13:37:49,932 INFO  L136        SettingsManager]: Preferences of BlockEncodingV2 differ from their defaults:
[2021-04-24 13:37:49,932 INFO  L138        SettingsManager]:  * Minimize states even if more edges are added than removed.=true
[2021-04-24 13:37:49,932 INFO  L138        SettingsManager]:  * Rewrite not-equals=true
[2021-04-24 13:37:49,932 INFO  L138        SettingsManager]:  * Create parallel compositions if possible=false
[2021-04-24 13:37:49,932 INFO  L138        SettingsManager]:  * Minimize states using LBE with the strategy=NONE
[2021-04-24 13:37:49,932 INFO  L138        SettingsManager]:  * Use SBE=true
[2021-04-24 13:37:49,932 INFO  L136        SettingsManager]: Preferences of BuchiAutomizer differ from their defaults:
[2021-04-24 13:37:49,932 INFO  L138        SettingsManager]:  * Compute Interpolants along a Counterexample=Craig_TreeInterpolation
[2021-04-24 13:37:49,932 INFO  L138        SettingsManager]:  * Use old map elimination=false
[2021-04-24 13:37:49,933 INFO  L138        SettingsManager]:  * Try twofold refinement=false
[2021-04-24 13:37:49,933 INFO  L136        SettingsManager]: Preferences of CACSL2BoogieTranslator differ from their defaults:
[2021-04-24 13:37:49,933 INFO  L138        SettingsManager]:  * Check unreachability of error function in SV-COMP mode=false
[2021-04-24 13:37:49,933 INFO  L138        SettingsManager]:  * Overapproximate operations on floating types=true
[2021-04-24 13:37:49,933 INFO  L138        SettingsManager]:  * Check division by zero=IGNORE
[2021-04-24 13:37:49,933 INFO  L138        SettingsManager]:  * Pointer to allocated memory at dereference=ASSUME
[2021-04-24 13:37:49,934 INFO  L138        SettingsManager]:  * If two pointers are subtracted or compared they have the same base address=ASSUME
[2021-04-24 13:37:49,934 INFO  L138        SettingsManager]:  * Check array bounds for arrays that are off heap=ASSUME
[2021-04-24 13:37:49,934 INFO  L138        SettingsManager]:  * Check if freed pointer was valid=false
[2021-04-24 13:37:49,934 INFO  L138        SettingsManager]:  * Use constant arrays=true
[2021-04-24 13:37:49,934 INFO  L138        SettingsManager]:  * Pointer base address is valid at dereference=ASSUME
[2021-04-24 13:37:49,934 INFO  L136        SettingsManager]: Preferences of RCFGBuilder differ from their defaults:
[2021-04-24 13:37:49,935 INFO  L138        SettingsManager]:  * Size of a code block=SingleStatement
[2021-04-24 13:37:49,935 INFO  L138        SettingsManager]:  * SMT solver=Internal_SMTInterpol
Applying setting for plugin de.uni_freiburg.informatik.ultimate.plugins.generator.cacsl2boogietranslator: Overapproximate operations on floating types -> false
Applying setting for plugin de.uni_freiburg.informatik.ultimate.plugins.generator.cacsl2boogietranslator: Assume nondeterminstic values are in range -> false
[2021-04-24 13:37:50,111 INFO  L75    nceAwareModelManager]: Repository-Root is: /tmp
[2021-04-24 13:37:50,137 INFO  L261   ainManager$Toolchain]: [Toolchain 1]: Applicable parser(s) successfully (re)initialized
[2021-04-24 13:37:50,139 INFO  L217   ainManager$Toolchain]: [Toolchain 1]: Toolchain selected.
[2021-04-24 13:37:50,140 INFO  L271        PluginConnector]: Initializing CDTParser...
[2021-04-24 13:37:50,141 INFO  L275        PluginConnector]: CDTParser initialized
[2021-04-24 13:37:50,141 INFO  L432   ainManager$Toolchain]: [Toolchain 1]: Parsing single file: /home/magnago/benchmarks/ltl_infinite_state/bakery_simple_bug/ultimate/bakery_simple_bug_0013.c
[2021-04-24 13:37:50,185 INFO  L220              CDTParser]: Created temporary CDT project at /home/singularity/8c07e38516584227893ec1b971bfa563/FLAG2495e7069
!SESSION 2021-04-24 13:37:48.007 -----------------------------------------------
eclipse.buildId=unknown
java.version=11.0.10
java.vendor=Ubuntu
BootLoader constants: OS=linux, ARCH=x86_64, WS=gtk, NL=en_US
Framework arguments:  --console -tc /home/singularity/UAutomizer-linux/config/AutomizerLTL.xml -s /home/singularity/UAutomizer-linux/config/svcomp-LTL-64bit-Automizer_Default.epf --cacsl2boogietranslator.overapproximate.operations.on.floating.types=false --cacsl2boogietranslator.assume.nondeterminstic.values.are.in.range false -i /home/magnago/benchmarks/ltl_infinite_state/bakery_simple_bug/ultimate/bakery_simple_bug_0013.c
Command-line arguments:  -os linux -ws gtk -arch x86_64 -consoleLog --console -data @user.home/.ultimate -tc /home/singularity/UAutomizer-linux/config/AutomizerLTL.xml -s /home/singularity/UAutomizer-linux/config/svcomp-LTL-64bit-Automizer_Default.epf -data /home/singularity --cacsl2boogietranslator.overapproximate.operations.on.floating.types=false --cacsl2boogietranslator.assume.nondeterminstic.values.are.in.range false -i /home/magnago/benchmarks/ltl_infinite_state/bakery_simple_bug/ultimate/bakery_simple_bug_0013.c

!ENTRY org.eclipse.cdt.core 1 0 2021-04-24 13:37:50.418
!MESSAGE Indexed 'FLAG2495e7069' (0 sources, 0 headers) in 0.004 sec: 0 declarations; 0 references; 0 unresolved inclusions; 0 syntax errors; 0 unresolved names (0%)
[2021-04-24 13:37:50,624 INFO  L306              CDTParser]: Found 1 translation units.
[2021-04-24 13:37:50,624 INFO  L160              CDTParser]: Scanning /home/magnago/benchmarks/ltl_infinite_state/bakery_simple_bug/ultimate/bakery_simple_bug_0013.c
[2021-04-24 13:37:50,656 INFO  L349              CDTParser]: About to delete temporary CDT project at /home/singularity/8c07e38516584227893ec1b971bfa563/FLAG2495e7069
[2021-04-24 13:37:50,669 INFO  L357              CDTParser]: Successfully deleted /home/singularity/8c07e38516584227893ec1b971bfa563
[2021-04-24 13:37:50,671 INFO  L299   ainManager$Toolchain]: ####################### [Toolchain 1] #######################
[2021-04-24 13:37:50,673 INFO  L131        ToolchainWalker]: Walking toolchain with 7 elements.
[2021-04-24 13:37:50,674 INFO  L113        PluginConnector]: ------------------------CACSL2BoogieTranslator----------------------------
[2021-04-24 13:37:50,674 INFO  L271        PluginConnector]: Initializing CACSL2BoogieTranslator...
[2021-04-24 13:37:50,676 INFO  L275        PluginConnector]: CACSL2BoogieTranslator initialized
[2021-04-24 13:37:50,677 INFO  L185        PluginConnector]: Executing the observer ACSLObjectContainerObserver from plugin CACSL2BoogieTranslator for "CDTParser AST 24.04 01:37:50" (1/1) ...
[2021-04-24 13:37:50,677 INFO  L205        PluginConnector]: Invalid model from CACSL2BoogieTranslator for observer de.uni_freiburg.informatik.ultimate.plugins.generator.cacsl2boogietranslator.ACSLObjectContainerObserver@23d08778 and model type de.uni_freiburg.informatik.ultimate.plugins.generator.cacsl2boogietranslator AST 24.04 01:37:50, skipping insertion in model container
[2021-04-24 13:37:50,677 INFO  L185        PluginConnector]: Executing the observer CACSL2BoogieTranslatorObserver from plugin CACSL2BoogieTranslator for "CDTParser AST 24.04 01:37:50" (1/1) ...
[2021-04-24 13:37:50,683 INFO  L145         MainTranslator]: Starting translation in SV-COMP mode 
[2021-04-24 13:37:50,713 INFO  L178         MainTranslator]: Built tables and reachable declarations
[2021-04-24 13:37:50,957 INFO  L206          PostProcessor]: Analyzing one entry point: main
[2021-04-24 13:37:50,962 INFO  L203         MainTranslator]: Completed pre-run
[2021-04-24 13:37:51,043 INFO  L206          PostProcessor]: Analyzing one entry point: main
[2021-04-24 13:37:51,062 INFO  L208         MainTranslator]: Completed translation
[2021-04-24 13:37:51,062 INFO  L202        PluginConnector]: Adding new model de.uni_freiburg.informatik.ultimate.plugins.generator.cacsl2boogietranslator AST 24.04 01:37:51 WrapperNode
[2021-04-24 13:37:51,063 INFO  L132        PluginConnector]: ------------------------ END CACSL2BoogieTranslator----------------------------
[2021-04-24 13:37:51,064 INFO  L113        PluginConnector]: ------------------------Boogie Preprocessor----------------------------
[2021-04-24 13:37:51,064 INFO  L271        PluginConnector]: Initializing Boogie Preprocessor...
[2021-04-24 13:37:51,064 INFO  L275        PluginConnector]: Boogie Preprocessor initialized
[2021-04-24 13:37:51,073 INFO  L185        PluginConnector]: Executing the observer EnsureBoogieModelObserver from plugin Boogie Preprocessor for "de.uni_freiburg.informatik.ultimate.plugins.generator.cacsl2boogietranslator AST 24.04 01:37:51" (1/1) ...
[2021-04-24 13:37:51,074 INFO  L185        PluginConnector]: Executing the observer TypeChecker from plugin Boogie Preprocessor for "de.uni_freiburg.informatik.ultimate.plugins.generator.cacsl2boogietranslator AST 24.04 01:37:51" (1/1) ...
[2021-04-24 13:37:51,086 INFO  L185        PluginConnector]: Executing the observer ConstExpander from plugin Boogie Preprocessor for "de.uni_freiburg.informatik.ultimate.plugins.generator.cacsl2boogietranslator AST 24.04 01:37:51" (1/1) ...
[2021-04-24 13:37:51,086 INFO  L185        PluginConnector]: Executing the observer StructExpander from plugin Boogie Preprocessor for "de.uni_freiburg.informatik.ultimate.plugins.generator.cacsl2boogietranslator AST 24.04 01:37:51" (1/1) ...
[2021-04-24 13:37:51,103 INFO  L185        PluginConnector]: Executing the observer UnstructureCode from plugin Boogie Preprocessor for "de.uni_freiburg.informatik.ultimate.plugins.generator.cacsl2boogietranslator AST 24.04 01:37:51" (1/1) ...
[2021-04-24 13:37:51,107 INFO  L185        PluginConnector]: Executing the observer FunctionInliner from plugin Boogie Preprocessor for "de.uni_freiburg.informatik.ultimate.plugins.generator.cacsl2boogietranslator AST 24.04 01:37:51" (1/1) ...
[2021-04-24 13:37:51,111 INFO  L185        PluginConnector]: Executing the observer BoogieSymbolTableConstructor from plugin Boogie Preprocessor for "de.uni_freiburg.informatik.ultimate.plugins.generator.cacsl2boogietranslator AST 24.04 01:37:51" (1/1) ...
[2021-04-24 13:37:51,116 INFO  L132        PluginConnector]: ------------------------ END Boogie Preprocessor----------------------------
[2021-04-24 13:37:51,116 INFO  L113        PluginConnector]: ------------------------RCFGBuilder----------------------------
[2021-04-24 13:37:51,117 INFO  L271        PluginConnector]: Initializing RCFGBuilder...
[2021-04-24 13:37:51,117 INFO  L275        PluginConnector]: RCFGBuilder initialized
[2021-04-24 13:37:51,118 INFO  L185        PluginConnector]: Executing the observer RCFGBuilderObserver from plugin RCFGBuilder for "de.uni_freiburg.informatik.ultimate.plugins.generator.cacsl2boogietranslator AST 24.04 01:37:51" (1/1) ...
[2021-04-24 13:37:51,186 INFO  L138     BoogieDeclarations]: Found implementation of procedure ULTIMATE.init
[2021-04-24 13:37:51,186 INFO  L138     BoogieDeclarations]: Found implementation of procedure ULTIMATE.start
[2021-04-24 13:37:51,186 INFO  L138     BoogieDeclarations]: Found implementation of procedure __VERIFIER_nondet_bool
[2021-04-24 13:37:51,187 INFO  L138     BoogieDeclarations]: Found implementation of procedure main
[2021-04-24 13:37:51,187 INFO  L130     BoogieDeclarations]: Found specification of procedure __VERIFIER_nondet_float
[2021-04-24 13:37:51,187 INFO  L130     BoogieDeclarations]: Found specification of procedure __VERIFIER_nondet_int
[2021-04-24 13:37:51,187 INFO  L130     BoogieDeclarations]: Found specification of procedure __VERIFIER_nondet_bool
[2021-04-24 13:37:51,187 INFO  L130     BoogieDeclarations]: Found specification of procedure main
[2021-04-24 13:37:51,187 INFO  L130     BoogieDeclarations]: Found specification of procedure ULTIMATE.init
[2021-04-24 13:37:51,187 INFO  L130     BoogieDeclarations]: Found specification of procedure ULTIMATE.start
[2021-04-24 13:37:51,557 INFO  L294             CfgBuilder]: Using the 1 location(s) as analysis (start of procedure ULTIMATE.start)
[2021-04-24 13:37:51,557 INFO  L299             CfgBuilder]: Removed 1 assume(true) statements.
[2021-04-24 13:37:51,559 INFO  L202        PluginConnector]: Adding new model de.uni_freiburg.informatik.ultimate.plugins.generator.rcfgbuilder CFG 24.04 01:37:51 BoogieIcfgContainer
[2021-04-24 13:37:51,559 INFO  L132        PluginConnector]: ------------------------ END RCFGBuilder----------------------------
[2021-04-24 13:37:51,559 INFO  L113        PluginConnector]: ------------------------LTL2Aut----------------------------
[2021-04-24 13:37:51,559 INFO  L271        PluginConnector]: Initializing LTL2Aut...
[2021-04-24 13:37:51,561 INFO  L275        PluginConnector]: LTL2Aut initialized
[2021-04-24 13:37:51,562 INFO  L185        PluginConnector]: Executing the observer LTL2autObserver from plugin LTL2Aut for "de.uni_freiburg.informatik.ultimate.plugins.generator.cacsl2boogietranslator AST 24.04 01:37:51" (2/3) ...
No working directory specified, using /usr/bin/ltl2ba
Starting monitored process 1 with ltl2ba -f ! ( ( [] ( <> ( a ) ) || ! ( [] ( ( <> ( b ) && <> ( c ) ) ) ) ) )  (exit command is null, workingDir is null)
[2021-04-24 13:37:51,601 INFO  L125        LTL2autObserver]: LTL Property is: (G(F((0 == ~num0~0))) || !(G((F((!(0 != ~p0_l0~0) && !(0 != ~p0_l1~0))) && F((!(!(0 != ~p0_l0~0) && !(0 != ~p0_l1~0))))))))
[2021-04-24 13:37:51,601 INFO  L202        PluginConnector]: Adding new model Hardcoded de.uni_freiburg.informatik.ultimate.ltl2aut AST 24.04 01:37:51 NWAContainer
[2021-04-24 13:37:51,601 INFO  L132        PluginConnector]: ------------------------ END LTL2Aut----------------------------
[2021-04-24 13:37:51,602 INFO  L113        PluginConnector]: ------------------------B?chi Program Product----------------------------
[2021-04-24 13:37:51,602 INFO  L271        PluginConnector]: Initializing B?chi Program Product...
[2021-04-24 13:37:51,603 INFO  L275        PluginConnector]: B?chi Program Product initialized
[2021-04-24 13:37:51,603 INFO  L185        PluginConnector]: Executing the observer BuchiProductObserver from plugin B?chi Program Product for "de.uni_freiburg.informatik.ultimate.plugins.generator.rcfgbuilder CFG 24.04 01:37:51" (3/4) ...
[2021-04-24 13:37:51,604 INFO  L205        PluginConnector]: Invalid model from B?chi Program Product for observer de.uni_freiburg.informatik.ultimate.buchiprogramproduct.BuchiProductObserver@4b982488 and model type LTL+Program Product de.uni_freiburg.informatik.ultimate.buchiprogramproduct OTHER 24.04 01:37:51, skipping insertion in model container
[2021-04-24 13:37:51,604 INFO  L185        PluginConnector]: Executing the observer BuchiProductObserver from plugin B?chi Program Product for "Hardcoded de.uni_freiburg.informatik.ultimate.ltl2aut AST 24.04 01:37:51" (4/4) ...
[2021-04-24 13:37:51,606 INFO  L104   BuchiProductObserver]: Initial property automaton 4 locations, 10 edges
[2021-04-24 13:37:51,608 INFO  L110   BuchiProductObserver]: Initial RCFG 390 locations, 512 edges
[2021-04-24 13:37:51,608 INFO  L93    BuchiProductObserver]: Beginning generation of product automaton
[2021-04-24 13:37:51,613 INFO  L132       ProductGenerator]: The program has no step specification, so we assume maximum atomicity
[2021-04-24 13:37:53,090 INFO  L97    BuchiProductObserver]: Finished generation of product automaton successfully
[2021-04-24 13:37:53,094 INFO  L110   BuchiProductObserver]: BuchiProgram size 1748 locations, 4471 edges
[2021-04-24 13:37:53,095 INFO  L202        PluginConnector]: Adding new model LTL+Program Product de.uni_freiburg.informatik.ultimate.buchiprogramproduct OTHER 24.04 01:37:53 BoogieIcfgContainer
[2021-04-24 13:37:53,095 INFO  L132        PluginConnector]: ------------------------ END B?chi Program Product----------------------------
[2021-04-24 13:37:53,095 INFO  L113        PluginConnector]: ------------------------BlockEncodingV2----------------------------
[2021-04-24 13:37:53,095 INFO  L271        PluginConnector]: Initializing BlockEncodingV2...
[2021-04-24 13:37:53,097 INFO  L275        PluginConnector]: BlockEncodingV2 initialized
[2021-04-24 13:37:53,098 INFO  L185        PluginConnector]: Executing the observer BlockEncodingObserver from plugin BlockEncodingV2 for "LTL+Program Product de.uni_freiburg.informatik.ultimate.buchiprogramproduct OTHER 24.04 01:37:53" (1/1) ...
[2021-04-24 13:37:53,162 WARN  L208         IcfgDuplicator]: Creating raw copy for unreachable call because return is reachable in graph view: call #t~ret1 := __VERIFIER_nondet_bool();
[2021-04-24 13:37:53,162 WARN  L208         IcfgDuplicator]: Creating raw copy for unreachable call because return is reachable in graph view: call #t~ret1 := __VERIFIER_nondet_bool();
[2021-04-24 13:37:53,173 INFO  L313           BlockEncoder]: Initial Icfg 1748 locations, 4471 edges
[2021-04-24 13:37:53,173 INFO  L258           BlockEncoder]: Using Remove infeasible edges
[2021-04-24 13:37:53,174 INFO  L263           BlockEncoder]: Using Maximize final states
[2021-04-24 13:37:53,174 INFO  L270           BlockEncoder]: Using Minimize states even if more edges are added than removed.=true
[2021-04-24 13:37:53,174 INFO  L296           BlockEncoder]: Using Remove sink states
[2021-04-24 13:37:53,174 INFO  L171           BlockEncoder]: Using Apply optimizations until nothing changes=true
[2021-04-24 13:37:53,175 INFO  L179           BlockEncoder]: Using Rewrite not-equals
