Creating empty 100MiB image file: /home/magnago/overlay/bakery_simple_bug_0019.c.ext3
Formatting image with ext3 file system
Image is done: /home/magnago/overlay/bakery_simple_bug_0019.c.ext3
This is Ultimate 0.2.1-origin.dev-f91880a
[2021-04-24 13:37:49,690 INFO  L177        SettingsManager]: Resetting all preferences to default values...
[2021-04-24 13:37:49,693 INFO  L181        SettingsManager]: Resetting UltimateCore preferences to default values
[2021-04-24 13:37:49,734 INFO  L184        SettingsManager]: Ultimate Commandline Interface provides no preferences, ignoring...
[2021-04-24 13:37:49,735 INFO  L181        SettingsManager]: Resetting Boogie Preprocessor preferences to default values
[2021-04-24 13:37:49,736 INFO  L181        SettingsManager]: Resetting Boogie Procedure Inliner preferences to default values
[2021-04-24 13:37:49,737 INFO  L181        SettingsManager]: Resetting Abstract Interpretation preferences to default values
[2021-04-24 13:37:49,738 INFO  L181        SettingsManager]: Resetting LassoRanker preferences to default values
[2021-04-24 13:37:49,739 INFO  L181        SettingsManager]: Resetting Reaching Definitions preferences to default values
[2021-04-24 13:37:49,739 INFO  L181        SettingsManager]: Resetting SyntaxChecker preferences to default values
[2021-04-24 13:37:49,740 INFO  L181        SettingsManager]: Resetting Sifa preferences to default values
[2021-04-24 13:37:49,741 INFO  L184        SettingsManager]: B?chi Program Product provides no preferences, ignoring...
[2021-04-24 13:37:49,741 INFO  L181        SettingsManager]: Resetting LTL2Aut preferences to default values
[2021-04-24 13:37:49,742 INFO  L181        SettingsManager]: Resetting PEA to Boogie preferences to default values
[2021-04-24 13:37:49,742 INFO  L181        SettingsManager]: Resetting BlockEncodingV2 preferences to default values
[2021-04-24 13:37:49,743 INFO  L181        SettingsManager]: Resetting ChcToBoogie preferences to default values
[2021-04-24 13:37:49,744 INFO  L181        SettingsManager]: Resetting AutomataScriptInterpreter preferences to default values
[2021-04-24 13:37:49,744 INFO  L181        SettingsManager]: Resetting BuchiAutomizer preferences to default values
[2021-04-24 13:37:49,745 INFO  L181        SettingsManager]: Resetting CACSL2BoogieTranslator preferences to default values
[2021-04-24 13:37:49,747 INFO  L181        SettingsManager]: Resetting CodeCheck preferences to default values
[2021-04-24 13:37:49,748 INFO  L181        SettingsManager]: Resetting InvariantSynthesis preferences to default values
[2021-04-24 13:37:49,749 INFO  L181        SettingsManager]: Resetting RCFGBuilder preferences to default values
[2021-04-24 13:37:49,749 INFO  L181        SettingsManager]: Resetting Referee preferences to default values
[2021-04-24 13:37:49,750 INFO  L181        SettingsManager]: Resetting TraceAbstraction preferences to default values
[2021-04-24 13:37:49,752 INFO  L184        SettingsManager]: TraceAbstractionConcurrent provides no preferences, ignoring...
[2021-04-24 13:37:49,752 INFO  L184        SettingsManager]: TraceAbstractionWithAFAs provides no preferences, ignoring...
[2021-04-24 13:37:49,752 INFO  L181        SettingsManager]: Resetting TreeAutomizer preferences to default values
[2021-04-24 13:37:49,753 INFO  L181        SettingsManager]: Resetting IcfgToChc preferences to default values
[2021-04-24 13:37:49,753 INFO  L181        SettingsManager]: Resetting IcfgTransformer preferences to default values
[2021-04-24 13:37:49,753 INFO  L184        SettingsManager]: ReqToTest provides no preferences, ignoring...
[2021-04-24 13:37:49,754 INFO  L181        SettingsManager]: Resetting Boogie Printer preferences to default values
[2021-04-24 13:37:49,754 INFO  L181        SettingsManager]: Resetting ChcSmtPrinter preferences to default values
[2021-04-24 13:37:49,755 INFO  L181        SettingsManager]: Resetting ReqPrinter preferences to default values
[2021-04-24 13:37:49,755 INFO  L181        SettingsManager]: Resetting Witness Printer preferences to default values
[2021-04-24 13:37:49,756 INFO  L184        SettingsManager]: Boogie PL CUP Parser provides no preferences, ignoring...
[2021-04-24 13:37:49,756 INFO  L181        SettingsManager]: Resetting CDTParser preferences to default values
[2021-04-24 13:37:49,756 INFO  L184        SettingsManager]: AutomataScriptParser provides no preferences, ignoring...
[2021-04-24 13:37:49,757 INFO  L184        SettingsManager]: ReqParser provides no preferences, ignoring...
[2021-04-24 13:37:49,757 INFO  L181        SettingsManager]: Resetting SmtParser preferences to default values
[2021-04-24 13:37:49,757 INFO  L181        SettingsManager]: Resetting Witness Parser preferences to default values
[2021-04-24 13:37:49,758 INFO  L188        SettingsManager]: Finished resetting all preferences to default values...
[2021-04-24 13:37:49,759 INFO  L101        SettingsManager]: Beginning loading settings from /home/singularity/UAutomizer-linux/config/svcomp-LTL-64bit-Automizer_Default.epf
[2021-04-24 13:37:49,771 INFO  L113        SettingsManager]: Loading preferences was successful
[2021-04-24 13:37:49,771 INFO  L115        SettingsManager]: Preferences different from defaults after loading the file:
[2021-04-24 13:37:49,772 INFO  L136        SettingsManager]: Preferences of BlockEncodingV2 differ from their defaults:
[2021-04-24 13:37:49,772 INFO  L138        SettingsManager]:  * Minimize states even if more edges are added than removed.=true
[2021-04-24 13:37:49,772 INFO  L138        SettingsManager]:  * Rewrite not-equals=true
[2021-04-24 13:37:49,772 INFO  L138        SettingsManager]:  * Create parallel compositions if possible=false
[2021-04-24 13:37:49,772 INFO  L138        SettingsManager]:  * Minimize states using LBE with the strategy=NONE
[2021-04-24 13:37:49,772 INFO  L138        SettingsManager]:  * Use SBE=true
[2021-04-24 13:37:49,772 INFO  L136        SettingsManager]: Preferences of BuchiAutomizer differ from their defaults:
[2021-04-24 13:37:49,772 INFO  L138        SettingsManager]:  * Compute Interpolants along a Counterexample=Craig_TreeInterpolation
[2021-04-24 13:37:49,773 INFO  L138        SettingsManager]:  * Use old map elimination=false
[2021-04-24 13:37:49,773 INFO  L138        SettingsManager]:  * Try twofold refinement=false
[2021-04-24 13:37:49,773 INFO  L136        SettingsManager]: Preferences of CACSL2BoogieTranslator differ from their defaults:
[2021-04-24 13:37:49,773 INFO  L138        SettingsManager]:  * Check unreachability of error function in SV-COMP mode=false
[2021-04-24 13:37:49,773 INFO  L138        SettingsManager]:  * Overapproximate operations on floating types=true
[2021-04-24 13:37:49,773 INFO  L138        SettingsManager]:  * Check division by zero=IGNORE
[2021-04-24 13:37:49,773 INFO  L138        SettingsManager]:  * Pointer to allocated memory at dereference=ASSUME
[2021-04-24 13:37:49,773 INFO  L138        SettingsManager]:  * If two pointers are subtracted or compared they have the same base address=ASSUME
[2021-04-24 13:37:49,773 INFO  L138        SettingsManager]:  * Check array bounds for arrays that are off heap=ASSUME
[2021-04-24 13:37:49,774 INFO  L138        SettingsManager]:  * Check if freed pointer was valid=false
[2021-04-24 13:37:49,774 INFO  L138        SettingsManager]:  * Use constant arrays=true
[2021-04-24 13:37:49,774 INFO  L138        SettingsManager]:  * Pointer base address is valid at dereference=ASSUME
[2021-04-24 13:37:49,774 INFO  L136        SettingsManager]: Preferences of RCFGBuilder differ from their defaults:
[2021-04-24 13:37:49,774 INFO  L138        SettingsManager]:  * Size of a code block=SingleStatement
[2021-04-24 13:37:49,774 INFO  L138        SettingsManager]:  * SMT solver=Internal_SMTInterpol
Applying setting for plugin de.uni_freiburg.informatik.ultimate.plugins.generator.cacsl2boogietranslator: Overapproximate operations on floating types -> false
Applying setting for plugin de.uni_freiburg.informatik.ultimate.plugins.generator.cacsl2boogietranslator: Assume nondeterminstic values are in range -> false
[2021-04-24 13:37:49,961 INFO  L75    nceAwareModelManager]: Repository-Root is: /tmp
[2021-04-24 13:37:49,990 INFO  L261   ainManager$Toolchain]: [Toolchain 1]: Applicable parser(s) successfully (re)initialized
[2021-04-24 13:37:49,991 INFO  L217   ainManager$Toolchain]: [Toolchain 1]: Toolchain selected.
[2021-04-24 13:37:49,992 INFO  L271        PluginConnector]: Initializing CDTParser...
[2021-04-24 13:37:49,993 INFO  L275        PluginConnector]: CDTParser initialized
[2021-04-24 13:37:49,993 INFO  L432   ainManager$Toolchain]: [Toolchain 1]: Parsing single file: /home/magnago/benchmarks/ltl_infinite_state/bakery_simple_bug/ultimate/bakery_simple_bug_0019.c
[2021-04-24 13:37:50,049 INFO  L220              CDTParser]: Created temporary CDT project at /home/singularity/674a67e316674f65af110c68fae49690/FLAG803f51bb0
[2021-04-24 13:37:50,456 INFO  L306              CDTParser]: Found 1 translation units.
[2021-04-24 13:37:50,456 INFO  L160              CDTParser]: Scanning /home/magnago/benchmarks/ltl_infinite_state/bakery_simple_bug/ultimate/bakery_simple_bug_0019.c
[2021-04-24 13:37:50,487 INFO  L349              CDTParser]: About to delete temporary CDT project at /home/singularity/674a67e316674f65af110c68fae49690/FLAG803f51bb0
[2021-04-24 13:37:50,799 INFO  L357              CDTParser]: Successfully deleted /home/singularity/674a67e316674f65af110c68fae49690
[2021-04-24 13:37:50,801 INFO  L299   ainManager$Toolchain]: ####################### [Toolchain 1] #######################
[2021-04-24 13:37:50,803 INFO  L131        ToolchainWalker]: Walking toolchain with 7 elements.
[2021-04-24 13:37:50,804 INFO  L113        PluginConnector]: ------------------------CACSL2BoogieTranslator----------------------------
[2021-04-24 13:37:50,804 INFO  L271        PluginConnector]: Initializing CACSL2BoogieTranslator...
[2021-04-24 13:37:50,806 INFO  L275        PluginConnector]: CACSL2BoogieTranslator initialized
[2021-04-24 13:37:50,807 INFO  L185        PluginConnector]: Executing the observer ACSLObjectContainerObserver from plugin CACSL2BoogieTranslator for "CDTParser AST 24.04 01:37:50" (1/1) ...
[2021-04-24 13:37:50,808 INFO  L205        PluginConnector]: Invalid model from CACSL2BoogieTranslator for observer de.uni_freiburg.informatik.ultimate.plugins.generator.cacsl2boogietranslator.ACSLObjectContainerObserver@220879fb and model type de.uni_freiburg.informatik.ultimate.plugins.generator.cacsl2boogietranslator AST 24.04 01:37:50, skipping insertion in model container
[2021-04-24 13:37:50,808 INFO  L185        PluginConnector]: Executing the observer CACSL2BoogieTranslatorObserver from plugin CACSL2BoogieTranslator for "CDTParser AST 24.04 01:37:50" (1/1) ...
[2021-04-24 13:37:50,814 INFO  L145         MainTranslator]: Starting translation in SV-COMP mode 
[2021-04-24 13:37:50,858 INFO  L178         MainTranslator]: Built tables and reachable declarations
[2021-04-24 13:37:51,222 INFO  L206          PostProcessor]: Analyzing one entry point: main
[2021-04-24 13:37:51,228 INFO  L203         MainTranslator]: Completed pre-run
[2021-04-24 13:37:51,341 INFO  L206          PostProcessor]: Analyzing one entry point: main
[2021-04-24 13:37:51,356 INFO  L208         MainTranslator]: Completed translation
[2021-04-24 13:37:51,357 INFO  L202        PluginConnector]: Adding new model de.uni_freiburg.informatik.ultimate.plugins.generator.cacsl2boogietranslator AST 24.04 01:37:51 WrapperNode
[2021-04-24 13:37:51,357 INFO  L132        PluginConnector]: ------------------------ END CACSL2BoogieTranslator----------------------------
[2021-04-24 13:37:51,358 INFO  L113        PluginConnector]: ------------------------Boogie Preprocessor----------------------------
[2021-04-24 13:37:51,358 INFO  L271        PluginConnector]: Initializing Boogie Preprocessor...
[2021-04-24 13:37:51,358 INFO  L275        PluginConnector]: Boogie Preprocessor initialized
[2021-04-24 13:37:51,368 INFO  L185        PluginConnector]: Executing the observer EnsureBoogieModelObserver from plugin Boogie Preprocessor for "de.uni_freiburg.informatik.ultimate.plugins.generator.cacsl2boogietranslator AST 24.04 01:37:51" (1/1) ...
[2021-04-24 13:37:51,368 INFO  L185        PluginConnector]: Executing the observer TypeChecker from plugin Boogie Preprocessor for "de.uni_freiburg.informatik.ultimate.plugins.generator.cacsl2boogietranslator AST 24.04 01:37:51" (1/1) ...
[2021-04-24 13:37:51,387 INFO  L185        PluginConnector]: Executing the observer ConstExpander from plugin Boogie Preprocessor for "de.uni_freiburg.informatik.ultimate.plugins.generator.cacsl2boogietranslator AST 24.04 01:37:51" (1/1) ...
[2021-04-24 13:37:51,387 INFO  L185        PluginConnector]: Executing the observer StructExpander from plugin Boogie Preprocessor for "de.uni_freiburg.informatik.ultimate.plugins.generator.cacsl2boogietranslator AST 24.04 01:37:51" (1/1) ...
[2021-04-24 13:37:51,413 INFO  L185        PluginConnector]: Executing the observer UnstructureCode from plugin Boogie Preprocessor for "de.uni_freiburg.informatik.ultimate.plugins.generator.cacsl2boogietranslator AST 24.04 01:37:51" (1/1) ...
[2021-04-24 13:37:51,417 INFO  L185        PluginConnector]: Executing the observer FunctionInliner from plugin Boogie Preprocessor for "de.uni_freiburg.informatik.ultimate.plugins.generator.cacsl2boogietranslator AST 24.04 01:37:51" (1/1) ...
[2021-04-24 13:37:51,423 INFO  L185        PluginConnector]: Executing the observer BoogieSymbolTableConstructor from plugin Boogie Preprocessor for "de.uni_freiburg.informatik.ultimate.plugins.generator.cacsl2boogietranslator AST 24.04 01:37:51" (1/1) ...
[2021-04-24 13:37:51,430 INFO  L132        PluginConnector]: ------------------------ END Boogie Preprocessor----------------------------
[2021-04-24 13:37:51,430 INFO  L113        PluginConnector]: ------------------------RCFGBuilder----------------------------
[2021-04-24 13:37:51,431 INFO  L271        PluginConnector]: Initializing RCFGBuilder...
[2021-04-24 13:37:51,431 INFO  L275        PluginConnector]: RCFGBuilder initialized
[2021-04-24 13:37:51,431 INFO  L185        PluginConnector]: Executing the observer RCFGBuilderObserver from plugin RCFGBuilder for "de.uni_freiburg.informatik.ultimate.plugins.generator.cacsl2boogietranslator AST 24.04 01:37:51" (1/1) ...
[2021-04-24 13:37:51,495 INFO  L138     BoogieDeclarations]: Found implementation of procedure ULTIMATE.init
[2021-04-24 13:37:51,495 INFO  L138     BoogieDeclarations]: Found implementation of procedure ULTIMATE.start
[2021-04-24 13:37:51,495 INFO  L138     BoogieDeclarations]: Found implementation of procedure __VERIFIER_nondet_bool
[2021-04-24 13:37:51,495 INFO  L138     BoogieDeclarations]: Found implementation of procedure main
[2021-04-24 13:37:51,495 INFO  L130     BoogieDeclarations]: Found specification of procedure __VERIFIER_nondet_float
[2021-04-24 13:37:51,495 INFO  L130     BoogieDeclarations]: Found specification of procedure __VERIFIER_nondet_int
[2021-04-24 13:37:51,495 INFO  L130     BoogieDeclarations]: Found specification of procedure __VERIFIER_nondet_bool
[2021-04-24 13:37:51,495 INFO  L130     BoogieDeclarations]: Found specification of procedure main
[2021-04-24 13:37:51,496 INFO  L130     BoogieDeclarations]: Found specification of procedure ULTIMATE.init
[2021-04-24 13:37:51,496 INFO  L130     BoogieDeclarations]: Found specification of procedure ULTIMATE.start
[2021-04-24 13:37:52,056 INFO  L294             CfgBuilder]: Using the 1 location(s) as analysis (start of procedure ULTIMATE.start)
[2021-04-24 13:37:52,056 INFO  L299             CfgBuilder]: Removed 1 assume(true) statements.
[2021-04-24 13:37:52,058 INFO  L202        PluginConnector]: Adding new model de.uni_freiburg.informatik.ultimate.plugins.generator.rcfgbuilder CFG 24.04 01:37:52 BoogieIcfgContainer
[2021-04-24 13:37:52,058 INFO  L132        PluginConnector]: ------------------------ END RCFGBuilder----------------------------
[2021-04-24 13:37:52,059 INFO  L113        PluginConnector]: ------------------------LTL2Aut----------------------------
[2021-04-24 13:37:52,059 INFO  L271        PluginConnector]: Initializing LTL2Aut...
[2021-04-24 13:37:52,060 INFO  L275        PluginConnector]: LTL2Aut initialized
[2021-04-24 13:37:52,062 INFO  L185        PluginConnector]: Executing the observer LTL2autObserver from plugin LTL2Aut for "de.uni_freiburg.informatik.ultimate.plugins.generator.cacsl2boogietranslator AST 24.04 01:37:51" (2/3) ...
No working directory specified, using /usr/bin/ltl2ba
Starting monitored process 1 with ltl2ba -f ! ( ( [] ( <> ( a ) ) || ! ( [] ( ( <> ( b ) && <> ( c ) ) ) ) ) )  (exit command is null, workingDir is null)
[2021-04-24 13:37:52,100 INFO  L125        LTL2autObserver]: LTL Property is: (G(F((0 == ~num0~0))) || !(G((F((!(0 != ~p0_l0~0) && !(0 != ~p0_l1~0))) && F((!(!(0 != ~p0_l0~0) && !(0 != ~p0_l1~0))))))))
[2021-04-24 13:37:52,101 INFO  L202        PluginConnector]: Adding new model Hardcoded de.uni_freiburg.informatik.ultimate.ltl2aut AST 24.04 01:37:52 NWAContainer
[2021-04-24 13:37:52,101 INFO  L132        PluginConnector]: ------------------------ END LTL2Aut----------------------------
[2021-04-24 13:37:52,101 INFO  L113        PluginConnector]: ------------------------B?chi Program Product----------------------------
[2021-04-24 13:37:52,101 INFO  L271        PluginConnector]: Initializing B?chi Program Product...
[2021-04-24 13:37:52,102 INFO  L275        PluginConnector]: B?chi Program Product initialized
[2021-04-24 13:37:52,103 INFO  L185        PluginConnector]: Executing the observer BuchiProductObserver from plugin B?chi Program Product for "de.uni_freiburg.informatik.ultimate.plugins.generator.rcfgbuilder CFG 24.04 01:37:52" (3/4) ...
[2021-04-24 13:37:52,103 INFO  L205        PluginConnector]: Invalid model from B?chi Program Product for observer de.uni_freiburg.informatik.ultimate.buchiprogramproduct.BuchiProductObserver@22252cc5 and model type LTL+Program Product de.uni_freiburg.informatik.ultimate.buchiprogramproduct OTHER 24.04 01:37:52, skipping insertion in model container
[2021-04-24 13:37:52,104 INFO  L185        PluginConnector]: Executing the observer BuchiProductObserver from plugin B?chi Program Product for "Hardcoded de.uni_freiburg.informatik.ultimate.ltl2aut AST 24.04 01:37:52" (4/4) ...
[2021-04-24 13:37:52,106 INFO  L104   BuchiProductObserver]: Initial property automaton 4 locations, 10 edges
[2021-04-24 13:37:52,107 INFO  L110   BuchiProductObserver]: Initial RCFG 549 locations, 723 edges
[2021-04-24 13:37:52,108 INFO  L93    BuchiProductObserver]: Beginning generation of product automaton
[2021-04-24 13:37:52,113 INFO  L132       ProductGenerator]: The program has no step specification, so we assume maximum atomicity
[2021-04-24 13:37:54,135 INFO  L97    BuchiProductObserver]: Finished generation of product automaton successfully
[2021-04-24 13:37:54,141 INFO  L110   BuchiProductObserver]: BuchiProgram size 2478 locations, 6343 edges
[2021-04-24 13:37:54,141 INFO  L202        PluginConnector]: Adding new model LTL+Program Product de.uni_freiburg.informatik.ultimate.buchiprogramproduct OTHER 24.04 01:37:54 BoogieIcfgContainer
[2021-04-24 13:37:54,141 INFO  L132        PluginConnector]: ------------------------ END B?chi Program Product----------------------------
[2021-04-24 13:37:54,142 INFO  L113        PluginConnector]: ------------------------BlockEncodingV2----------------------------
[2021-04-24 13:37:54,142 INFO  L271        PluginConnector]: Initializing BlockEncodingV2...
[2021-04-24 13:37:54,144 INFO  L275        PluginConnector]: BlockEncodingV2 initialized
[2021-04-24 13:37:54,144 INFO  L185        PluginConnector]: Executing the observer BlockEncodingObserver from plugin BlockEncodingV2 for "LTL+Program Product de.uni_freiburg.informatik.ultimate.buchiprogramproduct OTHER 24.04 01:37:54" (1/1) ...
[2021-04-24 13:37:54,226 WARN  L208         IcfgDuplicator]: Creating raw copy for unreachable call because return is reachable in graph view: call #t~ret1 := __VERIFIER_nondet_bool();
[2021-04-24 13:37:54,226 WARN  L208         IcfgDuplicator]: Creating raw copy for unreachable call because return is reachable in graph view: call #t~ret1 := __VERIFIER_nondet_bool();
[2021-04-24 13:37:54,242 INFO  L313           BlockEncoder]: Initial Icfg 2478 locations, 6343 edges
[2021-04-24 13:37:54,243 INFO  L258           BlockEncoder]: Using Remove infeasible edges
[2021-04-24 13:37:54,243 INFO  L263           BlockEncoder]: Using Maximize final states
[2021-04-24 13:37:54,243 INFO  L270           BlockEncoder]: Using Minimize states even if more edges are added than removed.=true
[2021-04-24 13:37:54,244 INFO  L296           BlockEncoder]: Using Remove sink states
[2021-04-24 13:37:54,244 INFO  L171           BlockEncoder]: Using Apply optimizations until nothing changes=true
[2021-04-24 13:37:54,244 INFO  L179           BlockEncoder]: Using Rewrite not-equals
Received shutdown request...
