F3 run `10`

	Found non-termination argument:
	State 3
		b = -1
		pc = 3
		x = 1
		y = 1
		((-1 * a) <= 2)
		(z < 42)
		((-1 * a) < 43)
		((-1 * a) <= 1)
		((-1 * a) < 42)
		((-1 * a) <= 0)
		(((z * 2) + (-1 * a)) <= 0)
	Trans 3 -- 4
		_x_a = a
		_x_z = z
	State 4
		b = -1
		pc = 4
		x = 1
		y = 1
	Trans 4 -- 5
		_x_a = a
		_x_z = z
	State 5
		b = -1
		pc = 7
		x = 1
		y = 1
	Trans 5 -- 6
		_x_a = a
		_x_z = z
	State 6
		b = -1
		pc = 8
		x = 1
		y = 1
	Trans 6 -- 7
		_x_a = a
		_x_z = (-1 * a)
	State 7
		b = -1
		pc = 9
		x = 1
		y = 1
	Trans 7 -- 8
		_x_a = (a + 1)
		_x_z = z
	starting from: a : 0, b : -1, pc : 3, x : 1, y : 1, z : 0

end of `10`: SUCCESS in 7.381621599197388s
