F3 run `11`

	Found non-termination argument:
	State 4
		pc = 4
		y = 0
		(w <= -5)
		((w * z) <= 0)
		((-1 * z) <= -5)
		(((w * z) + (-1 * z) + w) <= 1)
		((-1 * z) <= -4)
		(w <= -4)
		(w <= -3)
		(((w * 73) + (z * 41) + 198) <= 0)
	Trans 4 -- 5
		_x_x = (-1 * w * z)
		_x_w = w
		_x_z = z
	State 5
		pc = 5
		y = 0
	Trans 5 -- 6
		_x_w = w
		_x_x = x
		_x_z = (z + 1)
	State 6
		pc = 6
		y = 0
	Trans 6 -- 7
		_x_w = (w + -1)
		_x_x = x
		_x_z = z
	State 7
		pc = 3
		y = 0
	Trans 7 -- 8
		_x_w = w
		_x_x = x
		_x_z = z
	starting from: pc : 4, w : -6, x : 31, y : 0, z : 5

end of `11`: SUCCESS in 105.05265641212463s
