

run 1/1: `14`

	Found non-termination argument:
	Do states 2..5 while ((ToReal(x) * 1/20) < 0.0)
	State 2
		pc = 2
		y = -10
		((-1 * x) <= 0)
		((-1 * x) <= 1)
	Trans 2 -- 3
		_x_z : z
		_x_x : x
	State 3
		pc = 3
		y = -10
	Trans 3 -- 4
		_x_z : z
		_x_x : x
	State 4
		pc = 4
		y = -10
	Trans 4 -- 5
		_x_z : (x * -10)
		_x_x : x
	State 5
		pc = 5
		y = -10
	Trans 5 -- 2
		_x_z : z
		_x_x : (x + 20)
	End do-while
	State 5
		pc = 5
		y = -10
		((-1.0 * (ToReal(x) * 1/20)) <= 0.0)
		((-1 * x) <= 20)
		((-1 * x) <= 1)
	Trans 5 -- 6
		_x_z = z
		_x_x = (x + 20)
	starting from: {z: 0, pc: 2, x: 0, y: -10}

end of `14`: SUCCESS in 1.0896930694580078s
