

run 1/1: `4`

	Found non-termination argument:
	Do states 6..11 while (((-1.0 * ToReal(w)) + -9/2) < 0.0)
	State 6
		pc = 9
		x = 36
		y = 21
		z = 6
		(w <= 36)
		(w <= -5)
	Trans 6 -- 7
		_x_w : w
	State 7
		pc = 10
		x = 36
		y = 21
		z = 6
	Trans 7 -- 8
		_x_w : w
	State 8
		pc = 13
		x = 36
		y = 21
		z = 6
	Trans 8 -- 9
		_x_w : w
	State 9
		pc = 14
		x = 36
		y = 21
		z = 6
	Trans 9 -- 10
		_x_w : w
	State 10
		pc = 16
		x = 36
		y = 21
		z = 6
	Trans 10 -- 11
		_x_w : w
	State 11
		pc = 17
		x = 36
		y = 21
		z = 6
	Trans 11 -- 6
		_x_w : (w + -1)
	End do-while
	State 11
		pc = 17
		x = 36
		y = 21
		z = 6
		(w <= -4)
		(w <= 37)
		((ToReal(w) + 9/2) <= 0.0)
	Trans 11 -- 12
		_x_w = (w + -1)
	starting from: {pc: 9, w: -5, x: 36, y: 21, z: 6}

end of `4`: SUCCESS in 1.5890707969665527s
