F3 run `nCr_combination`

	Found non-termination argument:
	State 36
		den = 0
		nCr = 1
		n_num = 1
		num = 0
		pc = 18
		r_num = 1
	Trans 36 -- 37
		_x_dmul = dmul
		_x_nmul = nmul
	State 37
		den = 0
		nCr = 1
		n_num = 1
		num = 0
		pc = 19
		r_num = 1
	Trans 37 -- 38
		_x_dmul = (dmul + -1)
		_x_nmul = nmul
	State 38
		den = 0
		nCr = 1
		n_num = 1
		num = 0
		pc = 11
		r_num = 1
	Trans 38 -- 39
		_x_dmul = dmul
		_x_nmul = nmul
	State 39
		den = 0
		nCr = 1
		n_num = 1
		num = 0
		pc = 12
		r_num = 1
	Trans 39 -- 40
		_x_dmul = dmul
		_x_nmul = nmul
	State 40
		den = 0
		nCr = 1
		n_num = 1
		num = 0
		pc = 16
		r_num = 1
	Trans 40 -- 41
		_x_dmul = dmul
		_x_nmul = nmul
	State 41
		den = 0
		nCr = 1
		n_num = 1
		num = 0
		pc = 17
		r_num = 1
	Trans 41 -- 42
		_x_dmul = dmul
		_x_nmul = (nmul + -1)
	starting from: den : 0, dmul : -3, nCr : 1, n_num : 1, nmul : -4, num : 0, pc : 18, r_num : 1

end of `nCr_combination`: SUCCESS in 12.04407525062561s
