Creating empty 100MiB image file: /home/magnago/overlay/fddi_0002.c.ext3
Formatting image with ext3 file system
Image is done: /home/magnago/overlay/fddi_0002.c.ext3
This is Ultimate 0.2.1-origin.dev-f91880a
[2021-04-24 14:54:10,909 INFO  L177        SettingsManager]: Resetting all preferences to default values...
[2021-04-24 14:54:10,911 INFO  L181        SettingsManager]: Resetting UltimateCore preferences to default values
[2021-04-24 14:54:10,951 INFO  L184        SettingsManager]: Ultimate Commandline Interface provides no preferences, ignoring...
[2021-04-24 14:54:10,952 INFO  L181        SettingsManager]: Resetting Boogie Preprocessor preferences to default values
[2021-04-24 14:54:10,952 INFO  L181        SettingsManager]: Resetting Boogie Procedure Inliner preferences to default values
[2021-04-24 14:54:10,953 INFO  L181        SettingsManager]: Resetting Abstract Interpretation preferences to default values
[2021-04-24 14:54:10,955 INFO  L181        SettingsManager]: Resetting LassoRanker preferences to default values
[2021-04-24 14:54:10,956 INFO  L181        SettingsManager]: Resetting Reaching Definitions preferences to default values
[2021-04-24 14:54:10,957 INFO  L181        SettingsManager]: Resetting SyntaxChecker preferences to default values
[2021-04-24 14:54:10,957 INFO  L181        SettingsManager]: Resetting Sifa preferences to default values
[2021-04-24 14:54:10,958 INFO  L184        SettingsManager]: B?chi Program Product provides no preferences, ignoring...
[2021-04-24 14:54:10,958 INFO  L181        SettingsManager]: Resetting LTL2Aut preferences to default values
[2021-04-24 14:54:10,959 INFO  L181        SettingsManager]: Resetting PEA to Boogie preferences to default values
[2021-04-24 14:54:10,960 INFO  L181        SettingsManager]: Resetting BlockEncodingV2 preferences to default values
[2021-04-24 14:54:10,961 INFO  L181        SettingsManager]: Resetting ChcToBoogie preferences to default values
[2021-04-24 14:54:10,961 INFO  L181        SettingsManager]: Resetting AutomataScriptInterpreter preferences to default values
[2021-04-24 14:54:10,962 INFO  L181        SettingsManager]: Resetting BuchiAutomizer preferences to default values
[2021-04-24 14:54:10,963 INFO  L181        SettingsManager]: Resetting CACSL2BoogieTranslator preferences to default values
[2021-04-24 14:54:10,965 INFO  L181        SettingsManager]: Resetting CodeCheck preferences to default values
[2021-04-24 14:54:10,966 INFO  L181        SettingsManager]: Resetting InvariantSynthesis preferences to default values
[2021-04-24 14:54:10,967 INFO  L181        SettingsManager]: Resetting RCFGBuilder preferences to default values
[2021-04-24 14:54:10,968 INFO  L181        SettingsManager]: Resetting Referee preferences to default values
[2021-04-24 14:54:10,969 INFO  L181        SettingsManager]: Resetting TraceAbstraction preferences to default values
[2021-04-24 14:54:10,971 INFO  L184        SettingsManager]: TraceAbstractionConcurrent provides no preferences, ignoring...
[2021-04-24 14:54:10,972 INFO  L184        SettingsManager]: TraceAbstractionWithAFAs provides no preferences, ignoring...
[2021-04-24 14:54:10,972 INFO  L181        SettingsManager]: Resetting TreeAutomizer preferences to default values
[2021-04-24 14:54:10,973 INFO  L181        SettingsManager]: Resetting IcfgToChc preferences to default values
[2021-04-24 14:54:10,973 INFO  L181        SettingsManager]: Resetting IcfgTransformer preferences to default values
[2021-04-24 14:54:10,974 INFO  L184        SettingsManager]: ReqToTest provides no preferences, ignoring...
[2021-04-24 14:54:10,974 INFO  L181        SettingsManager]: Resetting Boogie Printer preferences to default values
[2021-04-24 14:54:10,975 INFO  L181        SettingsManager]: Resetting ChcSmtPrinter preferences to default values
[2021-04-24 14:54:10,976 INFO  L181        SettingsManager]: Resetting ReqPrinter preferences to default values
[2021-04-24 14:54:10,976 INFO  L181        SettingsManager]: Resetting Witness Printer preferences to default values
[2021-04-24 14:54:10,977 INFO  L184        SettingsManager]: Boogie PL CUP Parser provides no preferences, ignoring...
[2021-04-24 14:54:10,978 INFO  L181        SettingsManager]: Resetting CDTParser preferences to default values
[2021-04-24 14:54:10,978 INFO  L184        SettingsManager]: AutomataScriptParser provides no preferences, ignoring...
[2021-04-24 14:54:10,978 INFO  L184        SettingsManager]: ReqParser provides no preferences, ignoring...
[2021-04-24 14:54:10,978 INFO  L181        SettingsManager]: Resetting SmtParser preferences to default values
[2021-04-24 14:54:10,979 INFO  L181        SettingsManager]: Resetting Witness Parser preferences to default values
[2021-04-24 14:54:10,980 INFO  L188        SettingsManager]: Finished resetting all preferences to default values...
[2021-04-24 14:54:10,981 INFO  L101        SettingsManager]: Beginning loading settings from /home/singularity/UAutomizer-linux/config/svcomp-LTL-64bit-Automizer_Default.epf
[2021-04-24 14:54:10,994 INFO  L113        SettingsManager]: Loading preferences was successful
[2021-04-24 14:54:10,994 INFO  L115        SettingsManager]: Preferences different from defaults after loading the file:
[2021-04-24 14:54:10,995 INFO  L136        SettingsManager]: Preferences of BlockEncodingV2 differ from their defaults:
[2021-04-24 14:54:10,995 INFO  L138        SettingsManager]:  * Minimize states even if more edges are added than removed.=true
[2021-04-24 14:54:10,995 INFO  L138        SettingsManager]:  * Rewrite not-equals=true
[2021-04-24 14:54:10,995 INFO  L138        SettingsManager]:  * Create parallel compositions if possible=false
[2021-04-24 14:54:10,995 INFO  L138        SettingsManager]:  * Minimize states using LBE with the strategy=NONE
[2021-04-24 14:54:10,995 INFO  L138        SettingsManager]:  * Use SBE=true
[2021-04-24 14:54:10,995 INFO  L136        SettingsManager]: Preferences of BuchiAutomizer differ from their defaults:
[2021-04-24 14:54:10,995 INFO  L138        SettingsManager]:  * Compute Interpolants along a Counterexample=Craig_TreeInterpolation
[2021-04-24 14:54:10,996 INFO  L138        SettingsManager]:  * Use old map elimination=false
[2021-04-24 14:54:10,996 INFO  L138        SettingsManager]:  * Try twofold refinement=false
[2021-04-24 14:54:10,996 INFO  L136        SettingsManager]: Preferences of CACSL2BoogieTranslator differ from their defaults:
[2021-04-24 14:54:10,996 INFO  L138        SettingsManager]:  * Check unreachability of error function in SV-COMP mode=false
[2021-04-24 14:54:10,996 INFO  L138        SettingsManager]:  * Overapproximate operations on floating types=true
[2021-04-24 14:54:10,996 INFO  L138        SettingsManager]:  * Check division by zero=IGNORE
[2021-04-24 14:54:10,996 INFO  L138        SettingsManager]:  * Pointer to allocated memory at dereference=ASSUME
[2021-04-24 14:54:10,996 INFO  L138        SettingsManager]:  * If two pointers are subtracted or compared they have the same base address=ASSUME
[2021-04-24 14:54:10,996 INFO  L138        SettingsManager]:  * Check array bounds for arrays that are off heap=ASSUME
[2021-04-24 14:54:10,996 INFO  L138        SettingsManager]:  * Check if freed pointer was valid=false
[2021-04-24 14:54:10,997 INFO  L138        SettingsManager]:  * Use constant arrays=true
[2021-04-24 14:54:10,997 INFO  L138        SettingsManager]:  * Pointer base address is valid at dereference=ASSUME
[2021-04-24 14:54:10,997 INFO  L136        SettingsManager]: Preferences of RCFGBuilder differ from their defaults:
[2021-04-24 14:54:10,997 INFO  L138        SettingsManager]:  * Size of a code block=SingleStatement
[2021-04-24 14:54:10,997 INFO  L138        SettingsManager]:  * SMT solver=Internal_SMTInterpol
Applying setting for plugin de.uni_freiburg.informatik.ultimate.plugins.generator.cacsl2boogietranslator: Overapproximate operations on floating types -> false
Applying setting for plugin de.uni_freiburg.informatik.ultimate.plugins.generator.cacsl2boogietranslator: Assume nondeterminstic values are in range -> false
[2021-04-24 14:54:11,191 INFO  L75    nceAwareModelManager]: Repository-Root is: /tmp
[2021-04-24 14:54:11,217 INFO  L261   ainManager$Toolchain]: [Toolchain 1]: Applicable parser(s) successfully (re)initialized
[2021-04-24 14:54:11,219 INFO  L217   ainManager$Toolchain]: [Toolchain 1]: Toolchain selected.
[2021-04-24 14:54:11,220 INFO  L271        PluginConnector]: Initializing CDTParser...
[2021-04-24 14:54:11,220 INFO  L275        PluginConnector]: CDTParser initialized
[2021-04-24 14:54:11,221 INFO  L432   ainManager$Toolchain]: [Toolchain 1]: Parsing single file: /home/magnago/benchmarks/ltl_timed_automata/fddi/ultimate/fddi_0002.c
[2021-04-24 14:54:11,282 INFO  L220              CDTParser]: Created temporary CDT project at /home/singularity/f157a46195474167981f124fd3320304/FLAGb2f9838fa
!SESSION 2021-04-24 14:54:09.161 -----------------------------------------------
eclipse.buildId=unknown
java.version=11.0.10
java.vendor=Ubuntu
BootLoader constants: OS=linux, ARCH=x86_64, WS=gtk, NL=en_US
Framework arguments:  --console -tc /home/singularity/UAutomizer-linux/config/AutomizerLTL.xml -s /home/singularity/UAutomizer-linux/config/svcomp-LTL-64bit-Automizer_Default.epf --cacsl2boogietranslator.overapproximate.operations.on.floating.types=false --cacsl2boogietranslator.assume.nondeterminstic.values.are.in.range false -i /home/magnago/benchmarks/ltl_timed_automata/fddi/ultimate/fddi_0002.c
Command-line arguments:  -os linux -ws gtk -arch x86_64 -consoleLog --console -data @user.home/.ultimate -tc /home/singularity/UAutomizer-linux/config/AutomizerLTL.xml -s /home/singularity/UAutomizer-linux/config/svcomp-LTL-64bit-Automizer_Default.epf -data /home/singularity --cacsl2boogietranslator.overapproximate.operations.on.floating.types=false --cacsl2boogietranslator.assume.nondeterminstic.values.are.in.range false -i /home/magnago/benchmarks/ltl_timed_automata/fddi/ultimate/fddi_0002.c

!ENTRY org.eclipse.cdt.core 1 0 2021-04-24 14:54:11.520
!MESSAGE Indexed 'FLAGb2f9838fa' (0 sources, 0 headers) in 0.006 sec: 0 declarations; 0 references; 0 unresolved inclusions; 0 syntax errors; 0 unresolved names (0%)
[2021-04-24 14:54:11,743 INFO  L306              CDTParser]: Found 1 translation units.
[2021-04-24 14:54:11,743 INFO  L160              CDTParser]: Scanning /home/magnago/benchmarks/ltl_timed_automata/fddi/ultimate/fddi_0002.c
[2021-04-24 14:54:11,769 INFO  L349              CDTParser]: About to delete temporary CDT project at /home/singularity/f157a46195474167981f124fd3320304/FLAGb2f9838fa
[2021-04-24 14:54:11,779 INFO  L357              CDTParser]: Successfully deleted /home/singularity/f157a46195474167981f124fd3320304
[2021-04-24 14:54:11,781 INFO  L299   ainManager$Toolchain]: ####################### [Toolchain 1] #######################
[2021-04-24 14:54:11,783 INFO  L131        ToolchainWalker]: Walking toolchain with 7 elements.
[2021-04-24 14:54:11,784 INFO  L113        PluginConnector]: ------------------------CACSL2BoogieTranslator----------------------------
[2021-04-24 14:54:11,784 INFO  L271        PluginConnector]: Initializing CACSL2BoogieTranslator...
[2021-04-24 14:54:11,786 INFO  L275        PluginConnector]: CACSL2BoogieTranslator initialized
[2021-04-24 14:54:11,787 INFO  L185        PluginConnector]: Executing the observer ACSLObjectContainerObserver from plugin CACSL2BoogieTranslator for "CDTParser AST 24.04 02:54:11" (1/1) ...
[2021-04-24 14:54:11,788 INFO  L205        PluginConnector]: Invalid model from CACSL2BoogieTranslator for observer de.uni_freiburg.informatik.ultimate.plugins.generator.cacsl2boogietranslator.ACSLObjectContainerObserver@e64ac40 and model type de.uni_freiburg.informatik.ultimate.plugins.generator.cacsl2boogietranslator AST 24.04 02:54:11, skipping insertion in model container
[2021-04-24 14:54:11,788 INFO  L185        PluginConnector]: Executing the observer CACSL2BoogieTranslatorObserver from plugin CACSL2BoogieTranslator for "CDTParser AST 24.04 02:54:11" (1/1) ...
[2021-04-24 14:54:11,793 INFO  L145         MainTranslator]: Starting translation in SV-COMP mode 
[2021-04-24 14:54:11,815 INFO  L178         MainTranslator]: Built tables and reachable declarations
[2021-04-24 14:54:12,016 INFO  L206          PostProcessor]: Analyzing one entry point: main
[2021-04-24 14:54:12,020 INFO  L203         MainTranslator]: Completed pre-run
[2021-04-24 14:54:12,062 INFO  L206          PostProcessor]: Analyzing one entry point: main
[2021-04-24 14:54:12,077 INFO  L208         MainTranslator]: Completed translation
[2021-04-24 14:54:12,077 INFO  L202        PluginConnector]: Adding new model de.uni_freiburg.informatik.ultimate.plugins.generator.cacsl2boogietranslator AST 24.04 02:54:12 WrapperNode
[2021-04-24 14:54:12,077 INFO  L132        PluginConnector]: ------------------------ END CACSL2BoogieTranslator----------------------------
[2021-04-24 14:54:12,078 INFO  L113        PluginConnector]: ------------------------Boogie Preprocessor----------------------------
[2021-04-24 14:54:12,078 INFO  L271        PluginConnector]: Initializing Boogie Preprocessor...
[2021-04-24 14:54:12,078 INFO  L275        PluginConnector]: Boogie Preprocessor initialized
[2021-04-24 14:54:12,094 INFO  L185        PluginConnector]: Executing the observer EnsureBoogieModelObserver from plugin Boogie Preprocessor for "de.uni_freiburg.informatik.ultimate.plugins.generator.cacsl2boogietranslator AST 24.04 02:54:12" (1/1) ...
[2021-04-24 14:54:12,094 INFO  L185        PluginConnector]: Executing the observer TypeChecker from plugin Boogie Preprocessor for "de.uni_freiburg.informatik.ultimate.plugins.generator.cacsl2boogietranslator AST 24.04 02:54:12" (1/1) ...
[2021-04-24 14:54:12,101 INFO  L185        PluginConnector]: Executing the observer ConstExpander from plugin Boogie Preprocessor for "de.uni_freiburg.informatik.ultimate.plugins.generator.cacsl2boogietranslator AST 24.04 02:54:12" (1/1) ...
[2021-04-24 14:54:12,101 INFO  L185        PluginConnector]: Executing the observer StructExpander from plugin Boogie Preprocessor for "de.uni_freiburg.informatik.ultimate.plugins.generator.cacsl2boogietranslator AST 24.04 02:54:12" (1/1) ...
[2021-04-24 14:54:12,114 INFO  L185        PluginConnector]: Executing the observer UnstructureCode from plugin Boogie Preprocessor for "de.uni_freiburg.informatik.ultimate.plugins.generator.cacsl2boogietranslator AST 24.04 02:54:12" (1/1) ...
[2021-04-24 14:54:12,117 INFO  L185        PluginConnector]: Executing the observer FunctionInliner from plugin Boogie Preprocessor for "de.uni_freiburg.informatik.ultimate.plugins.generator.cacsl2boogietranslator AST 24.04 02:54:12" (1/1) ...
[2021-04-24 14:54:12,119 INFO  L185        PluginConnector]: Executing the observer BoogieSymbolTableConstructor from plugin Boogie Preprocessor for "de.uni_freiburg.informatik.ultimate.plugins.generator.cacsl2boogietranslator AST 24.04 02:54:12" (1/1) ...
[2021-04-24 14:54:12,122 INFO  L132        PluginConnector]: ------------------------ END Boogie Preprocessor----------------------------
[2021-04-24 14:54:12,123 INFO  L113        PluginConnector]: ------------------------RCFGBuilder----------------------------
[2021-04-24 14:54:12,123 INFO  L271        PluginConnector]: Initializing RCFGBuilder...
[2021-04-24 14:54:12,123 INFO  L275        PluginConnector]: RCFGBuilder initialized
[2021-04-24 14:54:12,124 INFO  L185        PluginConnector]: Executing the observer RCFGBuilderObserver from plugin RCFGBuilder for "de.uni_freiburg.informatik.ultimate.plugins.generator.cacsl2boogietranslator AST 24.04 02:54:12" (1/1) ...
[2021-04-24 14:54:12,181 INFO  L138     BoogieDeclarations]: Found implementation of procedure ULTIMATE.init
[2021-04-24 14:54:12,181 INFO  L138     BoogieDeclarations]: Found implementation of procedure ULTIMATE.start
[2021-04-24 14:54:12,182 INFO  L138     BoogieDeclarations]: Found implementation of procedure __VERIFIER_nondet_bool
[2021-04-24 14:54:12,182 INFO  L138     BoogieDeclarations]: Found implementation of procedure main
[2021-04-24 14:54:12,182 INFO  L130     BoogieDeclarations]: Found specification of procedure __VERIFIER_nondet_float
[2021-04-24 14:54:12,182 INFO  L130     BoogieDeclarations]: Found specification of procedure __VERIFIER_nondet_int
[2021-04-24 14:54:12,182 INFO  L130     BoogieDeclarations]: Found specification of procedure __VERIFIER_nondet_bool
[2021-04-24 14:54:12,182 INFO  L130     BoogieDeclarations]: Found specification of procedure main
[2021-04-24 14:54:12,182 INFO  L130     BoogieDeclarations]: Found specification of procedure ULTIMATE.init
[2021-04-24 14:54:12,182 INFO  L130     BoogieDeclarations]: Found specification of procedure ULTIMATE.start
[2021-04-24 14:54:12,405 INFO  L294             CfgBuilder]: Using the 1 location(s) as analysis (start of procedure ULTIMATE.start)
[2021-04-24 14:54:12,405 INFO  L299             CfgBuilder]: Removed 1 assume(true) statements.
[2021-04-24 14:54:12,406 INFO  L202        PluginConnector]: Adding new model de.uni_freiburg.informatik.ultimate.plugins.generator.rcfgbuilder CFG 24.04 02:54:12 BoogieIcfgContainer
[2021-04-24 14:54:12,406 INFO  L132        PluginConnector]: ------------------------ END RCFGBuilder----------------------------
[2021-04-24 14:54:12,407 INFO  L113        PluginConnector]: ------------------------LTL2Aut----------------------------
[2021-04-24 14:54:12,407 INFO  L271        PluginConnector]: Initializing LTL2Aut...
[2021-04-24 14:54:12,408 INFO  L275        PluginConnector]: LTL2Aut initialized
[2021-04-24 14:54:12,409 INFO  L185        PluginConnector]: Executing the observer LTL2autObserver from plugin LTL2Aut for "de.uni_freiburg.informatik.ultimate.plugins.generator.cacsl2boogietranslator AST 24.04 02:54:12" (2/3) ...
No working directory specified, using /usr/bin/ltl2ba
Starting monitored process 1 with ltl2ba -f ! ( ( [] ( <> ( a ) ) || ! ( [] ( <> ( b ) ) ) ) )  (exit command is null, workingDir is null)
[2021-04-24 14:54:12,446 INFO  L125        LTL2autObserver]: LTL Property is: (G(F((0 != ~s0_l2~0 && 0 != ~s0_l0~0 && !(0 != ~s0_l1~0)))) || !(G(F((1.0 <= ~_diverge_delta~0)))))
[2021-04-24 14:54:12,447 INFO  L202        PluginConnector]: Adding new model Hardcoded de.uni_freiburg.informatik.ultimate.ltl2aut AST 24.04 02:54:12 NWAContainer
[2021-04-24 14:54:12,447 INFO  L132        PluginConnector]: ------------------------ END LTL2Aut----------------------------
[2021-04-24 14:54:12,447 INFO  L113        PluginConnector]: ------------------------B?chi Program Product----------------------------
[2021-04-24 14:54:12,448 INFO  L271        PluginConnector]: Initializing B?chi Program Product...
[2021-04-24 14:54:12,448 INFO  L275        PluginConnector]: B?chi Program Product initialized
[2021-04-24 14:54:12,449 INFO  L185        PluginConnector]: Executing the observer BuchiProductObserver from plugin B?chi Program Product for "de.uni_freiburg.informatik.ultimate.plugins.generator.rcfgbuilder CFG 24.04 02:54:12" (3/4) ...
[2021-04-24 14:54:12,449 INFO  L205        PluginConnector]: Invalid model from B?chi Program Product for observer de.uni_freiburg.informatik.ultimate.buchiprogramproduct.BuchiProductObserver@35a780d8 and model type LTL+Program Product de.uni_freiburg.informatik.ultimate.buchiprogramproduct OTHER 24.04 02:54:12, skipping insertion in model container
[2021-04-24 14:54:12,449 INFO  L185        PluginConnector]: Executing the observer BuchiProductObserver from plugin B?chi Program Product for "Hardcoded de.uni_freiburg.informatik.ultimate.ltl2aut AST 24.04 02:54:12" (4/4) ...
[2021-04-24 14:54:12,451 INFO  L104   BuchiProductObserver]: Initial property automaton 3 locations, 6 edges
[2021-04-24 14:54:12,452 INFO  L110   BuchiProductObserver]: Initial RCFG 209 locations, 263 edges
[2021-04-24 14:54:12,453 INFO  L93    BuchiProductObserver]: Beginning generation of product automaton
[2021-04-24 14:54:12,457 INFO  L132       ProductGenerator]: The program has no step specification, so we assume maximum atomicity
[2021-04-24 14:54:12,979 INFO  L97    BuchiProductObserver]: Finished generation of product automaton successfully
[2021-04-24 14:54:12,980 INFO  L110   BuchiProductObserver]: BuchiProgram size 672 locations, 1372 edges
[2021-04-24 14:54:12,980 INFO  L202        PluginConnector]: Adding new model LTL+Program Product de.uni_freiburg.informatik.ultimate.buchiprogramproduct OTHER 24.04 02:54:12 BoogieIcfgContainer
[2021-04-24 14:54:12,981 INFO  L132        PluginConnector]: ------------------------ END B?chi Program Product----------------------------
[2021-04-24 14:54:12,981 INFO  L113        PluginConnector]: ------------------------BlockEncodingV2----------------------------
[2021-04-24 14:54:12,981 INFO  L271        PluginConnector]: Initializing BlockEncodingV2...
[2021-04-24 14:54:12,983 INFO  L275        PluginConnector]: BlockEncodingV2 initialized
[2021-04-24 14:54:12,983 INFO  L185        PluginConnector]: Executing the observer BlockEncodingObserver from plugin BlockEncodingV2 for "LTL+Program Product de.uni_freiburg.informatik.ultimate.buchiprogramproduct OTHER 24.04 02:54:12" (1/1) ...
[2021-04-24 14:54:13,011 WARN  L208         IcfgDuplicator]: Creating raw copy for unreachable call because return is reachable in graph view: call #t~ret1 := __VERIFIER_nondet_bool();
[2021-04-24 14:54:13,011 WARN  L208         IcfgDuplicator]: Creating raw copy for unreachable call because return is reachable in graph view: call #t~ret1 := __VERIFIER_nondet_bool();
[2021-04-24 14:54:13,015 INFO  L313           BlockEncoder]: Initial Icfg 672 locations, 1372 edges
[2021-04-24 14:54:13,015 INFO  L258           BlockEncoder]: Using Remove infeasible edges
[2021-04-24 14:54:13,016 INFO  L263           BlockEncoder]: Using Maximize final states
[2021-04-24 14:54:13,016 INFO  L270           BlockEncoder]: Using Minimize states even if more edges are added than removed.=true
[2021-04-24 14:54:13,016 INFO  L296           BlockEncoder]: Using Remove sink states
[2021-04-24 14:54:13,017 INFO  L171           BlockEncoder]: Using Apply optimizations until nothing changes=true
[2021-04-24 14:54:13,017 INFO  L179           BlockEncoder]: Using Rewrite not-equals
Received shutdown request...
