Creating empty 100MiB image file: /home/magnago/overlay/fddi_0029.c.ext3
Formatting image with ext3 file system
Image is done: /home/magnago/overlay/fddi_0029.c.ext3
This is Ultimate 0.2.1-origin.dev-f91880a
[2021-04-24 15:17:02,800 INFO  L177        SettingsManager]: Resetting all preferences to default values...
[2021-04-24 15:17:02,803 INFO  L181        SettingsManager]: Resetting UltimateCore preferences to default values
[2021-04-24 15:17:02,837 INFO  L184        SettingsManager]: Ultimate Commandline Interface provides no preferences, ignoring...
[2021-04-24 15:17:02,838 INFO  L181        SettingsManager]: Resetting Boogie Preprocessor preferences to default values
[2021-04-24 15:17:02,838 INFO  L181        SettingsManager]: Resetting Boogie Procedure Inliner preferences to default values
[2021-04-24 15:17:02,839 INFO  L181        SettingsManager]: Resetting Abstract Interpretation preferences to default values
[2021-04-24 15:17:02,840 INFO  L181        SettingsManager]: Resetting LassoRanker preferences to default values
[2021-04-24 15:17:02,841 INFO  L181        SettingsManager]: Resetting Reaching Definitions preferences to default values
[2021-04-24 15:17:02,842 INFO  L181        SettingsManager]: Resetting SyntaxChecker preferences to default values
[2021-04-24 15:17:02,843 INFO  L181        SettingsManager]: Resetting Sifa preferences to default values
[2021-04-24 15:17:02,843 INFO  L184        SettingsManager]: B?chi Program Product provides no preferences, ignoring...
[2021-04-24 15:17:02,844 INFO  L181        SettingsManager]: Resetting LTL2Aut preferences to default values
[2021-04-24 15:17:02,844 INFO  L181        SettingsManager]: Resetting PEA to Boogie preferences to default values
[2021-04-24 15:17:02,845 INFO  L181        SettingsManager]: Resetting BlockEncodingV2 preferences to default values
[2021-04-24 15:17:02,846 INFO  L181        SettingsManager]: Resetting ChcToBoogie preferences to default values
[2021-04-24 15:17:02,846 INFO  L181        SettingsManager]: Resetting AutomataScriptInterpreter preferences to default values
[2021-04-24 15:17:02,847 INFO  L181        SettingsManager]: Resetting BuchiAutomizer preferences to default values
[2021-04-24 15:17:02,848 INFO  L181        SettingsManager]: Resetting CACSL2BoogieTranslator preferences to default values
[2021-04-24 15:17:02,849 INFO  L181        SettingsManager]: Resetting CodeCheck preferences to default values
[2021-04-24 15:17:02,850 INFO  L181        SettingsManager]: Resetting InvariantSynthesis preferences to default values
[2021-04-24 15:17:02,851 INFO  L181        SettingsManager]: Resetting RCFGBuilder preferences to default values
[2021-04-24 15:17:02,852 INFO  L181        SettingsManager]: Resetting Referee preferences to default values
[2021-04-24 15:17:02,852 INFO  L181        SettingsManager]: Resetting TraceAbstraction preferences to default values
[2021-04-24 15:17:02,854 INFO  L184        SettingsManager]: TraceAbstractionConcurrent provides no preferences, ignoring...
[2021-04-24 15:17:02,854 INFO  L184        SettingsManager]: TraceAbstractionWithAFAs provides no preferences, ignoring...
[2021-04-24 15:17:02,854 INFO  L181        SettingsManager]: Resetting TreeAutomizer preferences to default values
[2021-04-24 15:17:02,855 INFO  L181        SettingsManager]: Resetting IcfgToChc preferences to default values
[2021-04-24 15:17:02,855 INFO  L181        SettingsManager]: Resetting IcfgTransformer preferences to default values
[2021-04-24 15:17:02,855 INFO  L184        SettingsManager]: ReqToTest provides no preferences, ignoring...
[2021-04-24 15:17:02,856 INFO  L181        SettingsManager]: Resetting Boogie Printer preferences to default values
[2021-04-24 15:17:02,856 INFO  L181        SettingsManager]: Resetting ChcSmtPrinter preferences to default values
[2021-04-24 15:17:02,857 INFO  L181        SettingsManager]: Resetting ReqPrinter preferences to default values
[2021-04-24 15:17:02,857 INFO  L181        SettingsManager]: Resetting Witness Printer preferences to default values
[2021-04-24 15:17:02,858 INFO  L184        SettingsManager]: Boogie PL CUP Parser provides no preferences, ignoring...
[2021-04-24 15:17:02,858 INFO  L181        SettingsManager]: Resetting CDTParser preferences to default values
[2021-04-24 15:17:02,858 INFO  L184        SettingsManager]: AutomataScriptParser provides no preferences, ignoring...
[2021-04-24 15:17:02,859 INFO  L184        SettingsManager]: ReqParser provides no preferences, ignoring...
[2021-04-24 15:17:02,859 INFO  L181        SettingsManager]: Resetting SmtParser preferences to default values
[2021-04-24 15:17:02,859 INFO  L181        SettingsManager]: Resetting Witness Parser preferences to default values
[2021-04-24 15:17:02,860 INFO  L188        SettingsManager]: Finished resetting all preferences to default values...
[2021-04-24 15:17:02,861 INFO  L101        SettingsManager]: Beginning loading settings from /home/singularity/UAutomizer-linux/config/svcomp-LTL-64bit-Automizer_Default.epf
[2021-04-24 15:17:02,873 INFO  L113        SettingsManager]: Loading preferences was successful
[2021-04-24 15:17:02,873 INFO  L115        SettingsManager]: Preferences different from defaults after loading the file:
[2021-04-24 15:17:02,874 INFO  L136        SettingsManager]: Preferences of BlockEncodingV2 differ from their defaults:
[2021-04-24 15:17:02,874 INFO  L138        SettingsManager]:  * Minimize states even if more edges are added than removed.=true
[2021-04-24 15:17:02,874 INFO  L138        SettingsManager]:  * Rewrite not-equals=true
[2021-04-24 15:17:02,874 INFO  L138        SettingsManager]:  * Create parallel compositions if possible=false
[2021-04-24 15:17:02,874 INFO  L138        SettingsManager]:  * Minimize states using LBE with the strategy=NONE
[2021-04-24 15:17:02,874 INFO  L138        SettingsManager]:  * Use SBE=true
[2021-04-24 15:17:02,874 INFO  L136        SettingsManager]: Preferences of BuchiAutomizer differ from their defaults:
[2021-04-24 15:17:02,874 INFO  L138        SettingsManager]:  * Compute Interpolants along a Counterexample=Craig_TreeInterpolation
[2021-04-24 15:17:02,875 INFO  L138        SettingsManager]:  * Use old map elimination=false
[2021-04-24 15:17:02,875 INFO  L138        SettingsManager]:  * Try twofold refinement=false
[2021-04-24 15:17:02,875 INFO  L136        SettingsManager]: Preferences of CACSL2BoogieTranslator differ from their defaults:
[2021-04-24 15:17:02,875 INFO  L138        SettingsManager]:  * Check unreachability of error function in SV-COMP mode=false
[2021-04-24 15:17:02,875 INFO  L138        SettingsManager]:  * Overapproximate operations on floating types=true
[2021-04-24 15:17:02,875 INFO  L138        SettingsManager]:  * Check division by zero=IGNORE
[2021-04-24 15:17:02,875 INFO  L138        SettingsManager]:  * Pointer to allocated memory at dereference=ASSUME
[2021-04-24 15:17:02,875 INFO  L138        SettingsManager]:  * If two pointers are subtracted or compared they have the same base address=ASSUME
[2021-04-24 15:17:02,875 INFO  L138        SettingsManager]:  * Check array bounds for arrays that are off heap=ASSUME
[2021-04-24 15:17:02,876 INFO  L138        SettingsManager]:  * Check if freed pointer was valid=false
[2021-04-24 15:17:02,876 INFO  L138        SettingsManager]:  * Use constant arrays=true
[2021-04-24 15:17:02,876 INFO  L138        SettingsManager]:  * Pointer base address is valid at dereference=ASSUME
[2021-04-24 15:17:02,876 INFO  L136        SettingsManager]: Preferences of RCFGBuilder differ from their defaults:
[2021-04-24 15:17:02,876 INFO  L138        SettingsManager]:  * Size of a code block=SingleStatement
[2021-04-24 15:17:02,876 INFO  L138        SettingsManager]:  * SMT solver=Internal_SMTInterpol
Applying setting for plugin de.uni_freiburg.informatik.ultimate.plugins.generator.cacsl2boogietranslator: Overapproximate operations on floating types -> false
Applying setting for plugin de.uni_freiburg.informatik.ultimate.plugins.generator.cacsl2boogietranslator: Assume nondeterminstic values are in range -> false
[2021-04-24 15:17:03,082 INFO  L75    nceAwareModelManager]: Repository-Root is: /tmp
[2021-04-24 15:17:03,115 INFO  L261   ainManager$Toolchain]: [Toolchain 1]: Applicable parser(s) successfully (re)initialized
[2021-04-24 15:17:03,117 INFO  L217   ainManager$Toolchain]: [Toolchain 1]: Toolchain selected.
[2021-04-24 15:17:03,119 INFO  L271        PluginConnector]: Initializing CDTParser...
[2021-04-24 15:17:03,119 INFO  L275        PluginConnector]: CDTParser initialized
[2021-04-24 15:17:03,120 INFO  L432   ainManager$Toolchain]: [Toolchain 1]: Parsing single file: /home/magnago/benchmarks/ltl_timed_automata/fddi/ultimate/fddi_0029.c
[2021-04-24 15:17:03,159 INFO  L220              CDTParser]: Created temporary CDT project at /home/singularity/bdc8dba3af9d4ba39cc87683aec4bf55/FLAG52a5d87b0
!SESSION 2021-04-24 15:17:01.085 -----------------------------------------------
eclipse.buildId=unknown
java.version=11.0.10
java.vendor=Ubuntu
BootLoader constants: OS=linux, ARCH=x86_64, WS=gtk, NL=en_US
Framework arguments:  --console -tc /home/singularity/UAutomizer-linux/config/AutomizerLTL.xml -s /home/singularity/UAutomizer-linux/config/svcomp-LTL-64bit-Automizer_Default.epf --cacsl2boogietranslator.overapproximate.operations.on.floating.types=false --cacsl2boogietranslator.assume.nondeterminstic.values.are.in.range false -i /home/magnago/benchmarks/ltl_timed_automata/fddi/ultimate/fddi_0029.c
Command-line arguments:  -os linux -ws gtk -arch x86_64 -consoleLog --console -data @user.home/.ultimate -tc /home/singularity/UAutomizer-linux/config/AutomizerLTL.xml -s /home/singularity/UAutomizer-linux/config/svcomp-LTL-64bit-Automizer_Default.epf -data /home/singularity --cacsl2boogietranslator.overapproximate.operations.on.floating.types=false --cacsl2boogietranslator.assume.nondeterminstic.values.are.in.range false -i /home/magnago/benchmarks/ltl_timed_automata/fddi/ultimate/fddi_0029.c

!ENTRY org.eclipse.cdt.core 1 0 2021-04-24 15:17:03.388
!MESSAGE Indexed 'FLAG52a5d87b0' (0 sources, 0 headers) in 0.005 sec: 0 declarations; 0 references; 0 unresolved inclusions; 0 syntax errors; 0 unresolved names (0%)
[2021-04-24 15:17:03,809 INFO  L306              CDTParser]: Found 1 translation units.
[2021-04-24 15:17:03,810 INFO  L160              CDTParser]: Scanning /home/magnago/benchmarks/ltl_timed_automata/fddi/ultimate/fddi_0029.c
[2021-04-24 15:17:03,875 INFO  L349              CDTParser]: About to delete temporary CDT project at /home/singularity/bdc8dba3af9d4ba39cc87683aec4bf55/FLAG52a5d87b0
[2021-04-24 15:17:04,147 INFO  L357              CDTParser]: Successfully deleted /home/singularity/bdc8dba3af9d4ba39cc87683aec4bf55
[2021-04-24 15:17:04,149 INFO  L299   ainManager$Toolchain]: ####################### [Toolchain 1] #######################
[2021-04-24 15:17:04,151 INFO  L131        ToolchainWalker]: Walking toolchain with 7 elements.
[2021-04-24 15:17:04,152 INFO  L113        PluginConnector]: ------------------------CACSL2BoogieTranslator----------------------------
[2021-04-24 15:17:04,152 INFO  L271        PluginConnector]: Initializing CACSL2BoogieTranslator...
[2021-04-24 15:17:04,154 INFO  L275        PluginConnector]: CACSL2BoogieTranslator initialized
[2021-04-24 15:17:04,154 INFO  L185        PluginConnector]: Executing the observer ACSLObjectContainerObserver from plugin CACSL2BoogieTranslator for "CDTParser AST 24.04 03:17:04" (1/1) ...
[2021-04-24 15:17:04,155 INFO  L205        PluginConnector]: Invalid model from CACSL2BoogieTranslator for observer de.uni_freiburg.informatik.ultimate.plugins.generator.cacsl2boogietranslator.ACSLObjectContainerObserver@21ebb98e and model type de.uni_freiburg.informatik.ultimate.plugins.generator.cacsl2boogietranslator AST 24.04 03:17:04, skipping insertion in model container
[2021-04-24 15:17:04,155 INFO  L185        PluginConnector]: Executing the observer CACSL2BoogieTranslatorObserver from plugin CACSL2BoogieTranslator for "CDTParser AST 24.04 03:17:04" (1/1) ...
[2021-04-24 15:17:04,161 INFO  L145         MainTranslator]: Starting translation in SV-COMP mode 
[2021-04-24 15:17:04,257 INFO  L178         MainTranslator]: Built tables and reachable declarations
[2021-04-24 15:17:05,161 INFO  L206          PostProcessor]: Analyzing one entry point: main
[2021-04-24 15:17:05,169 INFO  L203         MainTranslator]: Completed pre-run
[2021-04-24 15:17:05,692 INFO  L206          PostProcessor]: Analyzing one entry point: main
[2021-04-24 15:17:05,717 INFO  L208         MainTranslator]: Completed translation
[2021-04-24 15:17:05,717 INFO  L202        PluginConnector]: Adding new model de.uni_freiburg.informatik.ultimate.plugins.generator.cacsl2boogietranslator AST 24.04 03:17:05 WrapperNode
[2021-04-24 15:17:05,717 INFO  L132        PluginConnector]: ------------------------ END CACSL2BoogieTranslator----------------------------
[2021-04-24 15:17:05,718 INFO  L113        PluginConnector]: ------------------------Boogie Preprocessor----------------------------
[2021-04-24 15:17:05,718 INFO  L271        PluginConnector]: Initializing Boogie Preprocessor...
[2021-04-24 15:17:05,718 INFO  L275        PluginConnector]: Boogie Preprocessor initialized
[2021-04-24 15:17:05,726 INFO  L185        PluginConnector]: Executing the observer EnsureBoogieModelObserver from plugin Boogie Preprocessor for "de.uni_freiburg.informatik.ultimate.plugins.generator.cacsl2boogietranslator AST 24.04 03:17:05" (1/1) ...
[2021-04-24 15:17:05,726 INFO  L185        PluginConnector]: Executing the observer TypeChecker from plugin Boogie Preprocessor for "de.uni_freiburg.informatik.ultimate.plugins.generator.cacsl2boogietranslator AST 24.04 03:17:05" (1/1) ...
[2021-04-24 15:17:05,758 INFO  L185        PluginConnector]: Executing the observer ConstExpander from plugin Boogie Preprocessor for "de.uni_freiburg.informatik.ultimate.plugins.generator.cacsl2boogietranslator AST 24.04 03:17:05" (1/1) ...
[2021-04-24 15:17:05,758 INFO  L185        PluginConnector]: Executing the observer StructExpander from plugin Boogie Preprocessor for "de.uni_freiburg.informatik.ultimate.plugins.generator.cacsl2boogietranslator AST 24.04 03:17:05" (1/1) ...
[2021-04-24 15:17:05,827 INFO  L185        PluginConnector]: Executing the observer UnstructureCode from plugin Boogie Preprocessor for "de.uni_freiburg.informatik.ultimate.plugins.generator.cacsl2boogietranslator AST 24.04 03:17:05" (1/1) ...
[2021-04-24 15:17:05,833 INFO  L185        PluginConnector]: Executing the observer FunctionInliner from plugin Boogie Preprocessor for "de.uni_freiburg.informatik.ultimate.plugins.generator.cacsl2boogietranslator AST 24.04 03:17:05" (1/1) ...
[2021-04-24 15:17:05,863 INFO  L185        PluginConnector]: Executing the observer BoogieSymbolTableConstructor from plugin Boogie Preprocessor for "de.uni_freiburg.informatik.ultimate.plugins.generator.cacsl2boogietranslator AST 24.04 03:17:05" (1/1) ...
[2021-04-24 15:17:05,885 INFO  L132        PluginConnector]: ------------------------ END Boogie Preprocessor----------------------------
[2021-04-24 15:17:05,886 INFO  L113        PluginConnector]: ------------------------RCFGBuilder----------------------------
[2021-04-24 15:17:05,886 INFO  L271        PluginConnector]: Initializing RCFGBuilder...
[2021-04-24 15:17:05,886 INFO  L275        PluginConnector]: RCFGBuilder initialized
[2021-04-24 15:17:05,887 INFO  L185        PluginConnector]: Executing the observer RCFGBuilderObserver from plugin RCFGBuilder for "de.uni_freiburg.informatik.ultimate.plugins.generator.cacsl2boogietranslator AST 24.04 03:17:05" (1/1) ...
[2021-04-24 15:17:05,946 INFO  L138     BoogieDeclarations]: Found implementation of procedure ULTIMATE.init
[2021-04-24 15:17:05,946 INFO  L138     BoogieDeclarations]: Found implementation of procedure ULTIMATE.start
[2021-04-24 15:17:05,946 INFO  L138     BoogieDeclarations]: Found implementation of procedure __VERIFIER_nondet_bool
[2021-04-24 15:17:05,946 INFO  L138     BoogieDeclarations]: Found implementation of procedure main
[2021-04-24 15:17:05,946 INFO  L130     BoogieDeclarations]: Found specification of procedure __VERIFIER_nondet_float
[2021-04-24 15:17:05,947 INFO  L130     BoogieDeclarations]: Found specification of procedure __VERIFIER_nondet_int
[2021-04-24 15:17:05,947 INFO  L130     BoogieDeclarations]: Found specification of procedure __VERIFIER_nondet_bool
[2021-04-24 15:17:05,947 INFO  L130     BoogieDeclarations]: Found specification of procedure main
[2021-04-24 15:17:05,947 INFO  L130     BoogieDeclarations]: Found specification of procedure ULTIMATE.init
[2021-04-24 15:17:05,947 INFO  L130     BoogieDeclarations]: Found specification of procedure ULTIMATE.start
[2021-04-24 15:17:07,290 INFO  L294             CfgBuilder]: Using the 1 location(s) as analysis (start of procedure ULTIMATE.start)
[2021-04-24 15:17:07,290 INFO  L299             CfgBuilder]: Removed 1 assume(true) statements.
[2021-04-24 15:17:07,292 INFO  L202        PluginConnector]: Adding new model de.uni_freiburg.informatik.ultimate.plugins.generator.rcfgbuilder CFG 24.04 03:17:07 BoogieIcfgContainer
[2021-04-24 15:17:07,292 INFO  L132        PluginConnector]: ------------------------ END RCFGBuilder----------------------------
[2021-04-24 15:17:07,293 INFO  L113        PluginConnector]: ------------------------LTL2Aut----------------------------
[2021-04-24 15:17:07,293 INFO  L271        PluginConnector]: Initializing LTL2Aut...
[2021-04-24 15:17:07,294 INFO  L275        PluginConnector]: LTL2Aut initialized
[2021-04-24 15:17:07,296 INFO  L185        PluginConnector]: Executing the observer LTL2autObserver from plugin LTL2Aut for "de.uni_freiburg.informatik.ultimate.plugins.generator.cacsl2boogietranslator AST 24.04 03:17:05" (2/3) ...
No working directory specified, using /usr/bin/ltl2ba
Starting monitored process 1 with ltl2ba -f ! ( ( [] ( <> ( a ) ) || ! ( [] ( <> ( b ) ) ) ) )  (exit command is null, workingDir is null)
[2021-04-24 15:17:07,335 INFO  L125        LTL2autObserver]: LTL Property is: (G(F((0 != ~s0_l2~0 && 0 != ~s0_l0~0 && !(0 != ~s0_l1~0)))) || !(G(F((1.0 <= ~_diverge_delta~0)))))
[2021-04-24 15:17:07,335 INFO  L202        PluginConnector]: Adding new model Hardcoded de.uni_freiburg.informatik.ultimate.ltl2aut AST 24.04 03:17:07 NWAContainer
[2021-04-24 15:17:07,336 INFO  L132        PluginConnector]: ------------------------ END LTL2Aut----------------------------
[2021-04-24 15:17:07,336 INFO  L113        PluginConnector]: ------------------------B?chi Program Product----------------------------
[2021-04-24 15:17:07,336 INFO  L271        PluginConnector]: Initializing B?chi Program Product...
[2021-04-24 15:17:07,337 INFO  L275        PluginConnector]: B?chi Program Product initialized
[2021-04-24 15:17:07,337 INFO  L185        PluginConnector]: Executing the observer BuchiProductObserver from plugin B?chi Program Product for "de.uni_freiburg.informatik.ultimate.plugins.generator.rcfgbuilder CFG 24.04 03:17:07" (3/4) ...
[2021-04-24 15:17:07,338 INFO  L205        PluginConnector]: Invalid model from B?chi Program Product for observer de.uni_freiburg.informatik.ultimate.buchiprogramproduct.BuchiProductObserver@1be4426b and model type LTL+Program Product de.uni_freiburg.informatik.ultimate.buchiprogramproduct OTHER 24.04 03:17:07, skipping insertion in model container
[2021-04-24 15:17:07,338 INFO  L185        PluginConnector]: Executing the observer BuchiProductObserver from plugin B?chi Program Product for "Hardcoded de.uni_freiburg.informatik.ultimate.ltl2aut AST 24.04 03:17:07" (4/4) ...
[2021-04-24 15:17:07,340 INFO  L104   BuchiProductObserver]: Initial property automaton 3 locations, 6 edges
[2021-04-24 15:17:07,343 INFO  L110   BuchiProductObserver]: Initial RCFG 1991 locations, 2585 edges
[2021-04-24 15:17:07,344 INFO  L93    BuchiProductObserver]: Beginning generation of product automaton
[2021-04-24 15:17:07,351 INFO  L132       ProductGenerator]: The program has no step specification, so we assume maximum atomicity
[2021-04-24 15:17:12,535 INFO  L97    BuchiProductObserver]: Finished generation of product automaton successfully
[2021-04-24 15:17:12,548 INFO  L110   BuchiProductObserver]: BuchiProgram size 6774 locations, 13954 edges
[2021-04-24 15:17:12,548 INFO  L202        PluginConnector]: Adding new model LTL+Program Product de.uni_freiburg.informatik.ultimate.buchiprogramproduct OTHER 24.04 03:17:12 BoogieIcfgContainer
[2021-04-24 15:17:12,548 INFO  L132        PluginConnector]: ------------------------ END B?chi Program Product----------------------------
[2021-04-24 15:17:12,549 INFO  L113        PluginConnector]: ------------------------BlockEncodingV2----------------------------
[2021-04-24 15:17:12,549 INFO  L271        PluginConnector]: Initializing BlockEncodingV2...
[2021-04-24 15:17:12,551 INFO  L275        PluginConnector]: BlockEncodingV2 initialized
[2021-04-24 15:17:12,551 INFO  L185        PluginConnector]: Executing the observer BlockEncodingObserver from plugin BlockEncodingV2 for "LTL+Program Product de.uni_freiburg.informatik.ultimate.buchiprogramproduct OTHER 24.04 03:17:12" (1/1) ...
[2021-04-24 15:17:12,817 WARN  L208         IcfgDuplicator]: Creating raw copy for unreachable call because return is reachable in graph view: call #t~ret1 := __VERIFIER_nondet_bool();
[2021-04-24 15:17:12,817 WARN  L208         IcfgDuplicator]: Creating raw copy for unreachable call because return is reachable in graph view: call #t~ret1 := __VERIFIER_nondet_bool();
[2021-04-24 15:17:12,840 INFO  L313           BlockEncoder]: Initial Icfg 6774 locations, 13954 edges
[2021-04-24 15:17:12,840 INFO  L258           BlockEncoder]: Using Remove infeasible edges
[2021-04-24 15:17:12,840 INFO  L263           BlockEncoder]: Using Maximize final states
[2021-04-24 15:17:12,841 INFO  L270           BlockEncoder]: Using Minimize states even if more edges are added than removed.=true
[2021-04-24 15:17:12,841 INFO  L296           BlockEncoder]: Using Remove sink states
[2021-04-24 15:17:12,842 INFO  L171           BlockEncoder]: Using Apply optimizations until nothing changes=true
[2021-04-24 15:17:12,842 INFO  L179           BlockEncoder]: Using Rewrite not-equals
