Aborted 1627969705Exec. 737, IntTRSTerminationGraphProcessor with some error. Reason: java.lang.OutOfMemoryError: unable to create new native thread.
            java.lang.Thread.start0(Native Method)
            java.lang.Thread.start(Thread.java:717)
            aprove.GraphUserInterface.Factories.Solvers.Engines.BufferedStreamInThread.<init>(ExecHelper.java:70)
            aprove.GraphUserInterface.Factories.Solvers.Engines.ExecHelper.execAndGetExitCode(ExecHelper.java:46)
            aprove.GraphUserInterface.Factories.Solvers.Engines.ExecHelper.exec(ExecHelper.java:25)
            aprove.GraphUserInterface.Factories.Solvers.Engines.YicesEngine.solve(YicesEngine.java:159)
            aprove.GraphUserInterface.Factories.Solvers.Engines.YicesEngine.solveAndPutIntoFormula(YicesEngine.java:82)
            aprove.GraphUserInterface.Factories.Solvers.Engines.YicesEngine.satisfiable(YicesEngine.java:49)
            aprove.Framework.IntTRS.TerminationGraph.TerminationGraph.buildGraph(TerminationGraph.java:155)
            aprove.Framework.IntTRS.TerminationGraph.IntTRSTerminationGraphWorker.analyzeTerminationGraph(IntTRSTerminationGraphWorker.java:121)
            aprove.Framework.IntTRS.TerminationGraph.IntTRSTerminationGraphWorker.work(IntTRSTerminationGraphWorker.java:79)
            aprove.Framework.IntTRS.TerminationGraph.IntTRSTerminationGraphProcessor.process(IntTRSTerminationGraphProcessor.java:119)
            aprove.Strategies.ExecutableStrategies.Executor.execute(Executor.java:326)
            aprove.Strategies.ExecutableStrategies.Executor$Runner.wrappedRun(Executor.java:377)
            aprove.Strategies.Abortions.PooledJob.run(PooledJob.java:99)
            aprove.Strategies.Util.PrioritizableThreadPool$Worker.run(PrioritizableThreadPool.java:274)
            java.lang.Thread.run(Thread.java:748)
java.lang.OutOfMemoryError: unable to create new native thread
	at java.lang.Thread.start0(Native Method)
	at java.lang.Thread.start(Thread.java:717)
	at aprove.GraphUserInterface.Factories.Solvers.Engines.BufferedStreamInThread.<init>(ExecHelper.java:70)
	at aprove.GraphUserInterface.Factories.Solvers.Engines.ExecHelper.execAndGetExitCode(ExecHelper.java:46)
	at aprove.GraphUserInterface.Factories.Solvers.Engines.ExecHelper.exec(ExecHelper.java:25)
	at aprove.GraphUserInterface.Factories.Solvers.Engines.YicesEngine.solve(YicesEngine.java:159)
	at aprove.GraphUserInterface.Factories.Solvers.Engines.YicesEngine.solveAndPutIntoFormula(YicesEngine.java:82)
	at aprove.GraphUserInterface.Factories.Solvers.Engines.YicesEngine.satisfiable(YicesEngine.java:49)
	at aprove.Framework.IntTRS.TerminationGraph.TerminationGraph.buildGraph(TerminationGraph.java:155)
	at aprove.Framework.IntTRS.TerminationGraph.IntTRSTerminationGraphWorker.analyzeTerminationGraph(IntTRSTerminationGraphWorker.java:121)
	at aprove.Framework.IntTRS.TerminationGraph.IntTRSTerminationGraphWorker.work(IntTRSTerminationGraphWorker.java:79)
	at aprove.Framework.IntTRS.TerminationGraph.IntTRSTerminationGraphProcessor.process(IntTRSTerminationGraphProcessor.java:119)
	at aprove.Strategies.ExecutableStrategies.Executor.execute(Executor.java:326)
	at aprove.Strategies.ExecutableStrategies.Executor$Runner.wrappedRun(Executor.java:377)
	at aprove.Strategies.Abortions.PooledJob.run(PooledJob.java:99)
	at aprove.Strategies.Util.PrioritizableThreadPool$Worker.run(PrioritizableThreadPool.java:274)
	at java.lang.Thread.run(Thread.java:748)
Exception in thread "DefaultMachine" java.lang.OutOfMemoryError: unable to create new native thread
	at java.lang.Thread.start0(Native Method)
	at java.lang.Thread.start(Thread.java:717)
	at aprove.Strategies.Util.PrioritizableThreadPool.startWorker(PrioritizableThreadPool.java:410)
	at aprove.Strategies.Util.PrioritizableThreadPool.executeNow(PrioritizableThreadPool.java:191)
	at aprove.Strategies.Util.ThreadingPolicy$HighPolicy.schedule(ThreadingPolicy.java:26)
	at aprove.Strategies.Util.ThreadingPolicy$DefaultPolicy.schedule(ThreadingPolicy.java:41)
	at aprove.Strategies.ExecutableStrategies.Executor.start(Executor.java:114)
	at aprove.Strategies.ExecutableStrategies.ExecProcessorStrategy.exec(ExecProcessorStrategy.java:55)
	at aprove.Strategies.ExecutableStrategies.ExecAny.exec(ExecAny.java:62)
	at aprove.Strategies.ExecutableStrategies.ExecAny.exec(ExecAny.java:62)
	at aprove.Strategies.ExecutableStrategies.ExecFirst.exec(ExecFirst.java:71)
	at aprove.Strategies.ExecutableStrategies.ExecSolve.exec(ExecSolve.java:82)
	at aprove.Strategies.ExecutableStrategies.ExecAny.exec(ExecAny.java:62)
	at aprove.Strategies.ExecutableStrategies.ExecAllParallel.exec(ExecAllParallel.java:29)
	at aprove.Strategies.ExecutableStrategies.ExecAny.exec(ExecAny.java:62)
	at aprove.Strategies.ExecutableStrategies.ExecFirst.exec(ExecFirst.java:71)
	at aprove.Strategies.ExecutableStrategies.ExecSolve.exec(ExecSolve.java:82)
	at aprove.Strategies.ExecutableStrategies.ExecAny.exec(ExecAny.java:62)
	at aprove.Strategies.ExecutableStrategies.ExecAllParallel.exec(ExecAllParallel.java:29)
	at aprove.Strategies.ExecutableStrategies.ExecAny.exec(ExecAny.java:62)
	at aprove.Strategies.ExecutableStrategies.ExecFirst.exec(ExecFirst.java:71)
	at aprove.Strategies.ExecutableStrategies.ExecSolve.exec(ExecSolve.java:82)
	at aprove.Strategies.ExecutableStrategies.ExecAny.exec(ExecAny.java:62)
	at aprove.Strategies.ExecutableStrategies.ExecAny.exec(ExecAny.java:62)
	at aprove.Strategies.ExecutableStrategies.ExecFirst.exec(ExecFirst.java:71)
	at aprove.Strategies.ExecutableStrategies.ExecSolve.exec(ExecSolve.java:82)
	at aprove.Strategies.ExecutableStrategies.ExecAny.exec(ExecAny.java:62)
	at aprove.Strategies.ExecutableStrategies.ExecAllParallel.exec(ExecAllParallel.java:29)
	at aprove.Strategies.ExecutableStrategies.ExecAny.exec(ExecAny.java:62)
	at aprove.Strategies.ExecutableStrategies.ExecFirst.exec(ExecFirst.java:71)
	at aprove.Strategies.ExecutableStrategies.ExecSolve.exec(ExecSolve.java:82)
	at aprove.Strategies.ExecutableStrategies.ExecAny.exec(ExecAny.java:62)
	at aprove.Strategies.ExecutableStrategies.ExecAllParallel.exec(ExecAllParallel.java:29)
	at aprove.Strategies.ExecutableStrategies.ExecAny.exec(ExecAny.java:62)
	at aprove.Strategies.ExecutableStrategies.ExecFirst.exec(ExecFirst.java:71)
	at aprove.Strategies.ExecutableStrategies.ExecSolve.exec(ExecSolve.java:82)
	at aprove.Strategies.ExecutableStrategies.ExecAny.exec(ExecAny.java:62)
	at aprove.Strategies.ExecutableStrategies.ExecAllParallel.exec(ExecAllParallel.java:29)
	at aprove.Strategies.ExecutableStrategies.ExecAny.exec(ExecAny.java:62)
	at aprove.Strategies.ExecutableStrategies.ExecFirst.exec(ExecFirst.java:71)
	at aprove.Strategies.ExecutableStrategies.ExecSolve.exec(ExecSolve.java:82)
	at aprove.Strategies.ExecutableStrategies.ExecAny.exec(ExecAny.java:62)
	at aprove.Strategies.ExecutableStrategies.ExecSolve.exec(ExecSolve.java:82)
	at aprove.Strategies.ExecutableStrategies.ExecAny.exec(ExecAny.java:62)
	at aprove.Strategies.ExecutableStrategies.ExecSolve.exec(ExecSolve.java:82)
	at aprove.Strategies.ExecutableStrategies.ExecAny.exec(ExecAny.java:62)
	at aprove.Strategies.ExecutableStrategies.StrategyRoot.evaluateOnce(StrategyRoot.java:35)
	at aprove.Strategies.ExecutableStrategies.impl.DefaultMachine$CmdExec.run(DefaultMachine.java:247)
	at aprove.Strategies.ExecutableStrategies.impl.DefaultMachine.run(DefaultMachine.java:174)
	at java.lang.Thread.run(Thread.java:748)
Aborted 1627969705Exec. 758, RankingReductionPairProcessor with some error. Reason: java.lang.OutOfMemoryError: unable to create new native thread.
            java.lang.Thread.start0(Native Method)
            java.lang.Thread.start(Thread.java:717)
            aprove.GraphUserInterface.Factories.Solvers.Engines.BufferedStreamInThread.<init>(ExecHelper.java:70)
            aprove.GraphUserInterface.Factories.Solvers.Engines.ExecHelper.execAndGetExitCode(ExecHelper.java:45)
            aprove.GraphUserInterface.Factories.Solvers.Engines.ExecHelper.exec(ExecHelper.java:25)
            aprove.GraphUserInterface.Factories.Solvers.Engines.YicesEngine.solve(YicesEngine.java:159)
            aprove.GraphUserInterface.Factories.Solvers.Engines.YicesEngine.solve(YicesEngine.java:64)
            aprove.Framework.IntTRS.RankingRedPair.RankingRedPairWorker.solveConstraints(RankingRedPairWorker.java:685)
            aprove.Framework.IntTRS.RankingRedPair.RankingRedPairWorker.work(RankingRedPairWorker.java:200)
            aprove.Framework.IntTRS.RankingRedPair.RankingRedPairProcessor.process(RankingRedPairProcessor.java:127)
            aprove.Strategies.ExecutableStrategies.Executor.execute(Executor.java:326)
            aprove.Strategies.ExecutableStrategies.Executor$Runner.wrappedRun(Executor.java:377)
            aprove.Strategies.Abortions.PooledJob.run(PooledJob.java:99)
            aprove.Strategies.Util.PrioritizableThreadPool$Worker.run(PrioritizableThreadPool.java:274)
            java.lang.Thread.run(Thread.java:748)
java.lang.OutOfMemoryError: unable to create new native thread
	at java.lang.Thread.start0(Native Method)
	at java.lang.Thread.start(Thread.java:717)
	at aprove.GraphUserInterface.Factories.Solvers.Engines.BufferedStreamInThread.<init>(ExecHelper.java:70)
	at aprove.GraphUserInterface.Factories.Solvers.Engines.ExecHelper.execAndGetExitCode(ExecHelper.java:45)
	at aprove.GraphUserInterface.Factories.Solvers.Engines.ExecHelper.exec(ExecHelper.java:25)
	at aprove.GraphUserInterface.Factories.Solvers.Engines.YicesEngine.solve(YicesEngine.java:159)
	at aprove.GraphUserInterface.Factories.Solvers.Engines.YicesEngine.solve(YicesEngine.java:64)
	at aprove.Framework.IntTRS.RankingRedPair.RankingRedPairWorker.solveConstraints(RankingRedPairWorker.java:685)
	at aprove.Framework.IntTRS.RankingRedPair.RankingRedPairWorker.work(RankingRedPairWorker.java:200)
	at aprove.Framework.IntTRS.RankingRedPair.RankingRedPairProcessor.process(RankingRedPairProcessor.java:127)
	at aprove.Strategies.ExecutableStrategies.Executor.execute(Executor.java:326)
	at aprove.Strategies.ExecutableStrategies.Executor$Runner.wrappedRun(Executor.java:377)
	at aprove.Strategies.Abortions.PooledJob.run(PooledJob.java:99)
	at aprove.Strategies.Util.PrioritizableThreadPool$Worker.run(PrioritizableThreadPool.java:274)
	at java.lang.Thread.run(Thread.java:748)
Aborted 1627969705Exec. 718, IntTRSPolynomialOrderProcessor with some error. Reason: java.lang.OutOfMemoryError: unable to create new native thread.
            java.lang.Thread.start0(Native Method)
            java.lang.Thread.start(Thread.java:717)
            aprove.GraphUserInterface.Factories.Solvers.Engines.BufferedStreamInThread.<init>(ExecHelper.java:70)
            aprove.GraphUserInterface.Factories.Solvers.Engines.ExecHelper.execAndGetExitCode(ExecHelper.java:45)
            aprove.GraphUserInterface.Factories.Solvers.Engines.ExecHelper.exec(ExecHelper.java:25)
            aprove.GraphUserInterface.Factories.Solvers.Engines.YicesEngine.solve(YicesEngine.java:159)
            aprove.GraphUserInterface.Factories.Solvers.Engines.YicesEngine.solve(YicesEngine.java:64)
            aprove.Framework.IntTRS.PoloRedPair.RuleAnalyzer.findCoefficients(RuleAnalyzer.java:1682)
            aprove.Framework.IntTRS.PoloRedPair.RuleAnalyzer.analyze(RuleAnalyzer.java:172)
            aprove.Framework.IntTRS.PoloRedPair.IntTRSPolynomialOrderWorker.analyzeRules(IntTRSPolynomialOrderWorker.java:107)
            aprove.Framework.IntTRS.PoloRedPair.IntTRSPolynomialOrderWorker.work(IntTRSPolynomialOrderWorker.java:83)
            aprove.Framework.IntTRS.PoloRedPair.IntTRSPolynomialOrderProcessor.process(IntTRSPolynomialOrderProcessor.java:216)
            aprove.Strategies.ExecutableStrategies.Executor.execute(Executor.java:326)
            aprove.Strategies.ExecutableStrategies.Executor$Runner.wrappedRun(Executor.java:377)
            aprove.Strategies.Abortions.PooledJob.run(PooledJob.java:99)
            aprove.Strategies.Util.PrioritizableThreadPool$Worker.run(PrioritizableThreadPool.java:274)
            java.lang.Thread.run(Thread.java:748)
java.lang.OutOfMemoryError: unable to create new native thread
	at java.lang.Thread.start0(Native Method)
	at java.lang.Thread.start(Thread.java:717)
	at aprove.GraphUserInterface.Factories.Solvers.Engines.BufferedStreamInThread.<init>(ExecHelper.java:70)
	at aprove.GraphUserInterface.Factories.Solvers.Engines.ExecHelper.execAndGetExitCode(ExecHelper.java:45)
	at aprove.GraphUserInterface.Factories.Solvers.Engines.ExecHelper.exec(ExecHelper.java:25)
	at aprove.GraphUserInterface.Factories.Solvers.Engines.YicesEngine.solve(YicesEngine.java:159)
	at aprove.GraphUserInterface.Factories.Solvers.Engines.YicesEngine.solve(YicesEngine.java:64)
	at aprove.Framework.IntTRS.PoloRedPair.RuleAnalyzer.findCoefficients(RuleAnalyzer.java:1682)
	at aprove.Framework.IntTRS.PoloRedPair.RuleAnalyzer.analyze(RuleAnalyzer.java:172)
	at aprove.Framework.IntTRS.PoloRedPair.IntTRSPolynomialOrderWorker.analyzeRules(IntTRSPolynomialOrderWorker.java:107)
	at aprove.Framework.IntTRS.PoloRedPair.IntTRSPolynomialOrderWorker.work(IntTRSPolynomialOrderWorker.java:83)
	at aprove.Framework.IntTRS.PoloRedPair.IntTRSPolynomialOrderProcessor.process(IntTRSPolynomialOrderProcessor.java:216)
	at aprove.Strategies.ExecutableStrategies.Executor.execute(Executor.java:326)
	at aprove.Strategies.ExecutableStrategies.Executor$Runner.wrappedRun(Executor.java:377)
	at aprove.Strategies.Abortions.PooledJob.run(PooledJob.java:99)
	at aprove.Strategies.Util.PrioritizableThreadPool$Worker.run(PrioritizableThreadPool.java:274)
	at java.lang.Thread.run(Thread.java:748)
Aborted 1627969704Exec. 711, IntTRSPeriodicNonterm with some error. Reason: java.lang.OutOfMemoryError: unable to create new native thread.
            java.lang.Thread.start0(Native Method)
            java.lang.Thread.start(Thread.java:717)
            aprove.GraphUserInterface.Factories.Solvers.Engines.BufferedStreamInThread.<init>(ExecHelper.java:70)
            aprove.GraphUserInterface.Factories.Solvers.Engines.ExecHelper.execAndGetExitCode(ExecHelper.java:46)
            aprove.GraphUserInterface.Factories.Solvers.Engines.ExecHelper.exec(ExecHelper.java:25)
            aprove.GraphUserInterface.Factories.Solvers.Engines.SMTLIBEngine.solve(SMTLIBEngine.java:166)
            aprove.GraphUserInterface.Factories.Solvers.Engines.SMTLIBEngine.solve(SMTLIBEngine.java:80)
            aprove.Framework.IntTRS.Nonterm.IntTRSPeriodicNontermProcessor.process(IntTRSPeriodicNontermProcessor.java:135)
            aprove.Strategies.ExecutableStrategies.Executor.execute(Executor.java:326)
            aprove.Strategies.ExecutableStrategies.Executor$Runner.wrappedRun(Executor.java:377)
            aprove.Strategies.Abortions.PooledJob.run(PooledJob.java:99)
            aprove.Strategies.Util.PrioritizableThreadPool$Worker.run(PrioritizableThreadPool.java:274)
            java.lang.Thread.run(Thread.java:748)
java.lang.OutOfMemoryError: unable to create new native thread
	at java.lang.Thread.start0(Native Method)
	at java.lang.Thread.start(Thread.java:717)
	at aprove.GraphUserInterface.Factories.Solvers.Engines.BufferedStreamInThread.<init>(ExecHelper.java:70)
	at aprove.GraphUserInterface.Factories.Solvers.Engines.ExecHelper.execAndGetExitCode(ExecHelper.java:46)
	at aprove.GraphUserInterface.Factories.Solvers.Engines.ExecHelper.exec(ExecHelper.java:25)
	at aprove.GraphUserInterface.Factories.Solvers.Engines.SMTLIBEngine.solve(SMTLIBEngine.java:166)
	at aprove.GraphUserInterface.Factories.Solvers.Engines.SMTLIBEngine.solve(SMTLIBEngine.java:80)
	at aprove.Framework.IntTRS.Nonterm.IntTRSPeriodicNontermProcessor.process(IntTRSPeriodicNontermProcessor.java:135)
	at aprove.Strategies.ExecutableStrategies.Executor.execute(Executor.java:326)
	at aprove.Strategies.ExecutableStrategies.Executor$Runner.wrappedRun(Executor.java:377)
	at aprove.Strategies.Abortions.PooledJob.run(PooledJob.java:99)
	at aprove.Strategies.Util.PrioritizableThreadPool$Worker.run(PrioritizableThreadPool.java:274)
	at java.lang.Thread.run(Thread.java:748)
Aborted 1627969705Exec. 762, IntTRSNonPeriodicNonterm with some error. Reason: java.lang.OutOfMemoryError: unable to create new native thread.
            java.lang.Thread.start0(Native Method)
            java.lang.Thread.start(Thread.java:717)
            aprove.GraphUserInterface.Factories.Solvers.Engines.BufferedStreamInThread.<init>(ExecHelper.java:70)
            aprove.GraphUserInterface.Factories.Solvers.Engines.ExecHelper.execAndGetExitCode(ExecHelper.java:45)
            aprove.GraphUserInterface.Factories.Solvers.Engines.ExecHelper.exec(ExecHelper.java:25)
            aprove.GraphUserInterface.Factories.Solvers.Engines.SMTLIBEngine.solve(SMTLIBEngine.java:166)
            aprove.GraphUserInterface.Factories.Solvers.Engines.SMTLIBEngine.solve(SMTLIBEngine.java:80)
            aprove.Framework.IntTRS.Nonterm.IntTRSNonPeriodicNontermProcessor.process(IntTRSNonPeriodicNontermProcessor.java:79)
            aprove.Strategies.ExecutableStrategies.Executor.execute(Executor.java:326)
            aprove.Strategies.ExecutableStrategies.Executor$Runner.wrappedRun(Executor.java:377)
            aprove.Strategies.Abortions.PooledJob.run(PooledJob.java:99)
            aprove.Strategies.Util.PrioritizableThreadPool$Worker.run(PrioritizableThreadPool.java:274)
            java.lang.Thread.run(Thread.java:748)
java.lang.OutOfMemoryError: unable to create new native thread
	at java.lang.Thread.start0(Native Method)
	at java.lang.Thread.start(Thread.java:717)
	at aprove.GraphUserInterface.Factories.Solvers.Engines.BufferedStreamInThread.<init>(ExecHelper.java:70)
	at aprove.GraphUserInterface.Factories.Solvers.Engines.ExecHelper.execAndGetExitCode(ExecHelper.java:45)
	at aprove.GraphUserInterface.Factories.Solvers.Engines.ExecHelper.exec(ExecHelper.java:25)
	at aprove.GraphUserInterface.Factories.Solvers.Engines.SMTLIBEngine.solve(SMTLIBEngine.java:166)
	at aprove.GraphUserInterface.Factories.Solvers.Engines.SMTLIBEngine.solve(SMTLIBEngine.java:80)
	at aprove.Framework.IntTRS.Nonterm.IntTRSNonPeriodicNontermProcessor.process(IntTRSNonPeriodicNontermProcessor.java:79)
	at aprove.Strategies.ExecutableStrategies.Executor.execute(Executor.java:326)
	at aprove.Strategies.ExecutableStrategies.Executor$Runner.wrappedRun(Executor.java:377)
	at aprove.Strategies.Abortions.PooledJob.run(PooledJob.java:99)
	at aprove.Strategies.Util.PrioritizableThreadPool$Worker.run(PrioritizableThreadPool.java:274)
	at java.lang.Thread.run(Thread.java:748)
Aborted 1627969705Exec. 761, IntTRSPolynomialOrderProcessor with some error. Reason: java.lang.OutOfMemoryError: unable to create new native thread.
Aborted 1627969705Exec. 740, IntTRSTerminationGraphProcessor with some error. Reason: java.lang.OutOfMemoryError: unable to create new native thread.
            java.lang.Thread.start0(Native Method)
            java.lang.Thread.start(Thread.java:717)
            aprove.GraphUserInterface.Factories.Solvers.Engines.BufferedStreamInThread.<init>(ExecHelper.java:70)
            aprove.GraphUserInterface.Factories.Solvers.Engines.ExecHelper.execAndGetExitCode(ExecHelper.java:45)
            aprove.GraphUserInterface.Factories.Solvers.Engines.ExecHelper.exec(ExecHelper.java:25)
Aborted 1627969705Exec. 747, IntTRSCaseAnalysis with some error. Reason: java.lang.OutOfMemoryError: unable to create new native thread.
            aprove.GraphUserInterface.Factories.Solvers.Engines.YicesEngine.solve(YicesEngine.java:159)
            java.lang.Thread.start0(Native Method)
            java.lang.Thread.start(Thread.java:717)
            aprove.GraphUserInterface.Factories.Solvers.Engines.BufferedStreamInThread.<init>(ExecHelper.java:70)
            aprove.GraphUserInterface.Factories.Solvers.Engines.ExecHelper.execAndGetExitCode(ExecHelper.java:45)
            aprove.GraphUserInterface.Factories.Solvers.Engines.ExecHelper.exec(ExecHelper.java:25)
            aprove.GraphUserInterface.Factories.Solvers.Engines.SMTLIBEngine.solve(SMTLIBEngine.java:166)
            aprove.GraphUserInterface.Factories.Solvers.Engines.SMTLIBEngine.solve(SMTLIBEngine.java:80)
            aprove.Framework.IntTRS.CaseAnalysis.InductiveConditionFinder.canBeLTZero(InductiveConditionFinder.java:522)
            aprove.Framework.IntTRS.CaseAnalysis.InductiveConditionFinder.searchInductiveTerms(InductiveConditionFinder.java:449)
            aprove.Framework.IntTRS.CaseAnalysis.InductiveConditionFinder.changeTermHeuristic(InductiveConditionFinder.java:419)
            aprove.Framework.IntTRS.CaseAnalysis.InductiveConditionFinder.candidateGenerationHeuristic(InductiveConditionFinder.java:161)
            aprove.Framework.IntTRS.CaseAnalysis.InductiveConditionFinder.findInductiveCondition(InductiveConditionFinder.java:133)
            aprove.Framework.IntTRS.CaseAnalysis.InductiveConditionFinder.getInductiveCondition(InductiveConditionFinder.java:107)
            aprove.Framework.IntTRS.CaseAnalysis.CaseAnalysisProcessor.process(CaseAnalysisProcessor.java:80)
            aprove.Strategies.ExecutableStrategies.Executor.execute(Executor.java:326)
            aprove.Strategies.ExecutableStrategies.Executor$Runner.wrappedRun(Executor.java:377)
            aprove.Strategies.Abortions.PooledJob.run(PooledJob.java:99)
            aprove.Strategies.Util.PrioritizableThreadPool$Worker.run(PrioritizableThreadPool.java:274)
            java.lang.Thread.run(Thread.java:748)
java.lang.OutOfMemoryError: unable to create new native thread
	at java.lang.Thread.start0(Native Method)
	at java.lang.Thread.start(Thread.java:717)
	at aprove.GraphUserInterface.Factories.Solvers.Engines.BufferedStreamInThread.<init>(ExecHelper.java:70)
	at aprove.GraphUserInterface.Factories.Solvers.Engines.ExecHelper.execAndGetExitCode(ExecHelper.java:45)
	at aprove.GraphUserInterface.Factories.Solvers.Engines.ExecHelper.exec(ExecHelper.java:25)
	at aprove.GraphUserInterface.Factories.Solvers.Engines.SMTLIBEngine.solve(SMTLIBEngine.java:166)
	at aprove.GraphUserInterface.Factories.Solvers.Engines.SMTLIBEngine.solve(SMTLIBEngine.java:80)
	at aprove.Framework.IntTRS.CaseAnalysis.InductiveConditionFinder.canBeLTZero(InductiveConditionFinder.java:522)
	at aprove.Framework.IntTRS.CaseAnalysis.InductiveConditionFinder.searchInductiveTerms(InductiveConditionFinder.java:449)
	at aprove.Framework.IntTRS.CaseAnalysis.InductiveConditionFinder.changeTermHeuristic(InductiveConditionFinder.java:419)
	at aprove.Framework.IntTRS.CaseAnalysis.InductiveConditionFinder.candidateGenerationHeuristic(InductiveConditionFinder.java:161)
	at aprove.Framework.IntTRS.CaseAnalysis.InductiveConditionFinder.findInductiveCondition(InductiveConditionFinder.java:133)
	at aprove.Framework.IntTRS.CaseAnalysis.InductiveConditionFinder.getInductiveCondition(InductiveConditionFinder.java:107)
	at aprove.Framework.IntTRS.CaseAnalysis.CaseAnalysisProcessor.process(CaseAnalysisProcessor.java:80)
	at aprove.Strategies.ExecutableStrategies.Executor.execute(Executor.java:326)
	at aprove.Strategies.ExecutableStrategies.Executor$Runner.wrappedRun(Executor.java:377)
	at aprove.Strategies.Abortions.PooledJob.run(PooledJob.java:99)
	at aprove.Strategies.Util.PrioritizableThreadPool$Worker.run(PrioritizableThreadPool.java:274)
	at java.lang.Thread.run(Thread.java:748)
Aborted 1627969705Exec. 739, IntTRSTerminationGraphProcessor with some error. Reason: java.lang.OutOfMemoryError: unable to create new native thread.
            java.lang.Thread.start0(Native Method)
            java.lang.Thread.start(Thread.java:717)
            aprove.GraphUserInterface.Factories.Solvers.Engines.BufferedStreamInThread.<init>(ExecHelper.java:70)
            aprove.GraphUserInterface.Factories.Solvers.Engines.ExecHelper.execAndGetExitCode(ExecHelper.java:45)
            aprove.GraphUserInterface.Factories.Solvers.Engines.ExecHelper.exec(ExecHelper.java:25)
            aprove.GraphUserInterface.Factories.Solvers.Engines.YicesEngine.solve(YicesEngine.java:159)
            aprove.GraphUserInterface.Factories.Solvers.Engines.YicesEngine.solveAndPutIntoFormula(YicesEngine.java:82)
            aprove.GraphUserInterface.Factories.Solvers.Engines.YicesEngine.satisfiable(YicesEngine.java:49)
            aprove.Framework.IntTRS.TerminationGraph.TerminationGraph.buildGraph(TerminationGraph.java:155)
            aprove.Framework.IntTRS.TerminationGraph.IntTRSTerminationGraphWorker.analyzeTerminationGraph(IntTRSTerminationGraphWorker.java:121)
            aprove.Framework.IntTRS.TerminationGraph.IntTRSTerminationGraphWorker.work(IntTRSTerminationGraphWorker.java:79)
            aprove.Framework.IntTRS.TerminationGraph.IntTRSTerminationGraphProcessor.process(IntTRSTerminationGraphProcessor.java:119)
            aprove.Strategies.ExecutableStrategies.Executor.execute(Executor.java:326)
            aprove.Strategies.ExecutableStrategies.Executor$Runner.wrappedRun(Executor.java:377)
            aprove.Strategies.Abortions.PooledJob.run(PooledJob.java:99)
            aprove.Strategies.Util.PrioritizableThreadPool$Worker.run(PrioritizableThreadPool.java:274)
            java.lang.Thread.run(Thread.java:748)
java.lang.OutOfMemoryError: unable to create new native thread
	at java.lang.Thread.start0(Native Method)
	at java.lang.Thread.start(Thread.java:717)
	at aprove.GraphUserInterface.Factories.Solvers.Engines.BufferedStreamInThread.<init>(ExecHelper.java:70)
	at aprove.GraphUserInterface.Factories.Solvers.Engines.ExecHelper.execAndGetExitCode(ExecHelper.java:45)
	at aprove.GraphUserInterface.Factories.Solvers.Engines.ExecHelper.exec(ExecHelper.java:25)
	at aprove.GraphUserInterface.Factories.Solvers.Engines.YicesEngine.solve(YicesEngine.java:159)
	at aprove.GraphUserInterface.Factories.Solvers.Engines.YicesEngine.solveAndPutIntoFormula(YicesEngine.java:82)
	at aprove.GraphUserInterface.Factories.Solvers.Engines.YicesEngine.satisfiable(YicesEngine.java:49)
	at aprove.Framework.IntTRS.TerminationGraph.TerminationGraph.buildGraph(TerminationGraph.java:155)
	at aprove.Framework.IntTRS.TerminationGraph.IntTRSTerminationGraphWorker.analyzeTerminationGraph(IntTRSTerminationGraphWorker.java:121)
	at aprove.Framework.IntTRS.TerminationGraph.IntTRSTerminationGraphWorker.work(IntTRSTerminationGraphWorker.java:79)
	at aprove.Framework.IntTRS.TerminationGraph.IntTRSTerminationGraphProcessor.process(IntTRSTerminationGraphProcessor.java:119)
	at aprove.Strategies.ExecutableStrategies.Executor.execute(Executor.java:326)
	at aprove.Strategies.ExecutableStrategies.Executor$Runner.wrappedRun(Executor.java:377)
	at aprove.Strategies.Abortions.PooledJob.run(PooledJob.java:99)
	at aprove.Strategies.Util.PrioritizableThreadPool$Worker.run(PrioritizableThreadPool.java:274)
	at java.lang.Thread.run(Thread.java:748)
Aborted 1627969705Exec. 752, IntTRSCaseAnalysis with some error. Reason: java.lang.OutOfMemoryError: unable to create new native thread.
Aborted 1627969705Exec. 757, IntTRSPeriodicNonterm with some error. Reason: java.lang.OutOfMemoryError: unable to create new native thread.
Aborted 1627969705Exec. 712, RankingReductionPairProcessor with some error. Reason: java.lang.OutOfMemoryError: unable to create new native thread.
            java.lang.Thread.start0(Native Method)
            java.lang.Thread.start(Thread.java:717)
            aprove.GraphUserInterface.Factories.Solvers.Engines.BufferedStreamInThread.<init>(ExecHelper.java:70)
            java.lang.Thread.start0(Native Method)
            aprove.GraphUserInterface.Factories.Solvers.Engines.ExecHelper.execAndGetExitCode(ExecHelper.java:46)
            java.lang.Thread.start(Thread.java:717)
            aprove.GraphUserInterface.Factories.Solvers.Engines.BufferedStreamInThread.<init>(ExecHelper.java:70)
            aprove.GraphUserInterface.Factories.Solvers.Engines.ExecHelper.execAndGetExitCode(ExecHelper.java:46)
            aprove.GraphUserInterface.Factories.Solvers.Engines.ExecHelper.exec(ExecHelper.java:25)
            aprove.GraphUserInterface.Factories.Solvers.Engines.YicesEngine.solve(YicesEngine.java:159)
            aprove.GraphUserInterface.Factories.Solvers.Engines.YicesEngine.solve(YicesEngine.java:64)
            aprove.Framework.IntTRS.RankingRedPair.RankingRedPairWorker.solveConstraints(RankingRedPairWorker.java:685)
            aprove.Framework.IntTRS.RankingRedPair.RankingRedPairWorker.work(RankingRedPairWorker.java:200)
            aprove.Framework.IntTRS.RankingRedPair.RankingRedPairProcessor.process(RankingRedPairProcessor.java:127)
            aprove.Strategies.ExecutableStrategies.Executor.execute(Executor.java:326)
            aprove.Strategies.ExecutableStrategies.Executor$Runner.wrappedRun(Executor.java:377)
            aprove.Strategies.Abortions.PooledJob.run(PooledJob.java:99)
            aprove.Strategies.Util.PrioritizableThreadPool$Worker.run(PrioritizableThreadPool.java:274)
            java.lang.Thread.run(Thread.java:748)
java.lang.OutOfMemoryError: unable to create new native thread
	at java.lang.Thread.start0(Native Method)
	at java.lang.Thread.start(Thread.java:717)
	at aprove.GraphUserInterface.Factories.Solvers.Engines.BufferedStreamInThread.<init>(ExecHelper.java:70)
	at aprove.GraphUserInterface.Factories.Solvers.Engines.ExecHelper.execAndGetExitCode(ExecHelper.java:46)
	at aprove.GraphUserInterface.Factories.Solvers.Engines.ExecHelper.exec(ExecHelper.java:25)
	at aprove.GraphUserInterface.Factories.Solvers.Engines.YicesEngine.solve(YicesEngine.java:159)
	at aprove.GraphUserInterface.Factories.Solvers.Engines.YicesEngine.solve(YicesEngine.java:64)
	at aprove.Framework.IntTRS.RankingRedPair.RankingRedPairWorker.solveConstraints(RankingRedPairWorker.java:685)
	at aprove.Framework.IntTRS.RankingRedPair.RankingRedPairWorker.work(RankingRedPairWorker.java:200)
	at aprove.Framework.IntTRS.RankingRedPair.RankingRedPairProcessor.process(RankingRedPairProcessor.java:127)
	at aprove.Strategies.ExecutableStrategies.Executor.execute(Executor.java:326)
	at aprove.Strategies.ExecutableStrategies.Executor$Runner.wrappedRun(Executor.java:377)
	at aprove.Strategies.Abortions.PooledJob.run(PooledJob.java:99)
	at aprove.Strategies.Util.PrioritizableThreadPool$Worker.run(PrioritizableThreadPool.java:274)
	at java.lang.Thread.run(Thread.java:748)
Aborted 1627969705Exec. 715, IntTRSPolynomialOrderProcessor with some error. Reason: java.lang.OutOfMemoryError: unable to create new native thread.
            java.lang.Thread.start0(Native Method)
            java.lang.Thread.start(Thread.java:717)
            aprove.GraphUserInterface.Factories.Solvers.Engines.BufferedStreamInThread.<init>(ExecHelper.java:70)
            aprove.GraphUserInterface.Factories.Solvers.Engines.ExecHelper.execAndGetExitCode(ExecHelper.java:45)
            aprove.GraphUserInterface.Factories.Solvers.Engines.ExecHelper.exec(ExecHelper.java:25)
            aprove.GraphUserInterface.Factories.Solvers.Engines.YicesEngine.solve(YicesEngine.java:159)
            aprove.GraphUserInterface.Factories.Solvers.Engines.YicesEngine.solve(YicesEngine.java:64)
            aprove.Framework.IntTRS.PoloRedPair.RuleAnalyzer.findCoefficients(RuleAnalyzer.java:1682)
            aprove.Framework.IntTRS.PoloRedPair.RuleAnalyzer.analyze(RuleAnalyzer.java:172)
            aprove.Framework.IntTRS.PoloRedPair.IntTRSPolynomialOrderWorker.analyzeRules(IntTRSPolynomialOrderWorker.java:107)
            aprove.Framework.IntTRS.PoloRedPair.IntTRSPolynomialOrderWorker.work(IntTRSPolynomialOrderWorker.java:83)
            aprove.Framework.IntTRS.PoloRedPair.IntTRSPolynomialOrderProcessor.process(IntTRSPolynomialOrderProcessor.java:216)
            aprove.Strategies.ExecutableStrategies.Executor.execute(Executor.java:326)
            aprove.Strategies.ExecutableStrategies.Executor$Runner.wrappedRun(Executor.java:377)
            aprove.Strategies.Abortions.PooledJob.run(PooledJob.java:99)
            aprove.Strategies.Util.PrioritizableThreadPool$Worker.run(PrioritizableThreadPool.java:274)
            java.lang.Thread.run(Thread.java:748)
java.lang.OutOfMemoryError: unable to create new native thread
	at java.lang.Thread.start0(Native Method)
	at java.lang.Thread.start(Thread.java:717)
	at aprove.GraphUserInterface.Factories.Solvers.Engines.BufferedStreamInThread.<init>(ExecHelper.java:70)
	at aprove.GraphUserInterface.Factories.Solvers.Engines.ExecHelper.execAndGetExitCode(ExecHelper.java:45)
	at aprove.GraphUserInterface.Factories.Solvers.Engines.ExecHelper.exec(ExecHelper.java:25)
	at aprove.GraphUserInterface.Factories.Solvers.Engines.YicesEngine.solve(YicesEngine.java:159)
	at aprove.GraphUserInterface.Factories.Solvers.Engines.YicesEngine.solve(YicesEngine.java:64)
	at aprove.Framework.IntTRS.PoloRedPair.RuleAnalyzer.findCoefficients(RuleAnalyzer.java:1682)
	at aprove.Framework.IntTRS.PoloRedPair.RuleAnalyzer.analyze(RuleAnalyzer.java:172)
	at aprove.Framework.IntTRS.PoloRedPair.IntTRSPolynomialOrderWorker.analyzeRules(IntTRSPolynomialOrderWorker.java:107)
	at aprove.Framework.IntTRS.PoloRedPair.IntTRSPolynomialOrderWorker.work(IntTRSPolynomialOrderWorker.java:83)
	at aprove.Framework.IntTRS.PoloRedPair.IntTRSPolynomialOrderProcessor.process(IntTRSPolynomialOrderProcessor.java:216)
	at aprove.Strategies.ExecutableStrategies.Executor.execute(Executor.java:326)
	at aprove.Strategies.ExecutableStrategies.Executor$Runner.wrappedRun(Executor.java:377)
	at aprove.Strategies.Abortions.PooledJob.run(PooledJob.java:99)
	at aprove.Strategies.Util.PrioritizableThreadPool$Worker.run(PrioritizableThreadPool.java:274)
	at java.lang.Thread.run(Thread.java:748)
Aborted 1627969705Exec. 713, IntTRSPolynomialOrderProcessor with some error. Reason: java.lang.OutOfMemoryError: unable to create new native thread.
            java.lang.Thread.start0(Native Method)
            java.lang.Thread.start(Thread.java:717)
            aprove.GraphUserInterface.Factories.Solvers.Engines.BufferedStreamInThread.<init>(ExecHelper.java:70)
            aprove.GraphUserInterface.Factories.Solvers.Engines.ExecHelper.execAndGetExitCode(ExecHelper.java:46)
            aprove.GraphUserInterface.Factories.Solvers.Engines.ExecHelper.exec(ExecHelper.java:25)
            aprove.GraphUserInterface.Factories.Solvers.Engines.YicesEngine.solve(YicesEngine.java:159)
            aprove.GraphUserInterface.Factories.Solvers.Engines.YicesEngine.solve(YicesEngine.java:64)
            aprove.Framework.IntTRS.PoloRedPair.RuleAnalyzer.findCoefficients(RuleAnalyzer.java:1682)
            aprove.Framework.IntTRS.PoloRedPair.RuleAnalyzer.analyze(RuleAnalyzer.java:172)
            aprove.Framework.IntTRS.PoloRedPair.IntTRSPolynomialOrderWorker.analyzeRules(IntTRSPolynomialOrderWorker.java:107)
            aprove.Framework.IntTRS.PoloRedPair.IntTRSPolynomialOrderWorker.work(IntTRSPolynomialOrderWorker.java:83)
            aprove.Framework.IntTRS.PoloRedPair.IntTRSPolynomialOrderProcessor.process(IntTRSPolynomialOrderProcessor.java:216)
            aprove.Strategies.ExecutableStrategies.Executor.execute(Executor.java:326)
            aprove.Strategies.ExecutableStrategies.Executor$Runner.wrappedRun(Executor.java:377)
            aprove.Strategies.Abortions.PooledJob.run(PooledJob.java:99)
            aprove.Strategies.Util.PrioritizableThreadPool$Worker.run(PrioritizableThreadPool.java:274)
            java.lang.Thread.run(Thread.java:748)
java.lang.OutOfMemoryError: unable to create new native thread
	at java.lang.Thread.start0(Native Method)
	at java.lang.Thread.start(Thread.java:717)
	at aprove.GraphUserInterface.Factories.Solvers.Engines.BufferedStreamInThread.<init>(ExecHelper.java:70)
	at aprove.GraphUserInterface.Factories.Solvers.Engines.ExecHelper.execAndGetExitCode(ExecHelper.java:46)
	at aprove.GraphUserInterface.Factories.Solvers.Engines.ExecHelper.exec(ExecHelper.java:25)
	at aprove.GraphUserInterface.Factories.Solvers.Engines.YicesEngine.solve(YicesEngine.java:159)
	at aprove.GraphUserInterface.Factories.Solvers.Engines.YicesEngine.solve(YicesEngine.java:64)
	at aprove.Framework.IntTRS.PoloRedPair.RuleAnalyzer.findCoefficients(RuleAnalyzer.java:1682)
	at aprove.Framework.IntTRS.PoloRedPair.RuleAnalyzer.analyze(RuleAnalyzer.java:172)
	at aprove.Framework.IntTRS.PoloRedPair.IntTRSPolynomialOrderWorker.analyzeRules(IntTRSPolynomialOrderWorker.java:107)
	at aprove.Framework.IntTRS.PoloRedPair.IntTRSPolynomialOrderWorker.work(IntTRSPolynomialOrderWorker.java:83)
	at aprove.Framework.IntTRS.PoloRedPair.IntTRSPolynomialOrderProcessor.process(IntTRSPolynomialOrderProcessor.java:216)
	at aprove.Strategies.ExecutableStrategies.Executor.execute(Executor.java:326)
	at aprove.Strategies.ExecutableStrategies.Executor$Runner.wrappedRun(Executor.java:377)
	at aprove.Strategies.Abortions.PooledJob.run(PooledJob.java:99)
	at aprove.Strategies.Util.PrioritizableThreadPool$Worker.run(PrioritizableThreadPool.java:274)
	at java.lang.Thread.run(Thread.java:748)
            java.lang.Thread.start0(Native Method)
            aprove.GraphUserInterface.Factories.Solvers.Engines.ExecHelper.exec(ExecHelper.java:25)
            aprove.GraphUserInterface.Factories.Solvers.Engines.SMTLIBEngine.solve(SMTLIBEngine.java:166)
            aprove.GraphUserInterface.Factories.Solvers.Engines.YicesEngine.solve(YicesEngine.java:64)
            aprove.GraphUserInterface.Factories.Solvers.Engines.SMTLIBEngine.solve(SMTLIBEngine.java:80)
            aprove.Framework.IntTRS.PoloRedPair.RuleAnalyzer.findCoefficients(RuleAnalyzer.java:1682)
            aprove.Framework.IntTRS.PoloRedPair.RuleAnalyzer.analyze(RuleAnalyzer.java:172)
            aprove.Framework.IntTRS.PoloRedPair.IntTRSPolynomialOrderWorker.analyzeRules(IntTRSPolynomialOrderWorker.java:107)
            aprove.Framework.IntTRS.PoloRedPair.IntTRSPolynomialOrderWorker.work(IntTRSPolynomialOrderWorker.java:83)
            aprove.Framework.IntTRS.PoloRedPair.IntTRSPolynomialOrderProcessor.process(IntTRSPolynomialOrderProcessor.java:216)
            aprove.Strategies.ExecutableStrategies.Executor.execute(Executor.java:326)
            aprove.Strategies.ExecutableStrategies.Executor$Runner.wrappedRun(Executor.java:377)
            aprove.Strategies.Abortions.PooledJob.run(PooledJob.java:99)
            aprove.Strategies.Util.PrioritizableThreadPool$Worker.run(PrioritizableThreadPool.java:274)
            java.lang.Thread.run(Thread.java:748)
java.lang.OutOfMemoryError: unable to create new native thread
	at java.lang.Thread.start0(Native Method)
	at java.lang.Thread.start(Thread.java:717)
	at aprove.GraphUserInterface.Factories.Solvers.Engines.BufferedStreamInThread.<init>(ExecHelper.java:70)
	at aprove.GraphUserInterface.Factories.Solvers.Engines.ExecHelper.execAndGetExitCode(ExecHelper.java:45)
	at aprove.GraphUserInterface.Factories.Solvers.Engines.ExecHelper.exec(ExecHelper.java:25)
	at aprove.GraphUserInterface.Factories.Solvers.Engines.YicesEngine.solve(YicesEngine.java:159)
	at aprove.GraphUserInterface.Factories.Solvers.Engines.YicesEngine.solve(YicesEngine.java:64)
	at aprove.Framework.IntTRS.PoloRedPair.RuleAnalyzer.findCoefficients(RuleAnalyzer.java:1682)
	at aprove.Framework.IntTRS.PoloRedPair.RuleAnalyzer.analyze(RuleAnalyzer.java:172)
	at aprove.Framework.IntTRS.PoloRedPair.IntTRSPolynomialOrderWorker.analyzeRules(IntTRSPolynomialOrderWorker.java:107)
	at aprove.Framework.IntTRS.PoloRedPair.IntTRSPolynomialOrderWorker.work(IntTRSPolynomialOrderWorker.java:83)
	at aprove.Framework.IntTRS.PoloRedPair.IntTRSPolynomialOrderProcessor.process(IntTRSPolynomialOrderProcessor.java:216)
	at aprove.Strategies.ExecutableStrategies.Executor.execute(Executor.java:326)
	at aprove.Strategies.ExecutableStrategies.Executor$Runner.wrappedRun(Executor.java:377)
	at aprove.Strategies.Abortions.PooledJob.run(PooledJob.java:99)
	at aprove.Strategies.Util.PrioritizableThreadPool$Worker.run(PrioritizableThreadPool.java:274)
	at java.lang.Thread.run(Thread.java:748)
            java.lang.Thread.start0(Native Method)
            java.lang.Thread.start(Thread.java:717)
            aprove.Framework.IntTRS.Nonterm.IntTRSPeriodicNontermProcessor.process(IntTRSPeriodicNontermProcessor.java:135)
            aprove.GraphUserInterface.Factories.Solvers.Engines.BufferedStreamInThread.<init>(ExecHelper.java:70)
            aprove.Strategies.ExecutableStrategies.Executor.execute(Executor.java:326)
            aprove.Strategies.ExecutableStrategies.Executor$Runner.wrappedRun(Executor.java:377)
            aprove.Strategies.Abortions.PooledJob.run(PooledJob.java:99)
            aprove.Strategies.Util.PrioritizableThreadPool$Worker.run(PrioritizableThreadPool.java:274)
            java.lang.Thread.run(Thread.java:748)
java.lang.OutOfMemoryError: unable to create new native thread
	at java.lang.Thread.start0(Native Method)
	at java.lang.Thread.start(Thread.java:717)
	at aprove.GraphUserInterface.Factories.Solvers.Engines.BufferedStreamInThread.<init>(ExecHelper.java:70)
	at aprove.GraphUserInterface.Factories.Solvers.Engines.ExecHelper.execAndGetExitCode(ExecHelper.java:46)
	at aprove.GraphUserInterface.Factories.Solvers.Engines.ExecHelper.exec(ExecHelper.java:25)
	at aprove.GraphUserInterface.Factories.Solvers.Engines.SMTLIBEngine.solve(SMTLIBEngine.java:166)
	at aprove.GraphUserInterface.Factories.Solvers.Engines.SMTLIBEngine.solve(SMTLIBEngine.java:80)
	at aprove.Framework.IntTRS.Nonterm.IntTRSPeriodicNontermProcessor.process(IntTRSPeriodicNontermProcessor.java:135)
	at aprove.Strategies.ExecutableStrategies.Executor.execute(Executor.java:326)
	at aprove.Strategies.ExecutableStrategies.Executor$Runner.wrappedRun(Executor.java:377)
	at aprove.Strategies.Abortions.PooledJob.run(PooledJob.java:99)
	at aprove.Strategies.Util.PrioritizableThreadPool$Worker.run(PrioritizableThreadPool.java:274)
	at java.lang.Thread.run(Thread.java:748)
            java.lang.Thread.start(Thread.java:717)
            aprove.GraphUserInterface.Factories.Solvers.Engines.ExecHelper.execAndGetExitCode(ExecHelper.java:46)
            aprove.GraphUserInterface.Factories.Solvers.Engines.BufferedStreamInThread.<init>(ExecHelper.java:70)
            aprove.GraphUserInterface.Factories.Solvers.Engines.ExecHelper.exec(ExecHelper.java:25)
            aprove.GraphUserInterface.Factories.Solvers.Engines.ExecHelper.execAndGetExitCode(ExecHelper.java:46)
            aprove.GraphUserInterface.Factories.Solvers.Engines.YicesEngine.solve(YicesEngine.java:159)
            aprove.GraphUserInterface.Factories.Solvers.Engines.ExecHelper.exec(ExecHelper.java:25)
            aprove.GraphUserInterface.Factories.Solvers.Engines.YicesEngine.solveAndPutIntoFormula(YicesEngine.java:82)
            aprove.GraphUserInterface.Factories.Solvers.Engines.SMTLIBEngine.solve(SMTLIBEngine.java:166)
            aprove.GraphUserInterface.Factories.Solvers.Engines.YicesEngine.satisfiable(YicesEngine.java:49)
            aprove.GraphUserInterface.Factories.Solvers.Engines.SMTLIBEngine.solve(SMTLIBEngine.java:80)
            aprove.Framework.IntTRS.TerminationGraph.TerminationGraph.buildGraph(TerminationGraph.java:155)
            aprove.Framework.IntTRS.CaseAnalysis.InductiveConditionFinder.canBeLTZero(InductiveConditionFinder.java:522)
            aprove.Framework.IntTRS.TerminationGraph.IntTRSTerminationGraphWorker.analyzeTerminationGraph(IntTRSTerminationGraphWorker.java:121)
            aprove.Framework.IntTRS.CaseAnalysis.InductiveConditionFinder.searchInductiveTerms(InductiveConditionFinder.java:449)
            aprove.Framework.IntTRS.TerminationGraph.IntTRSTerminationGraphWorker.work(IntTRSTerminationGraphWorker.java:79)
            aprove.Framework.IntTRS.CaseAnalysis.InductiveConditionFinder.changeTermHeuristic(InductiveConditionFinder.java:419)
            aprove.Framework.IntTRS.TerminationGraph.IntTRSTerminationGraphProcessor.process(IntTRSTerminationGraphProcessor.java:119)
            aprove.Framework.IntTRS.CaseAnalysis.InductiveConditionFinder.candidateGenerationHeuristic(InductiveConditionFinder.java:161)
            aprove.Strategies.ExecutableStrategies.Executor.execute(Executor.java:326)
            aprove.Framework.IntTRS.CaseAnalysis.InductiveConditionFinder.findInductiveCondition(InductiveConditionFinder.java:133)
            aprove.Strategies.ExecutableStrategies.Executor$Runner.wrappedRun(Executor.java:377)
            aprove.Strategies.Abortions.PooledJob.run(PooledJob.java:99)
            aprove.Strategies.Util.PrioritizableThreadPool$Worker.run(PrioritizableThreadPool.java:274)
            java.lang.Thread.run(Thread.java:748)
java.lang.OutOfMemoryError: unable to create new native thread
	at java.lang.Thread.start0(Native Method)
	at java.lang.Thread.start(Thread.java:717)
	at aprove.GraphUserInterface.Factories.Solvers.Engines.BufferedStreamInThread.<init>(ExecHelper.java:70)
	at aprove.GraphUserInterface.Factories.Solvers.Engines.ExecHelper.execAndGetExitCode(ExecHelper.java:46)
	at aprove.GraphUserInterface.Factories.Solvers.Engines.ExecHelper.exec(ExecHelper.java:25)
	at aprove.GraphUserInterface.Factories.Solvers.Engines.YicesEngine.solve(YicesEngine.java:159)
	at aprove.GraphUserInterface.Factories.Solvers.Engines.YicesEngine.solveAndPutIntoFormula(YicesEngine.java:82)
	at aprove.GraphUserInterface.Factories.Solvers.Engines.YicesEngine.satisfiable(YicesEngine.java:49)
	at aprove.Framework.IntTRS.TerminationGraph.TerminationGraph.buildGraph(TerminationGraph.java:155)
	at aprove.Framework.IntTRS.TerminationGraph.IntTRSTerminationGraphWorker.analyzeTerminationGraph(IntTRSTerminationGraphWorker.java:121)
	at aprove.Framework.IntTRS.TerminationGraph.IntTRSTerminationGraphWorker.work(IntTRSTerminationGraphWorker.java:79)
	at aprove.Framework.IntTRS.TerminationGraph.IntTRSTerminationGraphProcessor.process(IntTRSTerminationGraphProcessor.java:119)
	at aprove.Strategies.ExecutableStrategies.Executor.execute(Executor.java:326)
	at aprove.Strategies.ExecutableStrategies.Executor$Runner.wrappedRun(Executor.java:377)
	at aprove.Strategies.Abortions.PooledJob.run(PooledJob.java:99)
	at aprove.Strategies.Util.PrioritizableThreadPool$Worker.run(PrioritizableThreadPool.java:274)
	at java.lang.Thread.run(Thread.java:748)
            aprove.Framework.IntTRS.CaseAnalysis.InductiveConditionFinder.getInductiveCondition(InductiveConditionFinder.java:107)
            aprove.Framework.IntTRS.CaseAnalysis.CaseAnalysisProcessor.process(CaseAnalysisProcessor.java:80)
            aprove.Strategies.ExecutableStrategies.Executor.execute(Executor.java:326)
            aprove.Strategies.ExecutableStrategies.Executor$Runner.wrappedRun(Executor.java:377)
            aprove.Strategies.Abortions.PooledJob.run(PooledJob.java:99)
            aprove.Strategies.Util.PrioritizableThreadPool$Worker.run(PrioritizableThreadPool.java:274)
            java.lang.Thread.run(Thread.java:748)
java.lang.OutOfMemoryError: unable to create new native thread
	at java.lang.Thread.start0(Native Method)
	at java.lang.Thread.start(Thread.java:717)
	at aprove.GraphUserInterface.Factories.Solvers.Engines.BufferedStreamInThread.<init>(ExecHelper.java:70)
	at aprove.GraphUserInterface.Factories.Solvers.Engines.ExecHelper.execAndGetExitCode(ExecHelper.java:46)
	at aprove.GraphUserInterface.Factories.Solvers.Engines.ExecHelper.exec(ExecHelper.java:25)
	at aprove.GraphUserInterface.Factories.Solvers.Engines.SMTLIBEngine.solve(SMTLIBEngine.java:166)
	at aprove.GraphUserInterface.Factories.Solvers.Engines.SMTLIBEngine.solve(SMTLIBEngine.java:80)
	at aprove.Framework.IntTRS.CaseAnalysis.InductiveConditionFinder.canBeLTZero(InductiveConditionFinder.java:522)
	at aprove.Framework.IntTRS.CaseAnalysis.InductiveConditionFinder.searchInductiveTerms(InductiveConditionFinder.java:449)
	at aprove.Framework.IntTRS.CaseAnalysis.InductiveConditionFinder.changeTermHeuristic(InductiveConditionFinder.java:419)
	at aprove.Framework.IntTRS.CaseAnalysis.InductiveConditionFinder.candidateGenerationHeuristic(InductiveConditionFinder.java:161)
	at aprove.Framework.IntTRS.CaseAnalysis.InductiveConditionFinder.findInductiveCondition(InductiveConditionFinder.java:133)
	at aprove.Framework.IntTRS.CaseAnalysis.InductiveConditionFinder.getInductiveCondition(InductiveConditionFinder.java:107)
	at aprove.Framework.IntTRS.CaseAnalysis.CaseAnalysisProcessor.process(CaseAnalysisProcessor.java:80)
	at aprove.Strategies.ExecutableStrategies.Executor.execute(Executor.java:326)
	at aprove.Strategies.ExecutableStrategies.Executor$Runner.wrappedRun(Executor.java:377)
	at aprove.Strategies.Abortions.PooledJob.run(PooledJob.java:99)
	at aprove.Strategies.Util.PrioritizableThreadPool$Worker.run(PrioritizableThreadPool.java:274)
	at java.lang.Thread.run(Thread.java:748)
real 2200.35
user 3572.26
sys 30.13
