Graph finished, checking  consistency
Graph finished, checked consistency, took 0.001s
Aborted 1627969774Exec. 1622, IntTRSNonPeriodicNonterm with some error. Reason: java.lang.OutOfMemoryError: unable to create new native thread.
            java.lang.Thread.start0(Native Method)
            java.lang.Thread.start(Thread.java:717)
            aprove.GraphUserInterface.Factories.Solvers.Engines.BufferedStreamInThread.<init>(ExecHelper.java:70)
            aprove.GraphUserInterface.Factories.Solvers.Engines.ExecHelper.execAndGetExitCode(ExecHelper.java:46)
            aprove.GraphUserInterface.Factories.Solvers.Engines.ExecHelper.exec(ExecHelper.java:25)
            aprove.GraphUserInterface.Factories.Solvers.Engines.SMTLIBEngine.solve(SMTLIBEngine.java:166)
            aprove.GraphUserInterface.Factories.Solvers.Engines.SMTLIBEngine.solve(SMTLIBEngine.java:80)
            aprove.Framework.IntTRS.Nonterm.IntTRSNonPeriodicNontermProcessor.process(IntTRSNonPeriodicNontermProcessor.java:79)
            aprove.Strategies.ExecutableStrategies.Executor.execute(Executor.java:326)
            aprove.Strategies.ExecutableStrategies.Executor$Runner.wrappedRun(Executor.java:377)
            aprove.Strategies.Abortions.PooledJob.run(PooledJob.java:99)
            aprove.Strategies.Util.PrioritizableThreadPool$Worker.run(PrioritizableThreadPool.java:274)
            java.lang.Thread.run(Thread.java:748)
java.lang.OutOfMemoryError: unable to create new native thread
	at java.lang.Thread.start0(Native Method)
	at java.lang.Thread.start(Thread.java:717)
	at aprove.GraphUserInterface.Factories.Solvers.Engines.BufferedStreamInThread.<init>(ExecHelper.java:70)
	at aprove.GraphUserInterface.Factories.Solvers.Engines.ExecHelper.execAndGetExitCode(ExecHelper.java:46)
	at aprove.GraphUserInterface.Factories.Solvers.Engines.ExecHelper.exec(ExecHelper.java:25)
	at aprove.GraphUserInterface.Factories.Solvers.Engines.SMTLIBEngine.solve(SMTLIBEngine.java:166)
	at aprove.GraphUserInterface.Factories.Solvers.Engines.SMTLIBEngine.solve(SMTLIBEngine.java:80)
	at aprove.Framework.IntTRS.Nonterm.IntTRSNonPeriodicNontermProcessor.process(IntTRSNonPeriodicNontermProcessor.java:79)
	at aprove.Strategies.ExecutableStrategies.Executor.execute(Executor.java:326)
	at aprove.Strategies.ExecutableStrategies.Executor$Runner.wrappedRun(Executor.java:377)
	at aprove.Strategies.Abortions.PooledJob.run(PooledJob.java:99)
	at aprove.Strategies.Util.PrioritizableThreadPool$Worker.run(PrioritizableThreadPool.java:274)
	at java.lang.Thread.run(Thread.java:748)
Aborted 1627969774Exec. 1607, IntTRSCaseAnalysis with some error. Reason: java.lang.OutOfMemoryError: unable to create new native thread.
            java.lang.Thread.start0(Native Method)
            java.lang.Thread.start(Thread.java:717)
            aprove.GraphUserInterface.Factories.Solvers.Engines.BufferedStreamInThread.<init>(ExecHelper.java:70)
            aprove.GraphUserInterface.Factories.Solvers.Engines.ExecHelper.execAndGetExitCode(ExecHelper.java:45)
            aprove.GraphUserInterface.Factories.Solvers.Engines.ExecHelper.exec(ExecHelper.java:25)
            aprove.GraphUserInterface.Factories.Solvers.Engines.SMTLIBEngine.solve(SMTLIBEngine.java:166)
            aprove.GraphUserInterface.Factories.Solvers.Engines.SMTLIBEngine.solve(SMTLIBEngine.java:80)
            aprove.Framework.IntTRS.CaseAnalysis.InductiveConditionFinder.isUseless(InductiveConditionFinder.java:254)
            aprove.Framework.IntTRS.CaseAnalysis.InductiveConditionFinder.computeInductiveCondition(InductiveConditionFinder.java:173)
            aprove.Framework.IntTRS.CaseAnalysis.InductiveConditionFinder.findInductiveCondition(InductiveConditionFinder.java:137)
            aprove.Framework.IntTRS.CaseAnalysis.InductiveConditionFinder.getInductiveCondition(InductiveConditionFinder.java:107)
            aprove.Framework.IntTRS.CaseAnalysis.CaseAnalysisProcessor.process(CaseAnalysisProcessor.java:80)
            aprove.Strategies.ExecutableStrategies.Executor.execute(Executor.java:326)
            aprove.Strategies.ExecutableStrategies.Executor$Runner.wrappedRun(Executor.java:377)
            aprove.Strategies.Abortions.PooledJob.run(PooledJob.java:99)
            aprove.Strategies.Util.PrioritizableThreadPool$Worker.run(PrioritizableThreadPool.java:274)
            java.lang.Thread.run(Thread.java:748)
java.lang.OutOfMemoryError: unable to create new native thread
	at java.lang.Thread.start0(Native Method)
	at java.lang.Thread.start(Thread.java:717)
	at aprove.GraphUserInterface.Factories.Solvers.Engines.BufferedStreamInThread.<init>(ExecHelper.java:70)
	at aprove.GraphUserInterface.Factories.Solvers.Engines.ExecHelper.execAndGetExitCode(ExecHelper.java:45)
	at aprove.GraphUserInterface.Factories.Solvers.Engines.ExecHelper.exec(ExecHelper.java:25)
	at aprove.GraphUserInterface.Factories.Solvers.Engines.SMTLIBEngine.solve(SMTLIBEngine.java:166)
	at aprove.GraphUserInterface.Factories.Solvers.Engines.SMTLIBEngine.solve(SMTLIBEngine.java:80)
	at aprove.Framework.IntTRS.CaseAnalysis.InductiveConditionFinder.isUseless(InductiveConditionFinder.java:254)
	at aprove.Framework.IntTRS.CaseAnalysis.InductiveConditionFinder.computeInductiveCondition(InductiveConditionFinder.java:173)
	at aprove.Framework.IntTRS.CaseAnalysis.InductiveConditionFinder.findInductiveCondition(InductiveConditionFinder.java:137)
	at aprove.Framework.IntTRS.CaseAnalysis.InductiveConditionFinder.getInductiveCondition(InductiveConditionFinder.java:107)
	at aprove.Framework.IntTRS.CaseAnalysis.CaseAnalysisProcessor.process(CaseAnalysisProcessor.java:80)
	at aprove.Strategies.ExecutableStrategies.Executor.execute(Executor.java:326)
	at aprove.Strategies.ExecutableStrategies.Executor$Runner.wrappedRun(Executor.java:377)
	at aprove.Strategies.Abortions.PooledJob.run(PooledJob.java:99)
	at aprove.Strategies.Util.PrioritizableThreadPool$Worker.run(PrioritizableThreadPool.java:274)
	at java.lang.Thread.run(Thread.java:748)
Aborted 1627969774Exec. 1627, IntTRSPolynomialOrderProcessor with some error. Reason: java.lang.OutOfMemoryError: unable to create new native thread.
            java.lang.Thread.start0(Native Method)
            java.lang.Thread.start(Thread.java:717)
            java.util.concurrent.ThreadPoolExecutor.addWorker(ThreadPoolExecutor.java:957)
            java.util.concurrent.ThreadPoolExecutor.execute(ThreadPoolExecutor.java:1378)
            java.lang.UNIXProcess.initStreams(UNIXProcess.java:288)
            java.lang.UNIXProcess.lambda$new$2(UNIXProcess.java:258)
            java.security.AccessController.doPrivileged(Native Method)
            java.lang.UNIXProcess.<init>(UNIXProcess.java:257)
            java.lang.ProcessImpl.start(ProcessImpl.java:134)
            java.lang.ProcessBuilder.start(ProcessBuilder.java:1029)
            aprove.GraphUserInterface.Factories.Solvers.Engines.ExecHelper.execAndGetExitCode(ExecHelper.java:43)
            aprove.GraphUserInterface.Factories.Solvers.Engines.ExecHelper.exec(ExecHelper.java:25)
            aprove.GraphUserInterface.Factories.Solvers.Engines.YicesEngine.solve(YicesEngine.java:159)
            aprove.GraphUserInterface.Factories.Solvers.Engines.YicesEngine.solve(YicesEngine.java:64)
            aprove.Framework.IntTRS.PoloRedPair.RuleAnalyzer.findCoefficients(RuleAnalyzer.java:1682)
            aprove.Framework.IntTRS.PoloRedPair.RuleAnalyzer.analyze(RuleAnalyzer.java:172)
            aprove.Framework.IntTRS.PoloRedPair.IntTRSPolynomialOrderWorker.analyzeRules(IntTRSPolynomialOrderWorker.java:107)
            aprove.Framework.IntTRS.PoloRedPair.IntTRSPolynomialOrderWorker.work(IntTRSPolynomialOrderWorker.java:83)
            aprove.Framework.IntTRS.PoloRedPair.IntTRSPolynomialOrderProcessor.process(IntTRSPolynomialOrderProcessor.java:216)
            aprove.Strategies.ExecutableStrategies.Executor.execute(Executor.java:326)
            aprove.Strategies.ExecutableStrategies.Executor$Runner.wrappedRun(Executor.java:377)
            aprove.Strategies.Abortions.PooledJob.run(PooledJob.java:99)
            aprove.Strategies.Util.PrioritizableThreadPool$Worker.run(PrioritizableThreadPool.java:274)
            java.lang.Thread.run(Thread.java:748)
java.lang.OutOfMemoryError: unable to create new native thread
	at java.lang.Thread.start0(Native Method)
	at java.lang.Thread.start(Thread.java:717)
	at java.util.concurrent.ThreadPoolExecutor.addWorker(ThreadPoolExecutor.java:957)
	at java.util.concurrent.ThreadPoolExecutor.execute(ThreadPoolExecutor.java:1378)
	at java.lang.UNIXProcess.initStreams(UNIXProcess.java:288)
	at java.lang.UNIXProcess.lambda$new$2(UNIXProcess.java:258)
	at java.security.AccessController.doPrivileged(Native Method)
	at java.lang.UNIXProcess.<init>(UNIXProcess.java:257)
	at java.lang.ProcessImpl.start(ProcessImpl.java:134)
	at java.lang.ProcessBuilder.start(ProcessBuilder.java:1029)
	at aprove.GraphUserInterface.Factories.Solvers.Engines.ExecHelper.execAndGetExitCode(ExecHelper.java:43)
	at aprove.GraphUserInterface.Factories.Solvers.Engines.ExecHelper.exec(ExecHelper.java:25)
	at aprove.GraphUserInterface.Factories.Solvers.Engines.YicesEngine.solve(YicesEngine.java:159)
	at aprove.GraphUserInterface.Factories.Solvers.Engines.YicesEngine.solve(YicesEngine.java:64)
	at aprove.Framework.IntTRS.PoloRedPair.RuleAnalyzer.findCoefficients(RuleAnalyzer.java:1682)
	at aprove.Framework.IntTRS.PoloRedPair.RuleAnalyzer.analyze(RuleAnalyzer.java:172)
	at aprove.Framework.IntTRS.PoloRedPair.IntTRSPolynomialOrderWorker.analyzeRules(IntTRSPolynomialOrderWorker.java:107)
	at aprove.Framework.IntTRS.PoloRedPair.IntTRSPolynomialOrderWorker.work(IntTRSPolynomialOrderWorker.java:83)
	at aprove.Framework.IntTRS.PoloRedPair.IntTRSPolynomialOrderProcessor.process(IntTRSPolynomialOrderProcessor.java:216)
	at aprove.Strategies.ExecutableStrategies.Executor.execute(Executor.java:326)
	at aprove.Strategies.ExecutableStrategies.Executor$Runner.wrappedRun(Executor.java:377)
	at aprove.Strategies.Abortions.PooledJob.run(PooledJob.java:99)
	at aprove.Strategies.Util.PrioritizableThreadPool$Worker.run(PrioritizableThreadPool.java:274)
	at java.lang.Thread.run(Thread.java:748)
real 86.76
user 751.90
sys 29.21
