Graph finished, checking  consistency
Graph finished, checked consistency, took 0.0s
Exception in thread "DefaultMachine" java.lang.OutOfMemoryError: unable to create new native thread
	at java.lang.Thread.start0(Native Method)
	at java.lang.Thread.start(Thread.java:717)
	at aprove.Strategies.Util.PrioritizableThreadPool.startWorker(PrioritizableThreadPool.java:410)
	at aprove.Strategies.Util.PrioritizableThreadPool.executeNow(PrioritizableThreadPool.java:191)
	at aprove.Strategies.Util.ThreadingPolicy$HighPolicy.schedule(ThreadingPolicy.java:26)
	at aprove.Strategies.Util.ThreadingPolicy$DefaultPolicy.schedule(ThreadingPolicy.java:41)
	at aprove.Strategies.ExecutableStrategies.Executor.start(Executor.java:114)
	at aprove.Strategies.ExecutableStrategies.ExecProcessorStrategy.exec(ExecProcessorStrategy.java:55)
	at aprove.Strategies.ExecutableStrategies.ExecAny.exec(ExecAny.java:62)
	at aprove.Strategies.ExecutableStrategies.ExecSimple.exec(ExecSimple.java:40)
	at aprove.Strategies.ExecutableStrategies.ExecAny.exec(ExecAny.java:62)
	at aprove.Strategies.ExecutableStrategies.ExecSequence.exec(ExecSequence.java:24)
	at aprove.Strategies.ExecutableStrategies.ExecFirst.exec(ExecFirst.java:71)
	at aprove.Strategies.ExecutableStrategies.ExecSolve.exec(ExecSolve.java:82)
	at aprove.Strategies.ExecutableStrategies.ExecAny.exec(ExecAny.java:62)
	at aprove.Strategies.ExecutableStrategies.ExecAny.exec(ExecAny.java:62)
	at aprove.Strategies.ExecutableStrategies.ExecFirst.exec(ExecFirst.java:71)
	at aprove.Strategies.ExecutableStrategies.ExecSolve.exec(ExecSolve.java:82)
	at aprove.Strategies.ExecutableStrategies.ExecAny.exec(ExecAny.java:62)
	at aprove.Strategies.ExecutableStrategies.ExecAny.exec(ExecAny.java:62)
	at aprove.Strategies.ExecutableStrategies.ExecFirst.exec(ExecFirst.java:71)
	at aprove.Strategies.ExecutableStrategies.ExecSolve.exec(ExecSolve.java:82)
	at aprove.Strategies.ExecutableStrategies.ExecAny.exec(ExecAny.java:62)
	at aprove.Strategies.ExecutableStrategies.ExecAny.exec(ExecAny.java:62)
	at aprove.Strategies.ExecutableStrategies.ExecFirst.exec(ExecFirst.java:71)
	at aprove.Strategies.ExecutableStrategies.ExecSolve.exec(ExecSolve.java:82)
	at aprove.Strategies.ExecutableStrategies.ExecAny.exec(ExecAny.java:62)
	at aprove.Strategies.ExecutableStrategies.ExecAllParallel.exec(ExecAllParallel.java:29)
	at aprove.Strategies.ExecutableStrategies.ExecAny.exec(ExecAny.java:62)
	at aprove.Strategies.ExecutableStrategies.ExecFirst.exec(ExecFirst.java:71)
	at aprove.Strategies.ExecutableStrategies.ExecSolve.exec(ExecSolve.java:82)
	at aprove.Strategies.ExecutableStrategies.ExecAny.exec(ExecAny.java:62)
	at aprove.Strategies.ExecutableStrategies.ExecAllParallel.exec(ExecAllParallel.java:29)
	at aprove.Strategies.ExecutableStrategies.ExecAny.exec(ExecAny.java:62)
	at aprove.Strategies.ExecutableStrategies.ExecFirst.exec(ExecFirst.java:71)
	at aprove.Strategies.ExecutableStrategies.ExecSolve.exec(ExecSolve.java:82)
	at aprove.Strategies.ExecutableStrategies.ExecAny.exec(ExecAny.java:62)
	at aprove.Strategies.ExecutableStrategies.ExecAllParallel.exec(ExecAllParallel.java:29)
	at aprove.Strategies.ExecutableStrategies.ExecAny.exec(ExecAny.java:62)
	at aprove.Strategies.ExecutableStrategies.ExecFirst.exec(ExecFirst.java:71)
	at aprove.Strategies.ExecutableStrategies.ExecSolve.exec(ExecSolve.java:82)
	at aprove.Strategies.ExecutableStrategies.ExecAny.exec(ExecAny.java:62)
	at aprove.Strategies.ExecutableStrategies.ExecAllParallel.exec(ExecAllParallel.java:29)
	at aprove.Strategies.ExecutableStrategies.ExecAny.exec(ExecAny.java:62)
	at aprove.Strategies.ExecutableStrategies.ExecFirst.exec(ExecFirst.java:71)
	at aprove.Strategies.ExecutableStrategies.ExecSolve.exec(ExecSolve.java:82)
	at aprove.Strategies.ExecutableStrategies.ExecAny.exec(ExecAny.java:62)
	at aprove.Strategies.ExecutableStrategies.ExecSolve.exec(ExecSolve.java:82)
	at aprove.Strategies.ExecutableStrategies.ExecAny.exec(ExecAny.java:62)
	at aprove.Strategies.ExecutableStrategies.ExecSolve.exec(ExecSolve.java:82)
	at aprove.Strategies.ExecutableStrategies.ExecFirst.exec(ExecFirst.java:71)
	at aprove.Strategies.ExecutableStrategies.ExecSolve.exec(ExecSolve.java:82)
	at aprove.Strategies.ExecutableStrategies.ExecAny.exec(ExecAny.java:62)
	at aprove.Strategies.ExecutableStrategies.ExecSolve.exec(ExecSolve.java:82)
	at aprove.Strategies.ExecutableStrategies.ExecAny.exec(ExecAny.java:62)
	at aprove.Strategies.ExecutableStrategies.StrategyRoot.evaluateOnce(StrategyRoot.java:35)
	at aprove.Strategies.ExecutableStrategies.impl.DefaultMachine$CmdExec.run(DefaultMachine.java:247)
	at aprove.Strategies.ExecutableStrategies.impl.DefaultMachine.run(DefaultMachine.java:174)
	at java.lang.Thread.run(Thread.java:748)
Aborted 1616266621Exec. 1197, IntTRSCaseAnalysis with some error. Reason: java.lang.OutOfMemoryError: unable to create new native thread.
            java.lang.Thread.start0(Native Method)
            java.lang.Thread.start(Thread.java:717)
            aprove.GraphUserInterface.Factories.Solvers.Engines.BufferedStreamInThread.<init>(ExecHelper.java:70)
            aprove.GraphUserInterface.Factories.Solvers.Engines.ExecHelper.execAndGetExitCode(ExecHelper.java:45)
            aprove.GraphUserInterface.Factories.Solvers.Engines.ExecHelper.exec(ExecHelper.java:25)
            aprove.GraphUserInterface.Factories.Solvers.Engines.YicesEngine.solve(YicesEngine.java:159)
            aprove.GraphUserInterface.Factories.Solvers.Engines.YicesEngine.solve(YicesEngine.java:64)
            aprove.Framework.IntTRS.CaseAnalysis.DecreasingInterpretationFinder.findInterpretation(DecreasingInterpretationFinder.java:231)
            aprove.Framework.IntTRS.CaseAnalysis.DecreasingInterpretationFinder.findInductiveCondition(DecreasingInterpretationFinder.java:143)
            aprove.Framework.IntTRS.CaseAnalysis.InductiveConditionFinder.computeInductiveCondition(InductiveConditionFinder.java:194)
            aprove.Framework.IntTRS.CaseAnalysis.InductiveConditionFinder.findInductiveCondition(InductiveConditionFinder.java:137)
            aprove.Framework.IntTRS.CaseAnalysis.InductiveConditionFinder.getInductiveCondition(InductiveConditionFinder.java:107)
            aprove.Framework.IntTRS.CaseAnalysis.CaseAnalysisProcessor.process(CaseAnalysisProcessor.java:80)
            aprove.Strategies.ExecutableStrategies.Executor.execute(Executor.java:326)
            aprove.Strategies.ExecutableStrategies.Executor$Runner.wrappedRun(Executor.java:377)
            aprove.Strategies.Abortions.PooledJob.run(PooledJob.java:99)
            aprove.Strategies.Util.PrioritizableThreadPool$Worker.run(PrioritizableThreadPool.java:274)
            java.lang.Thread.run(Thread.java:748)
java.lang.OutOfMemoryError: unable to create new native thread
	at java.lang.Thread.start0(Native Method)
	at java.lang.Thread.start(Thread.java:717)
	at aprove.GraphUserInterface.Factories.Solvers.Engines.BufferedStreamInThread.<init>(ExecHelper.java:70)
	at aprove.GraphUserInterface.Factories.Solvers.Engines.ExecHelper.execAndGetExitCode(ExecHelper.java:45)
	at aprove.GraphUserInterface.Factories.Solvers.Engines.ExecHelper.exec(ExecHelper.java:25)
	at aprove.GraphUserInterface.Factories.Solvers.Engines.YicesEngine.solve(YicesEngine.java:159)
	at aprove.GraphUserInterface.Factories.Solvers.Engines.YicesEngine.solve(YicesEngine.java:64)
	at aprove.Framework.IntTRS.CaseAnalysis.DecreasingInterpretationFinder.findInterpretation(DecreasingInterpretationFinder.java:231)
	at aprove.Framework.IntTRS.CaseAnalysis.DecreasingInterpretationFinder.findInductiveCondition(DecreasingInterpretationFinder.java:143)
	at aprove.Framework.IntTRS.CaseAnalysis.InductiveConditionFinder.computeInductiveCondition(InductiveConditionFinder.java:194)
	at aprove.Framework.IntTRS.CaseAnalysis.InductiveConditionFinder.findInductiveCondition(InductiveConditionFinder.java:137)
	at aprove.Framework.IntTRS.CaseAnalysis.InductiveConditionFinder.getInductiveCondition(InductiveConditionFinder.java:107)
	at aprove.Framework.IntTRS.CaseAnalysis.CaseAnalysisProcessor.process(CaseAnalysisProcessor.java:80)
	at aprove.Strategies.ExecutableStrategies.Executor.execute(Executor.java:326)
	at aprove.Strategies.ExecutableStrategies.Executor$Runner.wrappedRun(Executor.java:377)
	at aprove.Strategies.Abortions.PooledJob.run(PooledJob.java:99)
	at aprove.Strategies.Util.PrioritizableThreadPool$Worker.run(PrioritizableThreadPool.java:274)
	at java.lang.Thread.run(Thread.java:748)
real 55.84
user 505.32
sys 10.34
