Graph finished, checking  consistency
Graph finished, checked consistency, took 0.0s
Aborted 1616266601Exec. 1098, IntTRSNonPeriodicNonterm with some error. Reason: java.lang.OutOfMemoryError: unable to create new native thread.
            java.lang.Thread.start0(Native Method)
            java.lang.Thread.start(Thread.java:717)
            aprove.GraphUserInterface.Factories.Solvers.Engines.BufferedStreamInThread.<init>(ExecHelper.java:70)
            aprove.GraphUserInterface.Factories.Solvers.Engines.ExecHelper.execAndGetExitCode(ExecHelper.java:45)
            aprove.GraphUserInterface.Factories.Solvers.Engines.ExecHelper.exec(ExecHelper.java:25)
            aprove.GraphUserInterface.Factories.Solvers.Engines.SMTLIBEngine.solve(SMTLIBEngine.java:166)
            aprove.GraphUserInterface.Factories.Solvers.Engines.SMTLIBEngine.solve(SMTLIBEngine.java:80)
            aprove.Framework.IntTRS.Nonterm.IntTRSNonPeriodicNontermProcessor.process(IntTRSNonPeriodicNontermProcessor.java:79)
            aprove.Strategies.ExecutableStrategies.Executor.execute(Executor.java:326)
            aprove.Strategies.ExecutableStrategies.Executor$Runner.wrappedRun(Executor.java:377)
            aprove.Strategies.Abortions.PooledJob.run(PooledJob.java:99)
            aprove.Strategies.Util.PrioritizableThreadPool$Worker.run(PrioritizableThreadPool.java:274)
            java.lang.Thread.run(Thread.java:748)
java.lang.OutOfMemoryError: unable to create new native thread
	at java.lang.Thread.start0(Native Method)
	at java.lang.Thread.start(Thread.java:717)
	at aprove.GraphUserInterface.Factories.Solvers.Engines.BufferedStreamInThread.<init>(ExecHelper.java:70)
	at aprove.GraphUserInterface.Factories.Solvers.Engines.ExecHelper.execAndGetExitCode(ExecHelper.java:45)
	at aprove.GraphUserInterface.Factories.Solvers.Engines.ExecHelper.exec(ExecHelper.java:25)
	at aprove.GraphUserInterface.Factories.Solvers.Engines.SMTLIBEngine.solve(SMTLIBEngine.java:166)
	at aprove.GraphUserInterface.Factories.Solvers.Engines.SMTLIBEngine.solve(SMTLIBEngine.java:80)
	at aprove.Framework.IntTRS.Nonterm.IntTRSNonPeriodicNontermProcessor.process(IntTRSNonPeriodicNontermProcessor.java:79)
	at aprove.Strategies.ExecutableStrategies.Executor.execute(Executor.java:326)
	at aprove.Strategies.ExecutableStrategies.Executor$Runner.wrappedRun(Executor.java:377)
	at aprove.Strategies.Abortions.PooledJob.run(PooledJob.java:99)
	at aprove.Strategies.Util.PrioritizableThreadPool$Worker.run(PrioritizableThreadPool.java:274)
	at java.lang.Thread.run(Thread.java:748)
Aborted 1616266601Exec. 1099, IntTRSPeriodicNonterm with some error. Reason: java.lang.OutOfMemoryError: unable to create new native thread.
            java.lang.Thread.start0(Native Method)
            java.lang.Thread.start(Thread.java:717)
            aprove.GraphUserInterface.Factories.Solvers.Engines.BufferedStreamInThread.<init>(ExecHelper.java:70)
            aprove.GraphUserInterface.Factories.Solvers.Engines.ExecHelper.execAndGetExitCode(ExecHelper.java:46)
            aprove.GraphUserInterface.Factories.Solvers.Engines.ExecHelper.exec(ExecHelper.java:25)
            aprove.GraphUserInterface.Factories.Solvers.Engines.SMTLIBEngine.solve(SMTLIBEngine.java:166)
            aprove.GraphUserInterface.Factories.Solvers.Engines.SMTLIBEngine.solve(SMTLIBEngine.java:80)
            aprove.Framework.IntTRS.Nonterm.IntTRSPeriodicNontermProcessor.process(IntTRSPeriodicNontermProcessor.java:135)
            aprove.Strategies.ExecutableStrategies.Executor.execute(Executor.java:326)
            aprove.Strategies.ExecutableStrategies.Executor$Runner.wrappedRun(Executor.java:377)
            aprove.Strategies.Abortions.PooledJob.run(PooledJob.java:99)
            aprove.Strategies.Util.PrioritizableThreadPool$Worker.run(PrioritizableThreadPool.java:274)
            java.lang.Thread.run(Thread.java:748)
java.lang.OutOfMemoryError: unable to create new native thread
	at java.lang.Thread.start0(Native Method)
	at java.lang.Thread.start(Thread.java:717)
	at aprove.GraphUserInterface.Factories.Solvers.Engines.BufferedStreamInThread.<init>(ExecHelper.java:70)
	at aprove.GraphUserInterface.Factories.Solvers.Engines.ExecHelper.execAndGetExitCode(ExecHelper.java:46)
	at aprove.GraphUserInterface.Factories.Solvers.Engines.ExecHelper.exec(ExecHelper.java:25)
	at aprove.GraphUserInterface.Factories.Solvers.Engines.SMTLIBEngine.solve(SMTLIBEngine.java:166)
	at aprove.GraphUserInterface.Factories.Solvers.Engines.SMTLIBEngine.solve(SMTLIBEngine.java:80)
	at aprove.Framework.IntTRS.Nonterm.IntTRSPeriodicNontermProcessor.process(IntTRSPeriodicNontermProcessor.java:135)
	at aprove.Strategies.ExecutableStrategies.Executor.execute(Executor.java:326)
	at aprove.Strategies.ExecutableStrategies.Executor$Runner.wrappedRun(Executor.java:377)
	at aprove.Strategies.Abortions.PooledJob.run(PooledJob.java:99)
	at aprove.Strategies.Util.PrioritizableThreadPool$Worker.run(PrioritizableThreadPool.java:274)
	at java.lang.Thread.run(Thread.java:748)
Aborted 1616266602Exec. 1139, IntTRSPolynomialOrderProcessor with some error. Reason: java.lang.OutOfMemoryError: unable to create new native thread.
            java.lang.Thread.start0(Native Method)
            java.lang.Thread.start(Thread.java:717)
            aprove.GraphUserInterface.Factories.Solvers.Engines.BufferedStreamInThread.<init>(ExecHelper.java:70)
            aprove.GraphUserInterface.Factories.Solvers.Engines.ExecHelper.execAndGetExitCode(ExecHelper.java:46)
            aprove.GraphUserInterface.Factories.Solvers.Engines.ExecHelper.exec(ExecHelper.java:25)
            aprove.GraphUserInterface.Factories.Solvers.Engines.YicesEngine.solve(YicesEngine.java:159)
            aprove.GraphUserInterface.Factories.Solvers.Engines.YicesEngine.solve(YicesEngine.java:64)
            aprove.Framework.IntTRS.PoloRedPair.RuleAnalyzer.findCoefficients(RuleAnalyzer.java:1682)
            aprove.Framework.IntTRS.PoloRedPair.RuleAnalyzer.analyze(RuleAnalyzer.java:172)
            aprove.Framework.IntTRS.PoloRedPair.IntTRSPolynomialOrderWorker.analyzeRules(IntTRSPolynomialOrderWorker.java:107)
            aprove.Framework.IntTRS.PoloRedPair.IntTRSPolynomialOrderWorker.work(IntTRSPolynomialOrderWorker.java:83)
            aprove.Framework.IntTRS.PoloRedPair.IntTRSPolynomialOrderProcessor.process(IntTRSPolynomialOrderProcessor.java:216)
            aprove.Strategies.ExecutableStrategies.Executor.execute(Executor.java:326)
            aprove.Strategies.ExecutableStrategies.Executor$Runner.wrappedRun(Executor.java:377)
            aprove.Strategies.Abortions.PooledJob.run(PooledJob.java:99)
            aprove.Strategies.Util.PrioritizableThreadPool$Worker.run(PrioritizableThreadPool.java:274)
            java.lang.Thread.run(Thread.java:748)
java.lang.OutOfMemoryError: unable to create new native thread
	at java.lang.Thread.start0(Native Method)
	at java.lang.Thread.start(Thread.java:717)
	at aprove.GraphUserInterface.Factories.Solvers.Engines.BufferedStreamInThread.<init>(ExecHelper.java:70)
	at aprove.GraphUserInterface.Factories.Solvers.Engines.ExecHelper.execAndGetExitCode(ExecHelper.java:46)
	at aprove.GraphUserInterface.Factories.Solvers.Engines.ExecHelper.exec(ExecHelper.java:25)
	at aprove.GraphUserInterface.Factories.Solvers.Engines.YicesEngine.solve(YicesEngine.java:159)
	at aprove.GraphUserInterface.Factories.Solvers.Engines.YicesEngine.solve(YicesEngine.java:64)
	at aprove.Framework.IntTRS.PoloRedPair.RuleAnalyzer.findCoefficients(RuleAnalyzer.java:1682)
	at aprove.Framework.IntTRS.PoloRedPair.RuleAnalyzer.analyze(RuleAnalyzer.java:172)
	at aprove.Framework.IntTRS.PoloRedPair.IntTRSPolynomialOrderWorker.analyzeRules(IntTRSPolynomialOrderWorker.java:107)
	at aprove.Framework.IntTRS.PoloRedPair.IntTRSPolynomialOrderWorker.work(IntTRSPolynomialOrderWorker.java:83)
	at aprove.Framework.IntTRS.PoloRedPair.IntTRSPolynomialOrderProcessor.process(IntTRSPolynomialOrderProcessor.java:216)
	at aprove.Strategies.ExecutableStrategies.Executor.execute(Executor.java:326)
	at aprove.Strategies.ExecutableStrategies.Executor$Runner.wrappedRun(Executor.java:377)
	at aprove.Strategies.Abortions.PooledJob.run(PooledJob.java:99)
	at aprove.Strategies.Util.PrioritizableThreadPool$Worker.run(PrioritizableThreadPool.java:274)
	at java.lang.Thread.run(Thread.java:748)
Exception in thread "DefaultMachine" java.lang.OutOfMemoryError: unable to create new native thread
	at java.lang.Thread.start0(Native Method)
	at java.lang.Thread.start(Thread.java:717)
	at aprove.Strategies.Util.PrioritizableThreadPool.startWorker(PrioritizableThreadPool.java:410)
	at aprove.Strategies.Util.PrioritizableThreadPool.executeNow(PrioritizableThreadPool.java:191)
	at aprove.Strategies.Util.ThreadingPolicy$HighPolicy.schedule(ThreadingPolicy.java:26)
	at aprove.Strategies.Util.ThreadingPolicy$DefaultPolicy.schedule(ThreadingPolicy.java:41)
	at aprove.Strategies.ExecutableStrategies.Executor.start(Executor.java:114)
	at aprove.Strategies.ExecutableStrategies.ExecProcessorStrategy.exec(ExecProcessorStrategy.java:55)
	at aprove.Strategies.ExecutableStrategies.ExecAny.exec(ExecAny.java:62)
	at aprove.Strategies.ExecutableStrategies.ExecAllParallel.exec(ExecAllParallel.java:29)
	at aprove.Strategies.ExecutableStrategies.ExecAny.exec(ExecAny.java:62)
	at aprove.Strategies.ExecutableStrategies.ExecFirst.exec(ExecFirst.java:71)
	at aprove.Strategies.ExecutableStrategies.ExecSolve.exec(ExecSolve.java:82)
	at aprove.Strategies.ExecutableStrategies.ExecAny.exec(ExecAny.java:62)
	at aprove.Strategies.ExecutableStrategies.ExecAllParallel.exec(ExecAllParallel.java:29)
	at aprove.Strategies.ExecutableStrategies.ExecAny.exec(ExecAny.java:62)
	at aprove.Strategies.ExecutableStrategies.ExecFirst.exec(ExecFirst.java:71)
	at aprove.Strategies.ExecutableStrategies.ExecSolve.exec(ExecSolve.java:82)
	at aprove.Strategies.ExecutableStrategies.ExecAny.exec(ExecAny.java:62)
	at aprove.Strategies.ExecutableStrategies.ExecAllParallel.exec(ExecAllParallel.java:29)
	at aprove.Strategies.ExecutableStrategies.ExecAny.exec(ExecAny.java:62)
	at aprove.Strategies.ExecutableStrategies.ExecFirst.exec(ExecFirst.java:71)
	at aprove.Strategies.ExecutableStrategies.ExecSolve.exec(ExecSolve.java:82)
	at aprove.Strategies.ExecutableStrategies.ExecAny.exec(ExecAny.java:62)
	at aprove.Strategies.ExecutableStrategies.ExecAllParallel.exec(ExecAllParallel.java:29)
	at aprove.Strategies.ExecutableStrategies.ExecAny.exec(ExecAny.java:62)
	at aprove.Strategies.ExecutableStrategies.ExecFirst.exec(ExecFirst.java:71)
	at aprove.Strategies.ExecutableStrategies.ExecSolve.exec(ExecSolve.java:82)
	at aprove.Strategies.ExecutableStrategies.ExecAny.exec(ExecAny.java:62)
	at aprove.Strategies.ExecutableStrategies.ExecAllParallel.exec(ExecAllParallel.java:29)
	at aprove.Strategies.ExecutableStrategies.ExecAny.exec(ExecAny.java:62)
	at aprove.Strategies.ExecutableStrategies.ExecFirst.exec(ExecFirst.java:71)
	at aprove.Strategies.ExecutableStrategies.ExecSolve.exec(ExecSolve.java:82)
	at aprove.Strategies.ExecutableStrategies.ExecAny.exec(ExecAny.java:62)
	at aprove.Strategies.ExecutableStrategies.ExecAllParallel.exec(ExecAllParallel.java:29)
	at aprove.Strategies.ExecutableStrategies.ExecAny.exec(ExecAny.java:62)
	at aprove.Strategies.ExecutableStrategies.ExecFirst.exec(ExecFirst.java:71)
	at aprove.Strategies.ExecutableStrategies.ExecSolve.exec(ExecSolve.java:82)
	at aprove.Strategies.ExecutableStrategies.ExecAny.exec(ExecAny.java:62)
	at aprove.Strategies.ExecutableStrategies.ExecAllParallel.exec(ExecAllParallel.java:29)
	at aprove.Strategies.ExecutableStrategies.ExecAny.exec(ExecAny.java:62)
	at aprove.Strategies.ExecutableStrategies.ExecFirst.exec(ExecFirst.java:71)
	at aprove.Strategies.ExecutableStrategies.ExecSolve.exec(ExecSolve.java:82)
	at aprove.Strategies.ExecutableStrategies.ExecAny.exec(ExecAny.java:62)
	at aprove.Strategies.ExecutableStrategies.ExecAllParallel.exec(ExecAllParallel.java:29)
	at aprove.Strategies.ExecutableStrategies.ExecAny.exec(ExecAny.java:62)
	at aprove.Strategies.ExecutableStrategies.ExecFirst.exec(ExecFirst.java:71)
	at aprove.Strategies.ExecutableStrategies.ExecSolve.exec(ExecSolve.java:82)
	at aprove.Strategies.ExecutableStrategies.ExecAny.exec(ExecAny.java:62)
	at aprove.Strategies.ExecutableStrategies.ExecAllParallel.exec(ExecAllParallel.java:29)
	at aprove.Strategies.ExecutableStrategies.ExecAny.exec(ExecAny.java:62)
	at aprove.Strategies.ExecutableStrategies.ExecFirst.exec(ExecFirst.java:71)
	at aprove.Strategies.ExecutableStrategies.ExecSolve.exec(ExecSolve.java:82)
	at aprove.Strategies.ExecutableStrategies.ExecAny.exec(ExecAny.java:62)
	at aprove.Strategies.ExecutableStrategies.ExecSolve.exec(ExecSolve.java:82)
	at aprove.Strategies.ExecutableStrategies.ExecAny.exec(ExecAny.java:62)
	at aprove.Strategies.ExecutableStrategies.ExecSolve.exec(ExecSolve.java:82)
	at aprove.Strategies.ExecutableStrategies.ExecFirst.exec(ExecFirst.java:71)
	at aprove.Strategies.ExecutableStrategies.ExecSolve.exec(ExecSolve.java:82)
	at aprove.Strategies.ExecutableStrategies.ExecAny.exec(ExecAny.java:62)
	at aprove.Strategies.ExecutableStrategies.ExecSolve.exec(ExecSolve.java:82)
	at aprove.Strategies.ExecutableStrategies.ExecAny.exec(ExecAny.java:62)
	at aprove.Strategies.ExecutableStrategies.StrategyRoot.evaluateOnce(StrategyRoot.java:35)
	at aprove.Strategies.ExecutableStrategies.impl.DefaultMachine$CmdExec.run(DefaultMachine.java:247)
	at aprove.Strategies.ExecutableStrategies.impl.DefaultMachine.run(DefaultMachine.java:174)
	at java.lang.Thread.run(Thread.java:748)
Aborted 1616266602Exec. 1155, IntTRSCaseAnalysis with some error. Reason: java.lang.OutOfMemoryError: unable to create new native thread.
            java.lang.Thread.start0(Native Method)
            java.lang.Thread.start(Thread.java:717)
            aprove.GraphUserInterface.Factories.Solvers.Engines.BufferedStreamInThread.<init>(ExecHelper.java:70)
            aprove.GraphUserInterface.Factories.Solvers.Engines.ExecHelper.execAndGetExitCode(ExecHelper.java:45)
            aprove.GraphUserInterface.Factories.Solvers.Engines.ExecHelper.exec(ExecHelper.java:25)
            aprove.GraphUserInterface.Factories.Solvers.Engines.SMTLIBEngine.solve(SMTLIBEngine.java:166)
            aprove.GraphUserInterface.Factories.Solvers.Engines.SMTLIBEngine.solve(SMTLIBEngine.java:80)
            aprove.Framework.IntTRS.CaseAnalysis.InductiveConditionFinder.isUseless(InductiveConditionFinder.java:267)
            aprove.Framework.IntTRS.CaseAnalysis.InductiveConditionFinder.computeInductiveCondition(InductiveConditionFinder.java:200)
            aprove.Framework.IntTRS.CaseAnalysis.InductiveConditionFinder.findInductiveCondition(InductiveConditionFinder.java:137)
            aprove.Framework.IntTRS.CaseAnalysis.InductiveConditionFinder.getInductiveCondition(InductiveConditionFinder.java:107)
            aprove.Framework.IntTRS.CaseAnalysis.CaseAnalysisProcessor.process(CaseAnalysisProcessor.java:80)
            aprove.Strategies.ExecutableStrategies.Executor.execute(Executor.java:326)
            aprove.Strategies.ExecutableStrategies.Executor$Runner.wrappedRun(Executor.java:377)
            aprove.Strategies.Abortions.PooledJob.run(PooledJob.java:99)
            aprove.Strategies.Util.PrioritizableThreadPool$Worker.run(PrioritizableThreadPool.java:274)
            java.lang.Thread.run(Thread.java:748)
java.lang.OutOfMemoryError: unable to create new native thread
	at java.lang.Thread.start0(Native Method)
	at java.lang.Thread.start(Thread.java:717)
	at aprove.GraphUserInterface.Factories.Solvers.Engines.BufferedStreamInThread.<init>(ExecHelper.java:70)
	at aprove.GraphUserInterface.Factories.Solvers.Engines.ExecHelper.execAndGetExitCode(ExecHelper.java:45)
	at aprove.GraphUserInterface.Factories.Solvers.Engines.ExecHelper.exec(ExecHelper.java:25)
	at aprove.GraphUserInterface.Factories.Solvers.Engines.SMTLIBEngine.solve(SMTLIBEngine.java:166)
	at aprove.GraphUserInterface.Factories.Solvers.Engines.SMTLIBEngine.solve(SMTLIBEngine.java:80)
	at aprove.Framework.IntTRS.CaseAnalysis.InductiveConditionFinder.isUseless(InductiveConditionFinder.java:267)
	at aprove.Framework.IntTRS.CaseAnalysis.InductiveConditionFinder.computeInductiveCondition(InductiveConditionFinder.java:200)
	at aprove.Framework.IntTRS.CaseAnalysis.InductiveConditionFinder.findInductiveCondition(InductiveConditionFinder.java:137)
	at aprove.Framework.IntTRS.CaseAnalysis.InductiveConditionFinder.getInductiveCondition(InductiveConditionFinder.java:107)
	at aprove.Framework.IntTRS.CaseAnalysis.CaseAnalysisProcessor.process(CaseAnalysisProcessor.java:80)
	at aprove.Strategies.ExecutableStrategies.Executor.execute(Executor.java:326)
	at aprove.Strategies.ExecutableStrategies.Executor$Runner.wrappedRun(Executor.java:377)
	at aprove.Strategies.Abortions.PooledJob.run(PooledJob.java:99)
	at aprove.Strategies.Util.PrioritizableThreadPool$Worker.run(PrioritizableThreadPool.java:274)
	at java.lang.Thread.run(Thread.java:748)
Aborted 1616266602Exec. 1159, IntTRSCaseAnalysis with some error. Reason: java.lang.OutOfMemoryError: unable to create new native thread.
            java.lang.Thread.start0(Native Method)
            java.lang.Thread.start(Thread.java:717)
            aprove.GraphUserInterface.Factories.Solvers.Engines.BufferedStreamInThread.<init>(ExecHelper.java:70)
            aprove.GraphUserInterface.Factories.Solvers.Engines.ExecHelper.execAndGetExitCode(ExecHelper.java:45)
            aprove.GraphUserInterface.Factories.Solvers.Engines.ExecHelper.exec(ExecHelper.java:25)
            aprove.GraphUserInterface.Factories.Solvers.Engines.YicesEngine.solve(YicesEngine.java:159)
            aprove.GraphUserInterface.Factories.Solvers.Engines.YicesEngine.solve(YicesEngine.java:64)
            aprove.Framework.IntTRS.CaseAnalysis.DecreasingInterpretationFinder.findInterpretation(DecreasingInterpretationFinder.java:231)
            aprove.Framework.IntTRS.CaseAnalysis.DecreasingInterpretationFinder.findInductiveCondition(DecreasingInterpretationFinder.java:143)
            aprove.Framework.IntTRS.CaseAnalysis.InductiveConditionFinder.computeInductiveCondition(InductiveConditionFinder.java:194)
            aprove.Framework.IntTRS.CaseAnalysis.InductiveConditionFinder.findInductiveCondition(InductiveConditionFinder.java:137)
            aprove.Framework.IntTRS.CaseAnalysis.InductiveConditionFinder.getInductiveCondition(InductiveConditionFinder.java:107)
            aprove.Framework.IntTRS.CaseAnalysis.CaseAnalysisProcessor.process(CaseAnalysisProcessor.java:80)
            aprove.Strategies.ExecutableStrategies.Executor.execute(Executor.java:326)
            aprove.Strategies.ExecutableStrategies.Executor$Runner.wrappedRun(Executor.java:377)
            aprove.Strategies.Abortions.PooledJob.run(PooledJob.java:99)
            aprove.Strategies.Util.PrioritizableThreadPool$Worker.run(PrioritizableThreadPool.java:274)
            java.lang.Thread.run(Thread.java:748)
java.lang.OutOfMemoryError: unable to create new native thread
	at java.lang.Thread.start0(Native Method)
	at java.lang.Thread.start(Thread.java:717)
	at aprove.GraphUserInterface.Factories.Solvers.Engines.BufferedStreamInThread.<init>(ExecHelper.java:70)
	at aprove.GraphUserInterface.Factories.Solvers.Engines.ExecHelper.execAndGetExitCode(ExecHelper.java:45)
	at aprove.GraphUserInterface.Factories.Solvers.Engines.ExecHelper.exec(ExecHelper.java:25)
	at aprove.GraphUserInterface.Factories.Solvers.Engines.YicesEngine.solve(YicesEngine.java:159)
	at aprove.GraphUserInterface.Factories.Solvers.Engines.YicesEngine.solve(YicesEngine.java:64)
	at aprove.Framework.IntTRS.CaseAnalysis.DecreasingInterpretationFinder.findInterpretation(DecreasingInterpretationFinder.java:231)
	at aprove.Framework.IntTRS.CaseAnalysis.DecreasingInterpretationFinder.findInductiveCondition(DecreasingInterpretationFinder.java:143)
	at aprove.Framework.IntTRS.CaseAnalysis.InductiveConditionFinder.computeInductiveCondition(InductiveConditionFinder.java:194)
	at aprove.Framework.IntTRS.CaseAnalysis.InductiveConditionFinder.findInductiveCondition(InductiveConditionFinder.java:137)
	at aprove.Framework.IntTRS.CaseAnalysis.InductiveConditionFinder.getInductiveCondition(InductiveConditionFinder.java:107)
	at aprove.Framework.IntTRS.CaseAnalysis.CaseAnalysisProcessor.process(CaseAnalysisProcessor.java:80)
	at aprove.Strategies.ExecutableStrategies.Executor.execute(Executor.java:326)
	at aprove.Strategies.ExecutableStrategies.Executor$Runner.wrappedRun(Executor.java:377)
	at aprove.Strategies.Abortions.PooledJob.run(PooledJob.java:99)
	at aprove.Strategies.Util.PrioritizableThreadPool$Worker.run(PrioritizableThreadPool.java:274)
	at java.lang.Thread.run(Thread.java:748)
Aborted 1616266603Exec. 1195, IntTRSPolynomialOrderProcessor with some error. Reason: java.lang.OutOfMemoryError: unable to create new native thread.
            java.lang.Thread.start0(Native Method)
            java.lang.Thread.start(Thread.java:717)
            aprove.GraphUserInterface.Factories.Solvers.Engines.BufferedStreamInThread.<init>(ExecHelper.java:70)
            aprove.GraphUserInterface.Factories.Solvers.Engines.ExecHelper.execAndGetExitCode(ExecHelper.java:45)
            aprove.GraphUserInterface.Factories.Solvers.Engines.ExecHelper.exec(ExecHelper.java:25)
            aprove.GraphUserInterface.Factories.Solvers.Engines.YicesEngine.solve(YicesEngine.java:159)
            aprove.GraphUserInterface.Factories.Solvers.Engines.YicesEngine.solve(YicesEngine.java:64)
            aprove.Framework.IntTRS.PoloRedPair.RuleAnalyzer.findCoefficients(RuleAnalyzer.java:1682)
            aprove.Framework.IntTRS.PoloRedPair.RuleAnalyzer.analyze(RuleAnalyzer.java:172)
            aprove.Framework.IntTRS.PoloRedPair.IntTRSPolynomialOrderWorker.analyzeRules(IntTRSPolynomialOrderWorker.java:107)
            aprove.Framework.IntTRS.PoloRedPair.IntTRSPolynomialOrderWorker.work(IntTRSPolynomialOrderWorker.java:83)
            aprove.Framework.IntTRS.PoloRedPair.IntTRSPolynomialOrderProcessor.process(IntTRSPolynomialOrderProcessor.java:216)
            aprove.Strategies.ExecutableStrategies.Executor.execute(Executor.java:326)
            aprove.Strategies.ExecutableStrategies.Executor$Runner.wrappedRun(Executor.java:377)
            aprove.Strategies.Abortions.PooledJob.run(PooledJob.java:99)
            aprove.Strategies.Util.PrioritizableThreadPool$Worker.run(PrioritizableThreadPool.java:274)
            java.lang.Thread.run(Thread.java:748)
java.lang.OutOfMemoryError: unable to create new native thread
	at java.lang.Thread.start0(Native Method)
	at java.lang.Thread.start(Thread.java:717)
	at aprove.GraphUserInterface.Factories.Solvers.Engines.BufferedStreamInThread.<init>(ExecHelper.java:70)
	at aprove.GraphUserInterface.Factories.Solvers.Engines.ExecHelper.execAndGetExitCode(ExecHelper.java:45)
	at aprove.GraphUserInterface.Factories.Solvers.Engines.ExecHelper.exec(ExecHelper.java:25)
	at aprove.GraphUserInterface.Factories.Solvers.Engines.YicesEngine.solve(YicesEngine.java:159)
	at aprove.GraphUserInterface.Factories.Solvers.Engines.YicesEngine.solve(YicesEngine.java:64)
	at aprove.Framework.IntTRS.PoloRedPair.RuleAnalyzer.findCoefficients(RuleAnalyzer.java:1682)
	at aprove.Framework.IntTRS.PoloRedPair.RuleAnalyzer.analyze(RuleAnalyzer.java:172)
	at aprove.Framework.IntTRS.PoloRedPair.IntTRSPolynomialOrderWorker.analyzeRules(IntTRSPolynomialOrderWorker.java:107)
	at aprove.Framework.IntTRS.PoloRedPair.IntTRSPolynomialOrderWorker.work(IntTRSPolynomialOrderWorker.java:83)
	at aprove.Framework.IntTRS.PoloRedPair.IntTRSPolynomialOrderProcessor.process(IntTRSPolynomialOrderProcessor.java:216)
	at aprove.Strategies.ExecutableStrategies.Executor.execute(Executor.java:326)
	at aprove.Strategies.ExecutableStrategies.Executor$Runner.wrappedRun(Executor.java:377)
	at aprove.Strategies.Abortions.PooledJob.run(PooledJob.java:99)
	at aprove.Strategies.Util.PrioritizableThreadPool$Worker.run(PrioritizableThreadPool.java:274)
	at java.lang.Thread.run(Thread.java:748)
Aborted 1616266604Exec. 1211, IntTRSNonPeriodicNonterm with some error. Reason: java.lang.OutOfMemoryError: unable to create new native thread.
            java.lang.Thread.start0(Native Method)
            java.lang.Thread.start(Thread.java:717)
            aprove.GraphUserInterface.Factories.Solvers.Engines.BufferedStreamInThread.<init>(ExecHelper.java:70)
            aprove.GraphUserInterface.Factories.Solvers.Engines.ExecHelper.execAndGetExitCode(ExecHelper.java:45)
            aprove.GraphUserInterface.Factories.Solvers.Engines.ExecHelper.exec(ExecHelper.java:25)
            aprove.GraphUserInterface.Factories.Solvers.Engines.SMTLIBEngine.solve(SMTLIBEngine.java:166)
            aprove.GraphUserInterface.Factories.Solvers.Engines.SMTLIBEngine.solve(SMTLIBEngine.java:80)
            aprove.Framework.IntTRS.Nonterm.IntTRSNonPeriodicNontermProcessor.process(IntTRSNonPeriodicNontermProcessor.java:79)
            aprove.Strategies.ExecutableStrategies.Executor.execute(Executor.java:326)
            aprove.Strategies.ExecutableStrategies.Executor$Runner.wrappedRun(Executor.java:377)
            aprove.Strategies.Abortions.PooledJob.run(PooledJob.java:99)
            aprove.Strategies.Util.PrioritizableThreadPool$Worker.run(PrioritizableThreadPool.java:274)
            java.lang.Thread.run(Thread.java:748)
java.lang.OutOfMemoryError: unable to create new native thread
	at java.lang.Thread.start0(Native Method)
	at java.lang.Thread.start(Thread.java:717)
	at aprove.GraphUserInterface.Factories.Solvers.Engines.BufferedStreamInThread.<init>(ExecHelper.java:70)
	at aprove.GraphUserInterface.Factories.Solvers.Engines.ExecHelper.execAndGetExitCode(ExecHelper.java:45)
	at aprove.GraphUserInterface.Factories.Solvers.Engines.ExecHelper.exec(ExecHelper.java:25)
	at aprove.GraphUserInterface.Factories.Solvers.Engines.SMTLIBEngine.solve(SMTLIBEngine.java:166)
	at aprove.GraphUserInterface.Factories.Solvers.Engines.SMTLIBEngine.solve(SMTLIBEngine.java:80)
	at aprove.Framework.IntTRS.Nonterm.IntTRSNonPeriodicNontermProcessor.process(IntTRSNonPeriodicNontermProcessor.java:79)
	at aprove.Strategies.ExecutableStrategies.Executor.execute(Executor.java:326)
	at aprove.Strategies.ExecutableStrategies.Executor$Runner.wrappedRun(Executor.java:377)
	at aprove.Strategies.Abortions.PooledJob.run(PooledJob.java:99)
	at aprove.Strategies.Util.PrioritizableThreadPool$Worker.run(PrioritizableThreadPool.java:274)
	at java.lang.Thread.run(Thread.java:748)
Aborted 1616266603Exec. 1207, RankingReductionPairProcessor with some error. Reason: java.lang.OutOfMemoryError: unable to create new native thread.
Aborted 1616266603Exec. 1203, IntTRSPeriodicNonterm with some error. Reason: java.lang.OutOfMemoryError: unable to create new native thread.
Aborted 1616266604Exec. 1208, IntTRSPolynomialOrderProcessor with some error. Reason: java.lang.OutOfMemoryError: unable to create new native thread.
            java.lang.Thread.start0(Native Method)
            java.lang.Thread.start0(Native Method)
            java.lang.Thread.start(Thread.java:717)
            aprove.GraphUserInterface.Factories.Solvers.Engines.BufferedStreamInThread.<init>(ExecHelper.java:70)
            aprove.GraphUserInterface.Factories.Solvers.Engines.ExecHelper.execAndGetExitCode(ExecHelper.java:45)
            java.lang.Thread.start0(Native Method)
            aprove.GraphUserInterface.Factories.Solvers.Engines.ExecHelper.exec(ExecHelper.java:25)
            java.lang.Thread.start(Thread.java:717)
            aprove.GraphUserInterface.Factories.Solvers.Engines.SMTLIBEngine.solve(SMTLIBEngine.java:166)
            aprove.GraphUserInterface.Factories.Solvers.Engines.BufferedStreamInThread.<init>(ExecHelper.java:70)
            aprove.GraphUserInterface.Factories.Solvers.Engines.ExecHelper.execAndGetExitCode(ExecHelper.java:46)
            aprove.GraphUserInterface.Factories.Solvers.Engines.ExecHelper.exec(ExecHelper.java:25)
            aprove.GraphUserInterface.Factories.Solvers.Engines.YicesEngine.solve(YicesEngine.java:159)
            aprove.GraphUserInterface.Factories.Solvers.Engines.YicesEngine.solve(YicesEngine.java:64)
            aprove.Framework.IntTRS.PoloRedPair.RuleAnalyzer.findCoefficients(RuleAnalyzer.java:1682)
            aprove.Framework.IntTRS.PoloRedPair.RuleAnalyzer.analyze(RuleAnalyzer.java:172)
            aprove.Framework.IntTRS.PoloRedPair.IntTRSPolynomialOrderWorker.analyzeRules(IntTRSPolynomialOrderWorker.java:107)
            aprove.Framework.IntTRS.PoloRedPair.IntTRSPolynomialOrderWorker.work(IntTRSPolynomialOrderWorker.java:83)
            aprove.Framework.IntTRS.PoloRedPair.IntTRSPolynomialOrderProcessor.process(IntTRSPolynomialOrderProcessor.java:216)
            aprove.Strategies.ExecutableStrategies.Executor.execute(Executor.java:326)
            aprove.Strategies.ExecutableStrategies.Executor$Runner.wrappedRun(Executor.java:377)
            aprove.Strategies.Abortions.PooledJob.run(PooledJob.java:99)
            aprove.Strategies.Util.PrioritizableThreadPool$Worker.run(PrioritizableThreadPool.java:274)
            java.lang.Thread.run(Thread.java:748)
java.lang.OutOfMemoryError: unable to create new native thread
	at java.lang.Thread.start0(Native Method)
	at java.lang.Thread.start(Thread.java:717)
	at aprove.GraphUserInterface.Factories.Solvers.Engines.BufferedStreamInThread.<init>(ExecHelper.java:70)
	at aprove.GraphUserInterface.Factories.Solvers.Engines.ExecHelper.execAndGetExitCode(ExecHelper.java:46)
	at aprove.GraphUserInterface.Factories.Solvers.Engines.ExecHelper.exec(ExecHelper.java:25)
	at aprove.GraphUserInterface.Factories.Solvers.Engines.YicesEngine.solve(YicesEngine.java:159)
	at aprove.GraphUserInterface.Factories.Solvers.Engines.YicesEngine.solve(YicesEngine.java:64)
	at aprove.Framework.IntTRS.PoloRedPair.RuleAnalyzer.findCoefficients(RuleAnalyzer.java:1682)
	at aprove.Framework.IntTRS.PoloRedPair.RuleAnalyzer.analyze(RuleAnalyzer.java:172)
	at aprove.Framework.IntTRS.PoloRedPair.IntTRSPolynomialOrderWorker.analyzeRules(IntTRSPolynomialOrderWorker.java:107)
	at aprove.Framework.IntTRS.PoloRedPair.IntTRSPolynomialOrderWorker.work(IntTRSPolynomialOrderWorker.java:83)
	at aprove.Framework.IntTRS.PoloRedPair.IntTRSPolynomialOrderProcessor.process(IntTRSPolynomialOrderProcessor.java:216)
	at aprove.Strategies.ExecutableStrategies.Executor.execute(Executor.java:326)
	at aprove.Strategies.ExecutableStrategies.Executor$Runner.wrappedRun(Executor.java:377)
	at aprove.Strategies.Abortions.PooledJob.run(PooledJob.java:99)
	at aprove.Strategies.Util.PrioritizableThreadPool$Worker.run(PrioritizableThreadPool.java:274)
	at java.lang.Thread.run(Thread.java:748)
            java.lang.Thread.start(Thread.java:717)
            aprove.GraphUserInterface.Factories.Solvers.Engines.BufferedStreamInThread.<init>(ExecHelper.java:70)
            aprove.GraphUserInterface.Factories.Solvers.Engines.ExecHelper.execAndGetExitCode(ExecHelper.java:45)
            aprove.GraphUserInterface.Factories.Solvers.Engines.ExecHelper.exec(ExecHelper.java:25)
            aprove.GraphUserInterface.Factories.Solvers.Engines.YicesEngine.solve(YicesEngine.java:159)
            aprove.GraphUserInterface.Factories.Solvers.Engines.YicesEngine.solve(YicesEngine.java:64)
            aprove.Framework.IntTRS.RankingRedPair.RankingRedPairWorker.solveConstraints(RankingRedPairWorker.java:685)
            aprove.Framework.IntTRS.RankingRedPair.RankingRedPairWorker.work(RankingRedPairWorker.java:200)
            aprove.GraphUserInterface.Factories.Solvers.Engines.SMTLIBEngine.solve(SMTLIBEngine.java:80)
            aprove.Framework.IntTRS.RankingRedPair.RankingRedPairProcessor.process(RankingRedPairProcessor.java:127)
            aprove.Framework.IntTRS.Nonterm.IntTRSPeriodicNontermProcessor.process(IntTRSPeriodicNontermProcessor.java:135)
            aprove.Strategies.ExecutableStrategies.Executor.execute(Executor.java:326)
            aprove.Strategies.ExecutableStrategies.Executor$Runner.wrappedRun(Executor.java:377)
            aprove.Strategies.Abortions.PooledJob.run(PooledJob.java:99)
            aprove.Strategies.Util.PrioritizableThreadPool$Worker.run(PrioritizableThreadPool.java:274)
            java.lang.Thread.run(Thread.java:748)
            aprove.Strategies.ExecutableStrategies.Executor.execute(Executor.java:326)
java.lang.OutOfMemoryError: unable to create new native thread
	at java.lang.Thread.start0(Native Method)
	at java.lang.Thread.start(Thread.java:717)
	at aprove.GraphUserInterface.Factories.Solvers.Engines.BufferedStreamInThread.<init>(ExecHelper.java:70)
	at aprove.GraphUserInterface.Factories.Solvers.Engines.ExecHelper.execAndGetExitCode(ExecHelper.java:45)
	at aprove.GraphUserInterface.Factories.Solvers.Engines.ExecHelper.exec(ExecHelper.java:25)
	at aprove.GraphUserInterface.Factories.Solvers.Engines.SMTLIBEngine.solve(SMTLIBEngine.java:166)
	at aprove.GraphUserInterface.Factories.Solvers.Engines.SMTLIBEngine.solve(SMTLIBEngine.java:80)
	at aprove.Framework.IntTRS.Nonterm.IntTRSPeriodicNontermProcessor.process(IntTRSPeriodicNontermProcessor.java:135)
	at aprove.Strategies.ExecutableStrategies.Executor.execute(Executor.java:326)
	at aprove.Strategies.ExecutableStrategies.Executor$Runner.wrappedRun(Executor.java:377)
	at aprove.Strategies.Abortions.PooledJob.run(PooledJob.java:99)
	at aprove.Strategies.Util.PrioritizableThreadPool$Worker.run(PrioritizableThreadPool.java:274)
	at java.lang.Thread.run(Thread.java:748)
            aprove.Strategies.ExecutableStrategies.Executor$Runner.wrappedRun(Executor.java:377)
            aprove.Strategies.Abortions.PooledJob.run(PooledJob.java:99)
            aprove.Strategies.Util.PrioritizableThreadPool$Worker.run(PrioritizableThreadPool.java:274)
            java.lang.Thread.run(Thread.java:748)
java.lang.OutOfMemoryError: unable to create new native thread
	at java.lang.Thread.start0(Native Method)
	at java.lang.Thread.start(Thread.java:717)
	at aprove.GraphUserInterface.Factories.Solvers.Engines.BufferedStreamInThread.<init>(ExecHelper.java:70)
	at aprove.GraphUserInterface.Factories.Solvers.Engines.ExecHelper.execAndGetExitCode(ExecHelper.java:45)
	at aprove.GraphUserInterface.Factories.Solvers.Engines.ExecHelper.exec(ExecHelper.java:25)
	at aprove.GraphUserInterface.Factories.Solvers.Engines.YicesEngine.solve(YicesEngine.java:159)
	at aprove.GraphUserInterface.Factories.Solvers.Engines.YicesEngine.solve(YicesEngine.java:64)
	at aprove.Framework.IntTRS.RankingRedPair.RankingRedPairWorker.solveConstraints(RankingRedPairWorker.java:685)
	at aprove.Framework.IntTRS.RankingRedPair.RankingRedPairWorker.work(RankingRedPairWorker.java:200)
	at aprove.Framework.IntTRS.RankingRedPair.RankingRedPairProcessor.process(RankingRedPairProcessor.java:127)
	at aprove.Strategies.ExecutableStrategies.Executor.execute(Executor.java:326)
	at aprove.Strategies.ExecutableStrategies.Executor$Runner.wrappedRun(Executor.java:377)
	at aprove.Strategies.Abortions.PooledJob.run(PooledJob.java:99)
	at aprove.Strategies.Util.PrioritizableThreadPool$Worker.run(PrioritizableThreadPool.java:274)
	at java.lang.Thread.run(Thread.java:748)
Aborted 1616266604Exec. 1229, IntTRSTerminationGraphProcessor with some error. Reason: java.lang.OutOfMemoryError: unable to create new native thread.
            java.lang.Thread.start0(Native Method)
            java.lang.Thread.start(Thread.java:717)
            aprove.GraphUserInterface.Factories.Solvers.Engines.BufferedStreamInThread.<init>(ExecHelper.java:70)
            aprove.GraphUserInterface.Factories.Solvers.Engines.ExecHelper.execAndGetExitCode(ExecHelper.java:45)
            aprove.GraphUserInterface.Factories.Solvers.Engines.ExecHelper.exec(ExecHelper.java:25)
            aprove.GraphUserInterface.Factories.Solvers.Engines.YicesEngine.solve(YicesEngine.java:159)
            aprove.GraphUserInterface.Factories.Solvers.Engines.YicesEngine.solveAndPutIntoFormula(YicesEngine.java:82)
            aprove.GraphUserInterface.Factories.Solvers.Engines.YicesEngine.satisfiable(YicesEngine.java:49)
            aprove.Framework.IntTRS.TerminationGraph.TerminationGraph.buildGraph(TerminationGraph.java:155)
            aprove.Framework.IntTRS.TerminationGraph.IntTRSTerminationGraphWorker.analyzeTerminationGraph(IntTRSTerminationGraphWorker.java:121)
            aprove.Framework.IntTRS.TerminationGraph.IntTRSTerminationGraphWorker.work(IntTRSTerminationGraphWorker.java:79)
            aprove.Framework.IntTRS.TerminationGraph.IntTRSTerminationGraphProcessor.process(IntTRSTerminationGraphProcessor.java:119)
            aprove.Strategies.ExecutableStrategies.Executor.execute(Executor.java:326)
            aprove.Strategies.ExecutableStrategies.Executor$Runner.wrappedRun(Executor.java:377)
            aprove.Strategies.Abortions.PooledJob.run(PooledJob.java:99)
            aprove.Strategies.Util.PrioritizableThreadPool$Worker.run(PrioritizableThreadPool.java:274)
            java.lang.Thread.run(Thread.java:748)
java.lang.OutOfMemoryError: unable to create new native thread
	at java.lang.Thread.start0(Native Method)
	at java.lang.Thread.start(Thread.java:717)
	at aprove.GraphUserInterface.Factories.Solvers.Engines.BufferedStreamInThread.<init>(ExecHelper.java:70)
	at aprove.GraphUserInterface.Factories.Solvers.Engines.ExecHelper.execAndGetExitCode(ExecHelper.java:45)
	at aprove.GraphUserInterface.Factories.Solvers.Engines.ExecHelper.exec(ExecHelper.java:25)
	at aprove.GraphUserInterface.Factories.Solvers.Engines.YicesEngine.solve(YicesEngine.java:159)
	at aprove.GraphUserInterface.Factories.Solvers.Engines.YicesEngine.solveAndPutIntoFormula(YicesEngine.java:82)
	at aprove.GraphUserInterface.Factories.Solvers.Engines.YicesEngine.satisfiable(YicesEngine.java:49)
	at aprove.Framework.IntTRS.TerminationGraph.TerminationGraph.buildGraph(TerminationGraph.java:155)
	at aprove.Framework.IntTRS.TerminationGraph.IntTRSTerminationGraphWorker.analyzeTerminationGraph(IntTRSTerminationGraphWorker.java:121)
	at aprove.Framework.IntTRS.TerminationGraph.IntTRSTerminationGraphWorker.work(IntTRSTerminationGraphWorker.java:79)
	at aprove.Framework.IntTRS.TerminationGraph.IntTRSTerminationGraphProcessor.process(IntTRSTerminationGraphProcessor.java:119)
	at aprove.Strategies.ExecutableStrategies.Executor.execute(Executor.java:326)
	at aprove.Strategies.ExecutableStrategies.Executor$Runner.wrappedRun(Executor.java:377)
	at aprove.Strategies.Abortions.PooledJob.run(PooledJob.java:99)
	at aprove.Strategies.Util.PrioritizableThreadPool$Worker.run(PrioritizableThreadPool.java:274)
	at java.lang.Thread.run(Thread.java:748)
Aborted 1616266603Exec. 1202, IntTRSNonPeriodicNonterm with some error. Reason: java.lang.OutOfMemoryError: unable to create new native thread.
Aborted 1616266604Exec. 1226, IntTRSPolynomialOrderProcessor with some error. Reason: java.lang.OutOfMemoryError: unable to create new native thread.
Aborted 1616266604Exec. 1220, IntTRSPolynomialOrderProcessor with some error. Reason: java.lang.OutOfMemoryError: unable to create new native thread.
Aborted 1616266604Exec. 1219, RankingReductionPairProcessor with some error. Reason: java.lang.OutOfMemoryError: unable to create new native thread.
            java.lang.Thread.start0(Native Method)
            java.lang.Thread.start(Thread.java:717)
            java.lang.Thread.start0(Native Method)
            aprove.GraphUserInterface.Factories.Solvers.Engines.BufferedStreamInThread.<init>(ExecHelper.java:70)
            java.lang.Thread.start(Thread.java:717)
            aprove.GraphUserInterface.Factories.Solvers.Engines.BufferedStreamInThread.<init>(ExecHelper.java:70)
            aprove.GraphUserInterface.Factories.Solvers.Engines.ExecHelper.execAndGetExitCode(ExecHelper.java:45)
            aprove.GraphUserInterface.Factories.Solvers.Engines.ExecHelper.execAndGetExitCode(ExecHelper.java:45)
            aprove.GraphUserInterface.Factories.Solvers.Engines.ExecHelper.exec(ExecHelper.java:25)
Aborted 1616266604Exec. 1212, IntTRSPeriodicNonterm with some error. Reason: java.lang.OutOfMemoryError: unable to create new native thread.
Aborted 1616266604Exec. 1214, IntTRSPeriodicNonterm with some error. Reason: java.lang.OutOfMemoryError: unable to create new native thread.
            aprove.GraphUserInterface.Factories.Solvers.Engines.ExecHelper.exec(ExecHelper.java:25)
            aprove.GraphUserInterface.Factories.Solvers.Engines.YicesEngine.solve(YicesEngine.java:159)
            aprove.GraphUserInterface.Factories.Solvers.Engines.YicesEngine.solve(YicesEngine.java:64)
            aprove.Framework.IntTRS.RankingRedPair.RankingRedPairWorker.solveConstraints(RankingRedPairWorker.java:685)
            aprove.Framework.IntTRS.RankingRedPair.RankingRedPairWorker.work(RankingRedPairWorker.java:200)
            aprove.Framework.IntTRS.RankingRedPair.RankingRedPairProcessor.process(RankingRedPairProcessor.java:127)
            aprove.Strategies.ExecutableStrategies.Executor.execute(Executor.java:326)
            aprove.Strategies.ExecutableStrategies.Executor$Runner.wrappedRun(Executor.java:377)
            aprove.Strategies.Abortions.PooledJob.run(PooledJob.java:99)
            aprove.Strategies.Util.PrioritizableThreadPool$Worker.run(PrioritizableThreadPool.java:274)
            java.lang.Thread.run(Thread.java:748)
            aprove.GraphUserInterface.Factories.Solvers.Engines.SMTLIBEngine.solve(SMTLIBEngine.java:166)
            aprove.GraphUserInterface.Factories.Solvers.Engines.SMTLIBEngine.solve(SMTLIBEngine.java:80)
            aprove.Framework.IntTRS.Nonterm.IntTRSNonPeriodicNontermProcessor.process(IntTRSNonPeriodicNontermProcessor.java:79)
            java.lang.Thread.start0(Native Method)
            aprove.Strategies.ExecutableStrategies.Executor.execute(Executor.java:326)
            java.lang.Thread.start(Thread.java:717)
            aprove.GraphUserInterface.Factories.Solvers.Engines.BufferedStreamInThread.<init>(ExecHelper.java:70)
            aprove.Strategies.ExecutableStrategies.Executor$Runner.wrappedRun(Executor.java:377)
            aprove.GraphUserInterface.Factories.Solvers.Engines.ExecHelper.execAndGetExitCode(ExecHelper.java:45)
            java.lang.Thread.start0(Native Method)
            aprove.GraphUserInterface.Factories.Solvers.Engines.ExecHelper.exec(ExecHelper.java:25)
            java.lang.Thread.start(Thread.java:717)
            aprove.GraphUserInterface.Factories.Solvers.Engines.YicesEngine.solve(YicesEngine.java:159)
            aprove.GraphUserInterface.Factories.Solvers.Engines.YicesEngine.solve(YicesEngine.java:64)
            aprove.GraphUserInterface.Factories.Solvers.Engines.BufferedStreamInThread.<init>(ExecHelper.java:70)
            aprove.Framework.IntTRS.PoloRedPair.RuleAnalyzer.findCoefficients(RuleAnalyzer.java:1682)
            aprove.GraphUserInterface.Factories.Solvers.Engines.ExecHelper.execAndGetExitCode(ExecHelper.java:45)
            aprove.Framework.IntTRS.PoloRedPair.RuleAnalyzer.analyze(RuleAnalyzer.java:172)
            aprove.GraphUserInterface.Factories.Solvers.Engines.ExecHelper.exec(ExecHelper.java:25)
            aprove.Framework.IntTRS.PoloRedPair.IntTRSPolynomialOrderWorker.analyzeRules(IntTRSPolynomialOrderWorker.java:107)
            java.lang.Thread.start0(Native Method)
            aprove.GraphUserInterface.Factories.Solvers.Engines.YicesEngine.solve(YicesEngine.java:159)
            aprove.Strategies.Abortions.PooledJob.run(PooledJob.java:99)
            java.lang.Thread.start(Thread.java:717)
            aprove.Strategies.Util.PrioritizableThreadPool$Worker.run(PrioritizableThreadPool.java:274)
            aprove.Framework.IntTRS.PoloRedPair.IntTRSPolynomialOrderWorker.work(IntTRSPolynomialOrderWorker.java:83)
            aprove.GraphUserInterface.Factories.Solvers.Engines.BufferedStreamInThread.<init>(ExecHelper.java:70)
            aprove.Framework.IntTRS.PoloRedPair.IntTRSPolynomialOrderProcessor.process(IntTRSPolynomialOrderProcessor.java:216)
            aprove.Strategies.ExecutableStrategies.Executor.execute(Executor.java:326)
            aprove.GraphUserInterface.Factories.Solvers.Engines.ExecHelper.execAndGetExitCode(ExecHelper.java:45)
            java.lang.Thread.start0(Native Method)
            aprove.Strategies.ExecutableStrategies.Executor$Runner.wrappedRun(Executor.java:377)
            java.lang.Thread.start(Thread.java:717)
            aprove.Strategies.Abortions.PooledJob.run(PooledJob.java:99)
            aprove.GraphUserInterface.Factories.Solvers.Engines.ExecHelper.exec(ExecHelper.java:25)
            aprove.GraphUserInterface.Factories.Solvers.Engines.SMTLIBEngine.solve(SMTLIBEngine.java:166)
            aprove.GraphUserInterface.Factories.Solvers.Engines.SMTLIBEngine.solve(SMTLIBEngine.java:80)
            aprove.Framework.IntTRS.Nonterm.IntTRSPeriodicNontermProcessor.process(IntTRSPeriodicNontermProcessor.java:135)
            aprove.GraphUserInterface.Factories.Solvers.Engines.YicesEngine.solve(YicesEngine.java:64)
            aprove.Framework.IntTRS.PoloRedPair.RuleAnalyzer.findCoefficients(RuleAnalyzer.java:1682)
            aprove.Framework.IntTRS.PoloRedPair.RuleAnalyzer.analyze(RuleAnalyzer.java:172)
java.lang.OutOfMemoryError: unable to create new native thread
	at java.lang.Thread.start0(Native Method)
	at java.lang.Thread.start(Thread.java:717)
	at aprove.GraphUserInterface.Factories.Solvers.Engines.BufferedStreamInThread.<init>(ExecHelper.java:70)
	at aprove.GraphUserInterface.Factories.Solvers.Engines.ExecHelper.execAndGetExitCode(ExecHelper.java:45)
	at aprove.GraphUserInterface.Factories.Solvers.Engines.ExecHelper.exec(ExecHelper.java:25)
	at aprove.GraphUserInterface.Factories.Solvers.Engines.YicesEngine.solve(YicesEngine.java:159)
	at aprove.GraphUserInterface.Factories.Solvers.Engines.YicesEngine.solve(YicesEngine.java:64)
	at aprove.Framework.IntTRS.RankingRedPair.RankingRedPairWorker.solveConstraints(RankingRedPairWorker.java:685)
	at aprove.Framework.IntTRS.RankingRedPair.RankingRedPairWorker.work(RankingRedPairWorker.java:200)
	at aprove.Framework.IntTRS.RankingRedPair.RankingRedPairProcessor.process(RankingRedPairProcessor.java:127)
	at aprove.Strategies.ExecutableStrategies.Executor.execute(Executor.java:326)
	at aprove.Strategies.ExecutableStrategies.Executor$Runner.wrappedRun(Executor.java:377)
	at aprove.Strategies.Abortions.PooledJob.run(PooledJob.java:99)
	at aprove.Strategies.Util.PrioritizableThreadPool$Worker.run(PrioritizableThreadPool.java:274)
	at java.lang.Thread.run(Thread.java:748)
            aprove.Framework.IntTRS.PoloRedPair.IntTRSPolynomialOrderWorker.analyzeRules(IntTRSPolynomialOrderWorker.java:107)
            aprove.Strategies.ExecutableStrategies.Executor.execute(Executor.java:326)
            aprove.Framework.IntTRS.PoloRedPair.IntTRSPolynomialOrderWorker.work(IntTRSPolynomialOrderWorker.java:83)
            aprove.Strategies.Util.PrioritizableThreadPool$Worker.run(PrioritizableThreadPool.java:274)
            aprove.Strategies.ExecutableStrategies.Executor$Runner.wrappedRun(Executor.java:377)
            aprove.GraphUserInterface.Factories.Solvers.Engines.BufferedStreamInThread.<init>(ExecHelper.java:70)
            java.lang.Thread.run(Thread.java:748)
            aprove.GraphUserInterface.Factories.Solvers.Engines.ExecHelper.execAndGetExitCode(ExecHelper.java:45)
            aprove.GraphUserInterface.Factories.Solvers.Engines.ExecHelper.exec(ExecHelper.java:25)
            aprove.GraphUserInterface.Factories.Solvers.Engines.SMTLIBEngine.solve(SMTLIBEngine.java:166)
            aprove.GraphUserInterface.Factories.Solvers.Engines.SMTLIBEngine.solve(SMTLIBEngine.java:80)
            aprove.Framework.IntTRS.Nonterm.IntTRSPeriodicNontermProcessor.process(IntTRSPeriodicNontermProcessor.java:135)
            aprove.Strategies.ExecutableStrategies.Executor.execute(Executor.java:326)
            aprove.Strategies.ExecutableStrategies.Executor$Runner.wrappedRun(Executor.java:377)
            aprove.Strategies.Abortions.PooledJob.run(PooledJob.java:99)
            aprove.Strategies.Util.PrioritizableThreadPool$Worker.run(PrioritizableThreadPool.java:274)
            java.lang.Thread.run(Thread.java:748)
java.lang.OutOfMemoryError: unable to create new native thread
	at java.lang.Thread.start0(Native Method)
	at java.lang.Thread.start(Thread.java:717)
	at aprove.GraphUserInterface.Factories.Solvers.Engines.BufferedStreamInThread.<init>(ExecHelper.java:70)
	at aprove.GraphUserInterface.Factories.Solvers.Engines.ExecHelper.execAndGetExitCode(ExecHelper.java:45)
	at aprove.GraphUserInterface.Factories.Solvers.Engines.ExecHelper.exec(ExecHelper.java:25)
	at aprove.GraphUserInterface.Factories.Solvers.Engines.SMTLIBEngine.solve(SMTLIBEngine.java:166)
	at aprove.GraphUserInterface.Factories.Solvers.Engines.SMTLIBEngine.solve(SMTLIBEngine.java:80)
	at aprove.Framework.IntTRS.Nonterm.IntTRSPeriodicNontermProcessor.process(IntTRSPeriodicNontermProcessor.java:135)
	at aprove.Strategies.ExecutableStrategies.Executor.execute(Executor.java:326)
	at aprove.Strategies.ExecutableStrategies.Executor$Runner.wrappedRun(Executor.java:377)
	at aprove.Strategies.Abortions.PooledJob.run(PooledJob.java:99)
	at aprove.Strategies.Util.PrioritizableThreadPool$Worker.run(PrioritizableThreadPool.java:274)
	at java.lang.Thread.run(Thread.java:748)
            java.lang.Thread.run(Thread.java:748)
            aprove.Framework.IntTRS.PoloRedPair.IntTRSPolynomialOrderProcessor.process(IntTRSPolynomialOrderProcessor.java:216)
java.lang.OutOfMemoryError: unable to create new native thread
	at java.lang.Thread.start0(Native Method)
	at java.lang.Thread.start(Thread.java:717)
	at aprove.GraphUserInterface.Factories.Solvers.Engines.BufferedStreamInThread.<init>(ExecHelper.java:70)
	at aprove.GraphUserInterface.Factories.Solvers.Engines.ExecHelper.execAndGetExitCode(ExecHelper.java:45)
	at aprove.GraphUserInterface.Factories.Solvers.Engines.ExecHelper.exec(ExecHelper.java:25)
	at aprove.GraphUserInterface.Factories.Solvers.Engines.SMTLIBEngine.solve(SMTLIBEngine.java:166)
	at aprove.GraphUserInterface.Factories.Solvers.Engines.SMTLIBEngine.solve(SMTLIBEngine.java:80)
	at aprove.Framework.IntTRS.Nonterm.IntTRSNonPeriodicNontermProcessor.process(IntTRSNonPeriodicNontermProcessor.java:79)
	at aprove.Strategies.ExecutableStrategies.Executor.execute(Executor.java:326)
	at aprove.Strategies.ExecutableStrategies.Executor$Runner.wrappedRun(Executor.java:377)
	at aprove.Strategies.Abortions.PooledJob.run(PooledJob.java:99)
	at aprove.Strategies.Util.PrioritizableThreadPool$Worker.run(PrioritizableThreadPool.java:274)
	at java.lang.Thread.run(Thread.java:748)
java.lang.OutOfMemoryError: unable to create new native thread
	at java.lang.Thread.start0(Native Method)
	at java.lang.Thread.start(Thread.java:717)
	at aprove.GraphUserInterface.Factories.Solvers.Engines.BufferedStreamInThread.<init>(ExecHelper.java:70)
	at aprove.GraphUserInterface.Factories.Solvers.Engines.ExecHelper.execAndGetExitCode(ExecHelper.java:45)
	at aprove.GraphUserInterface.Factories.Solvers.Engines.ExecHelper.exec(ExecHelper.java:25)
	at aprove.GraphUserInterface.Factories.Solvers.Engines.YicesEngine.solve(YicesEngine.java:159)
	at aprove.GraphUserInterface.Factories.Solvers.Engines.YicesEngine.solve(YicesEngine.java:64)
	at aprove.Framework.IntTRS.PoloRedPair.RuleAnalyzer.findCoefficients(RuleAnalyzer.java:1682)
	at aprove.Framework.IntTRS.PoloRedPair.RuleAnalyzer.analyze(RuleAnalyzer.java:172)
	at aprove.Framework.IntTRS.PoloRedPair.IntTRSPolynomialOrderWorker.analyzeRules(IntTRSPolynomialOrderWorker.java:107)
	at aprove.Framework.IntTRS.PoloRedPair.IntTRSPolynomialOrderWorker.work(IntTRSPolynomialOrderWorker.java:83)
	at aprove.Framework.IntTRS.PoloRedPair.IntTRSPolynomialOrderProcessor.process(IntTRSPolynomialOrderProcessor.java:216)
	at aprove.Strategies.ExecutableStrategies.Executor.execute(Executor.java:326)
	at aprove.Strategies.ExecutableStrategies.Executor$Runner.wrappedRun(Executor.java:377)
	at aprove.Strategies.Abortions.PooledJob.run(PooledJob.java:99)
	at aprove.Strategies.Util.PrioritizableThreadPool$Worker.run(PrioritizableThreadPool.java:274)
	at java.lang.Thread.run(Thread.java:748)
            aprove.Strategies.ExecutableStrategies.Executor.execute(Executor.java:326)
            aprove.Strategies.Abortions.PooledJob.run(PooledJob.java:99)
            aprove.Strategies.ExecutableStrategies.Executor$Runner.wrappedRun(Executor.java:377)
            aprove.Strategies.Util.PrioritizableThreadPool$Worker.run(PrioritizableThreadPool.java:274)
            aprove.Strategies.Abortions.PooledJob.run(PooledJob.java:99)
            java.lang.Thread.run(Thread.java:748)
java.lang.OutOfMemoryError: unable to create new native thread
	at java.lang.Thread.start0(Native Method)
	at java.lang.Thread.start(Thread.java:717)
	at aprove.GraphUserInterface.Factories.Solvers.Engines.BufferedStreamInThread.<init>(ExecHelper.java:70)
	at aprove.GraphUserInterface.Factories.Solvers.Engines.ExecHelper.execAndGetExitCode(ExecHelper.java:45)
	at aprove.GraphUserInterface.Factories.Solvers.Engines.ExecHelper.exec(ExecHelper.java:25)
	at aprove.GraphUserInterface.Factories.Solvers.Engines.SMTLIBEngine.solve(SMTLIBEngine.java:166)
	at aprove.GraphUserInterface.Factories.Solvers.Engines.SMTLIBEngine.solve(SMTLIBEngine.java:80)
	at aprove.Framework.IntTRS.Nonterm.IntTRSPeriodicNontermProcessor.process(IntTRSPeriodicNontermProcessor.java:135)
	at aprove.Strategies.ExecutableStrategies.Executor.execute(Executor.java:326)
	at aprove.Strategies.ExecutableStrategies.Executor$Runner.wrappedRun(Executor.java:377)
	at aprove.Strategies.Abortions.PooledJob.run(PooledJob.java:99)
	at aprove.Strategies.Util.PrioritizableThreadPool$Worker.run(PrioritizableThreadPool.java:274)
	at java.lang.Thread.run(Thread.java:748)
            aprove.Strategies.Util.PrioritizableThreadPool$Worker.run(PrioritizableThreadPool.java:274)
            java.lang.Thread.run(Thread.java:748)
java.lang.OutOfMemoryError: unable to create new native thread
	at java.lang.Thread.start0(Native Method)
	at java.lang.Thread.start(Thread.java:717)
	at aprove.GraphUserInterface.Factories.Solvers.Engines.BufferedStreamInThread.<init>(ExecHelper.java:70)
	at aprove.GraphUserInterface.Factories.Solvers.Engines.ExecHelper.execAndGetExitCode(ExecHelper.java:45)
	at aprove.GraphUserInterface.Factories.Solvers.Engines.ExecHelper.exec(ExecHelper.java:25)
	at aprove.GraphUserInterface.Factories.Solvers.Engines.YicesEngine.solve(YicesEngine.java:159)
	at aprove.GraphUserInterface.Factories.Solvers.Engines.YicesEngine.solve(YicesEngine.java:64)
	at aprove.Framework.IntTRS.PoloRedPair.RuleAnalyzer.findCoefficients(RuleAnalyzer.java:1682)
	at aprove.Framework.IntTRS.PoloRedPair.RuleAnalyzer.analyze(RuleAnalyzer.java:172)
	at aprove.Framework.IntTRS.PoloRedPair.IntTRSPolynomialOrderWorker.analyzeRules(IntTRSPolynomialOrderWorker.java:107)
	at aprove.Framework.IntTRS.PoloRedPair.IntTRSPolynomialOrderWorker.work(IntTRSPolynomialOrderWorker.java:83)
	at aprove.Framework.IntTRS.PoloRedPair.IntTRSPolynomialOrderProcessor.process(IntTRSPolynomialOrderProcessor.java:216)
	at aprove.Strategies.ExecutableStrategies.Executor.execute(Executor.java:326)
	at aprove.Strategies.ExecutableStrategies.Executor$Runner.wrappedRun(Executor.java:377)
	at aprove.Strategies.Abortions.PooledJob.run(PooledJob.java:99)
	at aprove.Strategies.Util.PrioritizableThreadPool$Worker.run(PrioritizableThreadPool.java:274)
	at java.lang.Thread.run(Thread.java:748)
real 722.66
user 3578.24
sys 27.63
