Graph finished, checking  consistency
Graph finished, checked consistency, took 0.0s
Aborted 1627969701Exec. 9, LLVMNontermination with some error. Reason: java.lang.UnsupportedOperationException: No viable cases left. Operation: //t.
            aprove.Framework.BasicStructures.Arithmetic.Integer.BinaryIntegerFunctionExpression.toSMTExp(BinaryIntegerFunctionExpression.java:46)
            aprove.Framework.BasicStructures.Arithmetic.Integer.IntegerRelation.toSMTExp(IntegerRelation.java:143)
            aprove.InputModules.Programs.llvm.segraph.LLVMSEPath.toSMTExp(LLVMSEPath.java:1265)
            aprove.InputModules.Programs.llvm.processors.LLVMNonterminationProcessor.computeWitness(LLVMNonterminationProcessor.java:81)
            aprove.InputModules.Programs.llvm.processors.LLVMNonterminationProcessor.findLoopingWitness(LLVMNonterminationProcessor.java:524)
            aprove.InputModules.Programs.llvm.processors.LLVMNonterminationProcessor.processLoop(LLVMNonterminationProcessor.java:614)
            aprove.InputModules.Programs.llvm.processors.LLVMNonterminationProcessor.process(LLVMNonterminationProcessor.java:572)
            aprove.Strategies.ExecutableStrategies.Executor.execute(Executor.java:326)
            aprove.Strategies.ExecutableStrategies.Executor$Runner.wrappedRun(Executor.java:377)
            aprove.Strategies.Abortions.PooledJob.run(PooledJob.java:99)
            aprove.Strategies.Util.PrioritizableThreadPool$Worker.run(PrioritizableThreadPool.java:274)
            java.lang.Thread.run(Thread.java:748)
java.lang.UnsupportedOperationException: No viable cases left. Operation: //t
	at aprove.Framework.BasicStructures.Arithmetic.Integer.BinaryIntegerFunctionExpression.toSMTExp(BinaryIntegerFunctionExpression.java:46)
	at aprove.Framework.BasicStructures.Arithmetic.Integer.IntegerRelation.toSMTExp(IntegerRelation.java:143)
	at aprove.InputModules.Programs.llvm.segraph.LLVMSEPath.toSMTExp(LLVMSEPath.java:1265)
	at aprove.InputModules.Programs.llvm.processors.LLVMNonterminationProcessor.computeWitness(LLVMNonterminationProcessor.java:81)
	at aprove.InputModules.Programs.llvm.processors.LLVMNonterminationProcessor.findLoopingWitness(LLVMNonterminationProcessor.java:524)
	at aprove.InputModules.Programs.llvm.processors.LLVMNonterminationProcessor.processLoop(LLVMNonterminationProcessor.java:614)
	at aprove.InputModules.Programs.llvm.processors.LLVMNonterminationProcessor.process(LLVMNonterminationProcessor.java:572)
	at aprove.Strategies.ExecutableStrategies.Executor.execute(Executor.java:326)
	at aprove.Strategies.ExecutableStrategies.Executor$Runner.wrappedRun(Executor.java:377)
	at aprove.Strategies.Abortions.PooledJob.run(PooledJob.java:99)
	at aprove.Strategies.Util.PrioritizableThreadPool$Worker.run(PrioritizableThreadPool.java:274)
	at java.lang.Thread.run(Thread.java:748)
real 6.16
user 25.61
sys 2.47
