Graph finished, checking  consistency
Graph finished, checked consistency, took 0.001s
Aborted 1616266575Exec. 9, LLVMNontermination with some error. Reason: java.lang.UnsupportedOperationException: Not yet implemented..
Aborted 1616266575Exec. 7, LLVMSEGraphToIntTRS with some error. Reason: java.lang.UnsupportedOperationException: Not yet implemented..
Aborted 1616266575Exec. 10, LLVMLassoToIntTRS with some error. Reason: java.lang.UnsupportedOperationException: Not yet implemented..
            aprove.InputModules.Programs.llvm.internalStructures.instructions.LLVMFCmpInstruction.getInterestingVariables(LLVMFCmpInstruction.java:109)
            aprove.InputModules.Programs.llvm.internalStructures.instructions.LLVMFCmpInstruction.isOverapproximation(LLVMFCmpInstruction.java:91)
            aprove.InputModules.Programs.llvm.internalStructures.instructions.LLVMFCmpInstruction.isOverapproximation(LLVMFCmpInstruction.java:91)
            aprove.InputModules.Programs.llvm.segraph.LLVMSELoop.findInterestingReferences(LLVMSELoop.java:113)
            aprove.InputModules.Programs.llvm.states.LLVMAbstractState.isOverapproximation(LLVMAbstractState.java:1330)
            aprove.InputModules.Programs.llvm.states.LLVMAbstractState.isOverapproximation(LLVMAbstractState.java:1330)
            aprove.InputModules.Programs.llvm.processors.LLVMLassoToIntTRSProcessor.containsOverapproximation(LLVMLassoToIntTRSProcessor.java:58)
            aprove.InputModules.Programs.llvm.processors.LLVMNonterminationProcessor.process(LLVMNonterminationProcessor.java:568)
            aprove.InputModules.Programs.llvm.processors.LLVMLassoToIntTRSProcessor.process(LLVMLassoToIntTRSProcessor.java:49)
            aprove.Strategies.ExecutableStrategies.Executor.execute(Executor.java:326)
            aprove.Strategies.ExecutableStrategies.Executor.execute(Executor.java:326)
            aprove.InputModules.Programs.llvm.processors.LLVMSEGraphToIntTRSProcessor.containsOverapproximation(LLVMSEGraphToIntTRSProcessor.java:48)
            aprove.Strategies.ExecutableStrategies.Executor$Runner.wrappedRun(Executor.java:377)
            aprove.InputModules.Programs.llvm.processors.LLVMSEGraphToIntTRSProcessor.process(LLVMSEGraphToIntTRSProcessor.java:39)
            aprove.Strategies.ExecutableStrategies.Executor$Runner.wrappedRun(Executor.java:377)
            aprove.Strategies.Abortions.PooledJob.run(PooledJob.java:99)
            aprove.Strategies.ExecutableStrategies.Executor.execute(Executor.java:326)
            aprove.Strategies.Abortions.PooledJob.run(PooledJob.java:99)
            aprove.Strategies.Util.PrioritizableThreadPool$Worker.run(PrioritizableThreadPool.java:274)
            aprove.Strategies.Util.PrioritizableThreadPool$Worker.run(PrioritizableThreadPool.java:274)
            aprove.Strategies.ExecutableStrategies.Executor$Runner.wrappedRun(Executor.java:377)
            java.lang.Thread.run(Thread.java:748)
            aprove.Strategies.Abortions.PooledJob.run(PooledJob.java:99)
            java.lang.Thread.run(Thread.java:748)
            aprove.Strategies.Util.PrioritizableThreadPool$Worker.run(PrioritizableThreadPool.java:274)
            java.lang.Thread.run(Thread.java:748)
java.lang.UnsupportedOperationException: Not yet implemented.
	at aprove.InputModules.Programs.llvm.internalStructures.instructions.LLVMFCmpInstruction.getInterestingVariables(LLVMFCmpInstruction.java:109)
	at aprove.InputModules.Programs.llvm.segraph.LLVMSELoop.findInterestingReferences(LLVMSELoop.java:113)
	at aprove.InputModules.Programs.llvm.processors.LLVMNonterminationProcessor.process(LLVMNonterminationProcessor.java:568)
	at aprove.Strategies.ExecutableStrategies.Executor.execute(Executor.java:326)
	at aprove.Strategies.ExecutableStrategies.Executor$Runner.wrappedRun(Executor.java:377)
	at aprove.Strategies.Abortions.PooledJob.run(PooledJob.java:99)
	at aprove.Strategies.Util.PrioritizableThreadPool$Worker.run(PrioritizableThreadPool.java:274)
	at java.lang.Thread.run(Thread.java:748)
java.lang.UnsupportedOperationException: Not yet implemented.
	at aprove.InputModules.Programs.llvm.internalStructures.instructions.LLVMFCmpInstruction.isOverapproximation(LLVMFCmpInstruction.java:91)
	at aprove.InputModules.Programs.llvm.states.LLVMAbstractState.isOverapproximation(LLVMAbstractState.java:1330)
	at aprove.InputModules.Programs.llvm.processors.LLVMSEGraphToIntTRSProcessor.containsOverapproximation(LLVMSEGraphToIntTRSProcessor.java:48)
	at aprove.InputModules.Programs.llvm.processors.LLVMSEGraphToIntTRSProcessor.process(LLVMSEGraphToIntTRSProcessor.java:39)
	at aprove.Strategies.ExecutableStrategies.Executor.execute(Executor.java:326)
	at aprove.Strategies.ExecutableStrategies.Executor$Runner.wrappedRun(Executor.java:377)
	at aprove.Strategies.Abortions.PooledJob.run(PooledJob.java:99)
	at aprove.Strategies.Util.PrioritizableThreadPool$Worker.run(PrioritizableThreadPool.java:274)
	at java.lang.Thread.run(Thread.java:748)
java.lang.UnsupportedOperationException: Not yet implemented.
	at aprove.InputModules.Programs.llvm.internalStructures.instructions.LLVMFCmpInstruction.isOverapproximation(LLVMFCmpInstruction.java:91)
	at aprove.InputModules.Programs.llvm.states.LLVMAbstractState.isOverapproximation(LLVMAbstractState.java:1330)
	at aprove.InputModules.Programs.llvm.processors.LLVMLassoToIntTRSProcessor.containsOverapproximation(LLVMLassoToIntTRSProcessor.java:58)
	at aprove.InputModules.Programs.llvm.processors.LLVMLassoToIntTRSProcessor.process(LLVMLassoToIntTRSProcessor.java:49)
	at aprove.Strategies.ExecutableStrategies.Executor.execute(Executor.java:326)
	at aprove.Strategies.ExecutableStrategies.Executor$Runner.wrappedRun(Executor.java:377)
	at aprove.Strategies.Abortions.PooledJob.run(PooledJob.java:99)
	at aprove.Strategies.Util.PrioritizableThreadPool$Worker.run(PrioritizableThreadPool.java:274)
	at java.lang.Thread.run(Thread.java:748)
real 3.07
user 4.85
sys 1.32
