Graph finished, checking  consistency
Graph finished, checked consistency, took 0.042s
Aborted 1627969735Exec. 321, IntTRSCaseAnalysis with some error. Reason: java.lang.OutOfMemoryError: unable to create new native thread.
            java.lang.Thread.start0(Native Method)
            java.lang.Thread.start(Thread.java:717)
            aprove.GraphUserInterface.Factories.Solvers.Engines.BufferedStreamInThread.<init>(ExecHelper.java:70)
            aprove.GraphUserInterface.Factories.Solvers.Engines.ExecHelper.execAndGetExitCode(ExecHelper.java:45)
            aprove.GraphUserInterface.Factories.Solvers.Engines.ExecHelper.exec(ExecHelper.java:25)
            aprove.GraphUserInterface.Factories.Solvers.Engines.SMTLIBEngine.solve(SMTLIBEngine.java:166)
            aprove.GraphUserInterface.Factories.Solvers.Engines.SMTLIBEngine.solve(SMTLIBEngine.java:80)
            aprove.Framework.IntTRS.CaseAnalysis.InductiveConditionFinder.canBeLTZero(InductiveConditionFinder.java:522)
            aprove.Framework.IntTRS.CaseAnalysis.InductiveConditionFinder.searchInductiveTerms(InductiveConditionFinder.java:449)
            aprove.Framework.IntTRS.CaseAnalysis.InductiveConditionFinder.searchInductiveTerms(InductiveConditionFinder.java:483)
            aprove.Framework.IntTRS.CaseAnalysis.InductiveConditionFinder.searchInductiveTerms(InductiveConditionFinder.java:483)
            aprove.Framework.IntTRS.CaseAnalysis.InductiveConditionFinder.changeTermHeuristic(InductiveConditionFinder.java:419)
            aprove.Framework.IntTRS.CaseAnalysis.InductiveConditionFinder.candidateGenerationHeuristic(InductiveConditionFinder.java:161)
            aprove.Framework.IntTRS.CaseAnalysis.InductiveConditionFinder.findInductiveCondition(InductiveConditionFinder.java:133)
            aprove.Framework.IntTRS.CaseAnalysis.InductiveConditionFinder.getInductiveCondition(InductiveConditionFinder.java:107)
            aprove.Framework.IntTRS.CaseAnalysis.CaseAnalysisProcessor.process(CaseAnalysisProcessor.java:80)
            aprove.Strategies.ExecutableStrategies.Executor.execute(Executor.java:326)
            aprove.Strategies.ExecutableStrategies.Executor$Runner.wrappedRun(Executor.java:377)
            aprove.Strategies.Abortions.PooledJob.run(PooledJob.java:99)
            aprove.Strategies.Util.PrioritizableThreadPool$Worker.run(PrioritizableThreadPool.java:274)
            java.lang.Thread.run(Thread.java:748)
java.lang.OutOfMemoryError: unable to create new native thread
	at java.lang.Thread.start0(Native Method)
	at java.lang.Thread.start(Thread.java:717)
	at aprove.GraphUserInterface.Factories.Solvers.Engines.BufferedStreamInThread.<init>(ExecHelper.java:70)
	at aprove.GraphUserInterface.Factories.Solvers.Engines.ExecHelper.execAndGetExitCode(ExecHelper.java:45)
	at aprove.GraphUserInterface.Factories.Solvers.Engines.ExecHelper.exec(ExecHelper.java:25)
	at aprove.GraphUserInterface.Factories.Solvers.Engines.SMTLIBEngine.solve(SMTLIBEngine.java:166)
	at aprove.GraphUserInterface.Factories.Solvers.Engines.SMTLIBEngine.solve(SMTLIBEngine.java:80)
	at aprove.Framework.IntTRS.CaseAnalysis.InductiveConditionFinder.canBeLTZero(InductiveConditionFinder.java:522)
	at aprove.Framework.IntTRS.CaseAnalysis.InductiveConditionFinder.searchInductiveTerms(InductiveConditionFinder.java:449)
	at aprove.Framework.IntTRS.CaseAnalysis.InductiveConditionFinder.searchInductiveTerms(InductiveConditionFinder.java:483)
	at aprove.Framework.IntTRS.CaseAnalysis.InductiveConditionFinder.searchInductiveTerms(InductiveConditionFinder.java:483)
	at aprove.Framework.IntTRS.CaseAnalysis.InductiveConditionFinder.changeTermHeuristic(InductiveConditionFinder.java:419)
	at aprove.Framework.IntTRS.CaseAnalysis.InductiveConditionFinder.candidateGenerationHeuristic(InductiveConditionFinder.java:161)
	at aprove.Framework.IntTRS.CaseAnalysis.InductiveConditionFinder.findInductiveCondition(InductiveConditionFinder.java:133)
	at aprove.Framework.IntTRS.CaseAnalysis.InductiveConditionFinder.getInductiveCondition(InductiveConditionFinder.java:107)
	at aprove.Framework.IntTRS.CaseAnalysis.CaseAnalysisProcessor.process(CaseAnalysisProcessor.java:80)
	at aprove.Strategies.ExecutableStrategies.Executor.execute(Executor.java:326)
	at aprove.Strategies.ExecutableStrategies.Executor$Runner.wrappedRun(Executor.java:377)
	at aprove.Strategies.Abortions.PooledJob.run(PooledJob.java:99)
	at aprove.Strategies.Util.PrioritizableThreadPool$Worker.run(PrioritizableThreadPool.java:274)
	at java.lang.Thread.run(Thread.java:748)
real 102.71
user 846.61
sys 41.44
