Graph finished, checking  consistency
Graph finished, checked consistency, took 0.001s
Aborted 1616266658Exec. 636, IntTRSPolynomialOrderProcessor with some error. Reason: java.lang.OutOfMemoryError: unable to create new native thread.
            java.lang.Thread.start0(Native Method)
            java.lang.Thread.start(Thread.java:717)
            aprove.GraphUserInterface.Factories.Solvers.Engines.BufferedStreamInThread.<init>(ExecHelper.java:70)
            aprove.GraphUserInterface.Factories.Solvers.Engines.ExecHelper.execAndGetExitCode(ExecHelper.java:45)
            aprove.GraphUserInterface.Factories.Solvers.Engines.ExecHelper.exec(ExecHelper.java:25)
            aprove.GraphUserInterface.Factories.Solvers.Engines.YicesEngine.solve(YicesEngine.java:159)
            aprove.GraphUserInterface.Factories.Solvers.Engines.YicesEngine.solve(YicesEngine.java:64)
            aprove.Framework.IntTRS.PoloRedPair.RuleAnalyzer.findCoefficients(RuleAnalyzer.java:1682)
            aprove.Framework.IntTRS.PoloRedPair.RuleAnalyzer.analyze(RuleAnalyzer.java:172)
            aprove.Framework.IntTRS.PoloRedPair.IntTRSPolynomialOrderWorker.analyzeRules(IntTRSPolynomialOrderWorker.java:107)
            aprove.Framework.IntTRS.PoloRedPair.IntTRSPolynomialOrderWorker.work(IntTRSPolynomialOrderWorker.java:83)
            aprove.Framework.IntTRS.PoloRedPair.IntTRSPolynomialOrderProcessor.process(IntTRSPolynomialOrderProcessor.java:216)
            aprove.Strategies.ExecutableStrategies.Executor.execute(Executor.java:326)
            aprove.Strategies.ExecutableStrategies.Executor$Runner.wrappedRun(Executor.java:377)
            aprove.Strategies.Abortions.PooledJob.run(PooledJob.java:99)
            aprove.Strategies.Util.PrioritizableThreadPool$Worker.run(PrioritizableThreadPool.java:274)
            java.lang.Thread.run(Thread.java:748)
java.lang.OutOfMemoryError: unable to create new native thread
	at java.lang.Thread.start0(Native Method)
	at java.lang.Thread.start(Thread.java:717)
	at aprove.GraphUserInterface.Factories.Solvers.Engines.BufferedStreamInThread.<init>(ExecHelper.java:70)
	at aprove.GraphUserInterface.Factories.Solvers.Engines.ExecHelper.execAndGetExitCode(ExecHelper.java:45)
	at aprove.GraphUserInterface.Factories.Solvers.Engines.ExecHelper.exec(ExecHelper.java:25)
	at aprove.GraphUserInterface.Factories.Solvers.Engines.YicesEngine.solve(YicesEngine.java:159)
	at aprove.GraphUserInterface.Factories.Solvers.Engines.YicesEngine.solve(YicesEngine.java:64)
	at aprove.Framework.IntTRS.PoloRedPair.RuleAnalyzer.findCoefficients(RuleAnalyzer.java:1682)
	at aprove.Framework.IntTRS.PoloRedPair.RuleAnalyzer.analyze(RuleAnalyzer.java:172)
	at aprove.Framework.IntTRS.PoloRedPair.IntTRSPolynomialOrderWorker.analyzeRules(IntTRSPolynomialOrderWorker.java:107)
	at aprove.Framework.IntTRS.PoloRedPair.IntTRSPolynomialOrderWorker.work(IntTRSPolynomialOrderWorker.java:83)
	at aprove.Framework.IntTRS.PoloRedPair.IntTRSPolynomialOrderProcessor.process(IntTRSPolynomialOrderProcessor.java:216)
	at aprove.Strategies.ExecutableStrategies.Executor.execute(Executor.java:326)
	at aprove.Strategies.ExecutableStrategies.Executor$Runner.wrappedRun(Executor.java:377)
	at aprove.Strategies.Abortions.PooledJob.run(PooledJob.java:99)
	at aprove.Strategies.Util.PrioritizableThreadPool$Worker.run(PrioritizableThreadPool.java:274)
	at java.lang.Thread.run(Thread.java:748)
real 75.60
user 604.76
sys 26.15
