Creating empty 100MiB image file: /home/magnago/overlay/simple_int1.c.ext3
Formatting image with ext3 file system
Image is done: /home/magnago/overlay/simple_int1.c.ext3
This is Ultimate 0.2.1-origin.dev-f91880a
[2021-04-24 13:57:51,380 INFO  L177        SettingsManager]: Resetting all preferences to default values...
[2021-04-24 13:57:51,382 INFO  L181        SettingsManager]: Resetting UltimateCore preferences to default values
[2021-04-24 13:57:51,419 INFO  L184        SettingsManager]: Ultimate Commandline Interface provides no preferences, ignoring...
[2021-04-24 13:57:51,420 INFO  L181        SettingsManager]: Resetting Boogie Preprocessor preferences to default values
[2021-04-24 13:57:51,420 INFO  L181        SettingsManager]: Resetting Boogie Procedure Inliner preferences to default values
[2021-04-24 13:57:51,421 INFO  L181        SettingsManager]: Resetting Abstract Interpretation preferences to default values
[2021-04-24 13:57:51,422 INFO  L181        SettingsManager]: Resetting LassoRanker preferences to default values
[2021-04-24 13:57:51,423 INFO  L181        SettingsManager]: Resetting Reaching Definitions preferences to default values
[2021-04-24 13:57:51,424 INFO  L181        SettingsManager]: Resetting SyntaxChecker preferences to default values
[2021-04-24 13:57:51,424 INFO  L181        SettingsManager]: Resetting Sifa preferences to default values
[2021-04-24 13:57:51,425 INFO  L184        SettingsManager]: B?chi Program Product provides no preferences, ignoring...
[2021-04-24 13:57:51,425 INFO  L181        SettingsManager]: Resetting LTL2Aut preferences to default values
[2021-04-24 13:57:51,426 INFO  L181        SettingsManager]: Resetting PEA to Boogie preferences to default values
[2021-04-24 13:57:51,427 INFO  L181        SettingsManager]: Resetting BlockEncodingV2 preferences to default values
[2021-04-24 13:57:51,427 INFO  L181        SettingsManager]: Resetting ChcToBoogie preferences to default values
[2021-04-24 13:57:51,428 INFO  L181        SettingsManager]: Resetting AutomataScriptInterpreter preferences to default values
[2021-04-24 13:57:51,429 INFO  L181        SettingsManager]: Resetting BuchiAutomizer preferences to default values
[2021-04-24 13:57:51,430 INFO  L181        SettingsManager]: Resetting CACSL2BoogieTranslator preferences to default values
[2021-04-24 13:57:51,431 INFO  L181        SettingsManager]: Resetting CodeCheck preferences to default values
[2021-04-24 13:57:51,431 INFO  L181        SettingsManager]: Resetting InvariantSynthesis preferences to default values
[2021-04-24 13:57:51,432 INFO  L181        SettingsManager]: Resetting RCFGBuilder preferences to default values
[2021-04-24 13:57:51,433 INFO  L181        SettingsManager]: Resetting Referee preferences to default values
[2021-04-24 13:57:51,434 INFO  L181        SettingsManager]: Resetting TraceAbstraction preferences to default values
[2021-04-24 13:57:51,435 INFO  L184        SettingsManager]: TraceAbstractionConcurrent provides no preferences, ignoring...
[2021-04-24 13:57:51,435 INFO  L184        SettingsManager]: TraceAbstractionWithAFAs provides no preferences, ignoring...
[2021-04-24 13:57:51,435 INFO  L181        SettingsManager]: Resetting TreeAutomizer preferences to default values
[2021-04-24 13:57:51,436 INFO  L181        SettingsManager]: Resetting IcfgToChc preferences to default values
[2021-04-24 13:57:51,436 INFO  L181        SettingsManager]: Resetting IcfgTransformer preferences to default values
[2021-04-24 13:57:51,437 INFO  L184        SettingsManager]: ReqToTest provides no preferences, ignoring...
[2021-04-24 13:57:51,437 INFO  L181        SettingsManager]: Resetting Boogie Printer preferences to default values
[2021-04-24 13:57:51,437 INFO  L181        SettingsManager]: Resetting ChcSmtPrinter preferences to default values
[2021-04-24 13:57:51,438 INFO  L181        SettingsManager]: Resetting ReqPrinter preferences to default values
[2021-04-24 13:57:51,438 INFO  L181        SettingsManager]: Resetting Witness Printer preferences to default values
[2021-04-24 13:57:51,439 INFO  L184        SettingsManager]: Boogie PL CUP Parser provides no preferences, ignoring...
[2021-04-24 13:57:51,439 INFO  L181        SettingsManager]: Resetting CDTParser preferences to default values
[2021-04-24 13:57:51,440 INFO  L184        SettingsManager]: AutomataScriptParser provides no preferences, ignoring...
[2021-04-24 13:57:51,440 INFO  L184        SettingsManager]: ReqParser provides no preferences, ignoring...
[2021-04-24 13:57:51,440 INFO  L181        SettingsManager]: Resetting SmtParser preferences to default values
[2021-04-24 13:57:51,440 INFO  L181        SettingsManager]: Resetting Witness Parser preferences to default values
[2021-04-24 13:57:51,441 INFO  L188        SettingsManager]: Finished resetting all preferences to default values...
[2021-04-24 13:57:51,442 INFO  L101        SettingsManager]: Beginning loading settings from /home/singularity/UAutomizer-linux/config/svcomp-LTL-64bit-Automizer_Default.epf
[2021-04-24 13:57:51,454 INFO  L113        SettingsManager]: Loading preferences was successful
[2021-04-24 13:57:51,454 INFO  L115        SettingsManager]: Preferences different from defaults after loading the file:
[2021-04-24 13:57:51,454 INFO  L136        SettingsManager]: Preferences of BlockEncodingV2 differ from their defaults:
[2021-04-24 13:57:51,455 INFO  L138        SettingsManager]:  * Minimize states even if more edges are added than removed.=true
[2021-04-24 13:57:51,455 INFO  L138        SettingsManager]:  * Rewrite not-equals=true
[2021-04-24 13:57:51,455 INFO  L138        SettingsManager]:  * Create parallel compositions if possible=false
[2021-04-24 13:57:51,455 INFO  L138        SettingsManager]:  * Minimize states using LBE with the strategy=NONE
[2021-04-24 13:57:51,455 INFO  L138        SettingsManager]:  * Use SBE=true
[2021-04-24 13:57:51,455 INFO  L136        SettingsManager]: Preferences of BuchiAutomizer differ from their defaults:
[2021-04-24 13:57:51,455 INFO  L138        SettingsManager]:  * Compute Interpolants along a Counterexample=Craig_TreeInterpolation
[2021-04-24 13:57:51,455 INFO  L138        SettingsManager]:  * Use old map elimination=false
[2021-04-24 13:57:51,455 INFO  L138        SettingsManager]:  * Try twofold refinement=false
[2021-04-24 13:57:51,455 INFO  L136        SettingsManager]: Preferences of CACSL2BoogieTranslator differ from their defaults:
[2021-04-24 13:57:51,456 INFO  L138        SettingsManager]:  * Check unreachability of error function in SV-COMP mode=false
[2021-04-24 13:57:51,456 INFO  L138        SettingsManager]:  * Overapproximate operations on floating types=true
[2021-04-24 13:57:51,456 INFO  L138        SettingsManager]:  * Check division by zero=IGNORE
[2021-04-24 13:57:51,456 INFO  L138        SettingsManager]:  * Pointer to allocated memory at dereference=ASSUME
[2021-04-24 13:57:51,456 INFO  L138        SettingsManager]:  * If two pointers are subtracted or compared they have the same base address=ASSUME
[2021-04-24 13:57:51,456 INFO  L138        SettingsManager]:  * Check array bounds for arrays that are off heap=ASSUME
[2021-04-24 13:57:51,456 INFO  L138        SettingsManager]:  * Check if freed pointer was valid=false
[2021-04-24 13:57:51,456 INFO  L138        SettingsManager]:  * Use constant arrays=true
[2021-04-24 13:57:51,456 INFO  L138        SettingsManager]:  * Pointer base address is valid at dereference=ASSUME
[2021-04-24 13:57:51,456 INFO  L136        SettingsManager]: Preferences of RCFGBuilder differ from their defaults:
[2021-04-24 13:57:51,457 INFO  L138        SettingsManager]:  * Size of a code block=SingleStatement
[2021-04-24 13:57:51,457 INFO  L138        SettingsManager]:  * SMT solver=Internal_SMTInterpol
Applying setting for plugin de.uni_freiburg.informatik.ultimate.plugins.generator.cacsl2boogietranslator: Overapproximate operations on floating types -> false
Applying setting for plugin de.uni_freiburg.informatik.ultimate.plugins.generator.cacsl2boogietranslator: Assume nondeterminstic values are in range -> false
[2021-04-24 13:57:51,622 INFO  L75    nceAwareModelManager]: Repository-Root is: /tmp
[2021-04-24 13:57:51,652 INFO  L261   ainManager$Toolchain]: [Toolchain 1]: Applicable parser(s) successfully (re)initialized
[2021-04-24 13:57:51,655 INFO  L217   ainManager$Toolchain]: [Toolchain 1]: Toolchain selected.
[2021-04-24 13:57:51,656 INFO  L271        PluginConnector]: Initializing CDTParser...
[2021-04-24 13:57:51,656 INFO  L275        PluginConnector]: CDTParser initialized
[2021-04-24 13:57:51,657 INFO  L432   ainManager$Toolchain]: [Toolchain 1]: Parsing single file: /home/magnago/benchmarks/ltl_infinite_state/simple_int_loops/ultimate/simple_int1.c
[2021-04-24 13:57:51,702 INFO  L220              CDTParser]: Created temporary CDT project at /home/singularity/f5d235009f794aa9a901e329826eb92d/FLAG740aa9275
[2021-04-24 13:57:52,000 INFO  L306              CDTParser]: Found 1 translation units.
[2021-04-24 13:57:52,001 INFO  L160              CDTParser]: Scanning /home/magnago/benchmarks/ltl_infinite_state/simple_int_loops/ultimate/simple_int1.c
[2021-04-24 13:57:52,030 INFO  L349              CDTParser]: About to delete temporary CDT project at /home/singularity/f5d235009f794aa9a901e329826eb92d/FLAG740aa9275
[2021-04-24 13:57:52,438 INFO  L357              CDTParser]: Successfully deleted /home/singularity/f5d235009f794aa9a901e329826eb92d
[2021-04-24 13:57:52,440 INFO  L299   ainManager$Toolchain]: ####################### [Toolchain 1] #######################
[2021-04-24 13:57:52,442 INFO  L131        ToolchainWalker]: Walking toolchain with 7 elements.
[2021-04-24 13:57:52,443 INFO  L113        PluginConnector]: ------------------------CACSL2BoogieTranslator----------------------------
[2021-04-24 13:57:52,443 INFO  L271        PluginConnector]: Initializing CACSL2BoogieTranslator...
[2021-04-24 13:57:52,445 INFO  L275        PluginConnector]: CACSL2BoogieTranslator initialized
[2021-04-24 13:57:52,445 INFO  L185        PluginConnector]: Executing the observer ACSLObjectContainerObserver from plugin CACSL2BoogieTranslator for "CDTParser AST 24.04 01:57:52" (1/1) ...
[2021-04-24 13:57:52,446 INFO  L205        PluginConnector]: Invalid model from CACSL2BoogieTranslator for observer de.uni_freiburg.informatik.ultimate.plugins.generator.cacsl2boogietranslator.ACSLObjectContainerObserver@4f5140c and model type de.uni_freiburg.informatik.ultimate.plugins.generator.cacsl2boogietranslator AST 24.04 01:57:52, skipping insertion in model container
[2021-04-24 13:57:52,446 INFO  L185        PluginConnector]: Executing the observer CACSL2BoogieTranslatorObserver from plugin CACSL2BoogieTranslator for "CDTParser AST 24.04 01:57:52" (1/1) ...
[2021-04-24 13:57:52,451 INFO  L145         MainTranslator]: Starting translation in SV-COMP mode 
[2021-04-24 13:57:52,459 INFO  L178         MainTranslator]: Built tables and reachable declarations
[2021-04-24 13:57:52,564 INFO  L206          PostProcessor]: Analyzing one entry point: main
[2021-04-24 13:57:52,566 INFO  L203         MainTranslator]: Completed pre-run
[2021-04-24 13:57:52,574 INFO  L206          PostProcessor]: Analyzing one entry point: main
[2021-04-24 13:57:52,584 INFO  L208         MainTranslator]: Completed translation
[2021-04-24 13:57:52,585 INFO  L202        PluginConnector]: Adding new model de.uni_freiburg.informatik.ultimate.plugins.generator.cacsl2boogietranslator AST 24.04 01:57:52 WrapperNode
[2021-04-24 13:57:52,585 INFO  L132        PluginConnector]: ------------------------ END CACSL2BoogieTranslator----------------------------
[2021-04-24 13:57:52,585 INFO  L113        PluginConnector]: ------------------------Boogie Preprocessor----------------------------
[2021-04-24 13:57:52,585 INFO  L271        PluginConnector]: Initializing Boogie Preprocessor...
[2021-04-24 13:57:52,585 INFO  L275        PluginConnector]: Boogie Preprocessor initialized
[2021-04-24 13:57:52,592 INFO  L185        PluginConnector]: Executing the observer EnsureBoogieModelObserver from plugin Boogie Preprocessor for "de.uni_freiburg.informatik.ultimate.plugins.generator.cacsl2boogietranslator AST 24.04 01:57:52" (1/1) ...
[2021-04-24 13:57:52,592 INFO  L185        PluginConnector]: Executing the observer TypeChecker from plugin Boogie Preprocessor for "de.uni_freiburg.informatik.ultimate.plugins.generator.cacsl2boogietranslator AST 24.04 01:57:52" (1/1) ...
[2021-04-24 13:57:52,595 INFO  L185        PluginConnector]: Executing the observer ConstExpander from plugin Boogie Preprocessor for "de.uni_freiburg.informatik.ultimate.plugins.generator.cacsl2boogietranslator AST 24.04 01:57:52" (1/1) ...
[2021-04-24 13:57:52,595 INFO  L185        PluginConnector]: Executing the observer StructExpander from plugin Boogie Preprocessor for "de.uni_freiburg.informatik.ultimate.plugins.generator.cacsl2boogietranslator AST 24.04 01:57:52" (1/1) ...
[2021-04-24 13:57:52,597 INFO  L185        PluginConnector]: Executing the observer UnstructureCode from plugin Boogie Preprocessor for "de.uni_freiburg.informatik.ultimate.plugins.generator.cacsl2boogietranslator AST 24.04 01:57:52" (1/1) ...
[2021-04-24 13:57:52,599 INFO  L185        PluginConnector]: Executing the observer FunctionInliner from plugin Boogie Preprocessor for "de.uni_freiburg.informatik.ultimate.plugins.generator.cacsl2boogietranslator AST 24.04 01:57:52" (1/1) ...
[2021-04-24 13:57:52,599 INFO  L185        PluginConnector]: Executing the observer BoogieSymbolTableConstructor from plugin Boogie Preprocessor for "de.uni_freiburg.informatik.ultimate.plugins.generator.cacsl2boogietranslator AST 24.04 01:57:52" (1/1) ...
[2021-04-24 13:57:52,600 INFO  L132        PluginConnector]: ------------------------ END Boogie Preprocessor----------------------------
[2021-04-24 13:57:52,601 INFO  L113        PluginConnector]: ------------------------RCFGBuilder----------------------------
[2021-04-24 13:57:52,601 INFO  L271        PluginConnector]: Initializing RCFGBuilder...
[2021-04-24 13:57:52,601 INFO  L275        PluginConnector]: RCFGBuilder initialized
[2021-04-24 13:57:52,602 INFO  L185        PluginConnector]: Executing the observer RCFGBuilderObserver from plugin RCFGBuilder for "de.uni_freiburg.informatik.ultimate.plugins.generator.cacsl2boogietranslator AST 24.04 01:57:52" (1/1) ...
[2021-04-24 13:57:52,662 INFO  L138     BoogieDeclarations]: Found implementation of procedure ULTIMATE.init
[2021-04-24 13:57:52,662 INFO  L138     BoogieDeclarations]: Found implementation of procedure ULTIMATE.start
[2021-04-24 13:57:52,662 INFO  L138     BoogieDeclarations]: Found implementation of procedure __VERIFIER_nondet_bool
[2021-04-24 13:57:52,663 INFO  L138     BoogieDeclarations]: Found implementation of procedure main
[2021-04-24 13:57:52,663 INFO  L130     BoogieDeclarations]: Found specification of procedure __VERIFIER_nondet_int
[2021-04-24 13:57:52,663 INFO  L130     BoogieDeclarations]: Found specification of procedure __VERIFIER_nondet_bool
[2021-04-24 13:57:52,663 INFO  L130     BoogieDeclarations]: Found specification of procedure main
[2021-04-24 13:57:52,663 INFO  L130     BoogieDeclarations]: Found specification of procedure ULTIMATE.init
[2021-04-24 13:57:52,663 INFO  L130     BoogieDeclarations]: Found specification of procedure ULTIMATE.start
[2021-04-24 13:57:52,758 INFO  L294             CfgBuilder]: Using the 1 location(s) as analysis (start of procedure ULTIMATE.start)
[2021-04-24 13:57:52,759 INFO  L299             CfgBuilder]: Removed 1 assume(true) statements.
[2021-04-24 13:57:52,760 INFO  L202        PluginConnector]: Adding new model de.uni_freiburg.informatik.ultimate.plugins.generator.rcfgbuilder CFG 24.04 01:57:52 BoogieIcfgContainer
[2021-04-24 13:57:52,760 INFO  L132        PluginConnector]: ------------------------ END RCFGBuilder----------------------------
[2021-04-24 13:57:52,761 INFO  L113        PluginConnector]: ------------------------LTL2Aut----------------------------
[2021-04-24 13:57:52,761 INFO  L271        PluginConnector]: Initializing LTL2Aut...
[2021-04-24 13:57:52,763 INFO  L275        PluginConnector]: LTL2Aut initialized
[2021-04-24 13:57:52,764 INFO  L185        PluginConnector]: Executing the observer LTL2autObserver from plugin LTL2Aut for "de.uni_freiburg.informatik.ultimate.plugins.generator.cacsl2boogietranslator AST 24.04 01:57:52" (2/3) ...
No working directory specified, using /usr/bin/ltl2ba
Starting monitored process 1 with ltl2ba -f ! ( <> ( [] ( a ) ) )  (exit command is null, workingDir is null)
[2021-04-24 13:57:52,812 INFO  L125        LTL2autObserver]: LTL Property is: F(G((0 < ~x~0)))
[2021-04-24 13:57:52,813 INFO  L202        PluginConnector]: Adding new model Hardcoded de.uni_freiburg.informatik.ultimate.ltl2aut AST 24.04 01:57:52 NWAContainer
[2021-04-24 13:57:52,813 INFO  L132        PluginConnector]: ------------------------ END LTL2Aut----------------------------
[2021-04-24 13:57:52,813 INFO  L113        PluginConnector]: ------------------------B?chi Program Product----------------------------
[2021-04-24 13:57:52,813 INFO  L271        PluginConnector]: Initializing B?chi Program Product...
[2021-04-24 13:57:52,814 INFO  L275        PluginConnector]: B?chi Program Product initialized
[2021-04-24 13:57:52,815 INFO  L185        PluginConnector]: Executing the observer BuchiProductObserver from plugin B?chi Program Product for "de.uni_freiburg.informatik.ultimate.plugins.generator.rcfgbuilder CFG 24.04 01:57:52" (3/4) ...
[2021-04-24 13:57:52,816 INFO  L205        PluginConnector]: Invalid model from B?chi Program Product for observer de.uni_freiburg.informatik.ultimate.buchiprogramproduct.BuchiProductObserver@350419a3 and model type LTL+Program Product de.uni_freiburg.informatik.ultimate.buchiprogramproduct OTHER 24.04 01:57:52, skipping insertion in model container
[2021-04-24 13:57:52,816 INFO  L185        PluginConnector]: Executing the observer BuchiProductObserver from plugin B?chi Program Product for "Hardcoded de.uni_freiburg.informatik.ultimate.ltl2aut AST 24.04 01:57:52" (4/4) ...
[2021-04-24 13:57:52,818 INFO  L104   BuchiProductObserver]: Initial property automaton 2 locations, 4 edges
[2021-04-24 13:57:52,819 INFO  L110   BuchiProductObserver]: Initial RCFG 31 locations, 37 edges
[2021-04-24 13:57:52,819 INFO  L93    BuchiProductObserver]: Beginning generation of product automaton
[2021-04-24 13:57:52,823 INFO  L132       ProductGenerator]: The program has no step specification, so we assume maximum atomicity
[2021-04-24 13:57:52,882 INFO  L97    BuchiProductObserver]: Finished generation of product automaton successfully
[2021-04-24 13:57:52,882 INFO  L110   BuchiProductObserver]: BuchiProgram size 58 locations, 109 edges
[2021-04-24 13:57:52,882 INFO  L202        PluginConnector]: Adding new model LTL+Program Product de.uni_freiburg.informatik.ultimate.buchiprogramproduct OTHER 24.04 01:57:52 BoogieIcfgContainer
[2021-04-24 13:57:52,882 INFO  L132        PluginConnector]: ------------------------ END B?chi Program Product----------------------------
[2021-04-24 13:57:52,883 INFO  L113        PluginConnector]: ------------------------BlockEncodingV2----------------------------
[2021-04-24 13:57:52,883 INFO  L271        PluginConnector]: Initializing BlockEncodingV2...
[2021-04-24 13:57:52,884 INFO  L275        PluginConnector]: BlockEncodingV2 initialized
[2021-04-24 13:57:52,885 INFO  L185        PluginConnector]: Executing the observer BlockEncodingObserver from plugin BlockEncodingV2 for "LTL+Program Product de.uni_freiburg.informatik.ultimate.buchiprogramproduct OTHER 24.04 01:57:52" (1/1) ...
[2021-04-24 13:57:52,896 INFO  L313           BlockEncoder]: Initial Icfg 58 locations, 109 edges
[2021-04-24 13:57:52,896 INFO  L258           BlockEncoder]: Using Remove infeasible edges
[2021-04-24 13:57:52,896 INFO  L263           BlockEncoder]: Using Maximize final states
[2021-04-24 13:57:52,897 INFO  L270           BlockEncoder]: Using Minimize states even if more edges are added than removed.=true
[2021-04-24 13:57:52,897 INFO  L296           BlockEncoder]: Using Remove sink states
[2021-04-24 13:57:52,897 INFO  L171           BlockEncoder]: Using Apply optimizations until nothing changes=true
[2021-04-24 13:57:52,897 INFO  L179           BlockEncoder]: Using Rewrite not-equals
[2021-04-24 13:57:52,916 INFO  L185           BlockEncoder]: Using Use SBE
[2021-04-24 13:57:52,932 INFO  L200           BlockEncoder]: SBE split 16 edges
[2021-04-24 13:57:52,934 INFO  L70    emoveInfeasibleEdges]: Removed 4 edges and 0 locations because of local infeasibility
[2021-04-24 13:57:52,936 INFO  L71     MaximizeFinalStates]: 2 new accepting states
[2021-04-24 13:57:52,937 INFO  L70        RemoveSinkStates]: Removed 0 edges and 0 locations by removing sink states
[2021-04-24 13:57:52,938 INFO  L70    emoveInfeasibleEdges]: Removed 0 edges and 0 locations because of local infeasibility
[2021-04-24 13:57:52,939 INFO  L71     MaximizeFinalStates]: 0 new accepting states
[2021-04-24 13:57:52,939 INFO  L70        RemoveSinkStates]: Removed 0 edges and 0 locations by removing sink states
[2021-04-24 13:57:52,939 INFO  L313           BlockEncoder]: Encoded RCFG 58 locations, 153 edges
[2021-04-24 13:57:52,940 INFO  L202        PluginConnector]: Adding new model LTL+Program Product de.uni_freiburg.informatik.ultimate.plugins.blockencoding CFG 24.04 01:57:52 BasicIcfg
[2021-04-24 13:57:52,940 INFO  L132        PluginConnector]: ------------------------ END BlockEncodingV2----------------------------
[2021-04-24 13:57:52,940 INFO  L113        PluginConnector]: ------------------------BuchiAutomizer----------------------------
[2021-04-24 13:57:52,940 INFO  L271        PluginConnector]: Initializing BuchiAutomizer...
[2021-04-24 13:57:52,942 INFO  L275        PluginConnector]: BuchiAutomizer initialized
[2021-04-24 13:57:52,942 INFO  L99          BuchiAutomizer]: Safety of program was proven or not checked, starting termination analysis
[2021-04-24 13:57:52,942 INFO  L185        PluginConnector]: Executing the observer BuchiAutomizerObserver from plugin BuchiAutomizer for "CDTParser AST 24.04 01:57:52" (1/6) ...
[2021-04-24 13:57:52,943 INFO  L205        PluginConnector]: Invalid model from BuchiAutomizer for observer de.uni_freiburg.informatik.ultimate.plugins.generator.buchiautomizer.BuchiAutomizerObserver@4e1937ad and model type de.uni_freiburg.informatik.ultimate.plugins.generator.buchiautomizer AST 24.04 01:57:52, skipping insertion in model container
[2021-04-24 13:57:52,943 INFO  L99          BuchiAutomizer]: Safety of program was proven or not checked, starting termination analysis
[2021-04-24 13:57:52,943 INFO  L185        PluginConnector]: Executing the observer BuchiAutomizerObserver from plugin BuchiAutomizer for "de.uni_freiburg.informatik.ultimate.plugins.generator.cacsl2boogietranslator AST 24.04 01:57:52" (2/6) ...
[2021-04-24 13:57:52,944 INFO  L205        PluginConnector]: Invalid model from BuchiAutomizer for observer de.uni_freiburg.informatik.ultimate.plugins.generator.buchiautomizer.BuchiAutomizerObserver@4e1937ad and model type de.uni_freiburg.informatik.ultimate.plugins.generator.buchiautomizer AST 24.04 01:57:52, skipping insertion in model container
[2021-04-24 13:57:52,944 INFO  L99          BuchiAutomizer]: Safety of program was proven or not checked, starting termination analysis
[2021-04-24 13:57:52,944 INFO  L185        PluginConnector]: Executing the observer BuchiAutomizerObserver from plugin BuchiAutomizer for "de.uni_freiburg.informatik.ultimate.plugins.generator.rcfgbuilder CFG 24.04 01:57:52" (3/6) ...
[2021-04-24 13:57:52,944 INFO  L205        PluginConnector]: Invalid model from BuchiAutomizer for observer de.uni_freiburg.informatik.ultimate.plugins.generator.buchiautomizer.BuchiAutomizerObserver@4e1937ad and model type de.uni_freiburg.informatik.ultimate.plugins.generator.buchiautomizer CFG 24.04 01:57:52, skipping insertion in model container
[2021-04-24 13:57:52,944 INFO  L99          BuchiAutomizer]: Safety of program was proven or not checked, starting termination analysis
[2021-04-24 13:57:52,944 INFO  L185        PluginConnector]: Executing the observer BuchiAutomizerObserver from plugin BuchiAutomizer for "Hardcoded de.uni_freiburg.informatik.ultimate.ltl2aut AST 24.04 01:57:52" (4/6) ...
[2021-04-24 13:57:52,944 INFO  L205        PluginConnector]: Invalid model from BuchiAutomizer for observer de.uni_freiburg.informatik.ultimate.plugins.generator.buchiautomizer.BuchiAutomizerObserver@4e1937ad and model type Hardcoded de.uni_freiburg.informatik.ultimate.plugins.generator.buchiautomizer AST 24.04 01:57:52, skipping insertion in model container
[2021-04-24 13:57:52,944 INFO  L99          BuchiAutomizer]: Safety of program was proven or not checked, starting termination analysis
[2021-04-24 13:57:52,944 INFO  L185        PluginConnector]: Executing the observer BuchiAutomizerObserver from plugin BuchiAutomizer for "LTL+Program Product de.uni_freiburg.informatik.ultimate.buchiprogramproduct OTHER 24.04 01:57:52" (5/6) ...
[2021-04-24 13:57:52,945 INFO  L205        PluginConnector]: Invalid model from BuchiAutomizer for observer de.uni_freiburg.informatik.ultimate.plugins.generator.buchiautomizer.BuchiAutomizerObserver@4e1937ad and model type LTL+Program Product de.uni_freiburg.informatik.ultimate.plugins.generator.buchiautomizer OTHER 24.04 01:57:52, skipping insertion in model container
[2021-04-24 13:57:52,945 INFO  L99          BuchiAutomizer]: Safety of program was proven or not checked, starting termination analysis
[2021-04-24 13:57:52,945 INFO  L185        PluginConnector]: Executing the observer BuchiAutomizerObserver from plugin BuchiAutomizer for "LTL+Program Product de.uni_freiburg.informatik.ultimate.plugins.blockencoding CFG 24.04 01:57:52" (6/6) ...
[2021-04-24 13:57:52,945 INFO  L389   chiAutomizerObserver]: Analyzing ICFG simple_int1.c_BEv2
[2021-04-24 13:57:52,977 INFO  L359         BuchiCegarLoop]: Interprodecural is true
[2021-04-24 13:57:52,977 INFO  L360         BuchiCegarLoop]: Hoare is false
[2021-04-24 13:57:52,977 INFO  L361         BuchiCegarLoop]: Compute interpolants for Craig_TreeInterpolation
[2021-04-24 13:57:52,977 INFO  L362         BuchiCegarLoop]: Backedges is STRAIGHT_LINE
[2021-04-24 13:57:52,978 INFO  L363         BuchiCegarLoop]: Determinization is PREDICATE_ABSTRACTION
[2021-04-24 13:57:52,978 INFO  L364         BuchiCegarLoop]: Difference is false
[2021-04-24 13:57:52,978 INFO  L365         BuchiCegarLoop]: Minimize is MINIMIZE_SEVPA
[2021-04-24 13:57:52,978 INFO  L368         BuchiCegarLoop]: ======== Iteration 0==of CEGAR loop == BuchiCegarLoop========
[2021-04-24 13:57:52,986 INFO  L72            BuchiIsEmpty]: Start buchiIsEmpty. Operand  has 58 states, 48 states have (on average 2.8541666666666665) internal successors, (137), 47 states have internal predecessors, (137), 5 states have call successors, (5), 5 states have call predecessors, (5), 5 states have return successors, (9), 7 states have call predecessors, (9), 5 states have call successors, (9)
[2021-04-24 13:57:53,003 INFO  L131   ngComponentsAnalysis]: Automaton has 2 accepting balls. 21
[2021-04-24 13:57:53,004 INFO  L87            BuchiIsEmpty]: Finished buchiIsEmpty Result is false
[2021-04-24 13:57:53,004 INFO  L119           BuchiIsEmpty]: Starting construction of run
[2021-04-24 13:57:53,010 INFO  L853         BuchiCegarLoop]: Counterexample stem histogram [1, 1, 1, 1, 1, 1, 1, 1, 1, 1, 1, 1, 1, 1, 1, 1, 1, 1, 1, 1]
[2021-04-24 13:57:53,010 INFO  L854         BuchiCegarLoop]: Counterexample loop histogram [1, 1, 1, 1, 1, 1, 1, 1, 1, 1, 1, 1, 1, 1, 1]
[2021-04-24 13:57:53,010 INFO  L427         BuchiCegarLoop]: ======== Iteration 1============
[2021-04-24 13:57:53,010 INFO  L72            BuchiIsEmpty]: Start buchiIsEmpty. Operand  has 58 states, 48 states have (on average 2.8541666666666665) internal successors, (137), 47 states have internal predecessors, (137), 5 states have call successors, (5), 5 states have call predecessors, (5), 5 states have return successors, (9), 7 states have call predecessors, (9), 5 states have call successors, (9)
[2021-04-24 13:57:53,013 INFO  L131   ngComponentsAnalysis]: Automaton has 2 accepting balls. 21
[2021-04-24 13:57:53,013 INFO  L87            BuchiIsEmpty]: Finished buchiIsEmpty Result is false
[2021-04-24 13:57:53,013 INFO  L119           BuchiIsEmpty]: Starting construction of run
[2021-04-24 13:57:53,014 INFO  L853         BuchiCegarLoop]: Counterexample stem histogram [1, 1, 1, 1, 1, 1, 1, 1, 1, 1, 1, 1, 1, 1, 1, 1, 1, 1, 1, 1]
[2021-04-24 13:57:53,014 INFO  L854         BuchiCegarLoop]: Counterexample loop histogram [1, 1, 1, 1, 1, 1, 1, 1, 1, 1, 1, 1, 1, 1, 1]
[2021-04-24 13:57:53,019 INFO  L794   eck$LassoCheckResult]: Stem: 8#ULTIMATE.startENTRY_NONWAtrue [180] ULTIMATE.startENTRY_NONWA-->ULTIMATE.initENTRY_NONWA: Formula: true  InVars {}  OutVars{}  AuxVars[]  AssignedVars[]< 41#ULTIMATE.initENTRY_NONWAtrue [243] ULTIMATE.initENTRY_NONWA-->L10_NONWA: Formula: (= v_~b~0_9 0)  InVars {}  OutVars{~b~0=v_~b~0_9}  AuxVars[]  AssignedVars[~b~0] 35#L10_NONWAtrue [231] L10_NONWA-->L11_NONWA: Formula: (= v_~_x_b~0_8 0)  InVars {}  OutVars{~_x_b~0=v_~_x_b~0_8}  AuxVars[]  AssignedVars[~_x_b~0] 57#L11_NONWAtrue [269] L11_NONWA-->L11-1_NONWA: Formula: (= v_~x~0_10 0)  InVars {}  OutVars{~x~0=v_~x~0_10}  AuxVars[]  AssignedVars[~x~0] 53#L11-1_NONWAtrue [263] L11-1_NONWA-->ULTIMATE.initFINAL_NONWA: Formula: (= v_~_x_x~0_9 0)  InVars {}  OutVars{~_x_x~0=v_~_x_x~0_9}  AuxVars[]  AssignedVars[~_x_x~0] 24#ULTIMATE.initFINAL_NONWAtrue [207] ULTIMATE.initFINAL_NONWA-->ULTIMATE.initEXIT_NONWA: Formula: true  InVars {}  OutVars{}  AuxVars[]  AssignedVars[] 36#ULTIMATE.initEXIT_NONWAtrue >[278] ULTIMATE.initEXIT_NONWA-->L-1_NONWA: AOR: Formula: true  InVars {}  OutVars{}  AuxVars[]  AssignedVars[] LVA: Formula: true  InVars {}  OutVars{}  AuxVars[]  AssignedVars[] 50#L-1_NONWAtrue [258] L-1_NONWA-->mainENTRY_T0_init: Formula: true  InVars {}  OutVars{}  AuxVars[]  AssignedVars[]< 33#mainENTRY_T0_inittrue [228] mainENTRY_T0_init-->mainENTRY_T0_init-D2: Formula: true  InVars {}  OutVars{}  AuxVars[]  AssignedVars[]< 29#mainENTRY_T0_init-D2true [285] mainENTRY_T0_init-D2-->__VERIFIER_nondet_boolENTRY_accept_S1: Formula: (>= 0 v_~x~0_14)  InVars {~x~0=v_~x~0_14}  OutVars{~x~0=v_~x~0_14}  AuxVars[]  AssignedVars[] 55#__VERIFIER_nondet_boolENTRY_accept_S1true [340] __VERIFIER_nondet_boolENTRY_accept_S1-->L6_accept_S1: Formula: (and (= |v___VERIFIER_nondet_bool_#res_2| 0) (>= 0 v_~x~0_17) (= |v___VERIFIER_nondet_bool_#t~nondet0_5| 0))  InVars {__VERIFIER_nondet_bool_#t~nondet0=|v___VERIFIER_nondet_bool_#t~nondet0_5|, ~x~0=v_~x~0_17}  OutVars{__VERIFIER_nondet_bool_#res=|v___VERIFIER_nondet_bool_#res_2|, __VERIFIER_nondet_bool_#t~nondet0=|v___VERIFIER_nondet_bool_#t~nondet0_5|, ~x~0=v_~x~0_17}  AuxVars[]  AssignedVars[__VERIFIER_nondet_bool_#res] 22#L6_accept_S1true [290] L6_accept_S1-->__VERIFIER_nondet_boolFINAL_accept_S1: Formula: (>= 0 v_~x~0_20)  InVars {~x~0=v_~x~0_20}  OutVars{__VERIFIER_nondet_bool_#t~nondet0=|v___VERIFIER_nondet_bool_#t~nondet0_9|, ~x~0=v_~x~0_20}  AuxVars[]  AssignedVars[__VERIFIER_nondet_bool_#t~nondet0] 30#__VERIFIER_nondet_boolFINAL_accept_S1true [292] __VERIFIER_nondet_boolFINAL_accept_S1-->__VERIFIER_nondet_boolEXIT_accept_S1: Formula: (>= 0 v_~x~0_12)  InVars {~x~0=v_~x~0_12}  OutVars{~x~0=v_~x~0_12}  AuxVars[]  AssignedVars[] 17#__VERIFIER_nondet_boolEXIT_accept_S1true >[281] __VERIFIER_nondet_boolEXIT_accept_S1-->L15-D7: AOR: Formula: (= |v_main_#t~ret1_4| |v___VERIFIER_nondet_bool_#resOutParam_1|)  InVars {__VERIFIER_nondet_bool_#res=|v___VERIFIER_nondet_bool_#resOutParam_1|}  OutVars{main_#t~ret1=|v_main_#t~ret1_4|}  AuxVars[]  AssignedVars[main_#t~ret1] LVA: Formula: true  InVars {}  OutVars{}  AuxVars[]  AssignedVars[] 59#L15-D7true [272] L15-D7-->L15_accept_S1: Formula: true  InVars {}  OutVars{}  AuxVars[]  AssignedVars[] 5#L15_accept_S1true [295] L15_accept_S1-->L15-1_accept_S1: Formula: (and (>= 0 v_~x~0_29) (= v_~b~0_10 |v_main_#t~ret1_5|))  InVars {main_#t~ret1=|v_main_#t~ret1_5|, ~x~0=v_~x~0_29}  OutVars{~b~0=v_~b~0_10, main_#t~ret1=|v_main_#t~ret1_5|, ~x~0=v_~x~0_29}  AuxVars[]  AssignedVars[~b~0] 14#L15-1_accept_S1true [194] L15-1_accept_S1-->L16_T0_init: Formula: true  InVars {}  OutVars{main_#t~ret1=|v_main_#t~ret1_10|}  AuxVars[]  AssignedVars[main_#t~ret1] 39#L16_T0_inittrue [305] L16_T0_init-->L16-1_accept_S1: Formula: (and (>= 0 v_~x~0_41) (= v_~x~0_41 |v_main_#t~nondet2_7|))  InVars {main_#t~nondet2=|v_main_#t~nondet2_7|}  OutVars{~x~0=v_~x~0_41, main_#t~nondet2=|v_main_#t~nondet2_7|}  AuxVars[]  AssignedVars[~x~0] 48#L16-1_accept_S1true [308] L16-1_accept_S1-->L18_accept_S1: Formula: (>= 0 v_~x~0_45)  InVars {~x~0=v_~x~0_45}  OutVars{~x~0=v_~x~0_45, main_#t~nondet2=|v_main_#t~nondet2_9|}  AuxVars[]  AssignedVars[main_#t~nondet2] 46#L18_accept_S1true [385] L18_accept_S1-->L19-2_accept_S1: Formula: (and (<= 0 v_~x~0_27) (= v_main_~__ok~0_9 1) (>= 0 v_~x~0_27))  InVars {~x~0=v_~x~0_27}  OutVars{main_~__ok~0=v_main_~__ok~0_9, ~x~0=v_~x~0_27}  AuxVars[]  AssignedVars[main_~__ok~0] 40#L19-2_accept_S1true 
[2021-04-24 13:57:53,020 INFO  L796   eck$LassoCheckResult]: Loop: 40#L19-2_accept_S1true [388] L19-2_accept_S1-->L20_accept_S1: Formula: (and (> v_main_~__ok~0_7 0) (>= 0 v_~x~0_24))  InVars {main_~__ok~0=v_main_~__ok~0_7, ~x~0=v_~x~0_24}  OutVars{main_~__ok~0=v_main_~__ok~0_7, ~x~0=v_~x~0_24}  AuxVars[]  AssignedVars[] 54#L20_accept_S1true [264] L20_accept_S1-->L20_accept_S1-D3: Formula: true  InVars {}  OutVars{}  AuxVars[]  AssignedVars[]< 44#L20_accept_S1-D3true [330] L20_accept_S1-D3-->__VERIFIER_nondet_boolENTRY_accept_S1: Formula: (>= 0 v_~x~0_15)  InVars {~x~0=v_~x~0_15}  OutVars{~x~0=v_~x~0_15}  AuxVars[]  AssignedVars[] 55#__VERIFIER_nondet_boolENTRY_accept_S1true [340] __VERIFIER_nondet_boolENTRY_accept_S1-->L6_accept_S1: Formula: (and (= |v___VERIFIER_nondet_bool_#res_2| 0) (>= 0 v_~x~0_17) (= |v___VERIFIER_nondet_bool_#t~nondet0_5| 0))  InVars {__VERIFIER_nondet_bool_#t~nondet0=|v___VERIFIER_nondet_bool_#t~nondet0_5|, ~x~0=v_~x~0_17}  OutVars{__VERIFIER_nondet_bool_#res=|v___VERIFIER_nondet_bool_#res_2|, __VERIFIER_nondet_bool_#t~nondet0=|v___VERIFIER_nondet_bool_#t~nondet0_5|, ~x~0=v_~x~0_17}  AuxVars[]  AssignedVars[__VERIFIER_nondet_bool_#res] 22#L6_accept_S1true [290] L6_accept_S1-->__VERIFIER_nondet_boolFINAL_accept_S1: Formula: (>= 0 v_~x~0_20)  InVars {~x~0=v_~x~0_20}  OutVars{__VERIFIER_nondet_bool_#t~nondet0=|v___VERIFIER_nondet_bool_#t~nondet0_9|, ~x~0=v_~x~0_20}  AuxVars[]  AssignedVars[__VERIFIER_nondet_bool_#t~nondet0] 30#__VERIFIER_nondet_boolFINAL_accept_S1true [292] __VERIFIER_nondet_boolFINAL_accept_S1-->__VERIFIER_nondet_boolEXIT_accept_S1: Formula: (>= 0 v_~x~0_12)  InVars {~x~0=v_~x~0_12}  OutVars{~x~0=v_~x~0_12}  AuxVars[]  AssignedVars[] 17#__VERIFIER_nondet_boolEXIT_accept_S1true >[275] __VERIFIER_nondet_boolEXIT_accept_S1-->L20-1-D9: AOR: Formula: (= |v_main_#t~ret3_4| |v___VERIFIER_nondet_bool_#resOutParam_2|)  InVars {__VERIFIER_nondet_bool_#res=|v___VERIFIER_nondet_bool_#resOutParam_2|}  OutVars{main_#t~ret3=|v_main_#t~ret3_4|}  AuxVars[]  AssignedVars[main_#t~ret3] LVA: Formula: true  InVars {}  OutVars{}  AuxVars[]  AssignedVars[] 18#L20-1-D9true [199] L20-1-D9-->L20-1_accept_S1: Formula: true  InVars {}  OutVars{}  AuxVars[]  AssignedVars[] 9#L20-1_accept_S1true [182] L20-1_accept_S1-->L20-2_T0_init: Formula: (= v_~_x_b~0_14 |v_main_#t~ret3_10|)  InVars {main_#t~ret3=|v_main_#t~ret3_10|}  OutVars{~_x_b~0=v_~_x_b~0_14, main_#t~ret3=|v_main_#t~ret3_10|}  AuxVars[]  AssignedVars[~_x_b~0] 10#L20-2_T0_inittrue [184] L20-2_T0_init-->L21_T0_init: Formula: true  InVars {}  OutVars{main_#t~ret3=|v_main_#t~ret3_12|}  AuxVars[]  AssignedVars[main_#t~ret3] 16#L21_T0_inittrue [303] L21_T0_init-->L21-1_accept_S1: Formula: (and (>= 0 v_~x~0_53) (= v_~_x_x~0_16 |v_main_#t~nondet4_7|))  InVars {main_#t~nondet4=|v_main_#t~nondet4_7|, ~x~0=v_~x~0_53}  OutVars{main_#t~nondet4=|v_main_#t~nondet4_7|, ~_x_x~0=v_~_x_x~0_16, ~x~0=v_~x~0_53}  AuxVars[]  AssignedVars[~_x_x~0] 37#L21-1_accept_S1true [306] L21-1_accept_S1-->L23_accept_S1: Formula: (>= 0 v_~x~0_60)  InVars {~x~0=v_~x~0_60}  OutVars{main_#t~nondet4=|v_main_#t~nondet4_9|, ~x~0=v_~x~0_60}  AuxVars[]  AssignedVars[main_#t~nondet4] 32#L23_accept_S1true [371] L23_accept_S1-->L24_T0_init: Formula: (and (= v_main_~__ok~0_12 1) (< (+ v_~x~0_36 v_~_x_x~0_11 1) 0) (> v_~b~0_15 0))  InVars {~_x_x~0=v_~_x_x~0_11, ~b~0=v_~b~0_15, ~x~0=v_~x~0_36}  OutVars{~_x_x~0=v_~_x_x~0_11, main_~__ok~0=v_main_~__ok~0_12, ~b~0=v_~b~0_15, ~x~0=v_~x~0_36}  AuxVars[]  AssignedVars[main_~__ok~0] 7#L24_T0_inittrue [179] L24_T0_init-->L25_T0_init: Formula: (= v_~b~0_19 v_~_x_b~0_16)  InVars {~_x_b~0=v_~_x_b~0_16}  OutVars{~b~0=v_~b~0_19, ~_x_b~0=v_~_x_b~0_16}  AuxVars[]  AssignedVars[~b~0] 34#L25_T0_inittrue [327] L25_T0_init-->L19-2_accept_S1: Formula: (and (= v_~x~0_54 v_~_x_x~0_18) (>= 0 v_~x~0_54))  InVars {~_x_x~0=v_~_x_x~0_18}  OutVars{~x~0=v_~x~0_54, ~_x_x~0=v_~_x_x~0_18}  AuxVars[]  AssignedVars[~x~0] 40#L19-2_accept_S1true 
[2021-04-24 13:57:53,026 INFO  L144       PredicateUnifier]: Initialized classic predicate unifier
[2021-04-24 13:57:53,027 INFO  L82        PathProgramCache]: Analyzing trace with hash -1013206103, now seen corresponding path program 1 times
[2021-04-24 13:57:53,036 INFO  L162   FreeRefinementEngine]: Executing refinement strategy FIXED_PREFERENCES
[2021-04-24 13:57:53,037 INFO  L353   FreeRefinementEngine]: Using trace check IpTcStrategyModulePreferences [114680581]
[2021-04-24 13:57:53,037 INFO  L95    rtionOrderModulation]: Keeping assertion order NOT_INCREMENTALLY
[2021-04-24 13:57:53,061 INFO  L136    AnnotateAndAsserter]: Conjunction of SSA is sat
[2021-04-24 13:57:53,061 INFO  L223             TraceCheck]: Trace is feasible, we will do another trace check, this time with branch encoders.
[2021-04-24 13:57:53,069 INFO  L136    AnnotateAndAsserter]: Conjunction of SSA is sat
[2021-04-24 13:57:53,069 INFO  L223             TraceCheck]: Trace is feasible, we will do another trace check, this time with branch encoders.
[2021-04-24 13:57:53,081 INFO  L173   FreeRefinementEngine]: Strategy FIXED_PREFERENCES found a feasible trace
[2021-04-24 13:57:53,082 INFO  L144       PredicateUnifier]: Initialized classic predicate unifier
[2021-04-24 13:57:53,082 INFO  L82        PathProgramCache]: Analyzing trace with hash -419839075, now seen corresponding path program 1 times
[2021-04-24 13:57:53,083 INFO  L162   FreeRefinementEngine]: Executing refinement strategy FIXED_PREFERENCES
[2021-04-24 13:57:53,083 INFO  L353   FreeRefinementEngine]: Using trace check IpTcStrategyModulePreferences [1639478138]
[2021-04-24 13:57:53,083 INFO  L95    rtionOrderModulation]: Keeping assertion order NOT_INCREMENTALLY
[2021-04-24 13:57:53,088 INFO  L136    AnnotateAndAsserter]: Conjunction of SSA is sat
[2021-04-24 13:57:53,088 INFO  L223             TraceCheck]: Trace is feasible, we will do another trace check, this time with branch encoders.
[2021-04-24 13:57:53,091 INFO  L136    AnnotateAndAsserter]: Conjunction of SSA is sat
[2021-04-24 13:57:53,092 INFO  L223             TraceCheck]: Trace is feasible, we will do another trace check, this time with branch encoders.
[2021-04-24 13:57:53,093 INFO  L173   FreeRefinementEngine]: Strategy FIXED_PREFERENCES found a feasible trace
[2021-04-24 13:57:53,094 INFO  L144       PredicateUnifier]: Initialized classic predicate unifier
[2021-04-24 13:57:53,094 INFO  L82        PathProgramCache]: Analyzing trace with hash 534465269, now seen corresponding path program 1 times
[2021-04-24 13:57:53,095 INFO  L162   FreeRefinementEngine]: Executing refinement strategy FIXED_PREFERENCES
[2021-04-24 13:57:53,095 INFO  L353   FreeRefinementEngine]: Using trace check IpTcStrategyModulePreferences [722028544]
[2021-04-24 13:57:53,095 INFO  L95    rtionOrderModulation]: Keeping assertion order NOT_INCREMENTALLY
[2021-04-24 13:57:53,103 INFO  L136    AnnotateAndAsserter]: Conjunction of SSA is unsat
[2021-04-24 13:57:53,133 INFO  L142       QuantifierPusher]: treesize reduction 0, result has 100.0 percent of original size
[2021-04-24 13:57:53,134 INFO  L147       QuantifierPusher]: treesize reduction 0, result has 100.0 percent of original size 1
[2021-04-24 13:57:53,135 INFO  L142       QuantifierPusher]: treesize reduction 0, result has 100.0 percent of original size
[2021-04-24 13:57:53,135 INFO  L147       QuantifierPusher]: treesize reduction 0, result has 100.0 percent of original size 3
[2021-04-24 13:57:53,140 INFO  L142       QuantifierPusher]: treesize reduction 0, result has 100.0 percent of original size
[2021-04-24 13:57:53,141 INFO  L147       QuantifierPusher]: treesize reduction 0, result has 100.0 percent of original size 3
[2021-04-24 13:57:53,143 INFO  L142       QuantifierPusher]: treesize reduction 0, result has 100.0 percent of original size
[2021-04-24 13:57:53,143 INFO  L147       QuantifierPusher]: treesize reduction 0, result has 100.0 percent of original size 3
[2021-04-24 13:57:53,145 INFO  L142       QuantifierPusher]: treesize reduction 0, result has 100.0 percent of original size
[2021-04-24 13:57:53,146 INFO  L147       QuantifierPusher]: treesize reduction 0, result has 100.0 percent of original size 1
[2021-04-24 13:57:53,147 INFO  L134       CoverageAnalysis]: Checked inductivity of 4 backedges. 0 proven. 3 refuted. 0 times theorem prover too weak. 1 trivial. 0 not checked.
[2021-04-24 13:57:53,147 INFO  L353   FreeRefinementEngine]: Using interpolant generator IpTcStrategyModulePreferences [722028544]
[2021-04-24 13:57:53,148 INFO  L219   FreeRefinementEngine]: Constructing automaton from 0 perfect and 1 imperfect interpolant sequences.
[2021-04-24 13:57:53,148 INFO  L232   FreeRefinementEngine]: Number of different interpolants: perfect sequences [] imperfect sequences [5] total 5
[2021-04-24 13:57:53,148 INFO  L155   tionRefinementEngine]: Using interpolant automaton builder IpAbStrategyModuleStraightlineAll [848201896]
[2021-04-24 13:57:53,152 INFO  L142   FreeRefinementEngine]: Using predicate unifier PredicateUnifier provided by strategy FIXED_PREFERENCES
[2021-04-24 13:57:53,161 INFO  L142   InterpolantAutomaton]: Constructing interpolant automaton starting with 5 interpolants.
[2021-04-24 13:57:53,161 INFO  L144   InterpolantAutomaton]: CoverageRelationStatistics Valid=7, Invalid=13, Unknown=0, NotChecked=0, Total=20
[2021-04-24 13:57:53,164 INFO  L87              Difference]: Start difference. First operand  has 58 states, 48 states have (on average 2.8541666666666665) internal successors, (137), 47 states have internal predecessors, (137), 5 states have call successors, (5), 5 states have call predecessors, (5), 5 states have return successors, (9), 7 states have call predecessors, (9), 5 states have call successors, (9) Second operand  has 5 states, 5 states have (on average 5.6) internal successors, (28), 5 states have internal predecessors, (28), 2 states have call successors, (4), 1 states have call predecessors, (4), 2 states have return successors, (3), 3 states have call predecessors, (3), 2 states have call successors, (3)
[2021-04-24 13:57:53,323 INFO  L144             Difference]: Subtrahend was deterministic. Have not used determinization.
[2021-04-24 13:57:53,324 INFO  L93              Difference]: Finished difference Result 116 states and 279 transitions.
[2021-04-24 13:57:53,324 INFO  L141   InterpolantAutomaton]: Switched to read-only mode: deterministic interpolant automaton has 6 states. 
[2021-04-24 13:57:53,325 INFO  L82        GeneralOperation]: Start removeNonLiveStates. Operand 116 states and 279 transitions.
[2021-04-24 13:57:53,330 INFO  L131   ngComponentsAnalysis]: Automaton has 3 accepting balls. 24
[2021-04-24 13:57:53,334 INFO  L88        GeneralOperation]: Finished removeNonLiveStates. Reduced from 116 states to 112 states and 271 transitions.
[2021-04-24 13:57:53,335 INFO  L87         BuchiClosureNwa]: Accepting states before buchiClosure: 51
[2021-04-24 13:57:53,335 INFO  L106        BuchiClosureNwa]: Accepting states after buchiClosure: 53
[2021-04-24 13:57:53,336 INFO  L73         IsDeterministic]: Start isDeterministic. Operand 112 states and 271 transitions.
[2021-04-24 13:57:53,338 INFO  L80         IsDeterministic]: Finished isDeterministic. Operand is deterministic.
[2021-04-24 13:57:53,338 INFO  L692         BuchiCegarLoop]: Abstraction has 112 states and 271 transitions.
[2021-04-24 13:57:53,351 INFO  L82        GeneralOperation]: Start minimizeSevpa. Operand 112 states and 271 transitions.
[2021-04-24 13:57:53,361 INFO  L88        GeneralOperation]: Finished minimizeSevpa. Reduced states from 112 to 100.
[2021-04-24 13:57:53,362 INFO  L82        GeneralOperation]: Start removeUnreachable. Operand  has 100 states, 85 states have (on average 2.6588235294117646) internal successors, (226), 83 states have internal predecessors, (226), 7 states have call successors, (7), 7 states have call predecessors, (7), 8 states have return successors, (18), 10 states have call predecessors, (18), 7 states have call successors, (18)
[2021-04-24 13:57:53,363 INFO  L88        GeneralOperation]: Finished removeUnreachable. Reduced from 100 states to 100 states and 251 transitions.
[2021-04-24 13:57:53,364 INFO  L715         BuchiCegarLoop]: Abstraction has 100 states and 251 transitions.
[2021-04-24 13:57:53,364 INFO  L595         BuchiCegarLoop]: Abstraction has 100 states and 251 transitions.
[2021-04-24 13:57:53,364 INFO  L427         BuchiCegarLoop]: ======== Iteration 2============
[2021-04-24 13:57:53,364 INFO  L72            BuchiIsEmpty]: Start buchiIsEmpty. Operand 100 states and 251 transitions.
[2021-04-24 13:57:53,366 INFO  L131   ngComponentsAnalysis]: Automaton has 2 accepting balls. 21
[2021-04-24 13:57:53,366 INFO  L87            BuchiIsEmpty]: Finished buchiIsEmpty Result is false
[2021-04-24 13:57:53,366 INFO  L119           BuchiIsEmpty]: Starting construction of run
[2021-04-24 13:57:53,367 INFO  L853         BuchiCegarLoop]: Counterexample stem histogram [1, 1, 1, 1, 1, 1, 1, 1, 1, 1, 1, 1, 1, 1, 1, 1, 1, 1, 1, 1]
[2021-04-24 13:57:53,367 INFO  L854         BuchiCegarLoop]: Counterexample loop histogram [1, 1, 1, 1, 1, 1, 1, 1, 1, 1, 1, 1, 1, 1, 1]
[2021-04-24 13:57:53,367 INFO  L794   eck$LassoCheckResult]: Stem: 207#ULTIMATE.startENTRY_NONWA [180] ULTIMATE.startENTRY_NONWA-->ULTIMATE.initENTRY_NONWA: Formula: true  InVars {}  OutVars{}  AuxVars[]  AssignedVars[]< 208#ULTIMATE.initENTRY_NONWA [243] ULTIMATE.initENTRY_NONWA-->L10_NONWA: Formula: (= v_~b~0_9 0)  InVars {}  OutVars{~b~0=v_~b~0_9}  AuxVars[]  AssignedVars[~b~0] 241#L10_NONWA [231] L10_NONWA-->L11_NONWA: Formula: (= v_~_x_b~0_8 0)  InVars {}  OutVars{~_x_b~0=v_~_x_b~0_8}  AuxVars[]  AssignedVars[~_x_b~0] 242#L11_NONWA [269] L11_NONWA-->L11-1_NONWA: Formula: (= v_~x~0_10 0)  InVars {}  OutVars{~x~0=v_~x~0_10}  AuxVars[]  AssignedVars[~x~0] 250#L11-1_NONWA [263] L11-1_NONWA-->ULTIMATE.initFINAL_NONWA: Formula: (= v_~_x_x~0_9 0)  InVars {}  OutVars{~_x_x~0=v_~_x_x~0_9}  AuxVars[]  AssignedVars[~_x_x~0] 225#ULTIMATE.initFINAL_NONWA [207] ULTIMATE.initFINAL_NONWA-->ULTIMATE.initEXIT_NONWA: Formula: true  InVars {}  OutVars{}  AuxVars[]  AssignedVars[] 226#ULTIMATE.initEXIT_NONWA >[278] ULTIMATE.initEXIT_NONWA-->L-1_NONWA: AOR: Formula: true  InVars {}  OutVars{}  AuxVars[]  AssignedVars[] LVA: Formula: true  InVars {}  OutVars{}  AuxVars[]  AssignedVars[] 197#L-1_NONWA [258] L-1_NONWA-->mainENTRY_T0_init: Formula: true  InVars {}  OutVars{}  AuxVars[]  AssignedVars[]< 235#mainENTRY_T0_init [228] mainENTRY_T0_init-->mainENTRY_T0_init-D2: Formula: true  InVars {}  OutVars{}  AuxVars[]  AssignedVars[]< 234#mainENTRY_T0_init-D2 [285] mainENTRY_T0_init-D2-->__VERIFIER_nondet_boolENTRY_accept_S1: Formula: (>= 0 v_~x~0_14)  InVars {~x~0=v_~x~0_14}  OutVars{~x~0=v_~x~0_14}  AuxVars[]  AssignedVars[] 236#__VERIFIER_nondet_boolENTRY_accept_S1 [339] __VERIFIER_nondet_boolENTRY_accept_S1-->L6_accept_S1: Formula: (and (< |v___VERIFIER_nondet_bool_#t~nondet0_5| 0) (>= 0 v_~x~0_17) (= |v___VERIFIER_nondet_bool_#res_2| 1))  InVars {__VERIFIER_nondet_bool_#t~nondet0=|v___VERIFIER_nondet_bool_#t~nondet0_5|, ~x~0=v_~x~0_17}  OutVars{__VERIFIER_nondet_bool_#res=|v___VERIFIER_nondet_bool_#res_2|, __VERIFIER_nondet_bool_#t~nondet0=|v___VERIFIER_nondet_bool_#t~nondet0_5|, ~x~0=v_~x~0_17}  AuxVars[]  AssignedVars[__VERIFIER_nondet_bool_#res] 287#L6_accept_S1 [290] L6_accept_S1-->__VERIFIER_nondet_boolFINAL_accept_S1: Formula: (>= 0 v_~x~0_20)  InVars {~x~0=v_~x~0_20}  OutVars{__VERIFIER_nondet_bool_#t~nondet0=|v___VERIFIER_nondet_bool_#t~nondet0_9|, ~x~0=v_~x~0_20}  AuxVars[]  AssignedVars[__VERIFIER_nondet_bool_#t~nondet0] 289#__VERIFIER_nondet_boolFINAL_accept_S1 [292] __VERIFIER_nondet_boolFINAL_accept_S1-->__VERIFIER_nondet_boolEXIT_accept_S1: Formula: (>= 0 v_~x~0_12)  InVars {~x~0=v_~x~0_12}  OutVars{~x~0=v_~x~0_12}  AuxVars[]  AssignedVars[] 261#__VERIFIER_nondet_boolEXIT_accept_S1 >[281] __VERIFIER_nondet_boolEXIT_accept_S1-->L15-D7: AOR: Formula: (= |v_main_#t~ret1_4| |v___VERIFIER_nondet_bool_#resOutParam_1|)  InVars {__VERIFIER_nondet_bool_#res=|v___VERIFIER_nondet_bool_#resOutParam_1|}  OutVars{main_#t~ret1=|v_main_#t~ret1_4|}  AuxVars[]  AssignedVars[main_#t~ret1] LVA: Formula: true  InVars {}  OutVars{}  AuxVars[]  AssignedVars[] 251#L15-D7 [272] L15-D7-->L15_accept_S1: Formula: true  InVars {}  OutVars{}  AuxVars[]  AssignedVars[] 199#L15_accept_S1 [295] L15_accept_S1-->L15-1_accept_S1: Formula: (and (>= 0 v_~x~0_29) (= v_~b~0_10 |v_main_#t~ret1_5|))  InVars {main_#t~ret1=|v_main_#t~ret1_5|, ~x~0=v_~x~0_29}  OutVars{~b~0=v_~b~0_10, main_#t~ret1=|v_main_#t~ret1_5|, ~x~0=v_~x~0_29}  AuxVars[]  AssignedVars[~b~0] 200#L15-1_accept_S1 [194] L15-1_accept_S1-->L16_T0_init: Formula: true  InVars {}  OutVars{main_#t~ret1=|v_main_#t~ret1_10|}  AuxVars[]  AssignedVars[main_#t~ret1] 202#L16_T0_init [305] L16_T0_init-->L16-1_accept_S1: Formula: (and (>= 0 v_~x~0_41) (= v_~x~0_41 |v_main_#t~nondet2_7|))  InVars {main_#t~nondet2=|v_main_#t~nondet2_7|}  OutVars{~x~0=v_~x~0_41, main_#t~nondet2=|v_main_#t~nondet2_7|}  AuxVars[]  AssignedVars[~x~0] 238#L16-1_accept_S1 [308] L16-1_accept_S1-->L18_accept_S1: Formula: (>= 0 v_~x~0_45)  InVars {~x~0=v_~x~0_45}  OutVars{~x~0=v_~x~0_45, main_#t~nondet2=|v_main_#t~nondet2_9|}  AuxVars[]  AssignedVars[main_#t~nondet2] 248#L18_accept_S1 [385] L18_accept_S1-->L19-2_accept_S1: Formula: (and (<= 0 v_~x~0_27) (= v_main_~__ok~0_9 1) (>= 0 v_~x~0_27))  InVars {~x~0=v_~x~0_27}  OutVars{main_~__ok~0=v_main_~__ok~0_9, ~x~0=v_~x~0_27}  AuxVars[]  AssignedVars[main_~__ok~0] 233#L19-2_accept_S1 
[2021-04-24 13:57:53,368 INFO  L796   eck$LassoCheckResult]: Loop: 233#L19-2_accept_S1 [388] L19-2_accept_S1-->L20_accept_S1: Formula: (and (> v_main_~__ok~0_7 0) (>= 0 v_~x~0_24))  InVars {main_~__ok~0=v_main_~__ok~0_7, ~x~0=v_~x~0_24}  OutVars{main_~__ok~0=v_main_~__ok~0_7, ~x~0=v_~x~0_24}  AuxVars[]  AssignedVars[] 193#L20_accept_S1 [264] L20_accept_S1-->L20_accept_S1-D3: Formula: true  InVars {}  OutVars{}  AuxVars[]  AssignedVars[]< 244#L20_accept_S1-D3 [249] L20_accept_S1-D3-->__VERIFIER_nondet_boolENTRY_T0_init: Formula: true  InVars {}  OutVars{}  AuxVars[]  AssignedVars[] 245#__VERIFIER_nondet_boolENTRY_T0_init [335] __VERIFIER_nondet_boolENTRY_T0_init-->L6_T0_init: Formula: (and (= |v___VERIFIER_nondet_bool_#res_5| 1) (> |v___VERIFIER_nondet_bool_#t~nondet0_8| 0))  InVars {__VERIFIER_nondet_bool_#t~nondet0=|v___VERIFIER_nondet_bool_#t~nondet0_8|}  OutVars{__VERIFIER_nondet_bool_#t~nondet0=|v___VERIFIER_nondet_bool_#t~nondet0_8|, __VERIFIER_nondet_bool_#res=|v___VERIFIER_nondet_bool_#res_5|}  AuxVars[]  AssignedVars[__VERIFIER_nondet_bool_#res] 231#L6_T0_init [291] L6_T0_init-->__VERIFIER_nondet_boolFINAL_accept_S1: Formula: (>= 0 v_~x~0_11)  InVars {~x~0=v_~x~0_11}  OutVars{__VERIFIER_nondet_bool_#t~nondet0=|v___VERIFIER_nondet_bool_#t~nondet0_3|, ~x~0=v_~x~0_11}  AuxVars[]  AssignedVars[__VERIFIER_nondet_bool_#t~nondet0] 223#__VERIFIER_nondet_boolFINAL_accept_S1 [221] __VERIFIER_nondet_boolFINAL_accept_S1-->__VERIFIER_nondet_boolEXIT_T0_init: Formula: true  InVars {}  OutVars{}  AuxVars[]  AssignedVars[] 192#__VERIFIER_nondet_boolEXIT_T0_init >[274] __VERIFIER_nondet_boolEXIT_T0_init-->L20-1-D10: AOR: Formula: (= |v_main_#t~ret3_4| |v___VERIFIER_nondet_bool_#resOutParam_2|)  InVars {__VERIFIER_nondet_bool_#res=|v___VERIFIER_nondet_bool_#resOutParam_2|}  OutVars{main_#t~ret3=|v_main_#t~ret3_4|}  AuxVars[]  AssignedVars[main_#t~ret3] LVA: Formula: true  InVars {}  OutVars{}  AuxVars[]  AssignedVars[] 195#L20-1-D10 [203] L20-1-D10-->L20-1_T0_init: Formula: true  InVars {}  OutVars{}  AuxVars[]  AssignedVars[] 215#L20-1_T0_init [192] L20-1_T0_init-->L20-2_T0_init: Formula: (= v_~_x_b~0_10 |v_main_#t~ret3_8|)  InVars {main_#t~ret3=|v_main_#t~ret3_8|}  OutVars{~_x_b~0=v_~_x_b~0_10, main_#t~ret3=|v_main_#t~ret3_8|}  AuxVars[]  AssignedVars[~_x_b~0] 210#L20-2_T0_init [184] L20-2_T0_init-->L21_T0_init: Formula: true  InVars {}  OutVars{main_#t~ret3=|v_main_#t~ret3_12|}  AuxVars[]  AssignedVars[main_#t~ret3] 212#L21_T0_init [198] L21_T0_init-->L21-1_T0_init: Formula: (= v_~_x_x~0_17 |v_main_#t~nondet4_8|)  InVars {main_#t~nondet4=|v_main_#t~nondet4_8|}  OutVars{main_#t~nondet4=|v_main_#t~nondet4_8|, ~_x_x~0=v_~_x_x~0_17}  AuxVars[]  AssignedVars[~_x_x~0] 254#L21-1_T0_init [247] L21-1_T0_init-->L23_T0_init: Formula: true  InVars {}  OutVars{main_#t~nondet4=|v_main_#t~nondet4_4|}  AuxVars[]  AssignedVars[main_#t~nondet4] 252#L23_T0_init [352] L23_T0_init-->L24_accept_S1: Formula: (and (> v_~b~0_20 0) (< (+ v_~x~0_58 v_~_x_x~0_20 1) 0) (>= 0 v_~x~0_58) (= v_main_~__ok~0_19 1))  InVars {~_x_x~0=v_~_x_x~0_20, ~b~0=v_~b~0_20, ~x~0=v_~x~0_58}  OutVars{~_x_x~0=v_~_x_x~0_20, main_~__ok~0=v_main_~__ok~0_19, ~b~0=v_~b~0_20, ~x~0=v_~x~0_58}  AuxVars[]  AssignedVars[main_~__ok~0] 214#L24_accept_S1 [190] L24_accept_S1-->L25_T0_init: Formula: (= v_~b~0_13 v_~_x_b~0_12)  InVars {~_x_b~0=v_~_x_b~0_12}  OutVars{~b~0=v_~b~0_13, ~_x_b~0=v_~_x_b~0_12}  AuxVars[]  AssignedVars[~b~0] 205#L25_T0_init [327] L25_T0_init-->L19-2_accept_S1: Formula: (and (= v_~x~0_54 v_~_x_x~0_18) (>= 0 v_~x~0_54))  InVars {~_x_x~0=v_~_x_x~0_18}  OutVars{~x~0=v_~x~0_54, ~_x_x~0=v_~_x_x~0_18}  AuxVars[]  AssignedVars[~x~0] 233#L19-2_accept_S1 
[2021-04-24 13:57:53,368 INFO  L144       PredicateUnifier]: Initialized classic predicate unifier
[2021-04-24 13:57:53,368 INFO  L82        PathProgramCache]: Analyzing trace with hash -816692598, now seen corresponding path program 1 times
[2021-04-24 13:57:53,369 INFO  L162   FreeRefinementEngine]: Executing refinement strategy FIXED_PREFERENCES
[2021-04-24 13:57:53,369 INFO  L353   FreeRefinementEngine]: Using trace check IpTcStrategyModulePreferences [315195134]
[2021-04-24 13:57:53,369 INFO  L95    rtionOrderModulation]: Keeping assertion order NOT_INCREMENTALLY
[2021-04-24 13:57:53,373 INFO  L136    AnnotateAndAsserter]: Conjunction of SSA is sat
[2021-04-24 13:57:53,373 INFO  L223             TraceCheck]: Trace is feasible, we will do another trace check, this time with branch encoders.
[2021-04-24 13:57:53,376 INFO  L136    AnnotateAndAsserter]: Conjunction of SSA is sat
[2021-04-24 13:57:53,376 INFO  L223             TraceCheck]: Trace is feasible, we will do another trace check, this time with branch encoders.
[2021-04-24 13:57:53,378 INFO  L173   FreeRefinementEngine]: Strategy FIXED_PREFERENCES found a feasible trace
[2021-04-24 13:57:53,379 INFO  L144       PredicateUnifier]: Initialized classic predicate unifier
[2021-04-24 13:57:53,379 INFO  L82        PathProgramCache]: Analyzing trace with hash 871278162, now seen corresponding path program 1 times
[2021-04-24 13:57:53,379 INFO  L162   FreeRefinementEngine]: Executing refinement strategy FIXED_PREFERENCES
[2021-04-24 13:57:53,379 INFO  L353   FreeRefinementEngine]: Using trace check IpTcStrategyModulePreferences [199217273]
[2021-04-24 13:57:53,379 INFO  L95    rtionOrderModulation]: Keeping assertion order NOT_INCREMENTALLY
[2021-04-24 13:57:53,381 INFO  L136    AnnotateAndAsserter]: Conjunction of SSA is sat
[2021-04-24 13:57:53,382 INFO  L223             TraceCheck]: Trace is feasible, we will do another trace check, this time with branch encoders.
[2021-04-24 13:57:53,383 INFO  L136    AnnotateAndAsserter]: Conjunction of SSA is sat
[2021-04-24 13:57:53,383 INFO  L223             TraceCheck]: Trace is feasible, we will do another trace check, this time with branch encoders.
[2021-04-24 13:57:53,384 INFO  L173   FreeRefinementEngine]: Strategy FIXED_PREFERENCES found a feasible trace
[2021-04-24 13:57:53,385 INFO  L144       PredicateUnifier]: Initialized classic predicate unifier
[2021-04-24 13:57:53,385 INFO  L82        PathProgramCache]: Analyzing trace with hash -392175447, now seen corresponding path program 1 times
[2021-04-24 13:57:53,385 INFO  L162   FreeRefinementEngine]: Executing refinement strategy FIXED_PREFERENCES
[2021-04-24 13:57:53,385 INFO  L353   FreeRefinementEngine]: Using trace check IpTcStrategyModulePreferences [378214559]
[2021-04-24 13:57:53,385 INFO  L95    rtionOrderModulation]: Keeping assertion order NOT_INCREMENTALLY
[2021-04-24 13:57:53,389 INFO  L136    AnnotateAndAsserter]: Conjunction of SSA is sat
[2021-04-24 13:57:53,390 INFO  L223             TraceCheck]: Trace is feasible, we will do another trace check, this time with branch encoders.
[2021-04-24 13:57:53,393 INFO  L136    AnnotateAndAsserter]: Conjunction of SSA is sat
[2021-04-24 13:57:53,394 INFO  L223             TraceCheck]: Trace is feasible, we will do another trace check, this time with branch encoders.
[2021-04-24 13:57:53,396 INFO  L173   FreeRefinementEngine]: Strategy FIXED_PREFERENCES found a feasible trace
[2021-04-24 13:57:53,403 INFO  L142       QuantifierPusher]: treesize reduction 0, result has 100.0 percent of original size
[2021-04-24 13:57:53,404 INFO  L147       QuantifierPusher]: treesize reduction 0, result has 100.0 percent of original size 10
[2021-04-24 13:57:53,408 INFO  L142       QuantifierPusher]: treesize reduction 0, result has 100.0 percent of original size
[2021-04-24 13:57:53,408 INFO  L147       QuantifierPusher]: treesize reduction 0, result has 100.0 percent of original size 13
[2021-04-24 13:57:53,421 INFO  L142       QuantifierPusher]: treesize reduction 0, result has 100.0 percent of original size
[2021-04-24 13:57:53,436 INFO  L147       QuantifierPusher]: treesize reduction 0, result has 100.0 percent of original size 34
[2021-04-24 13:57:53,447 INFO  L142       QuantifierPusher]: treesize reduction 0, result has 100.0 percent of original size
[2021-04-24 13:57:53,447 INFO  L147       QuantifierPusher]: treesize reduction 0, result has 100.0 percent of original size 13
[2021-04-24 13:57:53,453 INFO  L142       QuantifierPusher]: treesize reduction 0, result has 100.0 percent of original size
[2021-04-24 13:57:53,455 INFO  L147       QuantifierPusher]: treesize reduction 0, result has 100.0 percent of original size 25
[2021-04-24 13:57:53,458 INFO  L142       QuantifierPusher]: treesize reduction 0, result has 100.0 percent of original size
[2021-04-24 13:57:53,459 INFO  L147       QuantifierPusher]: treesize reduction 0, result has 100.0 percent of original size 10
[2021-04-24 13:57:53,462 INFO  L142       QuantifierPusher]: treesize reduction 0, result has 100.0 percent of original size
[2021-04-24 13:57:53,462 INFO  L147       QuantifierPusher]: treesize reduction 0, result has 100.0 percent of original size 13
[2021-04-24 13:57:53,468 INFO  L142       QuantifierPusher]: treesize reduction 0, result has 100.0 percent of original size
[2021-04-24 13:57:53,470 INFO  L147       QuantifierPusher]: treesize reduction 0, result has 100.0 percent of original size 19
[2021-04-24 13:57:53,478 INFO  L142       QuantifierPusher]: treesize reduction 0, result has 100.0 percent of original size
[2021-04-24 13:57:53,479 INFO  L147       QuantifierPusher]: treesize reduction 0, result has 100.0 percent of original size 25
[2021-04-24 13:57:53,486 INFO  L142       QuantifierPusher]: treesize reduction 0, result has 100.0 percent of original size
[2021-04-24 13:57:53,488 INFO  L147       QuantifierPusher]: treesize reduction 0, result has 100.0 percent of original size 25
[2021-04-24 13:57:53,507 INFO  L142       QuantifierPusher]: treesize reduction 0, result has 100.0 percent of original size
[2021-04-24 13:57:53,509 INFO  L147       QuantifierPusher]: treesize reduction 0, result has 100.0 percent of original size 31
[2021-04-24 13:57:53,516 INFO  L210          LassoAnalysis]: Preferences:
[2021-04-24 13:57:53,517 INFO  L126   ssoRankerPreferences]: Compute integeral hull: false
[2021-04-24 13:57:53,517 INFO  L127   ssoRankerPreferences]: Enable LassoPartitioneer: true
[2021-04-24 13:57:53,517 INFO  L128   ssoRankerPreferences]: Term annotations enabled: false
[2021-04-24 13:57:53,517 INFO  L129   ssoRankerPreferences]: Use exernal solver: true
[2021-04-24 13:57:53,517 INFO  L130   ssoRankerPreferences]: SMT solver command: z3 SMTLIB2_COMPLIANT=true -memory:1024 -smt2 -in -t:12000
[2021-04-24 13:57:53,517 INFO  L131   ssoRankerPreferences]: Dump SMT script to file: false
[2021-04-24 13:57:53,517 INFO  L132   ssoRankerPreferences]: Path of dumped script: 
[2021-04-24 13:57:53,517 INFO  L133   ssoRankerPreferences]: Filename of dumped script: simple_int1.c_BEv2_Iteration2_Lasso
[2021-04-24 13:57:53,517 INFO  L134   ssoRankerPreferences]: MapElimAlgo: Frank
[2021-04-24 13:57:53,517 INFO  L276          LassoAnalysis]: Starting lasso preprocessing...
[2021-04-24 13:57:53,524 INFO  L141          MapEliminator]: Using MapEliminator with SimplificationTechnique=SIMPLIFY_DDA XnfConversionTechnique=BOTTOM_UP_WITH_LOCAL_SIMPLIFICATION AddInequalities=false OnlyTrivialImplicationsArrayWrite=false OnlyTrivialImplicationsForModifiedArguments=true OnlyArgumentsInFormula=true
[2021-04-24 13:57:53,529 INFO  L141          MapEliminator]: Using MapEliminator with SimplificationTechnique=SIMPLIFY_DDA XnfConversionTechnique=BOTTOM_UP_WITH_LOCAL_SIMPLIFICATION AddInequalities=false OnlyTrivialImplicationsArrayWrite=false OnlyTrivialImplicationsForModifiedArguments=true OnlyArgumentsInFormula=true
[2021-04-24 13:57:53,529 INFO  L141          MapEliminator]: Using MapEliminator with SimplificationTechnique=SIMPLIFY_DDA XnfConversionTechnique=BOTTOM_UP_WITH_LOCAL_SIMPLIFICATION AddInequalities=false OnlyTrivialImplicationsArrayWrite=false OnlyTrivialImplicationsForModifiedArguments=true OnlyArgumentsInFormula=true
[2021-04-24 13:57:53,530 INFO  L141          MapEliminator]: Using MapEliminator with SimplificationTechnique=SIMPLIFY_DDA XnfConversionTechnique=BOTTOM_UP_WITH_LOCAL_SIMPLIFICATION AddInequalities=false OnlyTrivialImplicationsArrayWrite=false OnlyTrivialImplicationsForModifiedArguments=true OnlyArgumentsInFormula=true
[2021-04-24 13:57:53,534 INFO  L141          MapEliminator]: Using MapEliminator with SimplificationTechnique=SIMPLIFY_DDA XnfConversionTechnique=BOTTOM_UP_WITH_LOCAL_SIMPLIFICATION AddInequalities=false OnlyTrivialImplicationsArrayWrite=false OnlyTrivialImplicationsForModifiedArguments=true OnlyArgumentsInFormula=true
[2021-04-24 13:57:53,534 INFO  L141          MapEliminator]: Using MapEliminator with SimplificationTechnique=SIMPLIFY_DDA XnfConversionTechnique=BOTTOM_UP_WITH_LOCAL_SIMPLIFICATION AddInequalities=false OnlyTrivialImplicationsArrayWrite=false OnlyTrivialImplicationsForModifiedArguments=true OnlyArgumentsInFormula=true
[2021-04-24 13:57:53,535 INFO  L141          MapEliminator]: Using MapEliminator with SimplificationTechnique=SIMPLIFY_DDA XnfConversionTechnique=BOTTOM_UP_WITH_LOCAL_SIMPLIFICATION AddInequalities=false OnlyTrivialImplicationsArrayWrite=false OnlyTrivialImplicationsForModifiedArguments=true OnlyArgumentsInFormula=true
[2021-04-24 13:57:53,535 INFO  L141          MapEliminator]: Using MapEliminator with SimplificationTechnique=SIMPLIFY_DDA XnfConversionTechnique=BOTTOM_UP_WITH_LOCAL_SIMPLIFICATION AddInequalities=false OnlyTrivialImplicationsArrayWrite=false OnlyTrivialImplicationsForModifiedArguments=true OnlyArgumentsInFormula=true
[2021-04-24 13:57:53,536 INFO  L141          MapEliminator]: Using MapEliminator with SimplificationTechnique=SIMPLIFY_DDA XnfConversionTechnique=BOTTOM_UP_WITH_LOCAL_SIMPLIFICATION AddInequalities=false OnlyTrivialImplicationsArrayWrite=false OnlyTrivialImplicationsForModifiedArguments=true OnlyArgumentsInFormula=true
[2021-04-24 13:57:53,561 INFO  L294          LassoAnalysis]: Preprocessing complete.
[2021-04-24 13:57:53,562 INFO  L404          LassoAnalysis]: Checking for nontermination...
No working directory specified, using /home/singularity/UAutomizer-linux/z3
Starting monitored process 2 with z3 SMTLIB2_COMPLIANT=true -memory:1024 -smt2 -in -t:12000 (exit command is (exit), workingDir is null)
Waiting until toolchain timeout for monitored process 2 with z3 SMTLIB2_COMPLIANT=true -memory:1024 -smt2 -in -t:12000
[2021-04-24 13:57:53,609 INFO  L148   nArgumentSynthesizer]: Nontermination analysis: NONLINEAR Allow bounded executions: true Number of generalized eigenvectors: 0 Nilpotent components: true
[2021-04-24 13:57:53,609 INFO  L160   nArgumentSynthesizer]: Using integer mode.
No working directory specified, using /home/singularity/UAutomizer-linux/z3
Starting monitored process 3 with z3 SMTLIB2_COMPLIANT=true -memory:1024 -smt2 -in -t:12000 (exit command is (exit), workingDir is null)
Waiting until toolchain timeout for monitored process 3 with z3 SMTLIB2_COMPLIANT=true -memory:1024 -smt2 -in -t:12000
[2021-04-24 13:57:53,702 INFO  L148   nArgumentSynthesizer]: Nontermination analysis: NONLINEAR Allow bounded executions: true Number of generalized eigenvectors: 3 Nilpotent components: true
[2021-04-24 13:57:53,702 INFO  L160   nArgumentSynthesizer]: Using integer mode.
[2021-04-24 13:57:53,798 INFO  L437          LassoAnalysis]: Proved nontermination for one component.
[2021-04-24 13:57:53,798 INFO  L440          LassoAnalysis]: Non-Termination argument consisting of: Initial state: {~b~0=0, ~_x_b~0=0, old(~_x_b~0)=0} Honda state: {~b~0=1, ~_x_b~0=0, old(~_x_b~0)=0} Generalized eigenvectors: [{~b~0=0, ~_x_b~0=5, old(~_x_b~0)=0}, {~b~0=0, ~_x_b~0=4, old(~_x_b~0)=0}, {~b~0=0, ~_x_b~0=-8, old(~_x_b~0)=0}] Lambdas: [0, 2, 0] Nus: [0, 1]
No working directory specified, using /home/singularity/UAutomizer-linux/z3
Starting monitored process 4 with z3 SMTLIB2_COMPLIANT=true -memory:1024 -smt2 -in -t:12000 (exit command is (exit), workingDir is null)
Waiting until toolchain timeout for monitored process 4 with z3 SMTLIB2_COMPLIANT=true -memory:1024 -smt2 -in -t:12000
[2021-04-24 13:57:53,806 INFO  L148   nArgumentSynthesizer]: Nontermination analysis: NONLINEAR Allow bounded executions: true Number of generalized eigenvectors: 0 Nilpotent components: true
[2021-04-24 13:57:53,806 INFO  L160   nArgumentSynthesizer]: Using integer mode.
[2021-04-24 13:57:53,809 INFO  L437          LassoAnalysis]: Proved nontermination for one component.
[2021-04-24 13:57:53,809 INFO  L440          LassoAnalysis]: Non-Termination argument consisting of: Initial state: {main_#t~ret1=0} Honda state: {main_#t~ret1=0} Generalized eigenvectors: [] Lambdas: [] Nus: []
No working directory specified, using /home/singularity/UAutomizer-linux/z3
Starting monitored process 5 with z3 SMTLIB2_COMPLIANT=true -memory:1024 -smt2 -in -t:12000 (exit command is (exit), workingDir is null)
Waiting until toolchain timeout for monitored process 5 with z3 SMTLIB2_COMPLIANT=true -memory:1024 -smt2 -in -t:12000
[2021-04-24 13:57:53,817 INFO  L148   nArgumentSynthesizer]: Nontermination analysis: NONLINEAR Allow bounded executions: true Number of generalized eigenvectors: 0 Nilpotent components: true
[2021-04-24 13:57:53,817 INFO  L160   nArgumentSynthesizer]: Using integer mode.
[2021-04-24 13:57:53,820 INFO  L437          LassoAnalysis]: Proved nontermination for one component.
[2021-04-24 13:57:53,820 INFO  L440          LassoAnalysis]: Non-Termination argument consisting of: Initial state: {main_#t~nondet2=0} Honda state: {main_#t~nondet2=0} Generalized eigenvectors: [] Lambdas: [] Nus: []
No working directory specified, using /home/singularity/UAutomizer-linux/z3
Starting monitored process 6 with z3 SMTLIB2_COMPLIANT=true -memory:1024 -smt2 -in -t:12000 (exit command is (exit), workingDir is null)
Waiting until toolchain timeout for monitored process 6 with z3 SMTLIB2_COMPLIANT=true -memory:1024 -smt2 -in -t:12000
[2021-04-24 13:57:53,829 INFO  L148   nArgumentSynthesizer]: Nontermination analysis: NONLINEAR Allow bounded executions: true Number of generalized eigenvectors: 0 Nilpotent components: true
[2021-04-24 13:57:53,829 INFO  L160   nArgumentSynthesizer]: Using integer mode.
No working directory specified, using /home/singularity/UAutomizer-linux/z3
Starting monitored process 7 with z3 SMTLIB2_COMPLIANT=true -memory:1024 -smt2 -in -t:12000 (exit command is (exit), workingDir is null)
Waiting until toolchain timeout for monitored process 7 with z3 SMTLIB2_COMPLIANT=true -memory:1024 -smt2 -in -t:12000
[2021-04-24 13:57:53,850 INFO  L148   nArgumentSynthesizer]: Nontermination analysis: NONLINEAR Allow bounded executions: true Number of generalized eigenvectors: 3 Nilpotent components: true
[2021-04-24 13:57:53,850 INFO  L160   nArgumentSynthesizer]: Using integer mode.
[2021-04-24 13:57:53,959 INFO  L437          LassoAnalysis]: Proved nontermination for one component.
[2021-04-24 13:57:53,960 INFO  L440          LassoAnalysis]: Non-Termination argument consisting of: Initial state: {main_#t~nondet4=-5, old(~_x_x~0)=0, ~_x_x~0=0, ~x~0=0} Honda state: {main_#t~nondet4=-5, old(~_x_x~0)=0, ~_x_x~0=0, ~x~0=0} Generalized eigenvectors: [{main_#t~nondet4=0, old(~_x_x~0)=0, ~_x_x~0=5, ~x~0=-1}, {main_#t~nondet4=-3, old(~_x_x~0)=0, ~_x_x~0=-3, ~x~0=-3}, {main_#t~nondet4=0, old(~_x_x~0)=0, ~_x_x~0=-7, ~x~0=-1}] Lambdas: [0, 1, 0] Nus: [0, 0]
No working directory specified, using /home/singularity/UAutomizer-linux/z3
Starting monitored process 8 with z3 SMTLIB2_COMPLIANT=true -memory:1024 -smt2 -in -t:12000 (exit command is (exit), workingDir is null)
Waiting until toolchain timeout for monitored process 8 with z3 SMTLIB2_COMPLIANT=true -memory:1024 -smt2 -in -t:12000
[2021-04-24 13:57:53,965 INFO  L148   nArgumentSynthesizer]: Nontermination analysis: NONLINEAR Allow bounded executions: true Number of generalized eigenvectors: 0 Nilpotent components: true
[2021-04-24 13:57:53,965 INFO  L160   nArgumentSynthesizer]: Using integer mode.
[2021-04-24 13:57:53,968 INFO  L437          LassoAnalysis]: Proved nontermination for one component.
[2021-04-24 13:57:53,968 INFO  L440          LassoAnalysis]: Non-Termination argument consisting of: Initial state: {ULTIMATE.start_#t~ret5=0} Honda state: {ULTIMATE.start_#t~ret5=0} Generalized eigenvectors: [] Lambdas: [] Nus: []
No working directory specified, using /home/singularity/UAutomizer-linux/z3
Starting monitored process 9 with z3 SMTLIB2_COMPLIANT=true -memory:1024 -smt2 -in -t:12000 (exit command is (exit), workingDir is null)
Waiting until toolchain timeout for monitored process 9 with z3 SMTLIB2_COMPLIANT=true -memory:1024 -smt2 -in -t:12000
[2021-04-24 13:57:53,972 INFO  L148   nArgumentSynthesizer]: Nontermination analysis: NONLINEAR Allow bounded executions: true Number of generalized eigenvectors: 0 Nilpotent components: true
[2021-04-24 13:57:53,973 INFO  L160   nArgumentSynthesizer]: Using integer mode.
[2021-04-24 13:57:53,976 INFO  L437          LassoAnalysis]: Proved nontermination for one component.
[2021-04-24 13:57:53,976 INFO  L440          LassoAnalysis]: Non-Termination argument consisting of: Initial state: {main_~__ok~0=0} Honda state: {main_~__ok~0=1} Generalized eigenvectors: [] Lambdas: [] Nus: []
No working directory specified, using /home/singularity/UAutomizer-linux/z3
Starting monitored process 10 with z3 SMTLIB2_COMPLIANT=true -memory:1024 -smt2 -in -t:12000 (exit command is (exit), workingDir is null)
Waiting until toolchain timeout for monitored process 10 with z3 SMTLIB2_COMPLIANT=true -memory:1024 -smt2 -in -t:12000
[2021-04-24 13:57:53,980 INFO  L148   nArgumentSynthesizer]: Nontermination analysis: NONLINEAR Allow bounded executions: true Number of generalized eigenvectors: 0 Nilpotent components: true
[2021-04-24 13:57:53,980 INFO  L160   nArgumentSynthesizer]: Using integer mode.
[2021-04-24 13:57:53,983 INFO  L437          LassoAnalysis]: Proved nontermination for one component.
[2021-04-24 13:57:53,984 INFO  L440          LassoAnalysis]: Non-Termination argument consisting of: Initial state: {main_#t~ret3=0} Honda state: {main_#t~ret3=0} Generalized eigenvectors: [] Lambdas: [] Nus: []
No working directory specified, using /home/singularity/UAutomizer-linux/z3
Starting monitored process 11 with z3 SMTLIB2_COMPLIANT=true -memory:1024 -smt2 -in -t:12000 (exit command is (exit), workingDir is null)
Waiting until toolchain timeout for monitored process 11 with z3 SMTLIB2_COMPLIANT=true -memory:1024 -smt2 -in -t:12000
[2021-04-24 13:57:53,989 INFO  L148   nArgumentSynthesizer]: Nontermination analysis: NONLINEAR Allow bounded executions: true Number of generalized eigenvectors: 0 Nilpotent components: true
[2021-04-24 13:57:53,989 INFO  L160   nArgumentSynthesizer]: Using integer mode.
[2021-04-24 13:57:53,993 INFO  L437          LassoAnalysis]: Proved nontermination for one component.
[2021-04-24 13:57:53,993 INFO  L440          LassoAnalysis]: Non-Termination argument consisting of: Initial state: {old(~x~0)=0} Honda state: {old(~x~0)=0} Generalized eigenvectors: [] Lambdas: [] Nus: []
No working directory specified, using /home/singularity/UAutomizer-linux/z3
Starting monitored process 12 with z3 SMTLIB2_COMPLIANT=true -memory:1024 -smt2 -in -t:12000 (exit command is (exit), workingDir is null)
Waiting until toolchain timeout for monitored process 12 with z3 SMTLIB2_COMPLIANT=true -memory:1024 -smt2 -in -t:12000
[2021-04-24 13:57:54,000 INFO  L148   nArgumentSynthesizer]: Nontermination analysis: NONLINEAR Allow bounded executions: true Number of generalized eigenvectors: 0 Nilpotent components: true
[2021-04-24 13:57:54,001 INFO  L160   nArgumentSynthesizer]: Using integer mode.
[2021-04-24 13:57:54,024 INFO  L437          LassoAnalysis]: Proved nontermination for one component.
[2021-04-24 13:57:54,025 INFO  L440          LassoAnalysis]: Non-Termination argument consisting of: Initial state: {old(~b~0)=0} Honda state: {old(~b~0)=0} Generalized eigenvectors: [] Lambdas: [] Nus: []
[2021-04-24 13:57:54,039 INFO  L202        PluginConnector]: Adding new model LTL+Program Product de.uni_freiburg.informatik.ultimate.plugins.generator.buchiautomizer CFG 24.04 01:57:54 BasicIcfg
[2021-04-24 13:57:54,039 INFO  L132        PluginConnector]: ------------------------ END BuchiAutomizer----------------------------
[2021-04-24 13:57:54,040 INFO  L168              Benchmark]: Toolchain (without parser) took 1598.91 ms. Allocated memory is still 541.1 MB. Free memory was 490.5 MB in the beginning and 395.1 MB in the end (delta: 95.4 MB). Peak memory consumption was 91.5 MB. Max. memory is 12.9 GB.
[2021-04-24 13:57:54,040 INFO  L168              Benchmark]: CDTParser took 0.14 ms. Allocated memory is still 541.1 MB. Free memory is still 509.7 MB. There was no memory consumed. Max. memory is 12.9 GB.
[2021-04-24 13:57:54,041 INFO  L168              Benchmark]: CACSL2BoogieTranslator took 142.18 ms. Allocated memory is still 541.1 MB. Free memory was 490.1 MB in the beginning and 517.9 MB in the end (delta: -27.8 MB). Peak memory consumption was 18.1 MB. Max. memory is 12.9 GB.
[2021-04-24 13:57:54,041 INFO  L168              Benchmark]: Boogie Preprocessor took 14.95 ms. Allocated memory is still 541.1 MB. Free memory was 517.9 MB in the beginning and 516.7 MB in the end (delta: 1.2 MB). There was no memory consumed. Max. memory is 12.9 GB.
[2021-04-24 13:57:54,041 INFO  L168              Benchmark]: RCFGBuilder took 159.85 ms. Allocated memory is still 541.1 MB. Free memory was 516.7 MB in the beginning and 507.1 MB in the end (delta: 9.6 MB). Peak memory consumption was 10.5 MB. Max. memory is 12.9 GB.
[2021-04-24 13:57:54,042 INFO  L168              Benchmark]: LTL2Aut took 51.81 ms. Allocated memory is still 541.1 MB. Free memory was 507.1 MB in the beginning and 504.2 MB in the end (delta: 2.9 MB). Peak memory consumption was 2.1 MB. Max. memory is 12.9 GB.
[2021-04-24 13:57:54,049 INFO  L168              Benchmark]: B?chi Program Product took 69.08 ms. Allocated memory is still 541.1 MB. Free memory was 504.2 MB in the beginning and 499.1 MB in the end (delta: 5.1 MB). Peak memory consumption was 6.3 MB. Max. memory is 12.9 GB.
[2021-04-24 13:57:54,051 INFO  L168              Benchmark]: BlockEncodingV2 took 56.81 ms. Allocated memory is still 541.1 MB. Free memory was 499.1 MB in the beginning and 491.6 MB in the end (delta: 7.5 MB). Peak memory consumption was 6.3 MB. Max. memory is 12.9 GB.
[2021-04-24 13:57:54,051 INFO  L168              Benchmark]: BuchiAutomizer took 1098.76 ms. Allocated memory is still 541.1 MB. Free memory was 491.6 MB in the beginning and 395.1 MB in the end (delta: 96.5 MB). Peak memory consumption was 96.5 MB. Max. memory is 12.9 GB.
[2021-04-24 13:57:54,054 INFO  L339   ainManager$Toolchain]: #######################  End [Toolchain 1] #######################
 --- Results ---
 * Results from de.uni_freiburg.informatik.ultimate.plugins.blockencoding:
  - StatisticsResult: Initial Icfg
    58 locations, 109 edges
  - StatisticsResult: Encoded RCFG
    58 locations, 153 edges
 * Results from de.uni_freiburg.informatik.ultimate.core:
  - StatisticsResult: Toolchain Benchmarks
    Benchmark results are:
 * CDTParser took 0.14 ms. Allocated memory is still 541.1 MB. Free memory is still 509.7 MB. There was no memory consumed. Max. memory is 12.9 GB.
 * CACSL2BoogieTranslator took 142.18 ms. Allocated memory is still 541.1 MB. Free memory was 490.1 MB in the beginning and 517.9 MB in the end (delta: -27.8 MB). Peak memory consumption was 18.1 MB. Max. memory is 12.9 GB.
 * Boogie Preprocessor took 14.95 ms. Allocated memory is still 541.1 MB. Free memory was 517.9 MB in the beginning and 516.7 MB in the end (delta: 1.2 MB). There was no memory consumed. Max. memory is 12.9 GB.
 * RCFGBuilder took 159.85 ms. Allocated memory is still 541.1 MB. Free memory was 516.7 MB in the beginning and 507.1 MB in the end (delta: 9.6 MB). Peak memory consumption was 10.5 MB. Max. memory is 12.9 GB.
 * LTL2Aut took 51.81 ms. Allocated memory is still 541.1 MB. Free memory was 507.1 MB in the beginning and 504.2 MB in the end (delta: 2.9 MB). Peak memory consumption was 2.1 MB. Max. memory is 12.9 GB.
 * B?chi Program Product took 69.08 ms. Allocated memory is still 541.1 MB. Free memory was 504.2 MB in the beginning and 499.1 MB in the end (delta: 5.1 MB). Peak memory consumption was 6.3 MB. Max. memory is 12.9 GB.
 * BlockEncodingV2 took 56.81 ms. Allocated memory is still 541.1 MB. Free memory was 499.1 MB in the beginning and 491.6 MB in the end (delta: 7.5 MB). Peak memory consumption was 6.3 MB. Max. memory is 12.9 GB.
 * BuchiAutomizer took 1098.76 ms. Allocated memory is still 541.1 MB. Free memory was 491.6 MB in the beginning and 395.1 MB in the end (delta: 96.5 MB). Peak memory consumption was 96.5 MB. Max. memory is 12.9 GB.
 * Results from de.uni_freiburg.informatik.ultimate.buchiprogramproduct:
  - StatisticsResult: Initial property automaton
    2 locations, 4 edges
  - StatisticsResult: Initial RCFG
    31 locations, 37 edges
  - StatisticsResult: BuchiProgram size
    58 locations, 109 edges
 * Results from de.uni_freiburg.informatik.ultimate.plugins.generator.traceabstraction:
  - StatisticsResult: Constructed decomposition of program
    Your program was decomposed into 1 terminating modules (1 trivial, 0 deterministic, 0 nondeterministic) and one nonterminating remainder module.1 modules have a trivial ranking function, the largest among these consists of 5 locations. The remainder module has 100 locations.
  - StatisticsResult: Timing statistics
    B?chiAutomizer plugin needed 1.0s and 2 iterations.  TraceHistogramMax:1. Analysis of lassos took 0.7s. Construction of modules took 0.0s. B?chi inclusion checks took 0.0s. Highest rank in rank-based complementation 0. Minimization of det autom 1. Minimization of nondet autom 0. Automata minimization 14.8ms AutomataMinimizationTime, 1 MinimizatonAttempts, 12 StatesRemovedByMinimization, 1 NontrivialMinimizations. Non-live state removal took 0.0s Buchi closure took 0.0s. Biggest automaton had 100 states and ocurred in iteration 1.	Nontrivial modules had stage [0, 0, 0, 0, 0].	InterpolantCoveringCapabilityFinite: 0/0	InterpolantCoveringCapabilityBuchi: 0/0	HoareTripleCheckerStatistics: 97 SDtfs, 103 SDslu, 501 SDs, 0 SdLazy, 499 SolverSat, 49 SolverUnsat, 0 SolverUnknown, 0 SolverNotchecked, 95.0ms Time	LassoAnalysisResults: nont1 unkn0 SFLI0 SFLT0 conc1 concLT0 SILN0 SILU0 SILI0 SILT0 lasso0 LassoPreprocessingBenchmarks:   Lassos: inital65 mio100 ax100 hnf100 lsp49 ukn100 mio100 lsp100 div100 bol100 ite100 ukn100 eq150 hnf91 smp100 dnf100 smp100 tf100 neg100 sie104 LassoTerminationAnalysisBenchmarks: not availableLassoTerminationAnalysisBenchmarks: LassoNonterminationAnalysisSatFixpoint: 7	LassoNonterminationAnalysisSatUnbounded: 2	LassoNonterminationAnalysisUnsat: 0	LassoNonterminationAnalysisUnknown: 0	LassoNonterminationAnalysisTime: 0.4s	
  - LTLInfiniteCounterExampleResult [Line: 19]: Violation of LTL property F(G((0 < ~x~0)))
    Found an infinite, lasso-shaped execution that violates the LTL property F(G((0 < ~x~0))).
Stem:
[L10]              char b, _x_b;
[L11]              int x, _x_x;
[L15]  CALL, EXPR  __VERIFIER_nondet_bool()
[L6]               return __VERIFIER_nondet_int() != 0;
[L15]  RET, EXPR   __VERIFIER_nondet_bool()
[L15]              b = __VERIFIER_nondet_bool()
[L16]              x = __VERIFIER_nondet_int()
[L18]              int __ok = (0 <= x);
Loop:
[L19]  COND TRUE   \read(__ok)
[L20]  CALL, EXPR  __VERIFIER_nondet_bool()
[L6]               return __VERIFIER_nondet_int() != 0;
[L20]  RET, EXPR   __VERIFIER_nondet_bool()
[L20]              _x_b = __VERIFIER_nondet_bool()
[L21]              _x_x = __VERIFIER_nondet_int()
[L23]              __ok = (( !(b != 0) || (_x_x < (-1 * (x + 1)))) && ( !( !(b != 0)) || ((-1 * (x - 1)) < _x_x)))
[L24]              b = _x_b
[L25]              x = _x_x
End of lasso representation.
RESULT: Ultimate proved your program to be incorrect!
Received shutdown request...
