Creating empty 100MiB image file: /home/magnago/overlay/BradleyMannaSipma-CAV2005-Fig1-inline_false-termination.c.ext3
Formatting image with ext3 file system
Image is done: /home/magnago/overlay/BradleyMannaSipma-CAV2005-Fig1-inline_false-termination.c.ext3
This is Ultimate 0.2.1-54a68f4
[2021-04-24 13:09:54,652 INFO  L177        SettingsManager]: Resetting all preferences to default values...
[2021-04-24 13:09:54,667 INFO  L181        SettingsManager]: Resetting UltimateCore preferences to default values
[2021-04-24 13:09:54,706 INFO  L184        SettingsManager]: Ultimate Commandline Interface provides no preferences, ignoring...
[2021-04-24 13:09:54,707 INFO  L181        SettingsManager]: Resetting Boogie Preprocessor preferences to default values
[2021-04-24 13:09:54,708 INFO  L181        SettingsManager]: Resetting Boogie Procedure Inliner preferences to default values
[2021-04-24 13:09:54,709 INFO  L181        SettingsManager]: Resetting Abstract Interpretation preferences to default values
[2021-04-24 13:09:54,711 INFO  L181        SettingsManager]: Resetting LassoRanker preferences to default values
[2021-04-24 13:09:54,713 INFO  L181        SettingsManager]: Resetting Reaching Definitions preferences to default values
[2021-04-24 13:09:54,714 INFO  L181        SettingsManager]: Resetting SyntaxChecker preferences to default values
[2021-04-24 13:09:54,715 INFO  L181        SettingsManager]: Resetting Sifa preferences to default values
[2021-04-24 13:09:54,716 INFO  L184        SettingsManager]: B?chi Program Product provides no preferences, ignoring...
[2021-04-24 13:09:54,717 INFO  L181        SettingsManager]: Resetting LTL2Aut preferences to default values
[2021-04-24 13:09:54,718 INFO  L181        SettingsManager]: Resetting PEA to Boogie preferences to default values
[2021-04-24 13:09:54,719 INFO  L181        SettingsManager]: Resetting BlockEncodingV2 preferences to default values
[2021-04-24 13:09:54,720 INFO  L181        SettingsManager]: Resetting ChcToBoogie preferences to default values
[2021-04-24 13:09:54,721 INFO  L181        SettingsManager]: Resetting AutomataScriptInterpreter preferences to default values
[2021-04-24 13:09:54,722 INFO  L181        SettingsManager]: Resetting BuchiAutomizer preferences to default values
[2021-04-24 13:09:54,724 INFO  L181        SettingsManager]: Resetting CACSL2BoogieTranslator preferences to default values
[2021-04-24 13:09:54,726 INFO  L181        SettingsManager]: Resetting CodeCheck preferences to default values
[2021-04-24 13:09:54,728 INFO  L181        SettingsManager]: Resetting InvariantSynthesis preferences to default values
[2021-04-24 13:09:54,729 INFO  L181        SettingsManager]: Resetting RCFGBuilder preferences to default values
[2021-04-24 13:09:54,730 INFO  L181        SettingsManager]: Resetting Referee preferences to default values
[2021-04-24 13:09:54,731 INFO  L181        SettingsManager]: Resetting TraceAbstraction preferences to default values
[2021-04-24 13:09:54,734 INFO  L184        SettingsManager]: TraceAbstractionConcurrent provides no preferences, ignoring...
[2021-04-24 13:09:54,734 INFO  L184        SettingsManager]: TraceAbstractionWithAFAs provides no preferences, ignoring...
[2021-04-24 13:09:54,734 INFO  L181        SettingsManager]: Resetting TreeAutomizer preferences to default values
[2021-04-24 13:09:54,735 INFO  L181        SettingsManager]: Resetting IcfgToChc preferences to default values
[2021-04-24 13:09:54,736 INFO  L181        SettingsManager]: Resetting IcfgTransformer preferences to default values
[2021-04-24 13:09:54,737 INFO  L184        SettingsManager]: ReqToTest provides no preferences, ignoring...
[2021-04-24 13:09:54,737 INFO  L181        SettingsManager]: Resetting Boogie Printer preferences to default values
[2021-04-24 13:09:54,738 INFO  L181        SettingsManager]: Resetting ChcSmtPrinter preferences to default values
[2021-04-24 13:09:54,739 INFO  L181        SettingsManager]: Resetting ReqPrinter preferences to default values
[2021-04-24 13:09:54,739 INFO  L181        SettingsManager]: Resetting Witness Printer preferences to default values
[2021-04-24 13:09:54,740 INFO  L184        SettingsManager]: Boogie PL CUP Parser provides no preferences, ignoring...
[2021-04-24 13:09:54,741 INFO  L181        SettingsManager]: Resetting CDTParser preferences to default values
[2021-04-24 13:09:54,741 INFO  L184        SettingsManager]: AutomataScriptParser provides no preferences, ignoring...
[2021-04-24 13:09:54,741 INFO  L184        SettingsManager]: ReqParser provides no preferences, ignoring...
[2021-04-24 13:09:54,742 INFO  L181        SettingsManager]: Resetting SmtParser preferences to default values
[2021-04-24 13:09:54,742 INFO  L181        SettingsManager]: Resetting Witness Parser preferences to default values
[2021-04-24 13:09:54,743 INFO  L188        SettingsManager]: Finished resetting all preferences to default values...
[2021-04-24 13:09:54,744 INFO  L101        SettingsManager]: Beginning loading settings from /home/singularity/UAutomizer-linux/config/svcomp-Termination-64bit-Automizer_Default.epf
[2021-04-24 13:09:54,767 INFO  L113        SettingsManager]: Loading preferences was successful
[2021-04-24 13:09:54,767 INFO  L115        SettingsManager]: Preferences different from defaults after loading the file:
[2021-04-24 13:09:54,768 INFO  L136        SettingsManager]: Preferences of BlockEncodingV2 differ from their defaults:
[2021-04-24 13:09:54,768 INFO  L138        SettingsManager]:  * Create parallel compositions if possible=false
[2021-04-24 13:09:54,769 INFO  L138        SettingsManager]:  * Use SBE=true
[2021-04-24 13:09:54,769 INFO  L136        SettingsManager]: Preferences of BuchiAutomizer differ from their defaults:
[2021-04-24 13:09:54,769 INFO  L138        SettingsManager]:  * NCSB implementation=INTSET_LAZY3
[2021-04-24 13:09:54,769 INFO  L138        SettingsManager]:  * Use old map elimination=false
[2021-04-24 13:09:54,769 INFO  L138        SettingsManager]:  * Use external solver (rank synthesis)=false
[2021-04-24 13:09:54,769 INFO  L138        SettingsManager]:  * Use only trivial implications for array writes=true
[2021-04-24 13:09:54,769 INFO  L138        SettingsManager]:  * Rank analysis=LINEAR_WITH_GUESSES
[2021-04-24 13:09:54,770 INFO  L136        SettingsManager]: Preferences of CACSL2BoogieTranslator differ from their defaults:
[2021-04-24 13:09:54,770 INFO  L138        SettingsManager]:  * Check unreachability of error function in SV-COMP mode=false
[2021-04-24 13:09:54,770 INFO  L138        SettingsManager]:  * Overapproximate operations on floating types=true
[2021-04-24 13:09:54,770 INFO  L138        SettingsManager]:  * Check division by zero=IGNORE
[2021-04-24 13:09:54,770 INFO  L138        SettingsManager]:  * Pointer to allocated memory at dereference=ASSUME
[2021-04-24 13:09:54,770 INFO  L138        SettingsManager]:  * If two pointers are subtracted or compared they have the same base address=ASSUME
[2021-04-24 13:09:54,770 INFO  L138        SettingsManager]:  * Check array bounds for arrays that are off heap=ASSUME
[2021-04-24 13:09:54,770 INFO  L138        SettingsManager]:  * Check if freed pointer was valid=false
[2021-04-24 13:09:54,770 INFO  L138        SettingsManager]:  * Assume nondeterminstic values are in range=false
[2021-04-24 13:09:54,770 INFO  L138        SettingsManager]:  * Use constant arrays=true
[2021-04-24 13:09:54,771 INFO  L138        SettingsManager]:  * Pointer base address is valid at dereference=ASSUME
[2021-04-24 13:09:54,771 INFO  L136        SettingsManager]: Preferences of RCFGBuilder differ from their defaults:
[2021-04-24 13:09:54,771 INFO  L138        SettingsManager]:  * Size of a code block=SequenceOfStatements
[2021-04-24 13:09:54,771 INFO  L136        SettingsManager]: Preferences of TraceAbstraction differ from their defaults:
[2021-04-24 13:09:54,771 INFO  L138        SettingsManager]:  * Trace refinement strategy=CAMEL
[2021-04-24 13:09:54,771 INFO  L138        SettingsManager]:  * Trace refinement exception blacklist=NONE
[2021-04-24 13:09:54,772 INFO  L136        SettingsManager]: Preferences of IcfgTransformer differ from their defaults:
[2021-04-24 13:09:54,772 INFO  L138        SettingsManager]:  * TransformationType=MODULO_NEIGHBOR
[2021-04-24 13:09:54,985 INFO  L75    nceAwareModelManager]: Repository-Root is: /tmp
[2021-04-24 13:09:55,010 INFO  L261   ainManager$Toolchain]: [Toolchain 1]: Applicable parser(s) successfully (re)initialized
[2021-04-24 13:09:55,012 INFO  L217   ainManager$Toolchain]: [Toolchain 1]: Toolchain selected.
[2021-04-24 13:09:55,012 INFO  L271        PluginConnector]: Initializing CDTParser...
[2021-04-24 13:09:55,013 INFO  L275        PluginConnector]: CDTParser initialized
[2021-04-24 13:09:55,014 INFO  L432   ainManager$Toolchain]: [Toolchain 1]: Parsing single file: /home/magnago/benchmarks/software_nontermination/C/C_Integer/Stroeder_15/BradleyMannaSipma-CAV2005-Fig1-inline_false-termination.c
[2021-04-24 13:09:55,063 INFO  L220              CDTParser]: Created temporary CDT project at /home/singularity/42ea6baed94f468c9a137904052a89a5/FLAG67757f990
[2021-04-24 13:09:55,372 INFO  L306              CDTParser]: Found 1 translation units.
[2021-04-24 13:09:55,372 INFO  L160              CDTParser]: Scanning /home/magnago/benchmarks/software_nontermination/C/C_Integer/Stroeder_15/BradleyMannaSipma-CAV2005-Fig1-inline_false-termination.c
[2021-04-24 13:09:55,376 INFO  L349              CDTParser]: About to delete temporary CDT project at /home/singularity/42ea6baed94f468c9a137904052a89a5/FLAG67757f990
[2021-04-24 13:09:55,805 INFO  L357              CDTParser]: Successfully deleted /home/singularity/42ea6baed94f468c9a137904052a89a5
[2021-04-24 13:09:55,807 INFO  L299   ainManager$Toolchain]: ####################### [Toolchain 1] #######################
[2021-04-24 13:09:55,808 INFO  L131        ToolchainWalker]: Walking toolchain with 6 elements.
[2021-04-24 13:09:55,810 INFO  L113        PluginConnector]: ------------------------CACSL2BoogieTranslator----------------------------
[2021-04-24 13:09:55,810 INFO  L271        PluginConnector]: Initializing CACSL2BoogieTranslator...
[2021-04-24 13:09:55,812 INFO  L275        PluginConnector]: CACSL2BoogieTranslator initialized
[2021-04-24 13:09:55,812 INFO  L185        PluginConnector]: Executing the observer ACSLObjectContainerObserver from plugin CACSL2BoogieTranslator for "CDTParser AST 24.04 01:09:55" (1/1) ...
[2021-04-24 13:09:55,813 INFO  L205        PluginConnector]: Invalid model from CACSL2BoogieTranslator for observer de.uni_freiburg.informatik.ultimate.plugins.generator.cacsl2boogietranslator.ACSLObjectContainerObserver@678c4438 and model type de.uni_freiburg.informatik.ultimate.plugins.generator.cacsl2boogietranslator AST 24.04 01:09:55, skipping insertion in model container
[2021-04-24 13:09:55,813 INFO  L185        PluginConnector]: Executing the observer CACSL2BoogieTranslatorObserver from plugin CACSL2BoogieTranslator for "CDTParser AST 24.04 01:09:55" (1/1) ...
[2021-04-24 13:09:55,819 INFO  L145         MainTranslator]: Starting translation in SV-COMP mode 
[2021-04-24 13:09:55,828 INFO  L178         MainTranslator]: Built tables and reachable declarations
[2021-04-24 13:09:55,949 INFO  L206          PostProcessor]: Analyzing one entry point: main
[2021-04-24 13:09:55,952 INFO  L203         MainTranslator]: Completed pre-run
[2021-04-24 13:09:55,967 INFO  L206          PostProcessor]: Analyzing one entry point: main
[2021-04-24 13:09:55,975 INFO  L208         MainTranslator]: Completed translation
[2021-04-24 13:09:55,975 INFO  L202        PluginConnector]: Adding new model de.uni_freiburg.informatik.ultimate.plugins.generator.cacsl2boogietranslator AST 24.04 01:09:55 WrapperNode
[2021-04-24 13:09:55,975 INFO  L132        PluginConnector]: ------------------------ END CACSL2BoogieTranslator----------------------------
[2021-04-24 13:09:55,976 INFO  L113        PluginConnector]: ------------------------Boogie Procedure Inliner----------------------------
[2021-04-24 13:09:55,976 INFO  L271        PluginConnector]: Initializing Boogie Procedure Inliner...
[2021-04-24 13:09:55,976 INFO  L275        PluginConnector]: Boogie Procedure Inliner initialized
[2021-04-24 13:09:55,981 INFO  L185        PluginConnector]: Executing the observer TypeChecker from plugin Boogie Procedure Inliner for "de.uni_freiburg.informatik.ultimate.plugins.generator.cacsl2boogietranslator AST 24.04 01:09:55" (1/1) ...
[2021-04-24 13:09:55,985 INFO  L185        PluginConnector]: Executing the observer Inliner from plugin Boogie Procedure Inliner for "de.uni_freiburg.informatik.ultimate.plugins.generator.cacsl2boogietranslator AST 24.04 01:09:55" (1/1) ...
[2021-04-24 13:09:55,996 INFO  L132        PluginConnector]: ------------------------ END Boogie Procedure Inliner----------------------------
[2021-04-24 13:09:55,997 INFO  L113        PluginConnector]: ------------------------Boogie Preprocessor----------------------------
[2021-04-24 13:09:55,997 INFO  L271        PluginConnector]: Initializing Boogie Preprocessor...
[2021-04-24 13:09:55,997 INFO  L275        PluginConnector]: Boogie Preprocessor initialized
[2021-04-24 13:09:56,003 INFO  L185        PluginConnector]: Executing the observer EnsureBoogieModelObserver from plugin Boogie Preprocessor for "de.uni_freiburg.informatik.ultimate.plugins.generator.cacsl2boogietranslator AST 24.04 01:09:55" (1/1) ...
[2021-04-24 13:09:56,003 INFO  L185        PluginConnector]: Executing the observer TypeChecker from plugin Boogie Preprocessor for "de.uni_freiburg.informatik.ultimate.plugins.generator.cacsl2boogietranslator AST 24.04 01:09:55" (1/1) ...
[2021-04-24 13:09:56,004 INFO  L185        PluginConnector]: Executing the observer ConstExpander from plugin Boogie Preprocessor for "de.uni_freiburg.informatik.ultimate.plugins.generator.cacsl2boogietranslator AST 24.04 01:09:55" (1/1) ...
[2021-04-24 13:09:56,004 INFO  L185        PluginConnector]: Executing the observer StructExpander from plugin Boogie Preprocessor for "de.uni_freiburg.informatik.ultimate.plugins.generator.cacsl2boogietranslator AST 24.04 01:09:55" (1/1) ...
[2021-04-24 13:09:56,005 INFO  L185        PluginConnector]: Executing the observer UnstructureCode from plugin Boogie Preprocessor for "de.uni_freiburg.informatik.ultimate.plugins.generator.cacsl2boogietranslator AST 24.04 01:09:55" (1/1) ...
[2021-04-24 13:09:56,007 INFO  L185        PluginConnector]: Executing the observer FunctionInliner from plugin Boogie Preprocessor for "de.uni_freiburg.informatik.ultimate.plugins.generator.cacsl2boogietranslator AST 24.04 01:09:55" (1/1) ...
[2021-04-24 13:09:56,008 INFO  L185        PluginConnector]: Executing the observer BoogieSymbolTableConstructor from plugin Boogie Preprocessor for "de.uni_freiburg.informatik.ultimate.plugins.generator.cacsl2boogietranslator AST 24.04 01:09:55" (1/1) ...
[2021-04-24 13:09:56,009 INFO  L132        PluginConnector]: ------------------------ END Boogie Preprocessor----------------------------
[2021-04-24 13:09:56,009 INFO  L113        PluginConnector]: ------------------------RCFGBuilder----------------------------
[2021-04-24 13:09:56,009 INFO  L271        PluginConnector]: Initializing RCFGBuilder...
[2021-04-24 13:09:56,009 INFO  L275        PluginConnector]: RCFGBuilder initialized
[2021-04-24 13:09:56,010 INFO  L185        PluginConnector]: Executing the observer RCFGBuilderObserver from plugin RCFGBuilder for "de.uni_freiburg.informatik.ultimate.plugins.generator.cacsl2boogietranslator AST 24.04 01:09:55" (1/1) ...
No working directory specified, using /home/singularity/UAutomizer-linux/z3
Starting monitored process 1 with z3 SMTLIB2_COMPLIANT=true -memory:1024 -smt2 -in -t:12000 (exit command is (exit), workingDir is null)
Waiting until toolchain timeout for monitored process 1 with z3 SMTLIB2_COMPLIANT=true -memory:1024 -smt2 -in -t:12000
[2021-04-24 13:09:56,106 INFO  L130     BoogieDeclarations]: Found specification of procedure ULTIMATE.start
[2021-04-24 13:09:56,106 INFO  L138     BoogieDeclarations]: Found implementation of procedure ULTIMATE.start
[2021-04-24 13:09:56,334 INFO  L294             CfgBuilder]: Using the 1 location(s) as analysis (start of procedure ULTIMATE.start)
[2021-04-24 13:09:56,334 INFO  L299             CfgBuilder]: Removed 5 assume(true) statements.
[2021-04-24 13:09:56,336 INFO  L202        PluginConnector]: Adding new model de.uni_freiburg.informatik.ultimate.plugins.generator.rcfgbuilder CFG 24.04 01:09:56 BoogieIcfgContainer
[2021-04-24 13:09:56,336 INFO  L132        PluginConnector]: ------------------------ END RCFGBuilder----------------------------
[2021-04-24 13:09:56,337 INFO  L113        PluginConnector]: ------------------------BuchiAutomizer----------------------------
[2021-04-24 13:09:56,337 INFO  L271        PluginConnector]: Initializing BuchiAutomizer...
[2021-04-24 13:09:56,341 INFO  L275        PluginConnector]: BuchiAutomizer initialized
[2021-04-24 13:09:56,341 INFO  L99          BuchiAutomizer]: Safety of program was proven or not checked, starting termination analysis
[2021-04-24 13:09:56,342 INFO  L185        PluginConnector]: Executing the observer BuchiAutomizerObserver from plugin BuchiAutomizer for "CDTParser AST 24.04 01:09:55" (1/3) ...
[2021-04-24 13:09:56,343 INFO  L205        PluginConnector]: Invalid model from BuchiAutomizer for observer de.uni_freiburg.informatik.ultimate.plugins.generator.buchiautomizer.BuchiAutomizerObserver@23f4dbe6 and model type de.uni_freiburg.informatik.ultimate.plugins.generator.buchiautomizer AST 24.04 01:09:56, skipping insertion in model container
[2021-04-24 13:09:56,343 INFO  L99          BuchiAutomizer]: Safety of program was proven or not checked, starting termination analysis
[2021-04-24 13:09:56,344 INFO  L185        PluginConnector]: Executing the observer BuchiAutomizerObserver from plugin BuchiAutomizer for "de.uni_freiburg.informatik.ultimate.plugins.generator.cacsl2boogietranslator AST 24.04 01:09:55" (2/3) ...
[2021-04-24 13:09:56,344 INFO  L205        PluginConnector]: Invalid model from BuchiAutomizer for observer de.uni_freiburg.informatik.ultimate.plugins.generator.buchiautomizer.BuchiAutomizerObserver@23f4dbe6 and model type de.uni_freiburg.informatik.ultimate.plugins.generator.buchiautomizer AST 24.04 01:09:56, skipping insertion in model container
[2021-04-24 13:09:56,344 INFO  L99          BuchiAutomizer]: Safety of program was proven or not checked, starting termination analysis
[2021-04-24 13:09:56,344 INFO  L185        PluginConnector]: Executing the observer BuchiAutomizerObserver from plugin BuchiAutomizer for "de.uni_freiburg.informatik.ultimate.plugins.generator.rcfgbuilder CFG 24.04 01:09:56" (3/3) ...
[2021-04-24 13:09:56,346 INFO  L389   chiAutomizerObserver]: Analyzing ICFG BradleyMannaSipma-CAV2005-Fig1-inline_false-termination.c
[2021-04-24 13:09:56,409 INFO  L359         BuchiCegarLoop]: Interprodecural is true
[2021-04-24 13:09:56,410 INFO  L360         BuchiCegarLoop]: Hoare is false
[2021-04-24 13:09:56,410 INFO  L361         BuchiCegarLoop]: Compute interpolants for ForwardPredicates
[2021-04-24 13:09:56,410 INFO  L362         BuchiCegarLoop]: Backedges is STRAIGHT_LINE
[2021-04-24 13:09:56,410 INFO  L363         BuchiCegarLoop]: Determinization is PREDICATE_ABSTRACTION
[2021-04-24 13:09:56,410 INFO  L364         BuchiCegarLoop]: Difference is false
[2021-04-24 13:09:56,410 INFO  L365         BuchiCegarLoop]: Minimize is MINIMIZE_SEVPA
[2021-04-24 13:09:56,410 INFO  L368         BuchiCegarLoop]: ======== Iteration 0==of CEGAR loop == BuchiCegarLoop========
[2021-04-24 13:09:56,422 INFO  L72            BuchiIsEmpty]: Start buchiIsEmpty. Operand 8 states.
[2021-04-24 13:09:56,435 INFO  L131   ngComponentsAnalysis]: Automaton has 1 accepting balls. 2
[2021-04-24 13:09:56,435 INFO  L87            BuchiIsEmpty]: Finished buchiIsEmpty Result is false
[2021-04-24 13:09:56,435 INFO  L119           BuchiIsEmpty]: Starting construction of run
[2021-04-24 13:09:56,440 INFO  L853         BuchiCegarLoop]: Counterexample stem histogram [1, 1]
[2021-04-24 13:09:56,440 INFO  L854         BuchiCegarLoop]: Counterexample loop histogram [1, 1]
[2021-04-24 13:09:56,440 INFO  L427         BuchiCegarLoop]: ======== Iteration 1============
[2021-04-24 13:09:56,440 INFO  L72            BuchiIsEmpty]: Start buchiIsEmpty. Operand 8 states.
[2021-04-24 13:09:56,441 INFO  L131   ngComponentsAnalysis]: Automaton has 1 accepting balls. 2
[2021-04-24 13:09:56,441 INFO  L87            BuchiIsEmpty]: Finished buchiIsEmpty Result is false
[2021-04-24 13:09:56,441 INFO  L119           BuchiIsEmpty]: Starting construction of run
[2021-04-24 13:09:56,441 INFO  L853         BuchiCegarLoop]: Counterexample stem histogram [1, 1]
[2021-04-24 13:09:56,441 INFO  L854         BuchiCegarLoop]: Counterexample loop histogram [1, 1]
[2021-04-24 13:09:56,446 INFO  L794   eck$LassoCheckResult]: Stem: 3#ULTIMATE.startENTRYtrue havoc main_#res;havoc main_#t~nondet0, main_#t~nondet1, main_~y1~0, main_~y2~0;havoc main_~y1~0;havoc main_~y2~0;main_~y1~0 := main_#t~nondet0;havoc main_#t~nondet0;main_~y2~0 := main_#t~nondet1;havoc main_#t~nondet1; 9#L20true assume main_~y1~0 >= 0 && main_~y2~0 >= 0; 10#L22-2true 
[2021-04-24 13:09:56,447 INFO  L796   eck$LassoCheckResult]: Loop: 10#L22-2true assume !!(main_~y1~0 != main_~y2~0); 4#L22true assume main_~y1~0 > main_~y2~0;main_~y1~0 := main_~y1~0 - main_~y2~0; 10#L22-2true 
[2021-04-24 13:09:56,451 INFO  L144       PredicateUnifier]: Initialized classic predicate unifier
[2021-04-24 13:09:56,451 INFO  L82        PathProgramCache]: Analyzing trace with hash 996, now seen corresponding path program 1 times
[2021-04-24 13:09:56,458 INFO  L162   FreeRefinementEngine]: Executing refinement strategy CAMEL
[2021-04-24 13:09:56,459 INFO  L353   FreeRefinementEngine]: Using trace check IpTcStrategyModuleSmtInterpolCraig [383226004]
[2021-04-24 13:09:56,459 INFO  L95    rtionOrderModulation]: Keeping assertion order NOT_INCREMENTALLY
[2021-04-24 13:09:56,521 INFO  L136    AnnotateAndAsserter]: Conjunction of SSA is sat
[2021-04-24 13:09:56,522 INFO  L221             TraceCheck]: Trace is feasible, we will do another trace check, this time with branch encoders.
[2021-04-24 13:09:56,525 INFO  L136    AnnotateAndAsserter]: Conjunction of SSA is sat
[2021-04-24 13:09:56,525 INFO  L221             TraceCheck]: Trace is feasible, we will do another trace check, this time with branch encoders.
[2021-04-24 13:09:56,536 INFO  L173   FreeRefinementEngine]: Strategy CAMEL found a feasible trace
[2021-04-24 13:09:56,538 INFO  L144       PredicateUnifier]: Initialized classic predicate unifier
[2021-04-24 13:09:56,538 INFO  L82        PathProgramCache]: Analyzing trace with hash 1380, now seen corresponding path program 1 times
[2021-04-24 13:09:56,538 INFO  L162   FreeRefinementEngine]: Executing refinement strategy CAMEL
[2021-04-24 13:09:56,538 INFO  L353   FreeRefinementEngine]: Using trace check IpTcStrategyModuleSmtInterpolCraig [867992680]
[2021-04-24 13:09:56,538 INFO  L95    rtionOrderModulation]: Keeping assertion order NOT_INCREMENTALLY
[2021-04-24 13:09:56,546 INFO  L136    AnnotateAndAsserter]: Conjunction of SSA is sat
[2021-04-24 13:09:56,546 INFO  L221             TraceCheck]: Trace is feasible, we will do another trace check, this time with branch encoders.
[2021-04-24 13:09:56,549 INFO  L136    AnnotateAndAsserter]: Conjunction of SSA is sat
[2021-04-24 13:09:56,549 INFO  L221             TraceCheck]: Trace is feasible, we will do another trace check, this time with branch encoders.
[2021-04-24 13:09:56,550 INFO  L173   FreeRefinementEngine]: Strategy CAMEL found a feasible trace
[2021-04-24 13:09:56,551 INFO  L144       PredicateUnifier]: Initialized classic predicate unifier
[2021-04-24 13:09:56,551 INFO  L82        PathProgramCache]: Analyzing trace with hash 957575, now seen corresponding path program 1 times
[2021-04-24 13:09:56,551 INFO  L162   FreeRefinementEngine]: Executing refinement strategy CAMEL
[2021-04-24 13:09:56,551 INFO  L353   FreeRefinementEngine]: Using trace check IpTcStrategyModuleSmtInterpolCraig [1622831532]
[2021-04-24 13:09:56,552 INFO  L95    rtionOrderModulation]: Keeping assertion order NOT_INCREMENTALLY
[2021-04-24 13:09:56,556 INFO  L136    AnnotateAndAsserter]: Conjunction of SSA is sat
[2021-04-24 13:09:56,557 INFO  L221             TraceCheck]: Trace is feasible, we will do another trace check, this time with branch encoders.
[2021-04-24 13:09:56,560 INFO  L136    AnnotateAndAsserter]: Conjunction of SSA is sat
[2021-04-24 13:09:56,560 INFO  L221             TraceCheck]: Trace is feasible, we will do another trace check, this time with branch encoders.
[2021-04-24 13:09:56,562 INFO  L173   FreeRefinementEngine]: Strategy CAMEL found a feasible trace
[2021-04-24 13:09:56,646 INFO  L202        PluginConnector]: Adding new model de.uni_freiburg.informatik.ultimate.plugins.generator.buchiautomizer CFG 24.04 01:09:56 BoogieIcfgContainer
[2021-04-24 13:09:56,646 INFO  L132        PluginConnector]: ------------------------ END BuchiAutomizer----------------------------
[2021-04-24 13:09:56,647 INFO  L113        PluginConnector]: ------------------------Witness Printer----------------------------
[2021-04-24 13:09:56,647 INFO  L271        PluginConnector]: Initializing Witness Printer...
[2021-04-24 13:09:56,647 INFO  L275        PluginConnector]: Witness Printer initialized
[2021-04-24 13:09:56,648 INFO  L185        PluginConnector]: Executing the observer RCFGCatcher from plugin Witness Printer for "de.uni_freiburg.informatik.ultimate.plugins.generator.rcfgbuilder CFG 24.04 01:09:56" (3/4) ...
[2021-04-24 13:09:56,650 INFO  L134         WitnessPrinter]: Generating witness for non-termination counterexample
[2021-04-24 13:09:56,681 INFO  L141         WitnessManager]: Wrote witness to /home/magnago/benchmarks/software_nontermination/C/C_Integer/Stroeder_15/BradleyMannaSipma-CAV2005-Fig1-inline_false-termination.c-witness.graphml
[2021-04-24 13:09:56,682 INFO  L132        PluginConnector]: ------------------------ END Witness Printer----------------------------
[2021-04-24 13:09:56,683 INFO  L168              Benchmark]: Toolchain (without parser) took 874.38 ms. Allocated memory is still 545.3 MB. Free memory was 492.9 MB in the beginning and 487.3 MB in the end (delta: 5.7 MB). Peak memory consumption was 4.2 MB. Max. memory is 21.5 GB.
[2021-04-24 13:09:56,683 INFO  L168              Benchmark]: CDTParser took 0.11 ms. Allocated memory is still 545.3 MB. Free memory is still 510.0 MB. There was no memory consumed. Max. memory is 21.5 GB.
[2021-04-24 13:09:56,684 INFO  L168              Benchmark]: CACSL2BoogieTranslator took 165.54 ms. Allocated memory is still 545.3 MB. Free memory was 492.6 MB in the beginning and 522.1 MB in the end (delta: -29.5 MB). Peak memory consumption was 16.8 MB. Max. memory is 21.5 GB.
[2021-04-24 13:09:56,684 INFO  L168              Benchmark]: Boogie Procedure Inliner took 20.98 ms. Allocated memory is still 545.3 MB. Free memory was 522.1 MB in the beginning and 520.9 MB in the end (delta: 1.2 MB). There was no memory consumed. Max. memory is 21.5 GB.
[2021-04-24 13:09:56,685 INFO  L168              Benchmark]: Boogie Preprocessor took 11.64 ms. Allocated memory is still 545.3 MB. Free memory was 520.9 MB in the beginning and 520.1 MB in the end (delta: 831.6 kB). There was no memory consumed. Max. memory is 21.5 GB.
[2021-04-24 13:09:56,686 INFO  L168              Benchmark]: RCFGBuilder took 326.83 ms. Allocated memory is still 545.3 MB. Free memory was 519.8 MB in the beginning and 510.2 MB in the end (delta: 9.6 MB). Peak memory consumption was 8.4 MB. Max. memory is 21.5 GB.
[2021-04-24 13:09:56,686 INFO  L168              Benchmark]: BuchiAutomizer took 309.16 ms. Allocated memory is still 545.3 MB. Free memory was 509.9 MB in the beginning and 488.8 MB in the end (delta: 21.1 MB). Peak memory consumption was 21.0 MB. Max. memory is 21.5 GB.
[2021-04-24 13:09:56,687 INFO  L168              Benchmark]: Witness Printer took 34.73 ms. Allocated memory is still 545.3 MB. Free memory was 488.8 MB in the beginning and 487.3 MB in the end (delta: 1.5 MB). There was no memory consumed. Max. memory is 21.5 GB.
[2021-04-24 13:09:56,690 INFO  L339   ainManager$Toolchain]: #######################  End [Toolchain 1] #######################
 --- Results ---
 * Results from de.uni_freiburg.informatik.ultimate.core:
  - StatisticsResult: Toolchain Benchmarks
    Benchmark results are:
 * CDTParser took 0.11 ms. Allocated memory is still 545.3 MB. Free memory is still 510.0 MB. There was no memory consumed. Max. memory is 21.5 GB.
 * CACSL2BoogieTranslator took 165.54 ms. Allocated memory is still 545.3 MB. Free memory was 492.6 MB in the beginning and 522.1 MB in the end (delta: -29.5 MB). Peak memory consumption was 16.8 MB. Max. memory is 21.5 GB.
 * Boogie Procedure Inliner took 20.98 ms. Allocated memory is still 545.3 MB. Free memory was 522.1 MB in the beginning and 520.9 MB in the end (delta: 1.2 MB). There was no memory consumed. Max. memory is 21.5 GB.
 * Boogie Preprocessor took 11.64 ms. Allocated memory is still 545.3 MB. Free memory was 520.9 MB in the beginning and 520.1 MB in the end (delta: 831.6 kB). There was no memory consumed. Max. memory is 21.5 GB.
 * RCFGBuilder took 326.83 ms. Allocated memory is still 545.3 MB. Free memory was 519.8 MB in the beginning and 510.2 MB in the end (delta: 9.6 MB). Peak memory consumption was 8.4 MB. Max. memory is 21.5 GB.
 * BuchiAutomizer took 309.16 ms. Allocated memory is still 545.3 MB. Free memory was 509.9 MB in the beginning and 488.8 MB in the end (delta: 21.1 MB). Peak memory consumption was 21.0 MB. Max. memory is 21.5 GB.
 * Witness Printer took 34.73 ms. Allocated memory is still 545.3 MB. Free memory was 488.8 MB in the beginning and 487.3 MB in the end (delta: 1.5 MB). There was no memory consumed. Max. memory is 21.5 GB.
 * Results from de.uni_freiburg.informatik.ultimate.plugins.generator.traceabstraction:
  - StatisticsResult: Constructed decomposition of program
    Trivial decomposition into one nonterminating module.
  - StatisticsResult: Timing statistics
    B?chiAutomizer plugin needed 0.2s and 1 iterations.  TraceHistogramMax:1. Analysis of lassos took 0.1s. Construction of modules took 0.0s. B?chi inclusion checks took 0.0s. Highest rank in rank-based complementation 0. Minimization of det autom 0. Minimization of nondet autom 0. Automata minimization No data available. Non-live state removal took 0.0s Buchi closure took 0.0s. Biggest automaton had -1 states and ocurred in iteration -1.	Nontrivial modules had stage [0, 0, 0, 0, 0].	InterpolantCoveringCapabilityFinite: 0/0	InterpolantCoveringCapabilityBuchi: 0/0	HoareTripleCheckerStatistics: No data available	LassoAnalysisResults: nont1 unkn0 SFLI0 SFLT0 conc0 concLT0 SILN0 SILU0 SILI0 SILT0 lasso0 LassoPreprocessingBenchmarks: LassoTerminationAnalysisBenchmarks: not availableLassoTerminationAnalysisBenchmarks: LassoNonterminationAnalysisSatFixpoint: 0	LassoNonterminationAnalysisSatUnbounded: 0	LassoNonterminationAnalysisUnsat: 0	LassoNonterminationAnalysisUnknown: 0	LassoNonterminationAnalysisTime: 0.0s	
  - TerminationAnalysisResult: Nontermination possible
    Buchi Automizer proved that your program is nonterminating for some inputs
  - FixpointNonTerminationResult [Line: 21]: Nontermination argument in form of an infinite program execution.
    Nontermination argument in form of an infinite execution
State at position 0 is
{}
State at position 1 is
{y2=0, y1=1, org.eclipse.cdt.internal.core.dom.parser.c.CASTFunctionCallExpression@543c1db3=0, \result=0, org.eclipse.cdt.internal.core.dom.parser.c.CASTFunctionCallExpression@259cd78e=0}
  - StatisticsResult: NonterminationArgumentStatistics
    Fixpoint
  - NonterminatingLassoResult [Line: 21]: Nonterminating execution
    Found a nonterminating execution for the following lasso shaped sequence of statements.
Stem:
[L17]             int y1, y2;
[L18]             y1 = __VERIFIER_nondet_int()
[L19]             y2 = __VERIFIER_nondet_int()
[L20]  COND TRUE  y1 >= 0 && y2 >= 0
Loop:
[L21]  COND TRUE  y1 != y2
[L22]  COND TRUE  y1 > y2
[L23]             y1 = y1 - y2
End of lasso representation.
RESULT: Ultimate proved your program to be incorrect!
Received shutdown request...
