Creating empty 100MiB image file: /home/magnago/overlay/ChenFlurMukhopadhyay-SAS2012-Ex3.02_false-termination.c.ext3
Formatting image with ext3 file system
Image is done: /home/magnago/overlay/ChenFlurMukhopadhyay-SAS2012-Ex3.02_false-termination.c.ext3
This is Ultimate 0.2.1-54a68f4
[2021-04-24 13:10:08,079 INFO  L177        SettingsManager]: Resetting all preferences to default values...
[2021-04-24 13:10:08,082 INFO  L181        SettingsManager]: Resetting UltimateCore preferences to default values
[2021-04-24 13:10:08,141 INFO  L184        SettingsManager]: Ultimate Commandline Interface provides no preferences, ignoring...
[2021-04-24 13:10:08,142 INFO  L181        SettingsManager]: Resetting Boogie Preprocessor preferences to default values
[2021-04-24 13:10:08,143 INFO  L181        SettingsManager]: Resetting Boogie Procedure Inliner preferences to default values
[2021-04-24 13:10:08,145 INFO  L181        SettingsManager]: Resetting Abstract Interpretation preferences to default values
[2021-04-24 13:10:08,147 INFO  L181        SettingsManager]: Resetting LassoRanker preferences to default values
[2021-04-24 13:10:08,149 INFO  L181        SettingsManager]: Resetting Reaching Definitions preferences to default values
[2021-04-24 13:10:08,150 INFO  L181        SettingsManager]: Resetting SyntaxChecker preferences to default values
[2021-04-24 13:10:08,152 INFO  L181        SettingsManager]: Resetting Sifa preferences to default values
[2021-04-24 13:10:08,153 INFO  L184        SettingsManager]: B?chi Program Product provides no preferences, ignoring...
[2021-04-24 13:10:08,154 INFO  L181        SettingsManager]: Resetting LTL2Aut preferences to default values
[2021-04-24 13:10:08,155 INFO  L181        SettingsManager]: Resetting PEA to Boogie preferences to default values
[2021-04-24 13:10:08,156 INFO  L181        SettingsManager]: Resetting BlockEncodingV2 preferences to default values
[2021-04-24 13:10:08,157 INFO  L181        SettingsManager]: Resetting ChcToBoogie preferences to default values
[2021-04-24 13:10:08,158 INFO  L181        SettingsManager]: Resetting AutomataScriptInterpreter preferences to default values
[2021-04-24 13:10:08,159 INFO  L181        SettingsManager]: Resetting BuchiAutomizer preferences to default values
[2021-04-24 13:10:08,161 INFO  L181        SettingsManager]: Resetting CACSL2BoogieTranslator preferences to default values
[2021-04-24 13:10:08,164 INFO  L181        SettingsManager]: Resetting CodeCheck preferences to default values
[2021-04-24 13:10:08,166 INFO  L181        SettingsManager]: Resetting InvariantSynthesis preferences to default values
[2021-04-24 13:10:08,168 INFO  L181        SettingsManager]: Resetting RCFGBuilder preferences to default values
[2021-04-24 13:10:08,169 INFO  L181        SettingsManager]: Resetting Referee preferences to default values
[2021-04-24 13:10:08,171 INFO  L181        SettingsManager]: Resetting TraceAbstraction preferences to default values
[2021-04-24 13:10:08,174 INFO  L184        SettingsManager]: TraceAbstractionConcurrent provides no preferences, ignoring...
[2021-04-24 13:10:08,174 INFO  L184        SettingsManager]: TraceAbstractionWithAFAs provides no preferences, ignoring...
[2021-04-24 13:10:08,175 INFO  L181        SettingsManager]: Resetting TreeAutomizer preferences to default values
[2021-04-24 13:10:08,176 INFO  L181        SettingsManager]: Resetting IcfgToChc preferences to default values
[2021-04-24 13:10:08,176 INFO  L181        SettingsManager]: Resetting IcfgTransformer preferences to default values
[2021-04-24 13:10:08,178 INFO  L184        SettingsManager]: ReqToTest provides no preferences, ignoring...
[2021-04-24 13:10:08,178 INFO  L181        SettingsManager]: Resetting Boogie Printer preferences to default values
[2021-04-24 13:10:08,179 INFO  L181        SettingsManager]: Resetting ChcSmtPrinter preferences to default values
[2021-04-24 13:10:08,179 INFO  L181        SettingsManager]: Resetting ReqPrinter preferences to default values
[2021-04-24 13:10:08,180 INFO  L181        SettingsManager]: Resetting Witness Printer preferences to default values
[2021-04-24 13:10:08,181 INFO  L184        SettingsManager]: Boogie PL CUP Parser provides no preferences, ignoring...
[2021-04-24 13:10:08,181 INFO  L181        SettingsManager]: Resetting CDTParser preferences to default values
[2021-04-24 13:10:08,182 INFO  L184        SettingsManager]: AutomataScriptParser provides no preferences, ignoring...
[2021-04-24 13:10:08,182 INFO  L184        SettingsManager]: ReqParser provides no preferences, ignoring...
[2021-04-24 13:10:08,182 INFO  L181        SettingsManager]: Resetting SmtParser preferences to default values
[2021-04-24 13:10:08,183 INFO  L181        SettingsManager]: Resetting Witness Parser preferences to default values
[2021-04-24 13:10:08,184 INFO  L188        SettingsManager]: Finished resetting all preferences to default values...
[2021-04-24 13:10:08,185 INFO  L101        SettingsManager]: Beginning loading settings from /home/singularity/UAutomizer-linux/config/svcomp-Termination-64bit-Automizer_Default.epf
[2021-04-24 13:10:08,212 INFO  L113        SettingsManager]: Loading preferences was successful
[2021-04-24 13:10:08,212 INFO  L115        SettingsManager]: Preferences different from defaults after loading the file:
[2021-04-24 13:10:08,214 INFO  L136        SettingsManager]: Preferences of BlockEncodingV2 differ from their defaults:
[2021-04-24 13:10:08,214 INFO  L138        SettingsManager]:  * Create parallel compositions if possible=false
[2021-04-24 13:10:08,214 INFO  L138        SettingsManager]:  * Use SBE=true
[2021-04-24 13:10:08,215 INFO  L136        SettingsManager]: Preferences of BuchiAutomizer differ from their defaults:
[2021-04-24 13:10:08,215 INFO  L138        SettingsManager]:  * NCSB implementation=INTSET_LAZY3
[2021-04-24 13:10:08,215 INFO  L138        SettingsManager]:  * Use old map elimination=false
[2021-04-24 13:10:08,215 INFO  L138        SettingsManager]:  * Use external solver (rank synthesis)=false
[2021-04-24 13:10:08,215 INFO  L138        SettingsManager]:  * Use only trivial implications for array writes=true
[2021-04-24 13:10:08,215 INFO  L138        SettingsManager]:  * Rank analysis=LINEAR_WITH_GUESSES
[2021-04-24 13:10:08,215 INFO  L136        SettingsManager]: Preferences of CACSL2BoogieTranslator differ from their defaults:
[2021-04-24 13:10:08,215 INFO  L138        SettingsManager]:  * Check unreachability of error function in SV-COMP mode=false
[2021-04-24 13:10:08,215 INFO  L138        SettingsManager]:  * Overapproximate operations on floating types=true
[2021-04-24 13:10:08,215 INFO  L138        SettingsManager]:  * Check division by zero=IGNORE
[2021-04-24 13:10:08,216 INFO  L138        SettingsManager]:  * Pointer to allocated memory at dereference=ASSUME
[2021-04-24 13:10:08,216 INFO  L138        SettingsManager]:  * If two pointers are subtracted or compared they have the same base address=ASSUME
[2021-04-24 13:10:08,216 INFO  L138        SettingsManager]:  * Check array bounds for arrays that are off heap=ASSUME
[2021-04-24 13:10:08,216 INFO  L138        SettingsManager]:  * Check if freed pointer was valid=false
[2021-04-24 13:10:08,216 INFO  L138        SettingsManager]:  * Assume nondeterminstic values are in range=false
[2021-04-24 13:10:08,216 INFO  L138        SettingsManager]:  * Use constant arrays=true
[2021-04-24 13:10:08,216 INFO  L138        SettingsManager]:  * Pointer base address is valid at dereference=ASSUME
[2021-04-24 13:10:08,216 INFO  L136        SettingsManager]: Preferences of RCFGBuilder differ from their defaults:
[2021-04-24 13:10:08,216 INFO  L138        SettingsManager]:  * Size of a code block=SequenceOfStatements
[2021-04-24 13:10:08,216 INFO  L136        SettingsManager]: Preferences of TraceAbstraction differ from their defaults:
[2021-04-24 13:10:08,217 INFO  L138        SettingsManager]:  * Trace refinement strategy=CAMEL
[2021-04-24 13:10:08,217 INFO  L138        SettingsManager]:  * Trace refinement exception blacklist=NONE
[2021-04-24 13:10:08,217 INFO  L136        SettingsManager]: Preferences of IcfgTransformer differ from their defaults:
[2021-04-24 13:10:08,218 INFO  L138        SettingsManager]:  * TransformationType=MODULO_NEIGHBOR
[2021-04-24 13:10:08,434 INFO  L75    nceAwareModelManager]: Repository-Root is: /tmp
[2021-04-24 13:10:08,459 INFO  L261   ainManager$Toolchain]: [Toolchain 1]: Applicable parser(s) successfully (re)initialized
[2021-04-24 13:10:08,461 INFO  L217   ainManager$Toolchain]: [Toolchain 1]: Toolchain selected.
[2021-04-24 13:10:08,462 INFO  L271        PluginConnector]: Initializing CDTParser...
[2021-04-24 13:10:08,463 INFO  L275        PluginConnector]: CDTParser initialized
[2021-04-24 13:10:08,464 INFO  L432   ainManager$Toolchain]: [Toolchain 1]: Parsing single file: /home/magnago/benchmarks/software_nontermination/C/C_Integer/Stroeder_15/ChenFlurMukhopadhyay-SAS2012-Ex3.02_false-termination.c
[2021-04-24 13:10:08,511 INFO  L220              CDTParser]: Created temporary CDT project at /home/singularity/a2006058988e43cfbe59b615513174de/FLAG71498908b
!SESSION 2021-04-24 13:10:06.248 -----------------------------------------------
eclipse.buildId=unknown
java.version=11.0.10
java.vendor=Ubuntu
BootLoader constants: OS=linux, ARCH=x86_64, WS=gtk, NL=en_US
Framework arguments:  --console -tc /home/singularity/UAutomizer-linux/config/AutomizerTermination.xml -s /home/singularity/UAutomizer-linux/config/svcomp-Termination-64bit-Automizer_Default.epf -i /home/magnago/benchmarks/software_nontermination/C/C_Integer/Stroeder_15/ChenFlurMukhopadhyay-SAS2012-Ex3.02_false-termination.c
Command-line arguments:  -os linux -ws gtk -arch x86_64 -consoleLog --console -data /home/singularity -tc /home/singularity/UAutomizer-linux/config/AutomizerTermination.xml -s /home/singularity/UAutomizer-linux/config/svcomp-Termination-64bit-Automizer_Default.epf -data /home/singularity -i /home/magnago/benchmarks/software_nontermination/C/C_Integer/Stroeder_15/ChenFlurMukhopadhyay-SAS2012-Ex3.02_false-termination.c

!ENTRY org.eclipse.cdt.core 1 0 2021-04-24 13:10:08.759
!MESSAGE Indexed 'FLAG71498908b' (0 sources, 0 headers) in 0.005 sec: 0 declarations; 0 references; 0 unresolved inclusions; 0 syntax errors; 0 unresolved names (0%)
[2021-04-24 13:10:08,924 INFO  L306              CDTParser]: Found 1 translation units.
[2021-04-24 13:10:08,924 INFO  L160              CDTParser]: Scanning /home/magnago/benchmarks/software_nontermination/C/C_Integer/Stroeder_15/ChenFlurMukhopadhyay-SAS2012-Ex3.02_false-termination.c
[2021-04-24 13:10:08,929 INFO  L349              CDTParser]: About to delete temporary CDT project at /home/singularity/a2006058988e43cfbe59b615513174de/FLAG71498908b
[2021-04-24 13:10:08,942 INFO  L357              CDTParser]: Successfully deleted /home/singularity/a2006058988e43cfbe59b615513174de
[2021-04-24 13:10:08,944 INFO  L299   ainManager$Toolchain]: ####################### [Toolchain 1] #######################
[2021-04-24 13:10:08,946 INFO  L131        ToolchainWalker]: Walking toolchain with 6 elements.
[2021-04-24 13:10:08,947 INFO  L113        PluginConnector]: ------------------------CACSL2BoogieTranslator----------------------------
[2021-04-24 13:10:08,947 INFO  L271        PluginConnector]: Initializing CACSL2BoogieTranslator...
[2021-04-24 13:10:08,949 INFO  L275        PluginConnector]: CACSL2BoogieTranslator initialized
[2021-04-24 13:10:08,950 INFO  L185        PluginConnector]: Executing the observer ACSLObjectContainerObserver from plugin CACSL2BoogieTranslator for "CDTParser AST 24.04 01:10:08" (1/1) ...
[2021-04-24 13:10:08,951 INFO  L205        PluginConnector]: Invalid model from CACSL2BoogieTranslator for observer de.uni_freiburg.informatik.ultimate.plugins.generator.cacsl2boogietranslator.ACSLObjectContainerObserver@65f28ffa and model type de.uni_freiburg.informatik.ultimate.plugins.generator.cacsl2boogietranslator AST 24.04 01:10:08, skipping insertion in model container
[2021-04-24 13:10:08,951 INFO  L185        PluginConnector]: Executing the observer CACSL2BoogieTranslatorObserver from plugin CACSL2BoogieTranslator for "CDTParser AST 24.04 01:10:08" (1/1) ...
[2021-04-24 13:10:08,958 INFO  L145         MainTranslator]: Starting translation in SV-COMP mode 
[2021-04-24 13:10:08,967 INFO  L178         MainTranslator]: Built tables and reachable declarations
[2021-04-24 13:10:09,088 INFO  L206          PostProcessor]: Analyzing one entry point: main
[2021-04-24 13:10:09,091 INFO  L203         MainTranslator]: Completed pre-run
[2021-04-24 13:10:09,106 INFO  L206          PostProcessor]: Analyzing one entry point: main
[2021-04-24 13:10:09,117 INFO  L208         MainTranslator]: Completed translation
[2021-04-24 13:10:09,118 INFO  L202        PluginConnector]: Adding new model de.uni_freiburg.informatik.ultimate.plugins.generator.cacsl2boogietranslator AST 24.04 01:10:09 WrapperNode
[2021-04-24 13:10:09,118 INFO  L132        PluginConnector]: ------------------------ END CACSL2BoogieTranslator----------------------------
[2021-04-24 13:10:09,119 INFO  L113        PluginConnector]: ------------------------Boogie Procedure Inliner----------------------------
[2021-04-24 13:10:09,119 INFO  L271        PluginConnector]: Initializing Boogie Procedure Inliner...
[2021-04-24 13:10:09,119 INFO  L275        PluginConnector]: Boogie Procedure Inliner initialized
[2021-04-24 13:10:09,127 INFO  L185        PluginConnector]: Executing the observer TypeChecker from plugin Boogie Procedure Inliner for "de.uni_freiburg.informatik.ultimate.plugins.generator.cacsl2boogietranslator AST 24.04 01:10:09" (1/1) ...
[2021-04-24 13:10:09,131 INFO  L185        PluginConnector]: Executing the observer Inliner from plugin Boogie Procedure Inliner for "de.uni_freiburg.informatik.ultimate.plugins.generator.cacsl2boogietranslator AST 24.04 01:10:09" (1/1) ...
[2021-04-24 13:10:09,147 INFO  L132        PluginConnector]: ------------------------ END Boogie Procedure Inliner----------------------------
[2021-04-24 13:10:09,148 INFO  L113        PluginConnector]: ------------------------Boogie Preprocessor----------------------------
[2021-04-24 13:10:09,148 INFO  L271        PluginConnector]: Initializing Boogie Preprocessor...
[2021-04-24 13:10:09,148 INFO  L275        PluginConnector]: Boogie Preprocessor initialized
[2021-04-24 13:10:09,155 INFO  L185        PluginConnector]: Executing the observer EnsureBoogieModelObserver from plugin Boogie Preprocessor for "de.uni_freiburg.informatik.ultimate.plugins.generator.cacsl2boogietranslator AST 24.04 01:10:09" (1/1) ...
[2021-04-24 13:10:09,155 INFO  L185        PluginConnector]: Executing the observer TypeChecker from plugin Boogie Preprocessor for "de.uni_freiburg.informatik.ultimate.plugins.generator.cacsl2boogietranslator AST 24.04 01:10:09" (1/1) ...
[2021-04-24 13:10:09,156 INFO  L185        PluginConnector]: Executing the observer ConstExpander from plugin Boogie Preprocessor for "de.uni_freiburg.informatik.ultimate.plugins.generator.cacsl2boogietranslator AST 24.04 01:10:09" (1/1) ...
[2021-04-24 13:10:09,156 INFO  L185        PluginConnector]: Executing the observer StructExpander from plugin Boogie Preprocessor for "de.uni_freiburg.informatik.ultimate.plugins.generator.cacsl2boogietranslator AST 24.04 01:10:09" (1/1) ...
[2021-04-24 13:10:09,157 INFO  L185        PluginConnector]: Executing the observer UnstructureCode from plugin Boogie Preprocessor for "de.uni_freiburg.informatik.ultimate.plugins.generator.cacsl2boogietranslator AST 24.04 01:10:09" (1/1) ...
[2021-04-24 13:10:09,160 INFO  L185        PluginConnector]: Executing the observer FunctionInliner from plugin Boogie Preprocessor for "de.uni_freiburg.informatik.ultimate.plugins.generator.cacsl2boogietranslator AST 24.04 01:10:09" (1/1) ...
[2021-04-24 13:10:09,161 INFO  L185        PluginConnector]: Executing the observer BoogieSymbolTableConstructor from plugin Boogie Preprocessor for "de.uni_freiburg.informatik.ultimate.plugins.generator.cacsl2boogietranslator AST 24.04 01:10:09" (1/1) ...
[2021-04-24 13:10:09,162 INFO  L132        PluginConnector]: ------------------------ END Boogie Preprocessor----------------------------
[2021-04-24 13:10:09,163 INFO  L113        PluginConnector]: ------------------------RCFGBuilder----------------------------
[2021-04-24 13:10:09,163 INFO  L271        PluginConnector]: Initializing RCFGBuilder...
[2021-04-24 13:10:09,163 INFO  L275        PluginConnector]: RCFGBuilder initialized
[2021-04-24 13:10:09,164 INFO  L185        PluginConnector]: Executing the observer RCFGBuilderObserver from plugin RCFGBuilder for "de.uni_freiburg.informatik.ultimate.plugins.generator.cacsl2boogietranslator AST 24.04 01:10:09" (1/1) ...
No working directory specified, using /home/singularity/UAutomizer-linux/z3
Starting monitored process 1 with z3 SMTLIB2_COMPLIANT=true -memory:1024 -smt2 -in -t:12000 (exit command is (exit), workingDir is null)
Waiting until toolchain timeout for monitored process 1 with z3 SMTLIB2_COMPLIANT=true -memory:1024 -smt2 -in -t:12000
[2021-04-24 13:10:09,267 INFO  L130     BoogieDeclarations]: Found specification of procedure ULTIMATE.start
[2021-04-24 13:10:09,268 INFO  L138     BoogieDeclarations]: Found implementation of procedure ULTIMATE.start
[2021-04-24 13:10:09,512 INFO  L294             CfgBuilder]: Using the 1 location(s) as analysis (start of procedure ULTIMATE.start)
[2021-04-24 13:10:09,512 INFO  L299             CfgBuilder]: Removed 5 assume(true) statements.
[2021-04-24 13:10:09,513 INFO  L202        PluginConnector]: Adding new model de.uni_freiburg.informatik.ultimate.plugins.generator.rcfgbuilder CFG 24.04 01:10:09 BoogieIcfgContainer
[2021-04-24 13:10:09,513 INFO  L132        PluginConnector]: ------------------------ END RCFGBuilder----------------------------
[2021-04-24 13:10:09,514 INFO  L113        PluginConnector]: ------------------------BuchiAutomizer----------------------------
[2021-04-24 13:10:09,514 INFO  L271        PluginConnector]: Initializing BuchiAutomizer...
[2021-04-24 13:10:09,520 INFO  L275        PluginConnector]: BuchiAutomizer initialized
[2021-04-24 13:10:09,520 INFO  L99          BuchiAutomizer]: Safety of program was proven or not checked, starting termination analysis
[2021-04-24 13:10:09,520 INFO  L185        PluginConnector]: Executing the observer BuchiAutomizerObserver from plugin BuchiAutomizer for "CDTParser AST 24.04 01:10:08" (1/3) ...
[2021-04-24 13:10:09,521 INFO  L205        PluginConnector]: Invalid model from BuchiAutomizer for observer de.uni_freiburg.informatik.ultimate.plugins.generator.buchiautomizer.BuchiAutomizerObserver@fbb038b and model type de.uni_freiburg.informatik.ultimate.plugins.generator.buchiautomizer AST 24.04 01:10:09, skipping insertion in model container
[2021-04-24 13:10:09,522 INFO  L99          BuchiAutomizer]: Safety of program was proven or not checked, starting termination analysis
[2021-04-24 13:10:09,522 INFO  L185        PluginConnector]: Executing the observer BuchiAutomizerObserver from plugin BuchiAutomizer for "de.uni_freiburg.informatik.ultimate.plugins.generator.cacsl2boogietranslator AST 24.04 01:10:09" (2/3) ...
[2021-04-24 13:10:09,522 INFO  L205        PluginConnector]: Invalid model from BuchiAutomizer for observer de.uni_freiburg.informatik.ultimate.plugins.generator.buchiautomizer.BuchiAutomizerObserver@fbb038b and model type de.uni_freiburg.informatik.ultimate.plugins.generator.buchiautomizer AST 24.04 01:10:09, skipping insertion in model container
[2021-04-24 13:10:09,522 INFO  L99          BuchiAutomizer]: Safety of program was proven or not checked, starting termination analysis
[2021-04-24 13:10:09,523 INFO  L185        PluginConnector]: Executing the observer BuchiAutomizerObserver from plugin BuchiAutomizer for "de.uni_freiburg.informatik.ultimate.plugins.generator.rcfgbuilder CFG 24.04 01:10:09" (3/3) ...
[2021-04-24 13:10:09,524 INFO  L389   chiAutomizerObserver]: Analyzing ICFG ChenFlurMukhopadhyay-SAS2012-Ex3.02_false-termination.c
[2021-04-24 13:10:09,573 INFO  L359         BuchiCegarLoop]: Interprodecural is true
[2021-04-24 13:10:09,573 INFO  L360         BuchiCegarLoop]: Hoare is false
[2021-04-24 13:10:09,573 INFO  L361         BuchiCegarLoop]: Compute interpolants for ForwardPredicates
[2021-04-24 13:10:09,573 INFO  L362         BuchiCegarLoop]: Backedges is STRAIGHT_LINE
[2021-04-24 13:10:09,573 INFO  L363         BuchiCegarLoop]: Determinization is PREDICATE_ABSTRACTION
[2021-04-24 13:10:09,573 INFO  L364         BuchiCegarLoop]: Difference is false
[2021-04-24 13:10:09,573 INFO  L365         BuchiCegarLoop]: Minimize is MINIMIZE_SEVPA
[2021-04-24 13:10:09,573 INFO  L368         BuchiCegarLoop]: ======== Iteration 0==of CEGAR loop == BuchiCegarLoop========
[2021-04-24 13:10:09,585 INFO  L72            BuchiIsEmpty]: Start buchiIsEmpty. Operand 6 states.
[2021-04-24 13:10:09,598 INFO  L131   ngComponentsAnalysis]: Automaton has 1 accepting balls. 1
[2021-04-24 13:10:09,598 INFO  L87            BuchiIsEmpty]: Finished buchiIsEmpty Result is false
[2021-04-24 13:10:09,598 INFO  L119           BuchiIsEmpty]: Starting construction of run
[2021-04-24 13:10:09,602 INFO  L853         BuchiCegarLoop]: Counterexample stem histogram [1]
[2021-04-24 13:10:09,603 INFO  L854         BuchiCegarLoop]: Counterexample loop histogram [1]
[2021-04-24 13:10:09,603 INFO  L427         BuchiCegarLoop]: ======== Iteration 1============
[2021-04-24 13:10:09,603 INFO  L72            BuchiIsEmpty]: Start buchiIsEmpty. Operand 6 states.
[2021-04-24 13:10:09,603 INFO  L131   ngComponentsAnalysis]: Automaton has 1 accepting balls. 1
[2021-04-24 13:10:09,603 INFO  L87            BuchiIsEmpty]: Finished buchiIsEmpty Result is false
[2021-04-24 13:10:09,603 INFO  L119           BuchiIsEmpty]: Starting construction of run
[2021-04-24 13:10:09,604 INFO  L853         BuchiCegarLoop]: Counterexample stem histogram [1]
[2021-04-24 13:10:09,604 INFO  L854         BuchiCegarLoop]: Counterexample loop histogram [1]
[2021-04-24 13:10:09,609 INFO  L794   eck$LassoCheckResult]: Stem: 4#ULTIMATE.startENTRYtrue havoc main_#res;havoc main_#t~nondet0, main_#t~nondet1, main_#t~nondet2, main_~x~0, main_~y~0, main_~z~0;havoc main_~x~0;havoc main_~y~0;havoc main_~z~0;main_~x~0 := main_#t~nondet0;havoc main_#t~nondet0;main_~y~0 := main_#t~nondet1;havoc main_#t~nondet1;main_~z~0 := main_#t~nondet2;havoc main_#t~nondet2; 8#L27-2true 
[2021-04-24 13:10:09,609 INFO  L796   eck$LassoCheckResult]: Loop: 8#L27-2true assume !!(main_~x~0 > 0);main_~x~0 := main_~x~0 + main_~y~0;main_~y~0 := main_~y~0 + main_~z~0; 8#L27-2true 
[2021-04-24 13:10:09,614 INFO  L144       PredicateUnifier]: Initialized classic predicate unifier
[2021-04-24 13:10:09,614 INFO  L82        PathProgramCache]: Analyzing trace with hash 32, now seen corresponding path program 1 times
[2021-04-24 13:10:09,621 INFO  L162   FreeRefinementEngine]: Executing refinement strategy CAMEL
[2021-04-24 13:10:09,621 INFO  L353   FreeRefinementEngine]: Using trace check IpTcStrategyModuleSmtInterpolCraig [928536695]
[2021-04-24 13:10:09,621 INFO  L95    rtionOrderModulation]: Keeping assertion order NOT_INCREMENTALLY
[2021-04-24 13:10:09,685 INFO  L136    AnnotateAndAsserter]: Conjunction of SSA is sat
[2021-04-24 13:10:09,686 INFO  L221             TraceCheck]: Trace is feasible, we will do another trace check, this time with branch encoders.
[2021-04-24 13:10:09,689 INFO  L136    AnnotateAndAsserter]: Conjunction of SSA is sat
[2021-04-24 13:10:09,690 INFO  L221             TraceCheck]: Trace is feasible, we will do another trace check, this time with branch encoders.
[2021-04-24 13:10:09,701 INFO  L173   FreeRefinementEngine]: Strategy CAMEL found a feasible trace
[2021-04-24 13:10:09,703 INFO  L144       PredicateUnifier]: Initialized classic predicate unifier
[2021-04-24 13:10:09,703 INFO  L82        PathProgramCache]: Analyzing trace with hash 41, now seen corresponding path program 1 times
[2021-04-24 13:10:09,703 INFO  L162   FreeRefinementEngine]: Executing refinement strategy CAMEL
[2021-04-24 13:10:09,703 INFO  L353   FreeRefinementEngine]: Using trace check IpTcStrategyModuleSmtInterpolCraig [1486031912]
[2021-04-24 13:10:09,703 INFO  L95    rtionOrderModulation]: Keeping assertion order NOT_INCREMENTALLY
[2021-04-24 13:10:09,711 INFO  L136    AnnotateAndAsserter]: Conjunction of SSA is sat
[2021-04-24 13:10:09,711 INFO  L221             TraceCheck]: Trace is feasible, we will do another trace check, this time with branch encoders.
[2021-04-24 13:10:09,714 INFO  L136    AnnotateAndAsserter]: Conjunction of SSA is sat
[2021-04-24 13:10:09,714 INFO  L221             TraceCheck]: Trace is feasible, we will do another trace check, this time with branch encoders.
[2021-04-24 13:10:09,715 INFO  L173   FreeRefinementEngine]: Strategy CAMEL found a feasible trace
[2021-04-24 13:10:09,717 INFO  L144       PredicateUnifier]: Initialized classic predicate unifier
[2021-04-24 13:10:09,717 INFO  L82        PathProgramCache]: Analyzing trace with hash 1002, now seen corresponding path program 1 times
[2021-04-24 13:10:09,717 INFO  L162   FreeRefinementEngine]: Executing refinement strategy CAMEL
[2021-04-24 13:10:09,717 INFO  L353   FreeRefinementEngine]: Using trace check IpTcStrategyModuleSmtInterpolCraig [1986364488]
[2021-04-24 13:10:09,717 INFO  L95    rtionOrderModulation]: Keeping assertion order NOT_INCREMENTALLY
[2021-04-24 13:10:09,723 INFO  L136    AnnotateAndAsserter]: Conjunction of SSA is sat
[2021-04-24 13:10:09,723 INFO  L221             TraceCheck]: Trace is feasible, we will do another trace check, this time with branch encoders.
[2021-04-24 13:10:09,727 INFO  L136    AnnotateAndAsserter]: Conjunction of SSA is sat
[2021-04-24 13:10:09,727 INFO  L221             TraceCheck]: Trace is feasible, we will do another trace check, this time with branch encoders.
[2021-04-24 13:10:09,729 INFO  L173   FreeRefinementEngine]: Strategy CAMEL found a feasible trace
[2021-04-24 13:10:09,802 INFO  L202        PluginConnector]: Adding new model de.uni_freiburg.informatik.ultimate.plugins.generator.buchiautomizer CFG 24.04 01:10:09 BoogieIcfgContainer
[2021-04-24 13:10:09,803 INFO  L132        PluginConnector]: ------------------------ END BuchiAutomizer----------------------------
[2021-04-24 13:10:09,803 INFO  L113        PluginConnector]: ------------------------Witness Printer----------------------------
[2021-04-24 13:10:09,803 INFO  L271        PluginConnector]: Initializing Witness Printer...
[2021-04-24 13:10:09,803 INFO  L275        PluginConnector]: Witness Printer initialized
[2021-04-24 13:10:09,804 INFO  L185        PluginConnector]: Executing the observer RCFGCatcher from plugin Witness Printer for "de.uni_freiburg.informatik.ultimate.plugins.generator.rcfgbuilder CFG 24.04 01:10:09" (3/4) ...
[2021-04-24 13:10:09,806 INFO  L134         WitnessPrinter]: Generating witness for non-termination counterexample
[2021-04-24 13:10:09,844 INFO  L141         WitnessManager]: Wrote witness to /home/magnago/benchmarks/software_nontermination/C/C_Integer/Stroeder_15/ChenFlurMukhopadhyay-SAS2012-Ex3.02_false-termination.c-witness.graphml
[2021-04-24 13:10:09,844 INFO  L132        PluginConnector]: ------------------------ END Witness Printer----------------------------
[2021-04-24 13:10:09,846 INFO  L168              Benchmark]: Toolchain (without parser) took 900.30 ms. Allocated memory is still 545.3 MB. Free memory was 491.9 MB in the beginning and 487.0 MB in the end (delta: 4.9 MB). Peak memory consumption was 3.3 MB. Max. memory is 21.5 GB.
[2021-04-24 13:10:09,846 INFO  L168              Benchmark]: CDTParser took 0.14 ms. Allocated memory is still 545.3 MB. Free memory is still 508.8 MB. There was no memory consumed. Max. memory is 21.5 GB.
[2021-04-24 13:10:09,847 INFO  L168              Benchmark]: CACSL2BoogieTranslator took 171.20 ms. Allocated memory is still 545.3 MB. Free memory was 491.6 MB in the beginning and 521.9 MB in the end (delta: -30.4 MB). Peak memory consumption was 20.1 MB. Max. memory is 21.5 GB.
[2021-04-24 13:10:09,847 INFO  L168              Benchmark]: Boogie Procedure Inliner took 28.18 ms. Allocated memory is still 545.3 MB. Free memory was 521.9 MB in the beginning and 521.0 MB in the end (delta: 939.6 kB). There was no memory consumed. Max. memory is 21.5 GB.
[2021-04-24 13:10:09,848 INFO  L168              Benchmark]: Boogie Preprocessor took 14.33 ms. Allocated memory is still 545.3 MB. Free memory was 521.0 MB in the beginning and 519.8 MB in the end (delta: 1.2 MB). There was no memory consumed. Max. memory is 21.5 GB.
[2021-04-24 13:10:09,848 INFO  L168              Benchmark]: RCFGBuilder took 350.63 ms. Allocated memory is still 545.3 MB. Free memory was 519.8 MB in the beginning and 510.0 MB in the end (delta: 9.8 MB). Peak memory consumption was 4.2 MB. Max. memory is 21.5 GB.
[2021-04-24 13:10:09,848 INFO  L168              Benchmark]: BuchiAutomizer took 288.39 ms. Allocated memory is still 545.3 MB. Free memory was 509.6 MB in the beginning and 488.8 MB in the end (delta: 20.8 MB). Peak memory consumption was 25.2 MB. Max. memory is 21.5 GB.
[2021-04-24 13:10:09,849 INFO  L168              Benchmark]: Witness Printer took 41.44 ms. Allocated memory is still 545.3 MB. Free memory was 488.4 MB in the beginning and 487.0 MB in the end (delta: 1.3 MB). Peak memory consumption was 4.2 MB. Max. memory is 21.5 GB.
[2021-04-24 13:10:09,851 INFO  L339   ainManager$Toolchain]: #######################  End [Toolchain 1] #######################
 --- Results ---
 * Results from de.uni_freiburg.informatik.ultimate.core:
  - StatisticsResult: Toolchain Benchmarks
    Benchmark results are:
 * CDTParser took 0.14 ms. Allocated memory is still 545.3 MB. Free memory is still 508.8 MB. There was no memory consumed. Max. memory is 21.5 GB.
 * CACSL2BoogieTranslator took 171.20 ms. Allocated memory is still 545.3 MB. Free memory was 491.6 MB in the beginning and 521.9 MB in the end (delta: -30.4 MB). Peak memory consumption was 20.1 MB. Max. memory is 21.5 GB.
 * Boogie Procedure Inliner took 28.18 ms. Allocated memory is still 545.3 MB. Free memory was 521.9 MB in the beginning and 521.0 MB in the end (delta: 939.6 kB). There was no memory consumed. Max. memory is 21.5 GB.
 * Boogie Preprocessor took 14.33 ms. Allocated memory is still 545.3 MB. Free memory was 521.0 MB in the beginning and 519.8 MB in the end (delta: 1.2 MB). There was no memory consumed. Max. memory is 21.5 GB.
 * RCFGBuilder took 350.63 ms. Allocated memory is still 545.3 MB. Free memory was 519.8 MB in the beginning and 510.0 MB in the end (delta: 9.8 MB). Peak memory consumption was 4.2 MB. Max. memory is 21.5 GB.
 * BuchiAutomizer took 288.39 ms. Allocated memory is still 545.3 MB. Free memory was 509.6 MB in the beginning and 488.8 MB in the end (delta: 20.8 MB). Peak memory consumption was 25.2 MB. Max. memory is 21.5 GB.
 * Witness Printer took 41.44 ms. Allocated memory is still 545.3 MB. Free memory was 488.4 MB in the beginning and 487.0 MB in the end (delta: 1.3 MB). Peak memory consumption was 4.2 MB. Max. memory is 21.5 GB.
 * Results from de.uni_freiburg.informatik.ultimate.plugins.generator.traceabstraction:
  - StatisticsResult: Constructed decomposition of program
    Trivial decomposition into one nonterminating module.
  - StatisticsResult: Timing statistics
    B?chiAutomizer plugin needed 0.2s and 1 iterations.  TraceHistogramMax:1. Analysis of lassos took 0.1s. Construction of modules took 0.0s. B?chi inclusion checks took 0.0s. Highest rank in rank-based complementation 0. Minimization of det autom 0. Minimization of nondet autom 0. Automata minimization No data available. Non-live state removal took 0.0s Buchi closure took 0.0s. Biggest automaton had -1 states and ocurred in iteration -1.	Nontrivial modules had stage [0, 0, 0, 0, 0].	InterpolantCoveringCapabilityFinite: 0/0	InterpolantCoveringCapabilityBuchi: 0/0	HoareTripleCheckerStatistics: No data available	LassoAnalysisResults: nont1 unkn0 SFLI0 SFLT0 conc0 concLT0 SILN0 SILU0 SILI0 SILT0 lasso0 LassoPreprocessingBenchmarks: LassoTerminationAnalysisBenchmarks: not availableLassoTerminationAnalysisBenchmarks: LassoNonterminationAnalysisSatFixpoint: 0	LassoNonterminationAnalysisSatUnbounded: 0	LassoNonterminationAnalysisUnsat: 0	LassoNonterminationAnalysisUnknown: 0	LassoNonterminationAnalysisTime: 0.0s	
  - TerminationAnalysisResult: Nontermination possible
    Buchi Automizer proved that your program is nonterminating for some inputs
  - FixpointNonTerminationResult [Line: 27]: Nontermination argument in form of an infinite program execution.
    Nontermination argument in form of an infinite execution
State at position 0 is
{}
State at position 1 is
{org.eclipse.cdt.internal.core.dom.parser.c.CASTFunctionCallExpression@612ee9ae=0, \result=0, org.eclipse.cdt.internal.core.dom.parser.c.CASTFunctionCallExpression@582cc608=0, org.eclipse.cdt.internal.core.dom.parser.c.CASTFunctionCallExpression@4add692d=0, z=0, x=1, y=0}
  - StatisticsResult: NonterminationArgumentStatistics
    Fixpoint
  - NonterminatingLassoResult [Line: 27]: Nonterminating execution
    Found a nonterminating execution for the following lasso shaped sequence of statements.
Stem:
[L23]        int x, y, z;
[L24]        x = __VERIFIER_nondet_int()
[L25]        y = __VERIFIER_nondet_int()
[L26]        z = __VERIFIER_nondet_int()
Loop:
[L27]  COND TRUE  x > 0
[L28]             x = x + y
[L29]             y = y + z
End of lasso representation.
RESULT: Ultimate proved your program to be incorrect!
Received shutdown request...
