Creating empty 100MiB image file: /home/magnago/overlay/ChenFlurMukhopadhyay-SAS2012-Ex2.14_false-termination.c.ext3
Formatting image with ext3 file system
Image is done: /home/magnago/overlay/ChenFlurMukhopadhyay-SAS2012-Ex2.14_false-termination.c.ext3
This is Ultimate 0.2.1-54a68f4
[2021-04-24 13:10:07,855 INFO  L177        SettingsManager]: Resetting all preferences to default values...
[2021-04-24 13:10:07,858 INFO  L181        SettingsManager]: Resetting UltimateCore preferences to default values
[2021-04-24 13:10:07,905 INFO  L184        SettingsManager]: Ultimate Commandline Interface provides no preferences, ignoring...
[2021-04-24 13:10:07,906 INFO  L181        SettingsManager]: Resetting Boogie Preprocessor preferences to default values
[2021-04-24 13:10:07,907 INFO  L181        SettingsManager]: Resetting Boogie Procedure Inliner preferences to default values
[2021-04-24 13:10:07,909 INFO  L181        SettingsManager]: Resetting Abstract Interpretation preferences to default values
[2021-04-24 13:10:07,910 INFO  L181        SettingsManager]: Resetting LassoRanker preferences to default values
[2021-04-24 13:10:07,912 INFO  L181        SettingsManager]: Resetting Reaching Definitions preferences to default values
[2021-04-24 13:10:07,913 INFO  L181        SettingsManager]: Resetting SyntaxChecker preferences to default values
[2021-04-24 13:10:07,914 INFO  L181        SettingsManager]: Resetting Sifa preferences to default values
[2021-04-24 13:10:07,915 INFO  L184        SettingsManager]: B?chi Program Product provides no preferences, ignoring...
[2021-04-24 13:10:07,915 INFO  L181        SettingsManager]: Resetting LTL2Aut preferences to default values
[2021-04-24 13:10:07,916 INFO  L181        SettingsManager]: Resetting PEA to Boogie preferences to default values
[2021-04-24 13:10:07,917 INFO  L181        SettingsManager]: Resetting BlockEncodingV2 preferences to default values
[2021-04-24 13:10:07,918 INFO  L181        SettingsManager]: Resetting ChcToBoogie preferences to default values
[2021-04-24 13:10:07,919 INFO  L181        SettingsManager]: Resetting AutomataScriptInterpreter preferences to default values
[2021-04-24 13:10:07,920 INFO  L181        SettingsManager]: Resetting BuchiAutomizer preferences to default values
[2021-04-24 13:10:07,922 INFO  L181        SettingsManager]: Resetting CACSL2BoogieTranslator preferences to default values
[2021-04-24 13:10:07,924 INFO  L181        SettingsManager]: Resetting CodeCheck preferences to default values
[2021-04-24 13:10:07,925 INFO  L181        SettingsManager]: Resetting InvariantSynthesis preferences to default values
[2021-04-24 13:10:07,926 INFO  L181        SettingsManager]: Resetting RCFGBuilder preferences to default values
[2021-04-24 13:10:07,927 INFO  L181        SettingsManager]: Resetting Referee preferences to default values
[2021-04-24 13:10:07,928 INFO  L181        SettingsManager]: Resetting TraceAbstraction preferences to default values
[2021-04-24 13:10:07,930 INFO  L184        SettingsManager]: TraceAbstractionConcurrent provides no preferences, ignoring...
[2021-04-24 13:10:07,931 INFO  L184        SettingsManager]: TraceAbstractionWithAFAs provides no preferences, ignoring...
[2021-04-24 13:10:07,931 INFO  L181        SettingsManager]: Resetting TreeAutomizer preferences to default values
[2021-04-24 13:10:07,932 INFO  L181        SettingsManager]: Resetting IcfgToChc preferences to default values
[2021-04-24 13:10:07,932 INFO  L181        SettingsManager]: Resetting IcfgTransformer preferences to default values
[2021-04-24 13:10:07,933 INFO  L184        SettingsManager]: ReqToTest provides no preferences, ignoring...
[2021-04-24 13:10:07,934 INFO  L181        SettingsManager]: Resetting Boogie Printer preferences to default values
[2021-04-24 13:10:07,934 INFO  L181        SettingsManager]: Resetting ChcSmtPrinter preferences to default values
[2021-04-24 13:10:07,935 INFO  L181        SettingsManager]: Resetting ReqPrinter preferences to default values
[2021-04-24 13:10:07,935 INFO  L181        SettingsManager]: Resetting Witness Printer preferences to default values
[2021-04-24 13:10:07,936 INFO  L184        SettingsManager]: Boogie PL CUP Parser provides no preferences, ignoring...
[2021-04-24 13:10:07,936 INFO  L181        SettingsManager]: Resetting CDTParser preferences to default values
[2021-04-24 13:10:07,937 INFO  L184        SettingsManager]: AutomataScriptParser provides no preferences, ignoring...
[2021-04-24 13:10:07,937 INFO  L184        SettingsManager]: ReqParser provides no preferences, ignoring...
[2021-04-24 13:10:07,937 INFO  L181        SettingsManager]: Resetting SmtParser preferences to default values
[2021-04-24 13:10:07,937 INFO  L181        SettingsManager]: Resetting Witness Parser preferences to default values
[2021-04-24 13:10:07,938 INFO  L188        SettingsManager]: Finished resetting all preferences to default values...
[2021-04-24 13:10:07,939 INFO  L101        SettingsManager]: Beginning loading settings from /home/singularity/UAutomizer-linux/config/svcomp-Termination-64bit-Automizer_Default.epf
[2021-04-24 13:10:07,960 INFO  L113        SettingsManager]: Loading preferences was successful
[2021-04-24 13:10:07,960 INFO  L115        SettingsManager]: Preferences different from defaults after loading the file:
[2021-04-24 13:10:07,962 INFO  L136        SettingsManager]: Preferences of BlockEncodingV2 differ from their defaults:
[2021-04-24 13:10:07,962 INFO  L138        SettingsManager]:  * Create parallel compositions if possible=false
[2021-04-24 13:10:07,962 INFO  L138        SettingsManager]:  * Use SBE=true
[2021-04-24 13:10:07,962 INFO  L136        SettingsManager]: Preferences of BuchiAutomizer differ from their defaults:
[2021-04-24 13:10:07,963 INFO  L138        SettingsManager]:  * NCSB implementation=INTSET_LAZY3
[2021-04-24 13:10:07,963 INFO  L138        SettingsManager]:  * Use old map elimination=false
[2021-04-24 13:10:07,963 INFO  L138        SettingsManager]:  * Use external solver (rank synthesis)=false
[2021-04-24 13:10:07,963 INFO  L138        SettingsManager]:  * Use only trivial implications for array writes=true
[2021-04-24 13:10:07,963 INFO  L138        SettingsManager]:  * Rank analysis=LINEAR_WITH_GUESSES
[2021-04-24 13:10:07,963 INFO  L136        SettingsManager]: Preferences of CACSL2BoogieTranslator differ from their defaults:
[2021-04-24 13:10:07,964 INFO  L138        SettingsManager]:  * Check unreachability of error function in SV-COMP mode=false
[2021-04-24 13:10:07,964 INFO  L138        SettingsManager]:  * Overapproximate operations on floating types=true
[2021-04-24 13:10:07,964 INFO  L138        SettingsManager]:  * Check division by zero=IGNORE
[2021-04-24 13:10:07,964 INFO  L138        SettingsManager]:  * Pointer to allocated memory at dereference=ASSUME
[2021-04-24 13:10:07,964 INFO  L138        SettingsManager]:  * If two pointers are subtracted or compared they have the same base address=ASSUME
[2021-04-24 13:10:07,964 INFO  L138        SettingsManager]:  * Check array bounds for arrays that are off heap=ASSUME
[2021-04-24 13:10:07,965 INFO  L138        SettingsManager]:  * Check if freed pointer was valid=false
[2021-04-24 13:10:07,965 INFO  L138        SettingsManager]:  * Assume nondeterminstic values are in range=false
[2021-04-24 13:10:07,965 INFO  L138        SettingsManager]:  * Use constant arrays=true
[2021-04-24 13:10:07,965 INFO  L138        SettingsManager]:  * Pointer base address is valid at dereference=ASSUME
[2021-04-24 13:10:07,965 INFO  L136        SettingsManager]: Preferences of RCFGBuilder differ from their defaults:
[2021-04-24 13:10:07,965 INFO  L138        SettingsManager]:  * Size of a code block=SequenceOfStatements
[2021-04-24 13:10:07,966 INFO  L136        SettingsManager]: Preferences of TraceAbstraction differ from their defaults:
[2021-04-24 13:10:07,966 INFO  L138        SettingsManager]:  * Trace refinement strategy=CAMEL
[2021-04-24 13:10:07,966 INFO  L138        SettingsManager]:  * Trace refinement exception blacklist=NONE
[2021-04-24 13:10:07,967 INFO  L136        SettingsManager]: Preferences of IcfgTransformer differ from their defaults:
[2021-04-24 13:10:07,967 INFO  L138        SettingsManager]:  * TransformationType=MODULO_NEIGHBOR
[2021-04-24 13:10:08,177 INFO  L75    nceAwareModelManager]: Repository-Root is: /tmp
[2021-04-24 13:10:08,205 INFO  L261   ainManager$Toolchain]: [Toolchain 1]: Applicable parser(s) successfully (re)initialized
[2021-04-24 13:10:08,207 INFO  L217   ainManager$Toolchain]: [Toolchain 1]: Toolchain selected.
[2021-04-24 13:10:08,208 INFO  L271        PluginConnector]: Initializing CDTParser...
[2021-04-24 13:10:08,209 INFO  L275        PluginConnector]: CDTParser initialized
[2021-04-24 13:10:08,210 INFO  L432   ainManager$Toolchain]: [Toolchain 1]: Parsing single file: /home/magnago/benchmarks/software_nontermination/C/C_Integer/Stroeder_15/ChenFlurMukhopadhyay-SAS2012-Ex2.14_false-termination.c
[2021-04-24 13:10:08,255 INFO  L220              CDTParser]: Created temporary CDT project at /home/singularity/274834431cd044d09ae163b2fab03d43/FLAG3f262a872
[2021-04-24 13:10:08,571 INFO  L306              CDTParser]: Found 1 translation units.
[2021-04-24 13:10:08,571 INFO  L160              CDTParser]: Scanning /home/magnago/benchmarks/software_nontermination/C/C_Integer/Stroeder_15/ChenFlurMukhopadhyay-SAS2012-Ex2.14_false-termination.c
[2021-04-24 13:10:08,577 INFO  L349              CDTParser]: About to delete temporary CDT project at /home/singularity/274834431cd044d09ae163b2fab03d43/FLAG3f262a872
[2021-04-24 13:10:08,989 INFO  L357              CDTParser]: Successfully deleted /home/singularity/274834431cd044d09ae163b2fab03d43
[2021-04-24 13:10:08,992 INFO  L299   ainManager$Toolchain]: ####################### [Toolchain 1] #######################
[2021-04-24 13:10:08,994 INFO  L131        ToolchainWalker]: Walking toolchain with 6 elements.
[2021-04-24 13:10:08,995 INFO  L113        PluginConnector]: ------------------------CACSL2BoogieTranslator----------------------------
[2021-04-24 13:10:08,995 INFO  L271        PluginConnector]: Initializing CACSL2BoogieTranslator...
[2021-04-24 13:10:08,998 INFO  L275        PluginConnector]: CACSL2BoogieTranslator initialized
[2021-04-24 13:10:08,998 INFO  L185        PluginConnector]: Executing the observer ACSLObjectContainerObserver from plugin CACSL2BoogieTranslator for "CDTParser AST 24.04 01:10:08" (1/1) ...
[2021-04-24 13:10:09,000 INFO  L205        PluginConnector]: Invalid model from CACSL2BoogieTranslator for observer de.uni_freiburg.informatik.ultimate.plugins.generator.cacsl2boogietranslator.ACSLObjectContainerObserver@3aa22755 and model type de.uni_freiburg.informatik.ultimate.plugins.generator.cacsl2boogietranslator AST 24.04 01:10:08, skipping insertion in model container
[2021-04-24 13:10:09,000 INFO  L185        PluginConnector]: Executing the observer CACSL2BoogieTranslatorObserver from plugin CACSL2BoogieTranslator for "CDTParser AST 24.04 01:10:08" (1/1) ...
[2021-04-24 13:10:09,006 INFO  L145         MainTranslator]: Starting translation in SV-COMP mode 
[2021-04-24 13:10:09,015 INFO  L178         MainTranslator]: Built tables and reachable declarations
[2021-04-24 13:10:09,133 INFO  L206          PostProcessor]: Analyzing one entry point: main
[2021-04-24 13:10:09,136 INFO  L203         MainTranslator]: Completed pre-run
[2021-04-24 13:10:09,149 INFO  L206          PostProcessor]: Analyzing one entry point: main
[2021-04-24 13:10:09,159 INFO  L208         MainTranslator]: Completed translation
[2021-04-24 13:10:09,159 INFO  L202        PluginConnector]: Adding new model de.uni_freiburg.informatik.ultimate.plugins.generator.cacsl2boogietranslator AST 24.04 01:10:09 WrapperNode
[2021-04-24 13:10:09,160 INFO  L132        PluginConnector]: ------------------------ END CACSL2BoogieTranslator----------------------------
[2021-04-24 13:10:09,161 INFO  L113        PluginConnector]: ------------------------Boogie Procedure Inliner----------------------------
[2021-04-24 13:10:09,161 INFO  L271        PluginConnector]: Initializing Boogie Procedure Inliner...
[2021-04-24 13:10:09,161 INFO  L275        PluginConnector]: Boogie Procedure Inliner initialized
[2021-04-24 13:10:09,167 INFO  L185        PluginConnector]: Executing the observer TypeChecker from plugin Boogie Procedure Inliner for "de.uni_freiburg.informatik.ultimate.plugins.generator.cacsl2boogietranslator AST 24.04 01:10:09" (1/1) ...
[2021-04-24 13:10:09,170 INFO  L185        PluginConnector]: Executing the observer Inliner from plugin Boogie Procedure Inliner for "de.uni_freiburg.informatik.ultimate.plugins.generator.cacsl2boogietranslator AST 24.04 01:10:09" (1/1) ...
[2021-04-24 13:10:09,181 INFO  L132        PluginConnector]: ------------------------ END Boogie Procedure Inliner----------------------------
[2021-04-24 13:10:09,182 INFO  L113        PluginConnector]: ------------------------Boogie Preprocessor----------------------------
[2021-04-24 13:10:09,182 INFO  L271        PluginConnector]: Initializing Boogie Preprocessor...
[2021-04-24 13:10:09,182 INFO  L275        PluginConnector]: Boogie Preprocessor initialized
[2021-04-24 13:10:09,188 INFO  L185        PluginConnector]: Executing the observer EnsureBoogieModelObserver from plugin Boogie Preprocessor for "de.uni_freiburg.informatik.ultimate.plugins.generator.cacsl2boogietranslator AST 24.04 01:10:09" (1/1) ...
[2021-04-24 13:10:09,188 INFO  L185        PluginConnector]: Executing the observer TypeChecker from plugin Boogie Preprocessor for "de.uni_freiburg.informatik.ultimate.plugins.generator.cacsl2boogietranslator AST 24.04 01:10:09" (1/1) ...
[2021-04-24 13:10:09,188 INFO  L185        PluginConnector]: Executing the observer ConstExpander from plugin Boogie Preprocessor for "de.uni_freiburg.informatik.ultimate.plugins.generator.cacsl2boogietranslator AST 24.04 01:10:09" (1/1) ...
[2021-04-24 13:10:09,189 INFO  L185        PluginConnector]: Executing the observer StructExpander from plugin Boogie Preprocessor for "de.uni_freiburg.informatik.ultimate.plugins.generator.cacsl2boogietranslator AST 24.04 01:10:09" (1/1) ...
[2021-04-24 13:10:09,190 INFO  L185        PluginConnector]: Executing the observer UnstructureCode from plugin Boogie Preprocessor for "de.uni_freiburg.informatik.ultimate.plugins.generator.cacsl2boogietranslator AST 24.04 01:10:09" (1/1) ...
[2021-04-24 13:10:09,192 INFO  L185        PluginConnector]: Executing the observer FunctionInliner from plugin Boogie Preprocessor for "de.uni_freiburg.informatik.ultimate.plugins.generator.cacsl2boogietranslator AST 24.04 01:10:09" (1/1) ...
[2021-04-24 13:10:09,193 INFO  L185        PluginConnector]: Executing the observer BoogieSymbolTableConstructor from plugin Boogie Preprocessor for "de.uni_freiburg.informatik.ultimate.plugins.generator.cacsl2boogietranslator AST 24.04 01:10:09" (1/1) ...
[2021-04-24 13:10:09,194 INFO  L132        PluginConnector]: ------------------------ END Boogie Preprocessor----------------------------
[2021-04-24 13:10:09,194 INFO  L113        PluginConnector]: ------------------------RCFGBuilder----------------------------
[2021-04-24 13:10:09,195 INFO  L271        PluginConnector]: Initializing RCFGBuilder...
[2021-04-24 13:10:09,195 INFO  L275        PluginConnector]: RCFGBuilder initialized
[2021-04-24 13:10:09,195 INFO  L185        PluginConnector]: Executing the observer RCFGBuilderObserver from plugin RCFGBuilder for "de.uni_freiburg.informatik.ultimate.plugins.generator.cacsl2boogietranslator AST 24.04 01:10:09" (1/1) ...
No working directory specified, using /home/singularity/UAutomizer-linux/z3
Starting monitored process 1 with z3 SMTLIB2_COMPLIANT=true -memory:1024 -smt2 -in -t:12000 (exit command is (exit), workingDir is null)
Waiting until toolchain timeout for monitored process 1 with z3 SMTLIB2_COMPLIANT=true -memory:1024 -smt2 -in -t:12000
[2021-04-24 13:10:09,289 INFO  L130     BoogieDeclarations]: Found specification of procedure ULTIMATE.start
[2021-04-24 13:10:09,290 INFO  L138     BoogieDeclarations]: Found implementation of procedure ULTIMATE.start
[2021-04-24 13:10:09,511 INFO  L294             CfgBuilder]: Using the 1 location(s) as analysis (start of procedure ULTIMATE.start)
[2021-04-24 13:10:09,511 INFO  L299             CfgBuilder]: Removed 5 assume(true) statements.
[2021-04-24 13:10:09,512 INFO  L202        PluginConnector]: Adding new model de.uni_freiburg.informatik.ultimate.plugins.generator.rcfgbuilder CFG 24.04 01:10:09 BoogieIcfgContainer
[2021-04-24 13:10:09,512 INFO  L132        PluginConnector]: ------------------------ END RCFGBuilder----------------------------
[2021-04-24 13:10:09,513 INFO  L113        PluginConnector]: ------------------------BuchiAutomizer----------------------------
[2021-04-24 13:10:09,513 INFO  L271        PluginConnector]: Initializing BuchiAutomizer...
[2021-04-24 13:10:09,515 INFO  L275        PluginConnector]: BuchiAutomizer initialized
[2021-04-24 13:10:09,516 INFO  L99          BuchiAutomizer]: Safety of program was proven or not checked, starting termination analysis
[2021-04-24 13:10:09,516 INFO  L185        PluginConnector]: Executing the observer BuchiAutomizerObserver from plugin BuchiAutomizer for "CDTParser AST 24.04 01:10:08" (1/3) ...
[2021-04-24 13:10:09,517 INFO  L205        PluginConnector]: Invalid model from BuchiAutomizer for observer de.uni_freiburg.informatik.ultimate.plugins.generator.buchiautomizer.BuchiAutomizerObserver@558fa975 and model type de.uni_freiburg.informatik.ultimate.plugins.generator.buchiautomizer AST 24.04 01:10:09, skipping insertion in model container
[2021-04-24 13:10:09,517 INFO  L99          BuchiAutomizer]: Safety of program was proven or not checked, starting termination analysis
[2021-04-24 13:10:09,517 INFO  L185        PluginConnector]: Executing the observer BuchiAutomizerObserver from plugin BuchiAutomizer for "de.uni_freiburg.informatik.ultimate.plugins.generator.cacsl2boogietranslator AST 24.04 01:10:09" (2/3) ...
[2021-04-24 13:10:09,517 INFO  L205        PluginConnector]: Invalid model from BuchiAutomizer for observer de.uni_freiburg.informatik.ultimate.plugins.generator.buchiautomizer.BuchiAutomizerObserver@558fa975 and model type de.uni_freiburg.informatik.ultimate.plugins.generator.buchiautomizer AST 24.04 01:10:09, skipping insertion in model container
[2021-04-24 13:10:09,518 INFO  L99          BuchiAutomizer]: Safety of program was proven or not checked, starting termination analysis
[2021-04-24 13:10:09,518 INFO  L185        PluginConnector]: Executing the observer BuchiAutomizerObserver from plugin BuchiAutomizer for "de.uni_freiburg.informatik.ultimate.plugins.generator.rcfgbuilder CFG 24.04 01:10:09" (3/3) ...
[2021-04-24 13:10:09,519 INFO  L389   chiAutomizerObserver]: Analyzing ICFG ChenFlurMukhopadhyay-SAS2012-Ex2.14_false-termination.c
[2021-04-24 13:10:09,559 INFO  L359         BuchiCegarLoop]: Interprodecural is true
[2021-04-24 13:10:09,559 INFO  L360         BuchiCegarLoop]: Hoare is false
[2021-04-24 13:10:09,559 INFO  L361         BuchiCegarLoop]: Compute interpolants for ForwardPredicates
[2021-04-24 13:10:09,559 INFO  L362         BuchiCegarLoop]: Backedges is STRAIGHT_LINE
[2021-04-24 13:10:09,559 INFO  L363         BuchiCegarLoop]: Determinization is PREDICATE_ABSTRACTION
[2021-04-24 13:10:09,559 INFO  L364         BuchiCegarLoop]: Difference is false
[2021-04-24 13:10:09,559 INFO  L365         BuchiCegarLoop]: Minimize is MINIMIZE_SEVPA
[2021-04-24 13:10:09,559 INFO  L368         BuchiCegarLoop]: ======== Iteration 0==of CEGAR loop == BuchiCegarLoop========
[2021-04-24 13:10:09,569 INFO  L72            BuchiIsEmpty]: Start buchiIsEmpty. Operand 6 states.
[2021-04-24 13:10:09,580 INFO  L131   ngComponentsAnalysis]: Automaton has 1 accepting balls. 1
[2021-04-24 13:10:09,580 INFO  L87            BuchiIsEmpty]: Finished buchiIsEmpty Result is false
[2021-04-24 13:10:09,580 INFO  L119           BuchiIsEmpty]: Starting construction of run
[2021-04-24 13:10:09,584 INFO  L853         BuchiCegarLoop]: Counterexample stem histogram [1]
[2021-04-24 13:10:09,584 INFO  L854         BuchiCegarLoop]: Counterexample loop histogram [1]
[2021-04-24 13:10:09,584 INFO  L427         BuchiCegarLoop]: ======== Iteration 1============
[2021-04-24 13:10:09,584 INFO  L72            BuchiIsEmpty]: Start buchiIsEmpty. Operand 6 states.
[2021-04-24 13:10:09,585 INFO  L131   ngComponentsAnalysis]: Automaton has 1 accepting balls. 1
[2021-04-24 13:10:09,585 INFO  L87            BuchiIsEmpty]: Finished buchiIsEmpty Result is false
[2021-04-24 13:10:09,585 INFO  L119           BuchiIsEmpty]: Starting construction of run
[2021-04-24 13:10:09,585 INFO  L853         BuchiCegarLoop]: Counterexample stem histogram [1]
[2021-04-24 13:10:09,585 INFO  L854         BuchiCegarLoop]: Counterexample loop histogram [1]
[2021-04-24 13:10:09,589 INFO  L794   eck$LassoCheckResult]: Stem: 3#ULTIMATE.startENTRYtrue havoc main_#res;havoc main_#t~nondet0, main_#t~nondet1, main_~x~0, main_~y~0;havoc main_~x~0;havoc main_~y~0;main_~x~0 := main_#t~nondet0;havoc main_#t~nondet0;main_~y~0 := main_#t~nondet1;havoc main_#t~nondet1; 7#L26-2true 
[2021-04-24 13:10:09,590 INFO  L796   eck$LassoCheckResult]: Loop: 7#L26-2true assume !!(main_~x~0 > 0 && main_~y~0 > 0);main_~x~0 := 10 * main_~y~0 - 2 * main_~x~0; 7#L26-2true 
[2021-04-24 13:10:09,594 INFO  L144       PredicateUnifier]: Initialized classic predicate unifier
[2021-04-24 13:10:09,594 INFO  L82        PathProgramCache]: Analyzing trace with hash 32, now seen corresponding path program 1 times
[2021-04-24 13:10:09,600 INFO  L162   FreeRefinementEngine]: Executing refinement strategy CAMEL
[2021-04-24 13:10:09,600 INFO  L353   FreeRefinementEngine]: Using trace check IpTcStrategyModuleSmtInterpolCraig [828473582]
[2021-04-24 13:10:09,601 INFO  L95    rtionOrderModulation]: Keeping assertion order NOT_INCREMENTALLY
[2021-04-24 13:10:09,654 INFO  L136    AnnotateAndAsserter]: Conjunction of SSA is sat
[2021-04-24 13:10:09,654 INFO  L221             TraceCheck]: Trace is feasible, we will do another trace check, this time with branch encoders.
[2021-04-24 13:10:09,657 INFO  L136    AnnotateAndAsserter]: Conjunction of SSA is sat
[2021-04-24 13:10:09,657 INFO  L221             TraceCheck]: Trace is feasible, we will do another trace check, this time with branch encoders.
[2021-04-24 13:10:09,666 INFO  L173   FreeRefinementEngine]: Strategy CAMEL found a feasible trace
[2021-04-24 13:10:09,667 INFO  L144       PredicateUnifier]: Initialized classic predicate unifier
[2021-04-24 13:10:09,668 INFO  L82        PathProgramCache]: Analyzing trace with hash 41, now seen corresponding path program 1 times
[2021-04-24 13:10:09,668 INFO  L162   FreeRefinementEngine]: Executing refinement strategy CAMEL
[2021-04-24 13:10:09,668 INFO  L353   FreeRefinementEngine]: Using trace check IpTcStrategyModuleSmtInterpolCraig [1937936600]
[2021-04-24 13:10:09,668 INFO  L95    rtionOrderModulation]: Keeping assertion order NOT_INCREMENTALLY
[2021-04-24 13:10:09,674 INFO  L136    AnnotateAndAsserter]: Conjunction of SSA is sat
[2021-04-24 13:10:09,675 INFO  L221             TraceCheck]: Trace is feasible, we will do another trace check, this time with branch encoders.
[2021-04-24 13:10:09,677 INFO  L136    AnnotateAndAsserter]: Conjunction of SSA is sat
[2021-04-24 13:10:09,677 INFO  L221             TraceCheck]: Trace is feasible, we will do another trace check, this time with branch encoders.
[2021-04-24 13:10:09,678 INFO  L173   FreeRefinementEngine]: Strategy CAMEL found a feasible trace
[2021-04-24 13:10:09,679 INFO  L144       PredicateUnifier]: Initialized classic predicate unifier
[2021-04-24 13:10:09,679 INFO  L82        PathProgramCache]: Analyzing trace with hash 1002, now seen corresponding path program 1 times
[2021-04-24 13:10:09,680 INFO  L162   FreeRefinementEngine]: Executing refinement strategy CAMEL
[2021-04-24 13:10:09,680 INFO  L353   FreeRefinementEngine]: Using trace check IpTcStrategyModuleSmtInterpolCraig [1083711479]
[2021-04-24 13:10:09,680 INFO  L95    rtionOrderModulation]: Keeping assertion order NOT_INCREMENTALLY
[2021-04-24 13:10:09,683 INFO  L136    AnnotateAndAsserter]: Conjunction of SSA is sat
[2021-04-24 13:10:09,684 INFO  L221             TraceCheck]: Trace is feasible, we will do another trace check, this time with branch encoders.
[2021-04-24 13:10:09,686 INFO  L136    AnnotateAndAsserter]: Conjunction of SSA is sat
[2021-04-24 13:10:09,686 INFO  L221             TraceCheck]: Trace is feasible, we will do another trace check, this time with branch encoders.
[2021-04-24 13:10:09,687 INFO  L173   FreeRefinementEngine]: Strategy CAMEL found a feasible trace
[2021-04-24 13:10:09,756 INFO  L202        PluginConnector]: Adding new model de.uni_freiburg.informatik.ultimate.plugins.generator.buchiautomizer CFG 24.04 01:10:09 BoogieIcfgContainer
[2021-04-24 13:10:09,756 INFO  L132        PluginConnector]: ------------------------ END BuchiAutomizer----------------------------
[2021-04-24 13:10:09,757 INFO  L113        PluginConnector]: ------------------------Witness Printer----------------------------
[2021-04-24 13:10:09,757 INFO  L271        PluginConnector]: Initializing Witness Printer...
[2021-04-24 13:10:09,758 INFO  L275        PluginConnector]: Witness Printer initialized
[2021-04-24 13:10:09,758 INFO  L185        PluginConnector]: Executing the observer RCFGCatcher from plugin Witness Printer for "de.uni_freiburg.informatik.ultimate.plugins.generator.rcfgbuilder CFG 24.04 01:10:09" (3/4) ...
[2021-04-24 13:10:09,761 INFO  L134         WitnessPrinter]: Generating witness for non-termination counterexample
[2021-04-24 13:10:09,799 INFO  L141         WitnessManager]: Wrote witness to /home/magnago/benchmarks/software_nontermination/C/C_Integer/Stroeder_15/ChenFlurMukhopadhyay-SAS2012-Ex2.14_false-termination.c-witness.graphml
[2021-04-24 13:10:09,799 INFO  L132        PluginConnector]: ------------------------ END Witness Printer----------------------------
[2021-04-24 13:10:09,801 INFO  L168              Benchmark]: Toolchain (without parser) took 807.32 ms. Allocated memory is still 545.3 MB. Free memory was 492.5 MB in the beginning and 491.3 MB in the end (delta: 1.2 MB). There was no memory consumed. Max. memory is 21.5 GB.
[2021-04-24 13:10:09,802 INFO  L168              Benchmark]: CDTParser took 0.15 ms. Allocated memory is still 545.3 MB. Free memory is still 509.0 MB. There was no memory consumed. Max. memory is 21.5 GB.
[2021-04-24 13:10:09,803 INFO  L168              Benchmark]: CACSL2BoogieTranslator took 164.50 ms. Allocated memory is still 545.3 MB. Free memory was 492.2 MB in the beginning and 522.4 MB in the end (delta: -30.2 MB). Peak memory consumption was 20.1 MB. Max. memory is 21.5 GB.
[2021-04-24 13:10:09,804 INFO  L168              Benchmark]: Boogie Procedure Inliner took 20.72 ms. Allocated memory is still 545.3 MB. Free memory was 522.4 MB in the beginning and 521.2 MB in the end (delta: 1.2 MB). There was no memory consumed. Max. memory is 21.5 GB.
[2021-04-24 13:10:09,805 INFO  L168              Benchmark]: Boogie Preprocessor took 12.12 ms. Allocated memory is still 545.3 MB. Free memory was 521.2 MB in the beginning and 520.2 MB in the end (delta: 954.8 kB). There was no memory consumed. Max. memory is 21.5 GB.
[2021-04-24 13:10:09,805 INFO  L168              Benchmark]: RCFGBuilder took 317.93 ms. Allocated memory is still 545.3 MB. Free memory was 520.2 MB in the beginning and 511.4 MB in the end (delta: 8.8 MB). Peak memory consumption was 8.4 MB. Max. memory is 21.5 GB.
[2021-04-24 13:10:09,806 INFO  L168              Benchmark]: BuchiAutomizer took 243.73 ms. Allocated memory is still 545.3 MB. Free memory was 511.0 MB in the beginning and 492.6 MB in the end (delta: 18.4 MB). Peak memory consumption was 16.8 MB. Max. memory is 21.5 GB.
[2021-04-24 13:10:09,807 INFO  L168              Benchmark]: Witness Printer took 42.25 ms. Allocated memory is still 545.3 MB. Free memory was 492.6 MB in the beginning and 491.3 MB in the end (delta: 1.4 MB). Peak memory consumption was 4.2 MB. Max. memory is 21.5 GB.
[2021-04-24 13:10:09,812 INFO  L339   ainManager$Toolchain]: #######################  End [Toolchain 1] #######################
 --- Results ---
 * Results from de.uni_freiburg.informatik.ultimate.core:
  - StatisticsResult: Toolchain Benchmarks
    Benchmark results are:
 * CDTParser took 0.15 ms. Allocated memory is still 545.3 MB. Free memory is still 509.0 MB. There was no memory consumed. Max. memory is 21.5 GB.
 * CACSL2BoogieTranslator took 164.50 ms. Allocated memory is still 545.3 MB. Free memory was 492.2 MB in the beginning and 522.4 MB in the end (delta: -30.2 MB). Peak memory consumption was 20.1 MB. Max. memory is 21.5 GB.
 * Boogie Procedure Inliner took 20.72 ms. Allocated memory is still 545.3 MB. Free memory was 522.4 MB in the beginning and 521.2 MB in the end (delta: 1.2 MB). There was no memory consumed. Max. memory is 21.5 GB.
 * Boogie Preprocessor took 12.12 ms. Allocated memory is still 545.3 MB. Free memory was 521.2 MB in the beginning and 520.2 MB in the end (delta: 954.8 kB). There was no memory consumed. Max. memory is 21.5 GB.
 * RCFGBuilder took 317.93 ms. Allocated memory is still 545.3 MB. Free memory was 520.2 MB in the beginning and 511.4 MB in the end (delta: 8.8 MB). Peak memory consumption was 8.4 MB. Max. memory is 21.5 GB.
 * BuchiAutomizer took 243.73 ms. Allocated memory is still 545.3 MB. Free memory was 511.0 MB in the beginning and 492.6 MB in the end (delta: 18.4 MB). Peak memory consumption was 16.8 MB. Max. memory is 21.5 GB.
 * Witness Printer took 42.25 ms. Allocated memory is still 545.3 MB. Free memory was 492.6 MB in the beginning and 491.3 MB in the end (delta: 1.4 MB). Peak memory consumption was 4.2 MB. Max. memory is 21.5 GB.
 * Results from de.uni_freiburg.informatik.ultimate.plugins.generator.traceabstraction:
  - StatisticsResult: Constructed decomposition of program
    Trivial decomposition into one nonterminating module.
  - StatisticsResult: Timing statistics
    B?chiAutomizer plugin needed 0.1s and 1 iterations.  TraceHistogramMax:1. Analysis of lassos took 0.1s. Construction of modules took 0.0s. B?chi inclusion checks took 0.0s. Highest rank in rank-based complementation 0. Minimization of det autom 0. Minimization of nondet autom 0. Automata minimization No data available. Non-live state removal took 0.0s Buchi closure took 0.0s. Biggest automaton had -1 states and ocurred in iteration -1.	Nontrivial modules had stage [0, 0, 0, 0, 0].	InterpolantCoveringCapabilityFinite: 0/0	InterpolantCoveringCapabilityBuchi: 0/0	HoareTripleCheckerStatistics: No data available	LassoAnalysisResults: nont1 unkn0 SFLI0 SFLT0 conc0 concLT0 SILN0 SILU0 SILI0 SILT0 lasso0 LassoPreprocessingBenchmarks: LassoTerminationAnalysisBenchmarks: not availableLassoTerminationAnalysisBenchmarks: LassoNonterminationAnalysisSatFixpoint: 0	LassoNonterminationAnalysisSatUnbounded: 0	LassoNonterminationAnalysisUnsat: 0	LassoNonterminationAnalysisUnknown: 0	LassoNonterminationAnalysisTime: 0.0s	
  - TerminationAnalysisResult: Nontermination possible
    Buchi Automizer proved that your program is nonterminating for some inputs
  - FixpointNonTerminationResult [Line: 26]: Nontermination argument in form of an infinite program execution.
    Nontermination argument in form of an infinite execution
State at position 0 is
{}
State at position 1 is
{org.eclipse.cdt.internal.core.dom.parser.c.CASTFunctionCallExpression@c3bc1c=0, \result=0, org.eclipse.cdt.internal.core.dom.parser.c.CASTFunctionCallExpression@4e8dc926=0, x=10, y=3}
  - StatisticsResult: NonterminationArgumentStatistics
    Fixpoint
  - NonterminatingLassoResult [Line: 26]: Nonterminating execution
    Found a nonterminating execution for the following lasso shaped sequence of statements.
Stem:
[L23]        int x, y;
[L24]        x = __VERIFIER_nondet_int()
[L25]        y = __VERIFIER_nondet_int()
Loop:
[L26]  COND TRUE  x > 0 && y > 0
[L27]             x = 10*y - 2*x
End of lasso representation.
RESULT: Ultimate proved your program to be incorrect!
Received shutdown request...
