Creating empty 100MiB image file: /home/magnago/overlay/NonTerminationSimple6a_false-termination.c.ext3
Formatting image with ext3 file system
Image is done: /home/magnago/overlay/NonTerminationSimple6a_false-termination.c.ext3
This is Ultimate 0.2.1-54a68f4
[2021-04-24 13:10:08,646 INFO  L177        SettingsManager]: Resetting all preferences to default values...
[2021-04-24 13:10:08,648 INFO  L181        SettingsManager]: Resetting UltimateCore preferences to default values
[2021-04-24 13:10:08,685 INFO  L184        SettingsManager]: Ultimate Commandline Interface provides no preferences, ignoring...
[2021-04-24 13:10:08,686 INFO  L181        SettingsManager]: Resetting Boogie Preprocessor preferences to default values
[2021-04-24 13:10:08,687 INFO  L181        SettingsManager]: Resetting Boogie Procedure Inliner preferences to default values
[2021-04-24 13:10:08,687 INFO  L181        SettingsManager]: Resetting Abstract Interpretation preferences to default values
[2021-04-24 13:10:08,695 INFO  L181        SettingsManager]: Resetting LassoRanker preferences to default values
[2021-04-24 13:10:08,696 INFO  L181        SettingsManager]: Resetting Reaching Definitions preferences to default values
[2021-04-24 13:10:08,697 INFO  L181        SettingsManager]: Resetting SyntaxChecker preferences to default values
[2021-04-24 13:10:08,698 INFO  L181        SettingsManager]: Resetting Sifa preferences to default values
[2021-04-24 13:10:08,699 INFO  L184        SettingsManager]: B?chi Program Product provides no preferences, ignoring...
[2021-04-24 13:10:08,700 INFO  L181        SettingsManager]: Resetting LTL2Aut preferences to default values
[2021-04-24 13:10:08,700 INFO  L181        SettingsManager]: Resetting PEA to Boogie preferences to default values
[2021-04-24 13:10:08,701 INFO  L181        SettingsManager]: Resetting BlockEncodingV2 preferences to default values
[2021-04-24 13:10:08,702 INFO  L181        SettingsManager]: Resetting ChcToBoogie preferences to default values
[2021-04-24 13:10:08,703 INFO  L181        SettingsManager]: Resetting AutomataScriptInterpreter preferences to default values
[2021-04-24 13:10:08,704 INFO  L181        SettingsManager]: Resetting BuchiAutomizer preferences to default values
[2021-04-24 13:10:08,705 INFO  L181        SettingsManager]: Resetting CACSL2BoogieTranslator preferences to default values
[2021-04-24 13:10:08,707 INFO  L181        SettingsManager]: Resetting CodeCheck preferences to default values
[2021-04-24 13:10:08,708 INFO  L181        SettingsManager]: Resetting InvariantSynthesis preferences to default values
[2021-04-24 13:10:08,710 INFO  L181        SettingsManager]: Resetting RCFGBuilder preferences to default values
[2021-04-24 13:10:08,711 INFO  L181        SettingsManager]: Resetting Referee preferences to default values
[2021-04-24 13:10:08,711 INFO  L181        SettingsManager]: Resetting TraceAbstraction preferences to default values
[2021-04-24 13:10:08,714 INFO  L184        SettingsManager]: TraceAbstractionConcurrent provides no preferences, ignoring...
[2021-04-24 13:10:08,714 INFO  L184        SettingsManager]: TraceAbstractionWithAFAs provides no preferences, ignoring...
[2021-04-24 13:10:08,714 INFO  L181        SettingsManager]: Resetting TreeAutomizer preferences to default values
[2021-04-24 13:10:08,715 INFO  L181        SettingsManager]: Resetting IcfgToChc preferences to default values
[2021-04-24 13:10:08,715 INFO  L181        SettingsManager]: Resetting IcfgTransformer preferences to default values
[2021-04-24 13:10:08,716 INFO  L184        SettingsManager]: ReqToTest provides no preferences, ignoring...
[2021-04-24 13:10:08,717 INFO  L181        SettingsManager]: Resetting Boogie Printer preferences to default values
[2021-04-24 13:10:08,717 INFO  L181        SettingsManager]: Resetting ChcSmtPrinter preferences to default values
[2021-04-24 13:10:08,718 INFO  L181        SettingsManager]: Resetting ReqPrinter preferences to default values
[2021-04-24 13:10:08,719 INFO  L181        SettingsManager]: Resetting Witness Printer preferences to default values
[2021-04-24 13:10:08,720 INFO  L184        SettingsManager]: Boogie PL CUP Parser provides no preferences, ignoring...
[2021-04-24 13:10:08,720 INFO  L181        SettingsManager]: Resetting CDTParser preferences to default values
[2021-04-24 13:10:08,720 INFO  L184        SettingsManager]: AutomataScriptParser provides no preferences, ignoring...
[2021-04-24 13:10:08,720 INFO  L184        SettingsManager]: ReqParser provides no preferences, ignoring...
[2021-04-24 13:10:08,720 INFO  L181        SettingsManager]: Resetting SmtParser preferences to default values
[2021-04-24 13:10:08,721 INFO  L181        SettingsManager]: Resetting Witness Parser preferences to default values
[2021-04-24 13:10:08,721 INFO  L188        SettingsManager]: Finished resetting all preferences to default values...
[2021-04-24 13:10:08,722 INFO  L101        SettingsManager]: Beginning loading settings from /home/singularity/UAutomizer-linux/config/svcomp-Termination-64bit-Automizer_Default.epf
[2021-04-24 13:10:08,743 INFO  L113        SettingsManager]: Loading preferences was successful
[2021-04-24 13:10:08,744 INFO  L115        SettingsManager]: Preferences different from defaults after loading the file:
[2021-04-24 13:10:08,745 INFO  L136        SettingsManager]: Preferences of BlockEncodingV2 differ from their defaults:
[2021-04-24 13:10:08,745 INFO  L138        SettingsManager]:  * Create parallel compositions if possible=false
[2021-04-24 13:10:08,745 INFO  L138        SettingsManager]:  * Use SBE=true
[2021-04-24 13:10:08,745 INFO  L136        SettingsManager]: Preferences of BuchiAutomizer differ from their defaults:
[2021-04-24 13:10:08,745 INFO  L138        SettingsManager]:  * NCSB implementation=INTSET_LAZY3
[2021-04-24 13:10:08,745 INFO  L138        SettingsManager]:  * Use old map elimination=false
[2021-04-24 13:10:08,745 INFO  L138        SettingsManager]:  * Use external solver (rank synthesis)=false
[2021-04-24 13:10:08,745 INFO  L138        SettingsManager]:  * Use only trivial implications for array writes=true
[2021-04-24 13:10:08,745 INFO  L138        SettingsManager]:  * Rank analysis=LINEAR_WITH_GUESSES
[2021-04-24 13:10:08,746 INFO  L136        SettingsManager]: Preferences of CACSL2BoogieTranslator differ from their defaults:
[2021-04-24 13:10:08,746 INFO  L138        SettingsManager]:  * Check unreachability of error function in SV-COMP mode=false
[2021-04-24 13:10:08,746 INFO  L138        SettingsManager]:  * Overapproximate operations on floating types=true
[2021-04-24 13:10:08,746 INFO  L138        SettingsManager]:  * Check division by zero=IGNORE
[2021-04-24 13:10:08,746 INFO  L138        SettingsManager]:  * Pointer to allocated memory at dereference=ASSUME
[2021-04-24 13:10:08,746 INFO  L138        SettingsManager]:  * If two pointers are subtracted or compared they have the same base address=ASSUME
[2021-04-24 13:10:08,746 INFO  L138        SettingsManager]:  * Check array bounds for arrays that are off heap=ASSUME
[2021-04-24 13:10:08,746 INFO  L138        SettingsManager]:  * Check if freed pointer was valid=false
[2021-04-24 13:10:08,747 INFO  L138        SettingsManager]:  * Assume nondeterminstic values are in range=false
[2021-04-24 13:10:08,747 INFO  L138        SettingsManager]:  * Use constant arrays=true
[2021-04-24 13:10:08,747 INFO  L138        SettingsManager]:  * Pointer base address is valid at dereference=ASSUME
[2021-04-24 13:10:08,747 INFO  L136        SettingsManager]: Preferences of RCFGBuilder differ from their defaults:
[2021-04-24 13:10:08,747 INFO  L138        SettingsManager]:  * Size of a code block=SequenceOfStatements
[2021-04-24 13:10:08,747 INFO  L136        SettingsManager]: Preferences of TraceAbstraction differ from their defaults:
[2021-04-24 13:10:08,747 INFO  L138        SettingsManager]:  * Trace refinement strategy=CAMEL
[2021-04-24 13:10:08,747 INFO  L138        SettingsManager]:  * Trace refinement exception blacklist=NONE
[2021-04-24 13:10:08,748 INFO  L136        SettingsManager]: Preferences of IcfgTransformer differ from their defaults:
[2021-04-24 13:10:08,748 INFO  L138        SettingsManager]:  * TransformationType=MODULO_NEIGHBOR
[2021-04-24 13:10:08,936 INFO  L75    nceAwareModelManager]: Repository-Root is: /tmp
[2021-04-24 13:10:08,958 INFO  L261   ainManager$Toolchain]: [Toolchain 1]: Applicable parser(s) successfully (re)initialized
[2021-04-24 13:10:08,960 INFO  L217   ainManager$Toolchain]: [Toolchain 1]: Toolchain selected.
[2021-04-24 13:10:08,960 INFO  L271        PluginConnector]: Initializing CDTParser...
[2021-04-24 13:10:08,961 INFO  L275        PluginConnector]: CDTParser initialized
[2021-04-24 13:10:08,961 INFO  L432   ainManager$Toolchain]: [Toolchain 1]: Parsing single file: /home/magnago/benchmarks/software_nontermination/C/C_Integer/Stroeder_15/NonTerminationSimple6a_false-termination.c
[2021-04-24 13:10:09,005 INFO  L220              CDTParser]: Created temporary CDT project at /home/singularity/988376c502a149b2b2ffe98febd97efd/FLAGdf934881b
[2021-04-24 13:10:09,329 INFO  L306              CDTParser]: Found 1 translation units.
[2021-04-24 13:10:09,330 INFO  L160              CDTParser]: Scanning /home/magnago/benchmarks/software_nontermination/C/C_Integer/Stroeder_15/NonTerminationSimple6a_false-termination.c
[2021-04-24 13:10:09,334 INFO  L349              CDTParser]: About to delete temporary CDT project at /home/singularity/988376c502a149b2b2ffe98febd97efd/FLAGdf934881b
[2021-04-24 13:10:09,756 INFO  L357              CDTParser]: Successfully deleted /home/singularity/988376c502a149b2b2ffe98febd97efd
[2021-04-24 13:10:09,758 INFO  L299   ainManager$Toolchain]: ####################### [Toolchain 1] #######################
[2021-04-24 13:10:09,760 INFO  L131        ToolchainWalker]: Walking toolchain with 6 elements.
[2021-04-24 13:10:09,762 INFO  L113        PluginConnector]: ------------------------CACSL2BoogieTranslator----------------------------
[2021-04-24 13:10:09,762 INFO  L271        PluginConnector]: Initializing CACSL2BoogieTranslator...
[2021-04-24 13:10:09,765 INFO  L275        PluginConnector]: CACSL2BoogieTranslator initialized
[2021-04-24 13:10:09,765 INFO  L185        PluginConnector]: Executing the observer ACSLObjectContainerObserver from plugin CACSL2BoogieTranslator for "CDTParser AST 24.04 01:10:09" (1/1) ...
[2021-04-24 13:10:09,767 INFO  L205        PluginConnector]: Invalid model from CACSL2BoogieTranslator for observer de.uni_freiburg.informatik.ultimate.plugins.generator.cacsl2boogietranslator.ACSLObjectContainerObserver@256110a5 and model type de.uni_freiburg.informatik.ultimate.plugins.generator.cacsl2boogietranslator AST 24.04 01:10:09, skipping insertion in model container
[2021-04-24 13:10:09,767 INFO  L185        PluginConnector]: Executing the observer CACSL2BoogieTranslatorObserver from plugin CACSL2BoogieTranslator for "CDTParser AST 24.04 01:10:09" (1/1) ...
[2021-04-24 13:10:09,774 INFO  L145         MainTranslator]: Starting translation in SV-COMP mode 
[2021-04-24 13:10:09,783 INFO  L178         MainTranslator]: Built tables and reachable declarations
[2021-04-24 13:10:09,896 INFO  L206          PostProcessor]: Analyzing one entry point: main
[2021-04-24 13:10:09,900 INFO  L203         MainTranslator]: Completed pre-run
[2021-04-24 13:10:09,912 INFO  L206          PostProcessor]: Analyzing one entry point: main
[2021-04-24 13:10:09,920 INFO  L208         MainTranslator]: Completed translation
[2021-04-24 13:10:09,920 INFO  L202        PluginConnector]: Adding new model de.uni_freiburg.informatik.ultimate.plugins.generator.cacsl2boogietranslator AST 24.04 01:10:09 WrapperNode
[2021-04-24 13:10:09,920 INFO  L132        PluginConnector]: ------------------------ END CACSL2BoogieTranslator----------------------------
[2021-04-24 13:10:09,921 INFO  L113        PluginConnector]: ------------------------Boogie Procedure Inliner----------------------------
[2021-04-24 13:10:09,921 INFO  L271        PluginConnector]: Initializing Boogie Procedure Inliner...
[2021-04-24 13:10:09,921 INFO  L275        PluginConnector]: Boogie Procedure Inliner initialized
[2021-04-24 13:10:09,927 INFO  L185        PluginConnector]: Executing the observer TypeChecker from plugin Boogie Procedure Inliner for "de.uni_freiburg.informatik.ultimate.plugins.generator.cacsl2boogietranslator AST 24.04 01:10:09" (1/1) ...
[2021-04-24 13:10:09,931 INFO  L185        PluginConnector]: Executing the observer Inliner from plugin Boogie Procedure Inliner for "de.uni_freiburg.informatik.ultimate.plugins.generator.cacsl2boogietranslator AST 24.04 01:10:09" (1/1) ...
[2021-04-24 13:10:09,941 INFO  L132        PluginConnector]: ------------------------ END Boogie Procedure Inliner----------------------------
[2021-04-24 13:10:09,941 INFO  L113        PluginConnector]: ------------------------Boogie Preprocessor----------------------------
[2021-04-24 13:10:09,941 INFO  L271        PluginConnector]: Initializing Boogie Preprocessor...
[2021-04-24 13:10:09,941 INFO  L275        PluginConnector]: Boogie Preprocessor initialized
[2021-04-24 13:10:09,946 INFO  L185        PluginConnector]: Executing the observer EnsureBoogieModelObserver from plugin Boogie Preprocessor for "de.uni_freiburg.informatik.ultimate.plugins.generator.cacsl2boogietranslator AST 24.04 01:10:09" (1/1) ...
[2021-04-24 13:10:09,947 INFO  L185        PluginConnector]: Executing the observer TypeChecker from plugin Boogie Preprocessor for "de.uni_freiburg.informatik.ultimate.plugins.generator.cacsl2boogietranslator AST 24.04 01:10:09" (1/1) ...
[2021-04-24 13:10:09,947 INFO  L185        PluginConnector]: Executing the observer ConstExpander from plugin Boogie Preprocessor for "de.uni_freiburg.informatik.ultimate.plugins.generator.cacsl2boogietranslator AST 24.04 01:10:09" (1/1) ...
[2021-04-24 13:10:09,947 INFO  L185        PluginConnector]: Executing the observer StructExpander from plugin Boogie Preprocessor for "de.uni_freiburg.informatik.ultimate.plugins.generator.cacsl2boogietranslator AST 24.04 01:10:09" (1/1) ...
[2021-04-24 13:10:09,948 INFO  L185        PluginConnector]: Executing the observer UnstructureCode from plugin Boogie Preprocessor for "de.uni_freiburg.informatik.ultimate.plugins.generator.cacsl2boogietranslator AST 24.04 01:10:09" (1/1) ...
[2021-04-24 13:10:09,950 INFO  L185        PluginConnector]: Executing the observer FunctionInliner from plugin Boogie Preprocessor for "de.uni_freiburg.informatik.ultimate.plugins.generator.cacsl2boogietranslator AST 24.04 01:10:09" (1/1) ...
[2021-04-24 13:10:09,950 INFO  L185        PluginConnector]: Executing the observer BoogieSymbolTableConstructor from plugin Boogie Preprocessor for "de.uni_freiburg.informatik.ultimate.plugins.generator.cacsl2boogietranslator AST 24.04 01:10:09" (1/1) ...
[2021-04-24 13:10:09,951 INFO  L132        PluginConnector]: ------------------------ END Boogie Preprocessor----------------------------
[2021-04-24 13:10:09,951 INFO  L113        PluginConnector]: ------------------------RCFGBuilder----------------------------
[2021-04-24 13:10:09,952 INFO  L271        PluginConnector]: Initializing RCFGBuilder...
[2021-04-24 13:10:09,952 INFO  L275        PluginConnector]: RCFGBuilder initialized
[2021-04-24 13:10:09,953 INFO  L185        PluginConnector]: Executing the observer RCFGBuilderObserver from plugin RCFGBuilder for "de.uni_freiburg.informatik.ultimate.plugins.generator.cacsl2boogietranslator AST 24.04 01:10:09" (1/1) ...
No working directory specified, using /home/singularity/UAutomizer-linux/z3
Starting monitored process 1 with z3 SMTLIB2_COMPLIANT=true -memory:1024 -smt2 -in -t:12000 (exit command is (exit), workingDir is null)
Waiting until toolchain timeout for monitored process 1 with z3 SMTLIB2_COMPLIANT=true -memory:1024 -smt2 -in -t:12000
[2021-04-24 13:10:10,051 INFO  L130     BoogieDeclarations]: Found specification of procedure ULTIMATE.start
[2021-04-24 13:10:10,051 INFO  L138     BoogieDeclarations]: Found implementation of procedure ULTIMATE.start
[2021-04-24 13:10:10,248 INFO  L294             CfgBuilder]: Using the 1 location(s) as analysis (start of procedure ULTIMATE.start)
[2021-04-24 13:10:10,248 INFO  L299             CfgBuilder]: Removed 5 assume(true) statements.
[2021-04-24 13:10:10,249 INFO  L202        PluginConnector]: Adding new model de.uni_freiburg.informatik.ultimate.plugins.generator.rcfgbuilder CFG 24.04 01:10:10 BoogieIcfgContainer
[2021-04-24 13:10:10,249 INFO  L132        PluginConnector]: ------------------------ END RCFGBuilder----------------------------
[2021-04-24 13:10:10,250 INFO  L113        PluginConnector]: ------------------------BuchiAutomizer----------------------------
[2021-04-24 13:10:10,250 INFO  L271        PluginConnector]: Initializing BuchiAutomizer...
[2021-04-24 13:10:10,253 INFO  L275        PluginConnector]: BuchiAutomizer initialized
[2021-04-24 13:10:10,254 INFO  L99          BuchiAutomizer]: Safety of program was proven or not checked, starting termination analysis
[2021-04-24 13:10:10,254 INFO  L185        PluginConnector]: Executing the observer BuchiAutomizerObserver from plugin BuchiAutomizer for "CDTParser AST 24.04 01:10:09" (1/3) ...
[2021-04-24 13:10:10,256 INFO  L205        PluginConnector]: Invalid model from BuchiAutomizer for observer de.uni_freiburg.informatik.ultimate.plugins.generator.buchiautomizer.BuchiAutomizerObserver@6b52ac3a and model type de.uni_freiburg.informatik.ultimate.plugins.generator.buchiautomizer AST 24.04 01:10:10, skipping insertion in model container
[2021-04-24 13:10:10,256 INFO  L99          BuchiAutomizer]: Safety of program was proven or not checked, starting termination analysis
[2021-04-24 13:10:10,256 INFO  L185        PluginConnector]: Executing the observer BuchiAutomizerObserver from plugin BuchiAutomizer for "de.uni_freiburg.informatik.ultimate.plugins.generator.cacsl2boogietranslator AST 24.04 01:10:09" (2/3) ...
[2021-04-24 13:10:10,256 INFO  L205        PluginConnector]: Invalid model from BuchiAutomizer for observer de.uni_freiburg.informatik.ultimate.plugins.generator.buchiautomizer.BuchiAutomizerObserver@6b52ac3a and model type de.uni_freiburg.informatik.ultimate.plugins.generator.buchiautomizer AST 24.04 01:10:10, skipping insertion in model container
[2021-04-24 13:10:10,256 INFO  L99          BuchiAutomizer]: Safety of program was proven or not checked, starting termination analysis
[2021-04-24 13:10:10,256 INFO  L185        PluginConnector]: Executing the observer BuchiAutomizerObserver from plugin BuchiAutomizer for "de.uni_freiburg.informatik.ultimate.plugins.generator.rcfgbuilder CFG 24.04 01:10:10" (3/3) ...
[2021-04-24 13:10:10,258 INFO  L389   chiAutomizerObserver]: Analyzing ICFG NonTerminationSimple6a_false-termination.c
[2021-04-24 13:10:10,298 INFO  L359         BuchiCegarLoop]: Interprodecural is true
[2021-04-24 13:10:10,298 INFO  L360         BuchiCegarLoop]: Hoare is false
[2021-04-24 13:10:10,298 INFO  L361         BuchiCegarLoop]: Compute interpolants for ForwardPredicates
[2021-04-24 13:10:10,298 INFO  L362         BuchiCegarLoop]: Backedges is STRAIGHT_LINE
[2021-04-24 13:10:10,298 INFO  L363         BuchiCegarLoop]: Determinization is PREDICATE_ABSTRACTION
[2021-04-24 13:10:10,298 INFO  L364         BuchiCegarLoop]: Difference is false
[2021-04-24 13:10:10,298 INFO  L365         BuchiCegarLoop]: Minimize is MINIMIZE_SEVPA
[2021-04-24 13:10:10,298 INFO  L368         BuchiCegarLoop]: ======== Iteration 0==of CEGAR loop == BuchiCegarLoop========
[2021-04-24 13:10:10,308 INFO  L72            BuchiIsEmpty]: Start buchiIsEmpty. Operand 6 states.
[2021-04-24 13:10:10,319 INFO  L131   ngComponentsAnalysis]: Automaton has 1 accepting balls. 1
[2021-04-24 13:10:10,319 INFO  L87            BuchiIsEmpty]: Finished buchiIsEmpty Result is false
[2021-04-24 13:10:10,319 INFO  L119           BuchiIsEmpty]: Starting construction of run
[2021-04-24 13:10:10,322 INFO  L853         BuchiCegarLoop]: Counterexample stem histogram [1]
[2021-04-24 13:10:10,322 INFO  L854         BuchiCegarLoop]: Counterexample loop histogram [1]
[2021-04-24 13:10:10,322 INFO  L427         BuchiCegarLoop]: ======== Iteration 1============
[2021-04-24 13:10:10,323 INFO  L72            BuchiIsEmpty]: Start buchiIsEmpty. Operand 6 states.
[2021-04-24 13:10:10,323 INFO  L131   ngComponentsAnalysis]: Automaton has 1 accepting balls. 1
[2021-04-24 13:10:10,323 INFO  L87            BuchiIsEmpty]: Finished buchiIsEmpty Result is false
[2021-04-24 13:10:10,323 INFO  L119           BuchiIsEmpty]: Starting construction of run
[2021-04-24 13:10:10,323 INFO  L853         BuchiCegarLoop]: Counterexample stem histogram [1]
[2021-04-24 13:10:10,323 INFO  L854         BuchiCegarLoop]: Counterexample loop histogram [1]
[2021-04-24 13:10:10,328 INFO  L794   eck$LassoCheckResult]: Stem: 3#ULTIMATE.startENTRYtrue havoc main_#res;havoc main_#t~nondet0, main_~c~0, main_~x~0;havoc main_~c~0;havoc main_~x~0;main_~c~0 := 5;main_~x~0 := main_#t~nondet0;havoc main_#t~nondet0; 7#L15-2true 
[2021-04-24 13:10:10,328 INFO  L796   eck$LassoCheckResult]: Loop: 7#L15-2true assume !!(main_~x~0 >= 0);main_~x~0 := main_~x~0 + main_~c~0; 7#L15-2true 
[2021-04-24 13:10:10,331 INFO  L144       PredicateUnifier]: Initialized classic predicate unifier
[2021-04-24 13:10:10,332 INFO  L82        PathProgramCache]: Analyzing trace with hash 32, now seen corresponding path program 1 times
[2021-04-24 13:10:10,338 INFO  L162   FreeRefinementEngine]: Executing refinement strategy CAMEL
[2021-04-24 13:10:10,338 INFO  L353   FreeRefinementEngine]: Using trace check IpTcStrategyModuleSmtInterpolCraig [1436336572]
[2021-04-24 13:10:10,338 INFO  L95    rtionOrderModulation]: Keeping assertion order NOT_INCREMENTALLY
[2021-04-24 13:10:10,391 INFO  L136    AnnotateAndAsserter]: Conjunction of SSA is sat
[2021-04-24 13:10:10,391 INFO  L221             TraceCheck]: Trace is feasible, we will do another trace check, this time with branch encoders.
[2021-04-24 13:10:10,394 INFO  L136    AnnotateAndAsserter]: Conjunction of SSA is sat
[2021-04-24 13:10:10,394 INFO  L221             TraceCheck]: Trace is feasible, we will do another trace check, this time with branch encoders.
[2021-04-24 13:10:10,403 INFO  L173   FreeRefinementEngine]: Strategy CAMEL found a feasible trace
[2021-04-24 13:10:10,405 INFO  L144       PredicateUnifier]: Initialized classic predicate unifier
[2021-04-24 13:10:10,405 INFO  L82        PathProgramCache]: Analyzing trace with hash 41, now seen corresponding path program 1 times
[2021-04-24 13:10:10,405 INFO  L162   FreeRefinementEngine]: Executing refinement strategy CAMEL
[2021-04-24 13:10:10,405 INFO  L353   FreeRefinementEngine]: Using trace check IpTcStrategyModuleSmtInterpolCraig [267448190]
[2021-04-24 13:10:10,405 INFO  L95    rtionOrderModulation]: Keeping assertion order NOT_INCREMENTALLY
[2021-04-24 13:10:10,410 INFO  L136    AnnotateAndAsserter]: Conjunction of SSA is sat
[2021-04-24 13:10:10,410 INFO  L221             TraceCheck]: Trace is feasible, we will do another trace check, this time with branch encoders.
[2021-04-24 13:10:10,412 INFO  L136    AnnotateAndAsserter]: Conjunction of SSA is sat
[2021-04-24 13:10:10,412 INFO  L221             TraceCheck]: Trace is feasible, we will do another trace check, this time with branch encoders.
[2021-04-24 13:10:10,413 INFO  L173   FreeRefinementEngine]: Strategy CAMEL found a feasible trace
[2021-04-24 13:10:10,414 INFO  L144       PredicateUnifier]: Initialized classic predicate unifier
[2021-04-24 13:10:10,414 INFO  L82        PathProgramCache]: Analyzing trace with hash 1002, now seen corresponding path program 1 times
[2021-04-24 13:10:10,414 INFO  L162   FreeRefinementEngine]: Executing refinement strategy CAMEL
[2021-04-24 13:10:10,414 INFO  L353   FreeRefinementEngine]: Using trace check IpTcStrategyModuleSmtInterpolCraig [21683962]
[2021-04-24 13:10:10,414 INFO  L95    rtionOrderModulation]: Keeping assertion order NOT_INCREMENTALLY
[2021-04-24 13:10:10,419 INFO  L136    AnnotateAndAsserter]: Conjunction of SSA is sat
[2021-04-24 13:10:10,419 INFO  L221             TraceCheck]: Trace is feasible, we will do another trace check, this time with branch encoders.
[2021-04-24 13:10:10,421 INFO  L136    AnnotateAndAsserter]: Conjunction of SSA is sat
[2021-04-24 13:10:10,421 INFO  L221             TraceCheck]: Trace is feasible, we will do another trace check, this time with branch encoders.
[2021-04-24 13:10:10,422 INFO  L173   FreeRefinementEngine]: Strategy CAMEL found a feasible trace
[2021-04-24 13:10:10,474 INFO  L210          LassoAnalysis]: Preferences:
[2021-04-24 13:10:10,474 INFO  L126   ssoRankerPreferences]: Compute integeral hull: false
[2021-04-24 13:10:10,474 INFO  L127   ssoRankerPreferences]: Enable LassoPartitioneer: true
[2021-04-24 13:10:10,474 INFO  L128   ssoRankerPreferences]: Term annotations enabled: false
[2021-04-24 13:10:10,474 INFO  L129   ssoRankerPreferences]: Use exernal solver: true
[2021-04-24 13:10:10,474 INFO  L130   ssoRankerPreferences]: SMT solver command: z3 SMTLIB2_COMPLIANT=true -memory:1024 -smt2 -in -t:12000
[2021-04-24 13:10:10,474 INFO  L131   ssoRankerPreferences]: Dump SMT script to file: false
[2021-04-24 13:10:10,474 INFO  L132   ssoRankerPreferences]: Path of dumped script: 
[2021-04-24 13:10:10,475 INFO  L133   ssoRankerPreferences]: Filename of dumped script: NonTerminationSimple6a_false-termination.c_Iteration1_Lasso
[2021-04-24 13:10:10,475 INFO  L134   ssoRankerPreferences]: MapElimAlgo: Frank
[2021-04-24 13:10:10,475 INFO  L274          LassoAnalysis]: Starting lasso preprocessing...
[2021-04-24 13:10:10,485 INFO  L141          MapEliminator]: Using MapEliminator with SimplificationTechnique=SIMPLIFY_DDA XnfConversionTechnique=BOTTOM_UP_WITH_LOCAL_SIMPLIFICATION AddInequalities=false OnlyTrivialImplicationsArrayWrite=true OnlyTrivialImplicationsForModifiedArguments=true OnlyArgumentsInFormula=true
[2021-04-24 13:10:10,490 INFO  L141          MapEliminator]: Using MapEliminator with SimplificationTechnique=SIMPLIFY_DDA XnfConversionTechnique=BOTTOM_UP_WITH_LOCAL_SIMPLIFICATION AddInequalities=false OnlyTrivialImplicationsArrayWrite=true OnlyTrivialImplicationsForModifiedArguments=true OnlyArgumentsInFormula=true
[2021-04-24 13:10:10,493 INFO  L141          MapEliminator]: Using MapEliminator with SimplificationTechnique=SIMPLIFY_DDA XnfConversionTechnique=BOTTOM_UP_WITH_LOCAL_SIMPLIFICATION AddInequalities=false OnlyTrivialImplicationsArrayWrite=true OnlyTrivialImplicationsForModifiedArguments=true OnlyArgumentsInFormula=true
[2021-04-24 13:10:10,496 INFO  L141          MapEliminator]: Using MapEliminator with SimplificationTechnique=SIMPLIFY_DDA XnfConversionTechnique=BOTTOM_UP_WITH_LOCAL_SIMPLIFICATION AddInequalities=false OnlyTrivialImplicationsArrayWrite=true OnlyTrivialImplicationsForModifiedArguments=true OnlyArgumentsInFormula=true
[2021-04-24 13:10:10,498 INFO  L141          MapEliminator]: Using MapEliminator with SimplificationTechnique=SIMPLIFY_DDA XnfConversionTechnique=BOTTOM_UP_WITH_LOCAL_SIMPLIFICATION AddInequalities=false OnlyTrivialImplicationsArrayWrite=true OnlyTrivialImplicationsForModifiedArguments=true OnlyArgumentsInFormula=true
[2021-04-24 13:10:10,551 INFO  L292          LassoAnalysis]: Preprocessing complete.
[2021-04-24 13:10:10,552 INFO  L404          LassoAnalysis]: Checking for nontermination...
No working directory specified, using /home/singularity/UAutomizer-linux/z3
Starting monitored process 2 with z3 SMTLIB2_COMPLIANT=true -memory:1024 -smt2 -in -t:12000 (exit command is (exit), workingDir is null)
Waiting until toolchain timeout for monitored process 2 with z3 SMTLIB2_COMPLIANT=true -memory:1024 -smt2 -in -t:12000
[2021-04-24 13:10:10,557 INFO  L148   nArgumentSynthesizer]: Nontermination analysis: NONLINEAR Allow bounded executions: true Number of generalized eigenvectors: 0 Nilpotent components: true
[2021-04-24 13:10:10,557 INFO  L160   nArgumentSynthesizer]: Using integer mode.
[2021-04-24 13:10:10,563 INFO  L437          LassoAnalysis]: Proved nontermination for one component.
[2021-04-24 13:10:10,563 INFO  L440          LassoAnalysis]: Non-Termination argument consisting of: Initial state: {ULTIMATE.start_main_#t~nondet0=0} Honda state: {ULTIMATE.start_main_#t~nondet0=0} Generalized eigenvectors: [] Lambdas: [] Nus: []
No working directory specified, using /home/singularity/UAutomizer-linux/z3
Starting monitored process 3 with z3 SMTLIB2_COMPLIANT=true -memory:1024 -smt2 -in -t:12000 (exit command is (exit), workingDir is null)
Waiting until toolchain timeout for monitored process 3 with z3 SMTLIB2_COMPLIANT=true -memory:1024 -smt2 -in -t:12000
[2021-04-24 13:10:10,579 INFO  L148   nArgumentSynthesizer]: Nontermination analysis: NONLINEAR Allow bounded executions: true Number of generalized eigenvectors: 0 Nilpotent components: true
[2021-04-24 13:10:10,579 INFO  L160   nArgumentSynthesizer]: Using integer mode.
[2021-04-24 13:10:10,587 INFO  L437          LassoAnalysis]: Proved nontermination for one component.
[2021-04-24 13:10:10,588 INFO  L440          LassoAnalysis]: Non-Termination argument consisting of: Initial state: {v_rep~unnamed0~0~false_1=0} Honda state: {v_rep~unnamed0~0~false_1=0} Generalized eigenvectors: [] Lambdas: [] Nus: []
No working directory specified, using /home/singularity/UAutomizer-linux/z3
Starting monitored process 4 with z3 SMTLIB2_COMPLIANT=true -memory:1024 -smt2 -in -t:12000 (exit command is (exit), workingDir is null)
Waiting until toolchain timeout for monitored process 4 with z3 SMTLIB2_COMPLIANT=true -memory:1024 -smt2 -in -t:12000
[2021-04-24 13:10:10,595 INFO  L148   nArgumentSynthesizer]: Nontermination analysis: NONLINEAR Allow bounded executions: true Number of generalized eigenvectors: 0 Nilpotent components: true
[2021-04-24 13:10:10,595 INFO  L160   nArgumentSynthesizer]: Using integer mode.
[2021-04-24 13:10:10,607 INFO  L437          LassoAnalysis]: Proved nontermination for one component.
[2021-04-24 13:10:10,607 INFO  L440          LassoAnalysis]: Non-Termination argument consisting of: Initial state: {ULTIMATE.start_main_#res=0} Honda state: {ULTIMATE.start_main_#res=0} Generalized eigenvectors: [] Lambdas: [] Nus: []
No working directory specified, using /home/singularity/UAutomizer-linux/z3
Starting monitored process 5 with z3 SMTLIB2_COMPLIANT=true -memory:1024 -smt2 -in -t:12000 (exit command is (exit), workingDir is null)
Waiting until toolchain timeout for monitored process 5 with z3 SMTLIB2_COMPLIANT=true -memory:1024 -smt2 -in -t:12000
[2021-04-24 13:10:10,612 INFO  L148   nArgumentSynthesizer]: Nontermination analysis: NONLINEAR Allow bounded executions: true Number of generalized eigenvectors: 0 Nilpotent components: true
[2021-04-24 13:10:10,613 INFO  L160   nArgumentSynthesizer]: Using integer mode.
[2021-04-24 13:10:10,617 INFO  L437          LassoAnalysis]: Proved nontermination for one component.
[2021-04-24 13:10:10,617 INFO  L440          LassoAnalysis]: Non-Termination argument consisting of: Initial state: {v_rep~unnamed0~0~true_1=1} Honda state: {v_rep~unnamed0~0~true_1=1} Generalized eigenvectors: [] Lambdas: [] Nus: []
No working directory specified, using /home/singularity/UAutomizer-linux/z3
Starting monitored process 6 with z3 SMTLIB2_COMPLIANT=true -memory:1024 -smt2 -in -t:12000 (exit command is (exit), workingDir is null)
Waiting until toolchain timeout for monitored process 6 with z3 SMTLIB2_COMPLIANT=true -memory:1024 -smt2 -in -t:12000
[2021-04-24 13:10:10,625 INFO  L148   nArgumentSynthesizer]: Nontermination analysis: NONLINEAR Allow bounded executions: true Number of generalized eigenvectors: 0 Nilpotent components: true
[2021-04-24 13:10:10,625 INFO  L160   nArgumentSynthesizer]: Using integer mode.
No working directory specified, using /home/singularity/UAutomizer-linux/z3
Starting monitored process 7 with z3 SMTLIB2_COMPLIANT=true -memory:1024 -smt2 -in -t:12000 (exit command is (exit), workingDir is null)
Waiting until toolchain timeout for monitored process 7 with z3 SMTLIB2_COMPLIANT=true -memory:1024 -smt2 -in -t:12000
[2021-04-24 13:10:10,637 INFO  L148   nArgumentSynthesizer]: Nontermination analysis: NONLINEAR Allow bounded executions: true Number of generalized eigenvectors: 3 Nilpotent components: true
[2021-04-24 13:10:10,637 INFO  L160   nArgumentSynthesizer]: Using integer mode.
[2021-04-24 13:10:10,708 INFO  L437          LassoAnalysis]: Proved nontermination for one component.
[2021-04-24 13:10:10,708 INFO  L440          LassoAnalysis]: Non-Termination argument consisting of: Initial state: {ULTIMATE.start_main_~c~0=0, ULTIMATE.start_main_~x~0=0} Honda state: {ULTIMATE.start_main_~c~0=5, ULTIMATE.start_main_~x~0=0} Generalized eigenvectors: [{ULTIMATE.start_main_~c~0=0, ULTIMATE.start_main_~x~0=1}, {ULTIMATE.start_main_~c~0=0, ULTIMATE.start_main_~x~0=1}, {ULTIMATE.start_main_~c~0=0, ULTIMATE.start_main_~x~0=3}] Lambdas: [1, 1, 1] Nus: [0, 0]
[2021-04-24 13:10:10,718 WARN  L417   cessorBacktranslator]: Unfinished backtranslation: Declaration ConstDeclaration not handled for expression ~unnamed0~0~true
[2021-04-24 13:10:10,720 WARN  L417   cessorBacktranslator]: Unfinished backtranslation: Declaration ConstDeclaration not handled for expression ~unnamed0~0~false
[2021-04-24 13:10:10,721 WARN  L417   cessorBacktranslator]: Unfinished backtranslation: Declaration ConstDeclaration not handled for expression ~unnamed0~0~true
[2021-04-24 13:10:10,721 WARN  L417   cessorBacktranslator]: Unfinished backtranslation: Declaration ConstDeclaration not handled for expression ~unnamed0~0~false
[2021-04-24 13:10:10,721 WARN  L417   cessorBacktranslator]: Unfinished backtranslation: Declaration ConstDeclaration not handled for expression ~unnamed0~0~true
[2021-04-24 13:10:10,722 WARN  L417   cessorBacktranslator]: Unfinished backtranslation: Declaration ConstDeclaration not handled for expression ~unnamed0~0~false
[2021-04-24 13:10:10,729 INFO  L202        PluginConnector]: Adding new model de.uni_freiburg.informatik.ultimate.plugins.generator.buchiautomizer CFG 24.04 01:10:10 BoogieIcfgContainer
[2021-04-24 13:10:10,730 INFO  L132        PluginConnector]: ------------------------ END BuchiAutomizer----------------------------
[2021-04-24 13:10:10,730 INFO  L113        PluginConnector]: ------------------------Witness Printer----------------------------
[2021-04-24 13:10:10,730 INFO  L271        PluginConnector]: Initializing Witness Printer...
[2021-04-24 13:10:10,731 INFO  L275        PluginConnector]: Witness Printer initialized
[2021-04-24 13:10:10,731 INFO  L185        PluginConnector]: Executing the observer RCFGCatcher from plugin Witness Printer for "de.uni_freiburg.informatik.ultimate.plugins.generator.rcfgbuilder CFG 24.04 01:10:10" (3/4) ...
[2021-04-24 13:10:10,734 INFO  L134         WitnessPrinter]: Generating witness for non-termination counterexample
[2021-04-24 13:10:10,770 INFO  L141         WitnessManager]: Wrote witness to /home/magnago/benchmarks/software_nontermination/C/C_Integer/Stroeder_15/NonTerminationSimple6a_false-termination.c-witness.graphml
[2021-04-24 13:10:10,771 INFO  L132        PluginConnector]: ------------------------ END Witness Printer----------------------------
[2021-04-24 13:10:10,772 INFO  L168              Benchmark]: Toolchain (without parser) took 1012.34 ms. Allocated memory is still 545.3 MB. Free memory was 491.7 MB in the beginning and 467.7 MB in the end (delta: 24.0 MB). Peak memory consumption was 19.9 MB. Max. memory is 21.5 GB.
[2021-04-24 13:10:10,772 INFO  L168              Benchmark]: CDTParser took 0.09 ms. Allocated memory is still 545.3 MB. Free memory is still 508.5 MB. There was no memory consumed. Max. memory is 21.5 GB.
[2021-04-24 13:10:10,773 INFO  L168              Benchmark]: CACSL2BoogieTranslator took 159.01 ms. Allocated memory is still 545.3 MB. Free memory was 491.3 MB in the beginning and 521.4 MB in the end (delta: -30.1 MB). Peak memory consumption was 19.9 MB. Max. memory is 21.5 GB.
[2021-04-24 13:10:10,773 INFO  L168              Benchmark]: Boogie Procedure Inliner took 19.65 ms. Allocated memory is still 545.3 MB. Free memory was 521.4 MB in the beginning and 520.0 MB in the end (delta: 1.4 MB). There was no memory consumed. Max. memory is 21.5 GB.
[2021-04-24 13:10:10,773 INFO  L168              Benchmark]: Boogie Preprocessor took 9.76 ms. Allocated memory is still 545.3 MB. Free memory was 520.0 MB in the beginning and 519.2 MB in the end (delta: 834.6 kB). There was no memory consumed. Max. memory is 21.5 GB.
[2021-04-24 13:10:10,774 INFO  L168              Benchmark]: RCFGBuilder took 297.99 ms. Allocated memory is still 545.3 MB. Free memory was 519.2 MB in the beginning and 510.4 MB in the end (delta: 8.8 MB). Peak memory consumption was 8.4 MB. Max. memory is 21.5 GB.
[2021-04-24 13:10:10,774 INFO  L168              Benchmark]: BuchiAutomizer took 479.30 ms. Allocated memory is still 545.3 MB. Free memory was 510.0 MB in the beginning and 469.3 MB in the end (delta: 40.7 MB). Peak memory consumption was 41.9 MB. Max. memory is 21.5 GB.
[2021-04-24 13:10:10,774 INFO  L168              Benchmark]: Witness Printer took 40.35 ms. Allocated memory is still 545.3 MB. Free memory was 469.3 MB in the beginning and 467.7 MB in the end (delta: 1.6 MB). There was no memory consumed. Max. memory is 21.5 GB.
[2021-04-24 13:10:10,777 INFO  L339   ainManager$Toolchain]: #######################  End [Toolchain 1] #######################
 --- Results ---
 * Results from de.uni_freiburg.informatik.ultimate.core:
  - StatisticsResult: Toolchain Benchmarks
    Benchmark results are:
 * CDTParser took 0.09 ms. Allocated memory is still 545.3 MB. Free memory is still 508.5 MB. There was no memory consumed. Max. memory is 21.5 GB.
 * CACSL2BoogieTranslator took 159.01 ms. Allocated memory is still 545.3 MB. Free memory was 491.3 MB in the beginning and 521.4 MB in the end (delta: -30.1 MB). Peak memory consumption was 19.9 MB. Max. memory is 21.5 GB.
 * Boogie Procedure Inliner took 19.65 ms. Allocated memory is still 545.3 MB. Free memory was 521.4 MB in the beginning and 520.0 MB in the end (delta: 1.4 MB). There was no memory consumed. Max. memory is 21.5 GB.
 * Boogie Preprocessor took 9.76 ms. Allocated memory is still 545.3 MB. Free memory was 520.0 MB in the beginning and 519.2 MB in the end (delta: 834.6 kB). There was no memory consumed. Max. memory is 21.5 GB.
 * RCFGBuilder took 297.99 ms. Allocated memory is still 545.3 MB. Free memory was 519.2 MB in the beginning and 510.4 MB in the end (delta: 8.8 MB). Peak memory consumption was 8.4 MB. Max. memory is 21.5 GB.
 * BuchiAutomizer took 479.30 ms. Allocated memory is still 545.3 MB. Free memory was 510.0 MB in the beginning and 469.3 MB in the end (delta: 40.7 MB). Peak memory consumption was 41.9 MB. Max. memory is 21.5 GB.
 * Witness Printer took 40.35 ms. Allocated memory is still 545.3 MB. Free memory was 469.3 MB in the beginning and 467.7 MB in the end (delta: 1.6 MB). There was no memory consumed. Max. memory is 21.5 GB.
 * Results from de.uni_freiburg.informatik.ultimate.boogie.preprocessor:
  - GenericResult: Unfinished Backtranslation
    Unfinished backtranslation: Declaration ConstDeclaration not handled for expression ~unnamed0~0~true
  - GenericResult: Unfinished Backtranslation
    Unfinished backtranslation: Declaration ConstDeclaration not handled for expression ~unnamed0~0~false
  - GenericResult: Unfinished Backtranslation
    Unfinished backtranslation: Declaration ConstDeclaration not handled for expression ~unnamed0~0~true
  - GenericResult: Unfinished Backtranslation
    Unfinished backtranslation: Declaration ConstDeclaration not handled for expression ~unnamed0~0~false
  - GenericResult: Unfinished Backtranslation
    Unfinished backtranslation: Declaration ConstDeclaration not handled for expression ~unnamed0~0~true
  - GenericResult: Unfinished Backtranslation
    Unfinished backtranslation: Declaration ConstDeclaration not handled for expression ~unnamed0~0~false
 * Results from de.uni_freiburg.informatik.ultimate.plugins.generator.traceabstraction:
  - StatisticsResult: Constructed decomposition of program
    Trivial decomposition into one nonterminating module.
  - StatisticsResult: Timing statistics
    B?chiAutomizer plugin needed 0.4s and 1 iterations.  TraceHistogramMax:1. Analysis of lassos took 0.3s. Construction of modules took 0.0s. B?chi inclusion checks took 0.0s. Highest rank in rank-based complementation 0. Minimization of det autom 0. Minimization of nondet autom 0. Automata minimization No data available. Non-live state removal took 0.0s Buchi closure took 0.0s. Biggest automaton had -1 states and ocurred in iteration -1.	Nontrivial modules had stage [0, 0, 0, 0, 0].	InterpolantCoveringCapabilityFinite: 0/0	InterpolantCoveringCapabilityBuchi: 0/0	HoareTripleCheckerStatistics: No data available	LassoAnalysisResults: nont1 unkn0 SFLI0 SFLT0 conc0 concLT0 SILN0 SILU0 SILI0 SILT0 lasso0 LassoPreprocessingBenchmarks:   Lassos: inital12 mio100 ax208 hnf100 lsp47 ukn100 mio100 lsp100 div100 bol100 ite100 ukn100 eq183 hnf95 smp100 dnf100 smp100 tf100 neg100 sie100 LassoTerminationAnalysisBenchmarks: not availableLassoTerminationAnalysisBenchmarks: LassoNonterminationAnalysisSatFixpoint: 4	LassoNonterminationAnalysisSatUnbounded: 1	LassoNonterminationAnalysisUnsat: 0	LassoNonterminationAnalysisUnknown: 0	LassoNonterminationAnalysisTime: 0.1s	
  - TerminationAnalysisResult: Nontermination possible
    Buchi Automizer proved that your program is nonterminating for some inputs
  - GeometricNonTerminationArgumentResult [Line: 15]: Nontermination argument in form of an infinite program execution.
[2021-04-24 13:10:10,782 WARN  L417   cessorBacktranslator]: Unfinished backtranslation: Declaration ConstDeclaration not handled for expression ~unnamed0~0~true
[2021-04-24 13:10:10,782 WARN  L417   cessorBacktranslator]: Unfinished backtranslation: Declaration ConstDeclaration not handled for expression ~unnamed0~0~false
[2021-04-24 13:10:10,782 WARN  L417   cessorBacktranslator]: Unfinished backtranslation: Declaration ConstDeclaration not handled for expression ~unnamed0~0~true
[2021-04-24 13:10:10,782 WARN  L417   cessorBacktranslator]: Unfinished backtranslation: Declaration ConstDeclaration not handled for expression ~unnamed0~0~false
[2021-04-24 13:10:10,783 WARN  L417   cessorBacktranslator]: Unfinished backtranslation: Declaration ConstDeclaration not handled for expression ~unnamed0~0~true
[2021-04-24 13:10:10,783 WARN  L417   cessorBacktranslator]: Unfinished backtranslation: Declaration ConstDeclaration not handled for expression ~unnamed0~0~false
[2021-04-24 13:10:10,783 WARN  L417   cessorBacktranslator]: Unfinished backtranslation: Declaration ConstDeclaration not handled for expression ~unnamed0~0~true
[2021-04-24 13:10:10,783 WARN  L417   cessorBacktranslator]: Unfinished backtranslation: Declaration ConstDeclaration not handled for expression ~unnamed0~0~false
[2021-04-24 13:10:10,784 WARN  L417   cessorBacktranslator]: Unfinished backtranslation: Declaration ConstDeclaration not handled for expression ~unnamed0~0~true
[2021-04-24 13:10:10,784 WARN  L417   cessorBacktranslator]: Unfinished backtranslation: Declaration ConstDeclaration not handled for expression ~unnamed0~0~false
[2021-04-24 13:10:10,784 WARN  L417   cessorBacktranslator]: Unfinished backtranslation: Declaration ConstDeclaration not handled for expression ~unnamed0~0~true
[2021-04-24 13:10:10,785 WARN  L417   cessorBacktranslator]: Unfinished backtranslation: Declaration ConstDeclaration not handled for expression ~unnamed0~0~false
    Nontermination argument in form of an infinite execution
State at position 0 is
{org.eclipse.cdt.internal.core.dom.parser.c.CASTFunctionCallExpression@32e3526e=0, ~unnamed0~0~true=1, \result=0, c=0, ~unnamed0~0~false=0, x=0}
State at position 1 is
{org.eclipse.cdt.internal.core.dom.parser.c.CASTFunctionCallExpression@32e3526e=0, ~unnamed0~0~true=1, \result=0, c=5, ~unnamed0~0~false=0, x=0}
For i>1, the state at position i is
{org.eclipse.cdt.internal.core.dom.parser.c.CASTFunctionCallExpression@32e3526e=0 + sum_{k=0}^i 0, ~unnamed0~0~true=1 + sum_{k=0}^i 0, \result=0 + sum_{k=0}^i 0, c=5 + sum_{k=0}^i 0, ~unnamed0~0~false=0 + sum_{k=0}^i 0, x=0 + sum_{k=0}^i 1 + 1 + 3}
  - StatisticsResult: NonterminationArgumentStatistics
    Unbounded Execution 3GEVs Lambdas: [1, 1, 1] Mus: [0, 0]
  - NonterminatingLassoResult [Line: 15]: Nonterminating execution
    Found a nonterminating execution for the following lasso shaped sequence of statements.
Stem:
[L12]        int c, x;
[L13]        c = 5
[L14]        x = __VERIFIER_nondet_int()
Loop:
[L15]  COND TRUE  x >= 0
[L16]             x = x + c
End of lasso representation.
RESULT: Ultimate proved your program to be incorrect!
Received shutdown request...
