Creating empty 100MiB image file: /home/magnago/overlay/Urban-WST2013-Fig1_false-termination.c.ext3
Formatting image with ext3 file system
Image is done: /home/magnago/overlay/Urban-WST2013-Fig1_false-termination.c.ext3
This is Ultimate 0.2.1-54a68f4
[2021-04-24 13:10:08,537 INFO  L177        SettingsManager]: Resetting all preferences to default values...
[2021-04-24 13:10:08,539 INFO  L181        SettingsManager]: Resetting UltimateCore preferences to default values
[2021-04-24 13:10:08,581 INFO  L184        SettingsManager]: Ultimate Commandline Interface provides no preferences, ignoring...
[2021-04-24 13:10:08,582 INFO  L181        SettingsManager]: Resetting Boogie Preprocessor preferences to default values
[2021-04-24 13:10:08,582 INFO  L181        SettingsManager]: Resetting Boogie Procedure Inliner preferences to default values
[2021-04-24 13:10:08,583 INFO  L181        SettingsManager]: Resetting Abstract Interpretation preferences to default values
[2021-04-24 13:10:08,584 INFO  L181        SettingsManager]: Resetting LassoRanker preferences to default values
[2021-04-24 13:10:08,585 INFO  L181        SettingsManager]: Resetting Reaching Definitions preferences to default values
[2021-04-24 13:10:08,586 INFO  L181        SettingsManager]: Resetting SyntaxChecker preferences to default values
[2021-04-24 13:10:08,586 INFO  L181        SettingsManager]: Resetting Sifa preferences to default values
[2021-04-24 13:10:08,587 INFO  L184        SettingsManager]: B?chi Program Product provides no preferences, ignoring...
[2021-04-24 13:10:08,587 INFO  L181        SettingsManager]: Resetting LTL2Aut preferences to default values
[2021-04-24 13:10:08,588 INFO  L181        SettingsManager]: Resetting PEA to Boogie preferences to default values
[2021-04-24 13:10:08,589 INFO  L181        SettingsManager]: Resetting BlockEncodingV2 preferences to default values
[2021-04-24 13:10:08,589 INFO  L181        SettingsManager]: Resetting ChcToBoogie preferences to default values
[2021-04-24 13:10:08,590 INFO  L181        SettingsManager]: Resetting AutomataScriptInterpreter preferences to default values
[2021-04-24 13:10:08,590 INFO  L181        SettingsManager]: Resetting BuchiAutomizer preferences to default values
[2021-04-24 13:10:08,591 INFO  L181        SettingsManager]: Resetting CACSL2BoogieTranslator preferences to default values
[2021-04-24 13:10:08,592 INFO  L181        SettingsManager]: Resetting CodeCheck preferences to default values
[2021-04-24 13:10:08,593 INFO  L181        SettingsManager]: Resetting InvariantSynthesis preferences to default values
[2021-04-24 13:10:08,594 INFO  L181        SettingsManager]: Resetting RCFGBuilder preferences to default values
[2021-04-24 13:10:08,595 INFO  L181        SettingsManager]: Resetting Referee preferences to default values
[2021-04-24 13:10:08,595 INFO  L181        SettingsManager]: Resetting TraceAbstraction preferences to default values
[2021-04-24 13:10:08,597 INFO  L184        SettingsManager]: TraceAbstractionConcurrent provides no preferences, ignoring...
[2021-04-24 13:10:08,597 INFO  L184        SettingsManager]: TraceAbstractionWithAFAs provides no preferences, ignoring...
[2021-04-24 13:10:08,597 INFO  L181        SettingsManager]: Resetting TreeAutomizer preferences to default values
[2021-04-24 13:10:08,598 INFO  L181        SettingsManager]: Resetting IcfgToChc preferences to default values
[2021-04-24 13:10:08,598 INFO  L181        SettingsManager]: Resetting IcfgTransformer preferences to default values
[2021-04-24 13:10:08,599 INFO  L184        SettingsManager]: ReqToTest provides no preferences, ignoring...
[2021-04-24 13:10:08,599 INFO  L181        SettingsManager]: Resetting Boogie Printer preferences to default values
[2021-04-24 13:10:08,600 INFO  L181        SettingsManager]: Resetting ChcSmtPrinter preferences to default values
[2021-04-24 13:10:08,600 INFO  L181        SettingsManager]: Resetting ReqPrinter preferences to default values
[2021-04-24 13:10:08,601 INFO  L181        SettingsManager]: Resetting Witness Printer preferences to default values
[2021-04-24 13:10:08,601 INFO  L184        SettingsManager]: Boogie PL CUP Parser provides no preferences, ignoring...
[2021-04-24 13:10:08,601 INFO  L181        SettingsManager]: Resetting CDTParser preferences to default values
[2021-04-24 13:10:08,602 INFO  L184        SettingsManager]: AutomataScriptParser provides no preferences, ignoring...
[2021-04-24 13:10:08,602 INFO  L184        SettingsManager]: ReqParser provides no preferences, ignoring...
[2021-04-24 13:10:08,602 INFO  L181        SettingsManager]: Resetting SmtParser preferences to default values
[2021-04-24 13:10:08,603 INFO  L181        SettingsManager]: Resetting Witness Parser preferences to default values
[2021-04-24 13:10:08,603 INFO  L188        SettingsManager]: Finished resetting all preferences to default values...
[2021-04-24 13:10:08,604 INFO  L101        SettingsManager]: Beginning loading settings from /home/singularity/UAutomizer-linux/config/svcomp-Termination-64bit-Automizer_Default.epf
[2021-04-24 13:10:08,617 INFO  L113        SettingsManager]: Loading preferences was successful
[2021-04-24 13:10:08,618 INFO  L115        SettingsManager]: Preferences different from defaults after loading the file:
[2021-04-24 13:10:08,618 INFO  L136        SettingsManager]: Preferences of BlockEncodingV2 differ from their defaults:
[2021-04-24 13:10:08,618 INFO  L138        SettingsManager]:  * Create parallel compositions if possible=false
[2021-04-24 13:10:08,619 INFO  L138        SettingsManager]:  * Use SBE=true
[2021-04-24 13:10:08,619 INFO  L136        SettingsManager]: Preferences of BuchiAutomizer differ from their defaults:
[2021-04-24 13:10:08,619 INFO  L138        SettingsManager]:  * NCSB implementation=INTSET_LAZY3
[2021-04-24 13:10:08,619 INFO  L138        SettingsManager]:  * Use old map elimination=false
[2021-04-24 13:10:08,619 INFO  L138        SettingsManager]:  * Use external solver (rank synthesis)=false
[2021-04-24 13:10:08,619 INFO  L138        SettingsManager]:  * Use only trivial implications for array writes=true
[2021-04-24 13:10:08,619 INFO  L138        SettingsManager]:  * Rank analysis=LINEAR_WITH_GUESSES
[2021-04-24 13:10:08,619 INFO  L136        SettingsManager]: Preferences of CACSL2BoogieTranslator differ from their defaults:
[2021-04-24 13:10:08,619 INFO  L138        SettingsManager]:  * Check unreachability of error function in SV-COMP mode=false
[2021-04-24 13:10:08,619 INFO  L138        SettingsManager]:  * Overapproximate operations on floating types=true
[2021-04-24 13:10:08,620 INFO  L138        SettingsManager]:  * Check division by zero=IGNORE
[2021-04-24 13:10:08,620 INFO  L138        SettingsManager]:  * Pointer to allocated memory at dereference=ASSUME
[2021-04-24 13:10:08,620 INFO  L138        SettingsManager]:  * If two pointers are subtracted or compared they have the same base address=ASSUME
[2021-04-24 13:10:08,620 INFO  L138        SettingsManager]:  * Check array bounds for arrays that are off heap=ASSUME
[2021-04-24 13:10:08,620 INFO  L138        SettingsManager]:  * Check if freed pointer was valid=false
[2021-04-24 13:10:08,620 INFO  L138        SettingsManager]:  * Assume nondeterminstic values are in range=false
[2021-04-24 13:10:08,620 INFO  L138        SettingsManager]:  * Use constant arrays=true
[2021-04-24 13:10:08,620 INFO  L138        SettingsManager]:  * Pointer base address is valid at dereference=ASSUME
[2021-04-24 13:10:08,620 INFO  L136        SettingsManager]: Preferences of RCFGBuilder differ from their defaults:
[2021-04-24 13:10:08,621 INFO  L138        SettingsManager]:  * Size of a code block=SequenceOfStatements
[2021-04-24 13:10:08,621 INFO  L136        SettingsManager]: Preferences of TraceAbstraction differ from their defaults:
[2021-04-24 13:10:08,621 INFO  L138        SettingsManager]:  * Trace refinement strategy=CAMEL
[2021-04-24 13:10:08,621 INFO  L138        SettingsManager]:  * Trace refinement exception blacklist=NONE
[2021-04-24 13:10:08,621 INFO  L136        SettingsManager]: Preferences of IcfgTransformer differ from their defaults:
[2021-04-24 13:10:08,622 INFO  L138        SettingsManager]:  * TransformationType=MODULO_NEIGHBOR
[2021-04-24 13:10:08,793 INFO  L75    nceAwareModelManager]: Repository-Root is: /tmp
[2021-04-24 13:10:08,823 INFO  L261   ainManager$Toolchain]: [Toolchain 1]: Applicable parser(s) successfully (re)initialized
[2021-04-24 13:10:08,825 INFO  L217   ainManager$Toolchain]: [Toolchain 1]: Toolchain selected.
[2021-04-24 13:10:08,825 INFO  L271        PluginConnector]: Initializing CDTParser...
[2021-04-24 13:10:08,826 INFO  L275        PluginConnector]: CDTParser initialized
[2021-04-24 13:10:08,827 INFO  L432   ainManager$Toolchain]: [Toolchain 1]: Parsing single file: /home/magnago/benchmarks/software_nontermination/C/C_Integer/Stroeder_15/Urban-WST2013-Fig1_false-termination.c
[2021-04-24 13:10:08,869 INFO  L220              CDTParser]: Created temporary CDT project at /home/singularity/f49c5fee562747b3852f6a43ba2d8bbd/FLAG14cc88669
!SESSION 2021-04-24 13:10:06.757 -----------------------------------------------
eclipse.buildId=unknown
java.version=11.0.10
java.vendor=Ubuntu
BootLoader constants: OS=linux, ARCH=x86_64, WS=gtk, NL=en_US
Framework arguments:  --console -tc /home/singularity/UAutomizer-linux/config/AutomizerTermination.xml -s /home/singularity/UAutomizer-linux/config/svcomp-Termination-64bit-Automizer_Default.epf -i /home/magnago/benchmarks/software_nontermination/C/C_Integer/Stroeder_15/Urban-WST2013-Fig1_false-termination.c
Command-line arguments:  -os linux -ws gtk -arch x86_64 -consoleLog --console -data /home/singularity -tc /home/singularity/UAutomizer-linux/config/AutomizerTermination.xml -s /home/singularity/UAutomizer-linux/config/svcomp-Termination-64bit-Automizer_Default.epf -data /home/singularity -i /home/magnago/benchmarks/software_nontermination/C/C_Integer/Stroeder_15/Urban-WST2013-Fig1_false-termination.c

!ENTRY org.eclipse.cdt.core 1 0 2021-04-24 13:10:09.095
!MESSAGE Indexed 'FLAG14cc88669' (0 sources, 0 headers) in 0.004 sec: 0 declarations; 0 references; 0 unresolved inclusions; 0 syntax errors; 0 unresolved names (0%)
[2021-04-24 13:10:09,234 INFO  L306              CDTParser]: Found 1 translation units.
[2021-04-24 13:10:09,235 INFO  L160              CDTParser]: Scanning /home/magnago/benchmarks/software_nontermination/C/C_Integer/Stroeder_15/Urban-WST2013-Fig1_false-termination.c
[2021-04-24 13:10:09,239 INFO  L349              CDTParser]: About to delete temporary CDT project at /home/singularity/f49c5fee562747b3852f6a43ba2d8bbd/FLAG14cc88669
[2021-04-24 13:10:09,248 INFO  L357              CDTParser]: Successfully deleted /home/singularity/f49c5fee562747b3852f6a43ba2d8bbd
[2021-04-24 13:10:09,250 INFO  L299   ainManager$Toolchain]: ####################### [Toolchain 1] #######################
[2021-04-24 13:10:09,252 INFO  L131        ToolchainWalker]: Walking toolchain with 6 elements.
[2021-04-24 13:10:09,253 INFO  L113        PluginConnector]: ------------------------CACSL2BoogieTranslator----------------------------
[2021-04-24 13:10:09,254 INFO  L271        PluginConnector]: Initializing CACSL2BoogieTranslator...
[2021-04-24 13:10:09,258 INFO  L275        PluginConnector]: CACSL2BoogieTranslator initialized
[2021-04-24 13:10:09,259 INFO  L185        PluginConnector]: Executing the observer ACSLObjectContainerObserver from plugin CACSL2BoogieTranslator for "CDTParser AST 24.04 01:10:09" (1/1) ...
[2021-04-24 13:10:09,263 INFO  L205        PluginConnector]: Invalid model from CACSL2BoogieTranslator for observer de.uni_freiburg.informatik.ultimate.plugins.generator.cacsl2boogietranslator.ACSLObjectContainerObserver@3db7cebd and model type de.uni_freiburg.informatik.ultimate.plugins.generator.cacsl2boogietranslator AST 24.04 01:10:09, skipping insertion in model container
[2021-04-24 13:10:09,263 INFO  L185        PluginConnector]: Executing the observer CACSL2BoogieTranslatorObserver from plugin CACSL2BoogieTranslator for "CDTParser AST 24.04 01:10:09" (1/1) ...
[2021-04-24 13:10:09,269 INFO  L145         MainTranslator]: Starting translation in SV-COMP mode 
[2021-04-24 13:10:09,276 INFO  L178         MainTranslator]: Built tables and reachable declarations
[2021-04-24 13:10:09,379 INFO  L206          PostProcessor]: Analyzing one entry point: main
[2021-04-24 13:10:09,384 INFO  L203         MainTranslator]: Completed pre-run
[2021-04-24 13:10:09,402 INFO  L206          PostProcessor]: Analyzing one entry point: main
[2021-04-24 13:10:09,412 INFO  L208         MainTranslator]: Completed translation
[2021-04-24 13:10:09,412 INFO  L202        PluginConnector]: Adding new model de.uni_freiburg.informatik.ultimate.plugins.generator.cacsl2boogietranslator AST 24.04 01:10:09 WrapperNode
[2021-04-24 13:10:09,412 INFO  L132        PluginConnector]: ------------------------ END CACSL2BoogieTranslator----------------------------
[2021-04-24 13:10:09,413 INFO  L113        PluginConnector]: ------------------------Boogie Procedure Inliner----------------------------
[2021-04-24 13:10:09,413 INFO  L271        PluginConnector]: Initializing Boogie Procedure Inliner...
[2021-04-24 13:10:09,413 INFO  L275        PluginConnector]: Boogie Procedure Inliner initialized
[2021-04-24 13:10:09,420 INFO  L185        PluginConnector]: Executing the observer TypeChecker from plugin Boogie Procedure Inliner for "de.uni_freiburg.informatik.ultimate.plugins.generator.cacsl2boogietranslator AST 24.04 01:10:09" (1/1) ...
[2021-04-24 13:10:09,423 INFO  L185        PluginConnector]: Executing the observer Inliner from plugin Boogie Procedure Inliner for "de.uni_freiburg.informatik.ultimate.plugins.generator.cacsl2boogietranslator AST 24.04 01:10:09" (1/1) ...
[2021-04-24 13:10:09,436 INFO  L132        PluginConnector]: ------------------------ END Boogie Procedure Inliner----------------------------
[2021-04-24 13:10:09,436 INFO  L113        PluginConnector]: ------------------------Boogie Preprocessor----------------------------
[2021-04-24 13:10:09,437 INFO  L271        PluginConnector]: Initializing Boogie Preprocessor...
[2021-04-24 13:10:09,437 INFO  L275        PluginConnector]: Boogie Preprocessor initialized
[2021-04-24 13:10:09,443 INFO  L185        PluginConnector]: Executing the observer EnsureBoogieModelObserver from plugin Boogie Preprocessor for "de.uni_freiburg.informatik.ultimate.plugins.generator.cacsl2boogietranslator AST 24.04 01:10:09" (1/1) ...
[2021-04-24 13:10:09,443 INFO  L185        PluginConnector]: Executing the observer TypeChecker from plugin Boogie Preprocessor for "de.uni_freiburg.informatik.ultimate.plugins.generator.cacsl2boogietranslator AST 24.04 01:10:09" (1/1) ...
[2021-04-24 13:10:09,444 INFO  L185        PluginConnector]: Executing the observer ConstExpander from plugin Boogie Preprocessor for "de.uni_freiburg.informatik.ultimate.plugins.generator.cacsl2boogietranslator AST 24.04 01:10:09" (1/1) ...
[2021-04-24 13:10:09,444 INFO  L185        PluginConnector]: Executing the observer StructExpander from plugin Boogie Preprocessor for "de.uni_freiburg.informatik.ultimate.plugins.generator.cacsl2boogietranslator AST 24.04 01:10:09" (1/1) ...
[2021-04-24 13:10:09,445 INFO  L185        PluginConnector]: Executing the observer UnstructureCode from plugin Boogie Preprocessor for "de.uni_freiburg.informatik.ultimate.plugins.generator.cacsl2boogietranslator AST 24.04 01:10:09" (1/1) ...
[2021-04-24 13:10:09,448 INFO  L185        PluginConnector]: Executing the observer FunctionInliner from plugin Boogie Preprocessor for "de.uni_freiburg.informatik.ultimate.plugins.generator.cacsl2boogietranslator AST 24.04 01:10:09" (1/1) ...
[2021-04-24 13:10:09,449 INFO  L185        PluginConnector]: Executing the observer BoogieSymbolTableConstructor from plugin Boogie Preprocessor for "de.uni_freiburg.informatik.ultimate.plugins.generator.cacsl2boogietranslator AST 24.04 01:10:09" (1/1) ...
[2021-04-24 13:10:09,449 INFO  L132        PluginConnector]: ------------------------ END Boogie Preprocessor----------------------------
[2021-04-24 13:10:09,450 INFO  L113        PluginConnector]: ------------------------RCFGBuilder----------------------------
[2021-04-24 13:10:09,450 INFO  L271        PluginConnector]: Initializing RCFGBuilder...
[2021-04-24 13:10:09,450 INFO  L275        PluginConnector]: RCFGBuilder initialized
[2021-04-24 13:10:09,451 INFO  L185        PluginConnector]: Executing the observer RCFGBuilderObserver from plugin RCFGBuilder for "de.uni_freiburg.informatik.ultimate.plugins.generator.cacsl2boogietranslator AST 24.04 01:10:09" (1/1) ...
No working directory specified, using /home/singularity/UAutomizer-linux/z3
Starting monitored process 1 with z3 SMTLIB2_COMPLIANT=true -memory:1024 -smt2 -in -t:12000 (exit command is (exit), workingDir is null)
Waiting until toolchain timeout for monitored process 1 with z3 SMTLIB2_COMPLIANT=true -memory:1024 -smt2 -in -t:12000
[2021-04-24 13:10:09,536 INFO  L130     BoogieDeclarations]: Found specification of procedure ULTIMATE.start
[2021-04-24 13:10:09,536 INFO  L138     BoogieDeclarations]: Found implementation of procedure ULTIMATE.start
[2021-04-24 13:10:09,723 INFO  L294             CfgBuilder]: Using the 1 location(s) as analysis (start of procedure ULTIMATE.start)
[2021-04-24 13:10:09,723 INFO  L299             CfgBuilder]: Removed 5 assume(true) statements.
[2021-04-24 13:10:09,725 INFO  L202        PluginConnector]: Adding new model de.uni_freiburg.informatik.ultimate.plugins.generator.rcfgbuilder CFG 24.04 01:10:09 BoogieIcfgContainer
[2021-04-24 13:10:09,725 INFO  L132        PluginConnector]: ------------------------ END RCFGBuilder----------------------------
[2021-04-24 13:10:09,726 INFO  L113        PluginConnector]: ------------------------BuchiAutomizer----------------------------
[2021-04-24 13:10:09,726 INFO  L271        PluginConnector]: Initializing BuchiAutomizer...
[2021-04-24 13:10:09,728 INFO  L275        PluginConnector]: BuchiAutomizer initialized
[2021-04-24 13:10:09,729 INFO  L99          BuchiAutomizer]: Safety of program was proven or not checked, starting termination analysis
[2021-04-24 13:10:09,729 INFO  L185        PluginConnector]: Executing the observer BuchiAutomizerObserver from plugin BuchiAutomizer for "CDTParser AST 24.04 01:10:09" (1/3) ...
[2021-04-24 13:10:09,730 INFO  L205        PluginConnector]: Invalid model from BuchiAutomizer for observer de.uni_freiburg.informatik.ultimate.plugins.generator.buchiautomizer.BuchiAutomizerObserver@2d1ef51 and model type de.uni_freiburg.informatik.ultimate.plugins.generator.buchiautomizer AST 24.04 01:10:09, skipping insertion in model container
[2021-04-24 13:10:09,730 INFO  L99          BuchiAutomizer]: Safety of program was proven or not checked, starting termination analysis
[2021-04-24 13:10:09,730 INFO  L185        PluginConnector]: Executing the observer BuchiAutomizerObserver from plugin BuchiAutomizer for "de.uni_freiburg.informatik.ultimate.plugins.generator.cacsl2boogietranslator AST 24.04 01:10:09" (2/3) ...
[2021-04-24 13:10:09,730 INFO  L205        PluginConnector]: Invalid model from BuchiAutomizer for observer de.uni_freiburg.informatik.ultimate.plugins.generator.buchiautomizer.BuchiAutomizerObserver@2d1ef51 and model type de.uni_freiburg.informatik.ultimate.plugins.generator.buchiautomizer AST 24.04 01:10:09, skipping insertion in model container
[2021-04-24 13:10:09,730 INFO  L99          BuchiAutomizer]: Safety of program was proven or not checked, starting termination analysis
[2021-04-24 13:10:09,730 INFO  L185        PluginConnector]: Executing the observer BuchiAutomizerObserver from plugin BuchiAutomizer for "de.uni_freiburg.informatik.ultimate.plugins.generator.rcfgbuilder CFG 24.04 01:10:09" (3/3) ...
[2021-04-24 13:10:09,731 INFO  L389   chiAutomizerObserver]: Analyzing ICFG Urban-WST2013-Fig1_false-termination.c
[2021-04-24 13:10:09,773 INFO  L359         BuchiCegarLoop]: Interprodecural is true
[2021-04-24 13:10:09,773 INFO  L360         BuchiCegarLoop]: Hoare is false
[2021-04-24 13:10:09,773 INFO  L361         BuchiCegarLoop]: Compute interpolants for ForwardPredicates
[2021-04-24 13:10:09,773 INFO  L362         BuchiCegarLoop]: Backedges is STRAIGHT_LINE
[2021-04-24 13:10:09,773 INFO  L363         BuchiCegarLoop]: Determinization is PREDICATE_ABSTRACTION
[2021-04-24 13:10:09,773 INFO  L364         BuchiCegarLoop]: Difference is false
[2021-04-24 13:10:09,773 INFO  L365         BuchiCegarLoop]: Minimize is MINIMIZE_SEVPA
[2021-04-24 13:10:09,774 INFO  L368         BuchiCegarLoop]: ======== Iteration 0==of CEGAR loop == BuchiCegarLoop========
[2021-04-24 13:10:09,783 INFO  L72            BuchiIsEmpty]: Start buchiIsEmpty. Operand 7 states.
[2021-04-24 13:10:09,794 INFO  L131   ngComponentsAnalysis]: Automaton has 1 accepting balls. 2
[2021-04-24 13:10:09,794 INFO  L87            BuchiIsEmpty]: Finished buchiIsEmpty Result is false
[2021-04-24 13:10:09,794 INFO  L119           BuchiIsEmpty]: Starting construction of run
[2021-04-24 13:10:09,798 INFO  L853         BuchiCegarLoop]: Counterexample stem histogram [1]
[2021-04-24 13:10:09,798 INFO  L854         BuchiCegarLoop]: Counterexample loop histogram [1, 1]
[2021-04-24 13:10:09,798 INFO  L427         BuchiCegarLoop]: ======== Iteration 1============
[2021-04-24 13:10:09,798 INFO  L72            BuchiIsEmpty]: Start buchiIsEmpty. Operand 7 states.
[2021-04-24 13:10:09,798 INFO  L131   ngComponentsAnalysis]: Automaton has 1 accepting balls. 2
[2021-04-24 13:10:09,798 INFO  L87            BuchiIsEmpty]: Finished buchiIsEmpty Result is false
[2021-04-24 13:10:09,799 INFO  L119           BuchiIsEmpty]: Starting construction of run
[2021-04-24 13:10:09,799 INFO  L853         BuchiCegarLoop]: Counterexample stem histogram [1]
[2021-04-24 13:10:09,799 INFO  L854         BuchiCegarLoop]: Counterexample loop histogram [1, 1]
[2021-04-24 13:10:09,803 INFO  L794   eck$LassoCheckResult]: Stem: 4#ULTIMATE.startENTRYtrue havoc main_#res;havoc main_#t~nondet0, main_~x~0;havoc main_~x~0;main_~x~0 := main_#t~nondet0;havoc main_#t~nondet0; 5#L18-2true 
[2021-04-24 13:10:09,803 INFO  L796   eck$LassoCheckResult]: Loop: 5#L18-2true assume !!(main_~x~0 <= 10); 8#L18true assume main_~x~0 > 6;main_~x~0 := 2 + main_~x~0; 5#L18-2true 
[2021-04-24 13:10:09,807 INFO  L144       PredicateUnifier]: Initialized classic predicate unifier
[2021-04-24 13:10:09,808 INFO  L82        PathProgramCache]: Analyzing trace with hash 32, now seen corresponding path program 1 times
[2021-04-24 13:10:09,813 INFO  L162   FreeRefinementEngine]: Executing refinement strategy CAMEL
[2021-04-24 13:10:09,814 INFO  L353   FreeRefinementEngine]: Using trace check IpTcStrategyModuleSmtInterpolCraig [646747879]
[2021-04-24 13:10:09,814 INFO  L95    rtionOrderModulation]: Keeping assertion order NOT_INCREMENTALLY
[2021-04-24 13:10:09,865 INFO  L136    AnnotateAndAsserter]: Conjunction of SSA is sat
[2021-04-24 13:10:09,866 INFO  L221             TraceCheck]: Trace is feasible, we will do another trace check, this time with branch encoders.
[2021-04-24 13:10:09,868 INFO  L136    AnnotateAndAsserter]: Conjunction of SSA is sat
[2021-04-24 13:10:09,868 INFO  L221             TraceCheck]: Trace is feasible, we will do another trace check, this time with branch encoders.
[2021-04-24 13:10:09,877 INFO  L173   FreeRefinementEngine]: Strategy CAMEL found a feasible trace
[2021-04-24 13:10:09,878 INFO  L144       PredicateUnifier]: Initialized classic predicate unifier
[2021-04-24 13:10:09,878 INFO  L82        PathProgramCache]: Analyzing trace with hash 1284, now seen corresponding path program 1 times
[2021-04-24 13:10:09,878 INFO  L162   FreeRefinementEngine]: Executing refinement strategy CAMEL
[2021-04-24 13:10:09,879 INFO  L353   FreeRefinementEngine]: Using trace check IpTcStrategyModuleSmtInterpolCraig [1291521235]
[2021-04-24 13:10:09,879 INFO  L95    rtionOrderModulation]: Keeping assertion order NOT_INCREMENTALLY
[2021-04-24 13:10:09,885 INFO  L136    AnnotateAndAsserter]: Conjunction of SSA is sat
[2021-04-24 13:10:09,885 INFO  L221             TraceCheck]: Trace is feasible, we will do another trace check, this time with branch encoders.
[2021-04-24 13:10:09,887 INFO  L136    AnnotateAndAsserter]: Conjunction of SSA is sat
[2021-04-24 13:10:09,887 INFO  L221             TraceCheck]: Trace is feasible, we will do another trace check, this time with branch encoders.
[2021-04-24 13:10:09,888 INFO  L173   FreeRefinementEngine]: Strategy CAMEL found a feasible trace
[2021-04-24 13:10:09,889 INFO  L144       PredicateUnifier]: Initialized classic predicate unifier
[2021-04-24 13:10:09,889 INFO  L82        PathProgramCache]: Analyzing trace with hash 31075, now seen corresponding path program 1 times
[2021-04-24 13:10:09,890 INFO  L162   FreeRefinementEngine]: Executing refinement strategy CAMEL
[2021-04-24 13:10:09,890 INFO  L353   FreeRefinementEngine]: Using trace check IpTcStrategyModuleSmtInterpolCraig [915726450]
[2021-04-24 13:10:09,890 INFO  L95    rtionOrderModulation]: Keeping assertion order NOT_INCREMENTALLY
[2021-04-24 13:10:09,893 INFO  L136    AnnotateAndAsserter]: Conjunction of SSA is sat
[2021-04-24 13:10:09,894 INFO  L221             TraceCheck]: Trace is feasible, we will do another trace check, this time with branch encoders.
[2021-04-24 13:10:09,896 INFO  L136    AnnotateAndAsserter]: Conjunction of SSA is sat
[2021-04-24 13:10:09,896 INFO  L221             TraceCheck]: Trace is feasible, we will do another trace check, this time with branch encoders.
[2021-04-24 13:10:09,897 INFO  L173   FreeRefinementEngine]: Strategy CAMEL found a feasible trace
[2021-04-24 13:10:09,930 INFO  L210          LassoAnalysis]: Preferences:
[2021-04-24 13:10:09,931 INFO  L126   ssoRankerPreferences]: Compute integeral hull: false
[2021-04-24 13:10:09,931 INFO  L127   ssoRankerPreferences]: Enable LassoPartitioneer: true
[2021-04-24 13:10:09,931 INFO  L128   ssoRankerPreferences]: Term annotations enabled: false
[2021-04-24 13:10:09,931 INFO  L129   ssoRankerPreferences]: Use exernal solver: true
[2021-04-24 13:10:09,931 INFO  L130   ssoRankerPreferences]: SMT solver command: z3 SMTLIB2_COMPLIANT=true -memory:1024 -smt2 -in -t:12000
[2021-04-24 13:10:09,931 INFO  L131   ssoRankerPreferences]: Dump SMT script to file: false
[2021-04-24 13:10:09,931 INFO  L132   ssoRankerPreferences]: Path of dumped script: 
[2021-04-24 13:10:09,931 INFO  L133   ssoRankerPreferences]: Filename of dumped script: Urban-WST2013-Fig1_false-termination.c_Iteration1_Loop
[2021-04-24 13:10:09,931 INFO  L134   ssoRankerPreferences]: MapElimAlgo: Frank
[2021-04-24 13:10:09,932 INFO  L274          LassoAnalysis]: Starting lasso preprocessing...
[2021-04-24 13:10:09,946 INFO  L141          MapEliminator]: Using MapEliminator with SimplificationTechnique=SIMPLIFY_DDA XnfConversionTechnique=BOTTOM_UP_WITH_LOCAL_SIMPLIFICATION AddInequalities=false OnlyTrivialImplicationsArrayWrite=true OnlyTrivialImplicationsForModifiedArguments=true OnlyArgumentsInFormula=true
[2021-04-24 13:10:09,952 INFO  L141          MapEliminator]: Using MapEliminator with SimplificationTechnique=SIMPLIFY_DDA XnfConversionTechnique=BOTTOM_UP_WITH_LOCAL_SIMPLIFICATION AddInequalities=false OnlyTrivialImplicationsArrayWrite=true OnlyTrivialImplicationsForModifiedArguments=true OnlyArgumentsInFormula=true
[2021-04-24 13:10:09,955 INFO  L141          MapEliminator]: Using MapEliminator with SimplificationTechnique=SIMPLIFY_DDA XnfConversionTechnique=BOTTOM_UP_WITH_LOCAL_SIMPLIFICATION AddInequalities=false OnlyTrivialImplicationsArrayWrite=true OnlyTrivialImplicationsForModifiedArguments=true OnlyArgumentsInFormula=true
[2021-04-24 13:10:10,003 INFO  L292          LassoAnalysis]: Preprocessing complete.
[2021-04-24 13:10:10,003 INFO  L404          LassoAnalysis]: Checking for nontermination...
No working directory specified, using /home/singularity/UAutomizer-linux/z3
Starting monitored process 2 with z3 SMTLIB2_COMPLIANT=true -memory:1024 -smt2 -in -t:12000 (exit command is (exit), workingDir is null)
Waiting until toolchain timeout for monitored process 2 with z3 SMTLIB2_COMPLIANT=true -memory:1024 -smt2 -in -t:12000
[2021-04-24 13:10:10,011 INFO  L148   nArgumentSynthesizer]: Nontermination analysis: NONLINEAR Allow bounded executions: true Number of generalized eigenvectors: 0 Nilpotent components: true
[2021-04-24 13:10:10,011 INFO  L160   nArgumentSynthesizer]: Using integer mode.
[2021-04-24 13:10:10,025 INFO  L437          LassoAnalysis]: Proved nontermination for one component.
[2021-04-24 13:10:10,026 INFO  L440          LassoAnalysis]: Non-Termination argument consisting of: Initial state: {v_rep~unnamed0~0~false_1=0} Honda state: {v_rep~unnamed0~0~false_1=0} Generalized eigenvectors: [] Lambdas: [] Nus: []
No working directory specified, using /home/singularity/UAutomizer-linux/z3
Starting monitored process 3 with z3 SMTLIB2_COMPLIANT=true -memory:1024 -smt2 -in -t:12000 (exit command is (exit), workingDir is null)
Waiting until toolchain timeout for monitored process 3 with z3 SMTLIB2_COMPLIANT=true -memory:1024 -smt2 -in -t:12000
[2021-04-24 13:10:10,042 INFO  L148   nArgumentSynthesizer]: Nontermination analysis: NONLINEAR Allow bounded executions: true Number of generalized eigenvectors: 0 Nilpotent components: true
[2021-04-24 13:10:10,042 INFO  L160   nArgumentSynthesizer]: Using integer mode.
[2021-04-24 13:10:10,048 INFO  L437          LassoAnalysis]: Proved nontermination for one component.
[2021-04-24 13:10:10,048 INFO  L440          LassoAnalysis]: Non-Termination argument consisting of: Initial state: {v_rep~unnamed0~0~true_1=1} Honda state: {v_rep~unnamed0~0~true_1=1} Generalized eigenvectors: [] Lambdas: [] Nus: []
No working directory specified, using /home/singularity/UAutomizer-linux/z3
Starting monitored process 4 with z3 SMTLIB2_COMPLIANT=true -memory:1024 -smt2 -in -t:12000 (exit command is (exit), workingDir is null)
Waiting until toolchain timeout for monitored process 4 with z3 SMTLIB2_COMPLIANT=true -memory:1024 -smt2 -in -t:12000
[2021-04-24 13:10:10,057 INFO  L148   nArgumentSynthesizer]: Nontermination analysis: NONLINEAR Allow bounded executions: true Number of generalized eigenvectors: 0 Nilpotent components: true
[2021-04-24 13:10:10,057 INFO  L160   nArgumentSynthesizer]: Using integer mode.
No working directory specified, using /home/singularity/UAutomizer-linux/z3
Starting monitored process 5 with z3 SMTLIB2_COMPLIANT=true -memory:1024 -smt2 -in -t:12000 (exit command is (exit), workingDir is null)
Waiting until toolchain timeout for monitored process 5 with z3 SMTLIB2_COMPLIANT=true -memory:1024 -smt2 -in -t:12000
[2021-04-24 13:10:10,088 INFO  L148   nArgumentSynthesizer]: Nontermination analysis: NONLINEAR Allow bounded executions: true Number of generalized eigenvectors: 3 Nilpotent components: true
[2021-04-24 13:10:10,088 INFO  L160   nArgumentSynthesizer]: Using integer mode.
[2021-04-24 13:10:10,099 INFO  L444          LassoAnalysis]: Proving nontermination failed: No geometric nontermination argument exists.
[2021-04-24 13:10:10,102 INFO  L210          LassoAnalysis]: Preferences:
[2021-04-24 13:10:10,102 INFO  L126   ssoRankerPreferences]: Compute integeral hull: false
[2021-04-24 13:10:10,102 INFO  L127   ssoRankerPreferences]: Enable LassoPartitioneer: true
[2021-04-24 13:10:10,102 INFO  L128   ssoRankerPreferences]: Term annotations enabled: false
[2021-04-24 13:10:10,102 INFO  L129   ssoRankerPreferences]: Use exernal solver: false
[2021-04-24 13:10:10,102 INFO  L130   ssoRankerPreferences]: SMT solver command: z3 SMTLIB2_COMPLIANT=true -memory:1024 -smt2 -in -t:12000
[2021-04-24 13:10:10,102 INFO  L131   ssoRankerPreferences]: Dump SMT script to file: false
[2021-04-24 13:10:10,102 INFO  L132   ssoRankerPreferences]: Path of dumped script: 
[2021-04-24 13:10:10,102 INFO  L133   ssoRankerPreferences]: Filename of dumped script: Urban-WST2013-Fig1_false-termination.c_Iteration1_Loop
[2021-04-24 13:10:10,102 INFO  L134   ssoRankerPreferences]: MapElimAlgo: Frank
[2021-04-24 13:10:10,103 INFO  L274          LassoAnalysis]: Starting lasso preprocessing...
[2021-04-24 13:10:10,104 INFO  L141          MapEliminator]: Using MapEliminator with SimplificationTechnique=SIMPLIFY_DDA XnfConversionTechnique=BOTTOM_UP_WITH_LOCAL_SIMPLIFICATION AddInequalities=false OnlyTrivialImplicationsArrayWrite=true OnlyTrivialImplicationsForModifiedArguments=true OnlyArgumentsInFormula=true
[2021-04-24 13:10:10,108 INFO  L141          MapEliminator]: Using MapEliminator with SimplificationTechnique=SIMPLIFY_DDA XnfConversionTechnique=BOTTOM_UP_WITH_LOCAL_SIMPLIFICATION AddInequalities=false OnlyTrivialImplicationsArrayWrite=true OnlyTrivialImplicationsForModifiedArguments=true OnlyArgumentsInFormula=true
[2021-04-24 13:10:10,111 INFO  L141          MapEliminator]: Using MapEliminator with SimplificationTechnique=SIMPLIFY_DDA XnfConversionTechnique=BOTTOM_UP_WITH_LOCAL_SIMPLIFICATION AddInequalities=false OnlyTrivialImplicationsArrayWrite=true OnlyTrivialImplicationsForModifiedArguments=true OnlyArgumentsInFormula=true
[2021-04-24 13:10:10,151 INFO  L292          LassoAnalysis]: Preprocessing complete.
[2021-04-24 13:10:10,154 INFO  L489          LassoAnalysis]: Using template 'affine'.
No working directory specified, using /home/singularity/UAutomizer-linux/z3
Starting monitored process 6 with z3 SMTLIB2_COMPLIANT=true -memory:1024 -smt2 -in -t:12000 (exit command is (exit), workingDir is null)
Waiting until toolchain timeout for monitored process 6 with z3 SMTLIB2_COMPLIANT=true -memory:1024 -smt2 -in -t:12000
[2021-04-24 13:10:10,159 INFO  L120   nArgumentSynthesizer]: Termination Analysis Settings:
Termination analysis: LINEAR_WITH_GUESSES
Number of strict supporting invariants: 0
Number of non-strict supporting invariants: 1
Consider only non-deceasing supporting invariants: true
Simplify termination arguments: true
Simplify supporting invariants: trueOverapproximate stem: false
[2021-04-24 13:10:10,161 INFO  L338   nArgumentSynthesizer]: Template has degree 0.
[2021-04-24 13:10:10,162 INFO  L203   nArgumentSynthesizer]: 1 stem disjuncts
[2021-04-24 13:10:10,162 INFO  L204   nArgumentSynthesizer]: 1 loop disjuncts
[2021-04-24 13:10:10,162 INFO  L205   nArgumentSynthesizer]: 2 template conjuncts.
[2021-04-24 13:10:10,165 INFO  L401   nArgumentSynthesizer]: We have 6 Motzkin's Theorem applications.
[2021-04-24 13:10:10,166 INFO  L402   nArgumentSynthesizer]: A total of 2 supporting invariants were added.
[2021-04-24 13:10:10,172 INFO  L522          LassoAnalysis]: Proving termination failed for this template and these settings.
No working directory specified, using /home/singularity/UAutomizer-linux/z3
Starting monitored process 7 with z3 SMTLIB2_COMPLIANT=true -memory:1024 -smt2 -in -t:12000 (exit command is (exit), workingDir is null)
Waiting until toolchain timeout for monitored process 7 with z3 SMTLIB2_COMPLIANT=true -memory:1024 -smt2 -in -t:12000
[2021-04-24 13:10:10,180 INFO  L120   nArgumentSynthesizer]: Termination Analysis Settings:
Termination analysis: LINEAR_WITH_GUESSES
Number of strict supporting invariants: 0
Number of non-strict supporting invariants: 1
Consider only non-deceasing supporting invariants: true
Simplify termination arguments: true
Simplify supporting invariants: trueOverapproximate stem: false
[2021-04-24 13:10:10,182 INFO  L338   nArgumentSynthesizer]: Template has degree 0.
[2021-04-24 13:10:10,182 INFO  L203   nArgumentSynthesizer]: 1 stem disjuncts
[2021-04-24 13:10:10,182 INFO  L204   nArgumentSynthesizer]: 1 loop disjuncts
[2021-04-24 13:10:10,182 INFO  L205   nArgumentSynthesizer]: 2 template conjuncts.
[2021-04-24 13:10:10,185 INFO  L401   nArgumentSynthesizer]: We have 6 Motzkin's Theorem applications.
[2021-04-24 13:10:10,185 INFO  L402   nArgumentSynthesizer]: A total of 2 supporting invariants were added.
[2021-04-24 13:10:10,189 INFO  L522          LassoAnalysis]: Proving termination failed for this template and these settings.
No working directory specified, using /home/singularity/UAutomizer-linux/z3
Starting monitored process 8 with z3 SMTLIB2_COMPLIANT=true -memory:1024 -smt2 -in -t:12000 (exit command is (exit), workingDir is null)
Waiting until toolchain timeout for monitored process 8 with z3 SMTLIB2_COMPLIANT=true -memory:1024 -smt2 -in -t:12000
[2021-04-24 13:10:10,194 INFO  L120   nArgumentSynthesizer]: Termination Analysis Settings:
Termination analysis: LINEAR_WITH_GUESSES
Number of strict supporting invariants: 0
Number of non-strict supporting invariants: 1
Consider only non-deceasing supporting invariants: true
Simplify termination arguments: true
Simplify supporting invariants: trueOverapproximate stem: false
[2021-04-24 13:10:10,196 INFO  L338   nArgumentSynthesizer]: Template has degree 0.
[2021-04-24 13:10:10,196 INFO  L351   nArgumentSynthesizer]: There is no stem transition; disabling supporting invariant generation.
[2021-04-24 13:10:10,196 INFO  L203   nArgumentSynthesizer]: 1 stem disjuncts
[2021-04-24 13:10:10,196 INFO  L204   nArgumentSynthesizer]: 1 loop disjuncts
[2021-04-24 13:10:10,196 INFO  L205   nArgumentSynthesizer]: 2 template conjuncts.
[2021-04-24 13:10:10,197 INFO  L401   nArgumentSynthesizer]: We have 2 Motzkin's Theorem applications.
[2021-04-24 13:10:10,197 INFO  L402   nArgumentSynthesizer]: A total of 0 supporting invariants were added.
[2021-04-24 13:10:10,200 INFO  L420   nArgumentSynthesizer]: Found a termination argument, trying to simplify.
[2021-04-24 13:10:10,203 INFO  L443   ModelExtractionUtils]: Simplification made 3 calls to the SMT solver.
[2021-04-24 13:10:10,203 INFO  L444   ModelExtractionUtils]: 0 out of 3 variables were initially zero. Simplification set additionally 0 variables to zero.
No working directory specified, using /home/singularity/UAutomizer-linux/z3
Starting monitored process 9 with z3 SMTLIB2_COMPLIANT=true -memory:1024 -smt2 -in -t:12000 (exit command is (exit), workingDir is null)
Waiting until toolchain timeout for monitored process 9 with z3 SMTLIB2_COMPLIANT=true -memory:1024 -smt2 -in -t:12000
[2021-04-24 13:10:10,240 INFO  L435   nArgumentSynthesizer]: Simplifying supporting invariants...
[2021-04-24 13:10:10,240 INFO  L438   nArgumentSynthesizer]: Removed 0 redundant supporting invariants from a total of 0.
[2021-04-24 13:10:10,240 INFO  L510          LassoAnalysis]: Proved termination.
[2021-04-24 13:10:10,241 INFO  L512          LassoAnalysis]: Termination argument consisting of:
Ranking function f(ULTIMATE.start_main_~x~0) = -1*ULTIMATE.start_main_~x~0 + 11
Supporting invariants []
[2021-04-24 13:10:10,247 INFO  L297   tatePredicateManager]: 0 out of 0 supporting invariants were superfluous and have been removed
[2021-04-24 13:10:10,273 INFO  L144       PredicateUnifier]: Initialized classic predicate unifier
[2021-04-24 13:10:10,279 INFO  L136    AnnotateAndAsserter]: Conjunction of SSA is unsat
[2021-04-24 13:10:10,280 WARN  L261         TraceCheckSpWp]: Trace formula consists of 4 conjuncts, 2 conjunts are in the unsatisfiable core
[2021-04-24 13:10:10,281 INFO  L286         TraceCheckSpWp]: Computing forward predicates...
[2021-04-24 13:10:10,286 INFO  L136    AnnotateAndAsserter]: Conjunction of SSA is unsat
[2021-04-24 13:10:10,287 WARN  L261         TraceCheckSpWp]: Trace formula consists of 6 conjuncts, 4 conjunts are in the unsatisfiable core
[2021-04-24 13:10:10,287 INFO  L286         TraceCheckSpWp]: Computing forward predicates...
[2021-04-24 13:10:10,297 INFO  L134       CoverageAnalysis]: Checked inductivity of 0 backedges. 0 proven. 0 refuted. 0 times theorem prover too weak. 0 trivial. 0 not checked.
[2021-04-24 13:10:10,306 INFO  L152   lantAutomatonBouncer]: Defining deterministic Buchi interpolant automaton with honda bouncer for stem and without honda bouncer for loop.1 stem predicates 2 loop predicates 
[2021-04-24 13:10:10,308 INFO  L71    iDifferenceNCSBLazy3]: Start buchiDifferenceNCSBLazy3. First operand 7 states. Second operand 3 states.
[2021-04-24 13:10:10,336 INFO  L75    iDifferenceNCSBLazy3]: Finished buchiDifferenceNCSBLazy3. First operand 7 states.. Second operand 3 states. Result 20 states and 28 transitions. Complement of second has 7 states.
[2021-04-24 13:10:10,336 INFO  L141   InterpolantAutomaton]: Switched to read-only mode: Buchi interpolant automaton has 5 states 1 stem states 2 non-accepting loop states 1 accepting loop states 
[2021-04-24 13:10:10,337 INFO  L82        GeneralOperation]: Start removeUnreachable. Operand 3 states.
[2021-04-24 13:10:10,337 INFO  L88        GeneralOperation]: Finished removeUnreachable. Reduced from 5 states to 5 states and 15 transitions.
[2021-04-24 13:10:10,339 INFO  L84            BuchiAccepts]: Start buchiAccepts Operand 5 states and 15 transitions. Stem has 1 letters. Loop has 2 letters.
[2021-04-24 13:10:10,340 INFO  L116           BuchiAccepts]: Finished buchiAccepts.
[2021-04-24 13:10:10,340 INFO  L84            BuchiAccepts]: Start buchiAccepts Operand 5 states and 15 transitions. Stem has 3 letters. Loop has 2 letters.
[2021-04-24 13:10:10,340 INFO  L116           BuchiAccepts]: Finished buchiAccepts.
[2021-04-24 13:10:10,340 INFO  L84            BuchiAccepts]: Start buchiAccepts Operand 5 states and 15 transitions. Stem has 1 letters. Loop has 4 letters.
[2021-04-24 13:10:10,341 INFO  L116           BuchiAccepts]: Finished buchiAccepts.
[2021-04-24 13:10:10,341 INFO  L82        GeneralOperation]: Start removeNonLiveStates. Operand 20 states and 28 transitions.
[2021-04-24 13:10:10,342 INFO  L131   ngComponentsAnalysis]: Automaton has 1 accepting balls. 2
[2021-04-24 13:10:10,345 INFO  L88        GeneralOperation]: Finished removeNonLiveStates. Reduced from 20 states to 8 states and 11 transitions.
[2021-04-24 13:10:10,345 INFO  L87         BuchiClosureNwa]: Accepting states before buchiClosure: 4
[2021-04-24 13:10:10,345 INFO  L106        BuchiClosureNwa]: Accepting states after buchiClosure: 5
[2021-04-24 13:10:10,346 INFO  L73         IsDeterministic]: Start isDeterministic. Operand 8 states and 11 transitions.
[2021-04-24 13:10:10,346 INFO  L80         IsDeterministic]: Finished isDeterministic. Operand is not deterministic.
[2021-04-24 13:10:10,346 INFO  L692         BuchiCegarLoop]: Abstraction has 8 states and 11 transitions.
[2021-04-24 13:10:10,359 INFO  L82        GeneralOperation]: Start minimizeSevpa. Operand 8 states and 11 transitions.
[2021-04-24 13:10:10,364 INFO  L88        GeneralOperation]: Finished minimizeSevpa. Reduced states from 8 to 7.
[2021-04-24 13:10:10,364 INFO  L82        GeneralOperation]: Start removeUnreachable. Operand 7 states.
[2021-04-24 13:10:10,364 INFO  L88        GeneralOperation]: Finished removeUnreachable. Reduced from 7 states to 7 states and 10 transitions.
[2021-04-24 13:10:10,365 INFO  L715         BuchiCegarLoop]: Abstraction has 7 states and 10 transitions.
[2021-04-24 13:10:10,365 INFO  L595         BuchiCegarLoop]: Abstraction has 7 states and 10 transitions.
[2021-04-24 13:10:10,365 INFO  L427         BuchiCegarLoop]: ======== Iteration 2============
[2021-04-24 13:10:10,365 INFO  L72            BuchiIsEmpty]: Start buchiIsEmpty. Operand 7 states and 10 transitions.
[2021-04-24 13:10:10,365 INFO  L131   ngComponentsAnalysis]: Automaton has 1 accepting balls. 2
[2021-04-24 13:10:10,365 INFO  L87            BuchiIsEmpty]: Finished buchiIsEmpty Result is false
[2021-04-24 13:10:10,366 INFO  L119           BuchiIsEmpty]: Starting construction of run
[2021-04-24 13:10:10,366 INFO  L853         BuchiCegarLoop]: Counterexample stem histogram [1, 1]
[2021-04-24 13:10:10,366 INFO  L854         BuchiCegarLoop]: Counterexample loop histogram [1, 1]
[2021-04-24 13:10:10,366 INFO  L794   eck$LassoCheckResult]: Stem: 63#ULTIMATE.startENTRY havoc main_#res;havoc main_#t~nondet0, main_~x~0;havoc main_~x~0;main_~x~0 := main_#t~nondet0;havoc main_#t~nondet0; 64#L18-2 assume !!(main_~x~0 <= 10); 66#L18 
[2021-04-24 13:10:10,366 INFO  L796   eck$LassoCheckResult]: Loop: 66#L18 assume !(main_~x~0 > 6); 65#L18-2 assume !!(main_~x~0 <= 10); 66#L18 
[2021-04-24 13:10:10,366 INFO  L144       PredicateUnifier]: Initialized classic predicate unifier
[2021-04-24 13:10:10,366 INFO  L82        PathProgramCache]: Analyzing trace with hash 1002, now seen corresponding path program 1 times
[2021-04-24 13:10:10,366 INFO  L162   FreeRefinementEngine]: Executing refinement strategy CAMEL
[2021-04-24 13:10:10,367 INFO  L353   FreeRefinementEngine]: Using trace check IpTcStrategyModuleSmtInterpolCraig [72677313]
[2021-04-24 13:10:10,367 INFO  L95    rtionOrderModulation]: Keeping assertion order NOT_INCREMENTALLY
[2021-04-24 13:10:10,369 INFO  L136    AnnotateAndAsserter]: Conjunction of SSA is sat
[2021-04-24 13:10:10,369 INFO  L221             TraceCheck]: Trace is feasible, we will do another trace check, this time with branch encoders.
[2021-04-24 13:10:10,370 INFO  L136    AnnotateAndAsserter]: Conjunction of SSA is sat
[2021-04-24 13:10:10,370 INFO  L221             TraceCheck]: Trace is feasible, we will do another trace check, this time with branch encoders.
[2021-04-24 13:10:10,371 INFO  L173   FreeRefinementEngine]: Strategy CAMEL found a feasible trace
[2021-04-24 13:10:10,371 INFO  L144       PredicateUnifier]: Initialized classic predicate unifier
[2021-04-24 13:10:10,371 INFO  L82        PathProgramCache]: Analyzing trace with hash 1436, now seen corresponding path program 1 times
[2021-04-24 13:10:10,372 INFO  L162   FreeRefinementEngine]: Executing refinement strategy CAMEL
[2021-04-24 13:10:10,372 INFO  L353   FreeRefinementEngine]: Using trace check IpTcStrategyModuleSmtInterpolCraig [1993138524]
[2021-04-24 13:10:10,372 INFO  L95    rtionOrderModulation]: Keeping assertion order NOT_INCREMENTALLY
[2021-04-24 13:10:10,375 INFO  L136    AnnotateAndAsserter]: Conjunction of SSA is sat
[2021-04-24 13:10:10,375 INFO  L221             TraceCheck]: Trace is feasible, we will do another trace check, this time with branch encoders.
[2021-04-24 13:10:10,376 INFO  L136    AnnotateAndAsserter]: Conjunction of SSA is sat
[2021-04-24 13:10:10,376 INFO  L221             TraceCheck]: Trace is feasible, we will do another trace check, this time with branch encoders.
[2021-04-24 13:10:10,376 INFO  L173   FreeRefinementEngine]: Strategy CAMEL found a feasible trace
[2021-04-24 13:10:10,377 INFO  L144       PredicateUnifier]: Initialized classic predicate unifier
[2021-04-24 13:10:10,377 INFO  L82        PathProgramCache]: Analyzing trace with hash 963397, now seen corresponding path program 1 times
[2021-04-24 13:10:10,377 INFO  L162   FreeRefinementEngine]: Executing refinement strategy CAMEL
[2021-04-24 13:10:10,377 INFO  L353   FreeRefinementEngine]: Using trace check IpTcStrategyModuleSmtInterpolCraig [1452818862]
[2021-04-24 13:10:10,377 INFO  L95    rtionOrderModulation]: Keeping assertion order NOT_INCREMENTALLY
[2021-04-24 13:10:10,379 INFO  L136    AnnotateAndAsserter]: Conjunction of SSA is sat
[2021-04-24 13:10:10,379 INFO  L221             TraceCheck]: Trace is feasible, we will do another trace check, this time with branch encoders.
[2021-04-24 13:10:10,381 INFO  L136    AnnotateAndAsserter]: Conjunction of SSA is sat
[2021-04-24 13:10:10,381 INFO  L221             TraceCheck]: Trace is feasible, we will do another trace check, this time with branch encoders.
[2021-04-24 13:10:10,381 INFO  L173   FreeRefinementEngine]: Strategy CAMEL found a feasible trace
[2021-04-24 13:10:10,406 INFO  L202        PluginConnector]: Adding new model de.uni_freiburg.informatik.ultimate.plugins.generator.buchiautomizer CFG 24.04 01:10:10 BoogieIcfgContainer
[2021-04-24 13:10:10,406 INFO  L132        PluginConnector]: ------------------------ END BuchiAutomizer----------------------------
[2021-04-24 13:10:10,407 INFO  L113        PluginConnector]: ------------------------Witness Printer----------------------------
[2021-04-24 13:10:10,407 INFO  L271        PluginConnector]: Initializing Witness Printer...
[2021-04-24 13:10:10,407 INFO  L275        PluginConnector]: Witness Printer initialized
[2021-04-24 13:10:10,407 INFO  L185        PluginConnector]: Executing the observer RCFGCatcher from plugin Witness Printer for "de.uni_freiburg.informatik.ultimate.plugins.generator.rcfgbuilder CFG 24.04 01:10:09" (3/4) ...
[2021-04-24 13:10:10,409 INFO  L134         WitnessPrinter]: Generating witness for non-termination counterexample
[2021-04-24 13:10:10,434 INFO  L141         WitnessManager]: Wrote witness to /home/magnago/benchmarks/software_nontermination/C/C_Integer/Stroeder_15/Urban-WST2013-Fig1_false-termination.c-witness.graphml
[2021-04-24 13:10:10,434 INFO  L132        PluginConnector]: ------------------------ END Witness Printer----------------------------
[2021-04-24 13:10:10,435 INFO  L168              Benchmark]: Toolchain (without parser) took 1183.33 ms. Allocated memory is still 545.3 MB. Free memory was 492.1 MB in the beginning and 439.6 MB in the end (delta: 52.5 MB). Peak memory consumption was 49.1 MB. Max. memory is 21.5 GB.
[2021-04-24 13:10:10,435 INFO  L168              Benchmark]: CDTParser took 0.11 ms. Allocated memory is still 545.3 MB. Free memory is still 509.1 MB. There was no memory consumed. Max. memory is 21.5 GB.
[2021-04-24 13:10:10,435 INFO  L168              Benchmark]: CACSL2BoogieTranslator took 159.29 ms. Allocated memory is still 545.3 MB. Free memory was 491.8 MB in the beginning and 521.4 MB in the end (delta: -29.6 MB). Peak memory consumption was 19.7 MB. Max. memory is 21.5 GB.
[2021-04-24 13:10:10,436 INFO  L168              Benchmark]: Boogie Procedure Inliner took 22.77 ms. Allocated memory is still 545.3 MB. Free memory was 521.0 MB in the beginning and 520.2 MB in the end (delta: 805.7 kB). There was no memory consumed. Max. memory is 21.5 GB.
[2021-04-24 13:10:10,436 INFO  L168              Benchmark]: Boogie Preprocessor took 13.05 ms. Allocated memory is still 545.3 MB. Free memory was 519.8 MB in the beginning and 519.0 MB in the end (delta: 816.6 kB). There was no memory consumed. Max. memory is 21.5 GB.
[2021-04-24 13:10:10,436 INFO  L168              Benchmark]: RCFGBuilder took 274.72 ms. Allocated memory is still 545.3 MB. Free memory was 519.0 MB in the beginning and 510.2 MB in the end (delta: 8.8 MB). Peak memory consumption was 8.4 MB. Max. memory is 21.5 GB.
[2021-04-24 13:10:10,436 INFO  L168              Benchmark]: BuchiAutomizer took 680.91 ms. Allocated memory is still 545.3 MB. Free memory was 510.2 MB in the beginning and 440.9 MB in the end (delta: 69.3 MB). Peak memory consumption was 71.3 MB. Max. memory is 21.5 GB.
[2021-04-24 13:10:10,437 INFO  L168              Benchmark]: Witness Printer took 26.80 ms. Allocated memory is still 545.3 MB. Free memory was 440.9 MB in the beginning and 439.6 MB in the end (delta: 1.3 MB). There was no memory consumed. Max. memory is 21.5 GB.
[2021-04-24 13:10:10,439 INFO  L339   ainManager$Toolchain]: #######################  End [Toolchain 1] #######################
 --- Results ---
 * Results from de.uni_freiburg.informatik.ultimate.core:
  - StatisticsResult: Toolchain Benchmarks
    Benchmark results are:
 * CDTParser took 0.11 ms. Allocated memory is still 545.3 MB. Free memory is still 509.1 MB. There was no memory consumed. Max. memory is 21.5 GB.
 * CACSL2BoogieTranslator took 159.29 ms. Allocated memory is still 545.3 MB. Free memory was 491.8 MB in the beginning and 521.4 MB in the end (delta: -29.6 MB). Peak memory consumption was 19.7 MB. Max. memory is 21.5 GB.
 * Boogie Procedure Inliner took 22.77 ms. Allocated memory is still 545.3 MB. Free memory was 521.0 MB in the beginning and 520.2 MB in the end (delta: 805.7 kB). There was no memory consumed. Max. memory is 21.5 GB.
 * Boogie Preprocessor took 13.05 ms. Allocated memory is still 545.3 MB. Free memory was 519.8 MB in the beginning and 519.0 MB in the end (delta: 816.6 kB). There was no memory consumed. Max. memory is 21.5 GB.
 * RCFGBuilder took 274.72 ms. Allocated memory is still 545.3 MB. Free memory was 519.0 MB in the beginning and 510.2 MB in the end (delta: 8.8 MB). Peak memory consumption was 8.4 MB. Max. memory is 21.5 GB.
 * BuchiAutomizer took 680.91 ms. Allocated memory is still 545.3 MB. Free memory was 510.2 MB in the beginning and 440.9 MB in the end (delta: 69.3 MB). Peak memory consumption was 71.3 MB. Max. memory is 21.5 GB.
 * Witness Printer took 26.80 ms. Allocated memory is still 545.3 MB. Free memory was 440.9 MB in the beginning and 439.6 MB in the end (delta: 1.3 MB). There was no memory consumed. Max. memory is 21.5 GB.
 * Results from de.uni_freiburg.informatik.ultimate.plugins.generator.traceabstraction:
  - StatisticsResult: Constructed decomposition of program
    Your program was decomposed into 1 terminating modules (0 trivial, 1 deterministic, 0 nondeterministic) and one nonterminating remainder module.One deterministic module has affine ranking function -1 * x + 11 and consists of 5 locations.  The remainder module has 7 locations.
  - StatisticsResult: Timing statistics
    B?chiAutomizer plugin needed 0.6s and 2 iterations.  TraceHistogramMax:1. Analysis of lassos took 0.4s. Construction of modules took 0.0s. B?chi inclusion checks took 0.0s. Highest rank in rank-based complementation 3. Minimization of det autom 0. Minimization of nondet autom 1. Automata minimization 0.0s AutomataMinimizationTime, 1 MinimizatonAttempts, 1 StatesRemovedByMinimization, 1 NontrivialMinimizations. Non-live state removal took 0.0s Buchi closure took 0.0s. Biggest automaton had 7 states and ocurred in iteration 1.	Nontrivial modules had stage [1, 0, 0, 0, 0].	InterpolantCoveringCapabilityFinite: 0/0	InterpolantCoveringCapabilityBuchi: 0/0	HoareTripleCheckerStatistics: 4 SDtfs, 7 SDslu, 6 SDs, 0 SdLazy, 10 SolverSat, 3 SolverUnsat, 0 SolverUnknown, 0 SolverNotchecked, 0.0s Time	LassoAnalysisResults: nont1 unkn0 SFLI0 SFLT1 conc0 concLT0 SILN0 SILU0 SILI0 SILT0 lasso0 LassoPreprocessingBenchmarks:   Lassos: inital13 mio100 ax192 hnf100 lsp51 ukn100 mio100 lsp100 div100 bol100 ite100 ukn100 eq146 hnf94 smp100 dnf100 smp100 tf111 neg100 sie110 LassoTerminationAnalysisBenchmarks: ConstraintsSatisfiability: unsat Degree: 0 Time: 16ms VariablesStem: 1 VariablesLoop: 0 DisjunctsStem: 1 DisjunctsLoop: 1 SupportingInvariants: 2 MotzkinApplications: 6 LassoTerminationAnalysisBenchmarks: LassoNonterminationAnalysisSatFixpoint: 2	LassoNonterminationAnalysisSatUnbounded: 0	LassoNonterminationAnalysisUnsat: 1	LassoNonterminationAnalysisUnknown: 0	LassoNonterminationAnalysisTime: 0.0s	
  - TerminationAnalysisResult: Nontermination possible
    Buchi Automizer proved that your program is nonterminating for some inputs
  - FixpointNonTerminationResult [Line: 18]: Nontermination argument in form of an infinite program execution.
    Nontermination argument in form of an infinite execution
State at position 0 is
{}
State at position 1 is
{org.eclipse.cdt.internal.core.dom.parser.c.CASTFunctionCallExpression@5c51c2db=0, \result=0, x=0}
  - StatisticsResult: NonterminationArgumentStatistics
    Fixpoint
  - NonterminatingLassoResult [Line: 18]: Nonterminating execution
    Found a nonterminating execution for the following lasso shaped sequence of statements.
Stem:
[L15]             int x;
[L16]             x = __VERIFIER_nondet_int()
[L17]  COND TRUE  x <= 10
Loop:
[L18]  COND FALSE  !(x > 6)
[L17]  COND TRUE   x <= 10
End of lasso representation.
RESULT: Ultimate proved your program to be incorrect!
Received shutdown request...
