*** This is nuXmv 2.0.0 (compiled on Sun Mar 14 22:37:19 2021)
*** Copyright (c) 2014-2021, Fondazione Bruno Kessler
*** For more information on nuXmv see https://nuxmv.fbk.eu
*** or email to <nuxmv@list.fbk.eu>.
*** Please report bugs at https://nuxmv.fbk.eu/bugs
*** (click on "Login Anonymously" to access)
*** Alternatively write to <nuxmv@list.fbk.eu>.

*** This version of nuXmv is linked to NuSMV 2.6.0.
*** For more information on NuSMV see <http://nusmv.fbk.eu>
*** or email to <nusmv-users@list.fbk.eu>.
*** Copyright (C) 2010-2021, Fondazione Bruno Kessler

*** This version of nuXmv is linked to the CUDD library version 2.4.1
*** Copyright (c) 1995-2004, Regents of the University of Colorado

*** This version of nuXmv is linked to the MiniSat SAT solver. 
*** See http://minisat.se/MiniSat.html
*** Copyright (c) 2003-2006, Niklas Een, Niklas Sorensson
*** Copyright (c) 2007-2010, Niklas Sorensson

*** This version of nuXmv is linked to MathSAT
*** Copyright (C) 2009-2019 by Fondazione Bruno Kessler
*** Copyright (C) 2009-2019 by University of Trento and others
*** See http://mathsat.fbk.eu

-- no counterexample found with bound 0
-- no counterexample found with bound 1
-- no counterexample found with bound 2
-- no counterexample found with bound 3
-- no counterexample found with bound 4
-- no counterexample found with bound 5
-- no counterexample found with bound 6
-- no counterexample found with bound 7
-- no counterexample found with bound 8
-- no counterexample found with bound 9
-- no counterexample found with bound 10
-- no counterexample found with bound 11
-- no counterexample found with bound 12
-- no counterexample found with bound 13
-- no counterexample found with bound 14
-- no counterexample found with bound 15
-- no counterexample found with bound 16
-- no counterexample found with bound 17
-- no counterexample found with bound 18
-- no counterexample found with bound 19
-- no counterexample found with bound 20
-- no counterexample found with bound 21
-- no counterexample found with bound 22
-- no counterexample found with bound 23
-- no counterexample found with bound 24
-- no counterexample found with bound 25
-- no counterexample found with bound 26
-- no counterexample found with bound 27
-- no counterexample found with bound 28
-- no counterexample found with bound 29
-- no counterexample found with bound 30
-- no counterexample found with bound 31
-- no counterexample found with bound 32
-- no counterexample found with bound 33
-- no counterexample found with bound 34
-- no counterexample found with bound 35
-- no counterexample found with bound 36
-- no counterexample found with bound 37
-- no counterexample found with bound 38
-- no counterexample found with bound 39
-- no counterexample found with bound 40
-- no counterexample found with bound 41
-- no counterexample found with bound 42
-- no counterexample found with bound 43
-- no counterexample found with bound 44
-- no counterexample found with bound 45
-- no counterexample found with bound 46
-- no counterexample found with bound 47
-- no counterexample found with bound 48
-- no counterexample found with bound 49
-- no counterexample found with bound 50
-- no counterexample found with bound 51
-- no counterexample found with bound 52
-- no counterexample found with bound 53
-- no counterexample found with bound 54
-- no counterexample found with bound 55
-- no counterexample found with bound 56
-- no counterexample found with bound 57
-- no counterexample found with bound 58
-- no counterexample found with bound 59
-- no counterexample found with bound 60
-- no counterexample found with bound 61
-- no counterexample found with bound 62
-- no counterexample found with bound 63
-- no counterexample found with bound 64
-- no counterexample found with bound 65
-- no counterexample found with bound 66
-- no counterexample found with bound 67
-- no counterexample found with bound 68
-- no counterexample found with bound 69
-- no counterexample found with bound 70
-- no counterexample found with bound 71
-- no counterexample found with bound 72
-- no counterexample found with bound 73
-- no counterexample found with bound 74
-- no counterexample found with bound 75
-- no counterexample found with bound 76
-- no counterexample found with bound 77
-- no counterexample found with bound 78
-- no counterexample found with bound 79
-- no counterexample found with bound 80
-- no counterexample found with bound 81
-- no counterexample found with bound 82
-- no counterexample found with bound 83
-- no counterexample found with bound 84
-- no counterexample found with bound 85
-- no counterexample found with bound 86
-- no counterexample found with bound 87
-- no counterexample found with bound 88
-- no counterexample found with bound 89
-- no counterexample found with bound 90
-- no counterexample found with bound 91
-- no counterexample found with bound 92
-- no counterexample found with bound 93
-- no counterexample found with bound 94
-- no counterexample found with bound 95
-- no counterexample found with bound 96
-- no counterexample found with bound 97
-- no counterexample found with bound 98
-- no counterexample found with bound 99
-- no counterexample found with bound 100
-- no counterexample found with bound 101
-- no counterexample found with bound 102
-- no counterexample found with bound 103
-- no counterexample found with bound 104
-- no counterexample found with bound 105
-- no counterexample found with bound 106
-- no counterexample found with bound 107
-- no counterexample found with bound 108
-- no counterexample found with bound 109
-- no counterexample found with bound 110
-- no counterexample found with bound 111
-- no counterexample found with bound 112
-- no counterexample found with bound 113
-- no counterexample found with bound 114
-- no counterexample found with bound 115
-- no counterexample found with bound 116
-- no counterexample found with bound 117
-- no counterexample found with bound 118
-- no counterexample found with bound 119
-- no counterexample found with bound 120
-- no counterexample found with bound 121
-- no counterexample found with bound 122
-- no counterexample found with bound 123
-- no counterexample found with bound 124
-- no counterexample found with bound 125
-- no counterexample found with bound 126
-- no counterexample found with bound 127
-- no counterexample found with bound 128
-- no counterexample found with bound 129
-- no counterexample found with bound 130
-- no counterexample found with bound 131
-- no counterexample found with bound 132
-- no counterexample found with bound 133
-- no counterexample found with bound 134
-- no counterexample found with bound 135
-- no counterexample found with bound 136
-- no counterexample found with bound 137
-- no counterexample found with bound 138
-- no counterexample found with bound 139
-- no counterexample found with bound 140
-- no counterexample found with bound 141
-- no counterexample found with bound 142
-- no counterexample found with bound 143
-- no counterexample found with bound 144
-- no counterexample found with bound 145
-- no counterexample found with bound 146
-- no counterexample found with bound 147
-- no counterexample found with bound 148
-- no counterexample found with bound 149
-- no counterexample found with bound 150
-- no counterexample found with bound 151
-- no counterexample found with bound 152
-- no counterexample found with bound 153
-- no counterexample found with bound 154
-- no counterexample found with bound 155
-- no counterexample found with bound 156
-- no counterexample found with bound 157
-- no counterexample found with bound 158
-- no counterexample found with bound 159
-- no counterexample found with bound 160
-- no counterexample found with bound 161
-- no counterexample found with bound 162
-- no counterexample found with bound 163
-- no counterexample found with bound 164
-- no counterexample found with bound 165
-- no counterexample found with bound 166
-- no counterexample found with bound 167
-- no counterexample found with bound 168
-- no counterexample found with bound 169
-- no counterexample found with bound 170
-- no counterexample found with bound 171
-- no counterexample found with bound 172
-- no counterexample found with bound 173
-- no counterexample found with bound 174
-- no counterexample found with bound 175
-- no counterexample found with bound 176
-- no counterexample found with bound 177
-- no counterexample found with bound 178
-- no counterexample found with bound 179
-- no counterexample found with bound 180
-- no counterexample found with bound 181
-- no counterexample found with bound 182
-- no counterexample found with bound 183
-- no counterexample found with bound 184
-- no counterexample found with bound 185
-- no counterexample found with bound 186
-- no counterexample found with bound 187
-- no counterexample found with bound 188
-- no counterexample found with bound 189
-- no counterexample found with bound 190
-- no counterexample found with bound 191
-- no counterexample found with bound 192
-- no counterexample found with bound 193
-- no counterexample found with bound 194
-- no counterexample found with bound 195
-- no counterexample found with bound 196
-- no counterexample found with bound 197
-- no counterexample found with bound 198
-- no counterexample found with bound 199
-- no counterexample found with bound 200
-- no counterexample found with bound 201
-- no counterexample found with bound 202
-- no counterexample found with bound 203
-- no counterexample found with bound 204
-- no counterexample found with bound 205
-- no counterexample found with bound 206
-- no counterexample found with bound 207
-- no counterexample found with bound 208
-- no counterexample found with bound 209
-- no counterexample found with bound 210
-- no counterexample found with bound 211
-- no counterexample found with bound 212
-- no counterexample found with bound 213
-- no counterexample found with bound 214
-- no counterexample found with bound 215
-- no counterexample found with bound 216
-- no counterexample found with bound 217
-- no counterexample found with bound 218
-- no counterexample found with bound 219
-- no counterexample found with bound 220
-- no counterexample found with bound 221
-- no counterexample found with bound 222
-- no counterexample found with bound 223
-- no counterexample found with bound 224
-- no counterexample found with bound 225
-- no counterexample found with bound 226
-- no counterexample found with bound 227
-- no counterexample found with bound 228
-- no counterexample found with bound 229
-- no counterexample found with bound 230
-- no counterexample found with bound 231
-- no counterexample found with bound 232
-- no counterexample found with bound 233
-- no counterexample found with bound 234
-- no counterexample found with bound 235
-- no counterexample found with bound 236
-- no counterexample found with bound 237
-- no counterexample found with bound 238
-- no counterexample found with bound 239
-- no counterexample found with bound 240
-- no counterexample found with bound 241
-- no counterexample found with bound 242
-- no counterexample found with bound 243
-- no counterexample found with bound 244
-- no counterexample found with bound 245
-- no counterexample found with bound 246
-- no counterexample found with bound 247
-- no counterexample found with bound 248
-- no counterexample found with bound 249
-- no counterexample found with bound 250
Interrupt
