Graph finished, checking  consistency
Graph finished, checked consistency, took 0.013s
Aborted 1617096579Exec. 9, LLVMNontermination with some error. Reason: java.lang.IllegalStateException: Tried to add contradictive relation!.
            aprove.InputModules.Programs.llvm.states.LLVMHeuristicState.addRelation(LLVMHeuristicState.java:382)
            aprove.InputModules.Programs.llvm.states.LLVMHeuristicState.addRelation(LLVMHeuristicState.java:55)
            aprove.InputModules.Programs.llvm.processors.LLVMNonterminationProcessor.computeConcreteState(LLVMNonterminationProcessor.java:267)
            aprove.InputModules.Programs.llvm.processors.LLVMNonterminationProcessor.computeGraphmlWitness(LLVMNonterminationProcessor.java:338)
            aprove.InputModules.Programs.llvm.processors.LLVMNonterminationProcessor.process(LLVMNonterminationProcessor.java:574)
            aprove.Strategies.ExecutableStrategies.Executor.execute(Executor.java:326)
            aprove.Strategies.ExecutableStrategies.Executor$Runner.wrappedRun(Executor.java:377)
            aprove.Strategies.Abortions.PooledJob.run(PooledJob.java:99)
            aprove.Strategies.Util.PrioritizableThreadPool$Worker.run(PrioritizableThreadPool.java:274)
            java.lang.Thread.run(Thread.java:748)
java.lang.IllegalStateException: Tried to add contradictive relation!
	at aprove.InputModules.Programs.llvm.states.LLVMHeuristicState.addRelation(LLVMHeuristicState.java:382)
	at aprove.InputModules.Programs.llvm.states.LLVMHeuristicState.addRelation(LLVMHeuristicState.java:55)
	at aprove.InputModules.Programs.llvm.processors.LLVMNonterminationProcessor.computeConcreteState(LLVMNonterminationProcessor.java:267)
	at aprove.InputModules.Programs.llvm.processors.LLVMNonterminationProcessor.computeGraphmlWitness(LLVMNonterminationProcessor.java:338)
	at aprove.InputModules.Programs.llvm.processors.LLVMNonterminationProcessor.process(LLVMNonterminationProcessor.java:574)
	at aprove.Strategies.ExecutableStrategies.Executor.execute(Executor.java:326)
	at aprove.Strategies.ExecutableStrategies.Executor$Runner.wrappedRun(Executor.java:377)
	at aprove.Strategies.Abortions.PooledJob.run(PooledJob.java:99)
	at aprove.Strategies.Util.PrioritizableThreadPool$Worker.run(PrioritizableThreadPool.java:274)
	at java.lang.Thread.run(Thread.java:748)
/home/run_aprove.sh: line 4: 55005 Killed                  java -Xms256m -Xmx20g -ea -jar /home/aprove.jar -w 1 -m wst $1

real 331.93
user 3658.33
sys	29.47