F3 run `dynamic_lynch_0002`

	Found non-termination argument:
	State 15
		p0_l1 = False
		p0_l0 = False
		inc_max_prop = True
		p0_l2 = True
		p0_l3 = False
		p1_l1 = False
		p1_l0 = False
		p1_evt = False
		p1_l2 = False
		p0_evt = True
		p1_l3 = False
		v1 = 1
		v2 = False
		_J622 = True
		_J616 = True
		_J610 = True
		_J604 = True
		_EL_U_577 = True
		proposed1 = 125/8
		_EL_U_579 = False
		_EL_U_582 = True
		_EL_U_584 = False
		(((-1.0 * max_prop) + p0_c) <= 0.0)
		(((-1.0 * p1_c) + max_prop) < 0.0)
		((-1.0 * max_prop) < -125/8)
		((-1.0 * max_prop) <= -125/8)
		(p0_c = 0.0)
		((-1.0 * proposed0) <= -125/8)
		(((-1.0 * proposed0) + max_prop) = 0.0)
		(_diverge_delta < 1.0)
		(delta = 0.0)
		((delta + _diverge_delta) < 1.0)
		((-1.0 * proposed0) <= 0.0)
	Trans 15 -- 16
		_x_p0_c = 0.0
		_x__diverge_delta = (delta + _diverge_delta)
		_x_p1_c = (delta + p1_c)
		_x_proposed0 = proposed0
		_x_delta = 0.0
		_x_max_prop = proposed0
	State 16
		p0_l1 = False
		p0_l0 = True
		inc_max_prop = True
		p0_l2 = True
		p0_l3 = False
		p1_l1 = False
		p1_l0 = False
		p1_evt = False
		p1_l2 = False
		p0_evt = True
		p1_l3 = False
		v1 = 1
		v2 = True
		_J622 = False
		_J616 = False
		_J610 = False
		_J604 = False
		_EL_U_577 = True
		proposed1 = 125/8
		_EL_U_579 = False
		_EL_U_582 = True
		_EL_U_584 = False
	Trans 16 -- 17
		_x_p0_c = p0_c
		_x__diverge_delta = (delta + _diverge_delta)
		_x_p1_c = (delta + p1_c)
		_x_proposed0 = proposed0
		_x_delta = 0.0
		_x_max_prop = proposed0
	State 17
		p0_l1 = True
		p0_l0 = False
		inc_max_prop = True
		p0_l2 = True
		p0_l3 = False
		p1_l1 = False
		p1_l0 = False
		p1_evt = False
		p1_l2 = False
		p0_evt = True
		p1_l3 = False
		v1 = 1
		v2 = True
		_J622 = True
		_J616 = False
		_J610 = True
		_J604 = False
		_EL_U_577 = True
		proposed1 = 125/8
		_EL_U_579 = False
		_EL_U_582 = True
		_EL_U_584 = False
	Trans 17 -- 18
		_x_p0_c = 0.0
		_x__diverge_delta = (delta + _diverge_delta)
		_x_p1_c = (delta + p1_c)
		_x_proposed0 = proposed0
		_x_delta = 0.0
		_x_max_prop = ((proposed0 * 2.0) + (-1.0 * max_prop))
	State 18
		p0_l1 = True
		p0_l0 = True
		inc_max_prop = True
		p0_l2 = True
		p0_l3 = False
		p1_l1 = False
		p1_l0 = False
		p1_evt = False
		p1_l2 = False
		p0_evt = True
		p1_l3 = False
		v1 = 1
		v2 = True
		_J622 = True
		_J616 = False
		_J610 = True
		_J604 = False
		_EL_U_577 = True
		proposed1 = 125/8
		_EL_U_579 = False
		_EL_U_582 = True
		_EL_U_584 = False
	Trans 18 -- 19
		_x_p0_c = 0.0
		_x__diverge_delta = (delta + _diverge_delta)
		_x_p1_c = (delta + p1_c)
		_x_proposed0 = proposed0
		_x_delta = 0.0
		_x_max_prop = proposed0
	State 19
		p0_l1 = False
		p0_l0 = False
		inc_max_prop = True
		p0_l2 = False
		p0_l3 = True
		p1_l1 = False
		p1_l0 = False
		p1_evt = False
		p1_l2 = False
		p0_evt = True
		p1_l3 = False
		v1 = 1
		v2 = False
		_J622 = True
		_J616 = False
		_J610 = True
		_J604 = False
		_EL_U_577 = True
		proposed1 = 125/8
		_EL_U_579 = False
		_EL_U_582 = True
		_EL_U_584 = False
	Trans 19 -- 20
		_x_p0_c = p0_c
		_x__diverge_delta = (delta + _diverge_delta)
		_x_p1_c = (delta + p1_c)
		_x_delta = 0.0
		_x_proposed0 = proposed0
		_x_max_prop = proposed0
	State 20
		p0_l1 = False
		p0_l0 = False
		inc_max_prop = True
		p0_l2 = False
		p0_l3 = False
		p1_l1 = False
		p1_l0 = False
		p1_evt = False
		p1_l2 = False
		p0_evt = True
		p1_l3 = False
		v1 = 0
		v2 = False
		_J622 = True
		_J616 = False
		_J610 = True
		_J604 = False
		_EL_U_577 = True
		proposed1 = 125/8
		_EL_U_579 = False
		_EL_U_582 = True
		_EL_U_584 = False
	Trans 20 -- 21
		_x_p0_c = 0.0
		_x__diverge_delta = (delta + _diverge_delta)
		_x_p1_c = (delta + p1_c)
		_x_delta = 0.0
		_x_proposed0 = proposed0
		_x_max_prop = proposed0
	State 21
		p0_l1 = False
		p0_l0 = True
		inc_max_prop = True
		p0_l2 = False
		p0_l3 = False
		p1_l1 = False
		p1_l0 = False
		p1_evt = False
		p1_l2 = False
		p0_evt = True
		p1_l3 = False
		v1 = 0
		v2 = False
		_J622 = True
		_J616 = False
		_J610 = True
		_J604 = False
		_EL_U_577 = True
		proposed1 = 125/8
		_EL_U_579 = False
		_EL_U_582 = True
		_EL_U_584 = False
	Trans 21 -- 22
		_x_p0_c = 0.0
		_x_proposed0 = proposed0
		_x__diverge_delta = (delta + _diverge_delta)
		_x_p1_c = (delta + p1_c)
		_x_max_prop = proposed0
		_x_delta = ((proposed0 * 1/8) + (p1_c * 4.0) + (-1.0 * _diverge_delta) + (max_prop * 1/2) + 1/4)
	State 22
		p0_l1 = True
		p0_l0 = False
		inc_max_prop = True
		p0_l2 = False
		p0_l3 = False
		p1_l1 = False
		p1_l0 = False
		p1_evt = True
		p1_l2 = False
		p0_evt = True
		p1_l3 = False
		v1 = 1
		v2 = False
		_J622 = True
		_J616 = False
		_J610 = True
		_J604 = False
		_EL_U_577 = True
		proposed1 = 125/8
		_EL_U_579 = False
		_EL_U_582 = True
		_EL_U_584 = False
		(((-1.0 * delta) + (-1.0 * p0_c) + proposed0) < 0.0)
		(((-1.0 * delta) + (-1.0 * _diverge_delta)) <= -1.0)
	Trans 22 -- 23
		_x__diverge_delta = (delta + _diverge_delta)
		_x_p1_c = (delta + p1_c)
		_x_delta = 0.0
		_x_proposed0 = proposed0
		_x_p0_c = (p0_c + delta)
		_x_max_prop = proposed0
	State 23
		p0_l1 = True
		p0_l0 = False
		inc_max_prop = True
		p0_l2 = False
		p0_l3 = False
		p1_l1 = False
		p1_l0 = False
		p1_evt = False
		p1_l2 = False
		p0_evt = True
		p1_l3 = False
		v1 = 1
		v2 = False
		_J622 = True
		_J616 = False
		_J610 = True
		_J604 = False
		_EL_U_577 = True
		proposed1 = 125/8
		_EL_U_579 = False
		_EL_U_582 = True
		_EL_U_584 = False
	Trans 23 -- 24
		_x_p0_c = p0_c
		_x_p1_c = (delta + p1_c)
		_x_delta = 0.0
		_x__diverge_delta = delta
		_x_max_prop = _x_proposed0
		_x_proposed0 = (((_diverge_delta * 1/8) + (p0_c * 1/2) + max_prop + 1.0) - ((proposed0 * 1153/8000) + (p1_c * 1/2)))
	State 24
		p0_l1 = True
		p0_l0 = True
		inc_max_prop = False
		p0_l2 = False
		p0_l3 = False
		p1_l1 = False
		p1_l0 = False
		p1_evt = False
		p1_l2 = False
		p0_evt = True
		p1_l3 = False
		v1 = 1
		v2 = False
		_J622 = True
		_J616 = True
		_J610 = True
		_J604 = False
		_EL_U_577 = True
		proposed1 = 125/8
		_EL_U_579 = False
		_EL_U_582 = True
		_EL_U_584 = False
		((-1.0 * proposed0) <= -125/8)
		(((-1.0 * delta) + (-1.0 * p1_c) + proposed0) < 0.0)
		((-1.0 * proposed0) < -125/8)
		((-1.0 * proposed0) <= 0.0)
	Trans 24 -- 25
		_x_p0_c = 0.0
		_x__diverge_delta = (delta + _diverge_delta)
		_x_p1_c = (delta + p1_c)
		_x_delta = 0.0
		_x_proposed0 = proposed0
		_x_max_prop = proposed0
	starting from: _diverge_delta : 0.0, delta : 0.0, max_prop : 127/8, p1_l1 : False, p1_l0 : False, p1_evt : False, p1_l2 : False, p0_evt : True, p1_l3 : False, v1 : 1, p1_c : 129/8, v2 : False, _J622 : True, _J616 : True, _J610 : True, _J604 : True, _EL_U_577 : True, proposed1 : 125/8, _EL_U_579 : False, _EL_U_582 : True, _EL_U_584 : False, p0_l1 : False, p0_l0 : False, p0_l2 : True, p0_l3 : False, p0_c : 0.0, proposed0 : 127/8, inc_max_prop : True

end of `dynamic_lynch_0002`: SUCCESS in 42.06882119178772s
