Creating empty 100MiB image file: /home/magnago/overlay/critical_region_0021.c.ext3
Formatting image with ext3 file system
Image is done: /home/magnago/overlay/critical_region_0021.c.ext3
This is Ultimate 0.2.1-origin.dev-f91880a
[2021-04-24 14:13:44,299 INFO  L177        SettingsManager]: Resetting all preferences to default values...
[2021-04-24 14:13:44,315 INFO  L181        SettingsManager]: Resetting UltimateCore preferences to default values
[2021-04-24 14:13:44,345 INFO  L184        SettingsManager]: Ultimate Commandline Interface provides no preferences, ignoring...
[2021-04-24 14:13:44,345 INFO  L181        SettingsManager]: Resetting Boogie Preprocessor preferences to default values
[2021-04-24 14:13:44,346 INFO  L181        SettingsManager]: Resetting Boogie Procedure Inliner preferences to default values
[2021-04-24 14:13:44,348 INFO  L181        SettingsManager]: Resetting Abstract Interpretation preferences to default values
[2021-04-24 14:13:44,349 INFO  L181        SettingsManager]: Resetting LassoRanker preferences to default values
[2021-04-24 14:13:44,351 INFO  L181        SettingsManager]: Resetting Reaching Definitions preferences to default values
[2021-04-24 14:13:44,352 INFO  L181        SettingsManager]: Resetting SyntaxChecker preferences to default values
[2021-04-24 14:13:44,352 INFO  L181        SettingsManager]: Resetting Sifa preferences to default values
[2021-04-24 14:13:44,353 INFO  L184        SettingsManager]: B?chi Program Product provides no preferences, ignoring...
[2021-04-24 14:13:44,354 INFO  L181        SettingsManager]: Resetting LTL2Aut preferences to default values
[2021-04-24 14:13:44,355 INFO  L181        SettingsManager]: Resetting PEA to Boogie preferences to default values
[2021-04-24 14:13:44,356 INFO  L181        SettingsManager]: Resetting BlockEncodingV2 preferences to default values
[2021-04-24 14:13:44,357 INFO  L181        SettingsManager]: Resetting ChcToBoogie preferences to default values
[2021-04-24 14:13:44,357 INFO  L181        SettingsManager]: Resetting AutomataScriptInterpreter preferences to default values
[2021-04-24 14:13:44,358 INFO  L181        SettingsManager]: Resetting BuchiAutomizer preferences to default values
[2021-04-24 14:13:44,360 INFO  L181        SettingsManager]: Resetting CACSL2BoogieTranslator preferences to default values
[2021-04-24 14:13:44,361 INFO  L181        SettingsManager]: Resetting CodeCheck preferences to default values
[2021-04-24 14:13:44,363 INFO  L181        SettingsManager]: Resetting InvariantSynthesis preferences to default values
[2021-04-24 14:13:44,364 INFO  L181        SettingsManager]: Resetting RCFGBuilder preferences to default values
[2021-04-24 14:13:44,365 INFO  L181        SettingsManager]: Resetting Referee preferences to default values
[2021-04-24 14:13:44,365 INFO  L181        SettingsManager]: Resetting TraceAbstraction preferences to default values
[2021-04-24 14:13:44,368 INFO  L184        SettingsManager]: TraceAbstractionConcurrent provides no preferences, ignoring...
[2021-04-24 14:13:44,368 INFO  L184        SettingsManager]: TraceAbstractionWithAFAs provides no preferences, ignoring...
[2021-04-24 14:13:44,369 INFO  L181        SettingsManager]: Resetting TreeAutomizer preferences to default values
[2021-04-24 14:13:44,369 INFO  L181        SettingsManager]: Resetting IcfgToChc preferences to default values
[2021-04-24 14:13:44,370 INFO  L181        SettingsManager]: Resetting IcfgTransformer preferences to default values
[2021-04-24 14:13:44,371 INFO  L184        SettingsManager]: ReqToTest provides no preferences, ignoring...
[2021-04-24 14:13:44,371 INFO  L181        SettingsManager]: Resetting Boogie Printer preferences to default values
[2021-04-24 14:13:44,372 INFO  L181        SettingsManager]: Resetting ChcSmtPrinter preferences to default values
[2021-04-24 14:13:44,372 INFO  L181        SettingsManager]: Resetting ReqPrinter preferences to default values
[2021-04-24 14:13:44,373 INFO  L181        SettingsManager]: Resetting Witness Printer preferences to default values
[2021-04-24 14:13:44,374 INFO  L184        SettingsManager]: Boogie PL CUP Parser provides no preferences, ignoring...
[2021-04-24 14:13:44,374 INFO  L181        SettingsManager]: Resetting CDTParser preferences to default values
[2021-04-24 14:13:44,375 INFO  L184        SettingsManager]: AutomataScriptParser provides no preferences, ignoring...
[2021-04-24 14:13:44,375 INFO  L184        SettingsManager]: ReqParser provides no preferences, ignoring...
[2021-04-24 14:13:44,375 INFO  L181        SettingsManager]: Resetting SmtParser preferences to default values
[2021-04-24 14:13:44,376 INFO  L181        SettingsManager]: Resetting Witness Parser preferences to default values
[2021-04-24 14:13:44,376 INFO  L188        SettingsManager]: Finished resetting all preferences to default values...
[2021-04-24 14:13:44,377 INFO  L101        SettingsManager]: Beginning loading settings from /home/singularity/UAutomizer-linux/config/svcomp-LTL-64bit-Automizer_Default.epf
[2021-04-24 14:13:44,395 INFO  L113        SettingsManager]: Loading preferences was successful
[2021-04-24 14:13:44,395 INFO  L115        SettingsManager]: Preferences different from defaults after loading the file:
[2021-04-24 14:13:44,396 INFO  L136        SettingsManager]: Preferences of BlockEncodingV2 differ from their defaults:
[2021-04-24 14:13:44,396 INFO  L138        SettingsManager]:  * Minimize states even if more edges are added than removed.=true
[2021-04-24 14:13:44,396 INFO  L138        SettingsManager]:  * Rewrite not-equals=true
[2021-04-24 14:13:44,396 INFO  L138        SettingsManager]:  * Create parallel compositions if possible=false
[2021-04-24 14:13:44,396 INFO  L138        SettingsManager]:  * Minimize states using LBE with the strategy=NONE
[2021-04-24 14:13:44,396 INFO  L138        SettingsManager]:  * Use SBE=true
[2021-04-24 14:13:44,396 INFO  L136        SettingsManager]: Preferences of BuchiAutomizer differ from their defaults:
[2021-04-24 14:13:44,396 INFO  L138        SettingsManager]:  * Compute Interpolants along a Counterexample=Craig_TreeInterpolation
[2021-04-24 14:13:44,397 INFO  L138        SettingsManager]:  * Use old map elimination=false
[2021-04-24 14:13:44,397 INFO  L138        SettingsManager]:  * Try twofold refinement=false
[2021-04-24 14:13:44,397 INFO  L136        SettingsManager]: Preferences of CACSL2BoogieTranslator differ from their defaults:
[2021-04-24 14:13:44,397 INFO  L138        SettingsManager]:  * Check unreachability of error function in SV-COMP mode=false
[2021-04-24 14:13:44,397 INFO  L138        SettingsManager]:  * Overapproximate operations on floating types=true
[2021-04-24 14:13:44,397 INFO  L138        SettingsManager]:  * Check division by zero=IGNORE
[2021-04-24 14:13:44,397 INFO  L138        SettingsManager]:  * Pointer to allocated memory at dereference=ASSUME
[2021-04-24 14:13:44,397 INFO  L138        SettingsManager]:  * If two pointers are subtracted or compared they have the same base address=ASSUME
[2021-04-24 14:13:44,397 INFO  L138        SettingsManager]:  * Check array bounds for arrays that are off heap=ASSUME
[2021-04-24 14:13:44,398 INFO  L138        SettingsManager]:  * Check if freed pointer was valid=false
[2021-04-24 14:13:44,398 INFO  L138        SettingsManager]:  * Use constant arrays=true
[2021-04-24 14:13:44,398 INFO  L138        SettingsManager]:  * Pointer base address is valid at dereference=ASSUME
[2021-04-24 14:13:44,398 INFO  L136        SettingsManager]: Preferences of RCFGBuilder differ from their defaults:
[2021-04-24 14:13:44,398 INFO  L138        SettingsManager]:  * Size of a code block=SingleStatement
[2021-04-24 14:13:44,398 INFO  L138        SettingsManager]:  * SMT solver=Internal_SMTInterpol
Applying setting for plugin de.uni_freiburg.informatik.ultimate.plugins.generator.cacsl2boogietranslator: Overapproximate operations on floating types -> false
Applying setting for plugin de.uni_freiburg.informatik.ultimate.plugins.generator.cacsl2boogietranslator: Assume nondeterminstic values are in range -> false
[2021-04-24 14:13:44,593 INFO  L75    nceAwareModelManager]: Repository-Root is: /tmp
[2021-04-24 14:13:44,622 INFO  L261   ainManager$Toolchain]: [Toolchain 1]: Applicable parser(s) successfully (re)initialized
[2021-04-24 14:13:44,624 INFO  L217   ainManager$Toolchain]: [Toolchain 1]: Toolchain selected.
[2021-04-24 14:13:44,625 INFO  L271        PluginConnector]: Initializing CDTParser...
[2021-04-24 14:13:44,625 INFO  L275        PluginConnector]: CDTParser initialized
[2021-04-24 14:13:44,626 INFO  L432   ainManager$Toolchain]: [Toolchain 1]: Parsing single file: /home/magnago/benchmarks/ltl_timed_automata/critical_region/ultimate/critical_region_0021.c
[2021-04-24 14:13:44,677 INFO  L220              CDTParser]: Created temporary CDT project at /home/singularity/ebce6effd7224b74a1f94fbfab26fc8f/FLAG861c2174b
!SESSION 2021-04-24 14:13:42.597 -----------------------------------------------
eclipse.buildId=unknown
java.version=11.0.10
java.vendor=Ubuntu
BootLoader constants: OS=linux, ARCH=x86_64, WS=gtk, NL=en_US
Framework arguments:  --console -tc /home/singularity/UAutomizer-linux/config/AutomizerLTL.xml -s /home/singularity/UAutomizer-linux/config/svcomp-LTL-64bit-Automizer_Default.epf --cacsl2boogietranslator.overapproximate.operations.on.floating.types=false --cacsl2boogietranslator.assume.nondeterminstic.values.are.in.range false -i /home/magnago/benchmarks/ltl_timed_automata/critical_region/ultimate/critical_region_0021.c
Command-line arguments:  -os linux -ws gtk -arch x86_64 -consoleLog --console -data @user.home/.ultimate -tc /home/singularity/UAutomizer-linux/config/AutomizerLTL.xml -s /home/singularity/UAutomizer-linux/config/svcomp-LTL-64bit-Automizer_Default.epf -data /home/singularity --cacsl2boogietranslator.overapproximate.operations.on.floating.types=false --cacsl2boogietranslator.assume.nondeterminstic.values.are.in.range false -i /home/magnago/benchmarks/ltl_timed_automata/critical_region/ultimate/critical_region_0021.c

!ENTRY org.eclipse.cdt.core 1 0 2021-04-24 14:13:44.909
!MESSAGE Indexed 'FLAG861c2174b' (0 sources, 0 headers) in 0.005 sec: 0 declarations; 0 references; 0 unresolved inclusions; 0 syntax errors; 0 unresolved names (0%)
[2021-04-24 14:13:45,257 INFO  L306              CDTParser]: Found 1 translation units.
[2021-04-24 14:13:45,257 INFO  L160              CDTParser]: Scanning /home/magnago/benchmarks/ltl_timed_automata/critical_region/ultimate/critical_region_0021.c
[2021-04-24 14:13:45,317 INFO  L349              CDTParser]: About to delete temporary CDT project at /home/singularity/ebce6effd7224b74a1f94fbfab26fc8f/FLAG861c2174b
[2021-04-24 14:13:45,706 INFO  L357              CDTParser]: Successfully deleted /home/singularity/ebce6effd7224b74a1f94fbfab26fc8f
[2021-04-24 14:13:45,708 INFO  L299   ainManager$Toolchain]: ####################### [Toolchain 1] #######################
[2021-04-24 14:13:45,709 INFO  L131        ToolchainWalker]: Walking toolchain with 7 elements.
[2021-04-24 14:13:45,710 INFO  L113        PluginConnector]: ------------------------CACSL2BoogieTranslator----------------------------
[2021-04-24 14:13:45,711 INFO  L271        PluginConnector]: Initializing CACSL2BoogieTranslator...
[2021-04-24 14:13:45,712 INFO  L275        PluginConnector]: CACSL2BoogieTranslator initialized
[2021-04-24 14:13:45,713 INFO  L185        PluginConnector]: Executing the observer ACSLObjectContainerObserver from plugin CACSL2BoogieTranslator for "CDTParser AST 24.04 02:13:45" (1/1) ...
[2021-04-24 14:13:45,714 INFO  L205        PluginConnector]: Invalid model from CACSL2BoogieTranslator for observer de.uni_freiburg.informatik.ultimate.plugins.generator.cacsl2boogietranslator.ACSLObjectContainerObserver@2f440b99 and model type de.uni_freiburg.informatik.ultimate.plugins.generator.cacsl2boogietranslator AST 24.04 02:13:45, skipping insertion in model container
[2021-04-24 14:13:45,714 INFO  L185        PluginConnector]: Executing the observer CACSL2BoogieTranslatorObserver from plugin CACSL2BoogieTranslator for "CDTParser AST 24.04 02:13:45" (1/1) ...
[2021-04-24 14:13:45,719 INFO  L145         MainTranslator]: Starting translation in SV-COMP mode 
[2021-04-24 14:13:45,793 INFO  L178         MainTranslator]: Built tables and reachable declarations
[2021-04-24 14:13:46,371 INFO  L206          PostProcessor]: Analyzing one entry point: main
[2021-04-24 14:13:46,377 INFO  L203         MainTranslator]: Completed pre-run
[2021-04-24 14:13:46,678 INFO  L206          PostProcessor]: Analyzing one entry point: main
[2021-04-24 14:13:46,693 INFO  L208         MainTranslator]: Completed translation
[2021-04-24 14:13:46,694 INFO  L202        PluginConnector]: Adding new model de.uni_freiburg.informatik.ultimate.plugins.generator.cacsl2boogietranslator AST 24.04 02:13:46 WrapperNode
[2021-04-24 14:13:46,694 INFO  L132        PluginConnector]: ------------------------ END CACSL2BoogieTranslator----------------------------
[2021-04-24 14:13:46,694 INFO  L113        PluginConnector]: ------------------------Boogie Preprocessor----------------------------
[2021-04-24 14:13:46,695 INFO  L271        PluginConnector]: Initializing Boogie Preprocessor...
[2021-04-24 14:13:46,695 INFO  L275        PluginConnector]: Boogie Preprocessor initialized
[2021-04-24 14:13:46,702 INFO  L185        PluginConnector]: Executing the observer EnsureBoogieModelObserver from plugin Boogie Preprocessor for "de.uni_freiburg.informatik.ultimate.plugins.generator.cacsl2boogietranslator AST 24.04 02:13:46" (1/1) ...
[2021-04-24 14:13:46,702 INFO  L185        PluginConnector]: Executing the observer TypeChecker from plugin Boogie Preprocessor for "de.uni_freiburg.informatik.ultimate.plugins.generator.cacsl2boogietranslator AST 24.04 02:13:46" (1/1) ...
[2021-04-24 14:13:46,724 INFO  L185        PluginConnector]: Executing the observer ConstExpander from plugin Boogie Preprocessor for "de.uni_freiburg.informatik.ultimate.plugins.generator.cacsl2boogietranslator AST 24.04 02:13:46" (1/1) ...
[2021-04-24 14:13:46,724 INFO  L185        PluginConnector]: Executing the observer StructExpander from plugin Boogie Preprocessor for "de.uni_freiburg.informatik.ultimate.plugins.generator.cacsl2boogietranslator AST 24.04 02:13:46" (1/1) ...
[2021-04-24 14:13:46,766 INFO  L185        PluginConnector]: Executing the observer UnstructureCode from plugin Boogie Preprocessor for "de.uni_freiburg.informatik.ultimate.plugins.generator.cacsl2boogietranslator AST 24.04 02:13:46" (1/1) ...
[2021-04-24 14:13:46,770 INFO  L185        PluginConnector]: Executing the observer FunctionInliner from plugin Boogie Preprocessor for "de.uni_freiburg.informatik.ultimate.plugins.generator.cacsl2boogietranslator AST 24.04 02:13:46" (1/1) ...
[2021-04-24 14:13:46,785 INFO  L185        PluginConnector]: Executing the observer BoogieSymbolTableConstructor from plugin Boogie Preprocessor for "de.uni_freiburg.informatik.ultimate.plugins.generator.cacsl2boogietranslator AST 24.04 02:13:46" (1/1) ...
[2021-04-24 14:13:46,799 INFO  L132        PluginConnector]: ------------------------ END Boogie Preprocessor----------------------------
[2021-04-24 14:13:46,800 INFO  L113        PluginConnector]: ------------------------RCFGBuilder----------------------------
[2021-04-24 14:13:46,800 INFO  L271        PluginConnector]: Initializing RCFGBuilder...
[2021-04-24 14:13:46,800 INFO  L275        PluginConnector]: RCFGBuilder initialized
[2021-04-24 14:13:46,801 INFO  L185        PluginConnector]: Executing the observer RCFGBuilderObserver from plugin RCFGBuilder for "de.uni_freiburg.informatik.ultimate.plugins.generator.cacsl2boogietranslator AST 24.04 02:13:46" (1/1) ...
[2021-04-24 14:13:46,869 INFO  L138     BoogieDeclarations]: Found implementation of procedure ULTIMATE.init
[2021-04-24 14:13:46,869 INFO  L138     BoogieDeclarations]: Found implementation of procedure ULTIMATE.start
[2021-04-24 14:13:46,869 INFO  L138     BoogieDeclarations]: Found implementation of procedure __VERIFIER_nondet_bool
[2021-04-24 14:13:46,869 INFO  L138     BoogieDeclarations]: Found implementation of procedure main
[2021-04-24 14:13:46,869 INFO  L130     BoogieDeclarations]: Found specification of procedure __VERIFIER_nondet_float
[2021-04-24 14:13:46,869 INFO  L130     BoogieDeclarations]: Found specification of procedure __VERIFIER_nondet_int
[2021-04-24 14:13:46,869 INFO  L130     BoogieDeclarations]: Found specification of procedure __VERIFIER_nondet_bool
[2021-04-24 14:13:46,870 INFO  L130     BoogieDeclarations]: Found specification of procedure main
[2021-04-24 14:13:46,870 INFO  L130     BoogieDeclarations]: Found specification of procedure ULTIMATE.init
[2021-04-24 14:13:46,870 INFO  L130     BoogieDeclarations]: Found specification of procedure ULTIMATE.start
[2021-04-24 14:13:47,853 INFO  L294             CfgBuilder]: Using the 1 location(s) as analysis (start of procedure ULTIMATE.start)
[2021-04-24 14:13:47,854 INFO  L299             CfgBuilder]: Removed 1 assume(true) statements.
[2021-04-24 14:13:47,856 INFO  L202        PluginConnector]: Adding new model de.uni_freiburg.informatik.ultimate.plugins.generator.rcfgbuilder CFG 24.04 02:13:47 BoogieIcfgContainer
[2021-04-24 14:13:47,856 INFO  L132        PluginConnector]: ------------------------ END RCFGBuilder----------------------------
[2021-04-24 14:13:47,856 INFO  L113        PluginConnector]: ------------------------LTL2Aut----------------------------
[2021-04-24 14:13:47,857 INFO  L271        PluginConnector]: Initializing LTL2Aut...
[2021-04-24 14:13:47,858 INFO  L275        PluginConnector]: LTL2Aut initialized
[2021-04-24 14:13:47,859 INFO  L185        PluginConnector]: Executing the observer LTL2autObserver from plugin LTL2Aut for "de.uni_freiburg.informatik.ultimate.plugins.generator.cacsl2boogietranslator AST 24.04 02:13:46" (2/3) ...
No working directory specified, using /usr/bin/ltl2ba
Starting monitored process 1 with ltl2ba -f ! ( ( ( [] ( <> ( a ) ) || ! ( [] ( b ) ) ) || ! ( [] ( <> ( c ) ) ) ) )  (exit command is null, workingDir is null)
[2021-04-24 14:13:47,897 INFO  L125        LTL2autObserver]: LTL Property is: ((G(F((1 == ~id~0))) || !(G((!(!(0 != ~pc0_l2~0) && 0 != ~pc0_l0~0 && 0 != ~pc0_l1~0) || !(!(0 != ~pc1_l2~0) && 0 != ~pc1_l0~0 && 0 != ~pc1_l1~0))))) || !(G(F((1.0 <= ~_diverge_delta~0)))))
[2021-04-24 14:13:47,898 INFO  L202        PluginConnector]: Adding new model Hardcoded de.uni_freiburg.informatik.ultimate.ltl2aut AST 24.04 02:13:47 NWAContainer
[2021-04-24 14:13:47,898 INFO  L132        PluginConnector]: ------------------------ END LTL2Aut----------------------------
[2021-04-24 14:13:47,898 INFO  L113        PluginConnector]: ------------------------B?chi Program Product----------------------------
[2021-04-24 14:13:47,898 INFO  L271        PluginConnector]: Initializing B?chi Program Product...
[2021-04-24 14:13:47,899 INFO  L275        PluginConnector]: B?chi Program Product initialized
[2021-04-24 14:13:47,899 INFO  L185        PluginConnector]: Executing the observer BuchiProductObserver from plugin B?chi Program Product for "de.uni_freiburg.informatik.ultimate.plugins.generator.rcfgbuilder CFG 24.04 02:13:47" (3/4) ...
[2021-04-24 14:13:47,900 INFO  L205        PluginConnector]: Invalid model from B?chi Program Product for observer de.uni_freiburg.informatik.ultimate.buchiprogramproduct.BuchiProductObserver@e7966bd and model type LTL+Program Product de.uni_freiburg.informatik.ultimate.buchiprogramproduct OTHER 24.04 02:13:47, skipping insertion in model container
[2021-04-24 14:13:47,900 INFO  L185        PluginConnector]: Executing the observer BuchiProductObserver from plugin B?chi Program Product for "Hardcoded de.uni_freiburg.informatik.ultimate.ltl2aut AST 24.04 02:13:47" (4/4) ...
[2021-04-24 14:13:47,902 INFO  L104   BuchiProductObserver]: Initial property automaton 3 locations, 6 edges
[2021-04-24 14:13:47,905 INFO  L110   BuchiProductObserver]: Initial RCFG 1713 locations, 2395 edges
[2021-04-24 14:13:47,906 INFO  L93    BuchiProductObserver]: Beginning generation of product automaton
[2021-04-24 14:13:47,913 INFO  L132       ProductGenerator]: The program has no step specification, so we assume maximum atomicity
[2021-04-24 14:13:52,015 INFO  L97    BuchiProductObserver]: Finished generation of product automaton successfully
[2021-04-24 14:13:52,026 INFO  L110   BuchiProductObserver]: BuchiProgram size 6389 locations, 13406 edges
[2021-04-24 14:13:52,027 INFO  L202        PluginConnector]: Adding new model LTL+Program Product de.uni_freiburg.informatik.ultimate.buchiprogramproduct OTHER 24.04 02:13:52 BoogieIcfgContainer
[2021-04-24 14:13:52,027 INFO  L132        PluginConnector]: ------------------------ END B?chi Program Product----------------------------
[2021-04-24 14:13:52,027 INFO  L113        PluginConnector]: ------------------------BlockEncodingV2----------------------------
[2021-04-24 14:13:52,027 INFO  L271        PluginConnector]: Initializing BlockEncodingV2...
[2021-04-24 14:13:52,029 INFO  L275        PluginConnector]: BlockEncodingV2 initialized
[2021-04-24 14:13:52,030 INFO  L185        PluginConnector]: Executing the observer BlockEncodingObserver from plugin BlockEncodingV2 for "LTL+Program Product de.uni_freiburg.informatik.ultimate.buchiprogramproduct OTHER 24.04 02:13:52" (1/1) ...
[2021-04-24 14:13:52,265 INFO  L313           BlockEncoder]: Initial Icfg 6389 locations, 13406 edges
[2021-04-24 14:13:52,265 INFO  L258           BlockEncoder]: Using Remove infeasible edges
[2021-04-24 14:13:52,265 INFO  L263           BlockEncoder]: Using Maximize final states
[2021-04-24 14:13:52,266 INFO  L270           BlockEncoder]: Using Minimize states even if more edges are added than removed.=true
[2021-04-24 14:13:52,266 INFO  L296           BlockEncoder]: Using Remove sink states
[2021-04-24 14:13:52,266 INFO  L171           BlockEncoder]: Using Apply optimizations until nothing changes=true
[2021-04-24 14:13:52,266 INFO  L179           BlockEncoder]: Using Rewrite not-equals
