F3 run `bakery_simple_bug_0029`

	Found non-termination argument:
	State 5
		num11 = 0
		num23 = 0
		num12 = 0
		num19 = 0
		num27 = 0
		num13 = 0
		num24 = 0
		num14 = 0
		num20 = 0
		num15 = 0
		num28 = 0
		num21 = 0
		num25 = 0
		num16 = 0
		num5 = 0
		num3 = 0
		num4 = 0
		num7 = 0
		num1 = 0
		num6 = 0
		num17 = 0
		num22 = 0
		num9 = 0
		num26 = 0
		num2 = 0
		num8 = 0
		num10 = 0
		num18 = 0
		p12_l0 = False
		p19_l1 = False
		p19_l0 = False
		p27_l1 = False
		p27_l0 = False
		p24_l1 = False
		p24_l0 = False
		p14_l1 = False
		p14_l0 = False
		p21_l1 = False
		p21_l0 = False
		p16_l1 = False
		p16_l0 = False
		_J3256 = True
		_J3265 = True
		_J3250 = True
		_J3245 = True
		p3_l1 = False
		_J3239 = True
		p1_l1 = False
		p1_l0 = False
		_EL_U_3208 = True
		p3_l0 = False
		_EL_U_3209 = True
		p5_l1 = False
		p9_l1 = False
		p9_l0 = False
		_EL_U_3212 = False
		p26_l1 = False
		_EL_U_3214 = False
		p26_l0 = False
		p18_l1 = False
		_EL_U_3216 = True
		p18_l0 = False
		p11_l1 = False
		p11_l0 = False
		run4 = False
		p23_l1 = False
		p23_l0 = False
		p8_l1 = False
		p13_l1 = False
		p13_l0 = False
		p20_l1 = False
		p20_l0 = False
		p15_l1 = False
		p15_l0 = False
		p28_l1 = False
		p28_l0 = False
		p25_l1 = False
		p25_l0 = False
		p0_l1 = False
		p5_l0 = False
		p0_l0 = True
		run1 = False
		run0 = False
		p4_l1 = False
		p2_l1 = False
		p2_l0 = False
		p4_l0 = False
		p17_l1 = False
		p17_l0 = False
		p6_l1 = False
		p6_l0 = False
		run2 = False
		p7_l1 = False
		run3 = False
		p22_l1 = False
		p22_l0 = False
		p10_l1 = False
		p10_l0 = False
		p7_l0 = False
		p8_l0 = False
		p12_l1 = False
		((-1 * num0) < 2)
		((-1 * num0) <= 2)
		((-1 * num0) <= 0)
		(((-1 * num0) + max_num) = 0)
		((-1 * num0) <= 1)
		(((-1 * num0) + min_num) = 0)
		((-1 * max_num) <= 0)
		((-1 * num0) < 0)
		((-1 * max_num) < 0)
		((-1 * min_num) < 0)
		((-1 * num0) < 1)
		(((-1 * max_num) + (-1 * num0) + (min_num * 2)) <= 0)
	Trans 5 -- 6
		_x_num0 = num0
		_x_min_num = num0
		_x_max_num = num0
	State 6
		num11 = 0
		num23 = 0
		num12 = 0
		num19 = 0
		num27 = 0
		num13 = 0
		num24 = 0
		num14 = 0
		num20 = 0
		num15 = 0
		num28 = 0
		num21 = 0
		num25 = 0
		num16 = 0
		num5 = 0
		num3 = 0
		num4 = 0
		num7 = 0
		num1 = 0
		num6 = 0
		num17 = 0
		num22 = 0
		num9 = 0
		num26 = 0
		num2 = 0
		num8 = 0
		num10 = 0
		num18 = 0
		p12_l0 = False
		p19_l1 = False
		p19_l0 = False
		p27_l1 = False
		p27_l0 = False
		p24_l1 = False
		p24_l0 = False
		p14_l1 = False
		p14_l0 = False
		p21_l1 = False
		p21_l0 = False
		p16_l1 = False
		p16_l0 = False
		_J3256 = False
		_J3265 = False
		_J3250 = False
		_J3245 = False
		p3_l1 = False
		_J3239 = False
		p1_l1 = False
		p1_l0 = False
		_EL_U_3208 = True
		p3_l0 = False
		_EL_U_3209 = True
		p5_l1 = False
		p9_l1 = False
		p9_l0 = False
		_EL_U_3212 = False
		p26_l1 = False
		_EL_U_3214 = False
		p26_l0 = False
		p18_l1 = False
		_EL_U_3216 = True
		p18_l0 = False
		p11_l1 = False
		p11_l0 = False
		run4 = False
		p23_l1 = False
		p23_l0 = False
		p8_l1 = False
		p13_l1 = False
		p13_l0 = False
		p20_l1 = False
		p20_l0 = False
		p15_l1 = False
		p15_l0 = False
		p28_l1 = False
		p28_l0 = False
		p25_l1 = False
		p25_l0 = False
		p0_l1 = True
		p5_l0 = False
		p0_l0 = False
		run1 = False
		run0 = False
		p4_l1 = False
		p2_l1 = False
		p2_l0 = False
		p4_l0 = False
		p17_l1 = False
		p17_l0 = False
		p6_l1 = False
		p6_l0 = False
		run2 = False
		p7_l1 = False
		run3 = False
		p22_l1 = False
		p22_l0 = False
		p10_l1 = False
		p10_l0 = False
		p7_l0 = False
		p8_l0 = False
		p12_l1 = False
	Trans 6 -- 7
		_x_num0 = num0
		_x_min_num = num0
		_x_max_num = num0
	State 7
		num11 = 0
		num23 = 0
		num12 = 0
		num19 = 0
		num27 = 0
		num13 = 0
		num24 = 0
		num14 = 0
		num20 = 0
		num15 = 0
		num28 = 0
		num21 = 0
		num25 = 0
		num16 = 0
		num5 = 0
		num3 = 0
		num4 = 0
		num7 = 0
		num1 = 0
		num6 = 0
		num17 = 0
		num22 = 0
		num9 = 0
		num26 = 0
		num2 = 0
		num8 = 0
		num10 = 0
		num18 = 0
		p12_l0 = False
		p19_l1 = False
		p19_l0 = False
		p27_l1 = False
		p27_l0 = False
		p24_l1 = False
		p24_l0 = False
		p14_l1 = False
		p14_l0 = False
		p21_l1 = False
		p21_l0 = False
		p16_l1 = False
		p16_l0 = False
		_J3256 = True
		_J3265 = True
		_J3250 = False
		_J3245 = True
		p3_l1 = False
		_J3239 = True
		p1_l1 = False
		p1_l0 = False
		_EL_U_3208 = True
		p3_l0 = False
		_EL_U_3209 = True
		p5_l1 = False
		p9_l1 = False
		p9_l0 = False
		_EL_U_3212 = False
		p26_l1 = False
		_EL_U_3214 = False
		p26_l0 = False
		p18_l1 = False
		_EL_U_3216 = True
		p18_l0 = False
		p11_l1 = False
		p11_l0 = False
		run4 = False
		p23_l1 = False
		p23_l0 = False
		p8_l1 = False
		p13_l1 = False
		p13_l0 = False
		p20_l1 = False
		p20_l0 = False
		p15_l1 = False
		p15_l0 = False
		p28_l1 = False
		p28_l0 = False
		p25_l1 = False
		p25_l0 = False
		p0_l1 = True
		p5_l0 = False
		p0_l0 = True
		run1 = False
		run0 = False
		p4_l1 = False
		p2_l1 = False
		p2_l0 = False
		p4_l0 = False
		p17_l1 = False
		p17_l0 = False
		p6_l1 = False
		p6_l0 = False
		run2 = False
		p7_l1 = False
		run3 = False
		p22_l1 = False
		p22_l0 = False
		p10_l1 = False
		p10_l0 = False
		p7_l0 = False
		p8_l0 = False
		p12_l1 = False
	Trans 7 -- 8
		_x_num0 = num0
		_x_min_num = num0
		_x_max_num = num0
	State 8
		num11 = 0
		num23 = 0
		num12 = 0
		num19 = 0
		num27 = 0
		num13 = 0
		num24 = 0
		num14 = 0
		num20 = 0
		num15 = 0
		num28 = 0
		num21 = 0
		num25 = 0
		num16 = 0
		num5 = 0
		num3 = 0
		num4 = 0
		num7 = 0
		num1 = 0
		num6 = 0
		num17 = 0
		num22 = 0
		num9 = 0
		num26 = 0
		num2 = 0
		num8 = 0
		num10 = 0
		num18 = 0
		p12_l0 = False
		p19_l1 = False
		p19_l0 = False
		p27_l1 = False
		p27_l0 = False
		p24_l1 = False
		p24_l0 = False
		p14_l1 = False
		p14_l0 = False
		p21_l1 = False
		p21_l0 = False
		p16_l1 = False
		p16_l0 = False
		_J3256 = True
		_J3265 = True
		_J3250 = False
		_J3245 = True
		p3_l1 = False
		_J3239 = True
		p1_l1 = False
		p1_l0 = False
		_EL_U_3208 = True
		p3_l0 = False
		_EL_U_3209 = True
		p5_l1 = False
		p9_l1 = False
		p9_l0 = False
		_EL_U_3212 = False
		p26_l1 = False
		_EL_U_3214 = False
		p26_l0 = False
		p18_l1 = False
		_EL_U_3216 = True
		p18_l0 = False
		p11_l1 = False
		p11_l0 = False
		run4 = False
		p23_l1 = False
		p23_l0 = False
		p8_l1 = False
		p13_l1 = False
		p13_l0 = False
		p20_l1 = False
		p20_l0 = False
		p15_l1 = False
		p15_l0 = False
		p28_l1 = False
		p28_l0 = False
		p25_l1 = False
		p25_l0 = False
		p0_l1 = False
		p5_l0 = False
		p0_l0 = False
		run1 = False
		run0 = False
		p4_l1 = False
		p2_l1 = False
		p2_l0 = False
		p4_l0 = False
		p17_l1 = False
		p17_l0 = False
		p6_l1 = False
		p6_l0 = False
		run2 = False
		p7_l1 = False
		run3 = False
		p22_l1 = False
		p22_l0 = False
		p10_l1 = False
		p10_l0 = False
		p7_l0 = False
		p8_l0 = False
		p12_l1 = False
	Trans 8 -- 9
		_x_num0 = (max_num + 1)
		_x_min_num = (max_num + 1)
		_x_max_num = (max_num + 1)
	starting from: min_num : 2, max_num : 2, p16_l1 : False, p16_l0 : False, _J3265 : True, _J3256 : True, _J3250 : True, num16 : 0, _J3245 : True, _J3239 : True, p1_l1 : False, p1_l0 : False, _EL_U_3208 : True, _EL_U_3209 : True, p9_l1 : False, p9_l0 : False, _EL_U_3212 : False, num1 : 0, _EL_U_3214 : False, num9 : 0, _EL_U_3216 : True, p23_l1 : False, p23_l0 : False, num23 : 0, p2_l1 : False, p2_l0 : False, p17_l1 : False, p17_l0 : False, num2 : 0, num17 : 0, p10_l1 : False, p10_l0 : False, num10 : 0, p24_l1 : False, p24_l0 : False, num24 : 0, p3_l1 : False, p3_l0 : False, num3 : 0, p18_l1 : False, p18_l0 : False, p11_l1 : False, p11_l0 : False, num18 : 0, num11 : 0, p25_l1 : False, p25_l0 : False, num25 : 0, p4_l1 : False, p4_l0 : False, num4 : 0, p12_l1 : False, p12_l0 : False, p19_l1 : False, p19_l0 : False, num12 : 0, num19 : 0, p5_l1 : False, p5_l0 : False, num5 : 0, p26_l1 : False, p26_l0 : False, num26 : 0, p13_l1 : False, p13_l0 : False, num13 : 0, p20_l1 : False, p20_l0 : False, num20 : 0, p6_l1 : False, p6_l0 : False, num6 : 0, p27_l1 : False, p27_l0 : False, num27 : 0, p14_l1 : False, p14_l0 : False, num14 : 0, p21_l1 : False, p21_l0 : False, num21 : 0, p7_l1 : False, p7_l0 : False, num7 : 0, p15_l1 : False, p15_l0 : False, p28_l1 : False, p28_l0 : False, num15 : 0, p0_l1 : False, p0_l0 : True, num28 : 0, run1 : False, run0 : False, run2 : False, run3 : False, p22_l1 : False, p22_l0 : False, p8_l1 : False, p8_l0 : False, run4 : False, num22 : 0, num0 : 2, num8 : 0

end of `bakery_simple_bug_0029`: SUCCESS in 112.8470811843872s
