

run 1/1: `bakery_simple_bug_0002`

	Found non-termination argument:
	Do states 5..8 while (ToReal(max_num) < 0.0)
	State 5
		p1_l1 = False
		p0_l1 = False
		p0_l0 = True
		num1 = 0
		_EL_U_210 = True
		p1_l0 = False
		run0 = False
		_EL_U_211 = True
		_J241 = True
		_J247 = True
		_J252 = True
		_J258 = True
		_J267 = True
		_EL_U_214 = False
		_EL_U_216 = False
		_EL_U_218 = True
		(((-1 * min_num) + num0) = 0)
		((-1 * num0) < 0)
		(((-1 * max_num) + num0) = 0)
		((-1 * min_num) < 0)
		((-1 * max_num) < 0)
		((-1 * max_num) <= 0)
	Trans 5 -- 6
		_x_num0 : num0
		_x_max_num : num0
		_x_min_num : num0
	State 6
		p1_l1 = False
		p0_l1 = True
		p0_l0 = False
		num1 = 0
		_EL_U_210 = True
		p1_l0 = False
		run0 = False
		_EL_U_211 = True
		_J241 = False
		_J247 = False
		_J252 = False
		_J258 = False
		_J267 = False
		_EL_U_214 = False
		_EL_U_216 = False
		_EL_U_218 = True
	Trans 6 -- 7
		_x_num0 : num0
		_x_max_num : num0
		_x_min_num : num0
	State 7
		p1_l1 = False
		p0_l1 = True
		p0_l0 = True
		num1 = 0
		_EL_U_210 = True
		p1_l0 = False
		run0 = False
		_EL_U_211 = True
		_J241 = True
		_J247 = True
		_J252 = False
		_J258 = True
		_J267 = True
		_EL_U_214 = False
		_EL_U_216 = False
		_EL_U_218 = True
	Trans 7 -- 8
		_x_num0 : num0
		_x_max_num : num0
		_x_min_num : num0
	State 8
		p1_l1 = False
		p0_l1 = False
		p0_l0 = False
		num1 = 0
		_EL_U_210 = True
		p1_l0 = False
		run0 = False
		_EL_U_211 = True
		_J241 = True
		_J247 = True
		_J252 = False
		_J258 = True
		_J267 = True
		_EL_U_214 = False
		_EL_U_216 = False
		_EL_U_218 = True
	Trans 8 -- 5
		_x_num0 : (max_num + 1)
		_x_max_num : (max_num + 1)
		_x_min_num : (max_num + 1)
	End do-while
	State 8
		p1_l1 = False
		p0_l1 = False
		p0_l0 = False
		num1 = 0
		_EL_U_210 = True
		p1_l0 = False
		run0 = False
		_EL_U_211 = True
		_J241 = True
		_J247 = True
		_J252 = False
		_J258 = True
		_J267 = True
		_EL_U_214 = False
		_EL_U_216 = False
		_EL_U_218 = True
		((-1 * max_num) <= 1)
		((-1.0 * ToReal(max_num)) <= 0.0)
		((-1 * max_num) < 1)
	Trans 8 -- 9
		_x_num0 = (max_num + 1)
		_x_max_num = (max_num + 1)
		_x_min_num = (max_num + 1)
	starting from: {p1_l1: False, p0_l1: False, p0_l0: True, num1: 0, num0: 2, p1_l0: False, run0: False, max_num: 2, min_num: 2, _J241: True, _J247: True, _J252: True, _J258: True, _J267: True, _EL_U_210: True, _EL_U_211: True, _EL_U_214: False, _EL_U_216: False, _EL_U_218: True}

end of `bakery_simple_bug_0002`: SUCCESS in 52.524818897247314s
