

run 1/1: `bakery_simple_bug_0012`

	Found non-termination argument:
	Do states 5..8 while (ToReal(max_num) < 0.0)
	State 5
		p11_l1 = False
		p11_l0 = False
		p10_l0 = False
		p9_l1 = False
		p9_l0 = False
		p6_l1 = False
		p6_l0 = False
		p5_l1 = False
		p8_l0 = False
		num6 = 0
		num5 = 0
		num4 = 0
		run3 = False
		p10_l1 = False
		p0_l0 = True
		p7_l1 = False
		num3 = 0
		run2 = False
		p7_l0 = False
		num2 = 0
		run1 = False
		num1 = 0
		run0 = False
		p8_l1 = False
		num7 = 0
		p2_l1 = False
		num8 = 0
		p3_l0 = False
		num9 = 0
		p3_l1 = False
		num10 = 0
		num11 = 0
		p0_l1 = False
		p1_l0 = False
		p2_l0 = False
		p1_l1 = False
		p4_l0 = False
		p4_l1 = False
		p5_l0 = False
		_J1282 = True
		_J1288 = True
		_J1293 = True
		_J1299 = True
		_J1308 = True
		_EL_U_1251 = True
		_EL_U_1252 = True
		_EL_U_1255 = False
		_EL_U_1257 = False
		_EL_U_1259 = True
		(((-1 * max_num) + num0) = 0)
		((-1 * num0) <= 0)
		(((-1 * num0) + min_num) = 0)
		((-1 * num0) < 0)
		((-1 * min_num) < 0)
		((-1 * max_num) <= 0)
	Trans 5 -- 6
		_x_num0 : num0
		_x_max_num : num0
		_x_min_num : num0
	State 6
		p11_l1 = False
		p11_l0 = False
		p10_l0 = False
		p9_l1 = False
		p9_l0 = False
		p6_l1 = False
		p6_l0 = False
		p5_l1 = False
		p8_l0 = False
		num6 = 0
		num5 = 0
		num4 = 0
		run3 = False
		p10_l1 = False
		p0_l0 = False
		p7_l1 = False
		num3 = 0
		run2 = False
		p7_l0 = False
		num2 = 0
		run1 = False
		num1 = 0
		run0 = False
		p8_l1 = False
		num7 = 0
		p2_l1 = False
		num8 = 0
		p3_l0 = False
		num9 = 0
		p3_l1 = False
		num10 = 0
		num11 = 0
		p0_l1 = True
		p1_l0 = False
		p2_l0 = False
		p1_l1 = False
		p4_l0 = False
		p4_l1 = False
		p5_l0 = False
		_J1282 = False
		_J1288 = False
		_J1293 = False
		_J1299 = False
		_J1308 = False
		_EL_U_1251 = True
		_EL_U_1252 = True
		_EL_U_1255 = False
		_EL_U_1257 = False
		_EL_U_1259 = True
	Trans 6 -- 7
		_x_num0 : num0
		_x_max_num : num0
		_x_min_num : num0
	State 7
		p11_l1 = False
		p11_l0 = False
		p10_l0 = False
		p9_l1 = False
		p9_l0 = False
		p6_l1 = False
		p6_l0 = False
		p5_l1 = False
		p8_l0 = False
		num6 = 0
		num5 = 0
		num4 = 0
		run3 = False
		p10_l1 = False
		p0_l0 = True
		p7_l1 = False
		num3 = 0
		run2 = False
		p7_l0 = False
		num2 = 0
		run1 = False
		num1 = 0
		run0 = False
		p8_l1 = False
		num7 = 0
		p2_l1 = False
		num8 = 0
		p3_l0 = False
		num9 = 0
		p3_l1 = False
		num10 = 0
		num11 = 0
		p0_l1 = True
		p1_l0 = False
		p2_l0 = False
		p1_l1 = False
		p4_l0 = False
		p4_l1 = False
		p5_l0 = False
		_J1282 = True
		_J1288 = True
		_J1293 = False
		_J1299 = True
		_J1308 = True
		_EL_U_1251 = True
		_EL_U_1252 = True
		_EL_U_1255 = False
		_EL_U_1257 = False
		_EL_U_1259 = True
	Trans 7 -- 8
		_x_num0 : num0
		_x_max_num : num0
		_x_min_num : num0
	State 8
		p11_l1 = False
		p11_l0 = False
		p10_l0 = False
		p9_l1 = False
		p9_l0 = False
		p6_l1 = False
		p6_l0 = False
		p5_l1 = False
		p8_l0 = False
		num6 = 0
		num5 = 0
		num4 = 0
		run3 = False
		p10_l1 = False
		p0_l0 = False
		p7_l1 = False
		num3 = 0
		run2 = False
		p7_l0 = False
		num2 = 0
		run1 = False
		num1 = 0
		run0 = False
		p8_l1 = False
		num7 = 0
		p2_l1 = False
		num8 = 0
		p3_l0 = False
		num9 = 0
		p3_l1 = False
		num10 = 0
		num11 = 0
		p0_l1 = False
		p1_l0 = False
		p2_l0 = False
		p1_l1 = False
		p4_l0 = False
		p4_l1 = False
		p5_l0 = False
		_J1282 = True
		_J1288 = True
		_J1293 = False
		_J1299 = True
		_J1308 = True
		_EL_U_1251 = True
		_EL_U_1252 = True
		_EL_U_1255 = False
		_EL_U_1257 = False
		_EL_U_1259 = True
	Trans 8 -- 5
		_x_num0 : (max_num + 1)
		_x_max_num : (max_num + 1)
		_x_min_num : (max_num + 1)
	End do-while
	State 8
		p11_l1 = False
		p11_l0 = False
		p10_l0 = False
		p9_l1 = False
		p9_l0 = False
		p6_l1 = False
		p6_l0 = False
		p5_l1 = False
		p8_l0 = False
		num6 = 0
		num5 = 0
		num4 = 0
		run3 = False
		p10_l1 = False
		p0_l0 = False
		p7_l1 = False
		num3 = 0
		run2 = False
		p7_l0 = False
		num2 = 0
		run1 = False
		num1 = 0
		run0 = False
		p8_l1 = False
		num7 = 0
		p2_l1 = False
		num8 = 0
		p3_l0 = False
		num9 = 0
		p3_l1 = False
		num10 = 0
		num11 = 0
		p0_l1 = False
		p1_l0 = False
		p2_l0 = False
		p1_l1 = False
		p4_l0 = False
		p4_l1 = False
		p5_l0 = False
		_J1282 = True
		_J1288 = True
		_J1293 = False
		_J1299 = True
		_J1308 = True
		_EL_U_1251 = True
		_EL_U_1252 = True
		_EL_U_1255 = False
		_EL_U_1257 = False
		_EL_U_1259 = True
		((-1 * max_num) < 1)
		((-1 * max_num) <= 1)
		((-1 * num0) < 0)
		((-1.0 * ToReal(max_num)) <= 0.0)
	Trans 8 -- 9
		_x_num0 = (max_num + 1)
		_x_max_num = (max_num + 1)
		_x_min_num = (max_num + 1)
	starting from: {p11_l1: False, p11_l0: False, p10_l0: False, p9_l1: False, p9_l0: False, p6_l1: False, p6_l0: False, p5_l1: False, p8_l0: False, num6: 0, num5: 0, num4: 0, run3: False, p10_l1: False, p0_l0: True, p7_l1: False, num3: 0, run2: False, p7_l0: False, num2: 0, run1: False, num1: 0, run0: False, num0: 2, max_num: 2, min_num: 2, p8_l1: False, num7: 0, p2_l1: False, num8: 0, p3_l0: False, num9: 0, p3_l1: False, num10: 0, num11: 0, p0_l1: False, p1_l0: False, p2_l0: False, p1_l1: False, p4_l0: False, p4_l1: False, p5_l0: False, _J1282: True, _J1288: True, _J1293: True, _J1299: True, _J1308: True, _EL_U_1251: True, _EL_U_1252: True, _EL_U_1255: False, _EL_U_1257: False, _EL_U_1259: True}

end of `bakery_simple_bug_0012`: SUCCESS in 54.616535902023315s
