F3 run `bakery_simple_bug_0021`

	Found non-termination argument:
	State 5
		num10 = 0
		num17 = 0
		p14_l1 = False
		p14_l0 = False
		num14 = 0
		p3_l1 = False
		p3_l0 = False
		p7_l1 = False
		p7_l0 = False
		num3 = 0
		num7 = 0
		p18_l1 = False
		p18_l0 = False
		p11_l1 = False
		p11_l0 = False
		num18 = 0
		num11 = 0
		p15_l1 = False
		p15_l0 = False
		num15 = 0
		p0_l1 = False
		p0_l0 = True
		run1 = False
		run0 = False
		p4_l1 = False
		p4_l0 = False
		run2 = False
		run3 = False
		p8_l1 = False
		p8_l0 = False
		num4 = 0
		run4 = False
		num8 = 0
		p12_l1 = False
		p12_l0 = False
		p19_l1 = False
		p19_l0 = False
		_J2325 = True
		num12 = 0
		_J2316 = True
		num19 = 0
		_J2310 = True
		_J2305 = True
		_J2299 = True
		_EL_U_2268 = True
		_EL_U_2269 = True
		_EL_U_2272 = False
		_EL_U_2274 = False
		_EL_U_2276 = True
		p16_l1 = False
		p16_l0 = False
		p5_l1 = False
		p5_l0 = False
		num16 = 0
		p1_l1 = False
		p1_l0 = False
		num5 = 0
		p9_l1 = False
		p9_l0 = False
		num1 = 0
		num9 = 0
		p13_l1 = False
		p13_l0 = False
		num13 = 0
		p20_l1 = False
		p20_l0 = False
		num20 = 0
		p6_l1 = False
		p6_l0 = False
		p2_l1 = False
		p2_l0 = False
		p17_l1 = False
		p17_l0 = False
		num6 = 0
		num2 = 0
		p10_l1 = False
		p10_l0 = False
		(((-1 * max_num) + num0) = 0)
		((-1 * min_num) < 0)
		((-1 * max_num) < 0)
		((-1 * num0) < 0)
		((-1 * num0) <= 1)
		((-1 * num0) < 2)
		((-1 * num0) <= 2)
		((-1 * num0) < 1)
		((-1 * max_num) <= 0)
		((-1 * num0) <= 0)
		(((-1 * min_num) + num0) = 0)
		(((-1 * num0) + (-1 * min_num) + (-1 * max_num) + 6) <= 0)
	Trans 5 -- 6
		_x_num0 = num0
		_x_max_num = num0
		_x_min_num = num0
	State 6
		num10 = 0
		num17 = 0
		p14_l1 = False
		p14_l0 = False
		num14 = 0
		p3_l1 = False
		p3_l0 = False
		p7_l1 = False
		p7_l0 = False
		num3 = 0
		num7 = 0
		p18_l1 = False
		p18_l0 = False
		p11_l1 = False
		p11_l0 = False
		num18 = 0
		num11 = 0
		p15_l1 = False
		p15_l0 = False
		num15 = 0
		p0_l1 = True
		p0_l0 = False
		run1 = False
		run0 = False
		p4_l1 = False
		p4_l0 = False
		run2 = False
		run3 = False
		p8_l1 = False
		p8_l0 = False
		num4 = 0
		run4 = False
		num8 = 0
		p12_l1 = False
		p12_l0 = False
		p19_l1 = False
		p19_l0 = False
		_J2325 = False
		num12 = 0
		_J2316 = False
		num19 = 0
		_J2310 = False
		_J2305 = False
		_J2299 = False
		_EL_U_2268 = True
		_EL_U_2269 = True
		_EL_U_2272 = False
		_EL_U_2274 = False
		_EL_U_2276 = True
		p16_l1 = False
		p16_l0 = False
		p5_l1 = False
		p5_l0 = False
		num16 = 0
		p1_l1 = False
		p1_l0 = False
		num5 = 0
		p9_l1 = False
		p9_l0 = False
		num1 = 0
		num9 = 0
		p13_l1 = False
		p13_l0 = False
		num13 = 0
		p20_l1 = False
		p20_l0 = False
		num20 = 0
		p6_l1 = False
		p6_l0 = False
		p2_l1 = False
		p2_l0 = False
		p17_l1 = False
		p17_l0 = False
		num6 = 0
		num2 = 0
		p10_l1 = False
		p10_l0 = False
	Trans 6 -- 7
		_x_num0 = num0
		_x_max_num = num0
		_x_min_num = num0
	State 7
		num10 = 0
		num17 = 0
		p14_l1 = False
		p14_l0 = False
		num14 = 0
		p3_l1 = False
		p3_l0 = False
		p7_l1 = False
		p7_l0 = False
		num3 = 0
		num7 = 0
		p18_l1 = False
		p18_l0 = False
		p11_l1 = False
		p11_l0 = False
		num18 = 0
		num11 = 0
		p15_l1 = False
		p15_l0 = False
		num15 = 0
		p0_l1 = True
		p0_l0 = True
		run1 = False
		run0 = False
		p4_l1 = False
		p4_l0 = False
		run2 = False
		run3 = False
		p8_l1 = False
		p8_l0 = False
		num4 = 0
		run4 = False
		num8 = 0
		p12_l1 = False
		p12_l0 = False
		p19_l1 = False
		p19_l0 = False
		_J2325 = True
		num12 = 0
		_J2316 = True
		num19 = 0
		_J2310 = False
		_J2305 = True
		_J2299 = True
		_EL_U_2268 = True
		_EL_U_2269 = True
		_EL_U_2272 = False
		_EL_U_2274 = False
		_EL_U_2276 = True
		p16_l1 = False
		p16_l0 = False
		p5_l1 = False
		p5_l0 = False
		num16 = 0
		p1_l1 = False
		p1_l0 = False
		num5 = 0
		p9_l1 = False
		p9_l0 = False
		num1 = 0
		num9 = 0
		p13_l1 = False
		p13_l0 = False
		num13 = 0
		p20_l1 = False
		p20_l0 = False
		num20 = 0
		p6_l1 = False
		p6_l0 = False
		p2_l1 = False
		p2_l0 = False
		p17_l1 = False
		p17_l0 = False
		num6 = 0
		num2 = 0
		p10_l1 = False
		p10_l0 = False
	Trans 7 -- 8
		_x_num0 = num0
		_x_max_num = num0
		_x_min_num = num0
	State 8
		num10 = 0
		num17 = 0
		p14_l1 = False
		p14_l0 = False
		num14 = 0
		p3_l1 = False
		p3_l0 = False
		p7_l1 = False
		p7_l0 = False
		num3 = 0
		num7 = 0
		p18_l1 = False
		p18_l0 = False
		p11_l1 = False
		p11_l0 = False
		num18 = 0
		num11 = 0
		p15_l1 = False
		p15_l0 = False
		num15 = 0
		p0_l1 = False
		p0_l0 = False
		run1 = False
		run0 = False
		p4_l1 = False
		p4_l0 = False
		run2 = False
		run3 = False
		p8_l1 = False
		p8_l0 = False
		num4 = 0
		run4 = False
		num8 = 0
		p12_l1 = False
		p12_l0 = False
		p19_l1 = False
		p19_l0 = False
		_J2325 = True
		num12 = 0
		_J2316 = True
		num19 = 0
		_J2310 = False
		_J2305 = True
		_J2299 = True
		_EL_U_2268 = True
		_EL_U_2269 = True
		_EL_U_2272 = False
		_EL_U_2274 = False
		_EL_U_2276 = True
		p16_l1 = False
		p16_l0 = False
		p5_l1 = False
		p5_l0 = False
		num16 = 0
		p1_l1 = False
		p1_l0 = False
		num5 = 0
		p9_l1 = False
		p9_l0 = False
		num1 = 0
		num9 = 0
		p13_l1 = False
		p13_l0 = False
		num13 = 0
		p20_l1 = False
		p20_l0 = False
		num20 = 0
		p6_l1 = False
		p6_l0 = False
		p2_l1 = False
		p2_l0 = False
		p17_l1 = False
		p17_l0 = False
		num6 = 0
		num2 = 0
		p10_l1 = False
		p10_l0 = False
	Trans 8 -- 9
		_x_num0 = (max_num + 1)
		_x_max_num = (max_num + 1)
		_x_min_num = (max_num + 1)
	starting from: num10 : 0, num17 : 0, p3_l1 : False, p3_l0 : False, num3 : 0, p18_l1 : False, p18_l0 : False, p11_l1 : False, p11_l0 : False, num18 : 0, num11 : 0, p4_l1 : False, p4_l0 : False, num4 : 0, p12_l1 : False, p12_l0 : False, p19_l1 : False, p19_l0 : False, _J2325 : True, num12 : 0, _J2316 : True, num19 : 0, _J2310 : True, _J2305 : True, _J2299 : True, _EL_U_2268 : True, _EL_U_2269 : True, _EL_U_2272 : False, _EL_U_2274 : False, _EL_U_2276 : True, p5_l1 : False, p5_l0 : False, num5 : 0, p13_l1 : False, p13_l0 : False, num13 : 0, p20_l1 : False, p20_l0 : False, num20 : 0, p6_l1 : False, p6_l0 : False, num6 : 0, p14_l1 : False, p14_l0 : False, num14 : 0, p7_l1 : False, p7_l0 : False, num7 : 0, p15_l1 : False, p15_l0 : False, num15 : 0, p0_l1 : False, p0_l0 : True, run1 : False, run0 : False, run2 : False, run3 : False, p8_l1 : False, p8_l0 : False, run4 : False, num0 : 2, num8 : 0, min_num : 2, max_num : 2, p16_l1 : False, p16_l0 : False, num16 : 0, p1_l1 : False, p1_l0 : False, p9_l1 : False, p9_l0 : False, num1 : 0, num9 : 0, p2_l1 : False, p2_l0 : False, p17_l1 : False, p17_l0 : False, num2 : 0, p10_l1 : False, p10_l0 : False

end of `bakery_simple_bug_0021`: SUCCESS in 33.827255964279175s
