

run 1/1: `bakery_simple_bug_0023`

	Found non-termination argument:
	Do states 5..8 while ((((ToReal(min_num) * 25/8) + ToReal(max_num) + -3/2) - (ToReal(num0) * 5/4)) < 0.0)
	State 5
		p22_l1 = False
		p22_l0 = False
		p21_l1 = False
		p21_l0 = False
		p19_l1 = False
		p19_l0 = False
		p17_l1 = False
		p17_l0 = False
		p16_l1 = False
		p16_l0 = False
		p14_l1 = False
		p20_l1 = False
		num21 = 0
		p9_l0 = False
		p20_l0 = False
		num20 = 0
		p15_l1 = False
		num19 = 0
		p15_l0 = False
		num18 = 0
		num17 = 0
		num16 = 0
		num15 = 0
		num14 = 0
		num13 = 0
		num12 = 0
		num11 = 0
		num10 = 0
		p12_l1 = False
		p12_l0 = False
		num7 = 0
		p18_l1 = False
		num6 = 0
		run0 = False
		run1 = False
		p10_l0 = False
		run2 = False
		p0_l0 = True
		p10_l1 = False
		p6_l1 = False
		p2_l1 = False
		run3 = False
		num2 = 0
		p11_l0 = False
		run4 = False
		num3 = 0
		num1 = 0
		p11_l1 = False
		num4 = 0
		p18_l0 = False
		num5 = 0
		num22 = 0
		p9_l1 = False
		p5_l0 = False
		p3_l0 = False
		p5_l1 = False
		p3_l1 = False
		p4_l0 = False
		p6_l0 = False
		p2_l0 = False
		p4_l1 = False
		p1_l0 = False
		p7_l0 = False
		p1_l1 = False
		p7_l1 = False
		p0_l1 = False
		p8_l0 = False
		p8_l1 = False
		num8 = 0
		p13_l0 = False
		num9 = 0
		p13_l1 = False
		p14_l0 = False
		_J2528 = True
		_J2534 = True
		_J2539 = True
		_J2545 = True
		_J2554 = True
		_EL_U_2497 = True
		_EL_U_2498 = True
		_EL_U_2501 = False
		_EL_U_2503 = False
		_EL_U_2505 = True
		(((-1 * num0) + max_num) = 0)
		((-1 * num0) <= 0)
		((-1 * max_num) <= 0)
		(((-1 * num0) + min_num) = 0)
		((-1 * num0) < 0)
		((-1 * min_num) < 0)
		((-1 * max_num) < 0)
	Trans 5 -- 6
		_x_num0 : num0
		_x_min_num : num0
		_x_max_num : num0
	State 6
		p22_l1 = False
		p22_l0 = False
		p21_l1 = False
		p21_l0 = False
		p19_l1 = False
		p19_l0 = False
		p17_l1 = False
		p17_l0 = False
		p16_l1 = False
		p16_l0 = False
		p14_l1 = False
		p20_l1 = False
		num21 = 0
		p9_l0 = False
		p20_l0 = False
		num20 = 0
		p15_l1 = False
		num19 = 0
		p15_l0 = False
		num18 = 0
		num17 = 0
		num16 = 0
		num15 = 0
		num14 = 0
		num13 = 0
		num12 = 0
		num11 = 0
		num10 = 0
		p12_l1 = False
		p12_l0 = False
		num7 = 0
		p18_l1 = False
		num6 = 0
		run0 = False
		run1 = False
		p10_l0 = False
		run2 = False
		p0_l0 = False
		p10_l1 = False
		p6_l1 = False
		p2_l1 = False
		run3 = False
		num2 = 0
		p11_l0 = False
		run4 = False
		num3 = 0
		num1 = 0
		p11_l1 = False
		num4 = 0
		p18_l0 = False
		num5 = 0
		num22 = 0
		p9_l1 = False
		p5_l0 = False
		p3_l0 = False
		p5_l1 = False
		p3_l1 = False
		p4_l0 = False
		p6_l0 = False
		p2_l0 = False
		p4_l1 = False
		p1_l0 = False
		p7_l0 = False
		p1_l1 = False
		p7_l1 = False
		p0_l1 = True
		p8_l0 = False
		p8_l1 = False
		num8 = 0
		p13_l0 = False
		num9 = 0
		p13_l1 = False
		p14_l0 = False
		_J2528 = False
		_J2534 = False
		_J2539 = False
		_J2545 = False
		_J2554 = False
		_EL_U_2497 = True
		_EL_U_2498 = True
		_EL_U_2501 = False
		_EL_U_2503 = False
		_EL_U_2505 = True
	Trans 6 -- 7
		_x_num0 : num0
		_x_min_num : num0
		_x_max_num : num0
	State 7
		p22_l1 = False
		p22_l0 = False
		p21_l1 = False
		p21_l0 = False
		p19_l1 = False
		p19_l0 = False
		p17_l1 = False
		p17_l0 = False
		p16_l1 = False
		p16_l0 = False
		p14_l1 = False
		p20_l1 = False
		num21 = 0
		p9_l0 = False
		p20_l0 = False
		num20 = 0
		p15_l1 = False
		num19 = 0
		p15_l0 = False
		num18 = 0
		num17 = 0
		num16 = 0
		num15 = 0
		num14 = 0
		num13 = 0
		num12 = 0
		num11 = 0
		num10 = 0
		p12_l1 = False
		p12_l0 = False
		num7 = 0
		p18_l1 = False
		num6 = 0
		run0 = False
		run1 = False
		p10_l0 = False
		run2 = False
		p0_l0 = True
		p10_l1 = False
		p6_l1 = False
		p2_l1 = False
		run3 = False
		num2 = 0
		p11_l0 = False
		run4 = False
		num3 = 0
		num1 = 0
		p11_l1 = False
		num4 = 0
		p18_l0 = False
		num5 = 0
		num22 = 0
		p9_l1 = False
		p5_l0 = False
		p3_l0 = False
		p5_l1 = False
		p3_l1 = False
		p4_l0 = False
		p6_l0 = False
		p2_l0 = False
		p4_l1 = False
		p1_l0 = False
		p7_l0 = False
		p1_l1 = False
		p7_l1 = False
		p0_l1 = True
		p8_l0 = False
		p8_l1 = False
		num8 = 0
		p13_l0 = False
		num9 = 0
		p13_l1 = False
		p14_l0 = False
		_J2528 = True
		_J2534 = True
		_J2539 = False
		_J2545 = True
		_J2554 = True
		_EL_U_2497 = True
		_EL_U_2498 = True
		_EL_U_2501 = False
		_EL_U_2503 = False
		_EL_U_2505 = True
	Trans 7 -- 8
		_x_num0 : num0
		_x_min_num : num0
		_x_max_num : num0
	State 8
		p22_l1 = False
		p22_l0 = False
		p21_l1 = False
		p21_l0 = False
		p19_l1 = False
		p19_l0 = False
		p17_l1 = False
		p17_l0 = False
		p16_l1 = False
		p16_l0 = False
		p14_l1 = False
		p20_l1 = False
		num21 = 0
		p9_l0 = False
		p20_l0 = False
		num20 = 0
		p15_l1 = False
		num19 = 0
		p15_l0 = False
		num18 = 0
		num17 = 0
		num16 = 0
		num15 = 0
		num14 = 0
		num13 = 0
		num12 = 0
		num11 = 0
		num10 = 0
		p12_l1 = False
		p12_l0 = False
		num7 = 0
		p18_l1 = False
		num6 = 0
		run0 = False
		run1 = False
		p10_l0 = False
		run2 = False
		p0_l0 = False
		p10_l1 = False
		p6_l1 = False
		p2_l1 = False
		run3 = False
		num2 = 0
		p11_l0 = False
		run4 = False
		num3 = 0
		num1 = 0
		p11_l1 = False
		num4 = 0
		p18_l0 = False
		num5 = 0
		num22 = 0
		p9_l1 = False
		p5_l0 = False
		p3_l0 = False
		p5_l1 = False
		p3_l1 = False
		p4_l0 = False
		p6_l0 = False
		p2_l0 = False
		p4_l1 = False
		p1_l0 = False
		p7_l0 = False
		p1_l1 = False
		p7_l1 = False
		p0_l1 = False
		p8_l0 = False
		p8_l1 = False
		num8 = 0
		p13_l0 = False
		num9 = 0
		p13_l1 = False
		p14_l0 = False
		_J2528 = True
		_J2534 = True
		_J2539 = False
		_J2545 = True
		_J2554 = True
		_EL_U_2497 = True
		_EL_U_2498 = True
		_EL_U_2501 = False
		_EL_U_2503 = False
		_EL_U_2505 = True
	Trans 8 -- 5
		_x_num0 : (max_num + 1)
		_x_min_num : (max_num + 1)
		_x_max_num : (max_num + 1)
	End do-while
	State 8
		p22_l1 = False
		p22_l0 = False
		p21_l1 = False
		p21_l0 = False
		p19_l1 = False
		p19_l0 = False
		p17_l1 = False
		p17_l0 = False
		p16_l1 = False
		p16_l0 = False
		p14_l1 = False
		p20_l1 = False
		num21 = 0
		p9_l0 = False
		p20_l0 = False
		num20 = 0
		p15_l1 = False
		num19 = 0
		p15_l0 = False
		num18 = 0
		num17 = 0
		num16 = 0
		num15 = 0
		num14 = 0
		num13 = 0
		num12 = 0
		num11 = 0
		num10 = 0
		p12_l1 = False
		p12_l0 = False
		num7 = 0
		p18_l1 = False
		num6 = 0
		run0 = False
		run1 = False
		p10_l0 = False
		run2 = False
		p0_l0 = False
		p10_l1 = False
		p6_l1 = False
		p2_l1 = False
		run3 = False
		num2 = 0
		p11_l0 = False
		run4 = False
		num3 = 0
		num1 = 0
		p11_l1 = False
		num4 = 0
		p18_l0 = False
		num5 = 0
		num22 = 0
		p9_l1 = False
		p5_l0 = False
		p3_l0 = False
		p5_l1 = False
		p3_l1 = False
		p4_l0 = False
		p6_l0 = False
		p2_l0 = False
		p4_l1 = False
		p1_l0 = False
		p7_l0 = False
		p1_l1 = False
		p7_l1 = False
		p0_l1 = False
		p8_l0 = False
		p8_l1 = False
		num8 = 0
		p13_l0 = False
		num9 = 0
		p13_l1 = False
		p14_l0 = False
		_J2528 = True
		_J2534 = True
		_J2539 = False
		_J2545 = True
		_J2554 = True
		_EL_U_2497 = True
		_EL_U_2498 = True
		_EL_U_2501 = False
		_EL_U_2503 = False
		_EL_U_2505 = True
		((-1 * max_num) <= 1)
		((-1 * max_num) < 1)
		((((-1.0 * ToReal(max_num)) + (ToReal(num0) * 5/4) + 3/2) - (ToReal(min_num) * 25/8)) <= 0.0)
		((-1 * max_num) <= 0)
	Trans 8 -- 9
		_x_num0 = (max_num + 1)
		_x_min_num = (max_num + 1)
		_x_max_num = (max_num + 1)
	starting from: {p22_l1: False, p22_l0: False, p21_l1: False, p21_l0: False, p19_l1: False, p19_l0: False, p17_l1: False, p17_l0: False, p16_l1: False, p16_l0: False, p14_l1: False, p20_l1: False, num21: 0, p9_l0: False, p20_l0: False, num20: 0, p15_l1: False, num19: 0, p15_l0: False, num18: 0, num17: 0, num16: 0, num15: 0, num14: 0, num13: 0, num12: 0, num11: 0, num10: 0, p12_l1: False, p12_l0: False, num7: 0, p18_l1: False, num6: 0, min_num: 2, max_num: 2, run0: False, run1: False, p10_l0: False, run2: False, p0_l0: True, p10_l1: False, p6_l1: False, p2_l1: False, run3: False, num2: 0, p11_l0: False, num0: 2, run4: False, num3: 0, num1: 0, p11_l1: False, num4: 0, p18_l0: False, num5: 0, num22: 0, p9_l1: False, p5_l0: False, p3_l0: False, p5_l1: False, p3_l1: False, p4_l0: False, p6_l0: False, p2_l0: False, p4_l1: False, p1_l0: False, p7_l0: False, p1_l1: False, p7_l1: False, p0_l1: False, p8_l0: False, p8_l1: False, num8: 0, p13_l0: False, num9: 0, p13_l1: False, p14_l0: False, _J2528: True, _J2534: True, _J2539: True, _J2545: True, _J2554: True, _EL_U_2497: True, _EL_U_2498: True, _EL_U_2501: False, _EL_U_2503: False, _EL_U_2505: True}

end of `bakery_simple_bug_0023`: SUCCESS in 60.864097595214844s
