F3 run `bakery_simple_bug_0017`

	Found non-termination argument:
	State 5
		num8 = 0
		num9 = 0
		num10 = 0
		num11 = 0
		num12 = 0
		num13 = 0
		num14 = 0
		num5 = 0
		num15 = 0
		num3 = 0
		num16 = 0
		num4 = 0
		num6 = 0
		num2 = 0
		num7 = 0
		num1 = 0
		p11_l1 = False
		p11_l0 = False
		p13_l1 = False
		p13_l0 = False
		p15_l1 = False
		p15_l0 = False
		p0_l1 = False
		p0_l0 = True
		run1 = False
		run0 = False
		p4_l1 = False
		p4_l0 = False
		run2 = False
		p6_l1 = False
		p6_l0 = False
		run3 = False
		p8_l1 = False
		run4 = False
		p8_l0 = False
		p2_l1 = False
		p2_l0 = False
		p10_l1 = False
		p10_l0 = False
		p12_l1 = False
		p12_l0 = False
		p14_l1 = False
		p14_l0 = False
		_J1879 = True
		_J1870 = True
		_J1864 = True
		p1_l0 = False
		_J1859 = True
		_J1853 = True
		_EL_U_1822 = True
		_EL_U_1823 = True
		_EL_U_1826 = False
		p16_l1 = False
		p16_l0 = False
		_EL_U_1828 = False
		_EL_U_1830 = True
		p5_l1 = False
		p5_l0 = False
		p3_l1 = False
		p1_l1 = False
		p7_l0 = False
		p3_l0 = False
		p7_l1 = False
		p9_l1 = False
		p9_l0 = False
		((-1 * num0) <= 2)
		((-1 * min_num) < 0)
		((-1 * num0) < 1)
		((-1 * num0) < 2)
		(((-1 * min_num) + num0) = 0)
		((-1 * num0) <= 1)
		(((-1 * max_num) + num0) = 0)
		((-1 * max_num) <= 0)
		((-1 * max_num) < 0)
		((-1 * num0) <= 0)
		(((-1 * min_num) + (-1 * max_num) + (-1 * num0) + 6) <= 0)
	Trans 5 -- 6
		_x_num0 = num0
		_x_max_num = num0
		_x_min_num = num0
	State 6
		num8 = 0
		num9 = 0
		num10 = 0
		num11 = 0
		num12 = 0
		num13 = 0
		num14 = 0
		num5 = 0
		num15 = 0
		num3 = 0
		num16 = 0
		num4 = 0
		num6 = 0
		num2 = 0
		num7 = 0
		num1 = 0
		p11_l1 = False
		p11_l0 = False
		p13_l1 = False
		p13_l0 = False
		p15_l1 = False
		p15_l0 = False
		p0_l1 = True
		p0_l0 = False
		run1 = False
		run0 = False
		p4_l1 = False
		p4_l0 = False
		run2 = False
		p6_l1 = False
		p6_l0 = False
		run3 = False
		p8_l1 = False
		run4 = False
		p8_l0 = False
		p2_l1 = False
		p2_l0 = False
		p10_l1 = False
		p10_l0 = False
		p12_l1 = False
		p12_l0 = False
		p14_l1 = False
		p14_l0 = False
		_J1879 = False
		_J1870 = False
		_J1864 = False
		p1_l0 = False
		_J1859 = False
		_J1853 = False
		_EL_U_1822 = True
		_EL_U_1823 = True
		_EL_U_1826 = False
		p16_l1 = False
		p16_l0 = False
		_EL_U_1828 = False
		_EL_U_1830 = True
		p5_l1 = False
		p5_l0 = False
		p3_l1 = False
		p1_l1 = False
		p7_l0 = False
		p3_l0 = False
		p7_l1 = False
		p9_l1 = False
		p9_l0 = False
	Trans 6 -- 7
		_x_num0 = num0
		_x_max_num = num0
		_x_min_num = num0
	State 7
		num8 = 0
		num9 = 0
		num10 = 0
		num11 = 0
		num12 = 0
		num13 = 0
		num14 = 0
		num5 = 0
		num15 = 0
		num3 = 0
		num16 = 0
		num4 = 0
		num6 = 0
		num2 = 0
		num7 = 0
		num1 = 0
		p11_l1 = False
		p11_l0 = False
		p13_l1 = False
		p13_l0 = False
		p15_l1 = False
		p15_l0 = False
		p0_l1 = True
		p0_l0 = True
		run1 = False
		run0 = False
		p4_l1 = False
		p4_l0 = False
		run2 = False
		p6_l1 = False
		p6_l0 = False
		run3 = False
		p8_l1 = False
		run4 = False
		p8_l0 = False
		p2_l1 = False
		p2_l0 = False
		p10_l1 = False
		p10_l0 = False
		p12_l1 = False
		p12_l0 = False
		p14_l1 = False
		p14_l0 = False
		_J1879 = True
		_J1870 = True
		_J1864 = False
		p1_l0 = False
		_J1859 = True
		_J1853 = True
		_EL_U_1822 = True
		_EL_U_1823 = True
		_EL_U_1826 = False
		p16_l1 = False
		p16_l0 = False
		_EL_U_1828 = False
		_EL_U_1830 = True
		p5_l1 = False
		p5_l0 = False
		p3_l1 = False
		p1_l1 = False
		p7_l0 = False
		p3_l0 = False
		p7_l1 = False
		p9_l1 = False
		p9_l0 = False
	Trans 7 -- 8
		_x_num0 = num0
		_x_max_num = num0
		_x_min_num = num0
	State 8
		num8 = 0
		num9 = 0
		num10 = 0
		num11 = 0
		num12 = 0
		num13 = 0
		num14 = 0
		num5 = 0
		num15 = 0
		num3 = 0
		num16 = 0
		num4 = 0
		num6 = 0
		num2 = 0
		num7 = 0
		num1 = 0
		p11_l1 = False
		p11_l0 = False
		p13_l1 = False
		p13_l0 = False
		p15_l1 = False
		p15_l0 = False
		p0_l1 = False
		p0_l0 = False
		run1 = False
		run0 = False
		p4_l1 = False
		p4_l0 = False
		run2 = False
		p6_l1 = False
		p6_l0 = False
		run3 = False
		p8_l1 = False
		run4 = False
		p8_l0 = False
		p2_l1 = False
		p2_l0 = False
		p10_l1 = False
		p10_l0 = False
		p12_l1 = False
		p12_l0 = False
		p14_l1 = False
		p14_l0 = False
		_J1879 = True
		_J1870 = True
		_J1864 = False
		p1_l0 = False
		_J1859 = True
		_J1853 = True
		_EL_U_1822 = True
		_EL_U_1823 = True
		_EL_U_1826 = False
		p16_l1 = False
		p16_l0 = False
		_EL_U_1828 = False
		_EL_U_1830 = True
		p5_l1 = False
		p5_l0 = False
		p3_l1 = False
		p1_l1 = False
		p7_l0 = False
		p3_l0 = False
		p7_l1 = False
		p9_l1 = False
		p9_l0 = False
	Trans 8 -- 9
		_x_num0 = (max_num + 1)
		_x_max_num = (max_num + 1)
		_x_min_num = (max_num + 1)
	starting from: num9 : 0, p11_l1 : False, p11_l0 : False, num11 : 0, p13_l1 : False, p13_l0 : False, num13 : 0, p15_l1 : False, p15_l0 : False, num15 : 0, p0_l1 : False, p0_l0 : True, run1 : False, run0 : False, p4_l1 : False, p4_l0 : False, run2 : False, p6_l1 : False, run3 : False, p6_l0 : False, p8_l1 : False, run4 : False, p8_l0 : False, num4 : 0, p2_l1 : False, p2_l0 : False, num0 : 2, num8 : 0, num6 : 0, num2 : 0, p10_l1 : False, p10_l0 : False, num10 : 0, p12_l1 : False, p12_l0 : False, min_num : 2, num12 : 0, p14_l1 : False, p14_l0 : False, _J1879 : True, _J1870 : True, _J1864 : True, max_num : 2, num14 : 0, _J1859 : True, _J1853 : True, _EL_U_1822 : True, _EL_U_1823 : True, p7_l0 : False, _EL_U_1826 : False, p16_l1 : False, p16_l0 : False, _EL_U_1828 : False, num3 : 0, _EL_U_1830 : True, p5_l1 : False, p5_l0 : False, num16 : 0, p1_l1 : False, p1_l0 : False, p3_l1 : False, p3_l0 : False, p7_l1 : False, num5 : 0, p9_l1 : False, p9_l0 : False, num7 : 0, num1 : 0

end of `bakery_simple_bug_0017`: SUCCESS in 83.23543500900269s
