

run 1/1: `bakery_simple_bug_0026`

	Found non-termination argument:
	Do states 5..8 while ((((ToReal(max_num) * 1/47) + (ToReal(num0) * 2/9) + -1/5) - (ToReal(min_num) * 3/70)) < 0.0)
	State 5
		p25_l0 = False
		p24_l1 = False
		p24_l0 = False
		p23_l1 = False
		p23_l0 = False
		p22_l1 = False
		p22_l0 = False
		p21_l1 = False
		p21_l0 = False
		p19_l1 = False
		p19_l0 = False
		p17_l1 = False
		p17_l0 = False
		p16_l1 = False
		p16_l0 = False
		p14_l1 = False
		p14_l0 = False
		num21 = 0
		num20 = 0
		num19 = 0
		num18 = 0
		num17 = 0
		num16 = 0
		p13_l1 = False
		num15 = 0
		p12_l1 = False
		p13_l0 = False
		num14 = 0
		p25_l1 = False
		p12_l0 = False
		num13 = 0
		p18_l1 = False
		num12 = 0
		p18_l0 = False
		num11 = 0
		num10 = 0
		num9 = 0
		num8 = 0
		p11_l1 = False
		num7 = 0
		p6_l1 = False
		p2_l1 = False
		p11_l0 = False
		num6 = 0
		p20_l0 = False
		p20_l1 = False
		run0 = False
		p9_l0 = False
		run1 = False
		p9_l1 = False
		num1 = 0
		run2 = False
		num4 = 0
		num2 = 0
		run3 = False
		num5 = 0
		num3 = 0
		run4 = False
		p10_l0 = False
		num22 = 0
		num23 = 0
		p15_l0 = False
		num24 = 0
		p15_l1 = False
		num25 = 0
		p0_l0 = True
		p10_l1 = False
		p5_l0 = False
		p3_l0 = False
		p5_l1 = False
		p3_l1 = False
		p4_l0 = False
		p6_l0 = False
		p2_l0 = False
		p4_l1 = False
		p1_l0 = False
		p7_l0 = False
		p1_l1 = False
		p7_l1 = False
		p0_l1 = False
		p8_l0 = False
		p8_l1 = False
		_J2879 = True
		_J2885 = True
		_J2890 = True
		_J2896 = True
		_J2905 = True
		_EL_U_2848 = True
		_EL_U_2849 = True
		_EL_U_2852 = False
		_EL_U_2854 = False
		_EL_U_2856 = True
		((-1 * num0) < 0)
		((-1 * max_num) < 0)
		((-1 * num0) <= 0)
		(((-1 * num0) + min_num) = 0)
		((-1 * max_num) <= 0)
		(((-1 * num0) + max_num) = 0)
	Trans 5 -- 6
		_x_min_num : num0
		_x_max_num : num0
		_x_num0 : num0
	State 6
		p25_l0 = False
		p24_l1 = False
		p24_l0 = False
		p23_l1 = False
		p23_l0 = False
		p22_l1 = False
		p22_l0 = False
		p21_l1 = False
		p21_l0 = False
		p19_l1 = False
		p19_l0 = False
		p17_l1 = False
		p17_l0 = False
		p16_l1 = False
		p16_l0 = False
		p14_l1 = False
		p14_l0 = False
		num21 = 0
		num20 = 0
		num19 = 0
		num18 = 0
		num17 = 0
		num16 = 0
		p13_l1 = False
		num15 = 0
		p12_l1 = False
		p13_l0 = False
		num14 = 0
		p25_l1 = False
		p12_l0 = False
		num13 = 0
		p18_l1 = False
		num12 = 0
		p18_l0 = False
		num11 = 0
		num10 = 0
		num9 = 0
		num8 = 0
		p11_l1 = False
		num7 = 0
		p6_l1 = False
		p2_l1 = False
		p11_l0 = False
		num6 = 0
		p20_l0 = False
		p20_l1 = False
		run0 = False
		p9_l0 = False
		run1 = False
		p9_l1 = False
		num1 = 0
		run2 = False
		num4 = 0
		num2 = 0
		run3 = False
		num5 = 0
		num3 = 0
		run4 = False
		p10_l0 = False
		num22 = 0
		num23 = 0
		p15_l0 = False
		num24 = 0
		p15_l1 = False
		num25 = 0
		p0_l0 = False
		p10_l1 = False
		p5_l0 = False
		p3_l0 = False
		p5_l1 = False
		p3_l1 = False
		p4_l0 = False
		p6_l0 = False
		p2_l0 = False
		p4_l1 = False
		p1_l0 = False
		p7_l0 = False
		p1_l1 = False
		p7_l1 = False
		p0_l1 = True
		p8_l0 = False
		p8_l1 = False
		_J2879 = False
		_J2885 = False
		_J2890 = False
		_J2896 = False
		_J2905 = False
		_EL_U_2848 = True
		_EL_U_2849 = True
		_EL_U_2852 = False
		_EL_U_2854 = False
		_EL_U_2856 = True
	Trans 6 -- 7
		_x_min_num : num0
		_x_max_num : num0
		_x_num0 : num0
	State 7
		p25_l0 = False
		p24_l1 = False
		p24_l0 = False
		p23_l1 = False
		p23_l0 = False
		p22_l1 = False
		p22_l0 = False
		p21_l1 = False
		p21_l0 = False
		p19_l1 = False
		p19_l0 = False
		p17_l1 = False
		p17_l0 = False
		p16_l1 = False
		p16_l0 = False
		p14_l1 = False
		p14_l0 = False
		num21 = 0
		num20 = 0
		num19 = 0
		num18 = 0
		num17 = 0
		num16 = 0
		p13_l1 = False
		num15 = 0
		p12_l1 = False
		p13_l0 = False
		num14 = 0
		p25_l1 = False
		p12_l0 = False
		num13 = 0
		p18_l1 = False
		num12 = 0
		p18_l0 = False
		num11 = 0
		num10 = 0
		num9 = 0
		num8 = 0
		p11_l1 = False
		num7 = 0
		p6_l1 = False
		p2_l1 = False
		p11_l0 = False
		num6 = 0
		p20_l0 = False
		p20_l1 = False
		run0 = False
		p9_l0 = False
		run1 = False
		p9_l1 = False
		num1 = 0
		run2 = False
		num4 = 0
		num2 = 0
		run3 = False
		num5 = 0
		num3 = 0
		run4 = False
		p10_l0 = False
		num22 = 0
		num23 = 0
		p15_l0 = False
		num24 = 0
		p15_l1 = False
		num25 = 0
		p0_l0 = True
		p10_l1 = False
		p5_l0 = False
		p3_l0 = False
		p5_l1 = False
		p3_l1 = False
		p4_l0 = False
		p6_l0 = False
		p2_l0 = False
		p4_l1 = False
		p1_l0 = False
		p7_l0 = False
		p1_l1 = False
		p7_l1 = False
		p0_l1 = True
		p8_l0 = False
		p8_l1 = False
		_J2879 = True
		_J2885 = True
		_J2890 = False
		_J2896 = True
		_J2905 = True
		_EL_U_2848 = True
		_EL_U_2849 = True
		_EL_U_2852 = False
		_EL_U_2854 = False
		_EL_U_2856 = True
	Trans 7 -- 8
		_x_min_num : num0
		_x_max_num : num0
		_x_num0 : num0
	State 8
		p25_l0 = False
		p24_l1 = False
		p24_l0 = False
		p23_l1 = False
		p23_l0 = False
		p22_l1 = False
		p22_l0 = False
		p21_l1 = False
		p21_l0 = False
		p19_l1 = False
		p19_l0 = False
		p17_l1 = False
		p17_l0 = False
		p16_l1 = False
		p16_l0 = False
		p14_l1 = False
		p14_l0 = False
		num21 = 0
		num20 = 0
		num19 = 0
		num18 = 0
		num17 = 0
		num16 = 0
		p13_l1 = False
		num15 = 0
		p12_l1 = False
		p13_l0 = False
		num14 = 0
		p25_l1 = False
		p12_l0 = False
		num13 = 0
		p18_l1 = False
		num12 = 0
		p18_l0 = False
		num11 = 0
		num10 = 0
		num9 = 0
		num8 = 0
		p11_l1 = False
		num7 = 0
		p6_l1 = False
		p2_l1 = False
		p11_l0 = False
		num6 = 0
		p20_l0 = False
		p20_l1 = False
		run0 = False
		p9_l0 = False
		run1 = False
		p9_l1 = False
		num1 = 0
		run2 = False
		num4 = 0
		num2 = 0
		run3 = False
		num5 = 0
		num3 = 0
		run4 = False
		p10_l0 = False
		num22 = 0
		num23 = 0
		p15_l0 = False
		num24 = 0
		p15_l1 = False
		num25 = 0
		p0_l0 = False
		p10_l1 = False
		p5_l0 = False
		p3_l0 = False
		p5_l1 = False
		p3_l1 = False
		p4_l0 = False
		p6_l0 = False
		p2_l0 = False
		p4_l1 = False
		p1_l0 = False
		p7_l0 = False
		p1_l1 = False
		p7_l1 = False
		p0_l1 = False
		p8_l0 = False
		p8_l1 = False
		_J2879 = True
		_J2885 = True
		_J2890 = False
		_J2896 = True
		_J2905 = True
		_EL_U_2848 = True
		_EL_U_2849 = True
		_EL_U_2852 = False
		_EL_U_2854 = False
		_EL_U_2856 = True
	Trans 8 -- 5
		_x_min_num : (max_num + 1)
		_x_max_num : (max_num + 1)
		_x_num0 : (max_num + 1)
	End do-while
	State 8
		p25_l0 = False
		p24_l1 = False
		p24_l0 = False
		p23_l1 = False
		p23_l0 = False
		p22_l1 = False
		p22_l0 = False
		p21_l1 = False
		p21_l0 = False
		p19_l1 = False
		p19_l0 = False
		p17_l1 = False
		p17_l0 = False
		p16_l1 = False
		p16_l0 = False
		p14_l1 = False
		p14_l0 = False
		num21 = 0
		num20 = 0
		num19 = 0
		num18 = 0
		num17 = 0
		num16 = 0
		p13_l1 = False
		num15 = 0
		p12_l1 = False
		p13_l0 = False
		num14 = 0
		p25_l1 = False
		p12_l0 = False
		num13 = 0
		p18_l1 = False
		num12 = 0
		p18_l0 = False
		num11 = 0
		num10 = 0
		num9 = 0
		num8 = 0
		p11_l1 = False
		num7 = 0
		p6_l1 = False
		p2_l1 = False
		p11_l0 = False
		num6 = 0
		p20_l0 = False
		p20_l1 = False
		run0 = False
		p9_l0 = False
		run1 = False
		p9_l1 = False
		num1 = 0
		run2 = False
		num4 = 0
		num2 = 0
		run3 = False
		num5 = 0
		num3 = 0
		run4 = False
		p10_l0 = False
		num22 = 0
		num23 = 0
		p15_l0 = False
		num24 = 0
		p15_l1 = False
		num25 = 0
		p0_l0 = False
		p10_l1 = False
		p5_l0 = False
		p3_l0 = False
		p5_l1 = False
		p3_l1 = False
		p4_l0 = False
		p6_l0 = False
		p2_l0 = False
		p4_l1 = False
		p1_l0 = False
		p7_l0 = False
		p1_l1 = False
		p7_l1 = False
		p0_l1 = False
		p8_l0 = False
		p8_l1 = False
		_J2879 = True
		_J2885 = True
		_J2890 = False
		_J2896 = True
		_J2905 = True
		_EL_U_2848 = True
		_EL_U_2849 = True
		_EL_U_2852 = False
		_EL_U_2854 = False
		_EL_U_2856 = True
		((-1 * max_num) < 1)
		((-1 * max_num) <= 1)
		((-1 * max_num) <= 0)
		((((ToReal(min_num) * 3/70) + 1/5) - ((ToReal(num0) * 2/9) + (ToReal(max_num) * 1/47))) <= 0.0)
	Trans 8 -- 9
		_x_min_num = (max_num + 1)
		_x_max_num = (max_num + 1)
		_x_num0 = (max_num + 1)
	starting from: {p25_l0: False, p24_l1: False, p24_l0: False, p23_l1: False, p23_l0: False, p22_l1: False, p22_l0: False, p21_l1: False, p21_l0: False, p19_l1: False, p19_l0: False, p17_l1: False, p17_l0: False, p16_l1: False, p16_l0: False, p14_l1: False, p14_l0: False, num21: 0, num20: 0, num19: 0, num18: 0, num17: 0, num16: 0, p13_l1: False, num15: 0, p12_l1: False, p13_l0: False, num14: 0, p25_l1: False, p12_l0: False, num13: 0, p18_l1: False, num12: 0, p18_l0: False, num11: 0, num10: 0, num9: 0, num8: 0, p11_l1: False, num7: 0, p6_l1: False, p2_l1: False, p11_l0: False, num6: 0, p20_l0: False, min_num: 2, p20_l1: False, max_num: 2, run0: False, p9_l0: False, num0: 2, run1: False, p9_l1: False, num1: 0, run2: False, num4: 0, num2: 0, run3: False, num5: 0, num3: 0, run4: False, p10_l0: False, num22: 0, num23: 0, p15_l0: False, num24: 0, p15_l1: False, num25: 0, p0_l0: True, p10_l1: False, p5_l0: False, p3_l0: False, p5_l1: False, p3_l1: False, p4_l0: False, p6_l0: False, p2_l0: False, p4_l1: False, p1_l0: False, p7_l0: False, p1_l1: False, p7_l1: False, p0_l1: False, p8_l0: False, p8_l1: False, _J2879: True, _J2885: True, _J2890: True, _J2896: True, _J2905: True, _EL_U_2848: True, _EL_U_2849: True, _EL_U_2852: False, _EL_U_2854: False, _EL_U_2856: True}

end of `bakery_simple_bug_0026`: SUCCESS in 65.58558750152588s
