

run 1/1: `bakery_simple_bug_0009`

	Found non-termination argument:
	Do states 5..8 while (ToReal(num0) < 0.0)
	State 5
		p7_l1 = False
		p7_l0 = False
		num6 = 0
		num5 = 0
		num4 = 0
		num3 = 0
		p3_l1 = False
		num2 = 0
		p3_l0 = False
		p8_l1 = False
		num1 = 0
		p2_l1 = False
		run3 = False
		p8_l0 = False
		_EL_U_950 = True
		p1_l1 = False
		p2_l0 = False
		_EL_U_946 = False
		run2 = False
		p1_l0 = False
		run1 = False
		p0_l1 = False
		p6_l1 = False
		run0 = False
		p0_l0 = True
		p6_l0 = False
		_EL_U_948 = False
		num7 = 0
		num8 = 0
		p4_l0 = False
		p4_l1 = False
		p5_l0 = False
		p5_l1 = False
		_J973 = True
		_J979 = True
		_J984 = True
		_J990 = True
		_J999 = True
		_EL_U_942 = True
		_EL_U_943 = True
		((-1 * min_num) < 0)
		((-1 * num0) <= 0)
		((-1 * num0) < 0)
		(((-1 * min_num) + num0) = 0)
		((-1 * max_num) <= 0)
		(((-1 * max_num) + num0) = 0)
		((-1 * min_num) <= 0)
		((-1 * max_num) < 0)
	Trans 5 -- 6
		_x_min_num : num0
		_x_num0 : num0
		_x_max_num : num0
	State 6
		p7_l1 = False
		p7_l0 = False
		num6 = 0
		num5 = 0
		num4 = 0
		num3 = 0
		p3_l1 = False
		num2 = 0
		p3_l0 = False
		p8_l1 = False
		num1 = 0
		p2_l1 = False
		run3 = False
		p8_l0 = False
		_EL_U_950 = True
		p1_l1 = False
		p2_l0 = False
		_EL_U_946 = False
		run2 = False
		p1_l0 = False
		run1 = False
		p0_l1 = True
		p6_l1 = False
		run0 = False
		p0_l0 = False
		p6_l0 = False
		_EL_U_948 = False
		num7 = 0
		num8 = 0
		p4_l0 = False
		p4_l1 = False
		p5_l0 = False
		p5_l1 = False
		_J973 = False
		_J979 = False
		_J984 = False
		_J990 = False
		_J999 = False
		_EL_U_942 = True
		_EL_U_943 = True
	Trans 6 -- 7
		_x_min_num : num0
		_x_num0 : num0
		_x_max_num : num0
	State 7
		p7_l1 = False
		p7_l0 = False
		num6 = 0
		num5 = 0
		num4 = 0
		num3 = 0
		p3_l1 = False
		num2 = 0
		p3_l0 = False
		p8_l1 = False
		num1 = 0
		p2_l1 = False
		run3 = False
		p8_l0 = False
		_EL_U_950 = True
		p1_l1 = False
		p2_l0 = False
		_EL_U_946 = False
		run2 = False
		p1_l0 = False
		run1 = False
		p0_l1 = True
		p6_l1 = False
		run0 = False
		p0_l0 = True
		p6_l0 = False
		_EL_U_948 = False
		num7 = 0
		num8 = 0
		p4_l0 = False
		p4_l1 = False
		p5_l0 = False
		p5_l1 = False
		_J973 = True
		_J979 = True
		_J984 = False
		_J990 = True
		_J999 = True
		_EL_U_942 = True
		_EL_U_943 = True
	Trans 7 -- 8
		_x_min_num : num0
		_x_num0 : num0
		_x_max_num : num0
	State 8
		p7_l1 = False
		p7_l0 = False
		num6 = 0
		num5 = 0
		num4 = 0
		num3 = 0
		p3_l1 = False
		num2 = 0
		p3_l0 = False
		p8_l1 = False
		num1 = 0
		p2_l1 = False
		run3 = False
		p8_l0 = False
		_EL_U_950 = True
		p1_l1 = False
		p2_l0 = False
		_EL_U_946 = False
		run2 = False
		p1_l0 = False
		run1 = False
		p0_l1 = False
		p6_l1 = False
		run0 = False
		p0_l0 = False
		p6_l0 = False
		_EL_U_948 = False
		num7 = 0
		num8 = 0
		p4_l0 = False
		p4_l1 = False
		p5_l0 = False
		p5_l1 = False
		_J973 = True
		_J979 = True
		_J984 = False
		_J990 = True
		_J999 = True
		_EL_U_942 = True
		_EL_U_943 = True
	Trans 8 -- 5
		_x_min_num : (max_num + 1)
		_x_num0 : (max_num + 1)
		_x_max_num : (max_num + 1)
	End do-while
	State 8
		p7_l1 = False
		p7_l0 = False
		num6 = 0
		num5 = 0
		num4 = 0
		num3 = 0
		p3_l1 = False
		num2 = 0
		p3_l0 = False
		p8_l1 = False
		num1 = 0
		p2_l1 = False
		run3 = False
		p8_l0 = False
		_EL_U_950 = True
		p1_l1 = False
		p2_l0 = False
		_EL_U_946 = False
		run2 = False
		p1_l0 = False
		run1 = False
		p0_l1 = False
		p6_l1 = False
		run0 = False
		p0_l0 = False
		p6_l0 = False
		_EL_U_948 = False
		num7 = 0
		num8 = 0
		p4_l0 = False
		p4_l1 = False
		p5_l0 = False
		p5_l1 = False
		_J973 = True
		_J979 = True
		_J984 = False
		_J990 = True
		_J999 = True
		_EL_U_942 = True
		_EL_U_943 = True
		((-1 * max_num) < 1)
		((-1.0 * ToReal(num0)) <= 0.0)
		((-1 * max_num) <= 1)
	Trans 8 -- 9
		_x_min_num = (max_num + 1)
		_x_num0 = (max_num + 1)
		_x_max_num = (max_num + 1)
	starting from: {_EL_U_946: False, p7_l1: False, p7_l0: False, num6: 0, num5: 0, num4: 0, num3: 0, p3_l1: False, num2: 0, p3_l0: False, p8_l1: False, num1: 0, p2_l1: False, run3: False, p8_l0: False, num0: 2, p1_l1: False, p2_l0: False, run2: False, p1_l0: False, run1: False, p0_l1: False, p6_l1: False, run0: False, p0_l0: True, p6_l0: False, max_num: 2, min_num: 2, num7: 0, num8: 0, p4_l0: False, p4_l1: False, p5_l0: False, p5_l1: False, _J973: True, _J979: True, _J984: True, _J990: True, _J999: True, _EL_U_948: False, _EL_U_950: True, _EL_U_942: True, _EL_U_943: True}

end of `bakery_simple_bug_0009`: SUCCESS in 54.47285079956055s
