F3 run `bakery_simple_bug_0006`

	Found non-termination argument:
	State 5
		num2 = 0
		num1 = 0
		num5 = 0
		num4 = 0
		num3 = 0
		p5_l1 = False
		p5_l0 = False
		p3_l1 = False
		p3_l0 = False
		p1_l1 = False
		p1_l0 = False
		_J679 = True
		_J670 = True
		_J664 = True
		_J659 = True
		_J653 = True
		_EL_U_622 = True
		_EL_U_623 = True
		_EL_U_626 = False
		_EL_U_628 = False
		_EL_U_630 = True
		p4_l1 = False
		p4_l0 = False
		p2_l1 = False
		p2_l0 = False
		p0_l1 = False
		p0_l0 = True
		run1 = False
		run0 = False
		run2 = False
		((-1 * num0) < 2)
		((-1 * max_num) <= 0)
		((-1 * num0) <= 1)
		(((-1 * num0) + max_num) = 0)
		((-1 * num0) < 1)
		(((-1 * num0) + min_num) = 0)
		((-1 * num0) < 0)
		((-1 * min_num) < 0)
		((-1 * max_num) < 0)
		((-1 * num0) <= 0)
		((-1 * num0) <= 2)
		((((-1 * num0) + (-1 * min_num) + 8) - (max_num * 2)) <= 0)
	Trans 5 -- 6
		_x_num0 = num0
		_x_min_num = num0
		_x_max_num = num0
	State 6
		num2 = 0
		num1 = 0
		num5 = 0
		num4 = 0
		num3 = 0
		p5_l1 = False
		p5_l0 = False
		p3_l1 = False
		p3_l0 = False
		p1_l1 = False
		p1_l0 = False
		_J679 = False
		_J670 = False
		_J664 = False
		_J659 = False
		_J653 = False
		_EL_U_622 = True
		_EL_U_623 = True
		_EL_U_626 = False
		_EL_U_628 = False
		_EL_U_630 = True
		p4_l1 = False
		p4_l0 = False
		p2_l1 = False
		p2_l0 = False
		p0_l1 = True
		p0_l0 = False
		run1 = False
		run0 = False
		run2 = False
	Trans 6 -- 7
		_x_num0 = num0
		_x_min_num = num0
		_x_max_num = num0
	State 7
		num2 = 0
		num1 = 0
		num5 = 0
		num4 = 0
		num3 = 0
		p5_l1 = False
		p5_l0 = False
		p3_l1 = False
		p3_l0 = False
		p1_l1 = False
		p1_l0 = False
		_J679 = True
		_J670 = True
		_J664 = False
		_J659 = True
		_J653 = True
		_EL_U_622 = True
		_EL_U_623 = True
		_EL_U_626 = False
		_EL_U_628 = False
		_EL_U_630 = True
		p4_l1 = False
		p4_l0 = False
		p2_l1 = False
		p2_l0 = False
		p0_l1 = True
		p0_l0 = True
		run1 = False
		run0 = False
		run2 = False
	Trans 7 -- 8
		_x_num0 = num0
		_x_min_num = num0
		_x_max_num = num0
	State 8
		num2 = 0
		num1 = 0
		num5 = 0
		num4 = 0
		num3 = 0
		p5_l1 = False
		p5_l0 = False
		p3_l1 = False
		p3_l0 = False
		p1_l1 = False
		p1_l0 = False
		_J679 = True
		_J670 = True
		_J664 = False
		_J659 = True
		_J653 = True
		_EL_U_622 = True
		_EL_U_623 = True
		_EL_U_626 = False
		_EL_U_628 = False
		_EL_U_630 = True
		p4_l1 = False
		p4_l0 = False
		p2_l1 = False
		p2_l0 = False
		p0_l1 = False
		p0_l0 = False
		run1 = False
		run0 = False
		run2 = False
	Trans 8 -- 9
		_x_num0 = (max_num + 1)
		_x_min_num = (max_num + 1)
		_x_max_num = (max_num + 1)
	starting from: min_num : 2, max_num : 2, p5_l1 : False, p5_l0 : False, p3_l1 : False, p3_l0 : False, num5 : 0, p1_l1 : False, p1_l0 : False, num3 : 0, num1 : 0, _J679 : True, _J670 : True, _J664 : True, _J659 : True, _J653 : True, _EL_U_622 : True, _EL_U_623 : True, _EL_U_626 : False, _EL_U_628 : False, _EL_U_630 : True, p4_l1 : False, p4_l0 : False, p2_l1 : False, p2_l0 : False, p0_l1 : False, p0_l0 : True, num4 : 0, run1 : False, run0 : False, num2 : 0, run2 : False, num0 : 2

end of `bakery_simple_bug_0006`: SUCCESS in 106.0819091796875s
