Creating empty 100MiB image file: /home/magnago/overlay/ChenFlurMukhopadhyay-SAS2012-Ex2.02_false-termination.c.ext3
Formatting image with ext3 file system
Image is done: /home/magnago/overlay/ChenFlurMukhopadhyay-SAS2012-Ex2.02_false-termination.c.ext3
This is Ultimate 0.2.1-54a68f4
[2021-04-24 13:09:54,859 INFO  L177        SettingsManager]: Resetting all preferences to default values...
[2021-04-24 13:09:54,862 INFO  L181        SettingsManager]: Resetting UltimateCore preferences to default values
[2021-04-24 13:09:54,905 INFO  L184        SettingsManager]: Ultimate Commandline Interface provides no preferences, ignoring...
[2021-04-24 13:09:54,905 INFO  L181        SettingsManager]: Resetting Boogie Preprocessor preferences to default values
[2021-04-24 13:09:54,906 INFO  L181        SettingsManager]: Resetting Boogie Procedure Inliner preferences to default values
[2021-04-24 13:09:54,908 INFO  L181        SettingsManager]: Resetting Abstract Interpretation preferences to default values
[2021-04-24 13:09:54,910 INFO  L181        SettingsManager]: Resetting LassoRanker preferences to default values
[2021-04-24 13:09:54,912 INFO  L181        SettingsManager]: Resetting Reaching Definitions preferences to default values
[2021-04-24 13:09:54,913 INFO  L181        SettingsManager]: Resetting SyntaxChecker preferences to default values
[2021-04-24 13:09:54,913 INFO  L181        SettingsManager]: Resetting Sifa preferences to default values
[2021-04-24 13:09:54,915 INFO  L184        SettingsManager]: B?chi Program Product provides no preferences, ignoring...
[2021-04-24 13:09:54,915 INFO  L181        SettingsManager]: Resetting LTL2Aut preferences to default values
[2021-04-24 13:09:54,916 INFO  L181        SettingsManager]: Resetting PEA to Boogie preferences to default values
[2021-04-24 13:09:54,917 INFO  L181        SettingsManager]: Resetting BlockEncodingV2 preferences to default values
[2021-04-24 13:09:54,918 INFO  L181        SettingsManager]: Resetting ChcToBoogie preferences to default values
[2021-04-24 13:09:54,918 INFO  L181        SettingsManager]: Resetting AutomataScriptInterpreter preferences to default values
[2021-04-24 13:09:54,919 INFO  L181        SettingsManager]: Resetting BuchiAutomizer preferences to default values
[2021-04-24 13:09:54,921 INFO  L181        SettingsManager]: Resetting CACSL2BoogieTranslator preferences to default values
[2021-04-24 13:09:54,922 INFO  L181        SettingsManager]: Resetting CodeCheck preferences to default values
[2021-04-24 13:09:54,924 INFO  L181        SettingsManager]: Resetting InvariantSynthesis preferences to default values
[2021-04-24 13:09:54,925 INFO  L181        SettingsManager]: Resetting RCFGBuilder preferences to default values
[2021-04-24 13:09:54,926 INFO  L181        SettingsManager]: Resetting Referee preferences to default values
[2021-04-24 13:09:54,927 INFO  L181        SettingsManager]: Resetting TraceAbstraction preferences to default values
[2021-04-24 13:09:54,929 INFO  L184        SettingsManager]: TraceAbstractionConcurrent provides no preferences, ignoring...
[2021-04-24 13:09:54,930 INFO  L184        SettingsManager]: TraceAbstractionWithAFAs provides no preferences, ignoring...
[2021-04-24 13:09:54,930 INFO  L181        SettingsManager]: Resetting TreeAutomizer preferences to default values
[2021-04-24 13:09:54,931 INFO  L181        SettingsManager]: Resetting IcfgToChc preferences to default values
[2021-04-24 13:09:54,931 INFO  L181        SettingsManager]: Resetting IcfgTransformer preferences to default values
[2021-04-24 13:09:54,932 INFO  L184        SettingsManager]: ReqToTest provides no preferences, ignoring...
[2021-04-24 13:09:54,933 INFO  L181        SettingsManager]: Resetting Boogie Printer preferences to default values
[2021-04-24 13:09:54,933 INFO  L181        SettingsManager]: Resetting ChcSmtPrinter preferences to default values
[2021-04-24 13:09:54,934 INFO  L181        SettingsManager]: Resetting ReqPrinter preferences to default values
[2021-04-24 13:09:54,935 INFO  L181        SettingsManager]: Resetting Witness Printer preferences to default values
[2021-04-24 13:09:54,936 INFO  L184        SettingsManager]: Boogie PL CUP Parser provides no preferences, ignoring...
[2021-04-24 13:09:54,936 INFO  L181        SettingsManager]: Resetting CDTParser preferences to default values
[2021-04-24 13:09:54,936 INFO  L184        SettingsManager]: AutomataScriptParser provides no preferences, ignoring...
[2021-04-24 13:09:54,936 INFO  L184        SettingsManager]: ReqParser provides no preferences, ignoring...
[2021-04-24 13:09:54,936 INFO  L181        SettingsManager]: Resetting SmtParser preferences to default values
[2021-04-24 13:09:54,937 INFO  L181        SettingsManager]: Resetting Witness Parser preferences to default values
[2021-04-24 13:09:54,938 INFO  L188        SettingsManager]: Finished resetting all preferences to default values...
[2021-04-24 13:09:54,939 INFO  L101        SettingsManager]: Beginning loading settings from /home/singularity/UAutomizer-linux/config/svcomp-Termination-64bit-Automizer_Default.epf
[2021-04-24 13:09:54,954 INFO  L113        SettingsManager]: Loading preferences was successful
[2021-04-24 13:09:54,954 INFO  L115        SettingsManager]: Preferences different from defaults after loading the file:
[2021-04-24 13:09:54,955 INFO  L136        SettingsManager]: Preferences of BlockEncodingV2 differ from their defaults:
[2021-04-24 13:09:54,955 INFO  L138        SettingsManager]:  * Create parallel compositions if possible=false
[2021-04-24 13:09:54,955 INFO  L138        SettingsManager]:  * Use SBE=true
[2021-04-24 13:09:54,955 INFO  L136        SettingsManager]: Preferences of BuchiAutomizer differ from their defaults:
[2021-04-24 13:09:54,955 INFO  L138        SettingsManager]:  * NCSB implementation=INTSET_LAZY3
[2021-04-24 13:09:54,955 INFO  L138        SettingsManager]:  * Use old map elimination=false
[2021-04-24 13:09:54,956 INFO  L138        SettingsManager]:  * Use external solver (rank synthesis)=false
[2021-04-24 13:09:54,956 INFO  L138        SettingsManager]:  * Use only trivial implications for array writes=true
[2021-04-24 13:09:54,956 INFO  L138        SettingsManager]:  * Rank analysis=LINEAR_WITH_GUESSES
[2021-04-24 13:09:54,956 INFO  L136        SettingsManager]: Preferences of CACSL2BoogieTranslator differ from their defaults:
[2021-04-24 13:09:54,956 INFO  L138        SettingsManager]:  * Check unreachability of error function in SV-COMP mode=false
[2021-04-24 13:09:54,956 INFO  L138        SettingsManager]:  * Overapproximate operations on floating types=true
[2021-04-24 13:09:54,956 INFO  L138        SettingsManager]:  * Check division by zero=IGNORE
[2021-04-24 13:09:54,956 INFO  L138        SettingsManager]:  * Pointer to allocated memory at dereference=ASSUME
[2021-04-24 13:09:54,956 INFO  L138        SettingsManager]:  * If two pointers are subtracted or compared they have the same base address=ASSUME
[2021-04-24 13:09:54,957 INFO  L138        SettingsManager]:  * Check array bounds for arrays that are off heap=ASSUME
[2021-04-24 13:09:54,957 INFO  L138        SettingsManager]:  * Check if freed pointer was valid=false
[2021-04-24 13:09:54,957 INFO  L138        SettingsManager]:  * Assume nondeterminstic values are in range=false
[2021-04-24 13:09:54,957 INFO  L138        SettingsManager]:  * Use constant arrays=true
[2021-04-24 13:09:54,957 INFO  L138        SettingsManager]:  * Pointer base address is valid at dereference=ASSUME
[2021-04-24 13:09:54,957 INFO  L136        SettingsManager]: Preferences of RCFGBuilder differ from their defaults:
[2021-04-24 13:09:54,957 INFO  L138        SettingsManager]:  * Size of a code block=SequenceOfStatements
[2021-04-24 13:09:54,957 INFO  L136        SettingsManager]: Preferences of TraceAbstraction differ from their defaults:
[2021-04-24 13:09:54,957 INFO  L138        SettingsManager]:  * Trace refinement strategy=CAMEL
[2021-04-24 13:09:54,958 INFO  L138        SettingsManager]:  * Trace refinement exception blacklist=NONE
[2021-04-24 13:09:54,958 INFO  L136        SettingsManager]: Preferences of IcfgTransformer differ from their defaults:
[2021-04-24 13:09:54,958 INFO  L138        SettingsManager]:  * TransformationType=MODULO_NEIGHBOR
[2021-04-24 13:09:55,159 INFO  L75    nceAwareModelManager]: Repository-Root is: /tmp
[2021-04-24 13:09:55,187 INFO  L261   ainManager$Toolchain]: [Toolchain 1]: Applicable parser(s) successfully (re)initialized
[2021-04-24 13:09:55,189 INFO  L217   ainManager$Toolchain]: [Toolchain 1]: Toolchain selected.
[2021-04-24 13:09:55,191 INFO  L271        PluginConnector]: Initializing CDTParser...
[2021-04-24 13:09:55,191 INFO  L275        PluginConnector]: CDTParser initialized
[2021-04-24 13:09:55,192 INFO  L432   ainManager$Toolchain]: [Toolchain 1]: Parsing single file: /home/magnago/benchmarks/software_nontermination/C/C/SV-COMP_Termination_Category/ChenFlurMukhopadhyay-SAS2012-Ex2.02_false-termination.c
[2021-04-24 13:09:55,244 INFO  L220              CDTParser]: Created temporary CDT project at /home/singularity/25ce5577f67743c7a37544832c959696/FLAGfeb2bd90c
!SESSION 2021-04-24 13:09:53.057 -----------------------------------------------
eclipse.buildId=unknown
java.version=11.0.10
java.vendor=Ubuntu
BootLoader constants: OS=linux, ARCH=x86_64, WS=gtk, NL=en_US
Framework arguments:  --console -tc /home/singularity/UAutomizer-linux/config/AutomizerTermination.xml -s /home/singularity/UAutomizer-linux/config/svcomp-Termination-64bit-Automizer_Default.epf -i /home/magnago/benchmarks/software_nontermination/C/C/SV-COMP_Termination_Category/ChenFlurMukhopadhyay-SAS2012-Ex2.02_false-termination.c
Command-line arguments:  -os linux -ws gtk -arch x86_64 -consoleLog --console -data /home/singularity -tc /home/singularity/UAutomizer-linux/config/AutomizerTermination.xml -s /home/singularity/UAutomizer-linux/config/svcomp-Termination-64bit-Automizer_Default.epf -data /home/singularity -i /home/magnago/benchmarks/software_nontermination/C/C/SV-COMP_Termination_Category/ChenFlurMukhopadhyay-SAS2012-Ex2.02_false-termination.c

!ENTRY org.eclipse.cdt.core 1 0 2021-04-24 13:09:55.479
!MESSAGE Indexed 'FLAGfeb2bd90c' (0 sources, 0 headers) in 0.005 sec: 0 declarations; 0 references; 0 unresolved inclusions; 0 syntax errors; 0 unresolved names (0%)
[2021-04-24 13:09:55,619 INFO  L306              CDTParser]: Found 1 translation units.
[2021-04-24 13:09:55,619 INFO  L160              CDTParser]: Scanning /home/magnago/benchmarks/software_nontermination/C/C/SV-COMP_Termination_Category/ChenFlurMukhopadhyay-SAS2012-Ex2.02_false-termination.c
[2021-04-24 13:09:55,623 INFO  L349              CDTParser]: About to delete temporary CDT project at /home/singularity/25ce5577f67743c7a37544832c959696/FLAGfeb2bd90c
[2021-04-24 13:09:55,632 INFO  L357              CDTParser]: Successfully deleted /home/singularity/25ce5577f67743c7a37544832c959696
[2021-04-24 13:09:55,634 INFO  L299   ainManager$Toolchain]: ####################### [Toolchain 1] #######################
[2021-04-24 13:09:55,636 INFO  L131        ToolchainWalker]: Walking toolchain with 6 elements.
[2021-04-24 13:09:55,637 INFO  L113        PluginConnector]: ------------------------CACSL2BoogieTranslator----------------------------
[2021-04-24 13:09:55,637 INFO  L271        PluginConnector]: Initializing CACSL2BoogieTranslator...
[2021-04-24 13:09:55,639 INFO  L275        PluginConnector]: CACSL2BoogieTranslator initialized
[2021-04-24 13:09:55,640 INFO  L185        PluginConnector]: Executing the observer ACSLObjectContainerObserver from plugin CACSL2BoogieTranslator for "CDTParser AST 24.04 01:09:55" (1/1) ...
[2021-04-24 13:09:55,641 INFO  L205        PluginConnector]: Invalid model from CACSL2BoogieTranslator for observer de.uni_freiburg.informatik.ultimate.plugins.generator.cacsl2boogietranslator.ACSLObjectContainerObserver@77b6ba99 and model type de.uni_freiburg.informatik.ultimate.plugins.generator.cacsl2boogietranslator AST 24.04 01:09:55, skipping insertion in model container
[2021-04-24 13:09:55,641 INFO  L185        PluginConnector]: Executing the observer CACSL2BoogieTranslatorObserver from plugin CACSL2BoogieTranslator for "CDTParser AST 24.04 01:09:55" (1/1) ...
[2021-04-24 13:09:55,650 INFO  L145         MainTranslator]: Starting translation in SV-COMP mode 
[2021-04-24 13:09:55,662 INFO  L178         MainTranslator]: Built tables and reachable declarations
[2021-04-24 13:09:55,784 INFO  L206          PostProcessor]: Analyzing one entry point: main
[2021-04-24 13:09:55,787 INFO  L203         MainTranslator]: Completed pre-run
[2021-04-24 13:09:55,806 INFO  L206          PostProcessor]: Analyzing one entry point: main
[2021-04-24 13:09:55,816 INFO  L208         MainTranslator]: Completed translation
[2021-04-24 13:09:55,816 INFO  L202        PluginConnector]: Adding new model de.uni_freiburg.informatik.ultimate.plugins.generator.cacsl2boogietranslator AST 24.04 01:09:55 WrapperNode
[2021-04-24 13:09:55,816 INFO  L132        PluginConnector]: ------------------------ END CACSL2BoogieTranslator----------------------------
[2021-04-24 13:09:55,817 INFO  L113        PluginConnector]: ------------------------Boogie Procedure Inliner----------------------------
[2021-04-24 13:09:55,817 INFO  L271        PluginConnector]: Initializing Boogie Procedure Inliner...
[2021-04-24 13:09:55,817 INFO  L275        PluginConnector]: Boogie Procedure Inliner initialized
[2021-04-24 13:09:55,823 INFO  L185        PluginConnector]: Executing the observer TypeChecker from plugin Boogie Procedure Inliner for "de.uni_freiburg.informatik.ultimate.plugins.generator.cacsl2boogietranslator AST 24.04 01:09:55" (1/1) ...
[2021-04-24 13:09:55,827 INFO  L185        PluginConnector]: Executing the observer Inliner from plugin Boogie Procedure Inliner for "de.uni_freiburg.informatik.ultimate.plugins.generator.cacsl2boogietranslator AST 24.04 01:09:55" (1/1) ...
[2021-04-24 13:09:55,844 INFO  L132        PluginConnector]: ------------------------ END Boogie Procedure Inliner----------------------------
[2021-04-24 13:09:55,845 INFO  L113        PluginConnector]: ------------------------Boogie Preprocessor----------------------------
[2021-04-24 13:09:55,845 INFO  L271        PluginConnector]: Initializing Boogie Preprocessor...
[2021-04-24 13:09:55,845 INFO  L275        PluginConnector]: Boogie Preprocessor initialized
[2021-04-24 13:09:55,854 INFO  L185        PluginConnector]: Executing the observer EnsureBoogieModelObserver from plugin Boogie Preprocessor for "de.uni_freiburg.informatik.ultimate.plugins.generator.cacsl2boogietranslator AST 24.04 01:09:55" (1/1) ...
[2021-04-24 13:09:55,855 INFO  L185        PluginConnector]: Executing the observer TypeChecker from plugin Boogie Preprocessor for "de.uni_freiburg.informatik.ultimate.plugins.generator.cacsl2boogietranslator AST 24.04 01:09:55" (1/1) ...
[2021-04-24 13:09:55,855 INFO  L185        PluginConnector]: Executing the observer ConstExpander from plugin Boogie Preprocessor for "de.uni_freiburg.informatik.ultimate.plugins.generator.cacsl2boogietranslator AST 24.04 01:09:55" (1/1) ...
[2021-04-24 13:09:55,856 INFO  L185        PluginConnector]: Executing the observer StructExpander from plugin Boogie Preprocessor for "de.uni_freiburg.informatik.ultimate.plugins.generator.cacsl2boogietranslator AST 24.04 01:09:55" (1/1) ...
[2021-04-24 13:09:55,857 INFO  L185        PluginConnector]: Executing the observer UnstructureCode from plugin Boogie Preprocessor for "de.uni_freiburg.informatik.ultimate.plugins.generator.cacsl2boogietranslator AST 24.04 01:09:55" (1/1) ...
[2021-04-24 13:09:55,861 INFO  L185        PluginConnector]: Executing the observer FunctionInliner from plugin Boogie Preprocessor for "de.uni_freiburg.informatik.ultimate.plugins.generator.cacsl2boogietranslator AST 24.04 01:09:55" (1/1) ...
[2021-04-24 13:09:55,861 INFO  L185        PluginConnector]: Executing the observer BoogieSymbolTableConstructor from plugin Boogie Preprocessor for "de.uni_freiburg.informatik.ultimate.plugins.generator.cacsl2boogietranslator AST 24.04 01:09:55" (1/1) ...
[2021-04-24 13:09:55,862 INFO  L132        PluginConnector]: ------------------------ END Boogie Preprocessor----------------------------
[2021-04-24 13:09:55,863 INFO  L113        PluginConnector]: ------------------------RCFGBuilder----------------------------
[2021-04-24 13:09:55,864 INFO  L271        PluginConnector]: Initializing RCFGBuilder...
[2021-04-24 13:09:55,864 INFO  L275        PluginConnector]: RCFGBuilder initialized
[2021-04-24 13:09:55,865 INFO  L185        PluginConnector]: Executing the observer RCFGBuilderObserver from plugin RCFGBuilder for "de.uni_freiburg.informatik.ultimate.plugins.generator.cacsl2boogietranslator AST 24.04 01:09:55" (1/1) ...
No working directory specified, using /home/singularity/UAutomizer-linux/z3
Starting monitored process 1 with z3 SMTLIB2_COMPLIANT=true -memory:1024 -smt2 -in -t:12000 (exit command is (exit), workingDir is null)
Waiting until toolchain timeout for monitored process 1 with z3 SMTLIB2_COMPLIANT=true -memory:1024 -smt2 -in -t:12000
[2021-04-24 13:09:55,970 INFO  L130     BoogieDeclarations]: Found specification of procedure ULTIMATE.start
[2021-04-24 13:09:55,971 INFO  L138     BoogieDeclarations]: Found implementation of procedure ULTIMATE.start
[2021-04-24 13:09:56,203 INFO  L294             CfgBuilder]: Using the 1 location(s) as analysis (start of procedure ULTIMATE.start)
[2021-04-24 13:09:56,203 INFO  L299             CfgBuilder]: Removed 5 assume(true) statements.
[2021-04-24 13:09:56,205 INFO  L202        PluginConnector]: Adding new model de.uni_freiburg.informatik.ultimate.plugins.generator.rcfgbuilder CFG 24.04 01:09:56 BoogieIcfgContainer
[2021-04-24 13:09:56,205 INFO  L132        PluginConnector]: ------------------------ END RCFGBuilder----------------------------
[2021-04-24 13:09:56,206 INFO  L113        PluginConnector]: ------------------------BuchiAutomizer----------------------------
[2021-04-24 13:09:56,206 INFO  L271        PluginConnector]: Initializing BuchiAutomizer...
[2021-04-24 13:09:56,209 INFO  L275        PluginConnector]: BuchiAutomizer initialized
[2021-04-24 13:09:56,209 INFO  L99          BuchiAutomizer]: Safety of program was proven or not checked, starting termination analysis
[2021-04-24 13:09:56,210 INFO  L185        PluginConnector]: Executing the observer BuchiAutomizerObserver from plugin BuchiAutomizer for "CDTParser AST 24.04 01:09:55" (1/3) ...
[2021-04-24 13:09:56,210 INFO  L205        PluginConnector]: Invalid model from BuchiAutomizer for observer de.uni_freiburg.informatik.ultimate.plugins.generator.buchiautomizer.BuchiAutomizerObserver@2193b256 and model type de.uni_freiburg.informatik.ultimate.plugins.generator.buchiautomizer AST 24.04 01:09:56, skipping insertion in model container
[2021-04-24 13:09:56,211 INFO  L99          BuchiAutomizer]: Safety of program was proven or not checked, starting termination analysis
[2021-04-24 13:09:56,211 INFO  L185        PluginConnector]: Executing the observer BuchiAutomizerObserver from plugin BuchiAutomizer for "de.uni_freiburg.informatik.ultimate.plugins.generator.cacsl2boogietranslator AST 24.04 01:09:55" (2/3) ...
[2021-04-24 13:09:56,211 INFO  L205        PluginConnector]: Invalid model from BuchiAutomizer for observer de.uni_freiburg.informatik.ultimate.plugins.generator.buchiautomizer.BuchiAutomizerObserver@2193b256 and model type de.uni_freiburg.informatik.ultimate.plugins.generator.buchiautomizer AST 24.04 01:09:56, skipping insertion in model container
[2021-04-24 13:09:56,211 INFO  L99          BuchiAutomizer]: Safety of program was proven or not checked, starting termination analysis
[2021-04-24 13:09:56,211 INFO  L185        PluginConnector]: Executing the observer BuchiAutomizerObserver from plugin BuchiAutomizer for "de.uni_freiburg.informatik.ultimate.plugins.generator.rcfgbuilder CFG 24.04 01:09:56" (3/3) ...
[2021-04-24 13:09:56,212 INFO  L389   chiAutomizerObserver]: Analyzing ICFG ChenFlurMukhopadhyay-SAS2012-Ex2.02_false-termination.c
[2021-04-24 13:09:56,260 INFO  L359         BuchiCegarLoop]: Interprodecural is true
[2021-04-24 13:09:56,260 INFO  L360         BuchiCegarLoop]: Hoare is false
[2021-04-24 13:09:56,260 INFO  L361         BuchiCegarLoop]: Compute interpolants for ForwardPredicates
[2021-04-24 13:09:56,260 INFO  L362         BuchiCegarLoop]: Backedges is STRAIGHT_LINE
[2021-04-24 13:09:56,261 INFO  L363         BuchiCegarLoop]: Determinization is PREDICATE_ABSTRACTION
[2021-04-24 13:09:56,261 INFO  L364         BuchiCegarLoop]: Difference is false
[2021-04-24 13:09:56,261 INFO  L365         BuchiCegarLoop]: Minimize is MINIMIZE_SEVPA
[2021-04-24 13:09:56,261 INFO  L368         BuchiCegarLoop]: ======== Iteration 0==of CEGAR loop == BuchiCegarLoop========
[2021-04-24 13:09:56,273 INFO  L72            BuchiIsEmpty]: Start buchiIsEmpty. Operand 6 states.
[2021-04-24 13:09:56,286 INFO  L131   ngComponentsAnalysis]: Automaton has 1 accepting balls. 1
[2021-04-24 13:09:56,286 INFO  L87            BuchiIsEmpty]: Finished buchiIsEmpty Result is false
[2021-04-24 13:09:56,286 INFO  L119           BuchiIsEmpty]: Starting construction of run
[2021-04-24 13:09:56,290 INFO  L853         BuchiCegarLoop]: Counterexample stem histogram [1]
[2021-04-24 13:09:56,290 INFO  L854         BuchiCegarLoop]: Counterexample loop histogram [1]
[2021-04-24 13:09:56,290 INFO  L427         BuchiCegarLoop]: ======== Iteration 1============
[2021-04-24 13:09:56,290 INFO  L72            BuchiIsEmpty]: Start buchiIsEmpty. Operand 6 states.
[2021-04-24 13:09:56,291 INFO  L131   ngComponentsAnalysis]: Automaton has 1 accepting balls. 1
[2021-04-24 13:09:56,291 INFO  L87            BuchiIsEmpty]: Finished buchiIsEmpty Result is false
[2021-04-24 13:09:56,291 INFO  L119           BuchiIsEmpty]: Starting construction of run
[2021-04-24 13:09:56,291 INFO  L853         BuchiCegarLoop]: Counterexample stem histogram [1]
[2021-04-24 13:09:56,291 INFO  L854         BuchiCegarLoop]: Counterexample loop histogram [1]
[2021-04-24 13:09:56,296 INFO  L794   eck$LassoCheckResult]: Stem: 4#ULTIMATE.startENTRYtrue havoc main_#res;havoc main_#t~nondet0, main_#t~nondet1, main_#t~post2, main_~x~0, main_~y~0;main_~x~0 := main_#t~nondet0;havoc main_#t~nondet0;main_~y~0 := main_#t~nondet1;havoc main_#t~nondet1; 3#L23-2true 
[2021-04-24 13:09:56,297 INFO  L796   eck$LassoCheckResult]: Loop: 3#L23-2true assume !!(main_~x~0 < 0);main_~x~0 := main_~x~0 + main_~y~0;main_#t~post2 := main_~y~0;main_~y~0 := main_#t~post2 - 1;havoc main_#t~post2; 3#L23-2true 
[2021-04-24 13:09:56,301 INFO  L144       PredicateUnifier]: Initialized classic predicate unifier
[2021-04-24 13:09:56,301 INFO  L82        PathProgramCache]: Analyzing trace with hash 32, now seen corresponding path program 1 times
[2021-04-24 13:09:56,308 INFO  L162   FreeRefinementEngine]: Executing refinement strategy CAMEL
[2021-04-24 13:09:56,309 INFO  L353   FreeRefinementEngine]: Using trace check IpTcStrategyModuleSmtInterpolCraig [2027921701]
[2021-04-24 13:09:56,309 INFO  L95    rtionOrderModulation]: Keeping assertion order NOT_INCREMENTALLY
[2021-04-24 13:09:56,372 INFO  L136    AnnotateAndAsserter]: Conjunction of SSA is sat
[2021-04-24 13:09:56,372 INFO  L221             TraceCheck]: Trace is feasible, we will do another trace check, this time with branch encoders.
[2021-04-24 13:09:56,375 INFO  L136    AnnotateAndAsserter]: Conjunction of SSA is sat
[2021-04-24 13:09:56,375 INFO  L221             TraceCheck]: Trace is feasible, we will do another trace check, this time with branch encoders.
[2021-04-24 13:09:56,387 INFO  L173   FreeRefinementEngine]: Strategy CAMEL found a feasible trace
[2021-04-24 13:09:56,388 INFO  L144       PredicateUnifier]: Initialized classic predicate unifier
[2021-04-24 13:09:56,388 INFO  L82        PathProgramCache]: Analyzing trace with hash 41, now seen corresponding path program 1 times
[2021-04-24 13:09:56,388 INFO  L162   FreeRefinementEngine]: Executing refinement strategy CAMEL
[2021-04-24 13:09:56,389 INFO  L353   FreeRefinementEngine]: Using trace check IpTcStrategyModuleSmtInterpolCraig [1572878736]
[2021-04-24 13:09:56,389 INFO  L95    rtionOrderModulation]: Keeping assertion order NOT_INCREMENTALLY
[2021-04-24 13:09:56,399 INFO  L136    AnnotateAndAsserter]: Conjunction of SSA is sat
[2021-04-24 13:09:56,399 INFO  L221             TraceCheck]: Trace is feasible, we will do another trace check, this time with branch encoders.
[2021-04-24 13:09:56,402 INFO  L136    AnnotateAndAsserter]: Conjunction of SSA is sat
[2021-04-24 13:09:56,402 INFO  L221             TraceCheck]: Trace is feasible, we will do another trace check, this time with branch encoders.
[2021-04-24 13:09:56,403 INFO  L173   FreeRefinementEngine]: Strategy CAMEL found a feasible trace
[2021-04-24 13:09:56,405 INFO  L144       PredicateUnifier]: Initialized classic predicate unifier
[2021-04-24 13:09:56,405 INFO  L82        PathProgramCache]: Analyzing trace with hash 1002, now seen corresponding path program 1 times
[2021-04-24 13:09:56,405 INFO  L162   FreeRefinementEngine]: Executing refinement strategy CAMEL
[2021-04-24 13:09:56,405 INFO  L353   FreeRefinementEngine]: Using trace check IpTcStrategyModuleSmtInterpolCraig [711344487]
[2021-04-24 13:09:56,405 INFO  L95    rtionOrderModulation]: Keeping assertion order NOT_INCREMENTALLY
[2021-04-24 13:09:56,410 INFO  L136    AnnotateAndAsserter]: Conjunction of SSA is sat
[2021-04-24 13:09:56,410 INFO  L221             TraceCheck]: Trace is feasible, we will do another trace check, this time with branch encoders.
[2021-04-24 13:09:56,413 INFO  L136    AnnotateAndAsserter]: Conjunction of SSA is sat
[2021-04-24 13:09:56,414 INFO  L221             TraceCheck]: Trace is feasible, we will do another trace check, this time with branch encoders.
[2021-04-24 13:09:56,415 INFO  L173   FreeRefinementEngine]: Strategy CAMEL found a feasible trace
[2021-04-24 13:09:56,453 INFO  L210          LassoAnalysis]: Preferences:
[2021-04-24 13:09:56,453 INFO  L126   ssoRankerPreferences]: Compute integeral hull: false
[2021-04-24 13:09:56,454 INFO  L127   ssoRankerPreferences]: Enable LassoPartitioneer: true
[2021-04-24 13:09:56,454 INFO  L128   ssoRankerPreferences]: Term annotations enabled: false
[2021-04-24 13:09:56,454 INFO  L129   ssoRankerPreferences]: Use exernal solver: true
[2021-04-24 13:09:56,454 INFO  L130   ssoRankerPreferences]: SMT solver command: z3 SMTLIB2_COMPLIANT=true -memory:1024 -smt2 -in -t:12000
[2021-04-24 13:09:56,454 INFO  L131   ssoRankerPreferences]: Dump SMT script to file: false
[2021-04-24 13:09:56,454 INFO  L132   ssoRankerPreferences]: Path of dumped script: 
[2021-04-24 13:09:56,454 INFO  L133   ssoRankerPreferences]: Filename of dumped script: ChenFlurMukhopadhyay-SAS2012-Ex2.02_false-termination.c_Iteration1_Loop
[2021-04-24 13:09:56,454 INFO  L134   ssoRankerPreferences]: MapElimAlgo: Frank
[2021-04-24 13:09:56,454 INFO  L274          LassoAnalysis]: Starting lasso preprocessing...
[2021-04-24 13:09:56,469 INFO  L141          MapEliminator]: Using MapEliminator with SimplificationTechnique=SIMPLIFY_DDA XnfConversionTechnique=BOTTOM_UP_WITH_LOCAL_SIMPLIFICATION AddInequalities=false OnlyTrivialImplicationsArrayWrite=true OnlyTrivialImplicationsForModifiedArguments=true OnlyArgumentsInFormula=true
[2021-04-24 13:09:56,474 INFO  L141          MapEliminator]: Using MapEliminator with SimplificationTechnique=SIMPLIFY_DDA XnfConversionTechnique=BOTTOM_UP_WITH_LOCAL_SIMPLIFICATION AddInequalities=false OnlyTrivialImplicationsArrayWrite=true OnlyTrivialImplicationsForModifiedArguments=true OnlyArgumentsInFormula=true
[2021-04-24 13:09:56,516 INFO  L292          LassoAnalysis]: Preprocessing complete.
[2021-04-24 13:09:56,517 INFO  L404          LassoAnalysis]: Checking for nontermination...
No working directory specified, using /home/singularity/UAutomizer-linux/z3
Starting monitored process 2 with z3 SMTLIB2_COMPLIANT=true -memory:1024 -smt2 -in -t:12000 (exit command is (exit), workingDir is null)
Waiting until toolchain timeout for monitored process 2 with z3 SMTLIB2_COMPLIANT=true -memory:1024 -smt2 -in -t:12000
[2021-04-24 13:09:56,523 INFO  L148   nArgumentSynthesizer]: Nontermination analysis: NONLINEAR Allow bounded executions: true Number of generalized eigenvectors: 0 Nilpotent components: true
[2021-04-24 13:09:56,523 INFO  L160   nArgumentSynthesizer]: Using integer mode.
[2021-04-24 13:09:56,531 INFO  L437          LassoAnalysis]: Proved nontermination for one component.
[2021-04-24 13:09:56,531 INFO  L440          LassoAnalysis]: Non-Termination argument consisting of: Initial state: {ULTIMATE.start_main_#t~post2=0} Honda state: {ULTIMATE.start_main_#t~post2=0} Generalized eigenvectors: [] Lambdas: [] Nus: []
No working directory specified, using /home/singularity/UAutomizer-linux/z3
Starting monitored process 3 with z3 SMTLIB2_COMPLIANT=true -memory:1024 -smt2 -in -t:12000 (exit command is (exit), workingDir is null)
Waiting until toolchain timeout for monitored process 3 with z3 SMTLIB2_COMPLIANT=true -memory:1024 -smt2 -in -t:12000
[2021-04-24 13:09:56,553 INFO  L148   nArgumentSynthesizer]: Nontermination analysis: NONLINEAR Allow bounded executions: true Number of generalized eigenvectors: 0 Nilpotent components: true
[2021-04-24 13:09:56,553 INFO  L160   nArgumentSynthesizer]: Using integer mode.
No working directory specified, using /home/singularity/UAutomizer-linux/z3
Starting monitored process 4 with z3 SMTLIB2_COMPLIANT=true -memory:1024 -smt2 -in -t:12000 (exit command is (exit), workingDir is null)
Waiting until toolchain timeout for monitored process 4 with z3 SMTLIB2_COMPLIANT=true -memory:1024 -smt2 -in -t:12000
[2021-04-24 13:09:56,563 INFO  L148   nArgumentSynthesizer]: Nontermination analysis: NONLINEAR Allow bounded executions: true Number of generalized eigenvectors: 3 Nilpotent components: true
[2021-04-24 13:09:56,563 INFO  L160   nArgumentSynthesizer]: Using integer mode.
[2021-04-24 13:09:56,646 INFO  L437          LassoAnalysis]: Proved nontermination for one component.
[2021-04-24 13:09:56,646 INFO  L440          LassoAnalysis]: Non-Termination argument consisting of: Initial state: {ULTIMATE.start_main_~y~0=-6, ULTIMATE.start_main_~x~0=-1} Honda state: {ULTIMATE.start_main_~y~0=-6, ULTIMATE.start_main_~x~0=-1} Generalized eigenvectors: [{ULTIMATE.start_main_~y~0=-1, ULTIMATE.start_main_~x~0=-5}, {ULTIMATE.start_main_~y~0=0, ULTIMATE.start_main_~x~0=-1}, {ULTIMATE.start_main_~y~0=0, ULTIMATE.start_main_~x~0=0}] Lambdas: [1, 1, 5] Nus: [1, 0]
[2021-04-24 13:09:56,670 INFO  L210          LassoAnalysis]: Preferences:
[2021-04-24 13:09:56,670 INFO  L126   ssoRankerPreferences]: Compute integeral hull: false
[2021-04-24 13:09:56,670 INFO  L127   ssoRankerPreferences]: Enable LassoPartitioneer: true
[2021-04-24 13:09:56,671 INFO  L128   ssoRankerPreferences]: Term annotations enabled: false
[2021-04-24 13:09:56,671 INFO  L129   ssoRankerPreferences]: Use exernal solver: true
[2021-04-24 13:09:56,671 INFO  L130   ssoRankerPreferences]: SMT solver command: z3 SMTLIB2_COMPLIANT=true -memory:1024 -smt2 -in -t:12000
[2021-04-24 13:09:56,671 INFO  L131   ssoRankerPreferences]: Dump SMT script to file: false
[2021-04-24 13:09:56,671 INFO  L132   ssoRankerPreferences]: Path of dumped script: 
[2021-04-24 13:09:56,672 INFO  L133   ssoRankerPreferences]: Filename of dumped script: ChenFlurMukhopadhyay-SAS2012-Ex2.02_false-termination.c_Iteration1_Lasso
[2021-04-24 13:09:56,672 INFO  L134   ssoRankerPreferences]: MapElimAlgo: Frank
[2021-04-24 13:09:56,672 INFO  L274          LassoAnalysis]: Starting lasso preprocessing...
[2021-04-24 13:09:56,675 INFO  L141          MapEliminator]: Using MapEliminator with SimplificationTechnique=SIMPLIFY_DDA XnfConversionTechnique=BOTTOM_UP_WITH_LOCAL_SIMPLIFICATION AddInequalities=false OnlyTrivialImplicationsArrayWrite=true OnlyTrivialImplicationsForModifiedArguments=true OnlyArgumentsInFormula=true
[2021-04-24 13:09:56,678 INFO  L141          MapEliminator]: Using MapEliminator with SimplificationTechnique=SIMPLIFY_DDA XnfConversionTechnique=BOTTOM_UP_WITH_LOCAL_SIMPLIFICATION AddInequalities=false OnlyTrivialImplicationsArrayWrite=true OnlyTrivialImplicationsForModifiedArguments=true OnlyArgumentsInFormula=true
[2021-04-24 13:09:56,681 INFO  L141          MapEliminator]: Using MapEliminator with SimplificationTechnique=SIMPLIFY_DDA XnfConversionTechnique=BOTTOM_UP_WITH_LOCAL_SIMPLIFICATION AddInequalities=false OnlyTrivialImplicationsArrayWrite=true OnlyTrivialImplicationsForModifiedArguments=true OnlyArgumentsInFormula=true
[2021-04-24 13:09:56,684 INFO  L141          MapEliminator]: Using MapEliminator with SimplificationTechnique=SIMPLIFY_DDA XnfConversionTechnique=BOTTOM_UP_WITH_LOCAL_SIMPLIFICATION AddInequalities=false OnlyTrivialImplicationsArrayWrite=true OnlyTrivialImplicationsForModifiedArguments=true OnlyArgumentsInFormula=true
[2021-04-24 13:09:56,694 INFO  L141          MapEliminator]: Using MapEliminator with SimplificationTechnique=SIMPLIFY_DDA XnfConversionTechnique=BOTTOM_UP_WITH_LOCAL_SIMPLIFICATION AddInequalities=false OnlyTrivialImplicationsArrayWrite=true OnlyTrivialImplicationsForModifiedArguments=true OnlyArgumentsInFormula=true
[2021-04-24 13:09:56,732 INFO  L292          LassoAnalysis]: Preprocessing complete.
[2021-04-24 13:09:56,733 INFO  L404          LassoAnalysis]: Checking for nontermination...
No working directory specified, using /home/singularity/UAutomizer-linux/z3
Starting monitored process 5 with z3 SMTLIB2_COMPLIANT=true -memory:1024 -smt2 -in -t:12000 (exit command is (exit), workingDir is null)
Waiting until toolchain timeout for monitored process 5 with z3 SMTLIB2_COMPLIANT=true -memory:1024 -smt2 -in -t:12000
[2021-04-24 13:09:56,739 INFO  L148   nArgumentSynthesizer]: Nontermination analysis: NONLINEAR Allow bounded executions: true Number of generalized eigenvectors: 0 Nilpotent components: true
[2021-04-24 13:09:56,739 INFO  L160   nArgumentSynthesizer]: Using integer mode.
[2021-04-24 13:09:56,743 INFO  L437          LassoAnalysis]: Proved nontermination for one component.
[2021-04-24 13:09:56,744 INFO  L440          LassoAnalysis]: Non-Termination argument consisting of: Initial state: {ULTIMATE.start_main_#t~nondet0=0} Honda state: {ULTIMATE.start_main_#t~nondet0=0} Generalized eigenvectors: [] Lambdas: [] Nus: []
No working directory specified, using /home/singularity/UAutomizer-linux/z3
Starting monitored process 6 with z3 SMTLIB2_COMPLIANT=true -memory:1024 -smt2 -in -t:12000 (exit command is (exit), workingDir is null)
Waiting until toolchain timeout for monitored process 6 with z3 SMTLIB2_COMPLIANT=true -memory:1024 -smt2 -in -t:12000
[2021-04-24 13:09:56,749 INFO  L148   nArgumentSynthesizer]: Nontermination analysis: NONLINEAR Allow bounded executions: true Number of generalized eigenvectors: 0 Nilpotent components: true
[2021-04-24 13:09:56,749 INFO  L160   nArgumentSynthesizer]: Using integer mode.
[2021-04-24 13:09:56,751 INFO  L437          LassoAnalysis]: Proved nontermination for one component.
[2021-04-24 13:09:56,751 INFO  L440          LassoAnalysis]: Non-Termination argument consisting of: Initial state: {ULTIMATE.start_main_#t~nondet1=0} Honda state: {ULTIMATE.start_main_#t~nondet1=0} Generalized eigenvectors: [] Lambdas: [] Nus: []
No working directory specified, using /home/singularity/UAutomizer-linux/z3
Starting monitored process 7 with z3 SMTLIB2_COMPLIANT=true -memory:1024 -smt2 -in -t:12000 (exit command is (exit), workingDir is null)
Waiting until toolchain timeout for monitored process 7 with z3 SMTLIB2_COMPLIANT=true -memory:1024 -smt2 -in -t:12000
[2021-04-24 13:09:56,756 INFO  L148   nArgumentSynthesizer]: Nontermination analysis: NONLINEAR Allow bounded executions: true Number of generalized eigenvectors: 0 Nilpotent components: true
[2021-04-24 13:09:56,756 INFO  L160   nArgumentSynthesizer]: Using integer mode.
[2021-04-24 13:09:56,758 INFO  L437          LassoAnalysis]: Proved nontermination for one component.
[2021-04-24 13:09:56,758 INFO  L440          LassoAnalysis]: Non-Termination argument consisting of: Initial state: {ULTIMATE.start_main_#res=0} Honda state: {ULTIMATE.start_main_#res=0} Generalized eigenvectors: [] Lambdas: [] Nus: []
No working directory specified, using /home/singularity/UAutomizer-linux/z3
Starting monitored process 8 with z3 SMTLIB2_COMPLIANT=true -memory:1024 -smt2 -in -t:12000 (exit command is (exit), workingDir is null)
Waiting until toolchain timeout for monitored process 8 with z3 SMTLIB2_COMPLIANT=true -memory:1024 -smt2 -in -t:12000
[2021-04-24 13:09:56,763 INFO  L148   nArgumentSynthesizer]: Nontermination analysis: NONLINEAR Allow bounded executions: true Number of generalized eigenvectors: 0 Nilpotent components: true
[2021-04-24 13:09:56,763 INFO  L160   nArgumentSynthesizer]: Using integer mode.
No working directory specified, using /home/singularity/UAutomizer-linux/z3
Starting monitored process 9 with z3 SMTLIB2_COMPLIANT=true -memory:1024 -smt2 -in -t:12000 (exit command is (exit), workingDir is null)
Waiting until toolchain timeout for monitored process 9 with z3 SMTLIB2_COMPLIANT=true -memory:1024 -smt2 -in -t:12000
[2021-04-24 13:09:56,772 INFO  L148   nArgumentSynthesizer]: Nontermination analysis: NONLINEAR Allow bounded executions: true Number of generalized eigenvectors: 3 Nilpotent components: true
[2021-04-24 13:09:56,772 INFO  L160   nArgumentSynthesizer]: Using integer mode.
[2021-04-24 13:09:56,872 INFO  L437          LassoAnalysis]: Proved nontermination for one component.
[2021-04-24 13:09:56,872 INFO  L440          LassoAnalysis]: Non-Termination argument consisting of: Initial state: {ULTIMATE.start_main_~x~0=-1, ULTIMATE.start_main_~y~0=-6} Honda state: {ULTIMATE.start_main_~x~0=-1, ULTIMATE.start_main_~y~0=-6} Generalized eigenvectors: [{ULTIMATE.start_main_~x~0=-5, ULTIMATE.start_main_~y~0=-1}, {ULTIMATE.start_main_~x~0=-1, ULTIMATE.start_main_~y~0=0}, {ULTIMATE.start_main_~x~0=0, ULTIMATE.start_main_~y~0=0}] Lambdas: [1, 1, 5] Nus: [1, 0]
No working directory specified, using /home/singularity/UAutomizer-linux/z3
Starting monitored process 10 with z3 SMTLIB2_COMPLIANT=true -memory:1024 -smt2 -in -t:12000 (exit command is (exit), workingDir is null)
Waiting until toolchain timeout for monitored process 10 with z3 SMTLIB2_COMPLIANT=true -memory:1024 -smt2 -in -t:12000
[2021-04-24 13:09:56,878 INFO  L148   nArgumentSynthesizer]: Nontermination analysis: NONLINEAR Allow bounded executions: true Number of generalized eigenvectors: 0 Nilpotent components: true
[2021-04-24 13:09:56,878 INFO  L160   nArgumentSynthesizer]: Using integer mode.
[2021-04-24 13:09:56,881 INFO  L437          LassoAnalysis]: Proved nontermination for one component.
[2021-04-24 13:09:56,881 INFO  L440          LassoAnalysis]: Non-Termination argument consisting of: Initial state: {ULTIMATE.start_main_#t~post2=0} Honda state: {ULTIMATE.start_main_#t~post2=0} Generalized eigenvectors: [] Lambdas: [] Nus: []
[2021-04-24 13:09:56,901 INFO  L202        PluginConnector]: Adding new model de.uni_freiburg.informatik.ultimate.plugins.generator.buchiautomizer CFG 24.04 01:09:56 BoogieIcfgContainer
[2021-04-24 13:09:56,901 INFO  L132        PluginConnector]: ------------------------ END BuchiAutomizer----------------------------
[2021-04-24 13:09:56,902 INFO  L113        PluginConnector]: ------------------------Witness Printer----------------------------
[2021-04-24 13:09:56,902 INFO  L271        PluginConnector]: Initializing Witness Printer...
[2021-04-24 13:09:56,902 INFO  L275        PluginConnector]: Witness Printer initialized
[2021-04-24 13:09:56,903 INFO  L185        PluginConnector]: Executing the observer RCFGCatcher from plugin Witness Printer for "de.uni_freiburg.informatik.ultimate.plugins.generator.rcfgbuilder CFG 24.04 01:09:56" (3/4) ...
[2021-04-24 13:09:56,905 INFO  L134         WitnessPrinter]: Generating witness for non-termination counterexample
[2021-04-24 13:09:56,936 INFO  L141         WitnessManager]: Wrote witness to /home/magnago/benchmarks/software_nontermination/C/C/SV-COMP_Termination_Category/ChenFlurMukhopadhyay-SAS2012-Ex2.02_false-termination.c-witness.graphml
[2021-04-24 13:09:56,936 INFO  L132        PluginConnector]: ------------------------ END Witness Printer----------------------------
[2021-04-24 13:09:56,937 INFO  L168              Benchmark]: Toolchain (without parser) took 1301.19 ms. Allocated memory is still 545.3 MB. Free memory was 491.9 MB in the beginning and 458.1 MB in the end (delta: 33.8 MB). Peak memory consumption was 32.3 MB. Max. memory is 21.5 GB.
[2021-04-24 13:09:56,938 INFO  L168              Benchmark]: CDTParser took 0.15 ms. Allocated memory is still 545.3 MB. Free memory is still 509.0 MB. There was no memory consumed. Max. memory is 21.5 GB.
[2021-04-24 13:09:56,938 INFO  L168              Benchmark]: CACSL2BoogieTranslator took 179.24 ms. Allocated memory is still 545.3 MB. Free memory was 491.6 MB in the beginning and 522.7 MB in the end (delta: -31.2 MB). Peak memory consumption was 19.7 MB. Max. memory is 21.5 GB.
[2021-04-24 13:09:56,938 INFO  L168              Benchmark]: Boogie Procedure Inliner took 27.50 ms. Allocated memory is still 545.3 MB. Free memory was 522.7 MB in the beginning and 521.5 MB in the end (delta: 1.3 MB). There was no memory consumed. Max. memory is 21.5 GB.
[2021-04-24 13:09:56,939 INFO  L168              Benchmark]: Boogie Preprocessor took 17.54 ms. Allocated memory is still 545.3 MB. Free memory was 521.5 MB in the beginning and 520.5 MB in the end (delta: 949.0 kB). There was no memory consumed. Max. memory is 21.5 GB.
[2021-04-24 13:09:56,939 INFO  L168              Benchmark]: RCFGBuilder took 341.43 ms. Allocated memory is still 545.3 MB. Free memory was 520.5 MB in the beginning and 511.3 MB in the end (delta: 9.2 MB). Peak memory consumption was 8.4 MB. Max. memory is 21.5 GB.
[2021-04-24 13:09:56,940 INFO  L168              Benchmark]: BuchiAutomizer took 695.21 ms. Allocated memory is still 545.3 MB. Free memory was 510.9 MB in the beginning and 459.6 MB in the end (delta: 51.3 MB). Peak memory consumption was 50.3 MB. Max. memory is 21.5 GB.
[2021-04-24 13:09:56,940 INFO  L168              Benchmark]: Witness Printer took 34.19 ms. Allocated memory is still 545.3 MB. Free memory was 459.6 MB in the beginning and 458.1 MB in the end (delta: 1.5 MB). Peak memory consumption was 4.2 MB. Max. memory is 21.5 GB.
[2021-04-24 13:09:56,943 INFO  L339   ainManager$Toolchain]: #######################  End [Toolchain 1] #######################
 --- Results ---
 * Results from de.uni_freiburg.informatik.ultimate.core:
  - StatisticsResult: Toolchain Benchmarks
    Benchmark results are:
 * CDTParser took 0.15 ms. Allocated memory is still 545.3 MB. Free memory is still 509.0 MB. There was no memory consumed. Max. memory is 21.5 GB.
 * CACSL2BoogieTranslator took 179.24 ms. Allocated memory is still 545.3 MB. Free memory was 491.6 MB in the beginning and 522.7 MB in the end (delta: -31.2 MB). Peak memory consumption was 19.7 MB. Max. memory is 21.5 GB.
 * Boogie Procedure Inliner took 27.50 ms. Allocated memory is still 545.3 MB. Free memory was 522.7 MB in the beginning and 521.5 MB in the end (delta: 1.3 MB). There was no memory consumed. Max. memory is 21.5 GB.
 * Boogie Preprocessor took 17.54 ms. Allocated memory is still 545.3 MB. Free memory was 521.5 MB in the beginning and 520.5 MB in the end (delta: 949.0 kB). There was no memory consumed. Max. memory is 21.5 GB.
 * RCFGBuilder took 341.43 ms. Allocated memory is still 545.3 MB. Free memory was 520.5 MB in the beginning and 511.3 MB in the end (delta: 9.2 MB). Peak memory consumption was 8.4 MB. Max. memory is 21.5 GB.
 * BuchiAutomizer took 695.21 ms. Allocated memory is still 545.3 MB. Free memory was 510.9 MB in the beginning and 459.6 MB in the end (delta: 51.3 MB). Peak memory consumption was 50.3 MB. Max. memory is 21.5 GB.
 * Witness Printer took 34.19 ms. Allocated memory is still 545.3 MB. Free memory was 459.6 MB in the beginning and 458.1 MB in the end (delta: 1.5 MB). Peak memory consumption was 4.2 MB. Max. memory is 21.5 GB.
 * Results from de.uni_freiburg.informatik.ultimate.plugins.generator.traceabstraction:
  - StatisticsResult: Constructed decomposition of program
    Trivial decomposition into one nonterminating module.
  - StatisticsResult: Timing statistics
    B?chiAutomizer plugin needed 0.6s and 1 iterations.  TraceHistogramMax:1. Analysis of lassos took 0.5s. Construction of modules took 0.0s. B?chi inclusion checks took 0.0s. Highest rank in rank-based complementation 0. Minimization of det autom 0. Minimization of nondet autom 0. Automata minimization No data available. Non-live state removal took 0.0s Buchi closure took 0.0s. Biggest automaton had -1 states and ocurred in iteration -1.	Nontrivial modules had stage [0, 0, 0, 0, 0].	InterpolantCoveringCapabilityFinite: 0/0	InterpolantCoveringCapabilityBuchi: 0/0	HoareTripleCheckerStatistics: No data available	LassoAnalysisResults: nont1 unkn0 SFLI0 SFLT0 conc0 concLT0 SILN0 SILU0 SILI0 SILT0 lasso0 LassoPreprocessingBenchmarks:   Lassos: inital15 mio100 ax100 hnf100 lsp100 ukn100 mio100 lsp100 div100 bol100 ite100 ukn100 eq179 hnf92 smp100 dnf100 smp100 tf108 neg100 sie107 LassoTerminationAnalysisBenchmarks: not availableLassoTerminationAnalysisBenchmarks: LassoNonterminationAnalysisSatFixpoint: 5	LassoNonterminationAnalysisSatUnbounded: 2	LassoNonterminationAnalysisUnsat: 0	LassoNonterminationAnalysisUnknown: 0	LassoNonterminationAnalysisTime: 0.2s	
  - TerminationAnalysisResult: Nontermination possible
    Buchi Automizer proved that your program is nonterminating for some inputs
  - GeometricNonTerminationArgumentResult [Line: 23]: Nontermination argument in form of an infinite program execution.
    Nontermination argument in form of an infinite execution
State at position 0 is
{org.eclipse.cdt.internal.core.dom.parser.c.CASTFunctionCallExpression@751e0bdf=0, \result=0, org.eclipse.cdt.internal.core.dom.parser.c.CASTFunctionCallExpression@21217c8a=0, org.eclipse.cdt.internal.core.dom.parser.c.CASTUnaryExpression@769214ef=0, x=-1, y=-6}
State at position 1 is
{org.eclipse.cdt.internal.core.dom.parser.c.CASTFunctionCallExpression@751e0bdf=0, \result=0, org.eclipse.cdt.internal.core.dom.parser.c.CASTFunctionCallExpression@21217c8a=0, org.eclipse.cdt.internal.core.dom.parser.c.CASTUnaryExpression@769214ef=0, x=-1, y=-6}
For i>1, the state at position i is
{org.eclipse.cdt.internal.core.dom.parser.c.CASTFunctionCallExpression@751e0bdf=0 + sum_{k=0}^i 0, \result=0 + sum_{k=0}^i 0, org.eclipse.cdt.internal.core.dom.parser.c.CASTFunctionCallExpression@21217c8a=0 + sum_{k=0}^i 0, org.eclipse.cdt.internal.core.dom.parser.c.CASTUnaryExpression@769214ef=0 + sum_{k=0}^i 0, x=-1 + sum_{k=0}^i -5 + -1 + -1*k, y=-6 + sum_{k=0}^i -1}
  - StatisticsResult: NonterminationArgumentStatistics
    Unbounded Execution 2GEVs Lambdas: [1, 1, 5] Mus: [1, 0]
  - NonterminatingLassoResult [Line: 23]: Nonterminating execution
    Found a nonterminating execution for the following lasso shaped sequence of statements.
Stem:
[L21]        int x = __VERIFIER_nondet_int();
[L22]        int y = __VERIFIER_nondet_int();
Loop:
[L23]  COND TRUE  x < 0
[L24]             x = x + y
[L25]             y--
End of lasso representation.
RESULT: Ultimate proved your program to be incorrect!
Received shutdown request...
