Creating empty 100MiB image file: /home/magnago/overlay/dynamic_fischer_0015.c.ext3
Formatting image with ext3 file system
Image is done: /home/magnago/overlay/dynamic_fischer_0015.c.ext3
This is Ultimate 0.2.1-origin.dev-f91880a
[2021-04-24 16:59:05,185 INFO  L177        SettingsManager]: Resetting all preferences to default values...
[2021-04-24 16:59:05,187 INFO  L181        SettingsManager]: Resetting UltimateCore preferences to default values
[2021-04-24 16:59:05,239 INFO  L184        SettingsManager]: Ultimate Commandline Interface provides no preferences, ignoring...
[2021-04-24 16:59:05,239 INFO  L181        SettingsManager]: Resetting Boogie Preprocessor preferences to default values
[2021-04-24 16:59:05,240 INFO  L181        SettingsManager]: Resetting Boogie Procedure Inliner preferences to default values
[2021-04-24 16:59:05,241 INFO  L181        SettingsManager]: Resetting Abstract Interpretation preferences to default values
[2021-04-24 16:59:05,242 INFO  L181        SettingsManager]: Resetting LassoRanker preferences to default values
[2021-04-24 16:59:05,243 INFO  L181        SettingsManager]: Resetting Reaching Definitions preferences to default values
[2021-04-24 16:59:05,244 INFO  L181        SettingsManager]: Resetting SyntaxChecker preferences to default values
[2021-04-24 16:59:05,244 INFO  L181        SettingsManager]: Resetting Sifa preferences to default values
[2021-04-24 16:59:05,245 INFO  L184        SettingsManager]: B?chi Program Product provides no preferences, ignoring...
[2021-04-24 16:59:05,245 INFO  L181        SettingsManager]: Resetting LTL2Aut preferences to default values
[2021-04-24 16:59:05,246 INFO  L181        SettingsManager]: Resetting PEA to Boogie preferences to default values
[2021-04-24 16:59:05,247 INFO  L181        SettingsManager]: Resetting BlockEncodingV2 preferences to default values
[2021-04-24 16:59:05,247 INFO  L181        SettingsManager]: Resetting ChcToBoogie preferences to default values
[2021-04-24 16:59:05,248 INFO  L181        SettingsManager]: Resetting AutomataScriptInterpreter preferences to default values
[2021-04-24 16:59:05,248 INFO  L181        SettingsManager]: Resetting BuchiAutomizer preferences to default values
[2021-04-24 16:59:05,249 INFO  L181        SettingsManager]: Resetting CACSL2BoogieTranslator preferences to default values
[2021-04-24 16:59:05,251 INFO  L181        SettingsManager]: Resetting CodeCheck preferences to default values
[2021-04-24 16:59:05,251 INFO  L181        SettingsManager]: Resetting InvariantSynthesis preferences to default values
[2021-04-24 16:59:05,252 INFO  L181        SettingsManager]: Resetting RCFGBuilder preferences to default values
[2021-04-24 16:59:05,253 INFO  L181        SettingsManager]: Resetting Referee preferences to default values
[2021-04-24 16:59:05,254 INFO  L181        SettingsManager]: Resetting TraceAbstraction preferences to default values
[2021-04-24 16:59:05,255 INFO  L184        SettingsManager]: TraceAbstractionConcurrent provides no preferences, ignoring...
[2021-04-24 16:59:05,256 INFO  L184        SettingsManager]: TraceAbstractionWithAFAs provides no preferences, ignoring...
[2021-04-24 16:59:05,256 INFO  L181        SettingsManager]: Resetting TreeAutomizer preferences to default values
[2021-04-24 16:59:05,256 INFO  L181        SettingsManager]: Resetting IcfgToChc preferences to default values
[2021-04-24 16:59:05,257 INFO  L181        SettingsManager]: Resetting IcfgTransformer preferences to default values
[2021-04-24 16:59:05,257 INFO  L184        SettingsManager]: ReqToTest provides no preferences, ignoring...
[2021-04-24 16:59:05,257 INFO  L181        SettingsManager]: Resetting Boogie Printer preferences to default values
[2021-04-24 16:59:05,258 INFO  L181        SettingsManager]: Resetting ChcSmtPrinter preferences to default values
[2021-04-24 16:59:05,258 INFO  L181        SettingsManager]: Resetting ReqPrinter preferences to default values
[2021-04-24 16:59:05,259 INFO  L181        SettingsManager]: Resetting Witness Printer preferences to default values
[2021-04-24 16:59:05,259 INFO  L184        SettingsManager]: Boogie PL CUP Parser provides no preferences, ignoring...
[2021-04-24 16:59:05,260 INFO  L181        SettingsManager]: Resetting CDTParser preferences to default values
[2021-04-24 16:59:05,260 INFO  L184        SettingsManager]: AutomataScriptParser provides no preferences, ignoring...
[2021-04-24 16:59:05,260 INFO  L184        SettingsManager]: ReqParser provides no preferences, ignoring...
[2021-04-24 16:59:05,260 INFO  L181        SettingsManager]: Resetting SmtParser preferences to default values
[2021-04-24 16:59:05,261 INFO  L181        SettingsManager]: Resetting Witness Parser preferences to default values
[2021-04-24 16:59:05,261 INFO  L188        SettingsManager]: Finished resetting all preferences to default values...
[2021-04-24 16:59:05,262 INFO  L101        SettingsManager]: Beginning loading settings from /home/singularity/UAutomizer-linux/config/svcomp-LTL-64bit-Automizer_Default.epf
[2021-04-24 16:59:05,274 INFO  L113        SettingsManager]: Loading preferences was successful
[2021-04-24 16:59:05,274 INFO  L115        SettingsManager]: Preferences different from defaults after loading the file:
[2021-04-24 16:59:05,275 INFO  L136        SettingsManager]: Preferences of BlockEncodingV2 differ from their defaults:
[2021-04-24 16:59:05,275 INFO  L138        SettingsManager]:  * Minimize states even if more edges are added than removed.=true
[2021-04-24 16:59:05,275 INFO  L138        SettingsManager]:  * Rewrite not-equals=true
[2021-04-24 16:59:05,275 INFO  L138        SettingsManager]:  * Create parallel compositions if possible=false
[2021-04-24 16:59:05,275 INFO  L138        SettingsManager]:  * Minimize states using LBE with the strategy=NONE
[2021-04-24 16:59:05,275 INFO  L138        SettingsManager]:  * Use SBE=true
[2021-04-24 16:59:05,275 INFO  L136        SettingsManager]: Preferences of BuchiAutomizer differ from their defaults:
[2021-04-24 16:59:05,275 INFO  L138        SettingsManager]:  * Compute Interpolants along a Counterexample=Craig_TreeInterpolation
[2021-04-24 16:59:05,275 INFO  L138        SettingsManager]:  * Use old map elimination=false
[2021-04-24 16:59:05,276 INFO  L138        SettingsManager]:  * Try twofold refinement=false
[2021-04-24 16:59:05,276 INFO  L136        SettingsManager]: Preferences of CACSL2BoogieTranslator differ from their defaults:
[2021-04-24 16:59:05,276 INFO  L138        SettingsManager]:  * Check unreachability of error function in SV-COMP mode=false
[2021-04-24 16:59:05,276 INFO  L138        SettingsManager]:  * Overapproximate operations on floating types=true
[2021-04-24 16:59:05,276 INFO  L138        SettingsManager]:  * Check division by zero=IGNORE
[2021-04-24 16:59:05,276 INFO  L138        SettingsManager]:  * Pointer to allocated memory at dereference=ASSUME
[2021-04-24 16:59:05,276 INFO  L138        SettingsManager]:  * If two pointers are subtracted or compared they have the same base address=ASSUME
[2021-04-24 16:59:05,276 INFO  L138        SettingsManager]:  * Check array bounds for arrays that are off heap=ASSUME
[2021-04-24 16:59:05,276 INFO  L138        SettingsManager]:  * Check if freed pointer was valid=false
[2021-04-24 16:59:05,277 INFO  L138        SettingsManager]:  * Use constant arrays=true
[2021-04-24 16:59:05,277 INFO  L138        SettingsManager]:  * Pointer base address is valid at dereference=ASSUME
[2021-04-24 16:59:05,277 INFO  L136        SettingsManager]: Preferences of RCFGBuilder differ from their defaults:
[2021-04-24 16:59:05,277 INFO  L138        SettingsManager]:  * Size of a code block=SingleStatement
[2021-04-24 16:59:05,277 INFO  L138        SettingsManager]:  * SMT solver=Internal_SMTInterpol
Applying setting for plugin de.uni_freiburg.informatik.ultimate.plugins.generator.cacsl2boogietranslator: Overapproximate operations on floating types -> false
Applying setting for plugin de.uni_freiburg.informatik.ultimate.plugins.generator.cacsl2boogietranslator: Assume nondeterminstic values are in range -> false
[2021-04-24 16:59:05,472 INFO  L75    nceAwareModelManager]: Repository-Root is: /tmp
[2021-04-24 16:59:05,504 INFO  L261   ainManager$Toolchain]: [Toolchain 1]: Applicable parser(s) successfully (re)initialized
[2021-04-24 16:59:05,506 INFO  L217   ainManager$Toolchain]: [Toolchain 1]: Toolchain selected.
[2021-04-24 16:59:05,507 INFO  L271        PluginConnector]: Initializing CDTParser...
[2021-04-24 16:59:05,507 INFO  L275        PluginConnector]: CDTParser initialized
[2021-04-24 16:59:05,508 INFO  L432   ainManager$Toolchain]: [Toolchain 1]: Parsing single file: /home/magnago/benchmarks/ltl_timed_transition_system/dynamic_fischer/ultimate/dynamic_fischer_0015.c
[2021-04-24 16:59:05,553 INFO  L220              CDTParser]: Created temporary CDT project at /home/singularity/c9ccd16a4eec4b14847027c1c2fae7f2/FLAG756ec7d07
[2021-04-24 16:59:06,003 INFO  L306              CDTParser]: Found 1 translation units.
[2021-04-24 16:59:06,003 INFO  L160              CDTParser]: Scanning /home/magnago/benchmarks/ltl_timed_transition_system/dynamic_fischer/ultimate/dynamic_fischer_0015.c
[2021-04-24 16:59:06,040 INFO  L349              CDTParser]: About to delete temporary CDT project at /home/singularity/c9ccd16a4eec4b14847027c1c2fae7f2/FLAG756ec7d07
[2021-04-24 16:59:06,300 INFO  L357              CDTParser]: Successfully deleted /home/singularity/c9ccd16a4eec4b14847027c1c2fae7f2
[2021-04-24 16:59:06,302 INFO  L299   ainManager$Toolchain]: ####################### [Toolchain 1] #######################
[2021-04-24 16:59:06,304 INFO  L131        ToolchainWalker]: Walking toolchain with 7 elements.
[2021-04-24 16:59:06,305 INFO  L113        PluginConnector]: ------------------------CACSL2BoogieTranslator----------------------------
[2021-04-24 16:59:06,305 INFO  L271        PluginConnector]: Initializing CACSL2BoogieTranslator...
[2021-04-24 16:59:06,308 INFO  L275        PluginConnector]: CACSL2BoogieTranslator initialized
[2021-04-24 16:59:06,308 INFO  L185        PluginConnector]: Executing the observer ACSLObjectContainerObserver from plugin CACSL2BoogieTranslator for "CDTParser AST 24.04 04:59:06" (1/1) ...
[2021-04-24 16:59:06,309 INFO  L205        PluginConnector]: Invalid model from CACSL2BoogieTranslator for observer de.uni_freiburg.informatik.ultimate.plugins.generator.cacsl2boogietranslator.ACSLObjectContainerObserver@208f52a5 and model type de.uni_freiburg.informatik.ultimate.plugins.generator.cacsl2boogietranslator AST 24.04 04:59:06, skipping insertion in model container
[2021-04-24 16:59:06,310 INFO  L185        PluginConnector]: Executing the observer CACSL2BoogieTranslatorObserver from plugin CACSL2BoogieTranslator for "CDTParser AST 24.04 04:59:06" (1/1) ...
[2021-04-24 16:59:06,317 INFO  L145         MainTranslator]: Starting translation in SV-COMP mode 
[2021-04-24 16:59:06,381 INFO  L178         MainTranslator]: Built tables and reachable declarations
[2021-04-24 16:59:06,673 INFO  L206          PostProcessor]: Analyzing one entry point: main
[2021-04-24 16:59:06,678 INFO  L203         MainTranslator]: Completed pre-run
[2021-04-24 16:59:06,761 INFO  L206          PostProcessor]: Analyzing one entry point: main
[2021-04-24 16:59:06,775 INFO  L208         MainTranslator]: Completed translation
[2021-04-24 16:59:06,776 INFO  L202        PluginConnector]: Adding new model de.uni_freiburg.informatik.ultimate.plugins.generator.cacsl2boogietranslator AST 24.04 04:59:06 WrapperNode
[2021-04-24 16:59:06,776 INFO  L132        PluginConnector]: ------------------------ END CACSL2BoogieTranslator----------------------------
[2021-04-24 16:59:06,777 INFO  L113        PluginConnector]: ------------------------Boogie Preprocessor----------------------------
[2021-04-24 16:59:06,777 INFO  L271        PluginConnector]: Initializing Boogie Preprocessor...
[2021-04-24 16:59:06,777 INFO  L275        PluginConnector]: Boogie Preprocessor initialized
[2021-04-24 16:59:06,785 INFO  L185        PluginConnector]: Executing the observer EnsureBoogieModelObserver from plugin Boogie Preprocessor for "de.uni_freiburg.informatik.ultimate.plugins.generator.cacsl2boogietranslator AST 24.04 04:59:06" (1/1) ...
[2021-04-24 16:59:06,785 INFO  L185        PluginConnector]: Executing the observer TypeChecker from plugin Boogie Preprocessor for "de.uni_freiburg.informatik.ultimate.plugins.generator.cacsl2boogietranslator AST 24.04 04:59:06" (1/1) ...
[2021-04-24 16:59:06,799 INFO  L185        PluginConnector]: Executing the observer ConstExpander from plugin Boogie Preprocessor for "de.uni_freiburg.informatik.ultimate.plugins.generator.cacsl2boogietranslator AST 24.04 04:59:06" (1/1) ...
[2021-04-24 16:59:06,800 INFO  L185        PluginConnector]: Executing the observer StructExpander from plugin Boogie Preprocessor for "de.uni_freiburg.informatik.ultimate.plugins.generator.cacsl2boogietranslator AST 24.04 04:59:06" (1/1) ...
[2021-04-24 16:59:06,826 INFO  L185        PluginConnector]: Executing the observer UnstructureCode from plugin Boogie Preprocessor for "de.uni_freiburg.informatik.ultimate.plugins.generator.cacsl2boogietranslator AST 24.04 04:59:06" (1/1) ...
[2021-04-24 16:59:06,830 INFO  L185        PluginConnector]: Executing the observer FunctionInliner from plugin Boogie Preprocessor for "de.uni_freiburg.informatik.ultimate.plugins.generator.cacsl2boogietranslator AST 24.04 04:59:06" (1/1) ...
[2021-04-24 16:59:06,836 INFO  L185        PluginConnector]: Executing the observer BoogieSymbolTableConstructor from plugin Boogie Preprocessor for "de.uni_freiburg.informatik.ultimate.plugins.generator.cacsl2boogietranslator AST 24.04 04:59:06" (1/1) ...
[2021-04-24 16:59:06,843 INFO  L132        PluginConnector]: ------------------------ END Boogie Preprocessor----------------------------
[2021-04-24 16:59:06,843 INFO  L113        PluginConnector]: ------------------------RCFGBuilder----------------------------
[2021-04-24 16:59:06,844 INFO  L271        PluginConnector]: Initializing RCFGBuilder...
[2021-04-24 16:59:06,844 INFO  L275        PluginConnector]: RCFGBuilder initialized
[2021-04-24 16:59:06,845 INFO  L185        PluginConnector]: Executing the observer RCFGBuilderObserver from plugin RCFGBuilder for "de.uni_freiburg.informatik.ultimate.plugins.generator.cacsl2boogietranslator AST 24.04 04:59:06" (1/1) ...
[2021-04-24 16:59:06,901 INFO  L138     BoogieDeclarations]: Found implementation of procedure ULTIMATE.init
[2021-04-24 16:59:06,901 INFO  L138     BoogieDeclarations]: Found implementation of procedure ULTIMATE.start
[2021-04-24 16:59:06,902 INFO  L138     BoogieDeclarations]: Found implementation of procedure __VERIFIER_nondet_bool
[2021-04-24 16:59:06,902 INFO  L138     BoogieDeclarations]: Found implementation of procedure main
[2021-04-24 16:59:06,902 INFO  L130     BoogieDeclarations]: Found specification of procedure __VERIFIER_nondet_float
[2021-04-24 16:59:06,902 INFO  L130     BoogieDeclarations]: Found specification of procedure __VERIFIER_nondet_int
[2021-04-24 16:59:06,902 INFO  L130     BoogieDeclarations]: Found specification of procedure __VERIFIER_nondet_bool
[2021-04-24 16:59:06,902 INFO  L130     BoogieDeclarations]: Found specification of procedure main
[2021-04-24 16:59:06,902 INFO  L130     BoogieDeclarations]: Found specification of procedure ULTIMATE.init
[2021-04-24 16:59:06,902 INFO  L130     BoogieDeclarations]: Found specification of procedure ULTIMATE.start
[2021-04-24 16:59:07,357 INFO  L294             CfgBuilder]: Using the 1 location(s) as analysis (start of procedure ULTIMATE.start)
[2021-04-24 16:59:07,358 INFO  L299             CfgBuilder]: Removed 1 assume(true) statements.
[2021-04-24 16:59:07,359 INFO  L202        PluginConnector]: Adding new model de.uni_freiburg.informatik.ultimate.plugins.generator.rcfgbuilder CFG 24.04 04:59:07 BoogieIcfgContainer
[2021-04-24 16:59:07,359 INFO  L132        PluginConnector]: ------------------------ END RCFGBuilder----------------------------
[2021-04-24 16:59:07,360 INFO  L113        PluginConnector]: ------------------------LTL2Aut----------------------------
[2021-04-24 16:59:07,360 INFO  L271        PluginConnector]: Initializing LTL2Aut...
[2021-04-24 16:59:07,361 INFO  L275        PluginConnector]: LTL2Aut initialized
[2021-04-24 16:59:07,362 INFO  L185        PluginConnector]: Executing the observer LTL2autObserver from plugin LTL2Aut for "de.uni_freiburg.informatik.ultimate.plugins.generator.cacsl2boogietranslator AST 24.04 04:59:06" (2/3) ...
No working directory specified, using /usr/bin/ltl2ba
Starting monitored process 1 with ltl2ba -f ! ( ( <> ( [] ( a ) ) || ! ( [] ( <> ( b ) ) ) ) )  (exit command is null, workingDir is null)
[2021-04-24 16:59:07,403 INFO  L125        LTL2autObserver]: LTL Property is: (F(G((0 != ~inc_max_prop~0))) || !(G(F((1.0 <= ~_diverge_delta~0)))))
[2021-04-24 16:59:07,403 INFO  L202        PluginConnector]: Adding new model Hardcoded de.uni_freiburg.informatik.ultimate.ltl2aut AST 24.04 04:59:07 NWAContainer
[2021-04-24 16:59:07,404 INFO  L132        PluginConnector]: ------------------------ END LTL2Aut----------------------------
[2021-04-24 16:59:07,404 INFO  L113        PluginConnector]: ------------------------B?chi Program Product----------------------------
[2021-04-24 16:59:07,404 INFO  L271        PluginConnector]: Initializing B?chi Program Product...
[2021-04-24 16:59:07,405 INFO  L275        PluginConnector]: B?chi Program Product initialized
[2021-04-24 16:59:07,406 INFO  L185        PluginConnector]: Executing the observer BuchiProductObserver from plugin B?chi Program Product for "de.uni_freiburg.informatik.ultimate.plugins.generator.rcfgbuilder CFG 24.04 04:59:07" (3/4) ...
[2021-04-24 16:59:07,407 INFO  L205        PluginConnector]: Invalid model from B?chi Program Product for observer de.uni_freiburg.informatik.ultimate.buchiprogramproduct.BuchiProductObserver@107503a8 and model type LTL+Program Product de.uni_freiburg.informatik.ultimate.buchiprogramproduct OTHER 24.04 04:59:07, skipping insertion in model container
[2021-04-24 16:59:07,407 INFO  L185        PluginConnector]: Executing the observer BuchiProductObserver from plugin B?chi Program Product for "Hardcoded de.uni_freiburg.informatik.ultimate.ltl2aut AST 24.04 04:59:07" (4/4) ...
[2021-04-24 16:59:07,410 INFO  L104   BuchiProductObserver]: Initial property automaton 3 locations, 8 edges
[2021-04-24 16:59:07,412 INFO  L110   BuchiProductObserver]: Initial RCFG 702 locations, 860 edges
[2021-04-24 16:59:07,412 INFO  L93    BuchiProductObserver]: Beginning generation of product automaton
[2021-04-24 16:59:07,419 INFO  L132       ProductGenerator]: The program has no step specification, so we assume maximum atomicity
[2021-04-24 16:59:08,603 INFO  L97    BuchiProductObserver]: Finished generation of product automaton successfully
[2021-04-24 16:59:08,608 INFO  L110   BuchiProductObserver]: BuchiProgram size 2211 locations, 5523 edges
[2021-04-24 16:59:08,609 INFO  L202        PluginConnector]: Adding new model LTL+Program Product de.uni_freiburg.informatik.ultimate.buchiprogramproduct OTHER 24.04 04:59:08 BoogieIcfgContainer
[2021-04-24 16:59:08,609 INFO  L132        PluginConnector]: ------------------------ END B?chi Program Product----------------------------
[2021-04-24 16:59:08,609 INFO  L113        PluginConnector]: ------------------------BlockEncodingV2----------------------------
[2021-04-24 16:59:08,609 INFO  L271        PluginConnector]: Initializing BlockEncodingV2...
[2021-04-24 16:59:08,611 INFO  L275        PluginConnector]: BlockEncodingV2 initialized
[2021-04-24 16:59:08,611 INFO  L185        PluginConnector]: Executing the observer BlockEncodingObserver from plugin BlockEncodingV2 for "LTL+Program Product de.uni_freiburg.informatik.ultimate.buchiprogramproduct OTHER 24.04 04:59:08" (1/1) ...
[2021-04-24 16:59:08,684 WARN  L208         IcfgDuplicator]: Creating raw copy for unreachable call because return is reachable in graph view: call #t~ret1 := __VERIFIER_nondet_bool();
[2021-04-24 16:59:08,693 INFO  L313           BlockEncoder]: Initial Icfg 2211 locations, 5523 edges
[2021-04-24 16:59:08,693 INFO  L258           BlockEncoder]: Using Remove infeasible edges
[2021-04-24 16:59:08,693 INFO  L263           BlockEncoder]: Using Maximize final states
[2021-04-24 16:59:08,694 INFO  L270           BlockEncoder]: Using Minimize states even if more edges are added than removed.=true
[2021-04-24 16:59:08,694 INFO  L296           BlockEncoder]: Using Remove sink states
[2021-04-24 16:59:08,694 INFO  L171           BlockEncoder]: Using Apply optimizations until nothing changes=true
[2021-04-24 16:59:08,694 INFO  L179           BlockEncoder]: Using Rewrite not-equals
